[0.059s] Invoking command in '/home/moad/VigiWheels/raspberryPI3/ros2_ws/build/interfaces': CMAKE_PREFIX_PATH=${CMAKE_PREFIX_PATH}:/home/moad/VigiWheels/jetsonNano/ros2_ws/src/install/manometer_detection:/home/moad/VigiWheels/jetsonNano/ros2_ws/install/manometer_detection:/home/moad/ros2_ws/install/my_robot_controller:/home/moad/ros2_ws/install/manometer_detection:/opt/ros/humble /usr/bin/cmake /home/moad/VigiWheels/raspberryPI3/ros2_ws/src/interfaces -DCMAKE_INSTALL_PREFIX=/home/moad/VigiWheels/raspberryPI3/ros2_ws/install/interfaces
[0.096s] -- The C compiler identification is GNU 11.4.0
[0.133s] -- The CXX compiler identification is GNU 11.4.0
[0.138s] -- Detecting C compiler ABI info
[0.186s] -- Detecting C compiler ABI info - done
[0.191s] -- Check for working C compiler: /usr/bin/cc - skipped
[0.191s] -- Detecting C compile features
[0.191s] -- Detecting C compile features - done
[0.194s] -- Detecting CXX compiler ABI info
[0.247s] -- Detecting CXX compiler ABI info - done
[0.256s] -- Check for working CXX compiler: /usr/bin/c++ - skipped
[0.257s] -- Detecting CXX compile features
[0.257s] -- Detecting CXX compile features - done
[0.259s] -- Found ament_cmake: 1.3.6 (/opt/ros/humble/share/ament_cmake/cmake)
[0.386s] -- Found Python3: /usr/bin/python3.10 (found version "3.10.12") found components: Interpreter 
[0.455s] -- Found rclcpp: 16.0.7 (/opt/ros/humble/share/rclcpp/cmake)
[0.487s] -- Found rosidl_generator_c: 3.1.5 (/opt/ros/humble/share/rosidl_generator_c/cmake)
[0.491s] -- Found rosidl_adapter: 3.1.5 (/opt/ros/humble/share/rosidl_adapter/cmake)
[0.497s] -- Found rosidl_generator_cpp: 3.1.5 (/opt/ros/humble/share/rosidl_generator_cpp/cmake)
[0.510s] -- Using all available rosidl_typesupport_c: rosidl_typesupport_fastrtps_c;rosidl_typesupport_introspection_c
[0.524s] -- Using all available rosidl_typesupport_cpp: rosidl_typesupport_fastrtps_cpp;rosidl_typesupport_introspection_cpp
[0.576s] -- Found rmw_implementation_cmake: 6.1.1 (/opt/ros/humble/share/rmw_implementation_cmake/cmake)
[0.578s] -- Found rmw_fastrtps_cpp: 6.2.5 (/opt/ros/humble/share/rmw_fastrtps_cpp/cmake)
[0.644s] -- Found OpenSSL: /usr/lib/x86_64-linux-gnu/libcrypto.so (found version "3.0.2")  
[0.662s] -- Found FastRTPS: /opt/ros/humble/include  
[0.692s] -- Using RMW implementation 'rmw_fastrtps_cpp' as default
[0.700s] -- Looking for pthread.h
[0.746s] -- Looking for pthread.h - found
[0.746s] -- Performing Test CMAKE_HAVE_LIBC_PTHREAD
[0.793s] -- Performing Test CMAKE_HAVE_LIBC_PTHREAD - Success
[0.794s] -- Found Threads: TRUE  
[0.903s] -- Found rosidl_default_generators: 1.2.0 (/opt/ros/humble/share/rosidl_default_generators/cmake)
[1.122s] -- Found ament_cmake_ros: 0.10.0 (/opt/ros/humble/share/ament_cmake_ros/cmake)
[1.339s] -- Using all available rosidl_typesupport_c: rosidl_typesupport_fastrtps_c;rosidl_typesupport_introspection_c
[1.432s] -- Using all available rosidl_typesupport_cpp: rosidl_typesupport_fastrtps_cpp;rosidl_typesupport_introspection_cpp
[1.455s] -- Found PythonInterp: /usr/bin/python3 (found suitable version "3.10.12", minimum required is "3.6") 
[1.456s] -- Found python_cmake_module: 0.10.0 (/opt/ros/humble/share/python_cmake_module/cmake)
[1.477s] -- Found PythonLibs: /usr/lib/x86_64-linux-gnu/libpython3.10.so (found suitable version "3.10.12", minimum required is "3.5") 
[1.477s] -- Using PYTHON_EXECUTABLE: /usr/bin/python3
[1.477s] -- Using PYTHON_INCLUDE_DIRS: /usr/include/python3.10
[1.477s] -- Using PYTHON_LIBRARIES: /usr/lib/x86_64-linux-gnu/libpython3.10.so
[1.493s] -- Found PythonExtra: .so  
[1.520s] -- Found ament_lint_auto: 0.12.9 (/opt/ros/humble/share/ament_lint_auto/cmake)
[1.535s] -- Added test 'lint_cmake' to check CMake code style
[1.536s] -- Added test 'xmllint' to check XML markup files
[1.537s] -- Configuring done
[1.563s] -- Generating done
[1.565s] -- Build files have been written to: /home/moad/VigiWheels/raspberryPI3/ros2_ws/build/interfaces
[1.572s] Invoked command in '/home/moad/VigiWheels/raspberryPI3/ros2_ws/build/interfaces' returned '0': CMAKE_PREFIX_PATH=${CMAKE_PREFIX_PATH}:/home/moad/VigiWheels/jetsonNano/ros2_ws/src/install/manometer_detection:/home/moad/VigiWheels/jetsonNano/ros2_ws/install/manometer_detection:/home/moad/ros2_ws/install/my_robot_controller:/home/moad/ros2_ws/install/manometer_detection:/opt/ros/humble /usr/bin/cmake /home/moad/VigiWheels/raspberryPI3/ros2_ws/src/interfaces -DCMAKE_INSTALL_PREFIX=/home/moad/VigiWheels/raspberryPI3/ros2_ws/install/interfaces
[1.574s] Invoking command in '/home/moad/VigiWheels/raspberryPI3/ros2_ws/build/interfaces': CMAKE_PREFIX_PATH=${CMAKE_PREFIX_PATH}:/home/moad/VigiWheels/jetsonNano/ros2_ws/src/install/manometer_detection:/home/moad/VigiWheels/jetsonNano/ros2_ws/install/manometer_detection:/home/moad/ros2_ws/install/my_robot_controller:/home/moad/ros2_ws/install/manometer_detection:/opt/ros/humble /usr/bin/cmake --build /home/moad/VigiWheels/raspberryPI3/ros2_ws/build/interfaces -- -j12 -l12
[1.603s] [  1%] [34m[1mGenerating C code for ROS interfaces[0m
[1.610s] [  2%] [34m[1mGenerating C++ code for ROS interfaces[0m
[1.630s] [  2%] Built target ament_cmake_python_copy_interfaces
[1.932s] running egg_info
[1.932s] creating interfaces.egg-info
[1.932s] writing interfaces.egg-info/PKG-INFO
[1.932s] writing dependency_links to interfaces.egg-info/dependency_links.txt
[1.933s] writing top-level names to interfaces.egg-info/top_level.txt
[1.933s] writing manifest file 'interfaces.egg-info/SOURCES.txt'
[1.935s] reading manifest file 'interfaces.egg-info/SOURCES.txt'
[1.935s] writing manifest file 'interfaces.egg-info/SOURCES.txt'
[1.969s] [  2%] Built target ament_cmake_python_build_interfaces_egg
[2.314s] [  2%] Built target interfaces__cpp
[2.321s] [  4%] [34m[1mGenerating C++ type support for eProsima Fast-RTPS[0m
[2.321s] [  4%] [34m[1mGenerating C++ type support dispatch for ROS interfaces[0m
[2.324s] [  5%] [34m[1mGenerating C++ introspection for ROS interfaces[0m
[2.339s] [  8%] [32mBuilding C object CMakeFiles/interfaces__rosidl_generator_c.dir/rosidl_generator_c/interfaces/msg/detail/motors_order__functions.c.o[0m
[2.340s] [  8%] [32mBuilding C object CMakeFiles/interfaces__rosidl_generator_c.dir/rosidl_generator_c/interfaces/msg/detail/joystick_order__functions.c.o[0m
[2.340s] [  8%] [32mBuilding C object CMakeFiles/interfaces__rosidl_generator_c.dir/rosidl_generator_c/interfaces/msg/detail/general_data__functions.c.o[0m
[2.341s] [ 10%] [32mBuilding C object CMakeFiles/interfaces__rosidl_generator_c.dir/rosidl_generator_c/interfaces/msg/detail/motors_feedback__functions.c.o[0m
[2.341s] [ 11%] [32mBuilding C object CMakeFiles/interfaces__rosidl_generator_c.dir/rosidl_generator_c/interfaces/msg/detail/steering_calibration__functions.c.o[0m
[2.342s] [ 11%] [32mBuilding C object CMakeFiles/interfaces__rosidl_generator_c.dir/rosidl_generator_c/interfaces/msg/detail/ultrasonic__functions.c.o[0m
[2.342s] [ 12%] [32mBuilding C object CMakeFiles/interfaces__rosidl_generator_c.dir/rosidl_generator_c/interfaces/msg/detail/manometer_info__functions.c.o[0m
[2.342s] [ 13%] [32mBuilding C object CMakeFiles/interfaces__rosidl_generator_c.dir/rosidl_generator_c/interfaces/msg/detail/gnss__functions.c.o[0m
[2.343s] [ 14%] [32mBuilding C object CMakeFiles/interfaces__rosidl_generator_c.dir/rosidl_generator_c/interfaces/msg/detail/system_check__functions.c.o[0m
[2.415s] [ 15%] [32m[1mLinking C shared library libinterfaces__rosidl_generator_c.so[0m
[2.457s] [ 15%] Built target interfaces__rosidl_generator_c
[2.470s] [ 18%] [34m[1mGenerating C type support dispatch for ROS interfaces[0m
[2.470s] [ 18%] [34m[1mGenerating C type support for eProsima Fast-RTPS[0m
[2.470s] [ 18%] [34m[1mGenerating C introspection for ROS interfaces[0m
[2.960s] [ 20%] [32mBuilding CXX object CMakeFiles/interfaces__rosidl_typesupport_introspection_cpp.dir/rosidl_typesupport_introspection_cpp/interfaces/msg/detail/motors_order__type_support.cpp.o[0m
[2.960s] [ 23%] [32mBuilding CXX object CMakeFiles/interfaces__rosidl_typesupport_introspection_cpp.dir/rosidl_typesupport_introspection_cpp/interfaces/msg/detail/general_data__type_support.cpp.o[0m
[2.960s] [ 24%] [32mBuilding CXX object CMakeFiles/interfaces__rosidl_typesupport_introspection_cpp.dir/rosidl_typesupport_introspection_cpp/interfaces/msg/detail/joystick_order__type_support.cpp.o[0m
[2.960s] [ 24%] [32mBuilding CXX object CMakeFiles/interfaces__rosidl_typesupport_introspection_cpp.dir/rosidl_typesupport_introspection_cpp/interfaces/msg/detail/ultrasonic__type_support.cpp.o[0m
[2.960s] [ 23%] [32mBuilding CXX object CMakeFiles/interfaces__rosidl_typesupport_introspection_cpp.dir/rosidl_typesupport_introspection_cpp/interfaces/msg/detail/motors_feedback__type_support.cpp.o[0m
[2.961s] [ 25%] [32mBuilding CXX object CMakeFiles/interfaces__rosidl_typesupport_introspection_cpp.dir/rosidl_typesupport_introspection_cpp/interfaces/msg/detail/steering_calibration__type_support.cpp.o[0m
[2.970s] [ 26%] [32mBuilding CXX object CMakeFiles/interfaces__rosidl_typesupport_introspection_cpp.dir/rosidl_typesupport_introspection_cpp/interfaces/msg/detail/gnss__type_support.cpp.o[0m
[3.218s] [ 27%] [32mBuilding CXX object CMakeFiles/interfaces__rosidl_typesupport_fastrtps_cpp.dir/rosidl_typesupport_fastrtps_cpp/interfaces/msg/detail/dds_fastrtps/joystick_order__type_support.cpp.o[0m
[3.341s] [ 28%] [32mBuilding CXX object CMakeFiles/interfaces__rosidl_typesupport_introspection_cpp.dir/rosidl_typesupport_introspection_cpp/interfaces/msg/detail/system_check__type_support.cpp.o[0m
[3.358s] [ 29%] [32mBuilding CXX object CMakeFiles/interfaces__rosidl_typesupport_introspection_cpp.dir/rosidl_typesupport_introspection_cpp/interfaces/msg/detail/manometer_info__type_support.cpp.o[0m
[3.405s] [ 30%] [32mBuilding CXX object CMakeFiles/interfaces__rosidl_typesupport_fastrtps_cpp.dir/rosidl_typesupport_fastrtps_cpp/interfaces/msg/detail/dds_fastrtps/motors_order__type_support.cpp.o[0m
[3.409s] [ 31%] [32mBuilding CXX object CMakeFiles/interfaces__rosidl_typesupport_fastrtps_cpp.dir/rosidl_typesupport_fastrtps_cpp/interfaces/msg/detail/dds_fastrtps/motors_feedback__type_support.cpp.o[0m
[3.415s] [ 32%] [32mBuilding CXX object CMakeFiles/interfaces__rosidl_typesupport_fastrtps_cpp.dir/rosidl_typesupport_fastrtps_cpp/interfaces/msg/detail/dds_fastrtps/general_data__type_support.cpp.o[0m
[3.424s] [ 33%] [32mBuilding CXX object CMakeFiles/interfaces__rosidl_typesupport_fastrtps_cpp.dir/rosidl_typesupport_fastrtps_cpp/interfaces/msg/detail/dds_fastrtps/steering_calibration__type_support.cpp.o[0m
[3.424s] [ 34%] [32mBuilding CXX object CMakeFiles/interfaces__rosidl_typesupport_fastrtps_cpp.dir/rosidl_typesupport_fastrtps_cpp/interfaces/msg/detail/dds_fastrtps/ultrasonic__type_support.cpp.o[0m
[3.496s] [ 35%] [32mBuilding CXX object CMakeFiles/interfaces__rosidl_typesupport_cpp.dir/rosidl_typesupport_cpp/interfaces/msg/joystick_order__type_support.cpp.o[0m
[3.660s] [ 36%] [32mBuilding CXX object CMakeFiles/interfaces__rosidl_typesupport_c.dir/rosidl_typesupport_c/interfaces/msg/joystick_order__type_support.cpp.o[0m
[3.691s] [ 37%] [32mBuilding CXX object CMakeFiles/interfaces__rosidl_typesupport_fastrtps_cpp.dir/rosidl_typesupport_fastrtps_cpp/interfaces/msg/detail/dds_fastrtps/gnss__type_support.cpp.o[0m
[3.698s] [ 38%] [32mBuilding CXX object CMakeFiles/interfaces__rosidl_typesupport_c.dir/rosidl_typesupport_c/interfaces/msg/motors_order__type_support.cpp.o[0m
[3.737s] [ 40%] [32mBuilding CXX object CMakeFiles/interfaces__rosidl_typesupport_fastrtps_c.dir/rosidl_typesupport_fastrtps_c/interfaces/msg/detail/joystick_order__type_support_c.cpp.o[0m
[3.744s] [ 41%] [32mBuilding CXX object CMakeFiles/interfaces__rosidl_typesupport_c.dir/rosidl_typesupport_c/interfaces/msg/motors_feedback__type_support.cpp.o[0m
[3.747s] [ 42%] [32mBuilding CXX object CMakeFiles/interfaces__rosidl_typesupport_c.dir/rosidl_typesupport_c/interfaces/msg/general_data__type_support.cpp.o[0m
[3.777s] [ 43%] [32mBuilding CXX object CMakeFiles/interfaces__rosidl_typesupport_c.dir/rosidl_typesupport_c/interfaces/msg/steering_calibration__type_support.cpp.o[0m
[3.798s] [ 44%] [32mBuilding CXX object CMakeFiles/interfaces__rosidl_typesupport_fastrtps_cpp.dir/rosidl_typesupport_fastrtps_cpp/interfaces/msg/detail/dds_fastrtps/system_check__type_support.cpp.o[0m
[3.800s] [ 46%] [32mBuilding CXX object CMakeFiles/interfaces__rosidl_typesupport_fastrtps_cpp.dir/rosidl_typesupport_fastrtps_cpp/interfaces/msg/detail/dds_fastrtps/manometer_info__type_support.cpp.o[0m
[3.800s] [ 46%] [32mBuilding CXX object CMakeFiles/interfaces__rosidl_typesupport_c.dir/rosidl_typesupport_c/interfaces/msg/ultrasonic__type_support.cpp.o[0m
[3.817s] [ 47%] [32mBuilding CXX object CMakeFiles/interfaces__rosidl_typesupport_c.dir/rosidl_typesupport_c/interfaces/msg/gnss__type_support.cpp.o[0m
[3.822s] [ 48%] [32m[1mLinking CXX shared library libinterfaces__rosidl_typesupport_introspection_cpp.so[0m
[3.833s] [ 49%] [32mBuilding CXX object CMakeFiles/interfaces__rosidl_typesupport_c.dir/rosidl_typesupport_c/interfaces/msg/system_check__type_support.cpp.o[0m
[3.845s] [ 50%] [32mBuilding CXX object CMakeFiles/interfaces__rosidl_typesupport_cpp.dir/rosidl_typesupport_cpp/interfaces/msg/motors_order__type_support.cpp.o[0m
[3.855s] [ 51%] [32mBuilding CXX object CMakeFiles/interfaces__rosidl_typesupport_cpp.dir/rosidl_typesupport_cpp/interfaces/msg/motors_feedback__type_support.cpp.o[0m
[3.868s] [ 52%] [32mBuilding CXX object CMakeFiles/interfaces__rosidl_typesupport_c.dir/rosidl_typesupport_c/interfaces/msg/manometer_info__type_support.cpp.o[0m
[3.875s] [ 53%] [32mBuilding C object CMakeFiles/interfaces__rosidl_typesupport_introspection_c.dir/rosidl_typesupport_introspection_c/interfaces/msg/detail/joystick_order__type_support.c.o[0m
[3.895s] [ 53%] Built target interfaces__rosidl_typesupport_introspection_cpp
[3.905s] [ 54%] [32mBuilding CXX object CMakeFiles/interfaces__rosidl_typesupport_fastrtps_c.dir/rosidl_typesupport_fastrtps_c/interfaces/msg/detail/motors_order__type_support_c.cpp.o[0m
[3.906s] [ 56%] [32m[1mLinking CXX shared library libinterfaces__rosidl_typesupport_c.so[0m
[3.906s] [ 56%] [32mBuilding C object CMakeFiles/interfaces__rosidl_typesupport_introspection_c.dir/rosidl_typesupport_introspection_c/interfaces/msg/detail/motors_order__type_support.c.o[0m
[3.912s] [ 57%] [32mBuilding CXX object CMakeFiles/interfaces__rosidl_typesupport_fastrtps_c.dir/rosidl_typesupport_fastrtps_c/interfaces/msg/detail/motors_feedback__type_support_c.cpp.o[0m
[3.913s] [ 58%] [32mBuilding C object CMakeFiles/interfaces__rosidl_typesupport_introspection_c.dir/rosidl_typesupport_introspection_c/interfaces/msg/detail/motors_feedback__type_support.c.o[0m
[3.915s] [ 60%] [32mBuilding C object CMakeFiles/interfaces__rosidl_typesupport_introspection_c.dir/rosidl_typesupport_introspection_c/interfaces/msg/detail/general_data__type_support.c.o[0m
[3.935s] [ 61%] [32mBuilding CXX object CMakeFiles/interfaces__rosidl_typesupport_fastrtps_c.dir/rosidl_typesupport_fastrtps_c/interfaces/msg/detail/general_data__type_support_c.cpp.o[0m
[3.946s] [ 62%] [32mBuilding C object CMakeFiles/interfaces__rosidl_typesupport_introspection_c.dir/rosidl_typesupport_introspection_c/interfaces/msg/detail/steering_calibration__type_support.c.o[0m
[3.971s] [ 63%] [32mBuilding C object CMakeFiles/interfaces__rosidl_typesupport_introspection_c.dir/rosidl_typesupport_introspection_c/interfaces/msg/detail/ultrasonic__type_support.c.o[0m
[3.976s] [ 63%] Built target interfaces__rosidl_typesupport_c
[3.997s] [ 64%] [32mBuilding CXX object CMakeFiles/interfaces__rosidl_typesupport_fastrtps_c.dir/rosidl_typesupport_fastrtps_c/interfaces/msg/detail/ultrasonic__type_support_c.cpp.o[0m
[4.001s] [ 65%] [32mBuilding CXX object CMakeFiles/interfaces__rosidl_typesupport_fastrtps_c.dir/rosidl_typesupport_fastrtps_c/interfaces/msg/detail/steering_calibration__type_support_c.cpp.o[0m
[4.018s] [ 66%] [32mBuilding C object CMakeFiles/interfaces__rosidl_typesupport_introspection_c.dir/rosidl_typesupport_introspection_c/interfaces/msg/detail/gnss__type_support.c.o[0m
[4.060s] [ 67%] [32mBuilding C object CMakeFiles/interfaces__rosidl_typesupport_introspection_c.dir/rosidl_typesupport_introspection_c/interfaces/msg/detail/system_check__type_support.c.o[0m
[4.089s] [ 68%] [32mBuilding C object CMakeFiles/interfaces__rosidl_typesupport_introspection_c.dir/rosidl_typesupport_introspection_c/interfaces/msg/detail/manometer_info__type_support.c.o[0m
[4.106s] [ 69%] [32mBuilding CXX object CMakeFiles/interfaces__rosidl_typesupport_cpp.dir/rosidl_typesupport_cpp/interfaces/msg/general_data__type_support.cpp.o[0m
[4.142s] [ 70%] [32m[1mLinking C shared library libinterfaces__rosidl_typesupport_introspection_c.so[0m
[4.162s] [ 71%] [32mBuilding CXX object CMakeFiles/interfaces__rosidl_typesupport_fastrtps_c.dir/rosidl_typesupport_fastrtps_c/interfaces/msg/detail/gnss__type_support_c.cpp.o[0m
[4.181s] [ 72%] [32mBuilding CXX object CMakeFiles/interfaces__rosidl_typesupport_cpp.dir/rosidl_typesupport_cpp/interfaces/msg/steering_calibration__type_support.cpp.o[0m
[4.202s] [ 72%] Built target interfaces__rosidl_typesupport_introspection_c
[4.204s] [ 73%] [32mBuilding CXX object CMakeFiles/interfaces__rosidl_typesupport_cpp.dir/rosidl_typesupport_cpp/interfaces/msg/ultrasonic__type_support.cpp.o[0m
[4.233s] [ 74%] [32mBuilding CXX object CMakeFiles/interfaces__rosidl_typesupport_cpp.dir/rosidl_typesupport_cpp/interfaces/msg/gnss__type_support.cpp.o[0m
[4.250s] [ 75%] [32mBuilding CXX object CMakeFiles/interfaces__rosidl_typesupport_fastrtps_c.dir/rosidl_typesupport_fastrtps_c/interfaces/msg/detail/system_check__type_support_c.cpp.o[0m
[4.251s] [ 76%] [32mBuilding CXX object CMakeFiles/interfaces__rosidl_typesupport_fastrtps_c.dir/rosidl_typesupport_fastrtps_c/interfaces/msg/detail/manometer_info__type_support_c.cpp.o[0m
[4.306s] [ 77%] [32mBuilding CXX object CMakeFiles/interfaces__rosidl_typesupport_cpp.dir/rosidl_typesupport_cpp/interfaces/msg/system_check__type_support.cpp.o[0m
[4.340s] [ 78%] [32mBuilding CXX object CMakeFiles/interfaces__rosidl_typesupport_cpp.dir/rosidl_typesupport_cpp/interfaces/msg/manometer_info__type_support.cpp.o[0m
[4.371s] [ 80%] [32m[1mLinking CXX shared library libinterfaces__rosidl_typesupport_fastrtps_cpp.so[0m
[4.483s] [ 80%] Built target interfaces__rosidl_typesupport_fastrtps_cpp
[4.563s] [ 81%] [32m[1mLinking CXX shared library libinterfaces__rosidl_typesupport_fastrtps_c.so[0m
[4.615s] [ 81%] Built target interfaces__rosidl_typesupport_fastrtps_c
[4.619s] [ 82%] [32m[1mLinking CXX shared library libinterfaces__rosidl_typesupport_cpp.so[0m
[4.646s] [ 82%] Built target interfaces__rosidl_typesupport_cpp
[4.661s] [ 82%] Built target interfaces
[4.674s] [ 83%] [34m[1mGenerating Python code for ROS interfaces[0m
[5.869s] [ 83%] Built target interfaces__py
[5.886s] [ 84%] [32mBuilding C object CMakeFiles/interfaces__rosidl_generator_py.dir/rosidl_generator_py/interfaces/msg/_motors_order_s.c.o[0m
[5.887s] [ 85%] [32mBuilding C object CMakeFiles/interfaces__rosidl_generator_py.dir/rosidl_generator_py/interfaces/msg/_joystick_order_s.c.o[0m
[5.893s] [ 87%] [32mBuilding C object CMakeFiles/interfaces__rosidl_generator_py.dir/rosidl_generator_py/interfaces/msg/_general_data_s.c.o[0m
[5.894s] [ 87%] [32mBuilding C object CMakeFiles/interfaces__rosidl_generator_py.dir/rosidl_generator_py/interfaces/msg/_steering_calibration_s.c.o[0m
[5.894s] [ 89%] [32mBuilding C object CMakeFiles/interfaces__rosidl_generator_py.dir/rosidl_generator_py/interfaces/msg/_motors_feedback_s.c.o[0m
[5.894s] [ 89%] [32mBuilding C object CMakeFiles/interfaces__rosidl_generator_py.dir/rosidl_generator_py/interfaces/msg/_ultrasonic_s.c.o[0m
[5.895s] [ 90%] [32mBuilding C object CMakeFiles/interfaces__rosidl_generator_py.dir/rosidl_generator_py/interfaces/msg/_gnss_s.c.o[0m
[5.895s] [ 92%] [32mBuilding C object CMakeFiles/interfaces__rosidl_generator_py.dir/rosidl_generator_py/interfaces/msg/_manometer_info_s.c.o[0m
[5.895s] [ 92%] [32mBuilding C object CMakeFiles/interfaces__rosidl_generator_py.dir/rosidl_generator_py/interfaces/msg/_system_check_s.c.o[0m
[6.023s] [ 93%] [32m[1mLinking C shared library rosidl_generator_py/interfaces/libinterfaces__rosidl_generator_py.so[0m
[6.051s] [ 93%] Built target interfaces__rosidl_generator_py
[6.064s] [ 94%] [32mBuilding C object CMakeFiles/interfaces__rosidl_typesupport_fastrtps_c__pyext.dir/rosidl_generator_py/interfaces/_interfaces_s.ep.rosidl_typesupport_fastrtps_c.c.o[0m
[6.065s] [ 95%] [32mBuilding C object CMakeFiles/interfaces__rosidl_typesupport_c__pyext.dir/rosidl_generator_py/interfaces/_interfaces_s.ep.rosidl_typesupport_c.c.o[0m
[6.076s] [ 96%] [32mBuilding C object CMakeFiles/interfaces__rosidl_typesupport_introspection_c__pyext.dir/rosidl_generator_py/interfaces/_interfaces_s.ep.rosidl_typesupport_introspection_c.c.o[0m
[6.140s] [ 97%] [32m[1mLinking C shared library rosidl_generator_py/interfaces/interfaces_s__rosidl_typesupport_fastrtps_c.cpython-310-x86_64-linux-gnu.so[0m
[6.161s] [ 98%] [32m[1mLinking C shared library rosidl_generator_py/interfaces/interfaces_s__rosidl_typesupport_c.cpython-310-x86_64-linux-gnu.so[0m
[6.167s] [ 98%] Built target interfaces__rosidl_typesupport_fastrtps_c__pyext
[6.186s] [ 98%] Built target interfaces__rosidl_typesupport_c__pyext
[6.203s] [100%] [32m[1mLinking C shared library rosidl_generator_py/interfaces/interfaces_s__rosidl_typesupport_introspection_c.cpython-310-x86_64-linux-gnu.so[0m
[6.226s] [100%] Built target interfaces__rosidl_typesupport_introspection_c__pyext
[6.235s] Invoked command in '/home/moad/VigiWheels/raspberryPI3/ros2_ws/build/interfaces' returned '0': CMAKE_PREFIX_PATH=${CMAKE_PREFIX_PATH}:/home/moad/VigiWheels/jetsonNano/ros2_ws/src/install/manometer_detection:/home/moad/VigiWheels/jetsonNano/ros2_ws/install/manometer_detection:/home/moad/ros2_ws/install/my_robot_controller:/home/moad/ros2_ws/install/manometer_detection:/opt/ros/humble /usr/bin/cmake --build /home/moad/VigiWheels/raspberryPI3/ros2_ws/build/interfaces -- -j12 -l12
[6.375s] Invoking command in '/home/moad/VigiWheels/raspberryPI3/ros2_ws/build/interfaces': CMAKE_PREFIX_PATH=${CMAKE_PREFIX_PATH}:/home/moad/VigiWheels/jetsonNano/ros2_ws/src/install/manometer_detection:/home/moad/VigiWheels/jetsonNano/ros2_ws/install/manometer_detection:/home/moad/ros2_ws/install/my_robot_controller:/home/moad/ros2_ws/install/manometer_detection:/opt/ros/humble /usr/bin/cmake --install /home/moad/VigiWheels/raspberryPI3/ros2_ws/build/interfaces
[6.380s] -- Install configuration: ""
[6.380s] -- Installing: /home/moad/VigiWheels/raspberryPI3/ros2_ws/install/interfaces/share/ament_index/resource_index/rosidl_interfaces/interfaces
[6.380s] -- Installing: /home/moad/VigiWheels/raspberryPI3/ros2_ws/install/interfaces/include/interfaces/interfaces
[6.380s] -- Installing: /home/moad/VigiWheels/raspberryPI3/ros2_ws/install/interfaces/include/interfaces/interfaces/msg
[6.380s] -- Installing: /home/moad/VigiWheels/raspberryPI3/ros2_ws/install/interfaces/include/interfaces/interfaces/msg/gnss.h
[6.380s] -- Installing: /home/moad/VigiWheels/raspberryPI3/ros2_ws/install/interfaces/include/interfaces/interfaces/msg/system_check.h
[6.381s] -- Installing: /home/moad/VigiWheels/raspberryPI3/ros2_ws/install/interfaces/include/interfaces/interfaces/msg/motors_feedback.h
[6.381s] -- Installing: /home/moad/VigiWheels/raspberryPI3/ros2_ws/install/interfaces/include/interfaces/interfaces/msg/rosidl_generator_c__visibility_control.h
[6.381s] -- Installing: /home/moad/VigiWheels/raspberryPI3/ros2_ws/install/interfaces/include/interfaces/interfaces/msg/joystick_order.h
[6.381s] -- Installing: /home/moad/VigiWheels/raspberryPI3/ros2_ws/install/interfaces/include/interfaces/interfaces/msg/motors_order.h
[6.381s] -- Installing: /home/moad/VigiWheels/raspberryPI3/ros2_ws/install/interfaces/include/interfaces/interfaces/msg/steering_calibration.h
[6.381s] -- Installing: /home/moad/VigiWheels/raspberryPI3/ros2_ws/install/interfaces/include/interfaces/interfaces/msg/manometer_info.h
[6.381s] -- Installing: /home/moad/VigiWheels/raspberryPI3/ros2_ws/install/interfaces/include/interfaces/interfaces/msg/detail
[6.381s] -- Installing: /home/moad/VigiWheels/raspberryPI3/ros2_ws/install/interfaces/include/interfaces/interfaces/msg/detail/general_data__type_support.h
[6.381s] -- Installing: /home/moad/VigiWheels/raspberryPI3/ros2_ws/install/interfaces/include/interfaces/interfaces/msg/detail/gnss__struct.h
[6.381s] -- Installing: /home/moad/VigiWheels/raspberryPI3/ros2_ws/install/interfaces/include/interfaces/interfaces/msg/detail/motors_order__functions.h
[6.381s] -- Installing: /home/moad/VigiWheels/raspberryPI3/ros2_ws/install/interfaces/include/interfaces/interfaces/msg/detail/system_check__type_support.h
[6.381s] -- Installing: /home/moad/VigiWheels/raspberryPI3/ros2_ws/install/interfaces/include/interfaces/interfaces/msg/detail/motors_feedback__functions.h
[6.381s] -- Installing: /home/moad/VigiWheels/raspberryPI3/ros2_ws/install/interfaces/include/interfaces/interfaces/msg/detail/motors_feedback__functions.c
[6.382s] -- Installing: /home/moad/VigiWheels/raspberryPI3/ros2_ws/install/interfaces/include/interfaces/interfaces/msg/detail/motors_order__struct.h
[6.382s] -- Installing: /home/moad/VigiWheels/raspberryPI3/ros2_ws/install/interfaces/include/interfaces/interfaces/msg/detail/gnss__type_support.h
[6.382s] -- Installing: /home/moad/VigiWheels/raspberryPI3/ros2_ws/install/interfaces/include/interfaces/interfaces/msg/detail/motors_feedback__struct.h
[6.382s] -- Installing: /home/moad/VigiWheels/raspberryPI3/ros2_ws/install/interfaces/include/interfaces/interfaces/msg/detail/steering_calibration__type_support.h
[6.382s] -- Installing: /home/moad/VigiWheels/raspberryPI3/ros2_ws/install/interfaces/include/interfaces/interfaces/msg/detail/steering_calibration__struct.h
[6.382s] -- Installing: /home/moad/VigiWheels/raspberryPI3/ros2_ws/install/interfaces/include/interfaces/interfaces/msg/detail/manometer_info__struct.h
[6.382s] -- Installing: /home/moad/VigiWheels/raspberryPI3/ros2_ws/install/interfaces/include/interfaces/interfaces/msg/detail/system_check__functions.c
[6.382s] -- Installing: /home/moad/VigiWheels/raspberryPI3/ros2_ws/install/interfaces/include/interfaces/interfaces/msg/detail/system_check__functions.h
[6.382s] -- Installing: /home/moad/VigiWheels/raspberryPI3/ros2_ws/install/interfaces/include/interfaces/interfaces/msg/detail/gnss__functions.c
[6.382s] -- Installing: /home/moad/VigiWheels/raspberryPI3/ros2_ws/install/interfaces/include/interfaces/interfaces/msg/detail/motors_order__type_support.h
[6.382s] -- Installing: /home/moad/VigiWheels/raspberryPI3/ros2_ws/install/interfaces/include/interfaces/interfaces/msg/detail/gnss__functions.h
[6.382s] -- Installing: /home/moad/VigiWheels/raspberryPI3/ros2_ws/install/interfaces/include/interfaces/interfaces/msg/detail/general_data__functions.c
[6.382s] -- Installing: /home/moad/VigiWheels/raspberryPI3/ros2_ws/install/interfaces/include/interfaces/interfaces/msg/detail/manometer_info__functions.c
[6.382s] -- Installing: /home/moad/VigiWheels/raspberryPI3/ros2_ws/install/interfaces/include/interfaces/interfaces/msg/detail/steering_calibration__functions.h
[6.382s] -- Installing: /home/moad/VigiWheels/raspberryPI3/ros2_ws/install/interfaces/include/interfaces/interfaces/msg/detail/motors_feedback__type_support.h
[6.382s] -- Installing: /home/moad/VigiWheels/raspberryPI3/ros2_ws/install/interfaces/include/interfaces/interfaces/msg/detail/ultrasonic__struct.h
[6.382s] -- Installing: /home/moad/VigiWheels/raspberryPI3/ros2_ws/install/interfaces/include/interfaces/interfaces/msg/detail/motors_order__functions.c
[6.382s] -- Installing: /home/moad/VigiWheels/raspberryPI3/ros2_ws/install/interfaces/include/interfaces/interfaces/msg/detail/general_data__functions.h
[6.382s] -- Installing: /home/moad/VigiWheels/raspberryPI3/ros2_ws/install/interfaces/include/interfaces/interfaces/msg/detail/steering_calibration__functions.c
[6.382s] -- Installing: /home/moad/VigiWheels/raspberryPI3/ros2_ws/install/interfaces/include/interfaces/interfaces/msg/detail/manometer_info__type_support.h
[6.382s] -- Installing: /home/moad/VigiWheels/raspberryPI3/ros2_ws/install/interfaces/include/interfaces/interfaces/msg/detail/ultrasonic__functions.c
[6.382s] -- Installing: /home/moad/VigiWheels/raspberryPI3/ros2_ws/install/interfaces/include/interfaces/interfaces/msg/detail/ultrasonic__type_support.h
[6.382s] -- Installing: /home/moad/VigiWheels/raspberryPI3/ros2_ws/install/interfaces/include/interfaces/interfaces/msg/detail/joystick_order__type_support.h
[6.382s] -- Installing: /home/moad/VigiWheels/raspberryPI3/ros2_ws/install/interfaces/include/interfaces/interfaces/msg/detail/manometer_info__functions.h
[6.382s] -- Installing: /home/moad/VigiWheels/raspberryPI3/ros2_ws/install/interfaces/include/interfaces/interfaces/msg/detail/system_check__struct.h
[6.383s] -- Installing: /home/moad/VigiWheels/raspberryPI3/ros2_ws/install/interfaces/include/interfaces/interfaces/msg/detail/joystick_order__functions.h
[6.383s] -- Installing: /home/moad/VigiWheels/raspberryPI3/ros2_ws/install/interfaces/include/interfaces/interfaces/msg/detail/ultrasonic__functions.h
[6.383s] -- Installing: /home/moad/VigiWheels/raspberryPI3/ros2_ws/install/interfaces/include/interfaces/interfaces/msg/detail/joystick_order__functions.c
[6.383s] -- Installing: /home/moad/VigiWheels/raspberryPI3/ros2_ws/install/interfaces/include/interfaces/interfaces/msg/detail/general_data__struct.h
[6.383s] -- Installing: /home/moad/VigiWheels/raspberryPI3/ros2_ws/install/interfaces/include/interfaces/interfaces/msg/detail/joystick_order__struct.h
[6.383s] -- Installing: /home/moad/VigiWheels/raspberryPI3/ros2_ws/install/interfaces/include/interfaces/interfaces/msg/general_data.h
[6.383s] -- Installing: /home/moad/VigiWheels/raspberryPI3/ros2_ws/install/interfaces/include/interfaces/interfaces/msg/ultrasonic.h
[6.383s] -- Installing: /home/moad/VigiWheels/raspberryPI3/ros2_ws/install/interfaces/share/interfaces/environment/library_path.sh
[6.383s] -- Installing: /home/moad/VigiWheels/raspberryPI3/ros2_ws/install/interfaces/share/interfaces/environment/library_path.dsv
[6.383s] -- Installing: /home/moad/VigiWheels/raspberryPI3/ros2_ws/install/interfaces/lib/libinterfaces__rosidl_generator_c.so
[6.383s] -- Set runtime path of "/home/moad/VigiWheels/raspberryPI3/ros2_ws/install/interfaces/lib/libinterfaces__rosidl_generator_c.so" to ""
[6.383s] -- Up-to-date: /home/moad/VigiWheels/raspberryPI3/ros2_ws/install/interfaces/include/interfaces/interfaces
[6.383s] -- Up-to-date: /home/moad/VigiWheels/raspberryPI3/ros2_ws/install/interfaces/include/interfaces/interfaces/msg
[6.383s] -- Installing: /home/moad/VigiWheels/raspberryPI3/ros2_ws/install/interfaces/include/interfaces/interfaces/msg/rosidl_typesupport_fastrtps_c__visibility_control.h
[6.383s] -- Up-to-date: /home/moad/VigiWheels/raspberryPI3/ros2_ws/install/interfaces/include/interfaces/interfaces/msg/detail
[6.383s] -- Installing: /home/moad/VigiWheels/raspberryPI3/ros2_ws/install/interfaces/include/interfaces/interfaces/msg/detail/gnss__rosidl_typesupport_fastrtps_c.h
[6.383s] -- Installing: /home/moad/VigiWheels/raspberryPI3/ros2_ws/install/interfaces/include/interfaces/interfaces/msg/detail/manometer_info__rosidl_typesupport_fastrtps_c.h
[6.383s] -- Installing: /home/moad/VigiWheels/raspberryPI3/ros2_ws/install/interfaces/include/interfaces/interfaces/msg/detail/ultrasonic__rosidl_typesupport_fastrtps_c.h
[6.383s] -- Installing: /home/moad/VigiWheels/raspberryPI3/ros2_ws/install/interfaces/include/interfaces/interfaces/msg/detail/system_check__rosidl_typesupport_fastrtps_c.h
[6.383s] -- Installing: /home/moad/VigiWheels/raspberryPI3/ros2_ws/install/interfaces/include/interfaces/interfaces/msg/detail/general_data__rosidl_typesupport_fastrtps_c.h
[6.383s] -- Installing: /home/moad/VigiWheels/raspberryPI3/ros2_ws/install/interfaces/include/interfaces/interfaces/msg/detail/steering_calibration__rosidl_typesupport_fastrtps_c.h
[6.383s] -- Installing: /home/moad/VigiWheels/raspberryPI3/ros2_ws/install/interfaces/include/interfaces/interfaces/msg/detail/motors_order__rosidl_typesupport_fastrtps_c.h
[6.383s] -- Installing: /home/moad/VigiWheels/raspberryPI3/ros2_ws/install/interfaces/include/interfaces/interfaces/msg/detail/joystick_order__rosidl_typesupport_fastrtps_c.h
[6.383s] -- Installing: /home/moad/VigiWheels/raspberryPI3/ros2_ws/install/interfaces/include/interfaces/interfaces/msg/detail/motors_feedback__rosidl_typesupport_fastrtps_c.h
[6.383s] -- Installing: /home/moad/VigiWheels/raspberryPI3/ros2_ws/install/interfaces/lib/libinterfaces__rosidl_typesupport_fastrtps_c.so
[6.384s] -- Set runtime path of "/home/moad/VigiWheels/raspberryPI3/ros2_ws/install/interfaces/lib/libinterfaces__rosidl_typesupport_fastrtps_c.so" to ""
[6.384s] -- Up-to-date: /home/moad/VigiWheels/raspberryPI3/ros2_ws/install/interfaces/include/interfaces/interfaces
[6.384s] -- Up-to-date: /home/moad/VigiWheels/raspberryPI3/ros2_ws/install/interfaces/include/interfaces/interfaces/msg
[6.384s] -- Installing: /home/moad/VigiWheels/raspberryPI3/ros2_ws/install/interfaces/include/interfaces/interfaces/msg/gnss.hpp
[6.384s] -- Installing: /home/moad/VigiWheels/raspberryPI3/ros2_ws/install/interfaces/include/interfaces/interfaces/msg/steering_calibration.hpp
[6.384s] -- Installing: /home/moad/VigiWheels/raspberryPI3/ros2_ws/install/interfaces/include/interfaces/interfaces/msg/general_data.hpp
[6.384s] -- Installing: /home/moad/VigiWheels/raspberryPI3/ros2_ws/install/interfaces/include/interfaces/interfaces/msg/system_check.hpp
[6.384s] -- Installing: /home/moad/VigiWheels/raspberryPI3/ros2_ws/install/interfaces/include/interfaces/interfaces/msg/manometer_info.hpp
[6.384s] -- Installing: /home/moad/VigiWheels/raspberryPI3/ros2_ws/install/interfaces/include/interfaces/interfaces/msg/joystick_order.hpp
[6.384s] -- Installing: /home/moad/VigiWheels/raspberryPI3/ros2_ws/install/interfaces/include/interfaces/interfaces/msg/motors_order.hpp
[6.384s] -- Up-to-date: /home/moad/VigiWheels/raspberryPI3/ros2_ws/install/interfaces/include/interfaces/interfaces/msg/detail
[6.384s] -- Installing: /home/moad/VigiWheels/raspberryPI3/ros2_ws/install/interfaces/include/interfaces/interfaces/msg/detail/motors_order__traits.hpp
[6.384s] -- Installing: /home/moad/VigiWheels/raspberryPI3/ros2_ws/install/interfaces/include/interfaces/interfaces/msg/detail/joystick_order__builder.hpp
[6.384s] -- Installing: /home/moad/VigiWheels/raspberryPI3/ros2_ws/install/interfaces/include/interfaces/interfaces/msg/detail/gnss__traits.hpp
[6.384s] -- Installing: /home/moad/VigiWheels/raspberryPI3/ros2_ws/install/interfaces/include/interfaces/interfaces/msg/detail/ultrasonic__struct.hpp
[6.384s] -- Installing: /home/moad/VigiWheels/raspberryPI3/ros2_ws/install/interfaces/include/interfaces/interfaces/msg/detail/joystick_order__traits.hpp
[6.384s] -- Installing: /home/moad/VigiWheels/raspberryPI3/ros2_ws/install/interfaces/include/interfaces/interfaces/msg/detail/motors_feedback__builder.hpp
[6.384s] -- Installing: /home/moad/VigiWheels/raspberryPI3/ros2_ws/install/interfaces/include/interfaces/interfaces/msg/detail/motors_order__struct.hpp
[6.384s] -- Installing: /home/moad/VigiWheels/raspberryPI3/ros2_ws/install/interfaces/include/interfaces/interfaces/msg/detail/gnss__builder.hpp
[6.384s] -- Installing: /home/moad/VigiWheels/raspberryPI3/ros2_ws/install/interfaces/include/interfaces/interfaces/msg/detail/gnss__struct.hpp
[6.384s] -- Installing: /home/moad/VigiWheels/raspberryPI3/ros2_ws/install/interfaces/include/interfaces/interfaces/msg/detail/general_data__struct.hpp
[6.384s] -- Installing: /home/moad/VigiWheels/raspberryPI3/ros2_ws/install/interfaces/include/interfaces/interfaces/msg/detail/steering_calibration__builder.hpp
[6.384s] -- Installing: /home/moad/VigiWheels/raspberryPI3/ros2_ws/install/interfaces/include/interfaces/interfaces/msg/detail/manometer_info__traits.hpp
[6.384s] -- Installing: /home/moad/VigiWheels/raspberryPI3/ros2_ws/install/interfaces/include/interfaces/interfaces/msg/detail/system_check__struct.hpp
[6.384s] -- Installing: /home/moad/VigiWheels/raspberryPI3/ros2_ws/install/interfaces/include/interfaces/interfaces/msg/detail/general_data__builder.hpp
[6.384s] -- Installing: /home/moad/VigiWheels/raspberryPI3/ros2_ws/install/interfaces/include/interfaces/interfaces/msg/detail/general_data__traits.hpp
[6.384s] -- Installing: /home/moad/VigiWheels/raspberryPI3/ros2_ws/install/interfaces/include/interfaces/interfaces/msg/detail/steering_calibration__traits.hpp
[6.385s] -- Installing: /home/moad/VigiWheels/raspberryPI3/ros2_ws/install/interfaces/include/interfaces/interfaces/msg/detail/motors_order__builder.hpp
[6.385s] -- Installing: /home/moad/VigiWheels/raspberryPI3/ros2_ws/install/interfaces/include/interfaces/interfaces/msg/detail/system_check__traits.hpp
[6.385s] -- Installing: /home/moad/VigiWheels/raspberryPI3/ros2_ws/install/interfaces/include/interfaces/interfaces/msg/detail/motors_feedback__struct.hpp
[6.385s] -- Installing: /home/moad/VigiWheels/raspberryPI3/ros2_ws/install/interfaces/include/interfaces/interfaces/msg/detail/ultrasonic__traits.hpp
[6.385s] -- Installing: /home/moad/VigiWheels/raspberryPI3/ros2_ws/install/interfaces/include/interfaces/interfaces/msg/detail/system_check__builder.hpp
[6.385s] -- Installing: /home/moad/VigiWheels/raspberryPI3/ros2_ws/install/interfaces/include/interfaces/interfaces/msg/detail/motors_feedback__traits.hpp
[6.385s] -- Installing: /home/moad/VigiWheels/raspberryPI3/ros2_ws/install/interfaces/include/interfaces/interfaces/msg/detail/ultrasonic__builder.hpp
[6.385s] -- Installing: /home/moad/VigiWheels/raspberryPI3/ros2_ws/install/interfaces/include/interfaces/interfaces/msg/detail/steering_calibration__struct.hpp
[6.385s] -- Installing: /home/moad/VigiWheels/raspberryPI3/ros2_ws/install/interfaces/include/interfaces/interfaces/msg/detail/manometer_info__struct.hpp
[6.385s] -- Installing: /home/moad/VigiWheels/raspberryPI3/ros2_ws/install/interfaces/include/interfaces/interfaces/msg/detail/joystick_order__struct.hpp
[6.385s] -- Installing: /home/moad/VigiWheels/raspberryPI3/ros2_ws/install/interfaces/include/interfaces/interfaces/msg/detail/manometer_info__builder.hpp
[6.385s] -- Installing: /home/moad/VigiWheels/raspberryPI3/ros2_ws/install/interfaces/include/interfaces/interfaces/msg/ultrasonic.hpp
[6.385s] -- Installing: /home/moad/VigiWheels/raspberryPI3/ros2_ws/install/interfaces/include/interfaces/interfaces/msg/motors_feedback.hpp
[6.385s] -- Up-to-date: /home/moad/VigiWheels/raspberryPI3/ros2_ws/install/interfaces/include/interfaces/interfaces
[6.385s] -- Up-to-date: /home/moad/VigiWheels/raspberryPI3/ros2_ws/install/interfaces/include/interfaces/interfaces/msg
[6.386s] -- Up-to-date: /home/moad/VigiWheels/raspberryPI3/ros2_ws/install/interfaces/include/interfaces/interfaces/msg/detail
[6.386s] -- Installing: /home/moad/VigiWheels/raspberryPI3/ros2_ws/install/interfaces/include/interfaces/interfaces/msg/detail/motors_feedback__rosidl_typesupport_fastrtps_cpp.hpp
[6.386s] -- Installing: /home/moad/VigiWheels/raspberryPI3/ros2_ws/install/interfaces/include/interfaces/interfaces/msg/detail/steering_calibration__rosidl_typesupport_fastrtps_cpp.hpp
[6.386s] -- Installing: /home/moad/VigiWheels/raspberryPI3/ros2_ws/install/interfaces/include/interfaces/interfaces/msg/detail/motors_order__rosidl_typesupport_fastrtps_cpp.hpp
[6.386s] -- Installing: /home/moad/VigiWheels/raspberryPI3/ros2_ws/install/interfaces/include/interfaces/interfaces/msg/detail/dds_fastrtps
[6.386s] -- Installing: /home/moad/VigiWheels/raspberryPI3/ros2_ws/install/interfaces/include/interfaces/interfaces/msg/detail/system_check__rosidl_typesupport_fastrtps_cpp.hpp
[6.386s] -- Installing: /home/moad/VigiWheels/raspberryPI3/ros2_ws/install/interfaces/include/interfaces/interfaces/msg/detail/manometer_info__rosidl_typesupport_fastrtps_cpp.hpp
[6.386s] -- Installing: /home/moad/VigiWheels/raspberryPI3/ros2_ws/install/interfaces/include/interfaces/interfaces/msg/detail/general_data__rosidl_typesupport_fastrtps_cpp.hpp
[6.386s] -- Installing: /home/moad/VigiWheels/raspberryPI3/ros2_ws/install/interfaces/include/interfaces/interfaces/msg/detail/gnss__rosidl_typesupport_fastrtps_cpp.hpp
[6.387s] -- Installing: /home/moad/VigiWheels/raspberryPI3/ros2_ws/install/interfaces/include/interfaces/interfaces/msg/detail/joystick_order__rosidl_typesupport_fastrtps_cpp.hpp
[6.387s] -- Installing: /home/moad/VigiWheels/raspberryPI3/ros2_ws/install/interfaces/include/interfaces/interfaces/msg/detail/ultrasonic__rosidl_typesupport_fastrtps_cpp.hpp
[6.387s] -- Installing: /home/moad/VigiWheels/raspberryPI3/ros2_ws/install/interfaces/include/interfaces/interfaces/msg/rosidl_typesupport_fastrtps_cpp__visibility_control.h
[6.387s] -- Installing: /home/moad/VigiWheels/raspberryPI3/ros2_ws/install/interfaces/lib/libinterfaces__rosidl_typesupport_fastrtps_cpp.so
[6.387s] -- Set runtime path of "/home/moad/VigiWheels/raspberryPI3/ros2_ws/install/interfaces/lib/libinterfaces__rosidl_typesupport_fastrtps_cpp.so" to ""
[6.387s] -- Up-to-date: /home/moad/VigiWheels/raspberryPI3/ros2_ws/install/interfaces/include/interfaces/interfaces
[6.387s] -- Up-to-date: /home/moad/VigiWheels/raspberryPI3/ros2_ws/install/interfaces/include/interfaces/interfaces/msg
[6.387s] -- Up-to-date: /home/moad/VigiWheels/raspberryPI3/ros2_ws/install/interfaces/include/interfaces/interfaces/msg/detail
[6.387s] -- Installing: /home/moad/VigiWheels/raspberryPI3/ros2_ws/install/interfaces/include/interfaces/interfaces/msg/detail/gnss__rosidl_typesupport_introspection_c.h
[6.387s] -- Installing: /home/moad/VigiWheels/raspberryPI3/ros2_ws/install/interfaces/include/interfaces/interfaces/msg/detail/manometer_info__rosidl_typesupport_introspection_c.h
[6.387s] -- Installing: /home/moad/VigiWheels/raspberryPI3/ros2_ws/install/interfaces/include/interfaces/interfaces/msg/detail/motors_order__type_support.c
[6.388s] -- Installing: /home/moad/VigiWheels/raspberryPI3/ros2_ws/install/interfaces/include/interfaces/interfaces/msg/detail/motors_feedback__type_support.c
[6.388s] -- Installing: /home/moad/VigiWheels/raspberryPI3/ros2_ws/install/interfaces/include/interfaces/interfaces/msg/detail/system_check__type_support.c
[6.388s] -- Installing: /home/moad/VigiWheels/raspberryPI3/ros2_ws/install/interfaces/include/interfaces/interfaces/msg/detail/joystick_order__rosidl_typesupport_introspection_c.h
[6.388s] -- Installing: /home/moad/VigiWheels/raspberryPI3/ros2_ws/install/interfaces/include/interfaces/interfaces/msg/detail/general_data__type_support.c
[6.388s] -- Installing: /home/moad/VigiWheels/raspberryPI3/ros2_ws/install/interfaces/include/interfaces/interfaces/msg/detail/joystick_order__type_support.c
[6.388s] -- Installing: /home/moad/VigiWheels/raspberryPI3/ros2_ws/install/interfaces/include/interfaces/interfaces/msg/detail/system_check__rosidl_typesupport_introspection_c.h
[6.388s] -- Installing: /home/moad/VigiWheels/raspberryPI3/ros2_ws/install/interfaces/include/interfaces/interfaces/msg/detail/general_data__rosidl_typesupport_introspection_c.h
[6.388s] -- Installing: /home/moad/VigiWheels/raspberryPI3/ros2_ws/install/interfaces/include/interfaces/interfaces/msg/detail/ultrasonic__type_support.c
[6.388s] -- Installing: /home/moad/VigiWheels/raspberryPI3/ros2_ws/install/interfaces/include/interfaces/interfaces/msg/detail/motors_order__rosidl_typesupport_introspection_c.h
[6.389s] -- Installing: /home/moad/VigiWheels/raspberryPI3/ros2_ws/install/interfaces/include/interfaces/interfaces/msg/detail/ultrasonic__rosidl_typesupport_introspection_c.h
[6.389s] -- Installing: /home/moad/VigiWheels/raspberryPI3/ros2_ws/install/interfaces/include/interfaces/interfaces/msg/detail/steering_calibration__rosidl_typesupport_introspection_c.h
[6.389s] -- Installing: /home/moad/VigiWheels/raspberryPI3/ros2_ws/install/interfaces/include/interfaces/interfaces/msg/detail/gnss__type_support.c
[6.389s] -- Installing: /home/moad/VigiWheels/raspberryPI3/ros2_ws/install/interfaces/include/interfaces/interfaces/msg/detail/motors_feedback__rosidl_typesupport_introspection_c.h
[6.389s] -- Installing: /home/moad/VigiWheels/raspberryPI3/ros2_ws/install/interfaces/include/interfaces/interfaces/msg/detail/manometer_info__type_support.c
[6.389s] -- Installing: /home/moad/VigiWheels/raspberryPI3/ros2_ws/install/interfaces/include/interfaces/interfaces/msg/detail/steering_calibration__type_support.c
[6.389s] -- Installing: /home/moad/VigiWheels/raspberryPI3/ros2_ws/install/interfaces/include/interfaces/interfaces/msg/rosidl_typesupport_introspection_c__visibility_control.h
[6.389s] -- Installing: /home/moad/VigiWheels/raspberryPI3/ros2_ws/install/interfaces/lib/libinterfaces__rosidl_typesupport_introspection_c.so
[6.389s] -- Set runtime path of "/home/moad/VigiWheels/raspberryPI3/ros2_ws/install/interfaces/lib/libinterfaces__rosidl_typesupport_introspection_c.so" to ""
[6.389s] -- Installing: /home/moad/VigiWheels/raspberryPI3/ros2_ws/install/interfaces/lib/libinterfaces__rosidl_typesupport_c.so
[6.389s] -- Set runtime path of "/home/moad/VigiWheels/raspberryPI3/ros2_ws/install/interfaces/lib/libinterfaces__rosidl_typesupport_c.so" to ""
[6.389s] -- Up-to-date: /home/moad/VigiWheels/raspberryPI3/ros2_ws/install/interfaces/include/interfaces/interfaces
[6.389s] -- Up-to-date: /home/moad/VigiWheels/raspberryPI3/ros2_ws/install/interfaces/include/interfaces/interfaces/msg
[6.389s] -- Up-to-date: /home/moad/VigiWheels/raspberryPI3/ros2_ws/install/interfaces/include/interfaces/interfaces/msg/detail
[6.390s] -- Installing: /home/moad/VigiWheels/raspberryPI3/ros2_ws/install/interfaces/include/interfaces/interfaces/msg/detail/general_data__rosidl_typesupport_introspection_cpp.hpp
[6.390s] -- Installing: /home/moad/VigiWheels/raspberryPI3/ros2_ws/install/interfaces/include/interfaces/interfaces/msg/detail/ultrasonic__type_support.cpp
[6.390s] -- Installing: /home/moad/VigiWheels/raspberryPI3/ros2_ws/install/interfaces/include/interfaces/interfaces/msg/detail/steering_calibration__type_support.cpp
[6.390s] -- Installing: /home/moad/VigiWheels/raspberryPI3/ros2_ws/install/interfaces/include/interfaces/interfaces/msg/detail/joystick_order__type_support.cpp
[6.390s] -- Installing: /home/moad/VigiWheels/raspberryPI3/ros2_ws/install/interfaces/include/interfaces/interfaces/msg/detail/motors_feedback__type_support.cpp
[6.390s] -- Installing: /home/moad/VigiWheels/raspberryPI3/ros2_ws/install/interfaces/include/interfaces/interfaces/msg/detail/gnss__type_support.cpp
[6.390s] -- Installing: /home/moad/VigiWheels/raspberryPI3/ros2_ws/install/interfaces/include/interfaces/interfaces/msg/detail/manometer_info__rosidl_typesupport_introspection_cpp.hpp
[6.390s] -- Installing: /home/moad/VigiWheels/raspberryPI3/ros2_ws/install/interfaces/include/interfaces/interfaces/msg/detail/system_check__type_support.cpp
[6.390s] -- Installing: /home/moad/VigiWheels/raspberryPI3/ros2_ws/install/interfaces/include/interfaces/interfaces/msg/detail/manometer_info__type_support.cpp
[6.390s] -- Installing: /home/moad/VigiWheels/raspberryPI3/ros2_ws/install/interfaces/include/interfaces/interfaces/msg/detail/motors_feedback__rosidl_typesupport_introspection_cpp.hpp
[6.390s] -- Installing: /home/moad/VigiWheels/raspberryPI3/ros2_ws/install/interfaces/include/interfaces/interfaces/msg/detail/steering_calibration__rosidl_typesupport_introspection_cpp.hpp
[6.390s] -- Installing: /home/moad/VigiWheels/raspberryPI3/ros2_ws/install/interfaces/include/interfaces/interfaces/msg/detail/gnss__rosidl_typesupport_introspection_cpp.hpp
[6.390s] -- Installing: /home/moad/VigiWheels/raspberryPI3/ros2_ws/install/interfaces/include/interfaces/interfaces/msg/detail/motors_order__rosidl_typesupport_introspection_cpp.hpp
[6.390s] -- Installing: /home/moad/VigiWheels/raspberryPI3/ros2_ws/install/interfaces/include/interfaces/interfaces/msg/detail/system_check__rosidl_typesupport_introspection_cpp.hpp
[6.390s] -- Installing: /home/moad/VigiWheels/raspberryPI3/ros2_ws/install/interfaces/include/interfaces/interfaces/msg/detail/general_data__type_support.cpp
[6.390s] -- Installing: /home/moad/VigiWheels/raspberryPI3/ros2_ws/install/interfaces/include/interfaces/interfaces/msg/detail/ultrasonic__rosidl_typesupport_introspection_cpp.hpp
[6.390s] -- Installing: /home/moad/VigiWheels/raspberryPI3/ros2_ws/install/interfaces/include/interfaces/interfaces/msg/detail/joystick_order__rosidl_typesupport_introspection_cpp.hpp
[6.390s] -- Installing: /home/moad/VigiWheels/raspberryPI3/ros2_ws/install/interfaces/include/interfaces/interfaces/msg/detail/motors_order__type_support.cpp
[6.390s] -- Installing: /home/moad/VigiWheels/raspberryPI3/ros2_ws/install/interfaces/lib/libinterfaces__rosidl_typesupport_introspection_cpp.so
[6.390s] -- Set runtime path of "/home/moad/VigiWheels/raspberryPI3/ros2_ws/install/interfaces/lib/libinterfaces__rosidl_typesupport_introspection_cpp.so" to ""
[6.390s] -- Installing: /home/moad/VigiWheels/raspberryPI3/ros2_ws/install/interfaces/lib/libinterfaces__rosidl_typesupport_cpp.so
[6.390s] -- Set runtime path of "/home/moad/VigiWheels/raspberryPI3/ros2_ws/install/interfaces/lib/libinterfaces__rosidl_typesupport_cpp.so" to ""
[6.390s] -- Installing: /home/moad/VigiWheels/raspberryPI3/ros2_ws/install/interfaces/share/interfaces/environment/pythonpath.sh
[6.390s] -- Installing: /home/moad/VigiWheels/raspberryPI3/ros2_ws/install/interfaces/share/interfaces/environment/pythonpath.dsv
[6.390s] -- Installing: /home/moad/VigiWheels/raspberryPI3/ros2_ws/install/interfaces/local/lib/python3.10/dist-packages/interfaces-0.0.0-py3.10.egg-info
[6.390s] -- Installing: /home/moad/VigiWheels/raspberryPI3/ros2_ws/install/interfaces/local/lib/python3.10/dist-packages/interfaces-0.0.0-py3.10.egg-info/SOURCES.txt
[6.390s] -- Installing: /home/moad/VigiWheels/raspberryPI3/ros2_ws/install/interfaces/local/lib/python3.10/dist-packages/interfaces-0.0.0-py3.10.egg-info/dependency_links.txt
[6.390s] -- Installing: /home/moad/VigiWheels/raspberryPI3/ros2_ws/install/interfaces/local/lib/python3.10/dist-packages/interfaces-0.0.0-py3.10.egg-info/top_level.txt
[6.390s] -- Installing: /home/moad/VigiWheels/raspberryPI3/ros2_ws/install/interfaces/local/lib/python3.10/dist-packages/interfaces-0.0.0-py3.10.egg-info/PKG-INFO
[6.390s] -- Installing: /home/moad/VigiWheels/raspberryPI3/ros2_ws/install/interfaces/local/lib/python3.10/dist-packages/interfaces
[6.390s] -- Installing: /home/moad/VigiWheels/raspberryPI3/ros2_ws/install/interfaces/local/lib/python3.10/dist-packages/interfaces/interfaces_s__rosidl_typesupport_fastrtps_c.cpython-310-x86_64-linux-gnu.so
[6.390s] -- Installing: /home/moad/VigiWheels/raspberryPI3/ros2_ws/install/interfaces/local/lib/python3.10/dist-packages/interfaces/_interfaces_s.ep.rosidl_typesupport_c.c
[6.390s] -- Installing: /home/moad/VigiWheels/raspberryPI3/ros2_ws/install/interfaces/local/lib/python3.10/dist-packages/interfaces/interfaces_s__rosidl_typesupport_introspection_c.cpython-310-x86_64-linux-gnu.so
[6.390s] -- Installing: /home/moad/VigiWheels/raspberryPI3/ros2_ws/install/interfaces/local/lib/python3.10/dist-packages/interfaces/_interfaces_s.ep.rosidl_typesupport_fastrtps_c.c
[6.390s] -- Installing: /home/moad/VigiWheels/raspberryPI3/ros2_ws/install/interfaces/local/lib/python3.10/dist-packages/interfaces/_interfaces_s.ep.rosidl_typesupport_introspection_c.c
[6.390s] -- Installing: /home/moad/VigiWheels/raspberryPI3/ros2_ws/install/interfaces/local/lib/python3.10/dist-packages/interfaces/msg
[6.390s] -- Installing: /home/moad/VigiWheels/raspberryPI3/ros2_ws/install/interfaces/local/lib/python3.10/dist-packages/interfaces/msg/_steering_calibration_s.c
[6.391s] -- Installing: /home/moad/VigiWheels/raspberryPI3/ros2_ws/install/interfaces/local/lib/python3.10/dist-packages/interfaces/msg/_ultrasonic_s.c
[6.391s] -- Installing: /home/moad/VigiWheels/raspberryPI3/ros2_ws/install/interfaces/local/lib/python3.10/dist-packages/interfaces/msg/_gnss_s.c
[6.391s] -- Installing: /home/moad/VigiWheels/raspberryPI3/ros2_ws/install/interfaces/local/lib/python3.10/dist-packages/interfaces/msg/_motors_order_s.c
[6.391s] -- Installing: /home/moad/VigiWheels/raspberryPI3/ros2_ws/install/interfaces/local/lib/python3.10/dist-packages/interfaces/msg/_general_data.py
[6.391s] -- Installing: /home/moad/VigiWheels/raspberryPI3/ros2_ws/install/interfaces/local/lib/python3.10/dist-packages/interfaces/msg/_motors_feedback.py
[6.391s] -- Installing: /home/moad/VigiWheels/raspberryPI3/ros2_ws/install/interfaces/local/lib/python3.10/dist-packages/interfaces/msg/_manometer_info.py
[6.391s] -- Installing: /home/moad/VigiWheels/raspberryPI3/ros2_ws/install/interfaces/local/lib/python3.10/dist-packages/interfaces/msg/_system_check_s.c
[6.391s] -- Installing: /home/moad/VigiWheels/raspberryPI3/ros2_ws/install/interfaces/local/lib/python3.10/dist-packages/interfaces/msg/_gnss.py
[6.391s] -- Installing: /home/moad/VigiWheels/raspberryPI3/ros2_ws/install/interfaces/local/lib/python3.10/dist-packages/interfaces/msg/_ultrasonic.py
[6.391s] -- Installing: /home/moad/VigiWheels/raspberryPI3/ros2_ws/install/interfaces/local/lib/python3.10/dist-packages/interfaces/msg/__init__.py
[6.391s] -- Installing: /home/moad/VigiWheels/raspberryPI3/ros2_ws/install/interfaces/local/lib/python3.10/dist-packages/interfaces/msg/_joystick_order_s.c
[6.391s] -- Installing: /home/moad/VigiWheels/raspberryPI3/ros2_ws/install/interfaces/local/lib/python3.10/dist-packages/interfaces/msg/_system_check.py
[6.391s] -- Installing: /home/moad/VigiWheels/raspberryPI3/ros2_ws/install/interfaces/local/lib/python3.10/dist-packages/interfaces/msg/_motors_order.py
[6.391s] -- Installing: /home/moad/VigiWheels/raspberryPI3/ros2_ws/install/interfaces/local/lib/python3.10/dist-packages/interfaces/msg/_motors_feedback_s.c
[6.391s] -- Installing: /home/moad/VigiWheels/raspberryPI3/ros2_ws/install/interfaces/local/lib/python3.10/dist-packages/interfaces/msg/_joystick_order.py
[6.391s] -- Installing: /home/moad/VigiWheels/raspberryPI3/ros2_ws/install/interfaces/local/lib/python3.10/dist-packages/interfaces/msg/_manometer_info_s.c
[6.391s] -- Installing: /home/moad/VigiWheels/raspberryPI3/ros2_ws/install/interfaces/local/lib/python3.10/dist-packages/interfaces/msg/_general_data_s.c
[6.391s] -- Installing: /home/moad/VigiWheels/raspberryPI3/ros2_ws/install/interfaces/local/lib/python3.10/dist-packages/interfaces/msg/_steering_calibration.py
[6.391s] -- Installing: /home/moad/VigiWheels/raspberryPI3/ros2_ws/install/interfaces/local/lib/python3.10/dist-packages/interfaces/interfaces_s__rosidl_typesupport_c.cpython-310-x86_64-linux-gnu.so
[6.391s] -- Installing: /home/moad/VigiWheels/raspberryPI3/ros2_ws/install/interfaces/local/lib/python3.10/dist-packages/interfaces/__init__.py
[6.391s] -- Installing: /home/moad/VigiWheels/raspberryPI3/ros2_ws/install/interfaces/local/lib/python3.10/dist-packages/interfaces/libinterfaces__rosidl_generator_py.so
[6.419s] Listing '/home/moad/VigiWheels/raspberryPI3/ros2_ws/install/interfaces/local/lib/python3.10/dist-packages/interfaces'...
[6.420s] Compiling '/home/moad/VigiWheels/raspberryPI3/ros2_ws/install/interfaces/local/lib/python3.10/dist-packages/interfaces/__init__.py'...
[6.420s] Listing '/home/moad/VigiWheels/raspberryPI3/ros2_ws/install/interfaces/local/lib/python3.10/dist-packages/interfaces/msg'...
[6.420s] Compiling '/home/moad/VigiWheels/raspberryPI3/ros2_ws/install/interfaces/local/lib/python3.10/dist-packages/interfaces/msg/__init__.py'...
[6.420s] Compiling '/home/moad/VigiWheels/raspberryPI3/ros2_ws/install/interfaces/local/lib/python3.10/dist-packages/interfaces/msg/_general_data.py'...
[6.420s] Compiling '/home/moad/VigiWheels/raspberryPI3/ros2_ws/install/interfaces/local/lib/python3.10/dist-packages/interfaces/msg/_gnss.py'...
[6.420s] Compiling '/home/moad/VigiWheels/raspberryPI3/ros2_ws/install/interfaces/local/lib/python3.10/dist-packages/interfaces/msg/_joystick_order.py'...
[6.420s] Compiling '/home/moad/VigiWheels/raspberryPI3/ros2_ws/install/interfaces/local/lib/python3.10/dist-packages/interfaces/msg/_manometer_info.py'...
[6.420s] Compiling '/home/moad/VigiWheels/raspberryPI3/ros2_ws/install/interfaces/local/lib/python3.10/dist-packages/interfaces/msg/_motors_feedback.py'...
[6.420s] Compiling '/home/moad/VigiWheels/raspberryPI3/ros2_ws/install/interfaces/local/lib/python3.10/dist-packages/interfaces/msg/_motors_order.py'...
[6.420s] Compiling '/home/moad/VigiWheels/raspberryPI3/ros2_ws/install/interfaces/local/lib/python3.10/dist-packages/interfaces/msg/_steering_calibration.py'...
[6.420s] Compiling '/home/moad/VigiWheels/raspberryPI3/ros2_ws/install/interfaces/local/lib/python3.10/dist-packages/interfaces/msg/_system_check.py'...
[6.420s] Compiling '/home/moad/VigiWheels/raspberryPI3/ros2_ws/install/interfaces/local/lib/python3.10/dist-packages/interfaces/msg/_ultrasonic.py'...
[6.423s] -- Installing: /home/moad/VigiWheels/raspberryPI3/ros2_ws/install/interfaces/local/lib/python3.10/dist-packages/interfaces/interfaces_s__rosidl_typesupport_fastrtps_c.cpython-310-x86_64-linux-gnu.so
[6.423s] -- Set runtime path of "/home/moad/VigiWheels/raspberryPI3/ros2_ws/install/interfaces/local/lib/python3.10/dist-packages/interfaces/interfaces_s__rosidl_typesupport_fastrtps_c.cpython-310-x86_64-linux-gnu.so" to ""
[6.423s] -- Installing: /home/moad/VigiWheels/raspberryPI3/ros2_ws/install/interfaces/local/lib/python3.10/dist-packages/interfaces/interfaces_s__rosidl_typesupport_introspection_c.cpython-310-x86_64-linux-gnu.so
[6.423s] -- Set runtime path of "/home/moad/VigiWheels/raspberryPI3/ros2_ws/install/interfaces/local/lib/python3.10/dist-packages/interfaces/interfaces_s__rosidl_typesupport_introspection_c.cpython-310-x86_64-linux-gnu.so" to ""
[6.424s] -- Installing: /home/moad/VigiWheels/raspberryPI3/ros2_ws/install/interfaces/local/lib/python3.10/dist-packages/interfaces/interfaces_s__rosidl_typesupport_c.cpython-310-x86_64-linux-gnu.so
[6.424s] -- Set runtime path of "/home/moad/VigiWheels/raspberryPI3/ros2_ws/install/interfaces/local/lib/python3.10/dist-packages/interfaces/interfaces_s__rosidl_typesupport_c.cpython-310-x86_64-linux-gnu.so" to ""
[6.424s] -- Installing: /home/moad/VigiWheels/raspberryPI3/ros2_ws/install/interfaces/lib/libinterfaces__rosidl_generator_py.so
[6.424s] -- Set runtime path of "/home/moad/VigiWheels/raspberryPI3/ros2_ws/install/interfaces/lib/libinterfaces__rosidl_generator_py.so" to ""
[6.424s] -- Installing: /home/moad/VigiWheels/raspberryPI3/ros2_ws/install/interfaces/share/interfaces/msg/JoystickOrder.idl
[6.425s] -- Installing: /home/moad/VigiWheels/raspberryPI3/ros2_ws/install/interfaces/share/interfaces/msg/MotorsOrder.idl
[6.425s] -- Installing: /home/moad/VigiWheels/raspberryPI3/ros2_ws/install/interfaces/share/interfaces/msg/MotorsFeedback.idl
[6.425s] -- Installing: /home/moad/VigiWheels/raspberryPI3/ros2_ws/install/interfaces/share/interfaces/msg/GeneralData.idl
[6.425s] -- Installing: /home/moad/VigiWheels/raspberryPI3/ros2_ws/install/interfaces/share/interfaces/msg/SteeringCalibration.idl
[6.425s] -- Installing: /home/moad/VigiWheels/raspberryPI3/ros2_ws/install/interfaces/share/interfaces/msg/Ultrasonic.idl
[6.425s] -- Installing: /home/moad/VigiWheels/raspberryPI3/ros2_ws/install/interfaces/share/interfaces/msg/Gnss.idl
[6.425s] -- Installing: /home/moad/VigiWheels/raspberryPI3/ros2_ws/install/interfaces/share/interfaces/msg/SystemCheck.idl
[6.425s] -- Installing: /home/moad/VigiWheels/raspberryPI3/ros2_ws/install/interfaces/share/interfaces/msg/ManometerInfo.idl
[6.426s] -- Installing: /home/moad/VigiWheels/raspberryPI3/ros2_ws/install/interfaces/share/interfaces/msg/JoystickOrder.msg
[6.426s] -- Installing: /home/moad/VigiWheels/raspberryPI3/ros2_ws/install/interfaces/share/interfaces/msg/MotorsOrder.msg
[6.426s] -- Installing: /home/moad/VigiWheels/raspberryPI3/ros2_ws/install/interfaces/share/interfaces/msg/MotorsFeedback.msg
[6.426s] -- Installing: /home/moad/VigiWheels/raspberryPI3/ros2_ws/install/interfaces/share/interfaces/msg/GeneralData.msg
[6.426s] -- Installing: /home/moad/VigiWheels/raspberryPI3/ros2_ws/install/interfaces/share/interfaces/msg/SteeringCalibration.msg
[6.426s] -- Installing: /home/moad/VigiWheels/raspberryPI3/ros2_ws/install/interfaces/share/interfaces/msg/Ultrasonic.msg
[6.426s] -- Installing: /home/moad/VigiWheels/raspberryPI3/ros2_ws/install/interfaces/share/interfaces/msg/Gnss.msg
[6.427s] -- Installing: /home/moad/VigiWheels/raspberryPI3/ros2_ws/install/interfaces/share/interfaces/msg/SystemCheck.msg
[6.427s] -- Installing: /home/moad/VigiWheels/raspberryPI3/ros2_ws/install/interfaces/share/interfaces/msg/ManometerInfo.msg
[6.427s] -- Installing: /home/moad/VigiWheels/raspberryPI3/ros2_ws/install/interfaces/share/ament_index/resource_index/package_run_dependencies/interfaces
[6.427s] -- Installing: /home/moad/VigiWheels/raspberryPI3/ros2_ws/install/interfaces/share/ament_index/resource_index/parent_prefix_path/interfaces
[6.427s] -- Installing: /home/moad/VigiWheels/raspberryPI3/ros2_ws/install/interfaces/share/interfaces/environment/ament_prefix_path.sh
[6.427s] -- Installing: /home/moad/VigiWheels/raspberryPI3/ros2_ws/install/interfaces/share/interfaces/environment/ament_prefix_path.dsv
[6.428s] -- Installing: /home/moad/VigiWheels/raspberryPI3/ros2_ws/install/interfaces/share/interfaces/environment/path.sh
[6.428s] -- Installing: /home/moad/VigiWheels/raspberryPI3/ros2_ws/install/interfaces/share/interfaces/environment/path.dsv
[6.428s] -- Installing: /home/moad/VigiWheels/raspberryPI3/ros2_ws/install/interfaces/share/interfaces/local_setup.bash
[6.428s] -- Installing: /home/moad/VigiWheels/raspberryPI3/ros2_ws/install/interfaces/share/interfaces/local_setup.sh
[6.428s] -- Installing: /home/moad/VigiWheels/raspberryPI3/ros2_ws/install/interfaces/share/interfaces/local_setup.zsh
[6.428s] -- Installing: /home/moad/VigiWheels/raspberryPI3/ros2_ws/install/interfaces/share/interfaces/local_setup.dsv
[6.428s] -- Installing: /home/moad/VigiWheels/raspberryPI3/ros2_ws/install/interfaces/share/interfaces/package.dsv
[6.428s] -- Installing: /home/moad/VigiWheels/raspberryPI3/ros2_ws/install/interfaces/share/ament_index/resource_index/packages/interfaces
[6.429s] -- Installing: /home/moad/VigiWheels/raspberryPI3/ros2_ws/install/interfaces/share/interfaces/cmake/export_interfaces__rosidl_generator_cExport.cmake
[6.429s] -- Installing: /home/moad/VigiWheels/raspberryPI3/ros2_ws/install/interfaces/share/interfaces/cmake/export_interfaces__rosidl_generator_cExport-noconfig.cmake
[6.429s] -- Installing: /home/moad/VigiWheels/raspberryPI3/ros2_ws/install/interfaces/share/interfaces/cmake/export_interfaces__rosidl_typesupport_fastrtps_cExport.cmake
[6.429s] -- Installing: /home/moad/VigiWheels/raspberryPI3/ros2_ws/install/interfaces/share/interfaces/cmake/export_interfaces__rosidl_typesupport_fastrtps_cExport-noconfig.cmake
[6.429s] -- Installing: /home/moad/VigiWheels/raspberryPI3/ros2_ws/install/interfaces/share/interfaces/cmake/export_interfaces__rosidl_generator_cppExport.cmake
[6.429s] -- Installing: /home/moad/VigiWheels/raspberryPI3/ros2_ws/install/interfaces/share/interfaces/cmake/export_interfaces__rosidl_typesupport_fastrtps_cppExport.cmake
[6.430s] -- Installing: /home/moad/VigiWheels/raspberryPI3/ros2_ws/install/interfaces/share/interfaces/cmake/export_interfaces__rosidl_typesupport_fastrtps_cppExport-noconfig.cmake
[6.430s] -- Installing: /home/moad/VigiWheels/raspberryPI3/ros2_ws/install/interfaces/share/interfaces/cmake/interfaces__rosidl_typesupport_introspection_cExport.cmake
[6.430s] -- Installing: /home/moad/VigiWheels/raspberryPI3/ros2_ws/install/interfaces/share/interfaces/cmake/interfaces__rosidl_typesupport_introspection_cExport-noconfig.cmake
[6.430s] -- Installing: /home/moad/VigiWheels/raspberryPI3/ros2_ws/install/interfaces/share/interfaces/cmake/interfaces__rosidl_typesupport_cExport.cmake
[6.430s] -- Installing: /home/moad/VigiWheels/raspberryPI3/ros2_ws/install/interfaces/share/interfaces/cmake/interfaces__rosidl_typesupport_cExport-noconfig.cmake
[6.430s] -- Installing: /home/moad/VigiWheels/raspberryPI3/ros2_ws/install/interfaces/share/interfaces/cmake/interfaces__rosidl_typesupport_introspection_cppExport.cmake
[6.430s] -- Installing: /home/moad/VigiWheels/raspberryPI3/ros2_ws/install/interfaces/share/interfaces/cmake/interfaces__rosidl_typesupport_introspection_cppExport-noconfig.cmake
[6.430s] -- Installing: /home/moad/VigiWheels/raspberryPI3/ros2_ws/install/interfaces/share/interfaces/cmake/interfaces__rosidl_typesupport_cppExport.cmake
[6.430s] -- Installing: /home/moad/VigiWheels/raspberryPI3/ros2_ws/install/interfaces/share/interfaces/cmake/interfaces__rosidl_typesupport_cppExport-noconfig.cmake
[6.430s] -- Installing: /home/moad/VigiWheels/raspberryPI3/ros2_ws/install/interfaces/share/interfaces/cmake/export_interfaces__rosidl_generator_pyExport.cmake
[6.430s] -- Installing: /home/moad/VigiWheels/raspberryPI3/ros2_ws/install/interfaces/share/interfaces/cmake/export_interfaces__rosidl_generator_pyExport-noconfig.cmake
[6.430s] -- Installing: /home/moad/VigiWheels/raspberryPI3/ros2_ws/install/interfaces/share/interfaces/cmake/rosidl_cmake-extras.cmake
[6.430s] -- Installing: /home/moad/VigiWheels/raspberryPI3/ros2_ws/install/interfaces/share/interfaces/cmake/ament_cmake_export_include_directories-extras.cmake
[6.430s] -- Installing: /home/moad/VigiWheels/raspberryPI3/ros2_ws/install/interfaces/share/interfaces/cmake/ament_cmake_export_libraries-extras.cmake
[6.430s] -- Installing: /home/moad/VigiWheels/raspberryPI3/ros2_ws/install/interfaces/share/interfaces/cmake/ament_cmake_export_targets-extras.cmake
[6.430s] -- Installing: /home/moad/VigiWheels/raspberryPI3/ros2_ws/install/interfaces/share/interfaces/cmake/rosidl_cmake_export_typesupport_targets-extras.cmake
[6.430s] -- Installing: /home/moad/VigiWheels/raspberryPI3/ros2_ws/install/interfaces/share/interfaces/cmake/ament_cmake_export_dependencies-extras.cmake
[6.430s] -- Installing: /home/moad/VigiWheels/raspberryPI3/ros2_ws/install/interfaces/share/interfaces/cmake/rosidl_cmake_export_typesupport_libraries-extras.cmake
[6.431s] -- Installing: /home/moad/VigiWheels/raspberryPI3/ros2_ws/install/interfaces/share/interfaces/cmake/interfacesConfig.cmake
[6.431s] -- Installing: /home/moad/VigiWheels/raspberryPI3/ros2_ws/install/interfaces/share/interfaces/cmake/interfacesConfig-version.cmake
[6.431s] -- Installing: /home/moad/VigiWheels/raspberryPI3/ros2_ws/install/interfaces/share/interfaces/package.xml
[6.432s] Invoked command in '/home/moad/VigiWheels/raspberryPI3/ros2_ws/build/interfaces' returned '0': CMAKE_PREFIX_PATH=${CMAKE_PREFIX_PATH}:/home/moad/VigiWheels/jetsonNano/ros2_ws/src/install/manometer_detection:/home/moad/VigiWheels/jetsonNano/ros2_ws/install/manometer_detection:/home/moad/ros2_ws/install/my_robot_controller:/home/moad/ros2_ws/install/manometer_detection:/opt/ros/humble /usr/bin/cmake --install /home/moad/VigiWheels/raspberryPI3/ros2_ws/build/interfaces
