[35m[1mConsolidate compiler generated dependencies of target pressure_node_ex[0m
[ 50%] [32mBuilding CXX object CMakeFiles/pressure_node_ex.dir/src/pressure_node.cpp.o[0m
[100%] [32m[1mLinking CXX executable pressure_node_ex[0m
[100%] Built target pressure_node_ex
-- Install configuration: ""
-- Installing: /home/insa/Desktop/VigiWheels2.0/raspberryPI3/ros2_ws/install/pressure_level/lib/pressure_level/pressure_node_ex
-- Set runtime path of "/home/insa/Desktop/VigiWheels2.0/raspberryPI3/ros2_ws/install/pressure_level/lib/pressure_level/pressure_node_ex" to ""
-- Installing: /home/insa/Desktop/VigiWheels2.0/raspberryPI3/ros2_ws/install/pressure_level/share/ament_index/resource_index/package_run_dependencies/pressure_level
-- Installing: /home/insa/Desktop/VigiWheels2.0/raspberryPI3/ros2_ws/install/pressure_level/share/ament_index/resource_index/parent_prefix_path/pressure_level
-- Installing: /home/insa/Desktop/VigiWheels2.0/raspberryPI3/ros2_ws/install/pressure_level/share/pressure_level/environment/ament_prefix_path.sh
-- Installing: /home/insa/Desktop/VigiWheels2.0/raspberryPI3/ros2_ws/install/pressure_level/share/pressure_level/environment/ament_prefix_path.dsv
-- Installing: /home/insa/Desktop/VigiWheels2.0/raspberryPI3/ros2_ws/install/pressure_level/share/pressure_level/environment/path.sh
-- Installing: /home/insa/Desktop/VigiWheels2.0/raspberryPI3/ros2_ws/install/pressure_level/share/pressure_level/environment/path.dsv
-- Installing: /home/insa/Desktop/VigiWheels2.0/raspberryPI3/ros2_ws/install/pressure_level/share/pressure_level/local_setup.bash
-- Installing: /home/insa/Desktop/VigiWheels2.0/raspberryPI3/ros2_ws/install/pressure_level/share/pressure_level/local_setup.sh
-- Installing: /home/insa/Desktop/VigiWheels2.0/raspberryPI3/ros2_ws/install/pressure_level/share/pressure_level/local_setup.zsh
-- Installing: /home/insa/Desktop/VigiWheels2.0/raspberryPI3/ros2_ws/install/pressure_level/share/pressure_level/local_setup.dsv
-- Installing: /home/insa/Desktop/VigiWheels2.0/raspberryPI3/ros2_ws/install/pressure_level/share/pressure_level/package.dsv
-- Installing: /home/insa/Desktop/VigiWheels2.0/raspberryPI3/ros2_ws/install/pressure_level/share/ament_index/resource_index/packages/pressure_level
-- Installing: /home/insa/Desktop/VigiWheels2.0/raspberryPI3/ros2_ws/install/pressure_level/share/pressure_level/cmake/pressure_levelConfig.cmake
-- Installing: /home/insa/Desktop/VigiWheels2.0/raspberryPI3/ros2_ws/install/pressure_level/share/pressure_level/cmake/pressure_levelConfig-version.cmake
-- Installing: /home/insa/Desktop/VigiWheels2.0/raspberryPI3/ros2_ws/install/pressure_level/share/pressure_level/package.xml
