[0.248s] Invoking command in '/home/insa/Desktop/VigiWheels/raspberryPI3/ros2_ws/build/car_control': CMAKE_PREFIX_PATH=/home/insa/Desktop/VigiWheels/raspberryPI3/ros2_ws/install/interfaces:/home/insa/Desktop/VigiWheels/raspberryPI3/ros2_ws/install/fire_detection:/home/insa/ros2_ws/install/my_fire_pkg:/home/insa/ros2_ws/install/demo_sensor_pkg:/home/insa/ros2_ws/install/my_robot_interfaces:/home/insa/ros2_ws/install/my_cpp_pkg:/home/insa/ros2_ws/install/johann_cpp_pkg:/opt/ros/humble /usr/bin/cmake /home/insa/Desktop/VigiWheels/raspberryPI3/ros2_ws/src/car_control -DCMAKE_INSTALL_PREFIX=/home/insa/Desktop/VigiWheels/raspberryPI3/ros2_ws/install/car_control
[0.322s] -- The C compiler identification is GNU 11.4.0
[0.396s] -- The CXX compiler identification is GNU 11.4.0
[0.407s] -- Detecting C compiler ABI info
[0.510s] -- Detecting C compiler ABI info - done
[0.524s] -- Check for working C compiler: /usr/bin/cc - skipped
[0.525s] -- Detecting C compile features
[0.525s] -- Detecting C compile features - done
[0.531s] -- Detecting CXX compiler ABI info
[0.666s] -- Detecting CXX compiler ABI info - done
[0.679s] -- Check for working CXX compiler: /usr/bin/c++ - skipped
[0.679s] -- Detecting CXX compile features
[0.680s] -- Detecting CXX compile features - done
[0.685s] -- Found ament_cmake: 1.3.5 (/opt/ros/humble/share/ament_cmake/cmake)
[1.029s] -- Found Python3: /usr/bin/python3.10 (found version "3.10.12") found components: Interpreter 
[1.161s] -- Found rclcpp: 16.0.6 (/opt/ros/humble/share/rclcpp/cmake)
[1.250s] -- Found rosidl_generator_c: 3.1.5 (/opt/ros/humble/share/rosidl_generator_c/cmake)
[1.258s] -- Found rosidl_adapter: 3.1.5 (/opt/ros/humble/share/rosidl_adapter/cmake)
[1.272s] -- Found rosidl_generator_cpp: 3.1.5 (/opt/ros/humble/share/rosidl_generator_cpp/cmake)
[1.295s] -- Using all available rosidl_typesupport_c: rosidl_typesupport_fastrtps_c;rosidl_typesupport_introspection_c
[1.328s] -- Using all available rosidl_typesupport_cpp: rosidl_typesupport_fastrtps_cpp;rosidl_typesupport_introspection_cpp
[1.464s] -- Found rmw_implementation_cmake: 6.1.1 (/opt/ros/humble/share/rmw_implementation_cmake/cmake)
[1.469s] -- Found rmw_fastrtps_cpp: 6.2.4 (/opt/ros/humble/share/rmw_fastrtps_cpp/cmake)
[1.867s] -- Found OpenSSL: /usr/lib/x86_64-linux-gnu/libcrypto.so (found version "3.0.2")  
[1.963s] -- Found FastRTPS: /opt/ros/humble/include  
[2.110s] -- Using RMW implementation 'rmw_fastrtps_cpp' as default
[2.126s] -- Looking for pthread.h
[2.498s] -- Looking for pthread.h - found
[2.499s] -- Performing Test CMAKE_HAVE_LIBC_PTHREAD
[2.872s] -- Performing Test CMAKE_HAVE_LIBC_PTHREAD - Success
[2.874s] -- Found Threads: TRUE  
[3.391s] -- Found interfaces: 0.0.0 (/home/insa/Desktop/VigiWheels/raspberryPI3/ros2_ws/install/interfaces/share/interfaces/cmake)
[3.464s] -- Found sensor_msgs: 4.2.3 (/opt/ros/humble/share/sensor_msgs/cmake)
[3.902s] -- Found std_srvs: 4.2.3 (/opt/ros/humble/share/std_srvs/cmake)
[3.950s] -- Found ament_lint_auto: 0.12.8 (/opt/ros/humble/share/ament_lint_auto/cmake)
[4.207s] -- Added test 'cppcheck' to perform static code analysis on C / C++ code
[4.207s] -- Configured cppcheck include dirs: $<BUILD_INTERFACE:/home/insa/Desktop/VigiWheels/raspberryPI3/ros2_ws/src/car_control/include>
[4.208s] -- Configured cppcheck exclude dirs and/or files: 
[4.209s] -- Added test 'lint_cmake' to check CMake code style
[4.231s] -- Added test 'uncrustify' to check C / C++ code style
[4.232s] -- Configured uncrustify additional arguments: 
[4.233s] -- Added test 'xmllint' to check XML markup files
[4.237s] -- Configuring done
[4.272s] -- Generating done
[4.277s] -- Build files have been written to: /home/insa/Desktop/VigiWheels/raspberryPI3/ros2_ws/build/car_control
[4.308s] Invoked command in '/home/insa/Desktop/VigiWheels/raspberryPI3/ros2_ws/build/car_control' returned '0': CMAKE_PREFIX_PATH=/home/insa/Desktop/VigiWheels/raspberryPI3/ros2_ws/install/interfaces:/home/insa/Desktop/VigiWheels/raspberryPI3/ros2_ws/install/fire_detection:/home/insa/ros2_ws/install/my_fire_pkg:/home/insa/ros2_ws/install/demo_sensor_pkg:/home/insa/ros2_ws/install/my_robot_interfaces:/home/insa/ros2_ws/install/my_cpp_pkg:/home/insa/ros2_ws/install/johann_cpp_pkg:/opt/ros/humble /usr/bin/cmake /home/insa/Desktop/VigiWheels/raspberryPI3/ros2_ws/src/car_control -DCMAKE_INSTALL_PREFIX=/home/insa/Desktop/VigiWheels/raspberryPI3/ros2_ws/install/car_control
[4.317s] Invoking command in '/home/insa/Desktop/VigiWheels/raspberryPI3/ros2_ws/build/car_control': CMAKE_PREFIX_PATH=/home/insa/Desktop/VigiWheels/raspberryPI3/ros2_ws/install/interfaces:/home/insa/Desktop/VigiWheels/raspberryPI3/ros2_ws/install/fire_detection:/home/insa/ros2_ws/install/my_fire_pkg:/home/insa/ros2_ws/install/demo_sensor_pkg:/home/insa/ros2_ws/install/my_robot_interfaces:/home/insa/ros2_ws/install/my_cpp_pkg:/home/insa/ros2_ws/install/johann_cpp_pkg:/opt/ros/humble /usr/bin/cmake --build /home/insa/Desktop/VigiWheels/raspberryPI3/ros2_ws/build/car_control -- -j8 -l8
[17.281s] [ 25%] [32mBuilding CXX object CMakeFiles/car_control_node.dir/src/car_control_node.cpp.o[0m
[17.281s] [ 50%] [32mBuilding CXX object CMakeFiles/car_control_node.dir/src/propulsionCmd.cpp.o[0m
[17.282s] [ 75%] [32mBuilding CXX object CMakeFiles/car_control_node.dir/src/steeringCmd.cpp.o[0m
[22.925s] gmake[2]: *** [CMakeFiles/car_control_node.dir/build.make:76: CMakeFiles/car_control_node.dir/src/car_control_node.cpp.o] Interrupt
[22.932s] gmake[1]: *** [CMakeFiles/Makefile2:137: CMakeFiles/car_control_node.dir/all] Interrupt
[22.932s] gmake: *** [Makefile:146: all] Interrupt
