[0.161s] Invoking command in '/home/insa/Desktop/VigiWheels2.0/raspberryPI3/build/carla_msgs': CMAKE_PREFIX_PATH=${CMAKE_PREFIX_PATH}:/opt/ros/humble /usr/bin/cmake --build /home/insa/Desktop/VigiWheels2.0/raspberryPI3/build/carla_msgs -- -j8 -l8
[0.193s] [35m[1mConsolidate compiler generated dependencies of target carla_msgs__rosidl_generator_c[0m
[0.212s] [  3%] Built target carla_msgs__cpp
[0.213s] [ 12%] Built target carla_msgs__rosidl_generator_c
[0.228s] [35m[1mConsolidate compiler generated dependencies of target carla_msgs__rosidl_typesupport_introspection_cpp[0m
[0.230s] [35m[1mConsolidate compiler generated dependencies of target carla_msgs__rosidl_typesupport_fastrtps_cpp[0m
[0.233s] [ 12%] Built target ament_cmake_python_copy_carla_msgs
[0.239s] [35m[1mConsolidate compiler generated dependencies of target carla_msgs__rosidl_typesupport_cpp[0m
[0.247s] [ 22%] Built target carla_msgs__rosidl_typesupport_introspection_cpp
[0.259s] [35m[1mConsolidate compiler generated dependencies of target carla_msgs__rosidl_typesupport_introspection_c[0m
[0.260s] [ 32%] Built target carla_msgs__rosidl_typesupport_fastrtps_cpp
[0.274s] [35m[1mConsolidate compiler generated dependencies of target carla_msgs__rosidl_typesupport_fastrtps_c[0m
[0.276s] [35m[1mConsolidate compiler generated dependencies of target carla_msgs__rosidl_typesupport_c[0m
[0.279s] [ 41%] Built target carla_msgs__rosidl_typesupport_introspection_c
[0.281s] [ 51%] Built target carla_msgs__rosidl_typesupport_cpp
[0.292s] [ 61%] Built target carla_msgs__rosidl_typesupport_c
[0.293s] [ 70%] Built target carla_msgs__rosidl_typesupport_fastrtps_c
[0.323s] [ 70%] Built target carla_msgs
[0.349s] [ 74%] Built target carla_msgs__py
[0.360s] [35m[1mConsolidate compiler generated dependencies of target carla_msgs__rosidl_generator_py[0m
[0.375s] [ 80%] Built target carla_msgs__rosidl_generator_py
[0.388s] [35m[1mConsolidate compiler generated dependencies of target carla_msgs__rosidl_typesupport_fastrtps_c__pyext[0m
[0.389s] [35m[1mConsolidate compiler generated dependencies of target carla_msgs__rosidl_typesupport_introspection_c__pyext[0m
[0.394s] [35m[1mConsolidate compiler generated dependencies of target carla_msgs__rosidl_typesupport_c__pyext[0m
[0.404s] [ 87%] Built target carla_msgs__rosidl_typesupport_fastrtps_c__pyext
[0.412s] [ 93%] Built target carla_msgs__rosidl_typesupport_introspection_c__pyext
[0.412s] [100%] Built target carla_msgs__rosidl_typesupport_c__pyext
[0.514s] running egg_info
[0.514s] writing carla_msgs.egg-info/PKG-INFO
[0.515s] writing dependency_links to carla_msgs.egg-info/dependency_links.txt
[0.515s] writing top-level names to carla_msgs.egg-info/top_level.txt
[0.516s] reading manifest file 'carla_msgs.egg-info/SOURCES.txt'
[0.517s] writing manifest file 'carla_msgs.egg-info/SOURCES.txt'
[0.542s] [100%] Built target ament_cmake_python_build_carla_msgs_egg
[0.683s] Invoked command in '/home/insa/Desktop/VigiWheels2.0/raspberryPI3/build/carla_msgs' returned '0': CMAKE_PREFIX_PATH=${CMAKE_PREFIX_PATH}:/opt/ros/humble /usr/bin/cmake --build /home/insa/Desktop/VigiWheels2.0/raspberryPI3/build/carla_msgs -- -j8 -l8
[0.798s] Invoking command in '/home/insa/Desktop/VigiWheels2.0/raspberryPI3/build/carla_msgs': CMAKE_PREFIX_PATH=${CMAKE_PREFIX_PATH}:/opt/ros/humble /usr/bin/cmake --install /home/insa/Desktop/VigiWheels2.0/raspberryPI3/build/carla_msgs
[0.808s] -- Install configuration: ""
[0.808s] -- Up-to-date: /home/insa/Desktop/VigiWheels2.0/raspberryPI3/install/carla_msgs/share/ament_index/resource_index/rosidl_interfaces/carla_msgs
[0.808s] -- Up-to-date: /home/insa/Desktop/VigiWheels2.0/raspberryPI3/install/carla_msgs/include/carla_msgs/carla_msgs
[0.808s] -- Up-to-date: /home/insa/Desktop/VigiWheels2.0/raspberryPI3/install/carla_msgs/include/carla_msgs/carla_msgs/msg
[0.808s] -- Up-to-date: /home/insa/Desktop/VigiWheels2.0/raspberryPI3/install/carla_msgs/include/carla_msgs/carla_msgs/msg/rosidl_generator_c__visibility_control.h
[0.808s] -- Up-to-date: /home/insa/Desktop/VigiWheels2.0/raspberryPI3/install/carla_msgs/include/carla_msgs/carla_msgs/msg/detail
[0.808s] -- Up-to-date: /home/insa/Desktop/VigiWheels2.0/raspberryPI3/install/carla_msgs/include/carla_msgs/carla_msgs/msg/detail/carla_ego_vehicle_control__struct.h
[0.809s] -- Up-to-date: /home/insa/Desktop/VigiWheels2.0/raspberryPI3/install/carla_msgs/include/carla_msgs/carla_msgs/msg/detail/carla_ego_vehicle_control__functions.c
[0.809s] -- Up-to-date: /home/insa/Desktop/VigiWheels2.0/raspberryPI3/install/carla_msgs/include/carla_msgs/carla_msgs/msg/detail/carla_ego_vehicle_control__functions.h
[0.809s] -- Up-to-date: /home/insa/Desktop/VigiWheels2.0/raspberryPI3/install/carla_msgs/include/carla_msgs/carla_msgs/msg/detail/carla_ego_vehicle_control__type_support.h
[0.809s] -- Up-to-date: /home/insa/Desktop/VigiWheels2.0/raspberryPI3/install/carla_msgs/include/carla_msgs/carla_msgs/msg/carla_ego_vehicle_control.h
[0.809s] -- Up-to-date: /home/insa/Desktop/VigiWheels2.0/raspberryPI3/install/carla_msgs/share/carla_msgs/environment/library_path.sh
[0.809s] -- Up-to-date: /home/insa/Desktop/VigiWheels2.0/raspberryPI3/install/carla_msgs/share/carla_msgs/environment/library_path.dsv
[0.809s] -- Up-to-date: /home/insa/Desktop/VigiWheels2.0/raspberryPI3/install/carla_msgs/lib/libcarla_msgs__rosidl_generator_c.so
[0.809s] -- Up-to-date: /home/insa/Desktop/VigiWheels2.0/raspberryPI3/install/carla_msgs/include/carla_msgs/carla_msgs
[0.809s] -- Up-to-date: /home/insa/Desktop/VigiWheels2.0/raspberryPI3/install/carla_msgs/include/carla_msgs/carla_msgs/msg
[0.809s] -- Up-to-date: /home/insa/Desktop/VigiWheels2.0/raspberryPI3/install/carla_msgs/include/carla_msgs/carla_msgs/msg/detail
[0.809s] -- Up-to-date: /home/insa/Desktop/VigiWheels2.0/raspberryPI3/install/carla_msgs/include/carla_msgs/carla_msgs/msg/detail/carla_ego_vehicle_control__rosidl_typesupport_fastrtps_c.h
[0.809s] -- Up-to-date: /home/insa/Desktop/VigiWheels2.0/raspberryPI3/install/carla_msgs/include/carla_msgs/carla_msgs/msg/rosidl_typesupport_fastrtps_c__visibility_control.h
[0.809s] -- Up-to-date: /home/insa/Desktop/VigiWheels2.0/raspberryPI3/install/carla_msgs/lib/libcarla_msgs__rosidl_typesupport_fastrtps_c.so
[0.809s] -- Up-to-date: /home/insa/Desktop/VigiWheels2.0/raspberryPI3/install/carla_msgs/include/carla_msgs/carla_msgs
[0.809s] -- Up-to-date: /home/insa/Desktop/VigiWheels2.0/raspberryPI3/install/carla_msgs/include/carla_msgs/carla_msgs/msg
[0.809s] -- Up-to-date: /home/insa/Desktop/VigiWheels2.0/raspberryPI3/install/carla_msgs/include/carla_msgs/carla_msgs/msg/detail
[0.809s] -- Up-to-date: /home/insa/Desktop/VigiWheels2.0/raspberryPI3/install/carla_msgs/include/carla_msgs/carla_msgs/msg/detail/carla_ego_vehicle_control__struct.hpp
[0.809s] -- Up-to-date: /home/insa/Desktop/VigiWheels2.0/raspberryPI3/install/carla_msgs/include/carla_msgs/carla_msgs/msg/detail/carla_ego_vehicle_control__traits.hpp
[0.809s] -- Up-to-date: /home/insa/Desktop/VigiWheels2.0/raspberryPI3/install/carla_msgs/include/carla_msgs/carla_msgs/msg/detail/carla_ego_vehicle_control__builder.hpp
[0.809s] -- Up-to-date: /home/insa/Desktop/VigiWheels2.0/raspberryPI3/install/carla_msgs/include/carla_msgs/carla_msgs/msg/carla_ego_vehicle_control.hpp
[0.810s] -- Up-to-date: /home/insa/Desktop/VigiWheels2.0/raspberryPI3/install/carla_msgs/include/carla_msgs/carla_msgs
[0.810s] -- Up-to-date: /home/insa/Desktop/VigiWheels2.0/raspberryPI3/install/carla_msgs/include/carla_msgs/carla_msgs/msg
[0.810s] -- Up-to-date: /home/insa/Desktop/VigiWheels2.0/raspberryPI3/install/carla_msgs/include/carla_msgs/carla_msgs/msg/rosidl_typesupport_fastrtps_cpp__visibility_control.h
[0.810s] -- Up-to-date: /home/insa/Desktop/VigiWheels2.0/raspberryPI3/install/carla_msgs/include/carla_msgs/carla_msgs/msg/detail
[0.810s] -- Up-to-date: /home/insa/Desktop/VigiWheels2.0/raspberryPI3/install/carla_msgs/include/carla_msgs/carla_msgs/msg/detail/carla_ego_vehicle_control__rosidl_typesupport_fastrtps_cpp.hpp
[0.810s] -- Up-to-date: /home/insa/Desktop/VigiWheels2.0/raspberryPI3/install/carla_msgs/include/carla_msgs/carla_msgs/msg/detail/dds_fastrtps
[0.810s] -- Up-to-date: /home/insa/Desktop/VigiWheels2.0/raspberryPI3/install/carla_msgs/lib/libcarla_msgs__rosidl_typesupport_fastrtps_cpp.so
[0.810s] -- Up-to-date: /home/insa/Desktop/VigiWheels2.0/raspberryPI3/install/carla_msgs/include/carla_msgs/carla_msgs
[0.810s] -- Up-to-date: /home/insa/Desktop/VigiWheels2.0/raspberryPI3/install/carla_msgs/include/carla_msgs/carla_msgs/msg
[0.810s] -- Up-to-date: /home/insa/Desktop/VigiWheels2.0/raspberryPI3/install/carla_msgs/include/carla_msgs/carla_msgs/msg/rosidl_typesupport_introspection_c__visibility_control.h
[0.810s] -- Up-to-date: /home/insa/Desktop/VigiWheels2.0/raspberryPI3/install/carla_msgs/include/carla_msgs/carla_msgs/msg/detail
[0.810s] -- Up-to-date: /home/insa/Desktop/VigiWheels2.0/raspberryPI3/install/carla_msgs/include/carla_msgs/carla_msgs/msg/detail/carla_ego_vehicle_control__rosidl_typesupport_introspection_c.h
[0.810s] -- Up-to-date: /home/insa/Desktop/VigiWheels2.0/raspberryPI3/install/carla_msgs/include/carla_msgs/carla_msgs/msg/detail/carla_ego_vehicle_control__type_support.c
[0.810s] -- Up-to-date: /home/insa/Desktop/VigiWheels2.0/raspberryPI3/install/carla_msgs/lib/libcarla_msgs__rosidl_typesupport_introspection_c.so
[0.810s] -- Up-to-date: /home/insa/Desktop/VigiWheels2.0/raspberryPI3/install/carla_msgs/lib/libcarla_msgs__rosidl_typesupport_c.so
[0.810s] -- Up-to-date: /home/insa/Desktop/VigiWheels2.0/raspberryPI3/install/carla_msgs/include/carla_msgs/carla_msgs
[0.810s] -- Up-to-date: /home/insa/Desktop/VigiWheels2.0/raspberryPI3/install/carla_msgs/include/carla_msgs/carla_msgs/msg
[0.810s] -- Up-to-date: /home/insa/Desktop/VigiWheels2.0/raspberryPI3/install/carla_msgs/include/carla_msgs/carla_msgs/msg/detail
[0.811s] -- Up-to-date: /home/insa/Desktop/VigiWheels2.0/raspberryPI3/install/carla_msgs/include/carla_msgs/carla_msgs/msg/detail/carla_ego_vehicle_control__type_support.cpp
[0.811s] -- Up-to-date: /home/insa/Desktop/VigiWheels2.0/raspberryPI3/install/carla_msgs/include/carla_msgs/carla_msgs/msg/detail/carla_ego_vehicle_control__rosidl_typesupport_introspection_cpp.hpp
[0.811s] -- Up-to-date: /home/insa/Desktop/VigiWheels2.0/raspberryPI3/install/carla_msgs/lib/libcarla_msgs__rosidl_typesupport_introspection_cpp.so
[0.811s] -- Up-to-date: /home/insa/Desktop/VigiWheels2.0/raspberryPI3/install/carla_msgs/lib/libcarla_msgs__rosidl_typesupport_cpp.so
[0.811s] -- Up-to-date: /home/insa/Desktop/VigiWheels2.0/raspberryPI3/install/carla_msgs/share/carla_msgs/environment/pythonpath.sh
[0.811s] -- Up-to-date: /home/insa/Desktop/VigiWheels2.0/raspberryPI3/install/carla_msgs/share/carla_msgs/environment/pythonpath.dsv
[0.811s] -- Up-to-date: /home/insa/Desktop/VigiWheels2.0/raspberryPI3/install/carla_msgs/local/lib/python3.10/dist-packages/carla_msgs-0.0.0-py3.10.egg-info
[0.811s] -- Installing: /home/insa/Desktop/VigiWheels2.0/raspberryPI3/install/carla_msgs/local/lib/python3.10/dist-packages/carla_msgs-0.0.0-py3.10.egg-info/dependency_links.txt
[0.811s] -- Installing: /home/insa/Desktop/VigiWheels2.0/raspberryPI3/install/carla_msgs/local/lib/python3.10/dist-packages/carla_msgs-0.0.0-py3.10.egg-info/PKG-INFO
[0.811s] -- Installing: /home/insa/Desktop/VigiWheels2.0/raspberryPI3/install/carla_msgs/local/lib/python3.10/dist-packages/carla_msgs-0.0.0-py3.10.egg-info/SOURCES.txt
[0.811s] -- Installing: /home/insa/Desktop/VigiWheels2.0/raspberryPI3/install/carla_msgs/local/lib/python3.10/dist-packages/carla_msgs-0.0.0-py3.10.egg-info/top_level.txt
[0.811s] -- Up-to-date: /home/insa/Desktop/VigiWheels2.0/raspberryPI3/install/carla_msgs/local/lib/python3.10/dist-packages/carla_msgs
[0.811s] -- Up-to-date: /home/insa/Desktop/VigiWheels2.0/raspberryPI3/install/carla_msgs/local/lib/python3.10/dist-packages/carla_msgs/carla_msgs_s__rosidl_typesupport_fastrtps_c.cpython-310-x86_64-linux-gnu.so
[0.811s] -- Up-to-date: /home/insa/Desktop/VigiWheels2.0/raspberryPI3/install/carla_msgs/local/lib/python3.10/dist-packages/carla_msgs/libcarla_msgs__rosidl_generator_py.so
[0.811s] -- Up-to-date: /home/insa/Desktop/VigiWheels2.0/raspberryPI3/install/carla_msgs/local/lib/python3.10/dist-packages/carla_msgs/__init__.py
[0.811s] -- Up-to-date: /home/insa/Desktop/VigiWheels2.0/raspberryPI3/install/carla_msgs/local/lib/python3.10/dist-packages/carla_msgs/_carla_msgs_s.ep.rosidl_typesupport_introspection_c.c
[0.811s] -- Up-to-date: /home/insa/Desktop/VigiWheels2.0/raspberryPI3/install/carla_msgs/local/lib/python3.10/dist-packages/carla_msgs/carla_msgs_s__rosidl_typesupport_introspection_c.cpython-310-x86_64-linux-gnu.so
[0.811s] -- Up-to-date: /home/insa/Desktop/VigiWheels2.0/raspberryPI3/install/carla_msgs/local/lib/python3.10/dist-packages/carla_msgs/_carla_msgs_s.ep.rosidl_typesupport_fastrtps_c.c
[0.811s] -- Up-to-date: /home/insa/Desktop/VigiWheels2.0/raspberryPI3/install/carla_msgs/local/lib/python3.10/dist-packages/carla_msgs/msg
[0.811s] -- Up-to-date: /home/insa/Desktop/VigiWheels2.0/raspberryPI3/install/carla_msgs/local/lib/python3.10/dist-packages/carla_msgs/msg/_carla_ego_vehicle_control_s.c
[0.811s] -- Up-to-date: /home/insa/Desktop/VigiWheels2.0/raspberryPI3/install/carla_msgs/local/lib/python3.10/dist-packages/carla_msgs/msg/__init__.py
[0.811s] -- Up-to-date: /home/insa/Desktop/VigiWheels2.0/raspberryPI3/install/carla_msgs/local/lib/python3.10/dist-packages/carla_msgs/msg/_carla_ego_vehicle_control.py
[0.811s] -- Up-to-date: /home/insa/Desktop/VigiWheels2.0/raspberryPI3/install/carla_msgs/local/lib/python3.10/dist-packages/carla_msgs/_carla_msgs_s.ep.rosidl_typesupport_c.c
[0.812s] -- Up-to-date: /home/insa/Desktop/VigiWheels2.0/raspberryPI3/install/carla_msgs/local/lib/python3.10/dist-packages/carla_msgs/carla_msgs_s__rosidl_typesupport_c.cpython-310-x86_64-linux-gnu.so
[0.835s] Listing '/home/insa/Desktop/VigiWheels2.0/raspberryPI3/install/carla_msgs/local/lib/python3.10/dist-packages/carla_msgs'...
[0.835s] Listing '/home/insa/Desktop/VigiWheels2.0/raspberryPI3/install/carla_msgs/local/lib/python3.10/dist-packages/carla_msgs/msg'...
[0.839s] -- Up-to-date: /home/insa/Desktop/VigiWheels2.0/raspberryPI3/install/carla_msgs/local/lib/python3.10/dist-packages/carla_msgs/carla_msgs_s__rosidl_typesupport_fastrtps_c.cpython-310-x86_64-linux-gnu.so
[0.839s] -- Up-to-date: /home/insa/Desktop/VigiWheels2.0/raspberryPI3/install/carla_msgs/local/lib/python3.10/dist-packages/carla_msgs/carla_msgs_s__rosidl_typesupport_introspection_c.cpython-310-x86_64-linux-gnu.so
[0.839s] -- Up-to-date: /home/insa/Desktop/VigiWheels2.0/raspberryPI3/install/carla_msgs/local/lib/python3.10/dist-packages/carla_msgs/carla_msgs_s__rosidl_typesupport_c.cpython-310-x86_64-linux-gnu.so
[0.839s] -- Up-to-date: /home/insa/Desktop/VigiWheels2.0/raspberryPI3/install/carla_msgs/lib/libcarla_msgs__rosidl_generator_py.so
[0.839s] -- Up-to-date: /home/insa/Desktop/VigiWheels2.0/raspberryPI3/install/carla_msgs/share/carla_msgs/msg/CarlaEgoVehicleControl.idl
[0.839s] -- Up-to-date: /home/insa/Desktop/VigiWheels2.0/raspberryPI3/install/carla_msgs/share/carla_msgs/msg/CarlaEgoVehicleControl.msg
[0.840s] -- Up-to-date: /home/insa/Desktop/VigiWheels2.0/raspberryPI3/install/carla_msgs/share/ament_index/resource_index/package_run_dependencies/carla_msgs
[0.840s] -- Up-to-date: /home/insa/Desktop/VigiWheels2.0/raspberryPI3/install/carla_msgs/share/ament_index/resource_index/parent_prefix_path/carla_msgs
[0.840s] -- Up-to-date: /home/insa/Desktop/VigiWheels2.0/raspberryPI3/install/carla_msgs/share/carla_msgs/environment/ament_prefix_path.sh
[0.840s] -- Up-to-date: /home/insa/Desktop/VigiWheels2.0/raspberryPI3/install/carla_msgs/share/carla_msgs/environment/ament_prefix_path.dsv
[0.840s] -- Up-to-date: /home/insa/Desktop/VigiWheels2.0/raspberryPI3/install/carla_msgs/share/carla_msgs/environment/path.sh
[0.840s] -- Up-to-date: /home/insa/Desktop/VigiWheels2.0/raspberryPI3/install/carla_msgs/share/carla_msgs/environment/path.dsv
[0.840s] -- Up-to-date: /home/insa/Desktop/VigiWheels2.0/raspberryPI3/install/carla_msgs/share/carla_msgs/local_setup.bash
[0.840s] -- Up-to-date: /home/insa/Desktop/VigiWheels2.0/raspberryPI3/install/carla_msgs/share/carla_msgs/local_setup.sh
[0.840s] -- Up-to-date: /home/insa/Desktop/VigiWheels2.0/raspberryPI3/install/carla_msgs/share/carla_msgs/local_setup.zsh
[0.840s] -- Up-to-date: /home/insa/Desktop/VigiWheels2.0/raspberryPI3/install/carla_msgs/share/carla_msgs/local_setup.dsv
[0.840s] -- Installing: /home/insa/Desktop/VigiWheels2.0/raspberryPI3/install/carla_msgs/share/carla_msgs/package.dsv
[0.840s] -- Up-to-date: /home/insa/Desktop/VigiWheels2.0/raspberryPI3/install/carla_msgs/share/ament_index/resource_index/packages/carla_msgs
[0.840s] -- Up-to-date: /home/insa/Desktop/VigiWheels2.0/raspberryPI3/install/carla_msgs/share/carla_msgs/cmake/export_carla_msgs__rosidl_generator_cExport.cmake
[0.840s] -- Up-to-date: /home/insa/Desktop/VigiWheels2.0/raspberryPI3/install/carla_msgs/share/carla_msgs/cmake/export_carla_msgs__rosidl_generator_cExport-noconfig.cmake
[0.840s] -- Up-to-date: /home/insa/Desktop/VigiWheels2.0/raspberryPI3/install/carla_msgs/share/carla_msgs/cmake/export_carla_msgs__rosidl_typesupport_fastrtps_cExport.cmake
[0.840s] -- Up-to-date: /home/insa/Desktop/VigiWheels2.0/raspberryPI3/install/carla_msgs/share/carla_msgs/cmake/export_carla_msgs__rosidl_typesupport_fastrtps_cExport-noconfig.cmake
[0.840s] -- Up-to-date: /home/insa/Desktop/VigiWheels2.0/raspberryPI3/install/carla_msgs/share/carla_msgs/cmake/export_carla_msgs__rosidl_generator_cppExport.cmake
[0.840s] -- Up-to-date: /home/insa/Desktop/VigiWheels2.0/raspberryPI3/install/carla_msgs/share/carla_msgs/cmake/export_carla_msgs__rosidl_typesupport_fastrtps_cppExport.cmake
[0.841s] -- Up-to-date: /home/insa/Desktop/VigiWheels2.0/raspberryPI3/install/carla_msgs/share/carla_msgs/cmake/export_carla_msgs__rosidl_typesupport_fastrtps_cppExport-noconfig.cmake
[0.841s] -- Up-to-date: /home/insa/Desktop/VigiWheels2.0/raspberryPI3/install/carla_msgs/share/carla_msgs/cmake/carla_msgs__rosidl_typesupport_introspection_cExport.cmake
[0.841s] -- Up-to-date: /home/insa/Desktop/VigiWheels2.0/raspberryPI3/install/carla_msgs/share/carla_msgs/cmake/carla_msgs__rosidl_typesupport_introspection_cExport-noconfig.cmake
[0.841s] -- Up-to-date: /home/insa/Desktop/VigiWheels2.0/raspberryPI3/install/carla_msgs/share/carla_msgs/cmake/carla_msgs__rosidl_typesupport_cExport.cmake
[0.841s] -- Up-to-date: /home/insa/Desktop/VigiWheels2.0/raspberryPI3/install/carla_msgs/share/carla_msgs/cmake/carla_msgs__rosidl_typesupport_cExport-noconfig.cmake
[0.841s] -- Up-to-date: /home/insa/Desktop/VigiWheels2.0/raspberryPI3/install/carla_msgs/share/carla_msgs/cmake/carla_msgs__rosidl_typesupport_introspection_cppExport.cmake
[0.841s] -- Up-to-date: /home/insa/Desktop/VigiWheels2.0/raspberryPI3/install/carla_msgs/share/carla_msgs/cmake/carla_msgs__rosidl_typesupport_introspection_cppExport-noconfig.cmake
[0.841s] -- Up-to-date: /home/insa/Desktop/VigiWheels2.0/raspberryPI3/install/carla_msgs/share/carla_msgs/cmake/carla_msgs__rosidl_typesupport_cppExport.cmake
[0.841s] -- Up-to-date: /home/insa/Desktop/VigiWheels2.0/raspberryPI3/install/carla_msgs/share/carla_msgs/cmake/carla_msgs__rosidl_typesupport_cppExport-noconfig.cmake
[0.841s] -- Up-to-date: /home/insa/Desktop/VigiWheels2.0/raspberryPI3/install/carla_msgs/share/carla_msgs/cmake/export_carla_msgs__rosidl_generator_pyExport.cmake
[0.841s] -- Up-to-date: /home/insa/Desktop/VigiWheels2.0/raspberryPI3/install/carla_msgs/share/carla_msgs/cmake/export_carla_msgs__rosidl_generator_pyExport-noconfig.cmake
[0.841s] -- Up-to-date: /home/insa/Desktop/VigiWheels2.0/raspberryPI3/install/carla_msgs/share/carla_msgs/cmake/rosidl_cmake-extras.cmake
[0.841s] -- Up-to-date: /home/insa/Desktop/VigiWheels2.0/raspberryPI3/install/carla_msgs/share/carla_msgs/cmake/ament_cmake_export_dependencies-extras.cmake
[0.841s] -- Up-to-date: /home/insa/Desktop/VigiWheels2.0/raspberryPI3/install/carla_msgs/share/carla_msgs/cmake/ament_cmake_export_include_directories-extras.cmake
[0.841s] -- Up-to-date: /home/insa/Desktop/VigiWheels2.0/raspberryPI3/install/carla_msgs/share/carla_msgs/cmake/ament_cmake_export_libraries-extras.cmake
[0.841s] -- Up-to-date: /home/insa/Desktop/VigiWheels2.0/raspberryPI3/install/carla_msgs/share/carla_msgs/cmake/ament_cmake_export_targets-extras.cmake
[0.841s] -- Up-to-date: /home/insa/Desktop/VigiWheels2.0/raspberryPI3/install/carla_msgs/share/carla_msgs/cmake/rosidl_cmake_export_typesupport_targets-extras.cmake
[0.841s] -- Up-to-date: /home/insa/Desktop/VigiWheels2.0/raspberryPI3/install/carla_msgs/share/carla_msgs/cmake/rosidl_cmake_export_typesupport_libraries-extras.cmake
[0.841s] -- Up-to-date: /home/insa/Desktop/VigiWheels2.0/raspberryPI3/install/carla_msgs/share/carla_msgs/cmake/carla_msgsConfig.cmake
[0.841s] -- Up-to-date: /home/insa/Desktop/VigiWheels2.0/raspberryPI3/install/carla_msgs/share/carla_msgs/cmake/carla_msgsConfig-version.cmake
[0.842s] -- Up-to-date: /home/insa/Desktop/VigiWheels2.0/raspberryPI3/install/carla_msgs/share/carla_msgs/package.xml
[0.843s] Invoked command in '/home/insa/Desktop/VigiWheels2.0/raspberryPI3/build/carla_msgs' returned '0': CMAKE_PREFIX_PATH=${CMAKE_PREFIX_PATH}:/opt/ros/humble /usr/bin/cmake --install /home/insa/Desktop/VigiWheels2.0/raspberryPI3/build/carla_msgs
