2024-01-17 22:19:43,002 [INFO] Activator:176 - 


2024-01-17 22:19:43,004 [INFO] Activator:177 - !SESSION log4j initialized
2024-01-17 22:19:44,256 [INFO] LogOutputStream:77 - [STDOUT_REDIRECT] 
2024-01-17 22:19:45,816 [INFO] ApplicationProperties:184 - Using Application install path: /opt/st/stm32cubeide_1.14.0/plugins/com.st.stm32cube.common.mx_6.10.0.202311202037
2024-01-17 22:19:45,830 [INFO] DbMcusXml:78 - Set database path to: /opt/st/stm32cubeide_1.14.0/plugins/com.st.stm32cube.common.mx_6.10.0.202311202037//db//mcu/
2024-01-17 22:19:45,830 [INFO] ApiDb:274 - Set plugin database path to: /opt/st/stm32cubeide_1.14.0/plugins/com.st.stm32cube.common.mx_6.10.0.202311202037//db//plugins/boardmanager/
2024-01-17 22:19:45,830 [WARN] ApiDb:259 - Overriding images path with different value:  => /opt/st/stm32cubeide_1.14.0/plugins/com.st.stm32cube.common.mx_6.10.0.202311202037//db//plugins/mcufinder/images/
2024-01-17 22:19:45,834 [INFO] ApiDb:250 - Set database path to: /home/insa/.stmcufinder/plugins/mcufinder//mcu/
2024-01-17 22:19:45,835 [INFO] DbMcusAds:125 - Set database path to: /home/insa/.stmcufinder/plugins/mcufinder//mcu/
2024-01-17 22:19:45,836 [INFO] CrossReferenceDbSqlite:203 - Set database path to: /home/insa/.stmcufinder/plugins/mcufinder//mcu/cs/
2024-01-17 22:19:45,918 [INFO] RulesReader:64 - Compatibility file has been processed (297 Rules)
2024-01-17 22:19:45,953 [INFO] DbMcusXml:78 - Set database path to: /opt/st/stm32cubeide_1.14.0/plugins/com.st.stm32cube.common.mx_6.10.0.202311202037//db//mcu/
2024-01-17 22:19:45,953 [INFO] ApiDb:274 - Set plugin database path to: /opt/st/stm32cubeide_1.14.0/plugins/com.st.stm32cube.common.mx_6.10.0.202311202037//db//plugins/boardmanager/
2024-01-17 22:19:45,953 [INFO] ApiDb:261 - Set plugin images path to: /opt/st/stm32cubeide_1.14.0/plugins/com.st.stm32cube.common.mx_6.10.0.202311202037//db//plugins/mcufinder/images/
2024-01-17 22:19:45,953 [WARN] DbFile:41 - Overriding database path with different value: /home/insa/.stmcufinder/plugins/mcufinder/ => /home/insa/.stmcufinder/plugins/mcufinder
2024-01-17 22:19:45,953 [INFO] ApiDb:250 - Set database path to: /home/insa/.stmcufinder/plugins/mcufinder//mcu/
2024-01-17 22:19:45,953 [WARN] DbFile:41 - Overriding database path with different value: /home/insa/.stmcufinder/plugins/mcufinder/ => /home/insa/.stmcufinder/plugins/mcufinder
2024-01-17 22:19:45,953 [INFO] DbMcusAds:125 - Set database path to: /home/insa/.stmcufinder/plugins/mcufinder//mcu/
2024-01-17 22:19:45,953 [WARN] DbFile:41 - Overriding database path with different value: /home/insa/.stmcufinder/plugins/mcufinder/ => /home/insa/.stmcufinder/plugins/mcufinder
2024-01-17 22:19:45,953 [WARN] DbFile:41 - Overriding database path with different value: /home/insa/.stmcufinder/plugins/mcufinder/ => /home/insa/.stmcufinder/plugins/mcufinder
2024-01-17 22:19:45,953 [INFO] CrossReferenceDbSqlite:203 - Set database path to: /home/insa/.stmcufinder/plugins/mcufinder//mcu/cs/
2024-01-17 22:19:45,988 [INFO] MainPanel:264 - HeapMemory: 268435456
2024-01-17 22:19:46,032 [INFO] DbMcusXml:78 - Set database path to: /opt/st/stm32cubeide_1.14.0/plugins/com.st.stm32cube.common.mx_6.10.0.202311202037//db//mcu/
2024-01-17 22:19:46,032 [INFO] ApiDb:274 - Set plugin database path to: /opt/st/stm32cubeide_1.14.0/plugins/com.st.stm32cube.common.mx_6.10.0.202311202037//db//plugins/boardmanager/
2024-01-17 22:19:46,032 [INFO] ApiDb:261 - Set plugin images path to: /opt/st/stm32cubeide_1.14.0/plugins/com.st.stm32cube.common.mx_6.10.0.202311202037//db//plugins/mcufinder/images/
2024-01-17 22:19:46,033 [WARN] DbFile:41 - Overriding database path with different value: /home/insa/.stmcufinder/plugins/mcufinder/ => /home/insa/.stmcufinder/plugins/mcufinder
2024-01-17 22:19:46,033 [INFO] ApiDb:250 - Set database path to: /home/insa/.stmcufinder/plugins/mcufinder//mcu/
2024-01-17 22:19:46,033 [WARN] DbFile:41 - Overriding database path with different value: /home/insa/.stmcufinder/plugins/mcufinder/ => /home/insa/.stmcufinder/plugins/mcufinder
2024-01-17 22:19:46,033 [INFO] DbMcusAds:125 - Set database path to: /home/insa/.stmcufinder/plugins/mcufinder//mcu/
2024-01-17 22:19:46,033 [WARN] DbFile:41 - Overriding database path with different value: /home/insa/.stmcufinder/plugins/mcufinder/ => /home/insa/.stmcufinder/plugins/mcufinder
2024-01-17 22:19:46,033 [WARN] DbFile:41 - Overriding database path with different value: /home/insa/.stmcufinder/plugins/mcufinder/ => /home/insa/.stmcufinder/plugins/mcufinder
2024-01-17 22:19:46,033 [INFO] CrossReferenceDbSqlite:203 - Set database path to: /home/insa/.stmcufinder/plugins/mcufinder//mcu/cs/
2024-01-17 22:19:46,044 [INFO] ApplicationProperties:184 - Using Application install path: /opt/st/stm32cubeide_1.14.0/plugins/com.st.stm32cube.common.mx_6.10.0.202311202037
2024-01-17 22:19:46,044 [INFO] PluginManage:196 - Search for loadable plugins [exclusion list=, ]
2024-01-17 22:19:46,045 [INFO] PluginManage:310 - Check plugin analytics
2024-01-17 22:19:46,142 [INFO] AnalyticsPlugin:253 - Accepted Software Licenses: 
2024-01-17 22:19:46,143 [INFO] AnalyticsPlugin:255 - Accepted CMSIS Pack Licenses: 
2024-01-17 22:19:46,143 [INFO] AnalyticsPlugin:257 - Accepted Firmware Licenses: FW.F4.1.27.0,FW.L4.1.18.0,FW.F4.1.28.0
2024-01-17 22:19:46,145 [INFO] PluginManage:359 - Loaded plugin analytics (category:tool,tabindex:-1)
2024-01-17 22:19:46,145 [INFO] PluginManage:310 - Check plugin cadmodel
2024-01-17 22:19:46,160 [INFO] CADModel:105 - Init CAD model plugin
2024-01-17 22:19:46,160 [INFO] PluginManage:359 - Loaded plugin cadmodel (category:power,tabindex:5)
2024-01-17 22:19:46,160 [INFO] PluginManage:310 - Check plugin clock
2024-01-17 22:19:46,167 [INFO] PluginManage:359 - Loaded plugin clock (category:base,tabindex:2)
2024-01-17 22:19:46,167 [INFO] PluginManage:310 - Check plugin ddr
2024-01-17 22:19:46,168 [INFO] PluginManage:359 - Loaded plugin ddr (category:tool,tabindex:6)
2024-01-17 22:19:46,168 [INFO] PluginManage:310 - Check plugin filemanager
2024-01-17 22:19:46,267 [INFO] PluginManage:359 - Loaded plugin filemanager (category:base,tabindex:10)
2024-01-17 22:19:46,267 [INFO] PluginManage:310 - Check plugin ipmanager
2024-01-17 22:19:46,270 [INFO] PluginManage:359 - Loaded plugin ipmanager (category:base,tabindex:5)
2024-01-17 22:19:46,270 [INFO] PluginManage:310 - Check plugin lpbam
2024-01-17 22:19:46,275 [INFO] PluginManage:359 - Loaded plugin lpbam (category:base,tabindex:0)
2024-01-17 22:19:46,275 [INFO] PluginManage:310 - Check plugin memorymap
2024-01-17 22:19:46,280 [INFO] PluginManage:359 - Loaded plugin memorymap (category:base,tabindex:4)
2024-01-17 22:19:46,280 [INFO] PluginManage:310 - Check plugin pinoutandconfiguration
2024-01-17 22:19:46,284 [INFO] PluginManage:359 - Loaded plugin pinoutandconfiguration (category:base,tabindex:1)
2024-01-17 22:19:46,284 [INFO] PluginManage:310 - Check plugin pinoutconfig
2024-01-17 22:19:46,339 [WARN] SupportedApi:132 - Cannot load RTOS API schema: s4s-elt-must-match.1: The content of 'definitions' must match (annotation?, (simpleType | complexType)?, (unique | key | keyref)*)). A problem was found starting at: attribute.
2024-01-17 22:19:46,471 [INFO] PluginManage:359 - Loaded plugin pinoutconfig (category:base,tabindex:0)
2024-01-17 22:19:46,472 [INFO] PluginManage:310 - Check plugin power
2024-01-17 22:19:46,477 [INFO] PluginManage:359 - Loaded plugin power (category:power,tabindex:4)
2024-01-17 22:19:46,478 [INFO] PluginManage:310 - Check plugin projectmanager
2024-01-17 22:19:46,488 [INFO] PluginManage:359 - Loaded plugin projectmanager (category:projectmanager,tabindex:3)
2024-01-17 22:19:46,488 [INFO] PluginManage:310 - Check plugin thirdparty
2024-01-17 22:19:46,551 [INFO] PluginManage:359 - Loaded plugin thirdparty (category:base,tabindex:-1)
2024-01-17 22:19:46,551 [WARN] IntegrityCheckThread:84 - waiting for thirdparty lock release [integrity check]
2024-01-17 22:19:46,551 [INFO] PluginManage:310 - Check plugin tools
2024-01-17 22:19:46,551 [INFO] IntegrityCheckThread:86 - entering critical section [integrity check]
2024-01-17 22:19:46,551 [INFO] ThirdPartyUpdaterWithRetryManager:70 - Updater plugin not ready yet. [1/15]
2024-01-17 22:19:46,552 [INFO] PluginManage:359 - Loaded plugin tools (category:base,tabindex:7)
2024-01-17 22:19:46,552 [INFO] PluginManage:310 - Check plugin tutovideos
2024-01-17 22:19:46,634 [INFO] PluginManage:359 - Loaded plugin tutovideos (category:base,tabindex:-1)
2024-01-17 22:19:46,634 [INFO] PluginManage:310 - Check plugin updater
2024-01-17 22:19:46,639 [INFO] PluginManage:359 - Loaded plugin updater (category:base,tabindex:12)
2024-01-17 22:19:46,639 [INFO] PluginManage:310 - Check plugin userauth
2024-01-17 22:19:46,641 [INFO] UserAuth:114 - Init User Auth plugin
2024-01-17 22:19:46,641 [INFO] PluginManage:359 - Loaded plugin userauth (category:base,tabindex:14)
2024-01-17 22:19:46,642 [INFO] PluginManage:283 - PluginManage : Loaded plugins [17]
2024-01-17 22:19:46,748 [INFO] PinOutPanel:1499 - setPackage(No Configuration,No Configuration)
2024-01-17 22:19:46,778 [INFO] CADModel:165 - CPN selected for project level
2024-01-17 22:19:46,778 [INFO] CADModel:114 - Register for checkConnection events
2024-01-17 22:19:46,785 [INFO] IPUIPlugin:80 - create IPUIPlugin
2024-01-17 22:19:46,785 [INFO] PluginManager:220 - loadIPPluginJar : add spi
2024-01-17 22:19:46,787 [INFO] IPUIPlugin:80 - create IPUIPlugin
2024-01-17 22:19:46,787 [INFO] PluginManager:220 - loadIPPluginJar : add i3c
2024-01-17 22:19:46,787 [INFO] IPUIPlugin:80 - create IPUIPlugin
2024-01-17 22:19:46,787 [INFO] PluginManager:220 - loadIPPluginJar : add ltdc
2024-01-17 22:19:46,789 [INFO] IPUIPlugin:80 - create IPUIPlugin
2024-01-17 22:19:46,790 [INFO] PluginManager:220 - loadIPPluginJar : add gic
2024-01-17 22:19:46,790 [INFO] IPUIPlugin:80 - create IPUIPlugin
2024-01-17 22:19:46,790 [INFO] PluginManager:220 - loadIPPluginJar : add dfsdm
2024-01-17 22:19:46,792 [INFO] IPUIPlugin:80 - create IPUIPlugin
2024-01-17 22:19:46,792 [INFO] PluginManager:220 - loadIPPluginJar : add nvic
2024-01-17 22:19:46,794 [INFO] IPUIPlugin:80 - create IPUIPlugin
2024-01-17 22:19:46,795 [INFO] PluginManager:220 - loadIPPluginJar : add mdma
2024-01-17 22:19:46,796 [INFO] IPUIPlugin:80 - create IPUIPlugin
2024-01-17 22:19:46,796 [INFO] PluginManager:220 - loadIPPluginJar : add cryp
2024-01-17 22:19:46,797 [INFO] IPUIPlugin:80 - create IPUIPlugin
2024-01-17 22:19:46,797 [INFO] PluginManager:220 - loadIPPluginJar : add comp
2024-01-17 22:19:46,798 [INFO] IPUIPlugin:80 - create IPUIPlugin
2024-01-17 22:19:46,798 [INFO] PluginManager:220 - loadIPPluginJar : add fatfs
2024-01-17 22:19:46,799 [INFO] IPUIPlugin:80 - create IPUIPlugin
2024-01-17 22:19:46,799 [INFO] PluginManager:220 - loadIPPluginJar : add lorawan
2024-01-17 22:19:46,800 [INFO] IPUIPlugin:80 - create IPUIPlugin
2024-01-17 22:19:46,800 [INFO] PluginManager:220 - loadIPPluginJar : add dma3
2024-01-17 22:19:46,802 [INFO] IPUIPlugin:80 - create IPUIPlugin
2024-01-17 22:19:46,802 [INFO] PluginManager:220 - loadIPPluginJar : add freertos
2024-01-17 22:19:46,803 [INFO] IPUIPlugin:80 - create IPUIPlugin
2024-01-17 22:19:46,803 [INFO] PluginManager:220 - loadIPPluginJar : add hash
2024-01-17 22:19:46,805 [INFO] IPUIPlugin:80 - create IPUIPlugin
2024-01-17 22:19:46,805 [INFO] PluginManager:220 - loadIPPluginJar : add sai
2024-01-17 22:19:46,807 [INFO] IPUIPlugin:80 - create IPUIPlugin
2024-01-17 22:19:46,807 [INFO] PluginManager:220 - loadIPPluginJar : add opamp
2024-01-17 22:19:46,808 [INFO] IPUIPlugin:80 - create IPUIPlugin
2024-01-17 22:19:46,808 [INFO] PluginManager:220 - loadIPPluginJar : add touchsensing
2024-01-17 22:19:46,809 [INFO] IPUIPlugin:80 - create IPUIPlugin
2024-01-17 22:19:46,809 [INFO] PluginManager:220 - loadIPPluginJar : add ucpd
2024-01-17 22:19:46,809 [INFO] IPUIPlugin:80 - create IPUIPlugin
2024-01-17 22:19:46,809 [INFO] PluginManager:220 - loadIPPluginJar : add tsc
2024-01-17 22:19:46,810 [INFO] IPUIPlugin:80 - create IPUIPlugin
2024-01-17 22:19:46,810 [INFO] PluginManager:220 - loadIPPluginJar : add gtzc
2024-01-17 22:19:46,811 [INFO] IPUIPlugin:80 - create IPUIPlugin
2024-01-17 22:19:46,812 [INFO] PluginManager:220 - loadIPPluginJar : add usart
2024-01-17 22:19:46,814 [INFO] IPUIPlugin:80 - create IPUIPlugin
2024-01-17 22:19:46,814 [INFO] PluginManager:220 - loadIPPluginJar : add fmc
2024-01-17 22:19:46,817 [INFO] IPUIPlugin:80 - create IPUIPlugin
2024-01-17 22:19:46,819 [INFO] PluginManager:220 - loadIPPluginJar : add plateformsettings
2024-01-17 22:19:46,819 [INFO] IPUIPlugin:80 - create IPUIPlugin
2024-01-17 22:19:46,819 [INFO] PluginManager:220 - loadIPPluginJar : add genericplugin
2024-01-17 22:19:46,821 [INFO] IPUIPlugin:80 - create IPUIPlugin
2024-01-17 22:19:46,821 [INFO] PluginManager:220 - loadIPPluginJar : add resmgrutility
2024-01-17 22:19:46,822 [INFO] IPUIPlugin:80 - create IPUIPlugin
2024-01-17 22:19:46,822 [INFO] PluginManager:220 - loadIPPluginJar : add quadspi
2024-01-17 22:19:46,823 [INFO] IPUIPlugin:80 - create IPUIPlugin
2024-01-17 22:19:46,823 [INFO] PluginManager:220 - loadIPPluginJar : add tim
2024-01-17 22:19:46,826 [INFO] IPUIPlugin:80 - create IPUIPlugin
2024-01-17 22:19:46,827 [INFO] PluginManager:220 - loadIPPluginJar : add linkedlist
2024-01-17 22:19:46,828 [INFO] IPUIPlugin:80 - create IPUIPlugin
2024-01-17 22:19:46,828 [INFO] PluginManager:220 - loadIPPluginJar : add i2s
2024-01-17 22:19:46,831 [INFO] IPUIPlugin:80 - create IPUIPlugin
2024-01-17 22:19:46,831 [INFO] PluginManager:220 - loadIPPluginJar : add dma
2024-01-17 22:19:46,833 [INFO] IPUIPlugin:80 - create IPUIPlugin
2024-01-17 22:19:46,833 [INFO] PluginManager:220 - loadIPPluginJar : add ipddr
2024-01-17 22:19:46,835 [INFO] IPUIPlugin:80 - create IPUIPlugin
2024-01-17 22:19:46,836 [INFO] PluginManager:220 - loadIPPluginJar : add gpio
2024-01-17 22:19:46,837 [INFO] IPUIPlugin:80 - create IPUIPlugin
2024-01-17 22:19:46,837 [INFO] PluginManager:220 - loadIPPluginJar : add gfxmmu
2024-01-17 22:19:46,839 [INFO] IPUIPlugin:80 - create IPUIPlugin
2024-01-17 22:19:46,839 [INFO] PluginManager:220 - loadIPPluginJar : add aes
2024-01-17 22:19:46,840 [INFO] IPUIPlugin:80 - create IPUIPlugin
2024-01-17 22:19:46,840 [INFO] PluginManager:220 - loadIPPluginJar : add tracer_emb
2024-01-17 22:19:46,841 [INFO] IPUIPlugin:80 - create IPUIPlugin
2024-01-17 22:19:46,842 [INFO] PluginManager:220 - loadIPPluginJar : add i2c
2024-01-17 22:19:46,844 [INFO] IPUIPlugin:80 - create IPUIPlugin
2024-01-17 22:19:46,844 [INFO] PluginManager:220 - loadIPPluginJar : add stm32_wpan
2024-01-17 22:19:46,845 [INFO] IPUIPlugin:80 - create IPUIPlugin
2024-01-17 22:19:46,845 [INFO] PluginManager:220 - loadIPPluginJar : add ts
2024-01-17 22:19:46,847 [INFO] IPUIPlugin:80 - create IPUIPlugin
2024-01-17 22:19:46,847 [INFO] PluginManager:220 - loadIPPluginJar : add can
2024-01-17 22:19:46,850 [INFO] IPUIPlugin:80 - create IPUIPlugin
2024-01-17 22:19:46,850 [INFO] PluginManager:220 - loadIPPluginJar : add adc
2024-01-17 22:19:46,852 [INFO] IPUIPlugin:80 - create IPUIPlugin
2024-01-17 22:19:46,852 [INFO] PluginManager:220 - loadIPPluginJar : add usbx
2024-01-17 22:19:46,853 [INFO] IPUIPlugin:80 - create IPUIPlugin
2024-01-17 22:19:46,853 [INFO] PluginManager:220 - loadIPPluginJar : add pdm2pcm
2024-01-17 22:19:46,854 [INFO] IPUIPlugin:80 - create IPUIPlugin
2024-01-17 22:19:46,854 [INFO] PluginManager:220 - loadIPPluginJar : add openamp
2024-01-17 22:19:46,949 [INFO] CADModel:165 - CPN selected for project level
2024-01-17 22:19:46,949 [INFO] CADModel:114 - Register for checkConnection events
2024-01-17 22:19:46,949 [FATAL] Updater:308 - Updater called before beeing initialized
2024-01-17 22:19:46,949 [ERROR] CADModel:125 - Updater not yet initialized, retry later 
2024-01-17 22:19:47,044 [INFO] CADModel:165 - CPN selected for project level
2024-01-17 22:19:47,045 [INFO] CADModel:114 - Register for checkConnection events
2024-01-17 22:19:47,045 [FATAL] Updater:308 - Updater called before beeing initialized
2024-01-17 22:19:47,045 [ERROR] CADModel:125 - Updater not yet initialized, retry later 
2024-01-17 22:19:47,048 [FATAL] Updater:308 - Updater called before beeing initialized
2024-01-17 22:19:47,116 [FATAL] Updater:308 - Updater called before beeing initialized
2024-01-17 22:19:47,120 [INFO] DbMcusAds:53 - JSON generation date=Wed Nov 29 11:52:27 CET 2023 (1701255147349)
2024-01-17 22:19:47,120 [FATAL] Updater:308 - Updater called before beeing initialized
2024-01-17 22:19:47,144 [WARN] DetailPanel:346 - Failed to get advertising image, set to default
2024-01-17 22:19:47,206 [FATAL] Updater:308 - Updater called before beeing initialized
2024-01-17 22:19:47,208 [FATAL] Updater:308 - Updater called before beeing initialized
2024-01-17 22:19:47,208 [FATAL] Updater:308 - Updater called before beeing initialized
2024-01-17 22:19:47,208 [WARN] DetailPanel:346 - Failed to get advertising image, set to default
2024-01-17 22:19:47,209 [FATAL] Updater:308 - Updater called before beeing initialized
2024-01-17 22:19:47,229 [ERROR] Updater:1120 - MainUpdater not yet initialized. External WinMGr cannot be set.
2024-01-17 22:19:47,231 [INFO] Updater:1056 - Updater Version found : 6.10.0
2024-01-17 22:19:47,242 [INFO] ApplicationProperties:184 - Using Application install path: /opt/st/stm32cubeide_1.14.0/plugins/com.st.stm32cube.common.mx_6.10.0.202311202037
2024-01-17 22:19:47,475 [INFO] MainUpdater:2873 - connection check result : 10
2024-01-17 22:19:47,476 [INFO] MainUpdater:290 - Updater Check For Update Now.
2024-01-17 22:19:47,476 [INFO] MicroXplorer:498 - Change Database Version : DB.6.0.100
2024-01-17 22:19:47,481 [INFO] McuFinderGlobals:63 - Set McuFinder mode to 2 (CubeIDE integrated)
2024-01-17 22:19:47,619 [INFO] UserAuth:404 - Internet connection configuration mode: 1
2024-01-17 22:19:47,625 [INFO] JxBrowserEngine:152 - Initiate JxBrowser Engine with user profile folder
2024-01-17 22:19:47,645 [INFO] CheckServerUpdateThread:120 - End of CheckServer Thread
2024-01-17 22:19:48,034 [INFO] WebApp:161 - Instantiating new browser for Auth
2024-01-17 22:19:48,368 [INFO] WebApp:780 - Register for checkConnection events
2024-01-17 22:19:48,368 [INFO] WebApp:414 - Apply proxy settings
2024-01-17 22:19:48,368 [INFO] WebApp:499 - Chromium requires no authentication
2024-01-17 22:19:48,372 [INFO] WebApp:442 - Direct internet connection detected
2024-01-17 22:19:48,458 [INFO] WebApp:192 - Starting web application
2024-01-17 22:19:48,458 [INFO] WebApp:544 - Web application path used /opt/st/stm32cubeide_1.14.0/plugins/com.st.stm32cube.common.mx_6.10.0.202311202037/db/plugins/mcufinder/reactClient1/index.html
2024-01-17 22:19:49,632 [WARN] PackLoader:240 - Cannot read IP mode file for STMicroelectronics.X-CUBE-SMBUS.2.1.0
2024-01-17 22:19:49,639 [WARN] PackLoader:240 - Cannot read IP mode file for STMicroelectronics.X-CUBE-TOUCHGFX.4.23.0
2024-01-17 22:19:49,670 [WARN] PackLoader:240 - Cannot read IP mode file for STMicroelectronics.X-CUBE-AZRTOS-F7.1.1.0
2024-01-17 22:19:49,682 [WARN] PackLoader:240 - Cannot read IP mode file for STMicroelectronics.FP-SNS-MOTENV1.4.3.2
2024-01-17 22:19:49,689 [WARN] PackLoader:240 - Cannot read IP mode file for STMicroelectronics.FP-SNS-FLIGHT1.5.0.2
2024-01-17 22:19:49,699 [WARN] PackLoader:240 - Cannot read IP mode file for STMicroelectronics.X-CUBE-DISPLAY.3.0.0
2024-01-17 22:19:49,721 [WARN] PackLoader:240 - Cannot read IP mode file for STMicroelectronics.X-CUBE-BLE1.7.0.0
2024-01-17 22:19:49,726 [WARN] PackLoader:240 - Cannot read IP mode file for emotas.I-CUBE-CANOPEN.1.3.0
2024-01-17 22:19:49,729 [WARN] PackLoader:240 - Cannot read IP mode file for STMicroelectronics.X-CUBE-TOUCHGFX.4.22.1
2024-01-17 22:19:49,732 [WARN] PackLoader:240 - Cannot read IP mode file for STMicroelectronics.FP-SNS-SMARTAG2.1.2.0
2024-01-17 22:19:49,742 [INFO] LogOutputStream:77 - [STDOUT_REDIRECT] 1 : Invalid condition id : UX_CORESTACK_Condition cause : null
2024-01-17 22:19:49,742 [INFO] LogOutputStream:77 - [STDOUT_REDIRECT] 1 : Invalid condition id : UX_CORESTACK_Condition cause : null
2024-01-17 22:19:49,743 [INFO] LogOutputStream:77 - [STDOUT_REDIRECT] 1 : Invalid condition id : UX_CORESTACK_Condition cause : null
2024-01-17 22:19:49,743 [INFO] LogOutputStream:77 - [STDOUT_REDIRECT] 1 : Invalid condition id : UX_CORESTACK_Condition cause : null
2024-01-17 22:19:49,743 [INFO] LogOutputStream:77 - [STDOUT_REDIRECT] 1 : Invalid condition id : UX_CORESTACK_Condition cause : null
2024-01-17 22:19:49,748 [WARN] PackLoader:240 - Cannot read IP mode file for STMicroelectronics.X-CUBE-AZRTOS-WL.2.0.0
2024-01-17 22:19:49,758 [WARN] PackLoader:240 - Cannot read IP mode file for WES.I-CUBE-Cesium.1.3.0
2024-01-17 22:19:49,775 [WARN] PackLoader:240 - Cannot read IP mode file for STMicroelectronics.X-CUBE-BLE2.3.3.0
2024-01-17 22:19:49,784 [WARN] PackLoader:240 - Cannot read IP mode file for STMicroelectronics.X-CUBE-ALGOBUILD.1.3.0
2024-01-17 22:19:49,814 [WARN] PackLoader:240 - Cannot read IP mode file for STMicroelectronics.X-CUBE-AZRTOS-G0.1.1.0
2024-01-17 22:19:49,820 [WARN] PackLoader:240 - Cannot read IP mode file for STMicroelectronics.X-CUBE-NFC4.3.0.0
2024-01-17 22:19:49,833 [WARN] PackLoader:240 - Cannot read IP mode file for STMicroelectronics.X-CUBE-BLEMGR.3.0.0
2024-01-17 22:19:49,839 [WARN] PackLoader:240 - Cannot read IP mode file for STMicroelectronics.FP-ATR-SIGFOX1.3.2.0
2024-01-17 22:19:49,845 [WARN] PackLoader:240 - Cannot read IP mode file for STMicroelectronics.X-CUBE-GNSS1.6.0.0
2024-01-17 22:19:49,864 [WARN] PackLoader:240 - Cannot read IP mode file for STMicroelectronics.X-CUBE-AZRTOS-F4.1.1.0
2024-01-17 22:19:49,872 [WARN] PackLoader:240 - Cannot read IP mode file for wolfSSL.I-CUBE-wolfSSL.5.6.4
2024-01-17 22:19:49,889 [WARN] PackLoader:240 - Cannot read IP mode file for STMicroelectronics.X-CUBE-AZRTOS-L5.2.0.0
2024-01-17 22:19:49,896 [WARN] PackLoader:240 - Cannot read IP mode file for STMicroelectronics.X-CUBE-EEPRMA1.4.2.0
2024-01-17 22:19:49,901 [WARN] PackLoader:240 - Cannot read IP mode file for ITTIA_DB.I-CUBE-ITTIADB.8.8.0
2024-01-17 22:19:49,916 [WARN] ConditionMgr:438 - getConditionDescription Invalid condition id : UX DEVICE CLASS RTOS Condition cause : null
2024-01-17 22:19:49,916 [WARN] ConditionMgr:438 - getConditionDescription Invalid condition id : UX DEVICE CLASS RTOS Condition cause : null
2024-01-17 22:19:49,919 [WARN] PackLoader:240 - Cannot read IP mode file for STMicroelectronics.X-CUBE-AZRTOS-H7.3.1.0
2024-01-17 22:19:49,921 [WARN] ConditionMgr:1039 - genDependencies : Invalid condition id : UX DEVICE CLASS RTOS Condition cause : null
2024-01-17 22:19:49,921 [WARN] ConditionMgr:1039 - genDependencies : Invalid condition id : UX DEVICE CLASS RTOS Condition cause : null
2024-01-17 22:19:49,922 [WARN] ConditionMgr:1039 - genDependencies : Invalid condition id : UX DEVICE CLASS RTOS Condition cause : null
2024-01-17 22:19:49,922 [WARN] ConditionMgr:1039 - genDependencies : Invalid condition id : UX DEVICE CLASS RTOS Condition cause : null
2024-01-17 22:19:49,922 [WARN] ConditionMgr:1039 - genDependencies : Invalid condition id : UX DEVICE CLASS RTOS Condition cause : null
2024-01-17 22:19:49,927 [WARN] PackLoader:240 - Cannot read IP mode file for STMicroelectronics.X-CUBE-NFC7.1.0.1
2024-01-17 22:19:49,934 [WARN] PackLoader:240 - Cannot read IP mode file for STMicroelectronics.X-CUBE-NFC6.3.0.0
2024-01-17 22:19:49,938 [WARN] PackLoader:240 - Cannot read IP mode file for STMicroelectronics.X-CUBE-AI.8.1.0
2024-01-17 22:19:49,955 [WARN] ConditionMgr:438 - getConditionDescription Invalid condition id : LAN8742 Phy interface Condition cause : null
2024-01-17 22:19:49,956 [WARN] PackLoader:240 - Cannot read IP mode file for STMicroelectronics.X-CUBE-AZRTOS-L4.2.0.0
2024-01-17 22:19:49,957 [WARN] ConditionMgr:1039 - genDependencies : Invalid condition id : LAN8742 Phy interface Condition cause : null
2024-01-17 22:19:49,958 [WARN] ConditionMgr:1039 - genDependencies : Invalid condition id : LAN8742 Phy interface Condition cause : null
2024-01-17 22:19:49,958 [WARN] ConditionMgr:1039 - genDependencies : Invalid condition id : LAN8742 Phy interface Condition cause : null
2024-01-17 22:19:49,965 [WARN] PackLoader:240 - Cannot read IP mode file for STMicroelectronics.X-CUBE-SFXS2LP1.4.0.0
2024-01-17 22:19:49,970 [WARN] PackLoader:240 - Cannot read IP mode file for STMicroelectronics.X-CUBE-ISPU.1.1.0
2024-01-17 22:19:49,985 [WARN] ConditionMgr:438 - getConditionDescription Invalid condition id : UX DEVICE CLASS RTOS Condition cause : null
2024-01-17 22:19:49,985 [WARN] ConditionMgr:438 - getConditionDescription Invalid condition id : UX DEVICE CLASS RTOS Condition cause : null
2024-01-17 22:19:49,995 [WARN] PackLoader:240 - Cannot read IP mode file for STMicroelectronics.X-CUBE-AZRTOS-WB.2.0.0
2024-01-17 22:19:49,996 [WARN] ConditionMgr:1039 - genDependencies : Invalid condition id : UX DEVICE CLASS RTOS Condition cause : null
2024-01-17 22:19:49,996 [WARN] ConditionMgr:1039 - genDependencies : Invalid condition id : UX DEVICE CLASS RTOS Condition cause : null
2024-01-17 22:19:49,996 [WARN] ConditionMgr:1039 - genDependencies : Invalid condition id : UX DEVICE CLASS RTOS Condition cause : null
2024-01-17 22:19:49,997 [WARN] ConditionMgr:1039 - genDependencies : Invalid condition id : UX DEVICE CLASS RTOS Condition cause : null
2024-01-17 22:19:49,997 [WARN] ConditionMgr:1039 - genDependencies : Invalid condition id : UX DEVICE CLASS RTOS Condition cause : null
2024-01-17 22:19:50,006 [WARN] PackLoader:240 - Cannot read IP mode file for STMicroelectronics.X-CUBE-SUBG2.5.0.0
2024-01-17 22:19:50,021 [WARN] PackLoader:240 - Cannot read IP mode file for STMicroelectronics.X-CUBE-TOF1.3.3.1
2024-01-17 22:19:50,042 [WARN] PackLoader:240 - Cannot read IP mode file for STMicroelectronics.X-CUBE-AZRTOS-G4.2.0.0
2024-01-17 22:19:50,055 [WARN] PackLoader:240 - Cannot read IP mode file for Infineon.AIROC-Wi-Fi-Bluetooth-STM32.1.5.1
2024-01-17 22:19:50,062 [WARN] PackLoader:240 - Cannot read IP mode file for STMicroelectronics.FP-SNS-MOTENVWB1.1.3.0
2024-01-17 22:19:50,067 [WARN] PackLoader:240 - Cannot read IP mode file for STMicroelectronics.FP-SNS-MOTENVWB1.1.3.1
2024-01-17 22:19:50,070 [WARN] PackLoader:240 - Cannot read IP mode file for STMicroelectronics.X-CUBE-ISPU.2.0.0
2024-01-17 22:19:50,107 [WARN] PackLoader:240 - Cannot read IP mode file for STMicroelectronics.X-CUBE-MEMS1.10.0.0
2024-01-17 22:19:50,253 [WARN] PackLoader:240 - Cannot read IP mode file for STMicroelectronics.X-CUBE-FREERTOS.1.1.0
2024-01-17 22:19:50,259 [WARN] PackLoader:240 - Cannot read IP mode file for portGmbH.I-Cube-SoM-uGOAL.1.1.0
2024-01-17 22:19:50,262 [WARN] PackLoader:240 - Cannot read IP mode file for STMicroelectronics.X-CUBE-ALS.1.0.1
2024-01-17 22:19:50,266 [WARN] PackLoader:240 - Cannot read IP mode file for STMicroelectronics.FP-ATR-ASTRA1.2.0.0
2024-01-17 22:19:50,278 [WARN] PackLoader:240 - Cannot read IP mode file for STMicroelectronics.X-CUBE-TOF1.3.4.0
2024-01-17 22:19:50,307 [WARN] PackLoader:240 - Cannot read IP mode file for STMicroelectronics.X-CUBE-AZRTOS-H7.3.2.0
2024-01-17 22:19:50,314 [INFO] ThirdParty:978 - Integrity check success = true
2024-01-17 22:19:50,314 [INFO] IntegrityCheckThread:100 - exiting critical section [integrity check]
2024-01-17 22:19:50,315 [INFO] IntegrityCheckThread:103 - End integrity checks thread
2024-01-17 22:20:08,741 [ERROR] LogOutputStream:75 - [STDERR_REDIRECT] SLF4J: Failed to load class "org.slf4j.impl.StaticLoggerBinder".
2024-01-17 22:20:08,741 [ERROR] LogOutputStream:75 - [STDERR_REDIRECT] SLF4J: Defaulting to no-operation (NOP) logger implementation
2024-01-17 22:20:08,741 [ERROR] LogOutputStream:75 - [STDERR_REDIRECT] SLF4J: See http://www.slf4j.org/codes.html#StaticLoggerBinder for further details.
2024-01-17 22:20:31,037 [ERROR] LogOutputStream:75 - [STDERR_REDIRECT] 
