[0.572s] DEBUG:colcon:Command line arguments: ['/usr/bin/colcon', 'list', '-p', '--base-paths', '/home/moad/VigiWheels/jetsonNano/ros2_ws']
[0.572s] DEBUG:colcon:Parsed command line arguments: Namespace(log_base=None, log_level=None, verb_name='list', build_base='build', ignore_user_meta=False, metas=['./colcon.meta'], base_paths=['/home/moad/VigiWheels/jetsonNano/ros2_ws'], packages_ignore=None, packages_ignore_regex=None, paths=None, packages_up_to=None, packages_up_to_regex=None, packages_above=None, packages_above_and_dependencies=None, packages_above_depth=None, packages_select_by_dep=None, packages_skip_by_dep=None, packages_skip_up_to=None, packages_select_build_failed=False, packages_skip_build_finished=False, packages_select_test_failures=False, packages_skip_test_passed=False, packages_select=None, packages_skip=None, packages_select_regex=None, packages_skip_regex=None, packages_start=None, packages_end=None, allow_overriding=[], topological_order=False, names_only=False, paths_only=True, topological_graph=False, topological_graph_dot=False, topological_graph_density=False, topological_graph_legend=False, topological_graph_dot_cluster=False, topological_graph_dot_include_skipped=False, verb_parser=<colcon_defaults.argument_parser.defaults.DefaultArgumentsDecorator object at 0x7fe17ca97730>, verb_extension=<colcon_package_information.verb.list.ListVerb object at 0x7fe17ca96e90>, main=<bound method ListVerb.main of <colcon_package_information.verb.list.ListVerb object at 0x7fe17ca96e90>>)
[0.609s] Level 1:colcon.colcon_core.package_discovery:discover_packages(colcon_meta) check parameters
[0.609s] Level 1:colcon.colcon_core.package_discovery:discover_packages(recursive) check parameters
[0.609s] Level 1:colcon.colcon_core.package_discovery:discover_packages(ignore) check parameters
[0.609s] Level 1:colcon.colcon_core.package_discovery:discover_packages(path) check parameters
[0.609s] Level 1:colcon.colcon_core.package_discovery:discover_packages(recursive) discover
[0.609s] INFO:colcon.colcon_core.package_discovery:Crawling recursively for packages in '/home/moad/VigiWheels/jetsonNano/ros2_ws'
[0.609s] Level 1:colcon.colcon_core.package_identification:_identify(/home/moad/VigiWheels/jetsonNano/ros2_ws) by extensions ['ignore', 'ignore_ament_install']
[0.609s] Level 1:colcon.colcon_core.package_identification:_identify(/home/moad/VigiWheels/jetsonNano/ros2_ws) by extension 'ignore'
[0.609s] Level 1:colcon.colcon_core.package_identification:_identify(/home/moad/VigiWheels/jetsonNano/ros2_ws) by extension 'ignore_ament_install'
[0.609s] Level 1:colcon.colcon_core.package_identification:_identify(/home/moad/VigiWheels/jetsonNano/ros2_ws) by extensions ['colcon_pkg']
[0.609s] Level 1:colcon.colcon_core.package_identification:_identify(/home/moad/VigiWheels/jetsonNano/ros2_ws) by extension 'colcon_pkg'
[0.609s] Level 1:colcon.colcon_core.package_identification:_identify(/home/moad/VigiWheels/jetsonNano/ros2_ws) by extensions ['colcon_meta']
[0.609s] Level 1:colcon.colcon_core.package_identification:_identify(/home/moad/VigiWheels/jetsonNano/ros2_ws) by extension 'colcon_meta'
[0.609s] Level 1:colcon.colcon_core.package_identification:_identify(/home/moad/VigiWheels/jetsonNano/ros2_ws) by extensions ['ros']
[0.609s] Level 1:colcon.colcon_core.package_identification:_identify(/home/moad/VigiWheels/jetsonNano/ros2_ws) by extension 'ros'
[0.617s] Level 1:colcon.colcon_core.package_identification:_identify(/home/moad/VigiWheels/jetsonNano/ros2_ws) by extensions ['cmake', 'python']
[0.617s] Level 1:colcon.colcon_core.package_identification:_identify(/home/moad/VigiWheels/jetsonNano/ros2_ws) by extension 'cmake'
[0.617s] Level 1:colcon.colcon_core.package_identification:_identify(/home/moad/VigiWheels/jetsonNano/ros2_ws) by extension 'python'
[0.617s] Level 1:colcon.colcon_core.package_identification:_identify(/home/moad/VigiWheels/jetsonNano/ros2_ws) by extensions ['python_setup_py']
[0.617s] Level 1:colcon.colcon_core.package_identification:_identify(/home/moad/VigiWheels/jetsonNano/ros2_ws) by extension 'python_setup_py'
[0.617s] Level 1:colcon.colcon_core.package_identification:_identify(/home/moad/VigiWheels/jetsonNano/ros2_ws/build) by extensions ['ignore', 'ignore_ament_install']
[0.617s] Level 1:colcon.colcon_core.package_identification:_identify(/home/moad/VigiWheels/jetsonNano/ros2_ws/build) by extension 'ignore'
[0.617s] Level 1:colcon.colcon_core.package_identification:_identify(/home/moad/VigiWheels/jetsonNano/ros2_ws/build) ignored
[0.617s] Level 1:colcon.colcon_core.package_identification:_identify(/home/moad/VigiWheels/jetsonNano/ros2_ws/install) by extensions ['ignore', 'ignore_ament_install']
[0.617s] Level 1:colcon.colcon_core.package_identification:_identify(/home/moad/VigiWheels/jetsonNano/ros2_ws/install) by extension 'ignore'
[0.617s] Level 1:colcon.colcon_core.package_identification:_identify(/home/moad/VigiWheels/jetsonNano/ros2_ws/install) ignored
[0.617s] Level 1:colcon.colcon_core.package_identification:_identify(/home/moad/VigiWheels/jetsonNano/ros2_ws/log) by extensions ['ignore', 'ignore_ament_install']
[0.617s] Level 1:colcon.colcon_core.package_identification:_identify(/home/moad/VigiWheels/jetsonNano/ros2_ws/log) by extension 'ignore'
[0.617s] Level 1:colcon.colcon_core.package_identification:_identify(/home/moad/VigiWheels/jetsonNano/ros2_ws/log) ignored
[0.617s] Level 1:colcon.colcon_core.package_identification:_identify(/home/moad/VigiWheels/jetsonNano/ros2_ws/src) by extensions ['ignore', 'ignore_ament_install']
[0.617s] Level 1:colcon.colcon_core.package_identification:_identify(/home/moad/VigiWheels/jetsonNano/ros2_ws/src) by extension 'ignore'
[0.618s] Level 1:colcon.colcon_core.package_identification:_identify(/home/moad/VigiWheels/jetsonNano/ros2_ws/src) by extension 'ignore_ament_install'
[0.618s] Level 1:colcon.colcon_core.package_identification:_identify(/home/moad/VigiWheels/jetsonNano/ros2_ws/src) by extensions ['colcon_pkg']
[0.618s] Level 1:colcon.colcon_core.package_identification:_identify(/home/moad/VigiWheels/jetsonNano/ros2_ws/src) by extension 'colcon_pkg'
[0.618s] Level 1:colcon.colcon_core.package_identification:_identify(/home/moad/VigiWheels/jetsonNano/ros2_ws/src) by extensions ['colcon_meta']
[0.618s] Level 1:colcon.colcon_core.package_identification:_identify(/home/moad/VigiWheels/jetsonNano/ros2_ws/src) by extension 'colcon_meta'
[0.618s] Level 1:colcon.colcon_core.package_identification:_identify(/home/moad/VigiWheels/jetsonNano/ros2_ws/src) by extensions ['ros']
[0.618s] Level 1:colcon.colcon_core.package_identification:_identify(/home/moad/VigiWheels/jetsonNano/ros2_ws/src) by extension 'ros'
[0.618s] Level 1:colcon.colcon_core.package_identification:_identify(/home/moad/VigiWheels/jetsonNano/ros2_ws/src) by extensions ['cmake', 'python']
[0.618s] Level 1:colcon.colcon_core.package_identification:_identify(/home/moad/VigiWheels/jetsonNano/ros2_ws/src) by extension 'cmake'
[0.618s] Level 1:colcon.colcon_core.package_identification:_identify(/home/moad/VigiWheels/jetsonNano/ros2_ws/src) by extension 'python'
[0.618s] Level 1:colcon.colcon_core.package_identification:_identify(/home/moad/VigiWheels/jetsonNano/ros2_ws/src) by extensions ['python_setup_py']
[0.618s] Level 1:colcon.colcon_core.package_identification:_identify(/home/moad/VigiWheels/jetsonNano/ros2_ws/src) by extension 'python_setup_py'
[0.618s] Level 1:colcon.colcon_core.package_identification:_identify(/home/moad/VigiWheels/jetsonNano/ros2_ws/src/build) by extensions ['ignore', 'ignore_ament_install']
[0.618s] Level 1:colcon.colcon_core.package_identification:_identify(/home/moad/VigiWheels/jetsonNano/ros2_ws/src/build) by extension 'ignore'
[0.618s] Level 1:colcon.colcon_core.package_identification:_identify(/home/moad/VigiWheels/jetsonNano/ros2_ws/src/build) ignored
[0.618s] Level 1:colcon.colcon_core.package_identification:_identify(/home/moad/VigiWheels/jetsonNano/ros2_ws/src/geicar_start_jetson) by extensions ['ignore', 'ignore_ament_install']
[0.618s] Level 1:colcon.colcon_core.package_identification:_identify(/home/moad/VigiWheels/jetsonNano/ros2_ws/src/geicar_start_jetson) by extension 'ignore'
[0.618s] Level 1:colcon.colcon_core.package_identification:_identify(/home/moad/VigiWheels/jetsonNano/ros2_ws/src/geicar_start_jetson) by extension 'ignore_ament_install'
[0.618s] Level 1:colcon.colcon_core.package_identification:_identify(/home/moad/VigiWheels/jetsonNano/ros2_ws/src/geicar_start_jetson) by extensions ['colcon_pkg']
[0.618s] Level 1:colcon.colcon_core.package_identification:_identify(/home/moad/VigiWheels/jetsonNano/ros2_ws/src/geicar_start_jetson) by extension 'colcon_pkg'
[0.618s] Level 1:colcon.colcon_core.package_identification:_identify(/home/moad/VigiWheels/jetsonNano/ros2_ws/src/geicar_start_jetson) by extensions ['colcon_meta']
[0.618s] Level 1:colcon.colcon_core.package_identification:_identify(/home/moad/VigiWheels/jetsonNano/ros2_ws/src/geicar_start_jetson) by extension 'colcon_meta'
[0.618s] Level 1:colcon.colcon_core.package_identification:_identify(/home/moad/VigiWheels/jetsonNano/ros2_ws/src/geicar_start_jetson) by extensions ['ros']
[0.618s] Level 1:colcon.colcon_core.package_identification:_identify(/home/moad/VigiWheels/jetsonNano/ros2_ws/src/geicar_start_jetson) by extension 'ros'
[0.620s] DEBUG:colcon.colcon_core.package_identification:Package '/home/moad/VigiWheels/jetsonNano/ros2_ws/src/geicar_start_jetson' with type 'ros.ament_cmake' and name 'geicar_start_jetson'
[0.620s] Level 1:colcon.colcon_core.package_identification:_identify(/home/moad/VigiWheels/jetsonNano/ros2_ws/src/install) by extensions ['ignore', 'ignore_ament_install']
[0.620s] Level 1:colcon.colcon_core.package_identification:_identify(/home/moad/VigiWheels/jetsonNano/ros2_ws/src/install) by extension 'ignore'
[0.620s] Level 1:colcon.colcon_core.package_identification:_identify(/home/moad/VigiWheels/jetsonNano/ros2_ws/src/install) ignored
[0.620s] Level 1:colcon.colcon_core.package_identification:_identify(/home/moad/VigiWheels/jetsonNano/ros2_ws/src/interfaces) by extensions ['ignore', 'ignore_ament_install']
[0.620s] Level 1:colcon.colcon_core.package_identification:_identify(/home/moad/VigiWheels/jetsonNano/ros2_ws/src/interfaces) by extension 'ignore'
[0.620s] Level 1:colcon.colcon_core.package_identification:_identify(/home/moad/VigiWheels/jetsonNano/ros2_ws/src/interfaces) by extension 'ignore_ament_install'
[0.620s] Level 1:colcon.colcon_core.package_identification:_identify(/home/moad/VigiWheels/jetsonNano/ros2_ws/src/interfaces) by extensions ['colcon_pkg']
[0.620s] Level 1:colcon.colcon_core.package_identification:_identify(/home/moad/VigiWheels/jetsonNano/ros2_ws/src/interfaces) by extension 'colcon_pkg'
[0.620s] Level 1:colcon.colcon_core.package_identification:_identify(/home/moad/VigiWheels/jetsonNano/ros2_ws/src/interfaces) by extensions ['colcon_meta']
[0.620s] Level 1:colcon.colcon_core.package_identification:_identify(/home/moad/VigiWheels/jetsonNano/ros2_ws/src/interfaces) by extension 'colcon_meta'
[0.620s] Level 1:colcon.colcon_core.package_identification:_identify(/home/moad/VigiWheels/jetsonNano/ros2_ws/src/interfaces) by extensions ['ros']
[0.620s] Level 1:colcon.colcon_core.package_identification:_identify(/home/moad/VigiWheels/jetsonNano/ros2_ws/src/interfaces) by extension 'ros'
[0.621s] DEBUG:colcon.colcon_core.package_identification:Package '/home/moad/VigiWheels/jetsonNano/ros2_ws/src/interfaces' with type 'ros.ament_cmake' and name 'interfaces'
[0.621s] Level 1:colcon.colcon_core.package_identification:_identify(/home/moad/VigiWheels/jetsonNano/ros2_ws/src/log) by extensions ['ignore', 'ignore_ament_install']
[0.621s] Level 1:colcon.colcon_core.package_identification:_identify(/home/moad/VigiWheels/jetsonNano/ros2_ws/src/log) by extension 'ignore'
[0.621s] Level 1:colcon.colcon_core.package_identification:_identify(/home/moad/VigiWheels/jetsonNano/ros2_ws/src/log) ignored
[0.621s] Level 1:colcon.colcon_core.package_identification:_identify(/home/moad/VigiWheels/jetsonNano/ros2_ws/src/manometer_detection) by extensions ['ignore', 'ignore_ament_install']
[0.621s] Level 1:colcon.colcon_core.package_identification:_identify(/home/moad/VigiWheels/jetsonNano/ros2_ws/src/manometer_detection) by extension 'ignore'
[0.621s] Level 1:colcon.colcon_core.package_identification:_identify(/home/moad/VigiWheels/jetsonNano/ros2_ws/src/manometer_detection) by extension 'ignore_ament_install'
[0.621s] Level 1:colcon.colcon_core.package_identification:_identify(/home/moad/VigiWheels/jetsonNano/ros2_ws/src/manometer_detection) by extensions ['colcon_pkg']
[0.621s] Level 1:colcon.colcon_core.package_identification:_identify(/home/moad/VigiWheels/jetsonNano/ros2_ws/src/manometer_detection) by extension 'colcon_pkg'
[0.621s] Level 1:colcon.colcon_core.package_identification:_identify(/home/moad/VigiWheels/jetsonNano/ros2_ws/src/manometer_detection) by extensions ['colcon_meta']
[0.621s] Level 1:colcon.colcon_core.package_identification:_identify(/home/moad/VigiWheels/jetsonNano/ros2_ws/src/manometer_detection) by extension 'colcon_meta'
[0.621s] Level 1:colcon.colcon_core.package_identification:_identify(/home/moad/VigiWheels/jetsonNano/ros2_ws/src/manometer_detection) by extensions ['ros']
[0.621s] Level 1:colcon.colcon_core.package_identification:_identify(/home/moad/VigiWheels/jetsonNano/ros2_ws/src/manometer_detection) by extension 'ros'
[0.622s] DEBUG:colcon.colcon_core.package_identification:Package '/home/moad/VigiWheels/jetsonNano/ros2_ws/src/manometer_detection' with type 'ros.ament_python' and name 'manometer_detection'
[0.622s] Level 1:colcon.colcon_core.package_identification:_identify(/home/moad/VigiWheels/jetsonNano/ros2_ws/src/rplidar_ros2) by extensions ['ignore', 'ignore_ament_install']
[0.622s] Level 1:colcon.colcon_core.package_identification:_identify(/home/moad/VigiWheels/jetsonNano/ros2_ws/src/rplidar_ros2) by extension 'ignore'
[0.622s] Level 1:colcon.colcon_core.package_identification:_identify(/home/moad/VigiWheels/jetsonNano/ros2_ws/src/rplidar_ros2) by extension 'ignore_ament_install'
[0.622s] Level 1:colcon.colcon_core.package_identification:_identify(/home/moad/VigiWheels/jetsonNano/ros2_ws/src/rplidar_ros2) by extensions ['colcon_pkg']
[0.622s] Level 1:colcon.colcon_core.package_identification:_identify(/home/moad/VigiWheels/jetsonNano/ros2_ws/src/rplidar_ros2) by extension 'colcon_pkg'
[0.622s] Level 1:colcon.colcon_core.package_identification:_identify(/home/moad/VigiWheels/jetsonNano/ros2_ws/src/rplidar_ros2) by extensions ['colcon_meta']
[0.622s] Level 1:colcon.colcon_core.package_identification:_identify(/home/moad/VigiWheels/jetsonNano/ros2_ws/src/rplidar_ros2) by extension 'colcon_meta'
[0.622s] Level 1:colcon.colcon_core.package_identification:_identify(/home/moad/VigiWheels/jetsonNano/ros2_ws/src/rplidar_ros2) by extensions ['ros']
[0.622s] Level 1:colcon.colcon_core.package_identification:_identify(/home/moad/VigiWheels/jetsonNano/ros2_ws/src/rplidar_ros2) by extension 'ros'
[0.623s] DEBUG:colcon.colcon_core.package_identification:Package '/home/moad/VigiWheels/jetsonNano/ros2_ws/src/rplidar_ros2' with type 'ros.ament_cmake' and name 'rplidar_ros'
[0.623s] Level 1:colcon.colcon_core.package_identification:_identify(/home/moad/VigiWheels/jetsonNano/ros2_ws/src/system_check_ack) by extensions ['ignore', 'ignore_ament_install']
[0.623s] Level 1:colcon.colcon_core.package_identification:_identify(/home/moad/VigiWheels/jetsonNano/ros2_ws/src/system_check_ack) by extension 'ignore'
[0.623s] Level 1:colcon.colcon_core.package_identification:_identify(/home/moad/VigiWheels/jetsonNano/ros2_ws/src/system_check_ack) by extension 'ignore_ament_install'
[0.623s] Level 1:colcon.colcon_core.package_identification:_identify(/home/moad/VigiWheels/jetsonNano/ros2_ws/src/system_check_ack) by extensions ['colcon_pkg']
[0.623s] Level 1:colcon.colcon_core.package_identification:_identify(/home/moad/VigiWheels/jetsonNano/ros2_ws/src/system_check_ack) by extension 'colcon_pkg'
[0.623s] Level 1:colcon.colcon_core.package_identification:_identify(/home/moad/VigiWheels/jetsonNano/ros2_ws/src/system_check_ack) by extensions ['colcon_meta']
[0.623s] Level 1:colcon.colcon_core.package_identification:_identify(/home/moad/VigiWheels/jetsonNano/ros2_ws/src/system_check_ack) by extension 'colcon_meta'
[0.623s] Level 1:colcon.colcon_core.package_identification:_identify(/home/moad/VigiWheels/jetsonNano/ros2_ws/src/system_check_ack) by extensions ['ros']
[0.623s] Level 1:colcon.colcon_core.package_identification:_identify(/home/moad/VigiWheels/jetsonNano/ros2_ws/src/system_check_ack) by extension 'ros'
[0.623s] DEBUG:colcon.colcon_core.package_identification:Package '/home/moad/VigiWheels/jetsonNano/ros2_ws/src/system_check_ack' with type 'ros.ament_cmake' and name 'system_check_ack'
[0.624s] Level 1:colcon.colcon_core.package_identification:_identify(/home/moad/VigiWheels/jetsonNano/ros2_ws/src/usb_cam) by extensions ['ignore', 'ignore_ament_install']
[0.624s] Level 1:colcon.colcon_core.package_identification:_identify(/home/moad/VigiWheels/jetsonNano/ros2_ws/src/usb_cam) by extension 'ignore'
[0.624s] Level 1:colcon.colcon_core.package_identification:_identify(/home/moad/VigiWheels/jetsonNano/ros2_ws/src/usb_cam) by extension 'ignore_ament_install'
[0.624s] Level 1:colcon.colcon_core.package_identification:_identify(/home/moad/VigiWheels/jetsonNano/ros2_ws/src/usb_cam) by extensions ['colcon_pkg']
[0.624s] Level 1:colcon.colcon_core.package_identification:_identify(/home/moad/VigiWheels/jetsonNano/ros2_ws/src/usb_cam) by extension 'colcon_pkg'
[0.624s] Level 1:colcon.colcon_core.package_identification:_identify(/home/moad/VigiWheels/jetsonNano/ros2_ws/src/usb_cam) by extensions ['colcon_meta']
[0.624s] Level 1:colcon.colcon_core.package_identification:_identify(/home/moad/VigiWheels/jetsonNano/ros2_ws/src/usb_cam) by extension 'colcon_meta'
[0.624s] Level 1:colcon.colcon_core.package_identification:_identify(/home/moad/VigiWheels/jetsonNano/ros2_ws/src/usb_cam) by extensions ['ros']
[0.624s] Level 1:colcon.colcon_core.package_identification:_identify(/home/moad/VigiWheels/jetsonNano/ros2_ws/src/usb_cam) by extension 'ros'
[0.625s] DEBUG:colcon.colcon_core.package_identification:Package '/home/moad/VigiWheels/jetsonNano/ros2_ws/src/usb_cam' with type 'ros.ament_cmake' and name 'usb_cam'
[0.625s] Level 1:colcon.colcon_core.package_discovery:discover_packages(recursive) using defaults
