[4.083s] DEBUG:colcon:Command line arguments: ['/usr/bin/colcon', 'build', '--packages-select', 'interfaces']
[4.083s] DEBUG:colcon:Parsed command line arguments: Namespace(allow_overriding=[], ament_cmake_args=None, base_paths=['.'], build_base='build', catkin_cmake_args=None, catkin_skip_building_tests=False, cmake_args=None, cmake_clean_cache=False, cmake_clean_first=False, cmake_force_configure=False, cmake_target=None, cmake_target_skip_unavailable=False, continue_on_error=False, event_handlers=None, executor='parallel', ignore_user_meta=False, install_base='install', log_base=None, log_level=None, main=<bound method BuildVerb.main of <colcon_core.verb.build.BuildVerb object at 0x7f2f97d53940>>, merge_install=False, metas=['./colcon.meta'], packages_above=None, packages_above_and_dependencies=None, packages_above_depth=None, packages_end=None, packages_ignore=None, packages_ignore_regex=None, packages_select=['interfaces'], packages_select_build_failed=False, packages_select_by_dep=None, packages_select_regex=None, packages_select_test_failures=False, packages_skip=None, packages_skip_build_finished=False, packages_skip_by_dep=None, packages_skip_regex=None, packages_skip_test_passed=False, packages_skip_up_to=None, packages_start=None, packages_up_to=None, packages_up_to_regex=None, parallel_workers=8, paths=None, symlink_install=False, test_result_base=None, verb_extension=<colcon_core.verb.build.BuildVerb object at 0x7f2f97d53940>, verb_name='build', verb_parser=<colcon_defaults.argument_parser.defaults.DefaultArgumentsDecorator object at 0x7f2f978b0d90>)
[4.281s] Level 1:colcon.colcon_core.package_discovery:discover_packages(colcon_meta) check parameters
[4.281s] Level 1:colcon.colcon_core.package_discovery:discover_packages(recursive) check parameters
[4.281s] Level 1:colcon.colcon_core.package_discovery:discover_packages(ignore) check parameters
[4.281s] Level 1:colcon.colcon_core.package_discovery:discover_packages(path) check parameters
[4.281s] Level 1:colcon.colcon_core.package_discovery:discover_packages(colcon_meta) discover
[4.281s] Level 1:colcon.colcon_core.package_discovery:discover_packages(recursive) discover
[4.281s] INFO:colcon.colcon_core.package_discovery:Crawling recursively for packages in '/home/raphael/Bureau/VigiWheels/raspberryPI3/ros2_ws'
[4.282s] Level 1:colcon.colcon_core.package_identification:_identify(.) by extensions ['ignore', 'ignore_ament_install']
[4.282s] Level 1:colcon.colcon_core.package_identification:_identify(.) by extension 'ignore'
[4.282s] Level 1:colcon.colcon_core.package_identification:_identify(.) by extension 'ignore_ament_install'
[4.282s] Level 1:colcon.colcon_core.package_identification:_identify(.) by extensions ['colcon_pkg']
[4.282s] Level 1:colcon.colcon_core.package_identification:_identify(.) by extension 'colcon_pkg'
[4.282s] Level 1:colcon.colcon_core.package_identification:_identify(.) by extensions ['colcon_meta']
[4.282s] Level 1:colcon.colcon_core.package_identification:_identify(.) by extension 'colcon_meta'
[4.282s] Level 1:colcon.colcon_core.package_identification:_identify(.) by extensions ['ros']
[4.282s] Level 1:colcon.colcon_core.package_identification:_identify(.) by extension 'ros'
[4.334s] Level 1:colcon.colcon_core.package_identification:_identify(.) by extensions ['cmake', 'python']
[4.334s] Level 1:colcon.colcon_core.package_identification:_identify(.) by extension 'cmake'
[4.334s] Level 1:colcon.colcon_core.package_identification:_identify(.) by extension 'python'
[4.334s] Level 1:colcon.colcon_core.package_identification:_identify(.) by extensions ['python_setup_py']
[4.334s] Level 1:colcon.colcon_core.package_identification:_identify(.) by extension 'python_setup_py'
[4.334s] Level 1:colcon.colcon_core.package_identification:_identify(build) by extensions ['ignore', 'ignore_ament_install']
[4.334s] Level 1:colcon.colcon_core.package_identification:_identify(build) by extension 'ignore'
[4.334s] Level 1:colcon.colcon_core.package_identification:_identify(build) ignored
[4.334s] Level 1:colcon.colcon_core.package_identification:_identify(install) by extensions ['ignore', 'ignore_ament_install']
[4.334s] Level 1:colcon.colcon_core.package_identification:_identify(install) by extension 'ignore'
[4.334s] Level 1:colcon.colcon_core.package_identification:_identify(install) ignored
[4.334s] Level 1:colcon.colcon_core.package_identification:_identify(log) by extensions ['ignore', 'ignore_ament_install']
[4.335s] Level 1:colcon.colcon_core.package_identification:_identify(log) by extension 'ignore'
[4.335s] Level 1:colcon.colcon_core.package_identification:_identify(log) ignored
[4.335s] Level 1:colcon.colcon_core.package_identification:_identify(src) by extensions ['ignore', 'ignore_ament_install']
[4.335s] Level 1:colcon.colcon_core.package_identification:_identify(src) by extension 'ignore'
[4.335s] Level 1:colcon.colcon_core.package_identification:_identify(src) by extension 'ignore_ament_install'
[4.335s] Level 1:colcon.colcon_core.package_identification:_identify(src) by extensions ['colcon_pkg']
[4.335s] Level 1:colcon.colcon_core.package_identification:_identify(src) by extension 'colcon_pkg'
[4.335s] Level 1:colcon.colcon_core.package_identification:_identify(src) by extensions ['colcon_meta']
[4.335s] Level 1:colcon.colcon_core.package_identification:_identify(src) by extension 'colcon_meta'
[4.335s] Level 1:colcon.colcon_core.package_identification:_identify(src) by extensions ['ros']
[4.335s] Level 1:colcon.colcon_core.package_identification:_identify(src) by extension 'ros'
[4.335s] Level 1:colcon.colcon_core.package_identification:_identify(src) by extensions ['cmake', 'python']
[4.335s] Level 1:colcon.colcon_core.package_identification:_identify(src) by extension 'cmake'
[4.335s] Level 1:colcon.colcon_core.package_identification:_identify(src) by extension 'python'
[4.335s] Level 1:colcon.colcon_core.package_identification:_identify(src) by extensions ['python_setup_py']
[4.335s] Level 1:colcon.colcon_core.package_identification:_identify(src) by extension 'python_setup_py'
[4.335s] Level 1:colcon.colcon_core.package_identification:_identify(src/can) by extensions ['ignore', 'ignore_ament_install']
[4.335s] Level 1:colcon.colcon_core.package_identification:_identify(src/can) by extension 'ignore'
[4.336s] Level 1:colcon.colcon_core.package_identification:_identify(src/can) by extension 'ignore_ament_install'
[4.336s] Level 1:colcon.colcon_core.package_identification:_identify(src/can) by extensions ['colcon_pkg']
[4.336s] Level 1:colcon.colcon_core.package_identification:_identify(src/can) by extension 'colcon_pkg'
[4.336s] Level 1:colcon.colcon_core.package_identification:_identify(src/can) by extensions ['colcon_meta']
[4.336s] Level 1:colcon.colcon_core.package_identification:_identify(src/can) by extension 'colcon_meta'
[4.336s] Level 1:colcon.colcon_core.package_identification:_identify(src/can) by extensions ['ros']
[4.336s] Level 1:colcon.colcon_core.package_identification:_identify(src/can) by extension 'ros'
[4.360s] DEBUG:colcon.colcon_core.package_identification:Package 'src/can' with type 'ros.ament_cmake' and name 'can'
[4.360s] Level 1:colcon.colcon_core.package_identification:_identify(src/car_control) by extensions ['ignore', 'ignore_ament_install']
[4.360s] Level 1:colcon.colcon_core.package_identification:_identify(src/car_control) by extension 'ignore'
[4.360s] Level 1:colcon.colcon_core.package_identification:_identify(src/car_control) by extension 'ignore_ament_install'
[4.360s] Level 1:colcon.colcon_core.package_identification:_identify(src/car_control) by extensions ['colcon_pkg']
[4.360s] Level 1:colcon.colcon_core.package_identification:_identify(src/car_control) by extension 'colcon_pkg'
[4.360s] Level 1:colcon.colcon_core.package_identification:_identify(src/car_control) by extensions ['colcon_meta']
[4.360s] Level 1:colcon.colcon_core.package_identification:_identify(src/car_control) by extension 'colcon_meta'
[4.360s] Level 1:colcon.colcon_core.package_identification:_identify(src/car_control) by extensions ['ros']
[4.360s] Level 1:colcon.colcon_core.package_identification:_identify(src/car_control) by extension 'ros'
[4.361s] DEBUG:colcon.colcon_core.package_identification:Package 'src/car_control' with type 'ros.ament_cmake' and name 'car_control'
[4.361s] Level 1:colcon.colcon_core.package_identification:_identify(src/carla_msgs) by extensions ['ignore', 'ignore_ament_install']
[4.361s] Level 1:colcon.colcon_core.package_identification:_identify(src/carla_msgs) by extension 'ignore'
[4.361s] Level 1:colcon.colcon_core.package_identification:_identify(src/carla_msgs) by extension 'ignore_ament_install'
[4.361s] Level 1:colcon.colcon_core.package_identification:_identify(src/carla_msgs) by extensions ['colcon_pkg']
[4.362s] Level 1:colcon.colcon_core.package_identification:_identify(src/carla_msgs) by extension 'colcon_pkg'
[4.362s] Level 1:colcon.colcon_core.package_identification:_identify(src/carla_msgs) by extensions ['colcon_meta']
[4.362s] Level 1:colcon.colcon_core.package_identification:_identify(src/carla_msgs) by extension 'colcon_meta'
[4.362s] Level 1:colcon.colcon_core.package_identification:_identify(src/carla_msgs) by extensions ['ros']
[4.362s] Level 1:colcon.colcon_core.package_identification:_identify(src/carla_msgs) by extension 'ros'
[4.362s] DEBUG:colcon.colcon_core.package_identification:Package 'src/carla_msgs' with type 'ros.ament_cmake' and name 'carla_msgs'
[4.363s] Level 1:colcon.colcon_core.package_identification:_identify(src/geicar_start) by extensions ['ignore', 'ignore_ament_install']
[4.363s] Level 1:colcon.colcon_core.package_identification:_identify(src/geicar_start) by extension 'ignore'
[4.363s] Level 1:colcon.colcon_core.package_identification:_identify(src/geicar_start) by extension 'ignore_ament_install'
[4.363s] Level 1:colcon.colcon_core.package_identification:_identify(src/geicar_start) by extensions ['colcon_pkg']
[4.363s] Level 1:colcon.colcon_core.package_identification:_identify(src/geicar_start) by extension 'colcon_pkg'
[4.363s] Level 1:colcon.colcon_core.package_identification:_identify(src/geicar_start) by extensions ['colcon_meta']
[4.363s] Level 1:colcon.colcon_core.package_identification:_identify(src/geicar_start) by extension 'colcon_meta'
[4.363s] Level 1:colcon.colcon_core.package_identification:_identify(src/geicar_start) by extensions ['ros']
[4.363s] Level 1:colcon.colcon_core.package_identification:_identify(src/geicar_start) by extension 'ros'
[4.376s] DEBUG:colcon.colcon_core.package_identification:Package 'src/geicar_start' with type 'ros.ament_cmake' and name 'geicar_start'
[4.376s] Level 1:colcon.colcon_core.package_identification:_identify(src/imu_tools) by extensions ['ignore', 'ignore_ament_install']
[4.376s] Level 1:colcon.colcon_core.package_identification:_identify(src/imu_tools) by extension 'ignore'
[4.376s] Level 1:colcon.colcon_core.package_identification:_identify(src/imu_tools) by extension 'ignore_ament_install'
[4.376s] Level 1:colcon.colcon_core.package_identification:_identify(src/imu_tools) by extensions ['colcon_pkg']
[4.376s] Level 1:colcon.colcon_core.package_identification:_identify(src/imu_tools) by extension 'colcon_pkg'
[4.376s] Level 1:colcon.colcon_core.package_identification:_identify(src/imu_tools) by extensions ['colcon_meta']
[4.376s] Level 1:colcon.colcon_core.package_identification:_identify(src/imu_tools) by extension 'colcon_meta'
[4.376s] Level 1:colcon.colcon_core.package_identification:_identify(src/imu_tools) by extensions ['ros']
[4.376s] Level 1:colcon.colcon_core.package_identification:_identify(src/imu_tools) by extension 'ros'
[4.376s] Level 1:colcon.colcon_core.package_identification:_identify(src/imu_tools) by extensions ['cmake', 'python']
[4.376s] Level 1:colcon.colcon_core.package_identification:_identify(src/imu_tools) by extension 'cmake'
[4.376s] Level 1:colcon.colcon_core.package_identification:_identify(src/imu_tools) by extension 'python'
[4.376s] Level 1:colcon.colcon_core.package_identification:_identify(src/imu_tools) by extensions ['python_setup_py']
[4.376s] Level 1:colcon.colcon_core.package_identification:_identify(src/imu_tools) by extension 'python_setup_py'
[4.377s] Level 1:colcon.colcon_core.package_identification:_identify(src/imu_tools/imu_complementary_filter) by extensions ['ignore', 'ignore_ament_install']
[4.377s] Level 1:colcon.colcon_core.package_identification:_identify(src/imu_tools/imu_complementary_filter) by extension 'ignore'
[4.377s] Level 1:colcon.colcon_core.package_identification:_identify(src/imu_tools/imu_complementary_filter) by extension 'ignore_ament_install'
[4.377s] Level 1:colcon.colcon_core.package_identification:_identify(src/imu_tools/imu_complementary_filter) by extensions ['colcon_pkg']
[4.377s] Level 1:colcon.colcon_core.package_identification:_identify(src/imu_tools/imu_complementary_filter) by extension 'colcon_pkg'
[4.377s] Level 1:colcon.colcon_core.package_identification:_identify(src/imu_tools/imu_complementary_filter) by extensions ['colcon_meta']
[4.377s] Level 1:colcon.colcon_core.package_identification:_identify(src/imu_tools/imu_complementary_filter) by extension 'colcon_meta'
[4.377s] Level 1:colcon.colcon_core.package_identification:_identify(src/imu_tools/imu_complementary_filter) by extensions ['ros']
[4.377s] Level 1:colcon.colcon_core.package_identification:_identify(src/imu_tools/imu_complementary_filter) by extension 'ros'
[4.378s] DEBUG:colcon.colcon_core.package_identification:Package 'src/imu_tools/imu_complementary_filter' with type 'ros.ament_cmake' and name 'imu_complementary_filter'
[4.378s] Level 1:colcon.colcon_core.package_identification:_identify(src/imu_tools/imu_filter_madgwick) by extensions ['ignore', 'ignore_ament_install']
[4.378s] Level 1:colcon.colcon_core.package_identification:_identify(src/imu_tools/imu_filter_madgwick) by extension 'ignore'
[4.378s] Level 1:colcon.colcon_core.package_identification:_identify(src/imu_tools/imu_filter_madgwick) by extension 'ignore_ament_install'
[4.378s] Level 1:colcon.colcon_core.package_identification:_identify(src/imu_tools/imu_filter_madgwick) by extensions ['colcon_pkg']
[4.378s] Level 1:colcon.colcon_core.package_identification:_identify(src/imu_tools/imu_filter_madgwick) by extension 'colcon_pkg'
[4.378s] Level 1:colcon.colcon_core.package_identification:_identify(src/imu_tools/imu_filter_madgwick) by extensions ['colcon_meta']
[4.378s] Level 1:colcon.colcon_core.package_identification:_identify(src/imu_tools/imu_filter_madgwick) by extension 'colcon_meta'
[4.378s] Level 1:colcon.colcon_core.package_identification:_identify(src/imu_tools/imu_filter_madgwick) by extensions ['ros']
[4.378s] Level 1:colcon.colcon_core.package_identification:_identify(src/imu_tools/imu_filter_madgwick) by extension 'ros'
[4.399s] DEBUG:colcon.colcon_core.package_identification:Package 'src/imu_tools/imu_filter_madgwick' with type 'ros.ament_cmake' and name 'imu_filter_madgwick'
[4.399s] Level 1:colcon.colcon_core.package_identification:_identify(src/imu_tools/imu_tools) by extensions ['ignore', 'ignore_ament_install']
[4.399s] Level 1:colcon.colcon_core.package_identification:_identify(src/imu_tools/imu_tools) by extension 'ignore'
[4.399s] Level 1:colcon.colcon_core.package_identification:_identify(src/imu_tools/imu_tools) by extension 'ignore_ament_install'
[4.400s] Level 1:colcon.colcon_core.package_identification:_identify(src/imu_tools/imu_tools) by extensions ['colcon_pkg']
[4.400s] Level 1:colcon.colcon_core.package_identification:_identify(src/imu_tools/imu_tools) by extension 'colcon_pkg'
[4.400s] Level 1:colcon.colcon_core.package_identification:_identify(src/imu_tools/imu_tools) by extensions ['colcon_meta']
[4.400s] Level 1:colcon.colcon_core.package_identification:_identify(src/imu_tools/imu_tools) by extension 'colcon_meta'
[4.400s] Level 1:colcon.colcon_core.package_identification:_identify(src/imu_tools/imu_tools) by extensions ['ros']
[4.400s] Level 1:colcon.colcon_core.package_identification:_identify(src/imu_tools/imu_tools) by extension 'ros'
[4.400s] DEBUG:colcon.colcon_core.package_identification:Package 'src/imu_tools/imu_tools' with type 'ros.ament_cmake' and name 'imu_tools'
[4.400s] Level 1:colcon.colcon_core.package_identification:_identify(src/imu_tools/rviz_imu_plugin) by extensions ['ignore', 'ignore_ament_install']
[4.400s] Level 1:colcon.colcon_core.package_identification:_identify(src/imu_tools/rviz_imu_plugin) by extension 'ignore'
[4.400s] Level 1:colcon.colcon_core.package_identification:_identify(src/imu_tools/rviz_imu_plugin) by extension 'ignore_ament_install'
[4.400s] Level 1:colcon.colcon_core.package_identification:_identify(src/imu_tools/rviz_imu_plugin) by extensions ['colcon_pkg']
[4.401s] Level 1:colcon.colcon_core.package_identification:_identify(src/imu_tools/rviz_imu_plugin) by extension 'colcon_pkg'
[4.401s] Level 1:colcon.colcon_core.package_identification:_identify(src/imu_tools/rviz_imu_plugin) by extensions ['colcon_meta']
[4.401s] Level 1:colcon.colcon_core.package_identification:_identify(src/imu_tools/rviz_imu_plugin) by extension 'colcon_meta'
[4.401s] Level 1:colcon.colcon_core.package_identification:_identify(src/imu_tools/rviz_imu_plugin) by extensions ['ros']
[4.401s] Level 1:colcon.colcon_core.package_identification:_identify(src/imu_tools/rviz_imu_plugin) by extension 'ros'
[4.402s] DEBUG:colcon.colcon_core.package_identification:Package 'src/imu_tools/rviz_imu_plugin' with type 'ros.ament_cmake' and name 'rviz_imu_plugin'
[4.402s] Level 1:colcon.colcon_core.package_identification:_identify(src/interfaces) by extensions ['ignore', 'ignore_ament_install']
[4.402s] Level 1:colcon.colcon_core.package_identification:_identify(src/interfaces) by extension 'ignore'
[4.402s] Level 1:colcon.colcon_core.package_identification:_identify(src/interfaces) by extension 'ignore_ament_install'
[4.402s] Level 1:colcon.colcon_core.package_identification:_identify(src/interfaces) by extensions ['colcon_pkg']
[4.402s] Level 1:colcon.colcon_core.package_identification:_identify(src/interfaces) by extension 'colcon_pkg'
[4.402s] Level 1:colcon.colcon_core.package_identification:_identify(src/interfaces) by extensions ['colcon_meta']
[4.402s] Level 1:colcon.colcon_core.package_identification:_identify(src/interfaces) by extension 'colcon_meta'
[4.402s] Level 1:colcon.colcon_core.package_identification:_identify(src/interfaces) by extensions ['ros']
[4.402s] Level 1:colcon.colcon_core.package_identification:_identify(src/interfaces) by extension 'ros'
[4.403s] DEBUG:colcon.colcon_core.package_identification:Package 'src/interfaces' with type 'ros.ament_cmake' and name 'interfaces'
[4.403s] Level 1:colcon.colcon_core.package_identification:_identify(src/joystick) by extensions ['ignore', 'ignore_ament_install']
[4.403s] Level 1:colcon.colcon_core.package_identification:_identify(src/joystick) by extension 'ignore'
[4.403s] Level 1:colcon.colcon_core.package_identification:_identify(src/joystick) by extension 'ignore_ament_install'
[4.403s] Level 1:colcon.colcon_core.package_identification:_identify(src/joystick) by extensions ['colcon_pkg']
[4.403s] Level 1:colcon.colcon_core.package_identification:_identify(src/joystick) by extension 'colcon_pkg'
[4.403s] Level 1:colcon.colcon_core.package_identification:_identify(src/joystick) by extensions ['colcon_meta']
[4.403s] Level 1:colcon.colcon_core.package_identification:_identify(src/joystick) by extension 'colcon_meta'
[4.403s] Level 1:colcon.colcon_core.package_identification:_identify(src/joystick) by extensions ['ros']
[4.403s] Level 1:colcon.colcon_core.package_identification:_identify(src/joystick) by extension 'ros'
[4.404s] DEBUG:colcon.colcon_core.package_identification:Package 'src/joystick' with type 'ros.ament_cmake' and name 'joystick'
[4.404s] Level 1:colcon.colcon_core.package_identification:_identify(src/obstacles) by extensions ['ignore', 'ignore_ament_install']
[4.404s] Level 1:colcon.colcon_core.package_identification:_identify(src/obstacles) by extension 'ignore'
[4.404s] Level 1:colcon.colcon_core.package_identification:_identify(src/obstacles) by extension 'ignore_ament_install'
[4.404s] Level 1:colcon.colcon_core.package_identification:_identify(src/obstacles) by extensions ['colcon_pkg']
[4.404s] Level 1:colcon.colcon_core.package_identification:_identify(src/obstacles) by extension 'colcon_pkg'
[4.404s] Level 1:colcon.colcon_core.package_identification:_identify(src/obstacles) by extensions ['colcon_meta']
[4.405s] Level 1:colcon.colcon_core.package_identification:_identify(src/obstacles) by extension 'colcon_meta'
[4.405s] Level 1:colcon.colcon_core.package_identification:_identify(src/obstacles) by extensions ['ros']
[4.405s] Level 1:colcon.colcon_core.package_identification:_identify(src/obstacles) by extension 'ros'
[4.423s] DEBUG:colcon.colcon_core.package_identification:Package 'src/obstacles' with type 'ros.ament_cmake' and name 'obstacles'
[4.423s] Level 1:colcon.colcon_core.package_identification:_identify(src/simulation) by extensions ['ignore', 'ignore_ament_install']
[4.423s] Level 1:colcon.colcon_core.package_identification:_identify(src/simulation) by extension 'ignore'
[4.423s] Level 1:colcon.colcon_core.package_identification:_identify(src/simulation) by extension 'ignore_ament_install'
[4.424s] Level 1:colcon.colcon_core.package_identification:_identify(src/simulation) by extensions ['colcon_pkg']
[4.424s] Level 1:colcon.colcon_core.package_identification:_identify(src/simulation) by extension 'colcon_pkg'
[4.424s] Level 1:colcon.colcon_core.package_identification:_identify(src/simulation) by extensions ['colcon_meta']
[4.424s] Level 1:colcon.colcon_core.package_identification:_identify(src/simulation) by extension 'colcon_meta'
[4.424s] Level 1:colcon.colcon_core.package_identification:_identify(src/simulation) by extensions ['ros']
[4.424s] Level 1:colcon.colcon_core.package_identification:_identify(src/simulation) by extension 'ros'
[4.424s] DEBUG:colcon.colcon_core.package_identification:Package 'src/simulation' with type 'ros.ament_cmake' and name 'simulation'
[4.424s] Level 1:colcon.colcon_core.package_identification:_identify(src/system_check) by extensions ['ignore', 'ignore_ament_install']
[4.424s] Level 1:colcon.colcon_core.package_identification:_identify(src/system_check) by extension 'ignore'
[4.425s] Level 1:colcon.colcon_core.package_identification:_identify(src/system_check) by extension 'ignore_ament_install'
[4.425s] Level 1:colcon.colcon_core.package_identification:_identify(src/system_check) by extensions ['colcon_pkg']
[4.425s] Level 1:colcon.colcon_core.package_identification:_identify(src/system_check) by extension 'colcon_pkg'
[4.425s] Level 1:colcon.colcon_core.package_identification:_identify(src/system_check) by extensions ['colcon_meta']
[4.425s] Level 1:colcon.colcon_core.package_identification:_identify(src/system_check) by extension 'colcon_meta'
[4.425s] Level 1:colcon.colcon_core.package_identification:_identify(src/system_check) by extensions ['ros']
[4.425s] Level 1:colcon.colcon_core.package_identification:_identify(src/system_check) by extension 'ros'
[4.425s] DEBUG:colcon.colcon_core.package_identification:Package 'src/system_check' with type 'ros.ament_cmake' and name 'system_check'
[4.425s] Level 1:colcon.colcon_core.package_discovery:discover_packages(recursive) using defaults
[4.426s] Level 1:colcon.colcon_core.package_discovery:discover_packages(ignore) discover
[4.426s] Level 1:colcon.colcon_core.package_discovery:discover_packages(ignore) using defaults
[4.426s] Level 1:colcon.colcon_core.package_discovery:discover_packages(path) discover
[4.426s] Level 1:colcon.colcon_core.package_discovery:discover_packages(path) using defaults
[4.608s] INFO:colcon.colcon_core.package_selection:Skipping not selected package 'carla_msgs' in 'src/carla_msgs'
[4.608s] INFO:colcon.colcon_core.package_selection:Skipping not selected package 'imu_complementary_filter' in 'src/imu_tools/imu_complementary_filter'
[4.608s] INFO:colcon.colcon_core.package_selection:Skipping not selected package 'imu_filter_madgwick' in 'src/imu_tools/imu_filter_madgwick'
[4.608s] INFO:colcon.colcon_core.package_selection:Skipping not selected package 'rviz_imu_plugin' in 'src/imu_tools/rviz_imu_plugin'
[4.608s] INFO:colcon.colcon_core.package_selection:Skipping not selected package 'can' in 'src/can'
[4.608s] INFO:colcon.colcon_core.package_selection:Skipping not selected package 'car_control' in 'src/car_control'
[4.608s] INFO:colcon.colcon_core.package_selection:Skipping not selected package 'imu_tools' in 'src/imu_tools/imu_tools'
[4.608s] INFO:colcon.colcon_core.package_selection:Skipping not selected package 'joystick' in 'src/joystick'
[4.608s] INFO:colcon.colcon_core.package_selection:Skipping not selected package 'obstacles' in 'src/obstacles'
[4.608s] INFO:colcon.colcon_core.package_selection:Skipping not selected package 'simulation' in 'src/simulation'
[4.608s] INFO:colcon.colcon_core.package_selection:Skipping not selected package 'system_check' in 'src/system_check'
[4.608s] INFO:colcon.colcon_core.package_selection:Skipping not selected package 'geicar_start' in 'src/geicar_start'
[4.672s] Level 1:colcon.colcon_core.package_discovery:discover_packages(prefix_path) check parameters
[4.672s] Level 1:colcon.colcon_core.package_discovery:discover_packages(prefix_path) discover
[4.701s] Level 1:colcon.colcon_core.package_discovery:discover_packages(prefix_path) using defaults
[4.766s] Level 5:colcon.colcon_core.verb:set package 'interfaces' build argument 'cmake_args' from command line to 'None'
[4.766s] Level 5:colcon.colcon_core.verb:set package 'interfaces' build argument 'cmake_target' from command line to 'None'
[4.766s] Level 5:colcon.colcon_core.verb:set package 'interfaces' build argument 'cmake_target_skip_unavailable' from command line to 'False'
[4.766s] Level 5:colcon.colcon_core.verb:set package 'interfaces' build argument 'cmake_clean_cache' from command line to 'False'
[4.766s] Level 5:colcon.colcon_core.verb:set package 'interfaces' build argument 'cmake_clean_first' from command line to 'False'
[4.766s] Level 5:colcon.colcon_core.verb:set package 'interfaces' build argument 'cmake_force_configure' from command line to 'False'
[4.766s] Level 5:colcon.colcon_core.verb:set package 'interfaces' build argument 'ament_cmake_args' from command line to 'None'
[4.766s] Level 5:colcon.colcon_core.verb:set package 'interfaces' build argument 'catkin_cmake_args' from command line to 'None'
[4.766s] Level 5:colcon.colcon_core.verb:set package 'interfaces' build argument 'catkin_skip_building_tests' from command line to 'False'
[4.766s] DEBUG:colcon.colcon_core.verb:Building package 'interfaces' with the following arguments: {'ament_cmake_args': None, 'build_base': '/home/raphael/Bureau/VigiWheels/raspberryPI3/ros2_ws/build/interfaces', 'catkin_cmake_args': None, 'catkin_skip_building_tests': False, 'cmake_args': None, 'cmake_clean_cache': False, 'cmake_clean_first': False, 'cmake_force_configure': False, 'cmake_target': None, 'cmake_target_skip_unavailable': False, 'install_base': '/home/raphael/Bureau/VigiWheels/raspberryPI3/ros2_ws/install/interfaces', 'merge_install': False, 'path': '/home/raphael/Bureau/VigiWheels/raspberryPI3/ros2_ws/src/interfaces', 'symlink_install': False, 'test_result_base': None}
[4.793s] INFO:colcon.colcon_core.executor:Executing jobs using 'parallel' executor
[4.822s] DEBUG:colcon.colcon_parallel_executor.executor.parallel:run_until_complete
[4.822s] INFO:colcon.colcon_ros.task.ament_cmake.build:Building ROS package in '/home/raphael/Bureau/VigiWheels/raspberryPI3/ros2_ws/src/interfaces' with build type 'ament_cmake'
[4.822s] INFO:colcon.colcon_cmake.task.cmake.build:Building CMake package in '/home/raphael/Bureau/VigiWheels/raspberryPI3/ros2_ws/src/interfaces'
[4.853s] INFO:colcon.colcon_core.plugin_system:Skipping extension 'colcon_core.shell.bat': Not used on non-Windows systems
[4.854s] INFO:colcon.colcon_core.shell:Skip shell extension 'powershell' for command environment: Not usable outside of PowerShell
[4.854s] DEBUG:colcon.colcon_core.shell:Skip shell extension 'dsv' for command environment
[4.887s] DEBUG:colcon.colcon_core.event_handler.log_command:Invoking command in '/home/raphael/Bureau/VigiWheels/raspberryPI3/ros2_ws/build/interfaces': /usr/bin/cmake /home/raphael/Bureau/VigiWheels/raspberryPI3/ros2_ws/src/interfaces -DCMAKE_INSTALL_PREFIX=/home/raphael/Bureau/VigiWheels/raspberryPI3/ros2_ws/install/interfaces
[8.531s] DEBUG:colcon.colcon_core.event_handler.log_command:Invoked command in '/home/raphael/Bureau/VigiWheels/raspberryPI3/ros2_ws/build/interfaces' returned '1': /usr/bin/cmake /home/raphael/Bureau/VigiWheels/raspberryPI3/ros2_ws/src/interfaces -DCMAKE_INSTALL_PREFIX=/home/raphael/Bureau/VigiWheels/raspberryPI3/ros2_ws/install/interfaces
[8.543s] Level 1:colcon.colcon_core.environment:create_environment_scripts_only(interfaces)
[8.619s] Level 1:colcon.colcon_core.environment:checking '/home/raphael/Bureau/VigiWheels/raspberryPI3/ros2_ws/install/interfaces' for CMake module files
[8.619s] Level 1:colcon.colcon_core.environment:checking '/home/raphael/Bureau/VigiWheels/raspberryPI3/ros2_ws/install/interfaces' for CMake config files
[8.620s] Level 1:colcon.colcon_core.environment:checking '/home/raphael/Bureau/VigiWheels/raspberryPI3/ros2_ws/install/interfaces/bin'
[8.620s] Level 1:colcon.colcon_core.environment:checking '/home/raphael/Bureau/VigiWheels/raspberryPI3/ros2_ws/install/interfaces/lib/pkgconfig/interfaces.pc'
[8.632s] Level 1:colcon.colcon_core.environment:checking '/home/raphael/Bureau/VigiWheels/raspberryPI3/ros2_ws/install/interfaces/lib/python3.8/site-packages'
[8.632s] Level 1:colcon.colcon_core.environment:checking '/home/raphael/Bureau/VigiWheels/raspberryPI3/ros2_ws/install/interfaces/bin'
[8.661s] INFO:colcon.colcon_core.shell:Creating package script '/home/raphael/Bureau/VigiWheels/raspberryPI3/ros2_ws/install/interfaces/share/interfaces/package.ps1'
[8.675s] INFO:colcon.colcon_core.shell:Creating package descriptor '/home/raphael/Bureau/VigiWheels/raspberryPI3/ros2_ws/install/interfaces/share/interfaces/package.dsv'
[8.686s] INFO:colcon.colcon_core.shell:Creating package script '/home/raphael/Bureau/VigiWheels/raspberryPI3/ros2_ws/install/interfaces/share/interfaces/package.sh'
[8.687s] INFO:colcon.colcon_core.shell:Creating package script '/home/raphael/Bureau/VigiWheels/raspberryPI3/ros2_ws/install/interfaces/share/interfaces/package.bash'
[8.693s] INFO:colcon.colcon_core.shell:Creating package script '/home/raphael/Bureau/VigiWheels/raspberryPI3/ros2_ws/install/interfaces/share/interfaces/package.zsh'
[8.700s] Level 1:colcon.colcon_core.environment:create_file_with_runtime_dependencies(/home/raphael/Bureau/VigiWheels/raspberryPI3/ros2_ws/install/interfaces/share/colcon-core/packages/interfaces)
[8.711s] DEBUG:colcon.colcon_parallel_executor.executor.parallel:closing loop
[8.711s] DEBUG:colcon.colcon_parallel_executor.executor.parallel:loop closed
[8.711s] DEBUG:colcon.colcon_parallel_executor.executor.parallel:run_until_complete finished with '1'
[8.711s] DEBUG:colcon.colcon_core.event_reactor:joining thread
[8.762s] INFO:colcon.colcon_core.plugin_system:Skipping extension 'colcon_notification.desktop_notification.terminal_notifier': Not used on non-Darwin systems
[8.762s] INFO:colcon.colcon_core.plugin_system:Skipping extension 'colcon_notification.desktop_notification.win32': Not used on non-Windows systems
[8.762s] INFO:colcon.colcon_notification.desktop_notification:Sending desktop notification using 'notify2'
[8.777s] DEBUG:colcon.colcon_core.event_reactor:joined thread
[8.805s] INFO:colcon.colcon_core.shell:Creating prefix script '/home/raphael/Bureau/VigiWheels/raspberryPI3/ros2_ws/install/local_setup.ps1'
[8.806s] INFO:colcon.colcon_core.shell:Creating prefix util module '/home/raphael/Bureau/VigiWheels/raspberryPI3/ros2_ws/install/_local_setup_util_ps1.py'
[8.808s] INFO:colcon.colcon_core.shell:Creating prefix chain script '/home/raphael/Bureau/VigiWheels/raspberryPI3/ros2_ws/install/setup.ps1'
[8.835s] INFO:colcon.colcon_core.shell:Creating prefix script '/home/raphael/Bureau/VigiWheels/raspberryPI3/ros2_ws/install/local_setup.sh'
[8.836s] INFO:colcon.colcon_core.shell:Creating prefix util module '/home/raphael/Bureau/VigiWheels/raspberryPI3/ros2_ws/install/_local_setup_util_sh.py'
[8.836s] INFO:colcon.colcon_core.shell:Creating prefix chain script '/home/raphael/Bureau/VigiWheels/raspberryPI3/ros2_ws/install/setup.sh'
[8.864s] INFO:colcon.colcon_core.shell:Creating prefix script '/home/raphael/Bureau/VigiWheels/raspberryPI3/ros2_ws/install/local_setup.bash'
[8.871s] INFO:colcon.colcon_core.shell:Creating prefix chain script '/home/raphael/Bureau/VigiWheels/raspberryPI3/ros2_ws/install/setup.bash'
[8.898s] INFO:colcon.colcon_core.shell:Creating prefix script '/home/raphael/Bureau/VigiWheels/raspberryPI3/ros2_ws/install/local_setup.zsh'
[8.898s] INFO:colcon.colcon_core.shell:Creating prefix chain script '/home/raphael/Bureau/VigiWheels/raspberryPI3/ros2_ws/install/setup.zsh'
