[0.057s] Invoking command in '/home/insa/Desktop/VigiWheels/raspberryPI3/ros2_ws/build/geicar_start': AMENT_PREFIX_PATH=/home/insa/Desktop/VigiWheels/raspberryPI3/ros2_ws/install/system_check:/home/insa/Desktop/VigiWheels/raspberryPI3/ros2_ws/install/car_control:/home/insa/Desktop/VigiWheels/raspberryPI3/ros2_ws/install/can:/home/insa/Desktop/VigiWheels/raspberryPI3/ros2_ws/install/imu_filter_madgwick:${AMENT_PREFIX_PATH} CMAKE_PREFIX_PATH=/home/insa/Desktop/VigiWheels/raspberryPI3/ros2_ws/install/system_check:/home/insa/Desktop/VigiWheels/raspberryPI3/ros2_ws/install/car_control:/home/insa/Desktop/VigiWheels/raspberryPI3/ros2_ws/install/can:/home/insa/Desktop/VigiWheels/raspberryPI3/ros2_ws/install/interfaces:/home/insa/Desktop/VigiWheels/raspberryPI3/ros2_ws/install/imu_filter_madgwick:/home/insa/Desktop/VigiWheels/raspberryPI3/ros2_ws/install/fire_detection:/home/insa/ros2_ws/install/my_fire_pkg:/home/insa/ros2_ws/install/demo_sensor_pkg:/home/insa/ros2_ws/install/my_robot_interfaces:/home/insa/ros2_ws/install/my_cpp_pkg:/home/insa/ros2_ws/install/johann_cpp_pkg:/opt/ros/humble LD_LIBRARY_PATH=/home/insa/Desktop/VigiWheels/raspberryPI3/ros2_ws/install/interfaces/lib:/home/insa/Desktop/VigiWheels/raspberryPI3/ros2_ws/install/imu_filter_madgwick/lib:/home/insa/ros2_ws/install/my_robot_interfaces/lib:/usr/lib/x86_64-linux-gnu/gazebo-11/plugins:/opt/ros/humble/opt/rviz_ogre_vendor/lib:/opt/ros/humble/lib/x86_64-linux-gnu:/opt/ros/humble/lib /usr/bin/cmake /home/insa/Desktop/VigiWheels/raspberryPI3/ros2_ws/src/geicar_start -DCMAKE_INSTALL_PREFIX=/home/insa/Desktop/VigiWheels/raspberryPI3/ros2_ws/install/geicar_start
[0.094s] -- The C compiler identification is GNU 11.4.0
[0.132s] -- The CXX compiler identification is GNU 11.4.0
[0.137s] -- Detecting C compiler ABI info
[0.188s] -- Detecting C compiler ABI info - done
[0.193s] -- Check for working C compiler: /usr/bin/cc - skipped
[0.193s] -- Detecting C compile features
[0.194s] -- Detecting C compile features - done
[0.196s] -- Detecting CXX compiler ABI info
[0.254s] -- Detecting CXX compiler ABI info - done
[0.259s] -- Check for working CXX compiler: /usr/bin/c++ - skipped
[0.259s] -- Detecting CXX compile features
[0.259s] -- Detecting CXX compile features - done
[0.261s] -- Found ament_cmake: 1.3.5 (/opt/ros/humble/share/ament_cmake/cmake)
[0.384s] -- Found Python3: /usr/bin/python3.10 (found version "3.10.12") found components: Interpreter 
[0.454s] -- Found ament_lint_auto: 0.12.8 (/opt/ros/humble/share/ament_lint_auto/cmake)
[0.512s] -- Added test 'flake8' to check Python code syntax and style conventions
[0.513s] -- Added test 'lint_cmake' to check CMake code style
[0.513s] -- Added test 'pep257' to check Python code against some of the docstring style conventions in PEP 257
[0.514s] -- Added test 'xmllint' to check XML markup files
[0.514s] -- Configuring done
[0.516s] -- Generating done
[0.517s] -- Build files have been written to: /home/insa/Desktop/VigiWheels/raspberryPI3/ros2_ws/build/geicar_start
[0.521s] Invoked command in '/home/insa/Desktop/VigiWheels/raspberryPI3/ros2_ws/build/geicar_start' returned '0': AMENT_PREFIX_PATH=/home/insa/Desktop/VigiWheels/raspberryPI3/ros2_ws/install/system_check:/home/insa/Desktop/VigiWheels/raspberryPI3/ros2_ws/install/car_control:/home/insa/Desktop/VigiWheels/raspberryPI3/ros2_ws/install/can:/home/insa/Desktop/VigiWheels/raspberryPI3/ros2_ws/install/imu_filter_madgwick:${AMENT_PREFIX_PATH} CMAKE_PREFIX_PATH=/home/insa/Desktop/VigiWheels/raspberryPI3/ros2_ws/install/system_check:/home/insa/Desktop/VigiWheels/raspberryPI3/ros2_ws/install/car_control:/home/insa/Desktop/VigiWheels/raspberryPI3/ros2_ws/install/can:/home/insa/Desktop/VigiWheels/raspberryPI3/ros2_ws/install/interfaces:/home/insa/Desktop/VigiWheels/raspberryPI3/ros2_ws/install/imu_filter_madgwick:/home/insa/Desktop/VigiWheels/raspberryPI3/ros2_ws/install/fire_detection:/home/insa/ros2_ws/install/my_fire_pkg:/home/insa/ros2_ws/install/demo_sensor_pkg:/home/insa/ros2_ws/install/my_robot_interfaces:/home/insa/ros2_ws/install/my_cpp_pkg:/home/insa/ros2_ws/install/johann_cpp_pkg:/opt/ros/humble LD_LIBRARY_PATH=/home/insa/Desktop/VigiWheels/raspberryPI3/ros2_ws/install/interfaces/lib:/home/insa/Desktop/VigiWheels/raspberryPI3/ros2_ws/install/imu_filter_madgwick/lib:/home/insa/ros2_ws/install/my_robot_interfaces/lib:/usr/lib/x86_64-linux-gnu/gazebo-11/plugins:/opt/ros/humble/opt/rviz_ogre_vendor/lib:/opt/ros/humble/lib/x86_64-linux-gnu:/opt/ros/humble/lib /usr/bin/cmake /home/insa/Desktop/VigiWheels/raspberryPI3/ros2_ws/src/geicar_start -DCMAKE_INSTALL_PREFIX=/home/insa/Desktop/VigiWheels/raspberryPI3/ros2_ws/install/geicar_start
[0.521s] Invoking command in '/home/insa/Desktop/VigiWheels/raspberryPI3/ros2_ws/build/geicar_start': AMENT_PREFIX_PATH=/home/insa/Desktop/VigiWheels/raspberryPI3/ros2_ws/install/system_check:/home/insa/Desktop/VigiWheels/raspberryPI3/ros2_ws/install/car_control:/home/insa/Desktop/VigiWheels/raspberryPI3/ros2_ws/install/can:/home/insa/Desktop/VigiWheels/raspberryPI3/ros2_ws/install/imu_filter_madgwick:${AMENT_PREFIX_PATH} CMAKE_PREFIX_PATH=/home/insa/Desktop/VigiWheels/raspberryPI3/ros2_ws/install/system_check:/home/insa/Desktop/VigiWheels/raspberryPI3/ros2_ws/install/car_control:/home/insa/Desktop/VigiWheels/raspberryPI3/ros2_ws/install/can:/home/insa/Desktop/VigiWheels/raspberryPI3/ros2_ws/install/interfaces:/home/insa/Desktop/VigiWheels/raspberryPI3/ros2_ws/install/imu_filter_madgwick:/home/insa/Desktop/VigiWheels/raspberryPI3/ros2_ws/install/fire_detection:/home/insa/ros2_ws/install/my_fire_pkg:/home/insa/ros2_ws/install/demo_sensor_pkg:/home/insa/ros2_ws/install/my_robot_interfaces:/home/insa/ros2_ws/install/my_cpp_pkg:/home/insa/ros2_ws/install/johann_cpp_pkg:/opt/ros/humble LD_LIBRARY_PATH=/home/insa/Desktop/VigiWheels/raspberryPI3/ros2_ws/install/interfaces/lib:/home/insa/Desktop/VigiWheels/raspberryPI3/ros2_ws/install/imu_filter_madgwick/lib:/home/insa/ros2_ws/install/my_robot_interfaces/lib:/usr/lib/x86_64-linux-gnu/gazebo-11/plugins:/opt/ros/humble/opt/rviz_ogre_vendor/lib:/opt/ros/humble/lib/x86_64-linux-gnu:/opt/ros/humble/lib /usr/bin/cmake --build /home/insa/Desktop/VigiWheels/raspberryPI3/ros2_ws/build/geicar_start -- -j8 -l8
[0.549s] Invoked command in '/home/insa/Desktop/VigiWheels/raspberryPI3/ros2_ws/build/geicar_start' returned '0': AMENT_PREFIX_PATH=/home/insa/Desktop/VigiWheels/raspberryPI3/ros2_ws/install/system_check:/home/insa/Desktop/VigiWheels/raspberryPI3/ros2_ws/install/car_control:/home/insa/Desktop/VigiWheels/raspberryPI3/ros2_ws/install/can:/home/insa/Desktop/VigiWheels/raspberryPI3/ros2_ws/install/imu_filter_madgwick:${AMENT_PREFIX_PATH} CMAKE_PREFIX_PATH=/home/insa/Desktop/VigiWheels/raspberryPI3/ros2_ws/install/system_check:/home/insa/Desktop/VigiWheels/raspberryPI3/ros2_ws/install/car_control:/home/insa/Desktop/VigiWheels/raspberryPI3/ros2_ws/install/can:/home/insa/Desktop/VigiWheels/raspberryPI3/ros2_ws/install/interfaces:/home/insa/Desktop/VigiWheels/raspberryPI3/ros2_ws/install/imu_filter_madgwick:/home/insa/Desktop/VigiWheels/raspberryPI3/ros2_ws/install/fire_detection:/home/insa/ros2_ws/install/my_fire_pkg:/home/insa/ros2_ws/install/demo_sensor_pkg:/home/insa/ros2_ws/install/my_robot_interfaces:/home/insa/ros2_ws/install/my_cpp_pkg:/home/insa/ros2_ws/install/johann_cpp_pkg:/opt/ros/humble LD_LIBRARY_PATH=/home/insa/Desktop/VigiWheels/raspberryPI3/ros2_ws/install/interfaces/lib:/home/insa/Desktop/VigiWheels/raspberryPI3/ros2_ws/install/imu_filter_madgwick/lib:/home/insa/ros2_ws/install/my_robot_interfaces/lib:/usr/lib/x86_64-linux-gnu/gazebo-11/plugins:/opt/ros/humble/opt/rviz_ogre_vendor/lib:/opt/ros/humble/lib/x86_64-linux-gnu:/opt/ros/humble/lib /usr/bin/cmake --build /home/insa/Desktop/VigiWheels/raspberryPI3/ros2_ws/build/geicar_start -- -j8 -l8
[0.564s] Invoking command in '/home/insa/Desktop/VigiWheels/raspberryPI3/ros2_ws/build/geicar_start': AMENT_PREFIX_PATH=/home/insa/Desktop/VigiWheels/raspberryPI3/ros2_ws/install/system_check:/home/insa/Desktop/VigiWheels/raspberryPI3/ros2_ws/install/car_control:/home/insa/Desktop/VigiWheels/raspberryPI3/ros2_ws/install/can:/home/insa/Desktop/VigiWheels/raspberryPI3/ros2_ws/install/imu_filter_madgwick:${AMENT_PREFIX_PATH} CMAKE_PREFIX_PATH=/home/insa/Desktop/VigiWheels/raspberryPI3/ros2_ws/install/system_check:/home/insa/Desktop/VigiWheels/raspberryPI3/ros2_ws/install/car_control:/home/insa/Desktop/VigiWheels/raspberryPI3/ros2_ws/install/can:/home/insa/Desktop/VigiWheels/raspberryPI3/ros2_ws/install/interfaces:/home/insa/Desktop/VigiWheels/raspberryPI3/ros2_ws/install/imu_filter_madgwick:/home/insa/Desktop/VigiWheels/raspberryPI3/ros2_ws/install/fire_detection:/home/insa/ros2_ws/install/my_fire_pkg:/home/insa/ros2_ws/install/demo_sensor_pkg:/home/insa/ros2_ws/install/my_robot_interfaces:/home/insa/ros2_ws/install/my_cpp_pkg:/home/insa/ros2_ws/install/johann_cpp_pkg:/opt/ros/humble LD_LIBRARY_PATH=/home/insa/Desktop/VigiWheels/raspberryPI3/ros2_ws/install/interfaces/lib:/home/insa/Desktop/VigiWheels/raspberryPI3/ros2_ws/install/imu_filter_madgwick/lib:/home/insa/ros2_ws/install/my_robot_interfaces/lib:/usr/lib/x86_64-linux-gnu/gazebo-11/plugins:/opt/ros/humble/opt/rviz_ogre_vendor/lib:/opt/ros/humble/lib/x86_64-linux-gnu:/opt/ros/humble/lib /usr/bin/cmake --install /home/insa/Desktop/VigiWheels/raspberryPI3/ros2_ws/build/geicar_start
[0.569s] -- Install configuration: ""
[0.569s] -- Installing: /home/insa/Desktop/VigiWheels/raspberryPI3/ros2_ws/install/geicar_start/share/geicar_start/launch
[0.569s] -- Installing: /home/insa/Desktop/VigiWheels/raspberryPI3/ros2_ws/install/geicar_start/share/geicar_start/launch/__pycache__
[0.569s] -- Installing: /home/insa/Desktop/VigiWheels/raspberryPI3/ros2_ws/install/geicar_start/share/geicar_start/launch/__pycache__/geicar1.launch.cpython-310.pyc
[0.569s] -- Installing: /home/insa/Desktop/VigiWheels/raspberryPI3/ros2_ws/install/geicar_start/share/geicar_start/launch/__pycache__/geicar.launch.cpython-310.pyc
[0.570s] -- Installing: /home/insa/Desktop/VigiWheels/raspberryPI3/ros2_ws/install/geicar_start/share/geicar_start/launch/geicar.launch.py
[0.570s] -- Installing: /home/insa/Desktop/VigiWheels/raspberryPI3/ros2_ws/install/geicar_start/share/ament_index/resource_index/package_run_dependencies/geicar_start
[0.570s] -- Installing: /home/insa/Desktop/VigiWheels/raspberryPI3/ros2_ws/install/geicar_start/share/ament_index/resource_index/parent_prefix_path/geicar_start
[0.570s] -- Installing: /home/insa/Desktop/VigiWheels/raspberryPI3/ros2_ws/install/geicar_start/share/geicar_start/environment/ament_prefix_path.sh
[0.570s] -- Installing: /home/insa/Desktop/VigiWheels/raspberryPI3/ros2_ws/install/geicar_start/share/geicar_start/environment/ament_prefix_path.dsv
[0.570s] -- Installing: /home/insa/Desktop/VigiWheels/raspberryPI3/ros2_ws/install/geicar_start/share/geicar_start/environment/path.sh
[0.570s] -- Installing: /home/insa/Desktop/VigiWheels/raspberryPI3/ros2_ws/install/geicar_start/share/geicar_start/environment/path.dsv
[0.570s] -- Installing: /home/insa/Desktop/VigiWheels/raspberryPI3/ros2_ws/install/geicar_start/share/geicar_start/local_setup.bash
[0.570s] -- Installing: /home/insa/Desktop/VigiWheels/raspberryPI3/ros2_ws/install/geicar_start/share/geicar_start/local_setup.sh
[0.570s] -- Installing: /home/insa/Desktop/VigiWheels/raspberryPI3/ros2_ws/install/geicar_start/share/geicar_start/local_setup.zsh
[0.571s] -- Installing: /home/insa/Desktop/VigiWheels/raspberryPI3/ros2_ws/install/geicar_start/share/geicar_start/local_setup.dsv
[0.571s] -- Installing: /home/insa/Desktop/VigiWheels/raspberryPI3/ros2_ws/install/geicar_start/share/geicar_start/package.dsv
[0.571s] -- Installing: /home/insa/Desktop/VigiWheels/raspberryPI3/ros2_ws/install/geicar_start/share/ament_index/resource_index/packages/geicar_start
[0.571s] -- Installing: /home/insa/Desktop/VigiWheels/raspberryPI3/ros2_ws/install/geicar_start/share/geicar_start/cmake/geicar_startConfig.cmake
[0.571s] -- Installing: /home/insa/Desktop/VigiWheels/raspberryPI3/ros2_ws/install/geicar_start/share/geicar_start/cmake/geicar_startConfig-version.cmake
[0.571s] -- Installing: /home/insa/Desktop/VigiWheels/raspberryPI3/ros2_ws/install/geicar_start/share/geicar_start/package.xml
[0.572s] Invoked command in '/home/insa/Desktop/VigiWheels/raspberryPI3/ros2_ws/build/geicar_start' returned '0': AMENT_PREFIX_PATH=/home/insa/Desktop/VigiWheels/raspberryPI3/ros2_ws/install/system_check:/home/insa/Desktop/VigiWheels/raspberryPI3/ros2_ws/install/car_control:/home/insa/Desktop/VigiWheels/raspberryPI3/ros2_ws/install/can:/home/insa/Desktop/VigiWheels/raspberryPI3/ros2_ws/install/imu_filter_madgwick:${AMENT_PREFIX_PATH} CMAKE_PREFIX_PATH=/home/insa/Desktop/VigiWheels/raspberryPI3/ros2_ws/install/system_check:/home/insa/Desktop/VigiWheels/raspberryPI3/ros2_ws/install/car_control:/home/insa/Desktop/VigiWheels/raspberryPI3/ros2_ws/install/can:/home/insa/Desktop/VigiWheels/raspberryPI3/ros2_ws/install/interfaces:/home/insa/Desktop/VigiWheels/raspberryPI3/ros2_ws/install/imu_filter_madgwick:/home/insa/Desktop/VigiWheels/raspberryPI3/ros2_ws/install/fire_detection:/home/insa/ros2_ws/install/my_fire_pkg:/home/insa/ros2_ws/install/demo_sensor_pkg:/home/insa/ros2_ws/install/my_robot_interfaces:/home/insa/ros2_ws/install/my_cpp_pkg:/home/insa/ros2_ws/install/johann_cpp_pkg:/opt/ros/humble LD_LIBRARY_PATH=/home/insa/Desktop/VigiWheels/raspberryPI3/ros2_ws/install/interfaces/lib:/home/insa/Desktop/VigiWheels/raspberryPI3/ros2_ws/install/imu_filter_madgwick/lib:/home/insa/ros2_ws/install/my_robot_interfaces/lib:/usr/lib/x86_64-linux-gnu/gazebo-11/plugins:/opt/ros/humble/opt/rviz_ogre_vendor/lib:/opt/ros/humble/lib/x86_64-linux-gnu:/opt/ros/humble/lib /usr/bin/cmake --install /home/insa/Desktop/VigiWheels/raspberryPI3/ros2_ws/build/geicar_start
