[0.450s] Invoking command in '/home/insa/Desktop/VigiWheels2.0/raspberryPI3/build/can': AMENT_PREFIX_PATH=/home/insa/Desktop/VigiWheels2.0/raspberryPI3/install/interfaces:${AMENT_PREFIX_PATH} CMAKE_PREFIX_PATH=/home/insa/Desktop/VigiWheels2.0/raspberryPI3/install/interfaces:/home/insa/Desktop/VigiWheels2.0/raspberryPI3/ros2_ws/install/geicar_start:/home/insa/Desktop/VigiWheels2.0/raspberryPI3/ros2_ws/install/uart:/home/insa/Desktop/VigiWheels2.0/raspberryPI3/ros2_ws/install/system_check:/home/insa/Desktop/VigiWheels2.0/raspberryPI3/ros2_ws/install/simulation:/home/insa/Desktop/VigiWheels2.0/raspberryPI3/ros2_ws/install/servo_cam:/home/insa/Desktop/VigiWheels2.0/raspberryPI3/ros2_ws/install/imu_tools:/home/insa/Desktop/VigiWheels2.0/raspberryPI3/ros2_ws/install/rviz_imu_plugin:/home/insa/Desktop/VigiWheels2.0/raspberryPI3/ros2_ws/install/pressure_level:/home/insa/Desktop/VigiWheels2.0/raspberryPI3/ros2_ws/install/obstacles:/home/insa/Desktop/VigiWheels2.0/raspberryPI3/ros2_ws/install/joystick:/home/insa/Desktop/VigiWheels2.0/raspberryPI3/ros2_ws/install/fire_detection:/home/insa/Desktop/VigiWheels2.0/raspberryPI3/ros2_ws/install/car_control:/home/insa/Desktop/VigiWheels2.0/raspberryPI3/ros2_ws/install/can:/home/insa/Desktop/VigiWheels2.0/raspberryPI3/ros2_ws/install/interfaces:/home/insa/Desktop/VigiWheels2.0/raspberryPI3/ros2_ws/install/imu_filter_madgwick:/home/insa/Desktop/VigiWheels2.0/raspberryPI3/ros2_ws/install/imu_complementary_filter:/home/insa/Desktop/VigiWheels2.0/raspberryPI3/ros2_ws/install/carla_msgs:/home/insa/Desktop/VigiWheels/raspberryPI3/ros2_ws/install/geicar_start:/home/insa/Desktop/VigiWheels/raspberryPI3/ros2_ws/install/system_check:/home/insa/Desktop/VigiWheels/raspberryPI3/ros2_ws/install/simulation:/home/insa/Desktop/VigiWheels/raspberryPI3/ros2_ws/install/serial_port:/home/insa/Desktop/VigiWheels/raspberryPI3/ros2_ws/install/imu_tools:/home/insa/Desktop/VigiWheels/raspberryPI3/ros2_ws/install/rviz_imu_plugin:/home/insa/Desktop/VigiWheels/raspberryPI3/ros2_ws/install/joystick:/home/insa/Desktop/VigiWheels/raspberryPI3/ros2_ws/install/fire_detection:/home/insa/Desktop/VigiWheels/raspberryPI3/ros2_ws/install/car_control:/home/insa/Desktop/VigiWheels/raspberryPI3/ros2_ws/install/can:/home/insa/Desktop/VigiWheels/raspberryPI3/ros2_ws/install/interfaces:/home/insa/Desktop/VigiWheels/raspberryPI3/ros2_ws/install/imu_filter_madgwick:/home/insa/Desktop/VigiWheels/raspberryPI3/ros2_ws/install/imu_complementary_filter:/home/insa/Desktop/VigiWheels/raspberryPI3/ros2_ws/install/carla_msgs:/opt/ros/humble LD_LIBRARY_PATH=/home/insa/Desktop/VigiWheels2.0/raspberryPI3/install/interfaces/lib:${LD_LIBRARY_PATH} PYTHONPATH=/home/insa/Desktop/VigiWheels2.0/raspberryPI3/install/interfaces/local/lib/python3.10/dist-packages:${PYTHONPATH} /usr/bin/cmake /home/insa/Desktop/VigiWheels2.0/raspberryPI3/ros2_ws/src/can -DCMAKE_INSTALL_PREFIX=/home/insa/Desktop/VigiWheels2.0/raspberryPI3/install/can
[0.633s] -- The C compiler identification is GNU 11.4.0
[0.752s] -- The CXX compiler identification is GNU 11.4.0
[0.762s] -- Detecting C compiler ABI info
[0.949s] -- Detecting C compiler ABI info - done
[0.962s] -- Check for working C compiler: /usr/bin/cc - skipped
[0.966s] -- Detecting C compile features
[0.975s] -- Detecting C compile features - done
[0.980s] -- Detecting CXX compiler ABI info
[1.276s] -- Detecting CXX compiler ABI info - done
[1.300s] -- Check for working CXX compiler: /usr/bin/c++ - skipped
[1.301s] -- Detecting CXX compile features
[1.302s] -- Detecting CXX compile features - done
[1.316s] -- Found ament_cmake: 1.3.5 (/opt/ros/humble/share/ament_cmake/cmake)
[1.886s] -- Found Python3: /usr/bin/python3.10 (found version "3.10.12") found components: Interpreter 
[2.188s] -- Found rclcpp: 16.0.6 (/opt/ros/humble/share/rclcpp/cmake)
[2.355s] -- Found rosidl_generator_c: 3.1.5 (/opt/ros/humble/share/rosidl_generator_c/cmake)
[2.368s] -- Found rosidl_adapter: 3.1.5 (/opt/ros/humble/share/rosidl_adapter/cmake)
[2.388s] -- Found rosidl_generator_cpp: 3.1.5 (/opt/ros/humble/share/rosidl_generator_cpp/cmake)
[2.420s] -- Using all available rosidl_typesupport_c: rosidl_typesupport_fastrtps_c;rosidl_typesupport_introspection_c
[2.467s] -- Using all available rosidl_typesupport_cpp: rosidl_typesupport_fastrtps_cpp;rosidl_typesupport_introspection_cpp
[2.609s] -- Found rmw_implementation_cmake: 6.1.1 (/opt/ros/humble/share/rmw_implementation_cmake/cmake)
[2.617s] -- Found rmw_fastrtps_cpp: 6.2.4 (/opt/ros/humble/share/rmw_fastrtps_cpp/cmake)
[2.817s] -- Found OpenSSL: /usr/lib/x86_64-linux-gnu/libcrypto.so (found version "3.0.2")  
[2.875s] -- Found FastRTPS: /opt/ros/humble/include  
[2.974s] -- Using RMW implementation 'rmw_fastrtps_cpp' as default
[3.004s] -- Looking for pthread.h
[3.134s] -- Looking for pthread.h - found
[3.135s] -- Performing Test CMAKE_HAVE_LIBC_PTHREAD
[3.273s] -- Performing Test CMAKE_HAVE_LIBC_PTHREAD - Success
[3.275s] -- Found Threads: TRUE  
[3.633s] -- Found sensor_msgs: 4.2.3 (/opt/ros/humble/share/sensor_msgs/cmake)
[3.870s] -- Found interfaces: 0.0.0 (/home/insa/Desktop/VigiWheels2.0/raspberryPI3/install/interfaces/share/interfaces/cmake)
[3.917s] -- Found ament_lint_auto: 0.12.8 (/opt/ros/humble/share/ament_lint_auto/cmake)
[4.093s] -- Added test 'cppcheck' to perform static code analysis on C / C++ code
[4.093s] -- Configured cppcheck include dirs: $<BUILD_INTERFACE:/home/insa/Desktop/VigiWheels2.0/raspberryPI3/ros2_ws/src/can/include>
[4.093s] -- Configured cppcheck exclude dirs and/or files: 
[4.095s] -- Added test 'lint_cmake' to check CMake code style
[4.097s] -- Added test 'uncrustify' to check C / C++ code style
[4.098s] -- Configured uncrustify additional arguments: 
[4.099s] -- Added test 'xmllint' to check XML markup files
[4.102s] -- Configuring done
[4.143s] -- Generating done
[4.146s] -- Build files have been written to: /home/insa/Desktop/VigiWheels2.0/raspberryPI3/build/can
[4.160s] Invoked command in '/home/insa/Desktop/VigiWheels2.0/raspberryPI3/build/can' returned '0': AMENT_PREFIX_PATH=/home/insa/Desktop/VigiWheels2.0/raspberryPI3/install/interfaces:${AMENT_PREFIX_PATH} CMAKE_PREFIX_PATH=/home/insa/Desktop/VigiWheels2.0/raspberryPI3/install/interfaces:/home/insa/Desktop/VigiWheels2.0/raspberryPI3/ros2_ws/install/geicar_start:/home/insa/Desktop/VigiWheels2.0/raspberryPI3/ros2_ws/install/uart:/home/insa/Desktop/VigiWheels2.0/raspberryPI3/ros2_ws/install/system_check:/home/insa/Desktop/VigiWheels2.0/raspberryPI3/ros2_ws/install/simulation:/home/insa/Desktop/VigiWheels2.0/raspberryPI3/ros2_ws/install/servo_cam:/home/insa/Desktop/VigiWheels2.0/raspberryPI3/ros2_ws/install/imu_tools:/home/insa/Desktop/VigiWheels2.0/raspberryPI3/ros2_ws/install/rviz_imu_plugin:/home/insa/Desktop/VigiWheels2.0/raspberryPI3/ros2_ws/install/pressure_level:/home/insa/Desktop/VigiWheels2.0/raspberryPI3/ros2_ws/install/obstacles:/home/insa/Desktop/VigiWheels2.0/raspberryPI3/ros2_ws/install/joystick:/home/insa/Desktop/VigiWheels2.0/raspberryPI3/ros2_ws/install/fire_detection:/home/insa/Desktop/VigiWheels2.0/raspberryPI3/ros2_ws/install/car_control:/home/insa/Desktop/VigiWheels2.0/raspberryPI3/ros2_ws/install/can:/home/insa/Desktop/VigiWheels2.0/raspberryPI3/ros2_ws/install/interfaces:/home/insa/Desktop/VigiWheels2.0/raspberryPI3/ros2_ws/install/imu_filter_madgwick:/home/insa/Desktop/VigiWheels2.0/raspberryPI3/ros2_ws/install/imu_complementary_filter:/home/insa/Desktop/VigiWheels2.0/raspberryPI3/ros2_ws/install/carla_msgs:/home/insa/Desktop/VigiWheels/raspberryPI3/ros2_ws/install/geicar_start:/home/insa/Desktop/VigiWheels/raspberryPI3/ros2_ws/install/system_check:/home/insa/Desktop/VigiWheels/raspberryPI3/ros2_ws/install/simulation:/home/insa/Desktop/VigiWheels/raspberryPI3/ros2_ws/install/serial_port:/home/insa/Desktop/VigiWheels/raspberryPI3/ros2_ws/install/imu_tools:/home/insa/Desktop/VigiWheels/raspberryPI3/ros2_ws/install/rviz_imu_plugin:/home/insa/Desktop/VigiWheels/raspberryPI3/ros2_ws/install/joystick:/home/insa/Desktop/VigiWheels/raspberryPI3/ros2_ws/install/fire_detection:/home/insa/Desktop/VigiWheels/raspberryPI3/ros2_ws/install/car_control:/home/insa/Desktop/VigiWheels/raspberryPI3/ros2_ws/install/can:/home/insa/Desktop/VigiWheels/raspberryPI3/ros2_ws/install/interfaces:/home/insa/Desktop/VigiWheels/raspberryPI3/ros2_ws/install/imu_filter_madgwick:/home/insa/Desktop/VigiWheels/raspberryPI3/ros2_ws/install/imu_complementary_filter:/home/insa/Desktop/VigiWheels/raspberryPI3/ros2_ws/install/carla_msgs:/opt/ros/humble LD_LIBRARY_PATH=/home/insa/Desktop/VigiWheels2.0/raspberryPI3/install/interfaces/lib:${LD_LIBRARY_PATH} PYTHONPATH=/home/insa/Desktop/VigiWheels2.0/raspberryPI3/install/interfaces/local/lib/python3.10/dist-packages:${PYTHONPATH} /usr/bin/cmake /home/insa/Desktop/VigiWheels2.0/raspberryPI3/ros2_ws/src/can -DCMAKE_INSTALL_PREFIX=/home/insa/Desktop/VigiWheels2.0/raspberryPI3/install/can
[4.173s] Invoking command in '/home/insa/Desktop/VigiWheels2.0/raspberryPI3/build/can': AMENT_PREFIX_PATH=/home/insa/Desktop/VigiWheels2.0/raspberryPI3/install/interfaces:${AMENT_PREFIX_PATH} CMAKE_PREFIX_PATH=/home/insa/Desktop/VigiWheels2.0/raspberryPI3/install/interfaces:/home/insa/Desktop/VigiWheels2.0/raspberryPI3/ros2_ws/install/geicar_start:/home/insa/Desktop/VigiWheels2.0/raspberryPI3/ros2_ws/install/uart:/home/insa/Desktop/VigiWheels2.0/raspberryPI3/ros2_ws/install/system_check:/home/insa/Desktop/VigiWheels2.0/raspberryPI3/ros2_ws/install/simulation:/home/insa/Desktop/VigiWheels2.0/raspberryPI3/ros2_ws/install/servo_cam:/home/insa/Desktop/VigiWheels2.0/raspberryPI3/ros2_ws/install/imu_tools:/home/insa/Desktop/VigiWheels2.0/raspberryPI3/ros2_ws/install/rviz_imu_plugin:/home/insa/Desktop/VigiWheels2.0/raspberryPI3/ros2_ws/install/pressure_level:/home/insa/Desktop/VigiWheels2.0/raspberryPI3/ros2_ws/install/obstacles:/home/insa/Desktop/VigiWheels2.0/raspberryPI3/ros2_ws/install/joystick:/home/insa/Desktop/VigiWheels2.0/raspberryPI3/ros2_ws/install/fire_detection:/home/insa/Desktop/VigiWheels2.0/raspberryPI3/ros2_ws/install/car_control:/home/insa/Desktop/VigiWheels2.0/raspberryPI3/ros2_ws/install/can:/home/insa/Desktop/VigiWheels2.0/raspberryPI3/ros2_ws/install/interfaces:/home/insa/Desktop/VigiWheels2.0/raspberryPI3/ros2_ws/install/imu_filter_madgwick:/home/insa/Desktop/VigiWheels2.0/raspberryPI3/ros2_ws/install/imu_complementary_filter:/home/insa/Desktop/VigiWheels2.0/raspberryPI3/ros2_ws/install/carla_msgs:/home/insa/Desktop/VigiWheels/raspberryPI3/ros2_ws/install/geicar_start:/home/insa/Desktop/VigiWheels/raspberryPI3/ros2_ws/install/system_check:/home/insa/Desktop/VigiWheels/raspberryPI3/ros2_ws/install/simulation:/home/insa/Desktop/VigiWheels/raspberryPI3/ros2_ws/install/serial_port:/home/insa/Desktop/VigiWheels/raspberryPI3/ros2_ws/install/imu_tools:/home/insa/Desktop/VigiWheels/raspberryPI3/ros2_ws/install/rviz_imu_plugin:/home/insa/Desktop/VigiWheels/raspberryPI3/ros2_ws/install/joystick:/home/insa/Desktop/VigiWheels/raspberryPI3/ros2_ws/install/fire_detection:/home/insa/Desktop/VigiWheels/raspberryPI3/ros2_ws/install/car_control:/home/insa/Desktop/VigiWheels/raspberryPI3/ros2_ws/install/can:/home/insa/Desktop/VigiWheels/raspberryPI3/ros2_ws/install/interfaces:/home/insa/Desktop/VigiWheels/raspberryPI3/ros2_ws/install/imu_filter_madgwick:/home/insa/Desktop/VigiWheels/raspberryPI3/ros2_ws/install/imu_complementary_filter:/home/insa/Desktop/VigiWheels/raspberryPI3/ros2_ws/install/carla_msgs:/opt/ros/humble LD_LIBRARY_PATH=/home/insa/Desktop/VigiWheels2.0/raspberryPI3/install/interfaces/lib:${LD_LIBRARY_PATH} PYTHONPATH=/home/insa/Desktop/VigiWheels2.0/raspberryPI3/install/interfaces/local/lib/python3.10/dist-packages:${PYTHONPATH} /usr/bin/cmake --build /home/insa/Desktop/VigiWheels2.0/raspberryPI3/build/can -- -j8 -l8
[15.455s] [ 25%] [32mBuilding CXX object CMakeFiles/can_rx_node.dir/src/can_rx_node.cpp.o[0m
[15.455s] [ 50%] [32mBuilding CXX object CMakeFiles/can_tx_node.dir/src/can_tx_node.cpp.o[0m
[18.248s] [ 75%] [32m[1mLinking CXX executable can_rx_node[0m
[18.928s] [ 75%] Built target can_rx_node
[23.777s] [100%] [32m[1mLinking CXX executable can_tx_node[0m
[24.319s] [100%] Built target can_tx_node
