[35m[1mConsolidate compiler generated dependencies of target simulation_node[0m
[100%] Built target simulation_node
-- Install configuration: ""
-- Installing: /home/insa/Desktop/VigiWheels2.0/raspberryPI3/ros2_ws/install/simulation/lib/simulation/simulation_node
-- Set runtime path of "/home/insa/Desktop/VigiWheels2.0/raspberryPI3/ros2_ws/install/simulation/lib/simulation/simulation_node" to ""
-- Up-to-date: /home/insa/Desktop/VigiWheels2.0/raspberryPI3/ros2_ws/install/simulation/share/ament_index/resource_index/package_run_dependencies/simulation
-- Up-to-date: /home/insa/Desktop/VigiWheels2.0/raspberryPI3/ros2_ws/install/simulation/share/ament_index/resource_index/parent_prefix_path/simulation
-- Up-to-date: /home/insa/Desktop/VigiWheels2.0/raspberryPI3/ros2_ws/install/simulation/share/simulation/environment/ament_prefix_path.sh
-- Up-to-date: /home/insa/Desktop/VigiWheels2.0/raspberryPI3/ros2_ws/install/simulation/share/simulation/environment/ament_prefix_path.dsv
-- Up-to-date: /home/insa/Desktop/VigiWheels2.0/raspberryPI3/ros2_ws/install/simulation/share/simulation/environment/path.sh
-- Up-to-date: /home/insa/Desktop/VigiWheels2.0/raspberryPI3/ros2_ws/install/simulation/share/simulation/environment/path.dsv
-- Up-to-date: /home/insa/Desktop/VigiWheels2.0/raspberryPI3/ros2_ws/install/simulation/share/simulation/local_setup.bash
-- Up-to-date: /home/insa/Desktop/VigiWheels2.0/raspberryPI3/ros2_ws/install/simulation/share/simulation/local_setup.sh
-- Up-to-date: /home/insa/Desktop/VigiWheels2.0/raspberryPI3/ros2_ws/install/simulation/share/simulation/local_setup.zsh
-- Up-to-date: /home/insa/Desktop/VigiWheels2.0/raspberryPI3/ros2_ws/install/simulation/share/simulation/local_setup.dsv
-- Installing: /home/insa/Desktop/VigiWheels2.0/raspberryPI3/ros2_ws/install/simulation/share/simulation/package.dsv
-- Up-to-date: /home/insa/Desktop/VigiWheels2.0/raspberryPI3/ros2_ws/install/simulation/share/ament_index/resource_index/packages/simulation
-- Up-to-date: /home/insa/Desktop/VigiWheels2.0/raspberryPI3/ros2_ws/install/simulation/share/simulation/cmake/simulationConfig.cmake
-- Up-to-date: /home/insa/Desktop/VigiWheels2.0/raspberryPI3/ros2_ws/install/simulation/share/simulation/cmake/simulationConfig-version.cmake
-- Up-to-date: /home/insa/Desktop/VigiWheels2.0/raspberryPI3/ros2_ws/install/simulation/share/simulation/package.xml
