[0.581s] Invoking command in '/home/moad/VigiWheels/jetsonNano/ros2_ws/src/manometer_detection': PYTHONPATH=/home/moad/VigiWheels/jetsonNano/ros2_ws/build/manometer_detection/prefix_override:/home/moad/VigiWheels/jetsonNano/ros2_ws/install/manometer_detection/lib/python3.10/site-packages:${PYTHONPATH} /usr/bin/python3 setup.py egg_info --egg-base ../../build/manometer_detection build --build-base /home/moad/VigiWheels/jetsonNano/ros2_ws/build/manometer_detection/build install --record /home/moad/VigiWheels/jetsonNano/ros2_ws/build/manometer_detection/install.log --single-version-externally-managed
[0.726s] running egg_info
[0.727s] writing ../../build/manometer_detection/manometer_detection.egg-info/PKG-INFO
[0.727s] writing dependency_links to ../../build/manometer_detection/manometer_detection.egg-info/dependency_links.txt
[0.727s] writing entry points to ../../build/manometer_detection/manometer_detection.egg-info/entry_points.txt
[0.727s] writing requirements to ../../build/manometer_detection/manometer_detection.egg-info/requires.txt
[0.727s] writing top-level names to ../../build/manometer_detection/manometer_detection.egg-info/top_level.txt
[0.729s] reading manifest file '../../build/manometer_detection/manometer_detection.egg-info/SOURCES.txt'
[0.729s] writing manifest file '../../build/manometer_detection/manometer_detection.egg-info/SOURCES.txt'
[0.729s] running build
[0.729s] running build_py
[0.729s] running install
[0.729s] running install_lib
[0.729s] running install_data
[0.730s] running install_egg_info
[0.730s] removing '/home/moad/VigiWheels/jetsonNano/ros2_ws/install/manometer_detection/lib/python3.10/site-packages/manometer_detection-0.0.0-py3.10.egg-info' (and everything under it)
[0.730s] Copying ../../build/manometer_detection/manometer_detection.egg-info to /home/moad/VigiWheels/jetsonNano/ros2_ws/install/manometer_detection/lib/python3.10/site-packages/manometer_detection-0.0.0-py3.10.egg-info
[0.731s] running install_scripts
[0.744s] Installing test_node script to /home/moad/VigiWheels/jetsonNano/ros2_ws/install/manometer_detection/lib/manometer_detection
[0.744s] writing list of installed files to '/home/moad/VigiWheels/jetsonNano/ros2_ws/build/manometer_detection/install.log'
[0.833s] Invoked command in '/home/moad/VigiWheels/jetsonNano/ros2_ws/src/manometer_detection' returned '0': PYTHONPATH=/home/moad/VigiWheels/jetsonNano/ros2_ws/build/manometer_detection/prefix_override:/home/moad/VigiWheels/jetsonNano/ros2_ws/install/manometer_detection/lib/python3.10/site-packages:${PYTHONPATH} /usr/bin/python3 setup.py egg_info --egg-base ../../build/manometer_detection build --build-base /home/moad/VigiWheels/jetsonNano/ros2_ws/build/manometer_detection/build install --record /home/moad/VigiWheels/jetsonNano/ros2_ws/build/manometer_detection/install.log --single-version-externally-managed
