[35m[1mConsolidate compiler generated dependencies of target carla_msgs__rosidl_generator_c[0m
[  3%] Built target carla_msgs__cpp
[ 12%] Built target carla_msgs__rosidl_generator_c
[35m[1mConsolidate compiler generated dependencies of target carla_msgs__rosidl_typesupport_cpp[0m
[35m[1mConsolidate compiler generated dependencies of target carla_msgs__rosidl_typesupport_fastrtps_cpp[0m
[35m[1mConsolidate compiler generated dependencies of target carla_msgs__rosidl_typesupport_introspection_cpp[0m
[ 12%] Built target ament_cmake_python_copy_carla_msgs
[35m[1mConsolidate compiler generated dependencies of target carla_msgs__rosidl_typesupport_introspection_c[0m
[35m[1mConsolidate compiler generated dependencies of target carla_msgs__rosidl_typesupport_fastrtps_c[0m
[35m[1mConsolidate compiler generated dependencies of target carla_msgs__rosidl_typesupport_c[0m
[ 22%] Built target carla_msgs__rosidl_typesupport_cpp
[ 32%] Built target carla_msgs__rosidl_typesupport_fastrtps_cpp
[ 41%] Built target carla_msgs__rosidl_typesupport_introspection_cpp
[ 51%] Built target carla_msgs__rosidl_typesupport_fastrtps_c
[ 61%] Built target carla_msgs__rosidl_typesupport_c
[ 70%] Built target carla_msgs__rosidl_typesupport_introspection_c
[ 70%] Built target carla_msgs
[ 74%] Built target carla_msgs__py
[35m[1mConsolidate compiler generated dependencies of target carla_msgs__rosidl_generator_py[0m
[ 80%] Built target carla_msgs__rosidl_generator_py
[35m[1mConsolidate compiler generated dependencies of target carla_msgs__rosidl_typesupport_fastrtps_c__pyext[0m
[35m[1mConsolidate compiler generated dependencies of target carla_msgs__rosidl_typesupport_introspection_c__pyext[0m
[35m[1mConsolidate compiler generated dependencies of target carla_msgs__rosidl_typesupport_c__pyext[0m
[ 87%] Built target carla_msgs__rosidl_typesupport_c__pyext
[100%] Built target carla_msgs__rosidl_typesupport_introspection_c__pyext
[100%] Built target carla_msgs__rosidl_typesupport_fastrtps_c__pyext
running egg_info
writing carla_msgs.egg-info/PKG-INFO
writing dependency_links to carla_msgs.egg-info/dependency_links.txt
writing top-level names to carla_msgs.egg-info/top_level.txt
reading manifest file 'carla_msgs.egg-info/SOURCES.txt'
writing manifest file 'carla_msgs.egg-info/SOURCES.txt'
[100%] Built target ament_cmake_python_build_carla_msgs_egg
