[0.140s] Invoking command in '/home/insa/Desktop/VigiWheels2.0/raspberryPI3/ros2_ws/build/carla_msgs': CMAKE_PREFIX_PATH=${CMAKE_PREFIX_PATH}:/opt/ros/humble /usr/bin/cmake --build /home/insa/Desktop/VigiWheels2.0/raspberryPI3/ros2_ws/build/carla_msgs -- -j8 -l8
[0.185s] [35m[1mConsolidate compiler generated dependencies of target carla_msgs__rosidl_generator_c[0m
[0.198s] [  3%] Built target carla_msgs__cpp
[0.203s] [ 12%] Built target carla_msgs__rosidl_generator_c
[0.211s] [35m[1mConsolidate compiler generated dependencies of target carla_msgs__rosidl_typesupport_cpp[0m
[0.212s] [35m[1mConsolidate compiler generated dependencies of target carla_msgs__rosidl_typesupport_fastrtps_cpp[0m
[0.213s] [35m[1mConsolidate compiler generated dependencies of target carla_msgs__rosidl_typesupport_introspection_cpp[0m
[0.217s] [ 12%] Built target ament_cmake_python_copy_carla_msgs
[0.218s] [35m[1mConsolidate compiler generated dependencies of target carla_msgs__rosidl_typesupport_introspection_c[0m
[0.220s] [35m[1mConsolidate compiler generated dependencies of target carla_msgs__rosidl_typesupport_fastrtps_c[0m
[0.229s] [35m[1mConsolidate compiler generated dependencies of target carla_msgs__rosidl_typesupport_c[0m
[0.231s] [ 22%] Built target carla_msgs__rosidl_typesupport_cpp
[0.237s] [ 32%] Built target carla_msgs__rosidl_typesupport_fastrtps_cpp
[0.238s] [ 41%] Built target carla_msgs__rosidl_typesupport_introspection_cpp
[0.241s] [ 51%] Built target carla_msgs__rosidl_typesupport_fastrtps_c
[0.248s] [ 61%] Built target carla_msgs__rosidl_typesupport_c
[0.249s] [ 70%] Built target carla_msgs__rosidl_typesupport_introspection_c
[0.273s] [ 70%] Built target carla_msgs
[0.293s] [ 74%] Built target carla_msgs__py
[0.303s] [35m[1mConsolidate compiler generated dependencies of target carla_msgs__rosidl_generator_py[0m
[0.315s] [ 80%] Built target carla_msgs__rosidl_generator_py
[0.326s] [35m[1mConsolidate compiler generated dependencies of target carla_msgs__rosidl_typesupport_fastrtps_c__pyext[0m
[0.326s] [35m[1mConsolidate compiler generated dependencies of target carla_msgs__rosidl_typesupport_introspection_c__pyext[0m
[0.326s] [35m[1mConsolidate compiler generated dependencies of target carla_msgs__rosidl_typesupport_c__pyext[0m
[0.343s] [ 87%] Built target carla_msgs__rosidl_typesupport_c__pyext
[0.343s] [100%] Built target carla_msgs__rosidl_typesupport_introspection_c__pyext
[0.343s] [100%] Built target carla_msgs__rosidl_typesupport_fastrtps_c__pyext
[0.479s] running egg_info
[0.480s] writing carla_msgs.egg-info/PKG-INFO
[0.480s] writing dependency_links to carla_msgs.egg-info/dependency_links.txt
[0.480s] writing top-level names to carla_msgs.egg-info/top_level.txt
[0.481s] reading manifest file 'carla_msgs.egg-info/SOURCES.txt'
[0.482s] writing manifest file 'carla_msgs.egg-info/SOURCES.txt'
[0.500s] [100%] Built target ament_cmake_python_build_carla_msgs_egg
