[0.512s] DEBUG:colcon:Command line arguments: ['/usr/bin/colcon', 'build']
[0.512s] DEBUG:colcon:Parsed command line arguments: Namespace(log_base=None, log_level=None, verb_name='build', build_base='build', install_base='install', merge_install=False, symlink_install=False, test_result_base=None, continue_on_error=False, executor='parallel', parallel_workers=12, event_handlers=None, ignore_user_meta=False, metas=['./colcon.meta'], base_paths=['.'], packages_ignore=None, packages_ignore_regex=None, paths=None, packages_up_to=None, packages_up_to_regex=None, packages_above=None, packages_above_and_dependencies=None, packages_above_depth=None, packages_select_by_dep=None, packages_skip_by_dep=None, packages_skip_up_to=None, packages_select_build_failed=False, packages_skip_build_finished=False, packages_select_test_failures=False, packages_skip_test_passed=False, packages_select=None, packages_skip=None, packages_select_regex=None, packages_skip_regex=None, packages_start=None, packages_end=None, allow_overriding=[], cmake_args=None, cmake_target=None, cmake_target_skip_unavailable=False, cmake_clean_cache=False, cmake_clean_first=False, cmake_force_configure=False, ament_cmake_args=None, catkin_cmake_args=None, catkin_skip_building_tests=False, verb_parser=<colcon_defaults.argument_parser.defaults.DefaultArgumentsDecorator object at 0x7fe50b401de0>, verb_extension=<colcon_core.verb.build.BuildVerb object at 0x7fe50b841300>, main=<bound method BuildVerb.main of <colcon_core.verb.build.BuildVerb object at 0x7fe50b841300>>)
[0.537s] Level 1:colcon.colcon_core.package_discovery:discover_packages(colcon_meta) check parameters
[0.537s] Level 1:colcon.colcon_core.package_discovery:discover_packages(recursive) check parameters
[0.537s] Level 1:colcon.colcon_core.package_discovery:discover_packages(ignore) check parameters
[0.537s] Level 1:colcon.colcon_core.package_discovery:discover_packages(path) check parameters
[0.537s] Level 1:colcon.colcon_core.package_discovery:discover_packages(colcon_meta) discover
[0.537s] Level 1:colcon.colcon_core.package_discovery:discover_packages(recursive) discover
[0.537s] INFO:colcon.colcon_core.package_discovery:Crawling recursively for packages in '/home/moad/VigiWheels/jetsonNano/ros2_ws'
[0.537s] Level 1:colcon.colcon_core.package_identification:_identify(.) by extensions ['ignore', 'ignore_ament_install']
[0.537s] Level 1:colcon.colcon_core.package_identification:_identify(.) by extension 'ignore'
[0.537s] Level 1:colcon.colcon_core.package_identification:_identify(.) by extension 'ignore_ament_install'
[0.537s] Level 1:colcon.colcon_core.package_identification:_identify(.) by extensions ['colcon_pkg']
[0.538s] Level 1:colcon.colcon_core.package_identification:_identify(.) by extension 'colcon_pkg'
[0.538s] Level 1:colcon.colcon_core.package_identification:_identify(.) by extensions ['colcon_meta']
[0.538s] Level 1:colcon.colcon_core.package_identification:_identify(.) by extension 'colcon_meta'
[0.538s] Level 1:colcon.colcon_core.package_identification:_identify(.) by extensions ['ros']
[0.538s] Level 1:colcon.colcon_core.package_identification:_identify(.) by extension 'ros'
[0.545s] Level 1:colcon.colcon_core.package_identification:_identify(.) by extensions ['cmake', 'python']
[0.545s] Level 1:colcon.colcon_core.package_identification:_identify(.) by extension 'cmake'
[0.545s] Level 1:colcon.colcon_core.package_identification:_identify(.) by extension 'python'
[0.545s] Level 1:colcon.colcon_core.package_identification:_identify(.) by extensions ['python_setup_py']
[0.545s] Level 1:colcon.colcon_core.package_identification:_identify(.) by extension 'python_setup_py'
[0.545s] Level 1:colcon.colcon_core.package_identification:_identify(build) by extensions ['ignore', 'ignore_ament_install']
[0.545s] Level 1:colcon.colcon_core.package_identification:_identify(build) by extension 'ignore'
[0.545s] Level 1:colcon.colcon_core.package_identification:_identify(build) ignored
[0.545s] Level 1:colcon.colcon_core.package_identification:_identify(install) by extensions ['ignore', 'ignore_ament_install']
[0.545s] Level 1:colcon.colcon_core.package_identification:_identify(install) by extension 'ignore'
[0.545s] Level 1:colcon.colcon_core.package_identification:_identify(install) ignored
[0.545s] Level 1:colcon.colcon_core.package_identification:_identify(log) by extensions ['ignore', 'ignore_ament_install']
[0.545s] Level 1:colcon.colcon_core.package_identification:_identify(log) by extension 'ignore'
[0.545s] Level 1:colcon.colcon_core.package_identification:_identify(log) ignored
[0.546s] Level 1:colcon.colcon_core.package_identification:_identify(src) by extensions ['ignore', 'ignore_ament_install']
[0.546s] Level 1:colcon.colcon_core.package_identification:_identify(src) by extension 'ignore'
[0.546s] Level 1:colcon.colcon_core.package_identification:_identify(src) by extension 'ignore_ament_install'
[0.546s] Level 1:colcon.colcon_core.package_identification:_identify(src) by extensions ['colcon_pkg']
[0.546s] Level 1:colcon.colcon_core.package_identification:_identify(src) by extension 'colcon_pkg'
[0.546s] Level 1:colcon.colcon_core.package_identification:_identify(src) by extensions ['colcon_meta']
[0.546s] Level 1:colcon.colcon_core.package_identification:_identify(src) by extension 'colcon_meta'
[0.546s] Level 1:colcon.colcon_core.package_identification:_identify(src) by extensions ['ros']
[0.546s] Level 1:colcon.colcon_core.package_identification:_identify(src) by extension 'ros'
[0.546s] Level 1:colcon.colcon_core.package_identification:_identify(src) by extensions ['cmake', 'python']
[0.546s] Level 1:colcon.colcon_core.package_identification:_identify(src) by extension 'cmake'
[0.546s] Level 1:colcon.colcon_core.package_identification:_identify(src) by extension 'python'
[0.546s] Level 1:colcon.colcon_core.package_identification:_identify(src) by extensions ['python_setup_py']
[0.546s] Level 1:colcon.colcon_core.package_identification:_identify(src) by extension 'python_setup_py'
[0.546s] Level 1:colcon.colcon_core.package_identification:_identify(src/build) by extensions ['ignore', 'ignore_ament_install']
[0.546s] Level 1:colcon.colcon_core.package_identification:_identify(src/build) by extension 'ignore'
[0.546s] Level 1:colcon.colcon_core.package_identification:_identify(src/build) ignored
[0.546s] Level 1:colcon.colcon_core.package_identification:_identify(src/geicar_start_jetson) by extensions ['ignore', 'ignore_ament_install']
[0.546s] Level 1:colcon.colcon_core.package_identification:_identify(src/geicar_start_jetson) by extension 'ignore'
[0.546s] Level 1:colcon.colcon_core.package_identification:_identify(src/geicar_start_jetson) by extension 'ignore_ament_install'
[0.546s] Level 1:colcon.colcon_core.package_identification:_identify(src/geicar_start_jetson) by extensions ['colcon_pkg']
[0.546s] Level 1:colcon.colcon_core.package_identification:_identify(src/geicar_start_jetson) by extension 'colcon_pkg'
[0.546s] Level 1:colcon.colcon_core.package_identification:_identify(src/geicar_start_jetson) by extensions ['colcon_meta']
[0.546s] Level 1:colcon.colcon_core.package_identification:_identify(src/geicar_start_jetson) by extension 'colcon_meta'
[0.546s] Level 1:colcon.colcon_core.package_identification:_identify(src/geicar_start_jetson) by extensions ['ros']
[0.546s] Level 1:colcon.colcon_core.package_identification:_identify(src/geicar_start_jetson) by extension 'ros'
[0.548s] DEBUG:colcon.colcon_core.package_identification:Package 'src/geicar_start_jetson' with type 'ros.ament_cmake' and name 'geicar_start_jetson'
[0.548s] Level 1:colcon.colcon_core.package_identification:_identify(src/install) by extensions ['ignore', 'ignore_ament_install']
[0.548s] Level 1:colcon.colcon_core.package_identification:_identify(src/install) by extension 'ignore'
[0.548s] Level 1:colcon.colcon_core.package_identification:_identify(src/install) ignored
[0.548s] Level 1:colcon.colcon_core.package_identification:_identify(src/interfaces) by extensions ['ignore', 'ignore_ament_install']
[0.548s] Level 1:colcon.colcon_core.package_identification:_identify(src/interfaces) by extension 'ignore'
[0.548s] Level 1:colcon.colcon_core.package_identification:_identify(src/interfaces) by extension 'ignore_ament_install'
[0.548s] Level 1:colcon.colcon_core.package_identification:_identify(src/interfaces) by extensions ['colcon_pkg']
[0.548s] Level 1:colcon.colcon_core.package_identification:_identify(src/interfaces) by extension 'colcon_pkg'
[0.548s] Level 1:colcon.colcon_core.package_identification:_identify(src/interfaces) by extensions ['colcon_meta']
[0.548s] Level 1:colcon.colcon_core.package_identification:_identify(src/interfaces) by extension 'colcon_meta'
[0.548s] Level 1:colcon.colcon_core.package_identification:_identify(src/interfaces) by extensions ['ros']
[0.548s] Level 1:colcon.colcon_core.package_identification:_identify(src/interfaces) by extension 'ros'
[0.548s] DEBUG:colcon.colcon_core.package_identification:Package 'src/interfaces' with type 'ros.ament_cmake' and name 'interfaces'
[0.549s] Level 1:colcon.colcon_core.package_identification:_identify(src/log) by extensions ['ignore', 'ignore_ament_install']
[0.549s] Level 1:colcon.colcon_core.package_identification:_identify(src/log) by extension 'ignore'
[0.549s] Level 1:colcon.colcon_core.package_identification:_identify(src/log) ignored
[0.549s] Level 1:colcon.colcon_core.package_identification:_identify(src/manometer_detection) by extensions ['ignore', 'ignore_ament_install']
[0.549s] Level 1:colcon.colcon_core.package_identification:_identify(src/manometer_detection) by extension 'ignore'
[0.549s] Level 1:colcon.colcon_core.package_identification:_identify(src/manometer_detection) by extension 'ignore_ament_install'
[0.549s] Level 1:colcon.colcon_core.package_identification:_identify(src/manometer_detection) by extensions ['colcon_pkg']
[0.549s] Level 1:colcon.colcon_core.package_identification:_identify(src/manometer_detection) by extension 'colcon_pkg'
[0.549s] Level 1:colcon.colcon_core.package_identification:_identify(src/manometer_detection) by extensions ['colcon_meta']
[0.549s] Level 1:colcon.colcon_core.package_identification:_identify(src/manometer_detection) by extension 'colcon_meta'
[0.549s] Level 1:colcon.colcon_core.package_identification:_identify(src/manometer_detection) by extensions ['ros']
[0.549s] Level 1:colcon.colcon_core.package_identification:_identify(src/manometer_detection) by extension 'ros'
[0.549s] DEBUG:colcon.colcon_core.package_identification:Package 'src/manometer_detection' with type 'ros.ament_python' and name 'manometer_detection'
[0.549s] Level 1:colcon.colcon_core.package_identification:_identify(src/rplidar_ros2) by extensions ['ignore', 'ignore_ament_install']
[0.549s] Level 1:colcon.colcon_core.package_identification:_identify(src/rplidar_ros2) by extension 'ignore'
[0.550s] Level 1:colcon.colcon_core.package_identification:_identify(src/rplidar_ros2) by extension 'ignore_ament_install'
[0.550s] Level 1:colcon.colcon_core.package_identification:_identify(src/rplidar_ros2) by extensions ['colcon_pkg']
[0.550s] Level 1:colcon.colcon_core.package_identification:_identify(src/rplidar_ros2) by extension 'colcon_pkg'
[0.550s] Level 1:colcon.colcon_core.package_identification:_identify(src/rplidar_ros2) by extensions ['colcon_meta']
[0.550s] Level 1:colcon.colcon_core.package_identification:_identify(src/rplidar_ros2) by extension 'colcon_meta'
[0.550s] Level 1:colcon.colcon_core.package_identification:_identify(src/rplidar_ros2) by extensions ['ros']
[0.550s] Level 1:colcon.colcon_core.package_identification:_identify(src/rplidar_ros2) by extension 'ros'
[0.550s] DEBUG:colcon.colcon_core.package_identification:Package 'src/rplidar_ros2' with type 'ros.ament_cmake' and name 'rplidar_ros'
[0.550s] Level 1:colcon.colcon_core.package_identification:_identify(src/system_check_ack) by extensions ['ignore', 'ignore_ament_install']
[0.550s] Level 1:colcon.colcon_core.package_identification:_identify(src/system_check_ack) by extension 'ignore'
[0.550s] Level 1:colcon.colcon_core.package_identification:_identify(src/system_check_ack) by extension 'ignore_ament_install'
[0.550s] Level 1:colcon.colcon_core.package_identification:_identify(src/system_check_ack) by extensions ['colcon_pkg']
[0.550s] Level 1:colcon.colcon_core.package_identification:_identify(src/system_check_ack) by extension 'colcon_pkg'
[0.550s] Level 1:colcon.colcon_core.package_identification:_identify(src/system_check_ack) by extensions ['colcon_meta']
[0.550s] Level 1:colcon.colcon_core.package_identification:_identify(src/system_check_ack) by extension 'colcon_meta'
[0.550s] Level 1:colcon.colcon_core.package_identification:_identify(src/system_check_ack) by extensions ['ros']
[0.550s] Level 1:colcon.colcon_core.package_identification:_identify(src/system_check_ack) by extension 'ros'
[0.551s] DEBUG:colcon.colcon_core.package_identification:Package 'src/system_check_ack' with type 'ros.ament_cmake' and name 'system_check_ack'
[0.551s] Level 1:colcon.colcon_core.package_identification:_identify(src/usb_cam) by extensions ['ignore', 'ignore_ament_install']
[0.551s] Level 1:colcon.colcon_core.package_identification:_identify(src/usb_cam) by extension 'ignore'
[0.551s] Level 1:colcon.colcon_core.package_identification:_identify(src/usb_cam) by extension 'ignore_ament_install'
[0.551s] Level 1:colcon.colcon_core.package_identification:_identify(src/usb_cam) by extensions ['colcon_pkg']
[0.551s] Level 1:colcon.colcon_core.package_identification:_identify(src/usb_cam) by extension 'colcon_pkg'
[0.551s] Level 1:colcon.colcon_core.package_identification:_identify(src/usb_cam) by extensions ['colcon_meta']
[0.551s] Level 1:colcon.colcon_core.package_identification:_identify(src/usb_cam) by extension 'colcon_meta'
[0.551s] Level 1:colcon.colcon_core.package_identification:_identify(src/usb_cam) by extensions ['ros']
[0.551s] Level 1:colcon.colcon_core.package_identification:_identify(src/usb_cam) by extension 'ros'
[0.552s] DEBUG:colcon.colcon_core.package_identification:Package 'src/usb_cam' with type 'ros.ament_cmake' and name 'usb_cam'
[0.552s] Level 1:colcon.colcon_core.package_discovery:discover_packages(recursive) using defaults
[0.552s] Level 1:colcon.colcon_core.package_discovery:discover_packages(ignore) discover
[0.552s] Level 1:colcon.colcon_core.package_discovery:discover_packages(ignore) using defaults
[0.552s] Level 1:colcon.colcon_core.package_discovery:discover_packages(path) discover
[0.552s] Level 1:colcon.colcon_core.package_discovery:discover_packages(path) using defaults
[0.600s] Level 1:colcon.colcon_core.package_discovery:discover_packages(prefix_path) check parameters
[0.600s] Level 1:colcon.colcon_core.package_discovery:discover_packages(prefix_path) discover
[0.615s] DEBUG:colcon.colcon_installed_package_information.package_discovery:Found 2 installed packages in /home/moad/ros2_ws/install
[0.622s] DEBUG:colcon.colcon_installed_package_information.package_discovery:Found 277 installed packages in /opt/ros/humble
[0.623s] Level 1:colcon.colcon_core.package_discovery:discover_packages(prefix_path) using defaults
[0.672s] Level 5:colcon.colcon_core.verb:set package 'interfaces' build argument 'cmake_args' from command line to 'None'
[0.672s] Level 5:colcon.colcon_core.verb:set package 'interfaces' build argument 'cmake_target' from command line to 'None'
[0.672s] Level 5:colcon.colcon_core.verb:set package 'interfaces' build argument 'cmake_target_skip_unavailable' from command line to 'False'
[0.672s] Level 5:colcon.colcon_core.verb:set package 'interfaces' build argument 'cmake_clean_cache' from command line to 'False'
[0.672s] Level 5:colcon.colcon_core.verb:set package 'interfaces' build argument 'cmake_clean_first' from command line to 'False'
[0.672s] Level 5:colcon.colcon_core.verb:set package 'interfaces' build argument 'cmake_force_configure' from command line to 'False'
[0.672s] Level 5:colcon.colcon_core.verb:set package 'interfaces' build argument 'ament_cmake_args' from command line to 'None'
[0.672s] Level 5:colcon.colcon_core.verb:set package 'interfaces' build argument 'catkin_cmake_args' from command line to 'None'
[0.672s] Level 5:colcon.colcon_core.verb:set package 'interfaces' build argument 'catkin_skip_building_tests' from command line to 'False'
[0.672s] DEBUG:colcon.colcon_core.verb:Building package 'interfaces' with the following arguments: {'ament_cmake_args': None, 'build_base': '/home/moad/VigiWheels/jetsonNano/ros2_ws/build/interfaces', 'catkin_cmake_args': None, 'catkin_skip_building_tests': False, 'cmake_args': None, 'cmake_clean_cache': False, 'cmake_clean_first': False, 'cmake_force_configure': False, 'cmake_target': None, 'cmake_target_skip_unavailable': False, 'install_base': '/home/moad/VigiWheels/jetsonNano/ros2_ws/install/interfaces', 'merge_install': False, 'path': '/home/moad/VigiWheels/jetsonNano/ros2_ws/src/interfaces', 'symlink_install': False, 'test_result_base': None}
[0.679s] Level 5:colcon.colcon_core.verb:set package 'manometer_detection' build argument 'cmake_args' from command line to 'None'
[0.679s] Level 5:colcon.colcon_core.verb:set package 'manometer_detection' build argument 'cmake_target' from command line to 'None'
[0.679s] Level 5:colcon.colcon_core.verb:set package 'manometer_detection' build argument 'cmake_target_skip_unavailable' from command line to 'False'
[0.679s] Level 5:colcon.colcon_core.verb:set package 'manometer_detection' build argument 'cmake_clean_cache' from command line to 'False'
[0.679s] Level 5:colcon.colcon_core.verb:set package 'manometer_detection' build argument 'cmake_clean_first' from command line to 'False'
[0.679s] Level 5:colcon.colcon_core.verb:set package 'manometer_detection' build argument 'cmake_force_configure' from command line to 'False'
[0.679s] Level 5:colcon.colcon_core.verb:set package 'manometer_detection' build argument 'ament_cmake_args' from command line to 'None'
[0.679s] Level 5:colcon.colcon_core.verb:set package 'manometer_detection' build argument 'catkin_cmake_args' from command line to 'None'
[0.679s] Level 5:colcon.colcon_core.verb:set package 'manometer_detection' build argument 'catkin_skip_building_tests' from command line to 'False'
[0.679s] DEBUG:colcon.colcon_core.verb:Building package 'manometer_detection' with the following arguments: {'ament_cmake_args': None, 'build_base': '/home/moad/VigiWheels/jetsonNano/ros2_ws/build/manometer_detection', 'catkin_cmake_args': None, 'catkin_skip_building_tests': False, 'cmake_args': None, 'cmake_clean_cache': False, 'cmake_clean_first': False, 'cmake_force_configure': False, 'cmake_target': None, 'cmake_target_skip_unavailable': False, 'install_base': '/home/moad/VigiWheels/jetsonNano/ros2_ws/install/manometer_detection', 'merge_install': False, 'path': '/home/moad/VigiWheels/jetsonNano/ros2_ws/src/manometer_detection', 'symlink_install': False, 'test_result_base': None}
[0.686s] Level 5:colcon.colcon_core.verb:set package 'rplidar_ros' build argument 'cmake_args' from command line to 'None'
[0.686s] Level 5:colcon.colcon_core.verb:set package 'rplidar_ros' build argument 'cmake_target' from command line to 'None'
[0.686s] Level 5:colcon.colcon_core.verb:set package 'rplidar_ros' build argument 'cmake_target_skip_unavailable' from command line to 'False'
[0.686s] Level 5:colcon.colcon_core.verb:set package 'rplidar_ros' build argument 'cmake_clean_cache' from command line to 'False'
[0.686s] Level 5:colcon.colcon_core.verb:set package 'rplidar_ros' build argument 'cmake_clean_first' from command line to 'False'
[0.686s] Level 5:colcon.colcon_core.verb:set package 'rplidar_ros' build argument 'cmake_force_configure' from command line to 'False'
[0.686s] Level 5:colcon.colcon_core.verb:set package 'rplidar_ros' build argument 'ament_cmake_args' from command line to 'None'
[0.686s] Level 5:colcon.colcon_core.verb:set package 'rplidar_ros' build argument 'catkin_cmake_args' from command line to 'None'
[0.686s] Level 5:colcon.colcon_core.verb:set package 'rplidar_ros' build argument 'catkin_skip_building_tests' from command line to 'False'
[0.686s] DEBUG:colcon.colcon_core.verb:Building package 'rplidar_ros' with the following arguments: {'ament_cmake_args': None, 'build_base': '/home/moad/VigiWheels/jetsonNano/ros2_ws/build/rplidar_ros', 'catkin_cmake_args': None, 'catkin_skip_building_tests': False, 'cmake_args': None, 'cmake_clean_cache': False, 'cmake_clean_first': False, 'cmake_force_configure': False, 'cmake_target': None, 'cmake_target_skip_unavailable': False, 'install_base': '/home/moad/VigiWheels/jetsonNano/ros2_ws/install/rplidar_ros', 'merge_install': False, 'path': '/home/moad/VigiWheels/jetsonNano/ros2_ws/src/rplidar_ros2', 'symlink_install': False, 'test_result_base': None}
[0.693s] Level 5:colcon.colcon_core.verb:set package 'usb_cam' build argument 'cmake_args' from command line to 'None'
[0.693s] Level 5:colcon.colcon_core.verb:set package 'usb_cam' build argument 'cmake_target' from command line to 'None'
[0.693s] Level 5:colcon.colcon_core.verb:set package 'usb_cam' build argument 'cmake_target_skip_unavailable' from command line to 'False'
[0.693s] Level 5:colcon.colcon_core.verb:set package 'usb_cam' build argument 'cmake_clean_cache' from command line to 'False'
[0.693s] Level 5:colcon.colcon_core.verb:set package 'usb_cam' build argument 'cmake_clean_first' from command line to 'False'
[0.693s] Level 5:colcon.colcon_core.verb:set package 'usb_cam' build argument 'cmake_force_configure' from command line to 'False'
[0.693s] Level 5:colcon.colcon_core.verb:set package 'usb_cam' build argument 'ament_cmake_args' from command line to 'None'
[0.693s] Level 5:colcon.colcon_core.verb:set package 'usb_cam' build argument 'catkin_cmake_args' from command line to 'None'
[0.693s] Level 5:colcon.colcon_core.verb:set package 'usb_cam' build argument 'catkin_skip_building_tests' from command line to 'False'
[0.693s] DEBUG:colcon.colcon_core.verb:Building package 'usb_cam' with the following arguments: {'ament_cmake_args': None, 'build_base': '/home/moad/VigiWheels/jetsonNano/ros2_ws/build/usb_cam', 'catkin_cmake_args': None, 'catkin_skip_building_tests': False, 'cmake_args': None, 'cmake_clean_cache': False, 'cmake_clean_first': False, 'cmake_force_configure': False, 'cmake_target': None, 'cmake_target_skip_unavailable': False, 'install_base': '/home/moad/VigiWheels/jetsonNano/ros2_ws/install/usb_cam', 'merge_install': False, 'path': '/home/moad/VigiWheels/jetsonNano/ros2_ws/src/usb_cam', 'symlink_install': False, 'test_result_base': None}
[0.700s] Level 5:colcon.colcon_core.verb:set package 'geicar_start_jetson' build argument 'cmake_args' from command line to 'None'
[0.700s] Level 5:colcon.colcon_core.verb:set package 'geicar_start_jetson' build argument 'cmake_target' from command line to 'None'
[0.700s] Level 5:colcon.colcon_core.verb:set package 'geicar_start_jetson' build argument 'cmake_target_skip_unavailable' from command line to 'False'
[0.700s] Level 5:colcon.colcon_core.verb:set package 'geicar_start_jetson' build argument 'cmake_clean_cache' from command line to 'False'
[0.700s] Level 5:colcon.colcon_core.verb:set package 'geicar_start_jetson' build argument 'cmake_clean_first' from command line to 'False'
[0.700s] Level 5:colcon.colcon_core.verb:set package 'geicar_start_jetson' build argument 'cmake_force_configure' from command line to 'False'
[0.700s] Level 5:colcon.colcon_core.verb:set package 'geicar_start_jetson' build argument 'ament_cmake_args' from command line to 'None'
[0.700s] Level 5:colcon.colcon_core.verb:set package 'geicar_start_jetson' build argument 'catkin_cmake_args' from command line to 'None'
[0.700s] Level 5:colcon.colcon_core.verb:set package 'geicar_start_jetson' build argument 'catkin_skip_building_tests' from command line to 'False'
[0.700s] DEBUG:colcon.colcon_core.verb:Building package 'geicar_start_jetson' with the following arguments: {'ament_cmake_args': None, 'build_base': '/home/moad/VigiWheels/jetsonNano/ros2_ws/build/geicar_start_jetson', 'catkin_cmake_args': None, 'catkin_skip_building_tests': False, 'cmake_args': None, 'cmake_clean_cache': False, 'cmake_clean_first': False, 'cmake_force_configure': False, 'cmake_target': None, 'cmake_target_skip_unavailable': False, 'install_base': '/home/moad/VigiWheels/jetsonNano/ros2_ws/install/geicar_start_jetson', 'merge_install': False, 'path': '/home/moad/VigiWheels/jetsonNano/ros2_ws/src/geicar_start_jetson', 'symlink_install': False, 'test_result_base': None}
[0.707s] Level 5:colcon.colcon_core.verb:set package 'system_check_ack' build argument 'cmake_args' from command line to 'None'
[0.707s] Level 5:colcon.colcon_core.verb:set package 'system_check_ack' build argument 'cmake_target' from command line to 'None'
[0.707s] Level 5:colcon.colcon_core.verb:set package 'system_check_ack' build argument 'cmake_target_skip_unavailable' from command line to 'False'
[0.707s] Level 5:colcon.colcon_core.verb:set package 'system_check_ack' build argument 'cmake_clean_cache' from command line to 'False'
[0.707s] Level 5:colcon.colcon_core.verb:set package 'system_check_ack' build argument 'cmake_clean_first' from command line to 'False'
[0.707s] Level 5:colcon.colcon_core.verb:set package 'system_check_ack' build argument 'cmake_force_configure' from command line to 'False'
[0.707s] Level 5:colcon.colcon_core.verb:set package 'system_check_ack' build argument 'ament_cmake_args' from command line to 'None'
[0.707s] Level 5:colcon.colcon_core.verb:set package 'system_check_ack' build argument 'catkin_cmake_args' from command line to 'None'
[0.708s] Level 5:colcon.colcon_core.verb:set package 'system_check_ack' build argument 'catkin_skip_building_tests' from command line to 'False'
[0.708s] DEBUG:colcon.colcon_core.verb:Building package 'system_check_ack' with the following arguments: {'ament_cmake_args': None, 'build_base': '/home/moad/VigiWheels/jetsonNano/ros2_ws/build/system_check_ack', 'catkin_cmake_args': None, 'catkin_skip_building_tests': False, 'cmake_args': None, 'cmake_clean_cache': False, 'cmake_clean_first': False, 'cmake_force_configure': False, 'cmake_target': None, 'cmake_target_skip_unavailable': False, 'install_base': '/home/moad/VigiWheels/jetsonNano/ros2_ws/install/system_check_ack', 'merge_install': False, 'path': '/home/moad/VigiWheels/jetsonNano/ros2_ws/src/system_check_ack', 'symlink_install': False, 'test_result_base': None}
[0.714s] INFO:colcon.colcon_core.executor:Executing jobs using 'parallel' executor
[0.722s] DEBUG:colcon.colcon_parallel_executor.executor.parallel:run_until_complete
[0.722s] INFO:colcon.colcon_ros.task.ament_cmake.build:Building ROS package in '/home/moad/VigiWheels/jetsonNano/ros2_ws/src/interfaces' with build type 'ament_cmake'
[0.722s] INFO:colcon.colcon_cmake.task.cmake.build:Building CMake package in '/home/moad/VigiWheels/jetsonNano/ros2_ws/src/interfaces'
[0.731s] INFO:colcon.colcon_core.plugin_system:Skipping extension 'colcon_core.shell.bat': Not used on non-Windows systems
[0.731s] INFO:colcon.colcon_core.shell:Skip shell extension 'powershell' for command environment: Not usable outside of PowerShell
[0.731s] DEBUG:colcon.colcon_core.shell:Skip shell extension 'dsv' for command environment
[0.753s] INFO:colcon.colcon_ros.task.ament_cmake.build:Building ROS package in '/home/moad/VigiWheels/jetsonNano/ros2_ws/src/rplidar_ros2' with build type 'ament_cmake'
[0.753s] INFO:colcon.colcon_cmake.task.cmake.build:Building CMake package in '/home/moad/VigiWheels/jetsonNano/ros2_ws/src/rplidar_ros2'
[0.761s] INFO:colcon.colcon_core.shell:Skip shell extension 'powershell' for command environment: Not usable outside of PowerShell
[0.761s] DEBUG:colcon.colcon_core.shell:Skip shell extension 'dsv' for command environment
[0.786s] INFO:colcon.colcon_ros.task.ament_cmake.build:Building ROS package in '/home/moad/VigiWheels/jetsonNano/ros2_ws/src/usb_cam' with build type 'ament_cmake'
[0.786s] INFO:colcon.colcon_cmake.task.cmake.build:Building CMake package in '/home/moad/VigiWheels/jetsonNano/ros2_ws/src/usb_cam'
[0.794s] INFO:colcon.colcon_core.shell:Skip shell extension 'powershell' for command environment: Not usable outside of PowerShell
[0.794s] DEBUG:colcon.colcon_core.shell:Skip shell extension 'dsv' for command environment
[0.825s] INFO:colcon.colcon_ros.task.ament_python.build:Building ROS package in '/home/moad/VigiWheels/jetsonNano/ros2_ws/src/manometer_detection' with build type 'ament_python'
[0.825s] Level 1:colcon.colcon_core.shell:create_environment_hook('manometer_detection', 'ament_prefix_path')
[0.832s] INFO:colcon.colcon_core.shell:Creating environment hook '/home/moad/VigiWheels/jetsonNano/ros2_ws/install/manometer_detection/share/manometer_detection/hook/ament_prefix_path.ps1'
[0.833s] INFO:colcon.colcon_core.shell:Creating environment descriptor '/home/moad/VigiWheels/jetsonNano/ros2_ws/install/manometer_detection/share/manometer_detection/hook/ament_prefix_path.dsv'
[0.833s] INFO:colcon.colcon_core.shell:Creating environment hook '/home/moad/VigiWheels/jetsonNano/ros2_ws/install/manometer_detection/share/manometer_detection/hook/ament_prefix_path.sh'
[0.840s] INFO:colcon.colcon_core.shell:Skip shell extension 'powershell' for command environment: Not usable outside of PowerShell
[0.840s] DEBUG:colcon.colcon_core.shell:Skip shell extension 'dsv' for command environment
[0.867s] DEBUG:colcon.colcon_core.event_handler.log_command:Invoking command in '/home/moad/VigiWheels/jetsonNano/ros2_ws/build/interfaces': CMAKE_PREFIX_PATH=/home/moad/ros2_ws/install/my_robot_controller:/home/moad/ros2_ws/install/manometer_detection:/opt/ros/humble /usr/bin/cmake --build /home/moad/VigiWheels/jetsonNano/ros2_ws/build/interfaces -- -j12 -l12
[0.869s] DEBUG:colcon.colcon_core.event_handler.log_command:Invoking command in '/home/moad/VigiWheels/jetsonNano/ros2_ws/build/rplidar_ros': CMAKE_PREFIX_PATH=/home/moad/ros2_ws/install/my_robot_controller:/home/moad/ros2_ws/install/manometer_detection:/opt/ros/humble /usr/bin/cmake --build /home/moad/VigiWheels/jetsonNano/ros2_ws/build/rplidar_ros -- -j12 -l12
[0.871s] DEBUG:colcon.colcon_core.event_handler.log_command:Invoking command in '/home/moad/VigiWheels/jetsonNano/ros2_ws/build/usb_cam': CMAKE_PREFIX_PATH=/home/moad/ros2_ws/install/my_robot_controller:/home/moad/ros2_ws/install/manometer_detection:/opt/ros/humble /usr/bin/cmake --build /home/moad/VigiWheels/jetsonNano/ros2_ws/build/usb_cam -- -j12 -l12
[1.098s] INFO:colcon.colcon_core.task.python.build:Building Python package in '/home/moad/VigiWheels/jetsonNano/ros2_ws/src/manometer_detection'
[1.105s] INFO:colcon.colcon_core.shell:Skip shell extension 'powershell' for command environment: Not usable outside of PowerShell
[1.105s] DEBUG:colcon.colcon_core.shell:Skip shell extension 'dsv' for command environment
[1.130s] DEBUG:colcon.colcon_core.event_handler.log_command:Invoked command in '/home/moad/VigiWheels/jetsonNano/ros2_ws/build/usb_cam' returned '0': CMAKE_PREFIX_PATH=/home/moad/ros2_ws/install/my_robot_controller:/home/moad/ros2_ws/install/manometer_detection:/opt/ros/humble /usr/bin/cmake --build /home/moad/VigiWheels/jetsonNano/ros2_ws/build/usb_cam -- -j12 -l12
[1.131s] DEBUG:colcon.colcon_core.event_handler.log_command:Invoked command in '/home/moad/VigiWheels/jetsonNano/ros2_ws/build/rplidar_ros' returned '0': CMAKE_PREFIX_PATH=/home/moad/ros2_ws/install/my_robot_controller:/home/moad/ros2_ws/install/manometer_detection:/opt/ros/humble /usr/bin/cmake --build /home/moad/VigiWheels/jetsonNano/ros2_ws/build/rplidar_ros -- -j12 -l12
[1.133s] DEBUG:colcon.colcon_core.event_handler.log_command:Invoked command in '/home/moad/VigiWheels/jetsonNano/ros2_ws/build/interfaces' returned '0': CMAKE_PREFIX_PATH=/home/moad/ros2_ws/install/my_robot_controller:/home/moad/ros2_ws/install/manometer_detection:/opt/ros/humble /usr/bin/cmake --build /home/moad/VigiWheels/jetsonNano/ros2_ws/build/interfaces -- -j12 -l12
[1.156s] DEBUG:colcon.colcon_core.event_handler.log_command:Invoking command in '/home/moad/VigiWheels/jetsonNano/ros2_ws/build/usb_cam': CMAKE_PREFIX_PATH=/home/moad/ros2_ws/install/my_robot_controller:/home/moad/ros2_ws/install/manometer_detection:/opt/ros/humble /usr/bin/cmake --install /home/moad/VigiWheels/jetsonNano/ros2_ws/build/usb_cam
[1.157s] DEBUG:colcon.colcon_core.event_handler.log_command:Invoking command in '/home/moad/VigiWheels/jetsonNano/ros2_ws/build/rplidar_ros': CMAKE_PREFIX_PATH=/home/moad/ros2_ws/install/my_robot_controller:/home/moad/ros2_ws/install/manometer_detection:/opt/ros/humble /usr/bin/cmake --install /home/moad/VigiWheels/jetsonNano/ros2_ws/build/rplidar_ros
[1.165s] Level 1:colcon.colcon_core.environment:create_environment_scripts_only(rplidar_ros)
[1.169s] DEBUG:colcon.colcon_core.event_handler.log_command:Invoked command in '/home/moad/VigiWheels/jetsonNano/ros2_ws/build/rplidar_ros' returned '0': CMAKE_PREFIX_PATH=/home/moad/ros2_ws/install/my_robot_controller:/home/moad/ros2_ws/install/manometer_detection:/opt/ros/humble /usr/bin/cmake --install /home/moad/VigiWheels/jetsonNano/ros2_ws/build/rplidar_ros
[1.189s] Level 1:colcon.colcon_core.environment:checking '/home/moad/VigiWheels/jetsonNano/ros2_ws/install/rplidar_ros' for CMake module files
[1.189s] Level 1:colcon.colcon_core.environment:checking '/home/moad/VigiWheels/jetsonNano/ros2_ws/install/rplidar_ros' for CMake config files
[1.190s] Level 1:colcon.colcon_core.shell:create_environment_hook('rplidar_ros', 'cmake_prefix_path')
[1.207s] INFO:colcon.colcon_core.shell:Creating environment hook '/home/moad/VigiWheels/jetsonNano/ros2_ws/install/rplidar_ros/share/rplidar_ros/hook/cmake_prefix_path.ps1'
[1.207s] INFO:colcon.colcon_core.shell:Creating environment descriptor '/home/moad/VigiWheels/jetsonNano/ros2_ws/install/rplidar_ros/share/rplidar_ros/hook/cmake_prefix_path.dsv'
[1.207s] INFO:colcon.colcon_core.shell:Creating environment hook '/home/moad/VigiWheels/jetsonNano/ros2_ws/install/rplidar_ros/share/rplidar_ros/hook/cmake_prefix_path.sh'
[1.208s] Level 1:colcon.colcon_core.environment:checking '/home/moad/VigiWheels/jetsonNano/ros2_ws/install/rplidar_ros/lib'
[1.208s] Level 1:colcon.colcon_core.shell:create_environment_hook('rplidar_ros', 'ld_library_path_lib')
[1.226s] INFO:colcon.colcon_core.shell:Creating environment hook '/home/moad/VigiWheels/jetsonNano/ros2_ws/install/rplidar_ros/share/rplidar_ros/hook/ld_library_path_lib.ps1'
[1.226s] INFO:colcon.colcon_core.shell:Creating environment descriptor '/home/moad/VigiWheels/jetsonNano/ros2_ws/install/rplidar_ros/share/rplidar_ros/hook/ld_library_path_lib.dsv'
[1.227s] INFO:colcon.colcon_core.shell:Creating environment hook '/home/moad/VigiWheels/jetsonNano/ros2_ws/install/rplidar_ros/share/rplidar_ros/hook/ld_library_path_lib.sh'
[1.227s] Level 1:colcon.colcon_core.environment:checking '/home/moad/VigiWheels/jetsonNano/ros2_ws/install/rplidar_ros/bin'
[1.227s] Level 1:colcon.colcon_core.environment:checking '/home/moad/VigiWheels/jetsonNano/ros2_ws/install/rplidar_ros/lib/pkgconfig/rplidar_ros.pc'
[1.227s] Level 1:colcon.colcon_core.environment:checking '/home/moad/VigiWheels/jetsonNano/ros2_ws/install/rplidar_ros/lib/python3.10/site-packages'
[1.228s] Level 1:colcon.colcon_core.environment:checking '/home/moad/VigiWheels/jetsonNano/ros2_ws/install/rplidar_ros/bin'
[1.239s] INFO:colcon.colcon_core.shell:Creating package script '/home/moad/VigiWheels/jetsonNano/ros2_ws/install/rplidar_ros/share/rplidar_ros/package.ps1'
[1.239s] INFO:colcon.colcon_core.shell:Creating package descriptor '/home/moad/VigiWheels/jetsonNano/ros2_ws/install/rplidar_ros/share/rplidar_ros/package.dsv'
[1.240s] INFO:colcon.colcon_core.shell:Creating package script '/home/moad/VigiWheels/jetsonNano/ros2_ws/install/rplidar_ros/share/rplidar_ros/package.sh'
[1.240s] INFO:colcon.colcon_core.shell:Creating package script '/home/moad/VigiWheels/jetsonNano/ros2_ws/install/rplidar_ros/share/rplidar_ros/package.bash'
[1.240s] INFO:colcon.colcon_core.shell:Creating package script '/home/moad/VigiWheels/jetsonNano/ros2_ws/install/rplidar_ros/share/rplidar_ros/package.zsh'
[1.241s] Level 1:colcon.colcon_core.environment:create_file_with_runtime_dependencies(/home/moad/VigiWheels/jetsonNano/ros2_ws/install/rplidar_ros/share/colcon-core/packages/rplidar_ros)
[1.242s] Level 1:colcon.colcon_core.environment:create_environment_scripts_only(usb_cam)
[1.243s] DEBUG:colcon.colcon_core.event_handler.log_command:Invoked command in '/home/moad/VigiWheels/jetsonNano/ros2_ws/build/usb_cam' returned '0': CMAKE_PREFIX_PATH=/home/moad/ros2_ws/install/my_robot_controller:/home/moad/ros2_ws/install/manometer_detection:/opt/ros/humble /usr/bin/cmake --install /home/moad/VigiWheels/jetsonNano/ros2_ws/build/usb_cam
[1.260s] Level 1:colcon.colcon_core.environment:checking '/home/moad/VigiWheels/jetsonNano/ros2_ws/install/usb_cam' for CMake module files
[1.261s] Level 1:colcon.colcon_core.environment:checking '/home/moad/VigiWheels/jetsonNano/ros2_ws/install/usb_cam' for CMake config files
[1.261s] Level 1:colcon.colcon_core.shell:create_environment_hook('usb_cam', 'cmake_prefix_path')
[1.278s] INFO:colcon.colcon_core.shell:Creating environment hook '/home/moad/VigiWheels/jetsonNano/ros2_ws/install/usb_cam/share/usb_cam/hook/cmake_prefix_path.ps1'
[1.279s] INFO:colcon.colcon_core.shell:Creating environment descriptor '/home/moad/VigiWheels/jetsonNano/ros2_ws/install/usb_cam/share/usb_cam/hook/cmake_prefix_path.dsv'
[1.279s] INFO:colcon.colcon_core.shell:Creating environment hook '/home/moad/VigiWheels/jetsonNano/ros2_ws/install/usb_cam/share/usb_cam/hook/cmake_prefix_path.sh'
[1.279s] Level 1:colcon.colcon_core.environment:checking '/home/moad/VigiWheels/jetsonNano/ros2_ws/install/usb_cam/lib'
[1.279s] Level 1:colcon.colcon_core.shell:create_environment_hook('usb_cam', 'ld_library_path_lib')
[1.288s] INFO:colcon.colcon_core.shell:Creating environment hook '/home/moad/VigiWheels/jetsonNano/ros2_ws/install/usb_cam/share/usb_cam/hook/ld_library_path_lib.ps1'
[1.288s] INFO:colcon.colcon_core.shell:Creating environment descriptor '/home/moad/VigiWheels/jetsonNano/ros2_ws/install/usb_cam/share/usb_cam/hook/ld_library_path_lib.dsv'
[1.288s] INFO:colcon.colcon_core.shell:Creating environment hook '/home/moad/VigiWheels/jetsonNano/ros2_ws/install/usb_cam/share/usb_cam/hook/ld_library_path_lib.sh'
[1.288s] Level 1:colcon.colcon_core.environment:checking '/home/moad/VigiWheels/jetsonNano/ros2_ws/install/usb_cam/bin'
[1.289s] Level 1:colcon.colcon_core.environment:checking '/home/moad/VigiWheels/jetsonNano/ros2_ws/install/usb_cam/lib/pkgconfig/usb_cam.pc'
[1.289s] Level 1:colcon.colcon_core.environment:checking '/home/moad/VigiWheels/jetsonNano/ros2_ws/install/usb_cam/lib/python3.10/site-packages'
[1.289s] Level 1:colcon.colcon_core.environment:checking '/home/moad/VigiWheels/jetsonNano/ros2_ws/install/usb_cam/bin'
[1.296s] INFO:colcon.colcon_core.shell:Creating package script '/home/moad/VigiWheels/jetsonNano/ros2_ws/install/usb_cam/share/usb_cam/package.ps1'
[1.296s] INFO:colcon.colcon_core.shell:Creating package descriptor '/home/moad/VigiWheels/jetsonNano/ros2_ws/install/usb_cam/share/usb_cam/package.dsv'
[1.297s] INFO:colcon.colcon_core.shell:Creating package script '/home/moad/VigiWheels/jetsonNano/ros2_ws/install/usb_cam/share/usb_cam/package.sh'
[1.297s] INFO:colcon.colcon_core.shell:Creating package script '/home/moad/VigiWheels/jetsonNano/ros2_ws/install/usb_cam/share/usb_cam/package.bash'
[1.297s] INFO:colcon.colcon_core.shell:Creating package script '/home/moad/VigiWheels/jetsonNano/ros2_ws/install/usb_cam/share/usb_cam/package.zsh'
[1.297s] Level 1:colcon.colcon_core.environment:create_file_with_runtime_dependencies(/home/moad/VigiWheels/jetsonNano/ros2_ws/install/usb_cam/share/colcon-core/packages/usb_cam)
[1.299s] DEBUG:colcon.colcon_core.event_handler.log_command:Invoking command in '/home/moad/VigiWheels/jetsonNano/ros2_ws/build/interfaces': CMAKE_PREFIX_PATH=/home/moad/ros2_ws/install/my_robot_controller:/home/moad/ros2_ws/install/manometer_detection:/opt/ros/humble /usr/bin/cmake --install /home/moad/VigiWheels/jetsonNano/ros2_ws/build/interfaces
[1.310s] Level 1:colcon.colcon_core.environment:create_environment_scripts_only(rplidar_ros)
[1.335s] Level 1:colcon.colcon_core.environment:checking '/home/moad/VigiWheels/jetsonNano/ros2_ws/install/rplidar_ros' for CMake module files
[1.335s] Level 1:colcon.colcon_core.environment:checking '/home/moad/VigiWheels/jetsonNano/ros2_ws/install/rplidar_ros' for CMake config files
[1.336s] Level 1:colcon.colcon_core.shell:create_environment_hook('rplidar_ros', 'cmake_prefix_path')
[1.345s] INFO:colcon.colcon_core.shell:Creating environment hook '/home/moad/VigiWheels/jetsonNano/ros2_ws/install/rplidar_ros/share/rplidar_ros/hook/cmake_prefix_path.ps1'
[1.346s] INFO:colcon.colcon_core.shell:Creating environment descriptor '/home/moad/VigiWheels/jetsonNano/ros2_ws/install/rplidar_ros/share/rplidar_ros/hook/cmake_prefix_path.dsv'
[1.346s] INFO:colcon.colcon_core.shell:Creating environment hook '/home/moad/VigiWheels/jetsonNano/ros2_ws/install/rplidar_ros/share/rplidar_ros/hook/cmake_prefix_path.sh'
[1.346s] Level 1:colcon.colcon_core.environment:checking '/home/moad/VigiWheels/jetsonNano/ros2_ws/install/rplidar_ros/lib'
[1.346s] Level 1:colcon.colcon_core.shell:create_environment_hook('rplidar_ros', 'ld_library_path_lib')
[1.354s] INFO:colcon.colcon_core.shell:Creating environment hook '/home/moad/VigiWheels/jetsonNano/ros2_ws/install/rplidar_ros/share/rplidar_ros/hook/ld_library_path_lib.ps1'
[1.355s] INFO:colcon.colcon_core.shell:Creating environment descriptor '/home/moad/VigiWheels/jetsonNano/ros2_ws/install/rplidar_ros/share/rplidar_ros/hook/ld_library_path_lib.dsv'
[1.355s] INFO:colcon.colcon_core.shell:Creating environment hook '/home/moad/VigiWheels/jetsonNano/ros2_ws/install/rplidar_ros/share/rplidar_ros/hook/ld_library_path_lib.sh'
[1.355s] Level 1:colcon.colcon_core.environment:checking '/home/moad/VigiWheels/jetsonNano/ros2_ws/install/rplidar_ros/bin'
[1.355s] Level 1:colcon.colcon_core.environment:checking '/home/moad/VigiWheels/jetsonNano/ros2_ws/install/rplidar_ros/lib/pkgconfig/rplidar_ros.pc'
[1.356s] Level 1:colcon.colcon_core.environment:checking '/home/moad/VigiWheels/jetsonNano/ros2_ws/install/rplidar_ros/lib/python3.10/site-packages'
[1.356s] Level 1:colcon.colcon_core.environment:checking '/home/moad/VigiWheels/jetsonNano/ros2_ws/install/rplidar_ros/bin'
[1.374s] INFO:colcon.colcon_core.shell:Creating package script '/home/moad/VigiWheels/jetsonNano/ros2_ws/install/rplidar_ros/share/rplidar_ros/package.ps1'
[1.374s] INFO:colcon.colcon_core.shell:Creating package descriptor '/home/moad/VigiWheels/jetsonNano/ros2_ws/install/rplidar_ros/share/rplidar_ros/package.dsv'
[1.374s] INFO:colcon.colcon_core.shell:Creating package script '/home/moad/VigiWheels/jetsonNano/ros2_ws/install/rplidar_ros/share/rplidar_ros/package.sh'
[1.375s] INFO:colcon.colcon_core.shell:Creating package script '/home/moad/VigiWheels/jetsonNano/ros2_ws/install/rplidar_ros/share/rplidar_ros/package.bash'
[1.375s] INFO:colcon.colcon_core.shell:Creating package script '/home/moad/VigiWheels/jetsonNano/ros2_ws/install/rplidar_ros/share/rplidar_ros/package.zsh'
[1.375s] Level 1:colcon.colcon_core.environment:create_file_with_runtime_dependencies(/home/moad/VigiWheels/jetsonNano/ros2_ws/install/rplidar_ros/share/colcon-core/packages/rplidar_ros)
[1.386s] Level 1:colcon.colcon_core.environment:create_environment_scripts_only(usb_cam)
[1.393s] Level 1:colcon.colcon_core.environment:checking '/home/moad/VigiWheels/jetsonNano/ros2_ws/install/usb_cam' for CMake module files
[1.394s] Level 1:colcon.colcon_core.environment:checking '/home/moad/VigiWheels/jetsonNano/ros2_ws/install/usb_cam' for CMake config files
[1.394s] Level 1:colcon.colcon_core.shell:create_environment_hook('usb_cam', 'cmake_prefix_path')
[1.401s] INFO:colcon.colcon_core.shell:Creating environment hook '/home/moad/VigiWheels/jetsonNano/ros2_ws/install/usb_cam/share/usb_cam/hook/cmake_prefix_path.ps1'
[1.401s] INFO:colcon.colcon_core.shell:Creating environment descriptor '/home/moad/VigiWheels/jetsonNano/ros2_ws/install/usb_cam/share/usb_cam/hook/cmake_prefix_path.dsv'
[1.401s] INFO:colcon.colcon_core.shell:Creating environment hook '/home/moad/VigiWheels/jetsonNano/ros2_ws/install/usb_cam/share/usb_cam/hook/cmake_prefix_path.sh'
[1.402s] Level 1:colcon.colcon_core.environment:checking '/home/moad/VigiWheels/jetsonNano/ros2_ws/install/usb_cam/lib'
[1.402s] Level 1:colcon.colcon_core.shell:create_environment_hook('usb_cam', 'ld_library_path_lib')
[1.409s] INFO:colcon.colcon_core.shell:Creating environment hook '/home/moad/VigiWheels/jetsonNano/ros2_ws/install/usb_cam/share/usb_cam/hook/ld_library_path_lib.ps1'
[1.409s] INFO:colcon.colcon_core.shell:Creating environment descriptor '/home/moad/VigiWheels/jetsonNano/ros2_ws/install/usb_cam/share/usb_cam/hook/ld_library_path_lib.dsv'
[1.409s] INFO:colcon.colcon_core.shell:Creating environment hook '/home/moad/VigiWheels/jetsonNano/ros2_ws/install/usb_cam/share/usb_cam/hook/ld_library_path_lib.sh'
[1.409s] Level 1:colcon.colcon_core.environment:checking '/home/moad/VigiWheels/jetsonNano/ros2_ws/install/usb_cam/bin'
[1.409s] Level 1:colcon.colcon_core.environment:checking '/home/moad/VigiWheels/jetsonNano/ros2_ws/install/usb_cam/lib/pkgconfig/usb_cam.pc'
[1.410s] Level 1:colcon.colcon_core.environment:checking '/home/moad/VigiWheels/jetsonNano/ros2_ws/install/usb_cam/lib/python3.10/site-packages'
[1.410s] Level 1:colcon.colcon_core.environment:checking '/home/moad/VigiWheels/jetsonNano/ros2_ws/install/usb_cam/bin'
[1.417s] INFO:colcon.colcon_core.shell:Creating package script '/home/moad/VigiWheels/jetsonNano/ros2_ws/install/usb_cam/share/usb_cam/package.ps1'
[1.417s] INFO:colcon.colcon_core.shell:Creating package descriptor '/home/moad/VigiWheels/jetsonNano/ros2_ws/install/usb_cam/share/usb_cam/package.dsv'
[1.417s] INFO:colcon.colcon_core.shell:Creating package script '/home/moad/VigiWheels/jetsonNano/ros2_ws/install/usb_cam/share/usb_cam/package.sh'
[1.418s] INFO:colcon.colcon_core.shell:Creating package script '/home/moad/VigiWheels/jetsonNano/ros2_ws/install/usb_cam/share/usb_cam/package.bash'
[1.418s] INFO:colcon.colcon_core.shell:Creating package script '/home/moad/VigiWheels/jetsonNano/ros2_ws/install/usb_cam/share/usb_cam/package.zsh'
[1.418s] Level 1:colcon.colcon_core.environment:create_file_with_runtime_dependencies(/home/moad/VigiWheels/jetsonNano/ros2_ws/install/usb_cam/share/colcon-core/packages/usb_cam)
[1.419s] INFO:colcon.colcon_ros.task.ament_cmake.build:Building ROS package in '/home/moad/VigiWheels/jetsonNano/ros2_ws/src/geicar_start_jetson' with build type 'ament_cmake'
[1.420s] INFO:colcon.colcon_cmake.task.cmake.build:Building CMake package in '/home/moad/VigiWheels/jetsonNano/ros2_ws/src/geicar_start_jetson'
[1.421s] DEBUG:colcon.colcon_core.event_handler.log_command:Invoking command in '/home/moad/VigiWheels/jetsonNano/ros2_ws/src/manometer_detection': PYTHONPATH=/home/moad/VigiWheels/jetsonNano/ros2_ws/build/manometer_detection/prefix_override:/home/moad/VigiWheels/jetsonNano/ros2_ws/install/manometer_detection/lib/python3.10/site-packages:${PYTHONPATH} /usr/bin/python3 setup.py egg_info --egg-base ../../build/manometer_detection build --build-base /home/moad/VigiWheels/jetsonNano/ros2_ws/build/manometer_detection/build install --record /home/moad/VigiWheels/jetsonNano/ros2_ws/build/manometer_detection/install.log --single-version-externally-managed
[1.435s] INFO:colcon.colcon_core.shell:Skip shell extension 'powershell' for command environment: Not usable outside of PowerShell
[1.435s] DEBUG:colcon.colcon_core.shell:Skip shell extension 'dsv' for command environment
[1.459s] Level 1:colcon.colcon_core.environment:create_environment_scripts_only(interfaces)
[1.460s] DEBUG:colcon.colcon_core.event_handler.log_command:Invoked command in '/home/moad/VigiWheels/jetsonNano/ros2_ws/build/interfaces' returned '0': CMAKE_PREFIX_PATH=/home/moad/ros2_ws/install/my_robot_controller:/home/moad/ros2_ws/install/manometer_detection:/opt/ros/humble /usr/bin/cmake --install /home/moad/VigiWheels/jetsonNano/ros2_ws/build/interfaces
[1.470s] Level 1:colcon.colcon_core.environment:checking '/home/moad/VigiWheels/jetsonNano/ros2_ws/install/interfaces' for CMake module files
[1.471s] Level 1:colcon.colcon_core.environment:checking '/home/moad/VigiWheels/jetsonNano/ros2_ws/install/interfaces' for CMake config files
[1.471s] Level 1:colcon.colcon_core.shell:create_environment_hook('interfaces', 'cmake_prefix_path')
[1.478s] INFO:colcon.colcon_core.shell:Creating environment hook '/home/moad/VigiWheels/jetsonNano/ros2_ws/install/interfaces/share/interfaces/hook/cmake_prefix_path.ps1'
[1.478s] INFO:colcon.colcon_core.shell:Creating environment descriptor '/home/moad/VigiWheels/jetsonNano/ros2_ws/install/interfaces/share/interfaces/hook/cmake_prefix_path.dsv'
[1.479s] INFO:colcon.colcon_core.shell:Creating environment hook '/home/moad/VigiWheels/jetsonNano/ros2_ws/install/interfaces/share/interfaces/hook/cmake_prefix_path.sh'
[1.479s] Level 1:colcon.colcon_core.environment:checking '/home/moad/VigiWheels/jetsonNano/ros2_ws/install/interfaces/lib'
[1.479s] Level 1:colcon.colcon_core.shell:create_environment_hook('interfaces', 'ld_library_path_lib')
[1.486s] INFO:colcon.colcon_core.shell:Creating environment hook '/home/moad/VigiWheels/jetsonNano/ros2_ws/install/interfaces/share/interfaces/hook/ld_library_path_lib.ps1'
[1.486s] INFO:colcon.colcon_core.shell:Creating environment descriptor '/home/moad/VigiWheels/jetsonNano/ros2_ws/install/interfaces/share/interfaces/hook/ld_library_path_lib.dsv'
[1.486s] INFO:colcon.colcon_core.shell:Creating environment hook '/home/moad/VigiWheels/jetsonNano/ros2_ws/install/interfaces/share/interfaces/hook/ld_library_path_lib.sh'
[1.487s] Level 1:colcon.colcon_core.environment:checking '/home/moad/VigiWheels/jetsonNano/ros2_ws/install/interfaces/bin'
[1.487s] Level 1:colcon.colcon_core.environment:checking '/home/moad/VigiWheels/jetsonNano/ros2_ws/install/interfaces/lib/pkgconfig/interfaces.pc'
[1.487s] Level 1:colcon.colcon_core.environment:checking '/home/moad/VigiWheels/jetsonNano/ros2_ws/install/interfaces/lib/python3.10/site-packages'
[1.487s] Level 1:colcon.colcon_core.environment:checking '/home/moad/VigiWheels/jetsonNano/ros2_ws/install/interfaces/bin'
[1.494s] INFO:colcon.colcon_core.shell:Creating package script '/home/moad/VigiWheels/jetsonNano/ros2_ws/install/interfaces/share/interfaces/package.ps1'
[1.494s] INFO:colcon.colcon_core.shell:Creating package descriptor '/home/moad/VigiWheels/jetsonNano/ros2_ws/install/interfaces/share/interfaces/package.dsv'
[1.495s] INFO:colcon.colcon_core.shell:Creating package script '/home/moad/VigiWheels/jetsonNano/ros2_ws/install/interfaces/share/interfaces/package.sh'
[1.495s] INFO:colcon.colcon_core.shell:Creating package script '/home/moad/VigiWheels/jetsonNano/ros2_ws/install/interfaces/share/interfaces/package.bash'
[1.495s] INFO:colcon.colcon_core.shell:Creating package script '/home/moad/VigiWheels/jetsonNano/ros2_ws/install/interfaces/share/interfaces/package.zsh'
[1.495s] Level 1:colcon.colcon_core.environment:create_file_with_runtime_dependencies(/home/moad/VigiWheels/jetsonNano/ros2_ws/install/interfaces/share/colcon-core/packages/interfaces)
[1.499s] DEBUG:colcon.colcon_core.event_handler.log_command:Invoking command in '/home/moad/VigiWheels/jetsonNano/ros2_ws/build/geicar_start_jetson': AMENT_PREFIX_PATH=/home/moad/VigiWheels/jetsonNano/ros2_ws/install/usb_cam:/home/moad/VigiWheels/jetsonNano/ros2_ws/install/rplidar_ros:${AMENT_PREFIX_PATH} CMAKE_PREFIX_PATH=/home/moad/VigiWheels/jetsonNano/ros2_ws/install/usb_cam:/home/moad/VigiWheels/jetsonNano/ros2_ws/install/rplidar_ros:/home/moad/ros2_ws/install/my_robot_controller:/home/moad/ros2_ws/install/manometer_detection:/opt/ros/humble LD_LIBRARY_PATH=/home/moad/VigiWheels/jetsonNano/ros2_ws/install/usb_cam/lib:/home/moad/VigiWheels/jetsonNano/ros2_ws/install/rplidar_ros/lib:${LD_LIBRARY_PATH} /usr/bin/cmake --build /home/moad/VigiWheels/jetsonNano/ros2_ws/build/geicar_start_jetson -- -j12 -l12
[1.520s] DEBUG:colcon.colcon_core.event_handler.log_command:Invoked command in '/home/moad/VigiWheels/jetsonNano/ros2_ws/build/geicar_start_jetson' returned '0': AMENT_PREFIX_PATH=/home/moad/VigiWheels/jetsonNano/ros2_ws/install/usb_cam:/home/moad/VigiWheels/jetsonNano/ros2_ws/install/rplidar_ros:${AMENT_PREFIX_PATH} CMAKE_PREFIX_PATH=/home/moad/VigiWheels/jetsonNano/ros2_ws/install/usb_cam:/home/moad/VigiWheels/jetsonNano/ros2_ws/install/rplidar_ros:/home/moad/ros2_ws/install/my_robot_controller:/home/moad/ros2_ws/install/manometer_detection:/opt/ros/humble LD_LIBRARY_PATH=/home/moad/VigiWheels/jetsonNano/ros2_ws/install/usb_cam/lib:/home/moad/VigiWheels/jetsonNano/ros2_ws/install/rplidar_ros/lib:${LD_LIBRARY_PATH} /usr/bin/cmake --build /home/moad/VigiWheels/jetsonNano/ros2_ws/build/geicar_start_jetson -- -j12 -l12
[1.541s] DEBUG:colcon.colcon_core.event_handler.log_command:Invoking command in '/home/moad/VigiWheels/jetsonNano/ros2_ws/build/geicar_start_jetson': AMENT_PREFIX_PATH=/home/moad/VigiWheels/jetsonNano/ros2_ws/install/usb_cam:/home/moad/VigiWheels/jetsonNano/ros2_ws/install/rplidar_ros:${AMENT_PREFIX_PATH} CMAKE_PREFIX_PATH=/home/moad/VigiWheels/jetsonNano/ros2_ws/install/usb_cam:/home/moad/VigiWheels/jetsonNano/ros2_ws/install/rplidar_ros:/home/moad/ros2_ws/install/my_robot_controller:/home/moad/ros2_ws/install/manometer_detection:/opt/ros/humble LD_LIBRARY_PATH=/home/moad/VigiWheels/jetsonNano/ros2_ws/install/usb_cam/lib:/home/moad/VigiWheels/jetsonNano/ros2_ws/install/rplidar_ros/lib:${LD_LIBRARY_PATH} /usr/bin/cmake --install /home/moad/VigiWheels/jetsonNano/ros2_ws/build/geicar_start_jetson
[1.547s] Level 1:colcon.colcon_core.environment:create_environment_scripts_only(geicar_start_jetson)
[1.548s] DEBUG:colcon.colcon_core.event_handler.log_command:Invoked command in '/home/moad/VigiWheels/jetsonNano/ros2_ws/build/geicar_start_jetson' returned '0': AMENT_PREFIX_PATH=/home/moad/VigiWheels/jetsonNano/ros2_ws/install/usb_cam:/home/moad/VigiWheels/jetsonNano/ros2_ws/install/rplidar_ros:${AMENT_PREFIX_PATH} CMAKE_PREFIX_PATH=/home/moad/VigiWheels/jetsonNano/ros2_ws/install/usb_cam:/home/moad/VigiWheels/jetsonNano/ros2_ws/install/rplidar_ros:/home/moad/ros2_ws/install/my_robot_controller:/home/moad/ros2_ws/install/manometer_detection:/opt/ros/humble LD_LIBRARY_PATH=/home/moad/VigiWheels/jetsonNano/ros2_ws/install/usb_cam/lib:/home/moad/VigiWheels/jetsonNano/ros2_ws/install/rplidar_ros/lib:${LD_LIBRARY_PATH} /usr/bin/cmake --install /home/moad/VigiWheels/jetsonNano/ros2_ws/build/geicar_start_jetson
[1.565s] Level 1:colcon.colcon_core.environment:checking '/home/moad/VigiWheels/jetsonNano/ros2_ws/install/geicar_start_jetson' for CMake module files
[1.566s] Level 1:colcon.colcon_core.environment:checking '/home/moad/VigiWheels/jetsonNano/ros2_ws/install/geicar_start_jetson' for CMake config files
[1.566s] Level 1:colcon.colcon_core.shell:create_environment_hook('geicar_start_jetson', 'cmake_prefix_path')
[1.586s] INFO:colcon.colcon_core.shell:Creating environment hook '/home/moad/VigiWheels/jetsonNano/ros2_ws/install/geicar_start_jetson/share/geicar_start_jetson/hook/cmake_prefix_path.ps1'
[1.586s] INFO:colcon.colcon_core.shell:Creating environment descriptor '/home/moad/VigiWheels/jetsonNano/ros2_ws/install/geicar_start_jetson/share/geicar_start_jetson/hook/cmake_prefix_path.dsv'
[1.586s] INFO:colcon.colcon_core.shell:Creating environment hook '/home/moad/VigiWheels/jetsonNano/ros2_ws/install/geicar_start_jetson/share/geicar_start_jetson/hook/cmake_prefix_path.sh'
[1.587s] Level 1:colcon.colcon_core.environment:checking '/home/moad/VigiWheels/jetsonNano/ros2_ws/install/geicar_start_jetson/bin'
[1.587s] Level 1:colcon.colcon_core.environment:checking '/home/moad/VigiWheels/jetsonNano/ros2_ws/install/geicar_start_jetson/lib/pkgconfig/geicar_start_jetson.pc'
[1.587s] Level 1:colcon.colcon_core.environment:checking '/home/moad/VigiWheels/jetsonNano/ros2_ws/install/geicar_start_jetson/lib/python3.10/site-packages'
[1.588s] Level 1:colcon.colcon_core.environment:checking '/home/moad/VigiWheels/jetsonNano/ros2_ws/install/geicar_start_jetson/bin'
[1.603s] INFO:colcon.colcon_core.shell:Creating package script '/home/moad/VigiWheels/jetsonNano/ros2_ws/install/geicar_start_jetson/share/geicar_start_jetson/package.ps1'
[1.603s] INFO:colcon.colcon_core.shell:Creating package descriptor '/home/moad/VigiWheels/jetsonNano/ros2_ws/install/geicar_start_jetson/share/geicar_start_jetson/package.dsv'
[1.604s] INFO:colcon.colcon_core.shell:Creating package script '/home/moad/VigiWheels/jetsonNano/ros2_ws/install/geicar_start_jetson/share/geicar_start_jetson/package.sh'
[1.604s] INFO:colcon.colcon_core.shell:Creating package script '/home/moad/VigiWheels/jetsonNano/ros2_ws/install/geicar_start_jetson/share/geicar_start_jetson/package.bash'
[1.604s] INFO:colcon.colcon_core.shell:Creating package script '/home/moad/VigiWheels/jetsonNano/ros2_ws/install/geicar_start_jetson/share/geicar_start_jetson/package.zsh'
[1.604s] Level 1:colcon.colcon_core.environment:create_file_with_runtime_dependencies(/home/moad/VigiWheels/jetsonNano/ros2_ws/install/geicar_start_jetson/share/colcon-core/packages/geicar_start_jetson)
[1.613s] Level 1:colcon.colcon_core.environment:create_environment_scripts_only(interfaces)
[1.620s] Level 1:colcon.colcon_core.environment:checking '/home/moad/VigiWheels/jetsonNano/ros2_ws/install/interfaces' for CMake module files
[1.621s] Level 1:colcon.colcon_core.environment:checking '/home/moad/VigiWheels/jetsonNano/ros2_ws/install/interfaces' for CMake config files
[1.621s] Level 1:colcon.colcon_core.shell:create_environment_hook('interfaces', 'cmake_prefix_path')
[1.628s] INFO:colcon.colcon_core.shell:Creating environment hook '/home/moad/VigiWheels/jetsonNano/ros2_ws/install/interfaces/share/interfaces/hook/cmake_prefix_path.ps1'
[1.629s] INFO:colcon.colcon_core.shell:Creating environment descriptor '/home/moad/VigiWheels/jetsonNano/ros2_ws/install/interfaces/share/interfaces/hook/cmake_prefix_path.dsv'
[1.629s] INFO:colcon.colcon_core.shell:Creating environment hook '/home/moad/VigiWheels/jetsonNano/ros2_ws/install/interfaces/share/interfaces/hook/cmake_prefix_path.sh'
[1.629s] Level 1:colcon.colcon_core.environment:checking '/home/moad/VigiWheels/jetsonNano/ros2_ws/install/interfaces/lib'
[1.629s] Level 1:colcon.colcon_core.shell:create_environment_hook('interfaces', 'ld_library_path_lib')
[1.639s] INFO:colcon.colcon_core.shell:Creating environment hook '/home/moad/VigiWheels/jetsonNano/ros2_ws/install/interfaces/share/interfaces/hook/ld_library_path_lib.ps1'
[1.639s] INFO:colcon.colcon_core.shell:Creating environment descriptor '/home/moad/VigiWheels/jetsonNano/ros2_ws/install/interfaces/share/interfaces/hook/ld_library_path_lib.dsv'
[1.639s] INFO:colcon.colcon_core.shell:Creating environment hook '/home/moad/VigiWheels/jetsonNano/ros2_ws/install/interfaces/share/interfaces/hook/ld_library_path_lib.sh'
[1.640s] Level 1:colcon.colcon_core.environment:checking '/home/moad/VigiWheels/jetsonNano/ros2_ws/install/interfaces/bin'
[1.640s] Level 1:colcon.colcon_core.environment:checking '/home/moad/VigiWheels/jetsonNano/ros2_ws/install/interfaces/lib/pkgconfig/interfaces.pc'
[1.640s] Level 1:colcon.colcon_core.environment:checking '/home/moad/VigiWheels/jetsonNano/ros2_ws/install/interfaces/lib/python3.10/site-packages'
[1.640s] Level 1:colcon.colcon_core.environment:checking '/home/moad/VigiWheels/jetsonNano/ros2_ws/install/interfaces/bin'
[1.647s] INFO:colcon.colcon_core.shell:Creating package script '/home/moad/VigiWheels/jetsonNano/ros2_ws/install/interfaces/share/interfaces/package.ps1'
[1.648s] INFO:colcon.colcon_core.shell:Creating package descriptor '/home/moad/VigiWheels/jetsonNano/ros2_ws/install/interfaces/share/interfaces/package.dsv'
[1.648s] INFO:colcon.colcon_core.shell:Creating package script '/home/moad/VigiWheels/jetsonNano/ros2_ws/install/interfaces/share/interfaces/package.sh'
[1.648s] INFO:colcon.colcon_core.shell:Creating package script '/home/moad/VigiWheels/jetsonNano/ros2_ws/install/interfaces/share/interfaces/package.bash'
[1.648s] INFO:colcon.colcon_core.shell:Creating package script '/home/moad/VigiWheels/jetsonNano/ros2_ws/install/interfaces/share/interfaces/package.zsh'
[1.648s] Level 1:colcon.colcon_core.environment:create_file_with_runtime_dependencies(/home/moad/VigiWheels/jetsonNano/ros2_ws/install/interfaces/share/colcon-core/packages/interfaces)
[1.649s] INFO:colcon.colcon_ros.task.ament_cmake.build:Building ROS package in '/home/moad/VigiWheels/jetsonNano/ros2_ws/src/system_check_ack' with build type 'ament_cmake'
[1.649s] INFO:colcon.colcon_cmake.task.cmake.build:Building CMake package in '/home/moad/VigiWheels/jetsonNano/ros2_ws/src/system_check_ack'
[1.667s] INFO:colcon.colcon_core.shell:Skip shell extension 'powershell' for command environment: Not usable outside of PowerShell
[1.667s] DEBUG:colcon.colcon_core.shell:Skip shell extension 'dsv' for command environment
[1.695s] DEBUG:colcon.colcon_core.event_handler.log_command:Invoked command in '/home/moad/VigiWheels/jetsonNano/ros2_ws/src/manometer_detection' returned '0': PYTHONPATH=/home/moad/VigiWheels/jetsonNano/ros2_ws/build/manometer_detection/prefix_override:/home/moad/VigiWheels/jetsonNano/ros2_ws/install/manometer_detection/lib/python3.10/site-packages:${PYTHONPATH} /usr/bin/python3 setup.py egg_info --egg-base ../../build/manometer_detection build --build-base /home/moad/VigiWheels/jetsonNano/ros2_ws/build/manometer_detection/build install --record /home/moad/VigiWheels/jetsonNano/ros2_ws/build/manometer_detection/install.log --single-version-externally-managed
[1.702s] Level 1:colcon.colcon_core.environment:checking '/home/moad/VigiWheels/jetsonNano/ros2_ws/install/manometer_detection' for CMake module files
[1.702s] Level 1:colcon.colcon_core.environment:checking '/home/moad/VigiWheels/jetsonNano/ros2_ws/install/manometer_detection' for CMake config files
[1.702s] Level 1:colcon.colcon_core.environment:checking '/home/moad/VigiWheels/jetsonNano/ros2_ws/install/manometer_detection/lib'
[1.702s] Level 1:colcon.colcon_core.environment:checking '/home/moad/VigiWheels/jetsonNano/ros2_ws/install/manometer_detection/bin'
[1.703s] Level 1:colcon.colcon_core.environment:checking '/home/moad/VigiWheels/jetsonNano/ros2_ws/install/manometer_detection/lib/pkgconfig/manometer_detection.pc'
[1.703s] Level 1:colcon.colcon_core.environment:checking '/home/moad/VigiWheels/jetsonNano/ros2_ws/install/manometer_detection/lib/python3.10/site-packages'
[1.703s] Level 1:colcon.colcon_core.shell:create_environment_hook('manometer_detection', 'pythonpath')
[1.710s] INFO:colcon.colcon_core.shell:Creating environment hook '/home/moad/VigiWheels/jetsonNano/ros2_ws/install/manometer_detection/share/manometer_detection/hook/pythonpath.ps1'
[1.710s] INFO:colcon.colcon_core.shell:Creating environment descriptor '/home/moad/VigiWheels/jetsonNano/ros2_ws/install/manometer_detection/share/manometer_detection/hook/pythonpath.dsv'
[1.710s] INFO:colcon.colcon_core.shell:Creating environment hook '/home/moad/VigiWheels/jetsonNano/ros2_ws/install/manometer_detection/share/manometer_detection/hook/pythonpath.sh'
[1.711s] Level 1:colcon.colcon_core.environment:checking '/home/moad/VigiWheels/jetsonNano/ros2_ws/install/manometer_detection/bin'
[1.711s] Level 1:colcon.colcon_core.environment:create_environment_scripts_only(manometer_detection)
[1.718s] INFO:colcon.colcon_core.shell:Creating package script '/home/moad/VigiWheels/jetsonNano/ros2_ws/install/manometer_detection/share/manometer_detection/package.ps1'
[1.718s] INFO:colcon.colcon_core.shell:Creating package descriptor '/home/moad/VigiWheels/jetsonNano/ros2_ws/install/manometer_detection/share/manometer_detection/package.dsv'
[1.718s] INFO:colcon.colcon_core.shell:Creating package script '/home/moad/VigiWheels/jetsonNano/ros2_ws/install/manometer_detection/share/manometer_detection/package.sh'
[1.718s] INFO:colcon.colcon_core.shell:Creating package script '/home/moad/VigiWheels/jetsonNano/ros2_ws/install/manometer_detection/share/manometer_detection/package.bash'
[1.718s] INFO:colcon.colcon_core.shell:Creating package script '/home/moad/VigiWheels/jetsonNano/ros2_ws/install/manometer_detection/share/manometer_detection/package.zsh'
[1.719s] Level 1:colcon.colcon_core.environment:create_file_with_runtime_dependencies(/home/moad/VigiWheels/jetsonNano/ros2_ws/install/manometer_detection/share/colcon-core/packages/manometer_detection)
[1.727s] Level 1:colcon.colcon_core.environment:create_environment_scripts_only(geicar_start_jetson)
[1.734s] Level 1:colcon.colcon_core.environment:checking '/home/moad/VigiWheels/jetsonNano/ros2_ws/install/geicar_start_jetson' for CMake module files
[1.735s] Level 1:colcon.colcon_core.environment:checking '/home/moad/VigiWheels/jetsonNano/ros2_ws/install/geicar_start_jetson' for CMake config files
[1.735s] Level 1:colcon.colcon_core.shell:create_environment_hook('geicar_start_jetson', 'cmake_prefix_path')
[1.742s] INFO:colcon.colcon_core.shell:Creating environment hook '/home/moad/VigiWheels/jetsonNano/ros2_ws/install/geicar_start_jetson/share/geicar_start_jetson/hook/cmake_prefix_path.ps1'
[1.742s] INFO:colcon.colcon_core.shell:Creating environment descriptor '/home/moad/VigiWheels/jetsonNano/ros2_ws/install/geicar_start_jetson/share/geicar_start_jetson/hook/cmake_prefix_path.dsv'
[1.742s] INFO:colcon.colcon_core.shell:Creating environment hook '/home/moad/VigiWheels/jetsonNano/ros2_ws/install/geicar_start_jetson/share/geicar_start_jetson/hook/cmake_prefix_path.sh'
[1.743s] Level 1:colcon.colcon_core.environment:checking '/home/moad/VigiWheels/jetsonNano/ros2_ws/install/geicar_start_jetson/bin'
[1.743s] Level 1:colcon.colcon_core.environment:checking '/home/moad/VigiWheels/jetsonNano/ros2_ws/install/geicar_start_jetson/lib/pkgconfig/geicar_start_jetson.pc'
[1.743s] Level 1:colcon.colcon_core.environment:checking '/home/moad/VigiWheels/jetsonNano/ros2_ws/install/geicar_start_jetson/lib/python3.10/site-packages'
[1.743s] Level 1:colcon.colcon_core.environment:checking '/home/moad/VigiWheels/jetsonNano/ros2_ws/install/geicar_start_jetson/bin'
[1.750s] INFO:colcon.colcon_core.shell:Creating package script '/home/moad/VigiWheels/jetsonNano/ros2_ws/install/geicar_start_jetson/share/geicar_start_jetson/package.ps1'
[1.750s] INFO:colcon.colcon_core.shell:Creating package descriptor '/home/moad/VigiWheels/jetsonNano/ros2_ws/install/geicar_start_jetson/share/geicar_start_jetson/package.dsv'
[1.751s] INFO:colcon.colcon_core.shell:Creating package script '/home/moad/VigiWheels/jetsonNano/ros2_ws/install/geicar_start_jetson/share/geicar_start_jetson/package.sh'
[1.751s] INFO:colcon.colcon_core.shell:Creating package script '/home/moad/VigiWheels/jetsonNano/ros2_ws/install/geicar_start_jetson/share/geicar_start_jetson/package.bash'
[1.751s] INFO:colcon.colcon_core.shell:Creating package script '/home/moad/VigiWheels/jetsonNano/ros2_ws/install/geicar_start_jetson/share/geicar_start_jetson/package.zsh'
[1.751s] Level 1:colcon.colcon_core.environment:create_file_with_runtime_dependencies(/home/moad/VigiWheels/jetsonNano/ros2_ws/install/geicar_start_jetson/share/colcon-core/packages/geicar_start_jetson)
[1.754s] DEBUG:colcon.colcon_core.event_handler.log_command:Invoking command in '/home/moad/VigiWheels/jetsonNano/ros2_ws/build/system_check_ack': AMENT_PREFIX_PATH=/home/moad/VigiWheels/jetsonNano/ros2_ws/install/interfaces:${AMENT_PREFIX_PATH} CMAKE_PREFIX_PATH=/home/moad/VigiWheels/jetsonNano/ros2_ws/install/interfaces:/home/moad/ros2_ws/install/my_robot_controller:/home/moad/ros2_ws/install/manometer_detection:/opt/ros/humble LD_LIBRARY_PATH=/home/moad/VigiWheels/jetsonNano/ros2_ws/install/interfaces/lib:${LD_LIBRARY_PATH} PYTHONPATH=/home/moad/VigiWheels/jetsonNano/ros2_ws/install/interfaces/local/lib/python3.10/dist-packages:${PYTHONPATH} /usr/bin/cmake --build /home/moad/VigiWheels/jetsonNano/ros2_ws/build/system_check_ack -- -j12 -l12
[1.793s] DEBUG:colcon.colcon_core.event_handler.log_command:Invoked command in '/home/moad/VigiWheels/jetsonNano/ros2_ws/build/system_check_ack' returned '0': AMENT_PREFIX_PATH=/home/moad/VigiWheels/jetsonNano/ros2_ws/install/interfaces:${AMENT_PREFIX_PATH} CMAKE_PREFIX_PATH=/home/moad/VigiWheels/jetsonNano/ros2_ws/install/interfaces:/home/moad/ros2_ws/install/my_robot_controller:/home/moad/ros2_ws/install/manometer_detection:/opt/ros/humble LD_LIBRARY_PATH=/home/moad/VigiWheels/jetsonNano/ros2_ws/install/interfaces/lib:${LD_LIBRARY_PATH} PYTHONPATH=/home/moad/VigiWheels/jetsonNano/ros2_ws/install/interfaces/local/lib/python3.10/dist-packages:${PYTHONPATH} /usr/bin/cmake --build /home/moad/VigiWheels/jetsonNano/ros2_ws/build/system_check_ack -- -j12 -l12
[1.810s] DEBUG:colcon.colcon_core.event_handler.log_command:Invoking command in '/home/moad/VigiWheels/jetsonNano/ros2_ws/build/system_check_ack': AMENT_PREFIX_PATH=/home/moad/VigiWheels/jetsonNano/ros2_ws/install/interfaces:${AMENT_PREFIX_PATH} CMAKE_PREFIX_PATH=/home/moad/VigiWheels/jetsonNano/ros2_ws/install/interfaces:/home/moad/ros2_ws/install/my_robot_controller:/home/moad/ros2_ws/install/manometer_detection:/opt/ros/humble LD_LIBRARY_PATH=/home/moad/VigiWheels/jetsonNano/ros2_ws/install/interfaces/lib:${LD_LIBRARY_PATH} PYTHONPATH=/home/moad/VigiWheels/jetsonNano/ros2_ws/install/interfaces/local/lib/python3.10/dist-packages:${PYTHONPATH} /usr/bin/cmake --install /home/moad/VigiWheels/jetsonNano/ros2_ws/build/system_check_ack
[1.816s] Level 1:colcon.colcon_core.environment:create_environment_scripts_only(system_check_ack)
[1.816s] DEBUG:colcon.colcon_core.event_handler.log_command:Invoked command in '/home/moad/VigiWheels/jetsonNano/ros2_ws/build/system_check_ack' returned '0': AMENT_PREFIX_PATH=/home/moad/VigiWheels/jetsonNano/ros2_ws/install/interfaces:${AMENT_PREFIX_PATH} CMAKE_PREFIX_PATH=/home/moad/VigiWheels/jetsonNano/ros2_ws/install/interfaces:/home/moad/ros2_ws/install/my_robot_controller:/home/moad/ros2_ws/install/manometer_detection:/opt/ros/humble LD_LIBRARY_PATH=/home/moad/VigiWheels/jetsonNano/ros2_ws/install/interfaces/lib:${LD_LIBRARY_PATH} PYTHONPATH=/home/moad/VigiWheels/jetsonNano/ros2_ws/install/interfaces/local/lib/python3.10/dist-packages:${PYTHONPATH} /usr/bin/cmake --install /home/moad/VigiWheels/jetsonNano/ros2_ws/build/system_check_ack
[1.824s] Level 1:colcon.colcon_core.environment:checking '/home/moad/VigiWheels/jetsonNano/ros2_ws/install/system_check_ack' for CMake module files
[1.825s] Level 1:colcon.colcon_core.environment:checking '/home/moad/VigiWheels/jetsonNano/ros2_ws/install/system_check_ack' for CMake config files
[1.825s] Level 1:colcon.colcon_core.shell:create_environment_hook('system_check_ack', 'cmake_prefix_path')
[1.832s] INFO:colcon.colcon_core.shell:Creating environment hook '/home/moad/VigiWheels/jetsonNano/ros2_ws/install/system_check_ack/share/system_check_ack/hook/cmake_prefix_path.ps1'
[1.832s] INFO:colcon.colcon_core.shell:Creating environment descriptor '/home/moad/VigiWheels/jetsonNano/ros2_ws/install/system_check_ack/share/system_check_ack/hook/cmake_prefix_path.dsv'
[1.832s] INFO:colcon.colcon_core.shell:Creating environment hook '/home/moad/VigiWheels/jetsonNano/ros2_ws/install/system_check_ack/share/system_check_ack/hook/cmake_prefix_path.sh'
[1.833s] Level 1:colcon.colcon_core.environment:checking '/home/moad/VigiWheels/jetsonNano/ros2_ws/install/system_check_ack/lib'
[1.833s] Level 1:colcon.colcon_core.environment:checking '/home/moad/VigiWheels/jetsonNano/ros2_ws/install/system_check_ack/bin'
[1.833s] Level 1:colcon.colcon_core.environment:checking '/home/moad/VigiWheels/jetsonNano/ros2_ws/install/system_check_ack/lib/pkgconfig/system_check_ack.pc'
[1.833s] Level 1:colcon.colcon_core.environment:checking '/home/moad/VigiWheels/jetsonNano/ros2_ws/install/system_check_ack/lib/python3.10/site-packages'
[1.833s] Level 1:colcon.colcon_core.environment:checking '/home/moad/VigiWheels/jetsonNano/ros2_ws/install/system_check_ack/bin'
[1.840s] INFO:colcon.colcon_core.shell:Creating package script '/home/moad/VigiWheels/jetsonNano/ros2_ws/install/system_check_ack/share/system_check_ack/package.ps1'
[1.840s] INFO:colcon.colcon_core.shell:Creating package descriptor '/home/moad/VigiWheels/jetsonNano/ros2_ws/install/system_check_ack/share/system_check_ack/package.dsv'
[1.841s] INFO:colcon.colcon_core.shell:Creating package script '/home/moad/VigiWheels/jetsonNano/ros2_ws/install/system_check_ack/share/system_check_ack/package.sh'
[1.841s] INFO:colcon.colcon_core.shell:Creating package script '/home/moad/VigiWheels/jetsonNano/ros2_ws/install/system_check_ack/share/system_check_ack/package.bash'
[1.841s] INFO:colcon.colcon_core.shell:Creating package script '/home/moad/VigiWheels/jetsonNano/ros2_ws/install/system_check_ack/share/system_check_ack/package.zsh'
[1.841s] Level 1:colcon.colcon_core.environment:create_file_with_runtime_dependencies(/home/moad/VigiWheels/jetsonNano/ros2_ws/install/system_check_ack/share/colcon-core/packages/system_check_ack)
[1.864s] Level 1:colcon.colcon_core.environment:create_environment_scripts_only(system_check_ack)
[1.871s] Level 1:colcon.colcon_core.environment:checking '/home/moad/VigiWheels/jetsonNano/ros2_ws/install/system_check_ack' for CMake module files
[1.871s] Level 1:colcon.colcon_core.environment:checking '/home/moad/VigiWheels/jetsonNano/ros2_ws/install/system_check_ack' for CMake config files
[1.871s] Level 1:colcon.colcon_core.shell:create_environment_hook('system_check_ack', 'cmake_prefix_path')
[1.878s] INFO:colcon.colcon_core.shell:Creating environment hook '/home/moad/VigiWheels/jetsonNano/ros2_ws/install/system_check_ack/share/system_check_ack/hook/cmake_prefix_path.ps1'
[1.879s] INFO:colcon.colcon_core.shell:Creating environment descriptor '/home/moad/VigiWheels/jetsonNano/ros2_ws/install/system_check_ack/share/system_check_ack/hook/cmake_prefix_path.dsv'
[1.879s] INFO:colcon.colcon_core.shell:Creating environment hook '/home/moad/VigiWheels/jetsonNano/ros2_ws/install/system_check_ack/share/system_check_ack/hook/cmake_prefix_path.sh'
[1.879s] Level 1:colcon.colcon_core.environment:checking '/home/moad/VigiWheels/jetsonNano/ros2_ws/install/system_check_ack/lib'
[1.879s] Level 1:colcon.colcon_core.environment:checking '/home/moad/VigiWheels/jetsonNano/ros2_ws/install/system_check_ack/bin'
[1.879s] Level 1:colcon.colcon_core.environment:checking '/home/moad/VigiWheels/jetsonNano/ros2_ws/install/system_check_ack/lib/pkgconfig/system_check_ack.pc'
[1.879s] Level 1:colcon.colcon_core.environment:checking '/home/moad/VigiWheels/jetsonNano/ros2_ws/install/system_check_ack/lib/python3.10/site-packages'
[1.879s] Level 1:colcon.colcon_core.environment:checking '/home/moad/VigiWheels/jetsonNano/ros2_ws/install/system_check_ack/bin'
[1.886s] INFO:colcon.colcon_core.shell:Creating package script '/home/moad/VigiWheels/jetsonNano/ros2_ws/install/system_check_ack/share/system_check_ack/package.ps1'
[1.887s] INFO:colcon.colcon_core.shell:Creating package descriptor '/home/moad/VigiWheels/jetsonNano/ros2_ws/install/system_check_ack/share/system_check_ack/package.dsv'
[1.887s] INFO:colcon.colcon_core.shell:Creating package script '/home/moad/VigiWheels/jetsonNano/ros2_ws/install/system_check_ack/share/system_check_ack/package.sh'
[1.887s] INFO:colcon.colcon_core.shell:Creating package script '/home/moad/VigiWheels/jetsonNano/ros2_ws/install/system_check_ack/share/system_check_ack/package.bash'
[1.887s] INFO:colcon.colcon_core.shell:Creating package script '/home/moad/VigiWheels/jetsonNano/ros2_ws/install/system_check_ack/share/system_check_ack/package.zsh'
[1.888s] Level 1:colcon.colcon_core.environment:create_file_with_runtime_dependencies(/home/moad/VigiWheels/jetsonNano/ros2_ws/install/system_check_ack/share/colcon-core/packages/system_check_ack)
[1.888s] DEBUG:colcon.colcon_parallel_executor.executor.parallel:closing loop
[1.888s] DEBUG:colcon.colcon_parallel_executor.executor.parallel:loop closed
[1.888s] DEBUG:colcon.colcon_parallel_executor.executor.parallel:run_until_complete finished with '0'
[1.888s] DEBUG:colcon.colcon_core.event_reactor:joining thread
[1.898s] INFO:colcon.colcon_core.plugin_system:Skipping extension 'colcon_notification.desktop_notification.terminal_notifier': Not used on non-Darwin systems
[1.898s] INFO:colcon.colcon_core.plugin_system:Skipping extension 'colcon_notification.desktop_notification.win32': Not used on non-Windows systems
[1.898s] INFO:colcon.colcon_notification.desktop_notification:Sending desktop notification using 'notify2'
[1.908s] DEBUG:colcon.colcon_core.event_reactor:joined thread
[1.915s] INFO:colcon.colcon_core.shell:Creating prefix script '/home/moad/VigiWheels/jetsonNano/ros2_ws/install/local_setup.ps1'
[1.916s] INFO:colcon.colcon_core.shell:Creating prefix util module '/home/moad/VigiWheels/jetsonNano/ros2_ws/install/_local_setup_util_ps1.py'
[1.917s] INFO:colcon.colcon_core.shell:Creating prefix chain script '/home/moad/VigiWheels/jetsonNano/ros2_ws/install/setup.ps1'
[1.925s] INFO:colcon.colcon_core.shell:Creating prefix script '/home/moad/VigiWheels/jetsonNano/ros2_ws/install/local_setup.sh'
[1.925s] INFO:colcon.colcon_core.shell:Creating prefix util module '/home/moad/VigiWheels/jetsonNano/ros2_ws/install/_local_setup_util_sh.py'
[1.926s] INFO:colcon.colcon_core.shell:Creating prefix chain script '/home/moad/VigiWheels/jetsonNano/ros2_ws/install/setup.sh'
[1.933s] INFO:colcon.colcon_core.shell:Creating prefix script '/home/moad/VigiWheels/jetsonNano/ros2_ws/install/local_setup.bash'
[1.934s] INFO:colcon.colcon_core.shell:Creating prefix chain script '/home/moad/VigiWheels/jetsonNano/ros2_ws/install/setup.bash'
[1.941s] INFO:colcon.colcon_core.shell:Creating prefix script '/home/moad/VigiWheels/jetsonNano/ros2_ws/install/local_setup.zsh'
[1.942s] INFO:colcon.colcon_core.shell:Creating prefix chain script '/home/moad/VigiWheels/jetsonNano/ros2_ws/install/setup.zsh'
