[0.277s] Invoking command in '/home/insa/Desktop/VigiWheels2.0/raspberryPI3/build/interfaces': CMAKE_PREFIX_PATH=${CMAKE_PREFIX_PATH}:/opt/ros/humble /usr/bin/cmake /home/insa/Desktop/VigiWheels2.0/raspberryPI3/ros2_ws/src/interfaces -DCMAKE_INSTALL_PREFIX=/home/insa/Desktop/VigiWheels2.0/raspberryPI3/install/interfaces
[0.363s] -- The C compiler identification is GNU 11.4.0
[0.460s] -- The CXX compiler identification is GNU 11.4.0
[0.468s] -- Detecting C compiler ABI info
[0.531s] -- Detecting C compiler ABI info - done
[0.542s] -- Check for working C compiler: /usr/bin/cc - skipped
[0.542s] -- Detecting C compile features
[0.542s] -- Detecting C compile features - done
[0.545s] -- Detecting CXX compiler ABI info
[0.605s] -- Detecting CXX compiler ABI info - done
[0.615s] -- Check for working CXX compiler: /usr/bin/c++ - skipped
[0.615s] -- Detecting CXX compile features
[0.616s] -- Detecting CXX compile features - done
[0.620s] -- Found ament_cmake: 1.3.5 (/opt/ros/humble/share/ament_cmake/cmake)
[0.796s] -- Found Python3: /usr/bin/python3.10 (found version "3.10.12") found components: Interpreter 
[0.913s] -- Found rclcpp: 16.0.6 (/opt/ros/humble/share/rclcpp/cmake)
[0.969s] -- Found rosidl_generator_c: 3.1.5 (/opt/ros/humble/share/rosidl_generator_c/cmake)
[0.981s] -- Found rosidl_adapter: 3.1.5 (/opt/ros/humble/share/rosidl_adapter/cmake)
[1.016s] -- Found rosidl_generator_cpp: 3.1.5 (/opt/ros/humble/share/rosidl_generator_cpp/cmake)
[1.039s] -- Using all available rosidl_typesupport_c: rosidl_typesupport_fastrtps_c;rosidl_typesupport_introspection_c
[1.071s] -- Using all available rosidl_typesupport_cpp: rosidl_typesupport_fastrtps_cpp;rosidl_typesupport_introspection_cpp
[1.180s] -- Found rmw_implementation_cmake: 6.1.1 (/opt/ros/humble/share/rmw_implementation_cmake/cmake)
[1.186s] -- Found rmw_fastrtps_cpp: 6.2.4 (/opt/ros/humble/share/rmw_fastrtps_cpp/cmake)
[1.303s] -- Found OpenSSL: /usr/lib/x86_64-linux-gnu/libcrypto.so (found version "3.0.2")  
[1.328s] -- Found FastRTPS: /opt/ros/humble/include  
[1.386s] -- Using RMW implementation 'rmw_fastrtps_cpp' as default
[1.404s] -- Looking for pthread.h
[1.463s] -- Looking for pthread.h - found
[1.463s] -- Performing Test CMAKE_HAVE_LIBC_PTHREAD
[1.521s] -- Performing Test CMAKE_HAVE_LIBC_PTHREAD - Success
[1.523s] -- Found Threads: TRUE  
[1.721s] -- Found rosidl_default_generators: 1.2.0 (/opt/ros/humble/share/rosidl_default_generators/cmake)
[1.991s] -- Found ament_cmake_ros: 0.10.0 (/opt/ros/humble/share/ament_cmake_ros/cmake)
[2.289s] -- Using all available rosidl_typesupport_c: rosidl_typesupport_fastrtps_c;rosidl_typesupport_introspection_c
[2.420s] -- Using all available rosidl_typesupport_cpp: rosidl_typesupport_fastrtps_cpp;rosidl_typesupport_introspection_cpp
[2.451s] -- Found PythonInterp: /usr/bin/python3 (found suitable version "3.10.12", minimum required is "3.6") 
[2.455s] -- Found python_cmake_module: 0.10.0 (/opt/ros/humble/share/python_cmake_module/cmake)
[2.499s] -- Found PythonLibs: /usr/lib/x86_64-linux-gnu/libpython3.10.so (found suitable version "3.10.12", minimum required is "3.5") 
[2.499s] -- Using PYTHON_EXECUTABLE: /usr/bin/python3
[2.500s] -- Using PYTHON_INCLUDE_DIRS: /usr/include/python3.10
[2.500s] -- Using PYTHON_LIBRARIES: /usr/lib/x86_64-linux-gnu/libpython3.10.so
[2.537s] -- Found PythonExtra: .so  
[2.633s] -- Configuring done
[2.691s] -- Generating done
[2.694s] -- Build files have been written to: /home/insa/Desktop/VigiWheels2.0/raspberryPI3/build/interfaces
[2.717s] Invoked command in '/home/insa/Desktop/VigiWheels2.0/raspberryPI3/build/interfaces' returned '0': CMAKE_PREFIX_PATH=${CMAKE_PREFIX_PATH}:/opt/ros/humble /usr/bin/cmake /home/insa/Desktop/VigiWheels2.0/raspberryPI3/ros2_ws/src/interfaces -DCMAKE_INSTALL_PREFIX=/home/insa/Desktop/VigiWheels2.0/raspberryPI3/install/interfaces
[2.718s] Invoking command in '/home/insa/Desktop/VigiWheels2.0/raspberryPI3/build/interfaces': CMAKE_PREFIX_PATH=${CMAKE_PREFIX_PATH}:/opt/ros/humble /usr/bin/cmake --build /home/insa/Desktop/VigiWheels2.0/raspberryPI3/build/interfaces -- -j8 -l8
[2.836s] [  1%] [34m[1mGenerating C code for ROS interfaces[0m
[2.854s] [  1%] [34m[1mGenerating C++ code for ROS interfaces[0m
[2.951s] [  1%] Built target ament_cmake_python_copy_interfaces
[3.506s] running egg_info
[3.507s] creating interfaces.egg-info
[3.507s] writing interfaces.egg-info/PKG-INFO
[3.507s] writing dependency_links to interfaces.egg-info/dependency_links.txt
[3.508s] writing top-level names to interfaces.egg-info/top_level.txt
[3.508s] writing manifest file 'interfaces.egg-info/SOURCES.txt'
[3.512s] reading manifest file 'interfaces.egg-info/SOURCES.txt'
[3.512s] writing manifest file 'interfaces.egg-info/SOURCES.txt'
[3.598s] [  1%] Built target ament_cmake_python_build_interfaces_egg
[6.800s] [  1%] Built target interfaces__cpp
[6.843s] [  2%] [34m[1mGenerating C++ type support dispatch for ROS interfaces[0m
[6.878s] [  3%] [34m[1mGenerating C++ type support for eProsima Fast-RTPS[0m
[6.937s] [  3%] [34m[1mGenerating C++ introspection for ROS interfaces[0m
[7.656s] [  3%] [32mBuilding C object CMakeFiles/interfaces__rosidl_generator_c.dir/rosidl_generator_c/interfaces/msg/detail/joystick_order__functions.c.o[0m
[7.664s] [  4%] [32mBuilding C object CMakeFiles/interfaces__rosidl_generator_c.dir/rosidl_generator_c/interfaces/msg/detail/motors_order__functions.c.o[0m
[7.687s] [  5%] [32mBuilding C object CMakeFiles/interfaces__rosidl_generator_c.dir/rosidl_generator_c/interfaces/msg/detail/motors_feedback__functions.c.o[0m
[7.691s] [  5%] [32mBuilding C object CMakeFiles/interfaces__rosidl_generator_c.dir/rosidl_generator_c/interfaces/msg/detail/general_data__functions.c.o[0m
[7.715s] [  6%] [32mBuilding C object CMakeFiles/interfaces__rosidl_generator_c.dir/rosidl_generator_c/interfaces/msg/detail/steering_calibration__functions.c.o[0m
[7.835s] [  7%] [32mBuilding C object CMakeFiles/interfaces__rosidl_generator_c.dir/rosidl_generator_c/interfaces/msg/detail/ultrasonic__functions.c.o[0m
[7.850s] [  8%] [32mBuilding C object CMakeFiles/interfaces__rosidl_generator_c.dir/rosidl_generator_c/interfaces/msg/detail/system_check__functions.c.o[0m
[7.859s] [  8%] [32mBuilding C object CMakeFiles/interfaces__rosidl_generator_c.dir/rosidl_generator_c/interfaces/msg/detail/gnss__functions.c.o[0m
[7.860s] [  9%] [32mBuilding C object CMakeFiles/interfaces__rosidl_generator_c.dir/rosidl_generator_c/interfaces/msg/detail/manometer_info__functions.c.o[0m
[7.908s] [ 10%] [32mBuilding C object CMakeFiles/interfaces__rosidl_generator_c.dir/rosidl_generator_c/interfaces/msg/detail/obstacles_order__functions.c.o[0m
[8.010s] [ 10%] [32mBuilding C object CMakeFiles/interfaces__rosidl_generator_c.dir/rosidl_generator_c/interfaces/msg/detail/servo_cam_order__functions.c.o[0m
[8.023s] [ 11%] [32mBuilding C object CMakeFiles/interfaces__rosidl_generator_c.dir/rosidl_generator_c/interfaces/msg/detail/cam_pos_order__functions.c.o[0m
[8.040s] [ 12%] [32mBuilding C object CMakeFiles/interfaces__rosidl_generator_c.dir/rosidl_generator_c/interfaces/msg/detail/fire_sensor__functions.c.o[0m
[8.077s] [ 12%] [32mBuilding C object CMakeFiles/interfaces__rosidl_generator_c.dir/rosidl_generator_c/interfaces/msg/detail/emergency_alert_fire__functions.c.o[0m
[8.169s] [ 13%] [32mBuilding C object CMakeFiles/interfaces__rosidl_generator_c.dir/rosidl_generator_c/interfaces/msg/detail/pressure_level__functions.c.o[0m
[8.393s] [ 14%] [32m[1mLinking C shared library libinterfaces__rosidl_generator_c.so[0m
[8.591s] [ 14%] Built target interfaces__rosidl_generator_c
[8.672s] [ 15%] [34m[1mGenerating C introspection for ROS interfaces[0m
[8.675s] [ 17%] [34m[1mGenerating C type support for eProsima Fast-RTPS[0m
[8.681s] [ 16%] [34m[1mGenerating C type support dispatch for ROS interfaces[0m
[9.125s] [ 18%] [32mBuilding CXX object CMakeFiles/interfaces__rosidl_typesupport_cpp.dir/rosidl_typesupport_cpp/interfaces/msg/joystick_order__type_support.cpp.o[0m
[9.156s] [ 18%] [32mBuilding CXX object CMakeFiles/interfaces__rosidl_typesupport_cpp.dir/rosidl_typesupport_cpp/interfaces/msg/motors_order__type_support.cpp.o[0m
[9.180s] [ 19%] [32mBuilding CXX object CMakeFiles/interfaces__rosidl_typesupport_cpp.dir/rosidl_typesupport_cpp/interfaces/msg/motors_feedback__type_support.cpp.o[0m
[9.913s] [ 20%] [32mBuilding CXX object CMakeFiles/interfaces__rosidl_typesupport_cpp.dir/rosidl_typesupport_cpp/interfaces/msg/general_data__type_support.cpp.o[0m
[10.027s] [ 20%] [32mBuilding CXX object CMakeFiles/interfaces__rosidl_typesupport_cpp.dir/rosidl_typesupport_cpp/interfaces/msg/steering_calibration__type_support.cpp.o[0m
[10.053s] [ 21%] [32mBuilding CXX object CMakeFiles/interfaces__rosidl_typesupport_cpp.dir/rosidl_typesupport_cpp/interfaces/msg/ultrasonic__type_support.cpp.o[0m
[10.402s] [ 22%] [32mBuilding CXX object CMakeFiles/interfaces__rosidl_typesupport_cpp.dir/rosidl_typesupport_cpp/interfaces/msg/gnss__type_support.cpp.o[0m
[10.695s] [ 23%] [32mBuilding CXX object CMakeFiles/interfaces__rosidl_typesupport_cpp.dir/rosidl_typesupport_cpp/interfaces/msg/system_check__type_support.cpp.o[0m
[11.053s] [ 23%] [32mBuilding CXX object CMakeFiles/interfaces__rosidl_typesupport_cpp.dir/rosidl_typesupport_cpp/interfaces/msg/manometer_info__type_support.cpp.o[0m
[11.224s] [ 24%] [32mBuilding CXX object CMakeFiles/interfaces__rosidl_typesupport_cpp.dir/rosidl_typesupport_cpp/interfaces/msg/obstacles_order__type_support.cpp.o[0m
[11.422s] [ 25%] [32mBuilding CXX object CMakeFiles/interfaces__rosidl_typesupport_cpp.dir/rosidl_typesupport_cpp/interfaces/msg/servo_cam_order__type_support.cpp.o[0m
[11.837s] [ 25%] [32mBuilding CXX object CMakeFiles/interfaces__rosidl_typesupport_cpp.dir/rosidl_typesupport_cpp/interfaces/msg/cam_pos_order__type_support.cpp.o[0m
[12.042s] [ 26%] [32mBuilding CXX object CMakeFiles/interfaces__rosidl_typesupport_cpp.dir/rosidl_typesupport_cpp/interfaces/msg/fire_sensor__type_support.cpp.o[0m
[12.335s] [ 26%] [32mBuilding CXX object CMakeFiles/interfaces__rosidl_typesupport_c.dir/rosidl_typesupport_c/interfaces/msg/joystick_order__type_support.cpp.o[0m
[12.465s] [ 27%] [32mBuilding CXX object CMakeFiles/interfaces__rosidl_typesupport_cpp.dir/rosidl_typesupport_cpp/interfaces/msg/emergency_alert_fire__type_support.cpp.o[0m
[12.482s] [ 28%] [32mBuilding CXX object CMakeFiles/interfaces__rosidl_typesupport_c.dir/rosidl_typesupport_c/interfaces/msg/motors_order__type_support.cpp.o[0m
[12.541s] [ 28%] [32mBuilding CXX object CMakeFiles/interfaces__rosidl_typesupport_cpp.dir/rosidl_typesupport_cpp/interfaces/msg/pressure_level__type_support.cpp.o[0m
[12.582s] [ 29%] [32mBuilding CXX object CMakeFiles/interfaces__rosidl_typesupport_fastrtps_cpp.dir/rosidl_typesupport_fastrtps_cpp/interfaces/msg/detail/dds_fastrtps/joystick_order__type_support.cpp.o[0m
[12.627s] [ 30%] [32mBuilding CXX object CMakeFiles/interfaces__rosidl_typesupport_introspection_cpp.dir/rosidl_typesupport_introspection_cpp/interfaces/msg/detail/joystick_order__type_support.cpp.o[0m
[12.642s] [ 31%] [32mBuilding CXX object CMakeFiles/interfaces__rosidl_typesupport_c.dir/rosidl_typesupport_c/interfaces/msg/motors_feedback__type_support.cpp.o[0m
[12.659s] [ 32%] [32mBuilding CXX object CMakeFiles/interfaces__rosidl_typesupport_fastrtps_cpp.dir/rosidl_typesupport_fastrtps_cpp/interfaces/msg/detail/dds_fastrtps/motors_order__type_support.cpp.o[0m
[12.802s] [ 32%] [32mBuilding CXX object CMakeFiles/interfaces__rosidl_typesupport_c.dir/rosidl_typesupport_c/interfaces/msg/general_data__type_support.cpp.o[0m
[12.957s] [ 33%] [32mBuilding CXX object CMakeFiles/interfaces__rosidl_typesupport_c.dir/rosidl_typesupport_c/interfaces/msg/steering_calibration__type_support.cpp.o[0m
[13.016s] [ 34%] [32mBuilding CXX object CMakeFiles/interfaces__rosidl_typesupport_c.dir/rosidl_typesupport_c/interfaces/msg/ultrasonic__type_support.cpp.o[0m
[13.040s] [ 35%] [32m[1mLinking CXX shared library libinterfaces__rosidl_typesupport_cpp.so[0m
[13.083s] [ 36%] [32mBuilding CXX object CMakeFiles/interfaces__rosidl_typesupport_c.dir/rosidl_typesupport_c/interfaces/msg/gnss__type_support.cpp.o[0m
[13.146s] [ 36%] [32mBuilding CXX object CMakeFiles/interfaces__rosidl_typesupport_fastrtps_cpp.dir/rosidl_typesupport_fastrtps_cpp/interfaces/msg/detail/dds_fastrtps/motors_feedback__type_support.cpp.o[0m
[13.163s] [ 36%] Built target interfaces__rosidl_typesupport_cpp
[13.184s] [ 37%] [32mBuilding CXX object CMakeFiles/interfaces__rosidl_typesupport_fastrtps_cpp.dir/rosidl_typesupport_fastrtps_cpp/interfaces/msg/detail/dds_fastrtps/general_data__type_support.cpp.o[0m
[13.205s] [ 37%] [32mBuilding CXX object CMakeFiles/interfaces__rosidl_typesupport_c.dir/rosidl_typesupport_c/interfaces/msg/system_check__type_support.cpp.o[0m
[13.381s] [ 38%] [32mBuilding CXX object CMakeFiles/interfaces__rosidl_typesupport_c.dir/rosidl_typesupport_c/interfaces/msg/manometer_info__type_support.cpp.o[0m
[13.429s] [ 39%] [32mBuilding C object CMakeFiles/interfaces__rosidl_typesupport_introspection_c.dir/rosidl_typesupport_introspection_c/interfaces/msg/detail/joystick_order__type_support.c.o[0m
[13.472s] [ 40%] [32mBuilding CXX object CMakeFiles/interfaces__rosidl_typesupport_introspection_cpp.dir/rosidl_typesupport_introspection_cpp/interfaces/msg/detail/motors_order__type_support.cpp.o[0m
[13.520s] [ 41%] [32mBuilding CXX object CMakeFiles/interfaces__rosidl_typesupport_c.dir/rosidl_typesupport_c/interfaces/msg/obstacles_order__type_support.cpp.o[0m
[13.561s] [ 41%] [32mBuilding C object CMakeFiles/interfaces__rosidl_typesupport_introspection_c.dir/rosidl_typesupport_introspection_c/interfaces/msg/detail/motors_order__type_support.c.o[0m
[13.578s] [ 41%] [32mBuilding CXX object CMakeFiles/interfaces__rosidl_typesupport_introspection_cpp.dir/rosidl_typesupport_introspection_cpp/interfaces/msg/detail/motors_feedback__type_support.cpp.o[0m
[13.597s] [ 41%] [32mBuilding CXX object CMakeFiles/interfaces__rosidl_typesupport_c.dir/rosidl_typesupport_c/interfaces/msg/servo_cam_order__type_support.cpp.o[0m
[13.710s] [ 42%] [32mBuilding C object CMakeFiles/interfaces__rosidl_typesupport_introspection_c.dir/rosidl_typesupport_introspection_c/interfaces/msg/detail/motors_feedback__type_support.c.o[0m
[13.745s] [ 43%] [32mBuilding CXX object CMakeFiles/interfaces__rosidl_typesupport_c.dir/rosidl_typesupport_c/interfaces/msg/cam_pos_order__type_support.cpp.o[0m
[13.831s] [ 44%] [32mBuilding C object CMakeFiles/interfaces__rosidl_typesupport_introspection_c.dir/rosidl_typesupport_introspection_c/interfaces/msg/detail/steering_calibration__type_support.c.o[0m
[13.854s] [ 45%] [32mBuilding C object CMakeFiles/interfaces__rosidl_typesupport_introspection_c.dir/rosidl_typesupport_introspection_c/interfaces/msg/detail/general_data__type_support.c.o[0m
[13.854s] [ 46%] [32mBuilding CXX object CMakeFiles/interfaces__rosidl_typesupport_introspection_cpp.dir/rosidl_typesupport_introspection_cpp/interfaces/msg/detail/general_data__type_support.cpp.o[0m
[13.862s] [ 47%] [32mBuilding CXX object CMakeFiles/interfaces__rosidl_typesupport_c.dir/rosidl_typesupport_c/interfaces/msg/fire_sensor__type_support.cpp.o[0m
[14.001s] [ 47%] [32mBuilding C object CMakeFiles/interfaces__rosidl_typesupport_introspection_c.dir/rosidl_typesupport_introspection_c/interfaces/msg/detail/ultrasonic__type_support.c.o[0m
[14.007s] [ 48%] [32mBuilding CXX object CMakeFiles/interfaces__rosidl_typesupport_introspection_cpp.dir/rosidl_typesupport_introspection_cpp/interfaces/msg/detail/steering_calibration__type_support.cpp.o[0m
[14.028s] [ 48%] [32mBuilding CXX object CMakeFiles/interfaces__rosidl_typesupport_c.dir/rosidl_typesupport_c/interfaces/msg/emergency_alert_fire__type_support.cpp.o[0m
[14.142s] [ 49%] [32mBuilding C object CMakeFiles/interfaces__rosidl_typesupport_introspection_c.dir/rosidl_typesupport_introspection_c/interfaces/msg/detail/gnss__type_support.c.o[0m
[14.192s] [ 50%] [32mBuilding CXX object CMakeFiles/interfaces__rosidl_typesupport_c.dir/rosidl_typesupport_c/interfaces/msg/pressure_level__type_support.cpp.o[0m
[14.303s] [ 51%] [32mBuilding C object CMakeFiles/interfaces__rosidl_typesupport_introspection_c.dir/rosidl_typesupport_introspection_c/interfaces/msg/detail/system_check__type_support.c.o[0m
[14.369s] [ 52%] [32mBuilding CXX object CMakeFiles/interfaces__rosidl_typesupport_introspection_cpp.dir/rosidl_typesupport_introspection_cpp/interfaces/msg/detail/ultrasonic__type_support.cpp.o[0m
[14.374s] [ 53%] [32m[1mLinking CXX shared library libinterfaces__rosidl_typesupport_c.so[0m
[14.390s] [ 54%] [32mBuilding CXX object CMakeFiles/interfaces__rosidl_typesupport_fastrtps_cpp.dir/rosidl_typesupport_fastrtps_cpp/interfaces/msg/detail/dds_fastrtps/steering_calibration__type_support.cpp.o[0m
[14.446s] [ 54%] [32mBuilding CXX object CMakeFiles/interfaces__rosidl_typesupport_fastrtps_cpp.dir/rosidl_typesupport_fastrtps_cpp/interfaces/msg/detail/dds_fastrtps/ultrasonic__type_support.cpp.o[0m
[14.492s] [ 54%] [32mBuilding C object CMakeFiles/interfaces__rosidl_typesupport_introspection_c.dir/rosidl_typesupport_introspection_c/interfaces/msg/detail/manometer_info__type_support.c.o[0m
[14.529s] [ 55%] [32mBuilding CXX object CMakeFiles/interfaces__rosidl_typesupport_fastrtps_c.dir/rosidl_typesupport_fastrtps_c/interfaces/msg/detail/joystick_order__type_support_c.cpp.o[0m
[14.566s] [ 55%] Built target interfaces__rosidl_typesupport_c
[14.625s] [ 56%] [32mBuilding C object CMakeFiles/interfaces__rosidl_typesupport_introspection_c.dir/rosidl_typesupport_introspection_c/interfaces/msg/detail/obstacles_order__type_support.c.o[0m
[14.678s] [ 56%] [32mBuilding CXX object CMakeFiles/interfaces__rosidl_typesupport_fastrtps_c.dir/rosidl_typesupport_fastrtps_c/interfaces/msg/detail/motors_order__type_support_c.cpp.o[0m
[14.800s] [ 57%] [32mBuilding C object CMakeFiles/interfaces__rosidl_typesupport_introspection_c.dir/rosidl_typesupport_introspection_c/interfaces/msg/detail/servo_cam_order__type_support.c.o[0m
[14.992s] [ 57%] [32mBuilding C object CMakeFiles/interfaces__rosidl_typesupport_introspection_c.dir/rosidl_typesupport_introspection_c/interfaces/msg/detail/cam_pos_order__type_support.c.o[0m
[15.060s] [ 57%] [32mBuilding CXX object CMakeFiles/interfaces__rosidl_typesupport_introspection_cpp.dir/rosidl_typesupport_introspection_cpp/interfaces/msg/detail/gnss__type_support.cpp.o[0m
[15.172s] [ 58%] [32mBuilding C object CMakeFiles/interfaces__rosidl_typesupport_introspection_c.dir/rosidl_typesupport_introspection_c/interfaces/msg/detail/fire_sensor__type_support.c.o[0m
[15.264s] [ 59%] [32mBuilding CXX object CMakeFiles/interfaces__rosidl_typesupport_fastrtps_cpp.dir/rosidl_typesupport_fastrtps_cpp/interfaces/msg/detail/dds_fastrtps/gnss__type_support.cpp.o[0m
[15.357s] [ 60%] [32mBuilding C object CMakeFiles/interfaces__rosidl_typesupport_introspection_c.dir/rosidl_typesupport_introspection_c/interfaces/msg/detail/emergency_alert_fire__type_support.c.o[0m
[15.421s] [ 61%] [32mBuilding CXX object CMakeFiles/interfaces__rosidl_typesupport_fastrtps_c.dir/rosidl_typesupport_fastrtps_c/interfaces/msg/detail/motors_feedback__type_support_c.cpp.o[0m
[15.533s] [ 62%] [32mBuilding CXX object CMakeFiles/interfaces__rosidl_typesupport_fastrtps_c.dir/rosidl_typesupport_fastrtps_c/interfaces/msg/detail/general_data__type_support_c.cpp.o[0m
[15.533s] [ 63%] [32mBuilding C object CMakeFiles/interfaces__rosidl_typesupport_introspection_c.dir/rosidl_typesupport_introspection_c/interfaces/msg/detail/pressure_level__type_support.c.o[0m
[15.633s] [ 63%] [32mBuilding CXX object CMakeFiles/interfaces__rosidl_typesupport_fastrtps_c.dir/rosidl_typesupport_fastrtps_c/interfaces/msg/detail/steering_calibration__type_support_c.cpp.o[0m
[15.633s] [ 64%] [32mBuilding CXX object CMakeFiles/interfaces__rosidl_typesupport_fastrtps_c.dir/rosidl_typesupport_fastrtps_c/interfaces/msg/detail/ultrasonic__type_support_c.cpp.o[0m
[15.634s] [ 65%] [32mBuilding CXX object CMakeFiles/interfaces__rosidl_typesupport_fastrtps_c.dir/rosidl_typesupport_fastrtps_c/interfaces/msg/detail/gnss__type_support_c.cpp.o[0m
[15.737s] [ 65%] [32m[1mLinking C shared library libinterfaces__rosidl_typesupport_introspection_c.so[0m
[15.875s] [ 65%] Built target interfaces__rosidl_typesupport_introspection_c
[15.889s] [ 65%] [32mBuilding CXX object CMakeFiles/interfaces__rosidl_typesupport_fastrtps_c.dir/rosidl_typesupport_fastrtps_c/interfaces/msg/detail/system_check__type_support_c.cpp.o[0m
[16.066s] [ 66%] [32mBuilding CXX object CMakeFiles/interfaces__rosidl_typesupport_fastrtps_cpp.dir/rosidl_typesupport_fastrtps_cpp/interfaces/msg/detail/dds_fastrtps/system_check__type_support.cpp.o[0m
[16.351s] [ 67%] [32mBuilding CXX object CMakeFiles/interfaces__rosidl_typesupport_introspection_cpp.dir/rosidl_typesupport_introspection_cpp/interfaces/msg/detail/system_check__type_support.cpp.o[0m
[16.380s] [ 68%] [32mBuilding CXX object CMakeFiles/interfaces__rosidl_typesupport_introspection_cpp.dir/rosidl_typesupport_introspection_cpp/interfaces/msg/detail/manometer_info__type_support.cpp.o[0m
[16.553s] [ 69%] [32mBuilding CXX object CMakeFiles/interfaces__rosidl_typesupport_fastrtps_c.dir/rosidl_typesupport_fastrtps_c/interfaces/msg/detail/manometer_info__type_support_c.cpp.o[0m
[16.733s] [ 70%] [32mBuilding CXX object CMakeFiles/interfaces__rosidl_typesupport_fastrtps_c.dir/rosidl_typesupport_fastrtps_c/interfaces/msg/detail/obstacles_order__type_support_c.cpp.o[0m
[16.764s] [ 71%] [32mBuilding CXX object CMakeFiles/interfaces__rosidl_typesupport_fastrtps_c.dir/rosidl_typesupport_fastrtps_c/interfaces/msg/detail/servo_cam_order__type_support_c.cpp.o[0m
[16.805s] [ 71%] [32mBuilding CXX object CMakeFiles/interfaces__rosidl_typesupport_fastrtps_cpp.dir/rosidl_typesupport_fastrtps_cpp/interfaces/msg/detail/dds_fastrtps/manometer_info__type_support.cpp.o[0m
[16.823s] [ 71%] [32mBuilding CXX object CMakeFiles/interfaces__rosidl_typesupport_fastrtps_c.dir/rosidl_typesupport_fastrtps_c/interfaces/msg/detail/cam_pos_order__type_support_c.cpp.o[0m
[17.153s] [ 72%] [32mBuilding CXX object CMakeFiles/interfaces__rosidl_typesupport_fastrtps_cpp.dir/rosidl_typesupport_fastrtps_cpp/interfaces/msg/detail/dds_fastrtps/obstacles_order__type_support.cpp.o[0m
[17.169s] [ 72%] [32mBuilding CXX object CMakeFiles/interfaces__rosidl_typesupport_introspection_cpp.dir/rosidl_typesupport_introspection_cpp/interfaces/msg/detail/obstacles_order__type_support.cpp.o[0m
[17.413s] [ 73%] [32mBuilding CXX object CMakeFiles/interfaces__rosidl_typesupport_introspection_cpp.dir/rosidl_typesupport_introspection_cpp/interfaces/msg/detail/servo_cam_order__type_support.cpp.o[0m
[17.602s] [ 74%] [32mBuilding CXX object CMakeFiles/interfaces__rosidl_typesupport_fastrtps_c.dir/rosidl_typesupport_fastrtps_c/interfaces/msg/detail/fire_sensor__type_support_c.cpp.o[0m
[17.670s] [ 75%] [32mBuilding CXX object CMakeFiles/interfaces__rosidl_typesupport_introspection_cpp.dir/rosidl_typesupport_introspection_cpp/interfaces/msg/detail/cam_pos_order__type_support.cpp.o[0m
[17.828s] [ 76%] [32mBuilding CXX object CMakeFiles/interfaces__rosidl_typesupport_fastrtps_c.dir/rosidl_typesupport_fastrtps_c/interfaces/msg/detail/emergency_alert_fire__type_support_c.cpp.o[0m
[17.880s] [ 77%] [32mBuilding CXX object CMakeFiles/interfaces__rosidl_typesupport_fastrtps_cpp.dir/rosidl_typesupport_fastrtps_cpp/interfaces/msg/detail/dds_fastrtps/servo_cam_order__type_support.cpp.o[0m
[17.901s] [ 77%] [32mBuilding CXX object CMakeFiles/interfaces__rosidl_typesupport_introspection_cpp.dir/rosidl_typesupport_introspection_cpp/interfaces/msg/detail/fire_sensor__type_support.cpp.o[0m
[17.901s] [ 77%] [32mBuilding CXX object CMakeFiles/interfaces__rosidl_typesupport_fastrtps_c.dir/rosidl_typesupport_fastrtps_c/interfaces/msg/detail/pressure_level__type_support_c.cpp.o[0m
[18.256s] [ 78%] [32mBuilding CXX object CMakeFiles/interfaces__rosidl_typesupport_introspection_cpp.dir/rosidl_typesupport_introspection_cpp/interfaces/msg/detail/emergency_alert_fire__type_support.cpp.o[0m
[18.417s] [ 79%] [32mBuilding CXX object CMakeFiles/interfaces__rosidl_typesupport_fastrtps_cpp.dir/rosidl_typesupport_fastrtps_cpp/interfaces/msg/detail/dds_fastrtps/cam_pos_order__type_support.cpp.o[0m
[18.511s] [ 80%] [32mBuilding CXX object CMakeFiles/interfaces__rosidl_typesupport_introspection_cpp.dir/rosidl_typesupport_introspection_cpp/interfaces/msg/detail/pressure_level__type_support.cpp.o[0m
[18.661s] [ 80%] [32mBuilding CXX object CMakeFiles/interfaces__rosidl_typesupport_fastrtps_cpp.dir/rosidl_typesupport_fastrtps_cpp/interfaces/msg/detail/dds_fastrtps/fire_sensor__type_support.cpp.o[0m
[18.922s] [ 81%] [32m[1mLinking CXX shared library libinterfaces__rosidl_typesupport_fastrtps_c.so[0m
[18.929s] [ 82%] [32mBuilding CXX object CMakeFiles/interfaces__rosidl_typesupport_fastrtps_cpp.dir/rosidl_typesupport_fastrtps_cpp/interfaces/msg/detail/dds_fastrtps/emergency_alert_fire__type_support.cpp.o[0m
[18.938s] [ 83%] [32mBuilding CXX object CMakeFiles/interfaces__rosidl_typesupport_fastrtps_cpp.dir/rosidl_typesupport_fastrtps_cpp/interfaces/msg/detail/dds_fastrtps/pressure_level__type_support.cpp.o[0m
[19.205s] [ 83%] Built target interfaces__rosidl_typesupport_fastrtps_c
[19.703s] [ 84%] [32m[1mLinking CXX shared library libinterfaces__rosidl_typesupport_introspection_cpp.so[0m
[19.769s] [ 84%] [32m[1mLinking CXX shared library libinterfaces__rosidl_typesupport_fastrtps_cpp.so[0m
[19.809s] [ 84%] Built target interfaces__rosidl_typesupport_introspection_cpp
[19.860s] [ 84%] Built target interfaces__rosidl_typesupport_fastrtps_cpp
[19.884s] [ 84%] Built target interfaces
[19.907s] [ 85%] [34m[1mGenerating Python code for ROS interfaces[0m
[22.835s] [ 85%] Built target interfaces__py
[22.862s] [ 86%] [32mBuilding C object CMakeFiles/interfaces__rosidl_generator_py.dir/rosidl_generator_py/interfaces/msg/_motors_order_s.c.o[0m
[22.863s] [ 86%] [32mBuilding C object CMakeFiles/interfaces__rosidl_generator_py.dir/rosidl_generator_py/interfaces/msg/_joystick_order_s.c.o[0m
[22.866s] [ 87%] [32mBuilding C object CMakeFiles/interfaces__rosidl_generator_py.dir/rosidl_generator_py/interfaces/msg/_general_data_s.c.o[0m
[22.872s] [ 88%] [32mBuilding C object CMakeFiles/interfaces__rosidl_generator_py.dir/rosidl_generator_py/interfaces/msg/_motors_feedback_s.c.o[0m
[22.883s] [ 88%] [32mBuilding C object CMakeFiles/interfaces__rosidl_generator_py.dir/rosidl_generator_py/interfaces/msg/_steering_calibration_s.c.o[0m
[22.945s] [ 89%] [32mBuilding C object CMakeFiles/interfaces__rosidl_generator_py.dir/rosidl_generator_py/interfaces/msg/_ultrasonic_s.c.o[0m
[22.952s] [ 90%] [32mBuilding C object CMakeFiles/interfaces__rosidl_generator_py.dir/rosidl_generator_py/interfaces/msg/_gnss_s.c.o[0m
[22.983s] [ 90%] [32mBuilding C object CMakeFiles/interfaces__rosidl_generator_py.dir/rosidl_generator_py/interfaces/msg/_system_check_s.c.o[0m
[23.088s] [ 91%] [32mBuilding C object CMakeFiles/interfaces__rosidl_generator_py.dir/rosidl_generator_py/interfaces/msg/_manometer_info_s.c.o[0m
[23.092s] [ 92%] [32mBuilding C object CMakeFiles/interfaces__rosidl_generator_py.dir/rosidl_generator_py/interfaces/msg/_obstacles_order_s.c.o[0m
[23.172s] [ 92%] [32mBuilding C object CMakeFiles/interfaces__rosidl_generator_py.dir/rosidl_generator_py/interfaces/msg/_servo_cam_order_s.c.o[0m
[23.203s] [ 93%] [32mBuilding C object CMakeFiles/interfaces__rosidl_generator_py.dir/rosidl_generator_py/interfaces/msg/_cam_pos_order_s.c.o[0m
[23.229s] [ 94%] [32mBuilding C object CMakeFiles/interfaces__rosidl_generator_py.dir/rosidl_generator_py/interfaces/msg/_fire_sensor_s.c.o[0m
[23.281s] [ 95%] [32mBuilding C object CMakeFiles/interfaces__rosidl_generator_py.dir/rosidl_generator_py/interfaces/msg/_emergency_alert_fire_s.c.o[0m
[23.309s] [ 95%] [32mBuilding C object CMakeFiles/interfaces__rosidl_generator_py.dir/rosidl_generator_py/interfaces/msg/_pressure_level_s.c.o[0m
[23.502s] [ 96%] [32m[1mLinking C shared library rosidl_generator_py/interfaces/libinterfaces__rosidl_generator_py.so[0m
[23.545s] [ 96%] Built target interfaces__rosidl_generator_py
[23.577s] [ 98%] [32mBuilding C object CMakeFiles/interfaces__rosidl_typesupport_introspection_c__pyext.dir/rosidl_generator_py/interfaces/_interfaces_s.ep.rosidl_typesupport_introspection_c.c.o[0m
[23.577s] [ 98%] [32mBuilding C object CMakeFiles/interfaces__rosidl_typesupport_fastrtps_c__pyext.dir/rosidl_generator_py/interfaces/_interfaces_s.ep.rosidl_typesupport_fastrtps_c.c.o[0m
[23.589s] [ 99%] [32mBuilding C object CMakeFiles/interfaces__rosidl_typesupport_c__pyext.dir/rosidl_generator_py/interfaces/_interfaces_s.ep.rosidl_typesupport_c.c.o[0m
[23.788s] [100%] [32m[1mLinking C shared library rosidl_generator_py/interfaces/interfaces_s__rosidl_typesupport_introspection_c.cpython-310-x86_64-linux-gnu.so[0m
[23.805s] [100%] [32m[1mLinking C shared library rosidl_generator_py/interfaces/interfaces_s__rosidl_typesupport_fastrtps_c.cpython-310-x86_64-linux-gnu.so[0m
[23.839s] [100%] Built target interfaces__rosidl_typesupport_introspection_c__pyext
[23.848s] [100%] [32m[1mLinking C shared library rosidl_generator_py/interfaces/interfaces_s__rosidl_typesupport_c.cpython-310-x86_64-linux-gnu.so[0m
[23.859s] [100%] Built target interfaces__rosidl_typesupport_fastrtps_c__pyext
[23.887s] [100%] Built target interfaces__rosidl_typesupport_c__pyext
[23.901s] Invoked command in '/home/insa/Desktop/VigiWheels2.0/raspberryPI3/build/interfaces' returned '0': CMAKE_PREFIX_PATH=${CMAKE_PREFIX_PATH}:/opt/ros/humble /usr/bin/cmake --build /home/insa/Desktop/VigiWheels2.0/raspberryPI3/build/interfaces -- -j8 -l8
[24.315s] Invoking command in '/home/insa/Desktop/VigiWheels2.0/raspberryPI3/build/interfaces': CMAKE_PREFIX_PATH=${CMAKE_PREFIX_PATH}:/opt/ros/humble /usr/bin/cmake --install /home/insa/Desktop/VigiWheels2.0/raspberryPI3/build/interfaces
[24.326s] -- Install configuration: ""
[24.326s] -- Installing: /home/insa/Desktop/VigiWheels2.0/raspberryPI3/install/interfaces/share/ament_index/resource_index/rosidl_interfaces/interfaces
[24.326s] -- Installing: /home/insa/Desktop/VigiWheels2.0/raspberryPI3/install/interfaces/include/interfaces/interfaces
[24.327s] -- Installing: /home/insa/Desktop/VigiWheels2.0/raspberryPI3/install/interfaces/include/interfaces/interfaces/msg
[24.327s] -- Installing: /home/insa/Desktop/VigiWheels2.0/raspberryPI3/install/interfaces/include/interfaces/interfaces/msg/system_check.h
[24.327s] -- Installing: /home/insa/Desktop/VigiWheels2.0/raspberryPI3/install/interfaces/include/interfaces/interfaces/msg/servo_cam_order.h
[24.327s] -- Installing: /home/insa/Desktop/VigiWheels2.0/raspberryPI3/install/interfaces/include/interfaces/interfaces/msg/fire_sensor.h
[24.327s] -- Installing: /home/insa/Desktop/VigiWheels2.0/raspberryPI3/install/interfaces/include/interfaces/interfaces/msg/motors_feedback.h
[24.327s] -- Installing: /home/insa/Desktop/VigiWheels2.0/raspberryPI3/install/interfaces/include/interfaces/interfaces/msg/manometer_info.h
[24.327s] -- Installing: /home/insa/Desktop/VigiWheels2.0/raspberryPI3/install/interfaces/include/interfaces/interfaces/msg/rosidl_generator_c__visibility_control.h
[24.327s] -- Installing: /home/insa/Desktop/VigiWheels2.0/raspberryPI3/install/interfaces/include/interfaces/interfaces/msg/steering_calibration.h
[24.328s] -- Installing: /home/insa/Desktop/VigiWheels2.0/raspberryPI3/install/interfaces/include/interfaces/interfaces/msg/pressure_level.h
[24.328s] -- Installing: /home/insa/Desktop/VigiWheels2.0/raspberryPI3/install/interfaces/include/interfaces/interfaces/msg/general_data.h
[24.328s] -- Installing: /home/insa/Desktop/VigiWheels2.0/raspberryPI3/install/interfaces/include/interfaces/interfaces/msg/ultrasonic.h
[24.328s] -- Installing: /home/insa/Desktop/VigiWheels2.0/raspberryPI3/install/interfaces/include/interfaces/interfaces/msg/emergency_alert_fire.h
[24.328s] -- Installing: /home/insa/Desktop/VigiWheels2.0/raspberryPI3/install/interfaces/include/interfaces/interfaces/msg/detail
[24.328s] -- Installing: /home/insa/Desktop/VigiWheels2.0/raspberryPI3/install/interfaces/include/interfaces/interfaces/msg/detail/gnss__functions.h
[24.328s] -- Installing: /home/insa/Desktop/VigiWheels2.0/raspberryPI3/install/interfaces/include/interfaces/interfaces/msg/detail/pressure_level__functions.c
[24.328s] -- Installing: /home/insa/Desktop/VigiWheels2.0/raspberryPI3/install/interfaces/include/interfaces/interfaces/msg/detail/cam_pos_order__type_support.h
[24.328s] -- Installing: /home/insa/Desktop/VigiWheels2.0/raspberryPI3/install/interfaces/include/interfaces/interfaces/msg/detail/motors_order__functions.c
[24.329s] -- Installing: /home/insa/Desktop/VigiWheels2.0/raspberryPI3/install/interfaces/include/interfaces/interfaces/msg/detail/obstacles_order__struct.h
[24.329s] -- Installing: /home/insa/Desktop/VigiWheels2.0/raspberryPI3/install/interfaces/include/interfaces/interfaces/msg/detail/fire_sensor__functions.h
[24.329s] -- Installing: /home/insa/Desktop/VigiWheels2.0/raspberryPI3/install/interfaces/include/interfaces/interfaces/msg/detail/servo_cam_order__type_support.h
[24.329s] -- Installing: /home/insa/Desktop/VigiWheels2.0/raspberryPI3/install/interfaces/include/interfaces/interfaces/msg/detail/ultrasonic__type_support.h
[24.329s] -- Installing: /home/insa/Desktop/VigiWheels2.0/raspberryPI3/install/interfaces/include/interfaces/interfaces/msg/detail/joystick_order__struct.h
[24.329s] -- Installing: /home/insa/Desktop/VigiWheels2.0/raspberryPI3/install/interfaces/include/interfaces/interfaces/msg/detail/obstacles_order__functions.h
[24.329s] -- Installing: /home/insa/Desktop/VigiWheels2.0/raspberryPI3/install/interfaces/include/interfaces/interfaces/msg/detail/cam_pos_order__struct.h
[24.329s] -- Installing: /home/insa/Desktop/VigiWheels2.0/raspberryPI3/install/interfaces/include/interfaces/interfaces/msg/detail/fire_sensor__functions.c
[24.330s] -- Installing: /home/insa/Desktop/VigiWheels2.0/raspberryPI3/install/interfaces/include/interfaces/interfaces/msg/detail/emergency_alert_fire__functions.c
[24.330s] -- Installing: /home/insa/Desktop/VigiWheels2.0/raspberryPI3/install/interfaces/include/interfaces/interfaces/msg/detail/system_check__functions.h
[24.330s] -- Installing: /home/insa/Desktop/VigiWheels2.0/raspberryPI3/install/interfaces/include/interfaces/interfaces/msg/detail/general_data__struct.h
[24.330s] -- Installing: /home/insa/Desktop/VigiWheels2.0/raspberryPI3/install/interfaces/include/interfaces/interfaces/msg/detail/joystick_order__type_support.h
[24.330s] -- Installing: /home/insa/Desktop/VigiWheels2.0/raspberryPI3/install/interfaces/include/interfaces/interfaces/msg/detail/emergency_alert_fire__type_support.h
[24.330s] -- Installing: /home/insa/Desktop/VigiWheels2.0/raspberryPI3/install/interfaces/include/interfaces/interfaces/msg/detail/cam_pos_order__functions.h
[24.330s] -- Installing: /home/insa/Desktop/VigiWheels2.0/raspberryPI3/install/interfaces/include/interfaces/interfaces/msg/detail/gnss__type_support.h
[24.330s] -- Installing: /home/insa/Desktop/VigiWheels2.0/raspberryPI3/install/interfaces/include/interfaces/interfaces/msg/detail/steering_calibration__struct.h
[24.330s] -- Installing: /home/insa/Desktop/VigiWheels2.0/raspberryPI3/install/interfaces/include/interfaces/interfaces/msg/detail/ultrasonic__functions.h
[24.331s] -- Installing: /home/insa/Desktop/VigiWheels2.0/raspberryPI3/install/interfaces/include/interfaces/interfaces/msg/detail/manometer_info__struct.h
[24.331s] -- Installing: /home/insa/Desktop/VigiWheels2.0/raspberryPI3/install/interfaces/include/interfaces/interfaces/msg/detail/motors_order__type_support.h
[24.331s] -- Installing: /home/insa/Desktop/VigiWheels2.0/raspberryPI3/install/interfaces/include/interfaces/interfaces/msg/detail/fire_sensor__struct.h
[24.331s] -- Installing: /home/insa/Desktop/VigiWheels2.0/raspberryPI3/install/interfaces/include/interfaces/interfaces/msg/detail/servo_cam_order__struct.h
[24.331s] -- Installing: /home/insa/Desktop/VigiWheels2.0/raspberryPI3/install/interfaces/include/interfaces/interfaces/msg/detail/pressure_level__struct.h
[24.331s] -- Installing: /home/insa/Desktop/VigiWheels2.0/raspberryPI3/install/interfaces/include/interfaces/interfaces/msg/detail/system_check__functions.c
[24.331s] -- Installing: /home/insa/Desktop/VigiWheels2.0/raspberryPI3/install/interfaces/include/interfaces/interfaces/msg/detail/manometer_info__functions.h
[24.331s] -- Installing: /home/insa/Desktop/VigiWheels2.0/raspberryPI3/install/interfaces/include/interfaces/interfaces/msg/detail/pressure_level__functions.h
[24.332s] -- Installing: /home/insa/Desktop/VigiWheels2.0/raspberryPI3/install/interfaces/include/interfaces/interfaces/msg/detail/steering_calibration__functions.h
[24.332s] -- Installing: /home/insa/Desktop/VigiWheels2.0/raspberryPI3/install/interfaces/include/interfaces/interfaces/msg/detail/manometer_info__functions.c
[24.332s] -- Installing: /home/insa/Desktop/VigiWheels2.0/raspberryPI3/install/interfaces/include/interfaces/interfaces/msg/detail/system_check__type_support.h
[24.332s] -- Installing: /home/insa/Desktop/VigiWheels2.0/raspberryPI3/install/interfaces/include/interfaces/interfaces/msg/detail/gnss__struct.h
[24.332s] -- Installing: /home/insa/Desktop/VigiWheels2.0/raspberryPI3/install/interfaces/include/interfaces/interfaces/msg/detail/system_check__struct.h
[24.332s] -- Installing: /home/insa/Desktop/VigiWheels2.0/raspberryPI3/install/interfaces/include/interfaces/interfaces/msg/detail/ultrasonic__struct.h
[24.332s] -- Installing: /home/insa/Desktop/VigiWheels2.0/raspberryPI3/install/interfaces/include/interfaces/interfaces/msg/detail/steering_calibration__functions.c
[24.332s] -- Installing: /home/insa/Desktop/VigiWheels2.0/raspberryPI3/install/interfaces/include/interfaces/interfaces/msg/detail/motors_order__functions.h
[24.333s] -- Installing: /home/insa/Desktop/VigiWheels2.0/raspberryPI3/install/interfaces/include/interfaces/interfaces/msg/detail/joystick_order__functions.c
[24.333s] -- Installing: /home/insa/Desktop/VigiWheels2.0/raspberryPI3/install/interfaces/include/interfaces/interfaces/msg/detail/manometer_info__type_support.h
[24.333s] -- Installing: /home/insa/Desktop/VigiWheels2.0/raspberryPI3/install/interfaces/include/interfaces/interfaces/msg/detail/general_data__type_support.h
[24.333s] -- Installing: /home/insa/Desktop/VigiWheels2.0/raspberryPI3/install/interfaces/include/interfaces/interfaces/msg/detail/emergency_alert_fire__struct.h
[24.333s] -- Installing: /home/insa/Desktop/VigiWheels2.0/raspberryPI3/install/interfaces/include/interfaces/interfaces/msg/detail/motors_order__struct.h
[24.333s] -- Installing: /home/insa/Desktop/VigiWheels2.0/raspberryPI3/install/interfaces/include/interfaces/interfaces/msg/detail/servo_cam_order__functions.c
[24.334s] -- Installing: /home/insa/Desktop/VigiWheels2.0/raspberryPI3/install/interfaces/include/interfaces/interfaces/msg/detail/motors_feedback__functions.h
[24.334s] -- Installing: /home/insa/Desktop/VigiWheels2.0/raspberryPI3/install/interfaces/include/interfaces/interfaces/msg/detail/obstacles_order__functions.c
[24.334s] -- Installing: /home/insa/Desktop/VigiWheels2.0/raspberryPI3/install/interfaces/include/interfaces/interfaces/msg/detail/pressure_level__type_support.h
[24.334s] -- Installing: /home/insa/Desktop/VigiWheels2.0/raspberryPI3/install/interfaces/include/interfaces/interfaces/msg/detail/general_data__functions.h
[24.334s] -- Installing: /home/insa/Desktop/VigiWheels2.0/raspberryPI3/install/interfaces/include/interfaces/interfaces/msg/detail/joystick_order__functions.h
[24.335s] -- Installing: /home/insa/Desktop/VigiWheels2.0/raspberryPI3/install/interfaces/include/interfaces/interfaces/msg/detail/motors_feedback__struct.h
[24.335s] -- Installing: /home/insa/Desktop/VigiWheels2.0/raspberryPI3/install/interfaces/include/interfaces/interfaces/msg/detail/steering_calibration__type_support.h
[24.335s] -- Installing: /home/insa/Desktop/VigiWheels2.0/raspberryPI3/install/interfaces/include/interfaces/interfaces/msg/detail/obstacles_order__type_support.h
[24.335s] -- Installing: /home/insa/Desktop/VigiWheels2.0/raspberryPI3/install/interfaces/include/interfaces/interfaces/msg/detail/general_data__functions.c
[24.335s] -- Installing: /home/insa/Desktop/VigiWheels2.0/raspberryPI3/install/interfaces/include/interfaces/interfaces/msg/detail/servo_cam_order__functions.h
[24.335s] -- Installing: /home/insa/Desktop/VigiWheels2.0/raspberryPI3/install/interfaces/include/interfaces/interfaces/msg/detail/motors_feedback__functions.c
[24.335s] -- Installing: /home/insa/Desktop/VigiWheels2.0/raspberryPI3/install/interfaces/include/interfaces/interfaces/msg/detail/emergency_alert_fire__functions.h
[24.336s] -- Installing: /home/insa/Desktop/VigiWheels2.0/raspberryPI3/install/interfaces/include/interfaces/interfaces/msg/detail/ultrasonic__functions.c
[24.336s] -- Installing: /home/insa/Desktop/VigiWheels2.0/raspberryPI3/install/interfaces/include/interfaces/interfaces/msg/detail/cam_pos_order__functions.c
[24.336s] -- Installing: /home/insa/Desktop/VigiWheels2.0/raspberryPI3/install/interfaces/include/interfaces/interfaces/msg/detail/motors_feedback__type_support.h
[24.336s] -- Installing: /home/insa/Desktop/VigiWheels2.0/raspberryPI3/install/interfaces/include/interfaces/interfaces/msg/detail/fire_sensor__type_support.h
[24.336s] -- Installing: /home/insa/Desktop/VigiWheels2.0/raspberryPI3/install/interfaces/include/interfaces/interfaces/msg/detail/gnss__functions.c
[24.336s] -- Installing: /home/insa/Desktop/VigiWheels2.0/raspberryPI3/install/interfaces/include/interfaces/interfaces/msg/joystick_order.h
[24.336s] -- Installing: /home/insa/Desktop/VigiWheels2.0/raspberryPI3/install/interfaces/include/interfaces/interfaces/msg/cam_pos_order.h
[24.337s] -- Installing: /home/insa/Desktop/VigiWheels2.0/raspberryPI3/install/interfaces/include/interfaces/interfaces/msg/gnss.h
[24.337s] -- Installing: /home/insa/Desktop/VigiWheels2.0/raspberryPI3/install/interfaces/include/interfaces/interfaces/msg/obstacles_order.h
[24.337s] -- Installing: /home/insa/Desktop/VigiWheels2.0/raspberryPI3/install/interfaces/include/interfaces/interfaces/msg/motors_order.h
[24.337s] -- Installing: /home/insa/Desktop/VigiWheels2.0/raspberryPI3/install/interfaces/share/interfaces/environment/library_path.sh
[24.337s] -- Installing: /home/insa/Desktop/VigiWheels2.0/raspberryPI3/install/interfaces/share/interfaces/environment/library_path.dsv
[24.338s] -- Installing: /home/insa/Desktop/VigiWheels2.0/raspberryPI3/install/interfaces/lib/libinterfaces__rosidl_generator_c.so
[24.338s] -- Set runtime path of "/home/insa/Desktop/VigiWheels2.0/raspberryPI3/install/interfaces/lib/libinterfaces__rosidl_generator_c.so" to ""
[24.338s] -- Up-to-date: /home/insa/Desktop/VigiWheels2.0/raspberryPI3/install/interfaces/include/interfaces/interfaces
[24.338s] -- Up-to-date: /home/insa/Desktop/VigiWheels2.0/raspberryPI3/install/interfaces/include/interfaces/interfaces/msg
[24.338s] -- Up-to-date: /home/insa/Desktop/VigiWheels2.0/raspberryPI3/install/interfaces/include/interfaces/interfaces/msg/detail
[24.338s] -- Installing: /home/insa/Desktop/VigiWheels2.0/raspberryPI3/install/interfaces/include/interfaces/interfaces/msg/detail/steering_calibration__rosidl_typesupport_fastrtps_c.h
[24.339s] -- Installing: /home/insa/Desktop/VigiWheels2.0/raspberryPI3/install/interfaces/include/interfaces/interfaces/msg/detail/joystick_order__rosidl_typesupport_fastrtps_c.h
[24.339s] -- Installing: /home/insa/Desktop/VigiWheels2.0/raspberryPI3/install/interfaces/include/interfaces/interfaces/msg/detail/pressure_level__rosidl_typesupport_fastrtps_c.h
[24.339s] -- Installing: /home/insa/Desktop/VigiWheels2.0/raspberryPI3/install/interfaces/include/interfaces/interfaces/msg/detail/motors_feedback__rosidl_typesupport_fastrtps_c.h
[24.339s] -- Installing: /home/insa/Desktop/VigiWheels2.0/raspberryPI3/install/interfaces/include/interfaces/interfaces/msg/detail/general_data__rosidl_typesupport_fastrtps_c.h
[24.339s] -- Installing: /home/insa/Desktop/VigiWheels2.0/raspberryPI3/install/interfaces/include/interfaces/interfaces/msg/detail/gnss__rosidl_typesupport_fastrtps_c.h
[24.339s] -- Installing: /home/insa/Desktop/VigiWheels2.0/raspberryPI3/install/interfaces/include/interfaces/interfaces/msg/detail/manometer_info__rosidl_typesupport_fastrtps_c.h
[24.339s] -- Installing: /home/insa/Desktop/VigiWheels2.0/raspberryPI3/install/interfaces/include/interfaces/interfaces/msg/detail/fire_sensor__rosidl_typesupport_fastrtps_c.h
[24.339s] -- Installing: /home/insa/Desktop/VigiWheels2.0/raspberryPI3/install/interfaces/include/interfaces/interfaces/msg/detail/emergency_alert_fire__rosidl_typesupport_fastrtps_c.h
[24.340s] -- Installing: /home/insa/Desktop/VigiWheels2.0/raspberryPI3/install/interfaces/include/interfaces/interfaces/msg/detail/servo_cam_order__rosidl_typesupport_fastrtps_c.h
[24.340s] -- Installing: /home/insa/Desktop/VigiWheels2.0/raspberryPI3/install/interfaces/include/interfaces/interfaces/msg/detail/motors_order__rosidl_typesupport_fastrtps_c.h
[24.340s] -- Installing: /home/insa/Desktop/VigiWheels2.0/raspberryPI3/install/interfaces/include/interfaces/interfaces/msg/detail/ultrasonic__rosidl_typesupport_fastrtps_c.h
[24.340s] -- Installing: /home/insa/Desktop/VigiWheels2.0/raspberryPI3/install/interfaces/include/interfaces/interfaces/msg/detail/cam_pos_order__rosidl_typesupport_fastrtps_c.h
[24.340s] -- Installing: /home/insa/Desktop/VigiWheels2.0/raspberryPI3/install/interfaces/include/interfaces/interfaces/msg/detail/obstacles_order__rosidl_typesupport_fastrtps_c.h
[24.340s] -- Installing: /home/insa/Desktop/VigiWheels2.0/raspberryPI3/install/interfaces/include/interfaces/interfaces/msg/detail/system_check__rosidl_typesupport_fastrtps_c.h
[24.340s] -- Installing: /home/insa/Desktop/VigiWheels2.0/raspberryPI3/install/interfaces/include/interfaces/interfaces/msg/rosidl_typesupport_fastrtps_c__visibility_control.h
[24.340s] -- Installing: /home/insa/Desktop/VigiWheels2.0/raspberryPI3/install/interfaces/lib/libinterfaces__rosidl_typesupport_fastrtps_c.so
[24.341s] -- Set runtime path of "/home/insa/Desktop/VigiWheels2.0/raspberryPI3/install/interfaces/lib/libinterfaces__rosidl_typesupport_fastrtps_c.so" to ""
[24.341s] -- Up-to-date: /home/insa/Desktop/VigiWheels2.0/raspberryPI3/install/interfaces/include/interfaces/interfaces
[24.341s] -- Up-to-date: /home/insa/Desktop/VigiWheels2.0/raspberryPI3/install/interfaces/include/interfaces/interfaces/msg
[24.341s] -- Installing: /home/insa/Desktop/VigiWheels2.0/raspberryPI3/install/interfaces/include/interfaces/interfaces/msg/emergency_alert_fire.hpp
[24.341s] -- Installing: /home/insa/Desktop/VigiWheels2.0/raspberryPI3/install/interfaces/include/interfaces/interfaces/msg/motors_order.hpp
[24.341s] -- Installing: /home/insa/Desktop/VigiWheels2.0/raspberryPI3/install/interfaces/include/interfaces/interfaces/msg/fire_sensor.hpp
[24.341s] -- Installing: /home/insa/Desktop/VigiWheels2.0/raspberryPI3/install/interfaces/include/interfaces/interfaces/msg/servo_cam_order.hpp
[24.342s] -- Installing: /home/insa/Desktop/VigiWheels2.0/raspberryPI3/install/interfaces/include/interfaces/interfaces/msg/ultrasonic.hpp
[24.342s] -- Installing: /home/insa/Desktop/VigiWheels2.0/raspberryPI3/install/interfaces/include/interfaces/interfaces/msg/motors_feedback.hpp
[24.342s] -- Installing: /home/insa/Desktop/VigiWheels2.0/raspberryPI3/install/interfaces/include/interfaces/interfaces/msg/general_data.hpp
[24.342s] -- Installing: /home/insa/Desktop/VigiWheels2.0/raspberryPI3/install/interfaces/include/interfaces/interfaces/msg/pressure_level.hpp
[24.342s] -- Installing: /home/insa/Desktop/VigiWheels2.0/raspberryPI3/install/interfaces/include/interfaces/interfaces/msg/cam_pos_order.hpp
[24.342s] -- Installing: /home/insa/Desktop/VigiWheels2.0/raspberryPI3/install/interfaces/include/interfaces/interfaces/msg/gnss.hpp
[24.343s] -- Installing: /home/insa/Desktop/VigiWheels2.0/raspberryPI3/install/interfaces/include/interfaces/interfaces/msg/system_check.hpp
[24.343s] -- Installing: /home/insa/Desktop/VigiWheels2.0/raspberryPI3/install/interfaces/include/interfaces/interfaces/msg/joystick_order.hpp
[24.343s] -- Up-to-date: /home/insa/Desktop/VigiWheels2.0/raspberryPI3/install/interfaces/include/interfaces/interfaces/msg/detail
[24.343s] -- Installing: /home/insa/Desktop/VigiWheels2.0/raspberryPI3/install/interfaces/include/interfaces/interfaces/msg/detail/gnss__struct.hpp
[24.343s] -- Installing: /home/insa/Desktop/VigiWheels2.0/raspberryPI3/install/interfaces/include/interfaces/interfaces/msg/detail/motors_order__builder.hpp
[24.343s] -- Installing: /home/insa/Desktop/VigiWheels2.0/raspberryPI3/install/interfaces/include/interfaces/interfaces/msg/detail/motors_order__struct.hpp
[24.343s] -- Installing: /home/insa/Desktop/VigiWheels2.0/raspberryPI3/install/interfaces/include/interfaces/interfaces/msg/detail/manometer_info__traits.hpp
[24.343s] -- Installing: /home/insa/Desktop/VigiWheels2.0/raspberryPI3/install/interfaces/include/interfaces/interfaces/msg/detail/pressure_level__builder.hpp
[24.344s] -- Installing: /home/insa/Desktop/VigiWheels2.0/raspberryPI3/install/interfaces/include/interfaces/interfaces/msg/detail/steering_calibration__traits.hpp
[24.344s] -- Installing: /home/insa/Desktop/VigiWheels2.0/raspberryPI3/install/interfaces/include/interfaces/interfaces/msg/detail/motors_feedback__traits.hpp
[24.344s] -- Installing: /home/insa/Desktop/VigiWheels2.0/raspberryPI3/install/interfaces/include/interfaces/interfaces/msg/detail/fire_sensor__struct.hpp
[24.344s] -- Installing: /home/insa/Desktop/VigiWheels2.0/raspberryPI3/install/interfaces/include/interfaces/interfaces/msg/detail/pressure_level__struct.hpp
[24.344s] -- Installing: /home/insa/Desktop/VigiWheels2.0/raspberryPI3/install/interfaces/include/interfaces/interfaces/msg/detail/pressure_level__traits.hpp
[24.344s] -- Installing: /home/insa/Desktop/VigiWheels2.0/raspberryPI3/install/interfaces/include/interfaces/interfaces/msg/detail/servo_cam_order__traits.hpp
[24.345s] -- Installing: /home/insa/Desktop/VigiWheels2.0/raspberryPI3/install/interfaces/include/interfaces/interfaces/msg/detail/system_check__traits.hpp
[24.345s] -- Installing: /home/insa/Desktop/VigiWheels2.0/raspberryPI3/install/interfaces/include/interfaces/interfaces/msg/detail/general_data__builder.hpp
[24.345s] -- Installing: /home/insa/Desktop/VigiWheels2.0/raspberryPI3/install/interfaces/include/interfaces/interfaces/msg/detail/fire_sensor__traits.hpp
[24.345s] -- Installing: /home/insa/Desktop/VigiWheels2.0/raspberryPI3/install/interfaces/include/interfaces/interfaces/msg/detail/joystick_order__builder.hpp
[24.345s] -- Installing: /home/insa/Desktop/VigiWheels2.0/raspberryPI3/install/interfaces/include/interfaces/interfaces/msg/detail/steering_calibration__struct.hpp
[24.345s] -- Installing: /home/insa/Desktop/VigiWheels2.0/raspberryPI3/install/interfaces/include/interfaces/interfaces/msg/detail/joystick_order__struct.hpp
[24.345s] -- Installing: /home/insa/Desktop/VigiWheels2.0/raspberryPI3/install/interfaces/include/interfaces/interfaces/msg/detail/cam_pos_order__builder.hpp
[24.345s] -- Installing: /home/insa/Desktop/VigiWheels2.0/raspberryPI3/install/interfaces/include/interfaces/interfaces/msg/detail/gnss__builder.hpp
[24.345s] -- Installing: /home/insa/Desktop/VigiWheels2.0/raspberryPI3/install/interfaces/include/interfaces/interfaces/msg/detail/manometer_info__builder.hpp
[24.346s] -- Installing: /home/insa/Desktop/VigiWheels2.0/raspberryPI3/install/interfaces/include/interfaces/interfaces/msg/detail/steering_calibration__builder.hpp
[24.346s] -- Installing: /home/insa/Desktop/VigiWheels2.0/raspberryPI3/install/interfaces/include/interfaces/interfaces/msg/detail/obstacles_order__traits.hpp
[24.346s] -- Installing: /home/insa/Desktop/VigiWheels2.0/raspberryPI3/install/interfaces/include/interfaces/interfaces/msg/detail/motors_feedback__builder.hpp
[24.346s] -- Installing: /home/insa/Desktop/VigiWheels2.0/raspberryPI3/install/interfaces/include/interfaces/interfaces/msg/detail/fire_sensor__builder.hpp
[24.346s] -- Installing: /home/insa/Desktop/VigiWheels2.0/raspberryPI3/install/interfaces/include/interfaces/interfaces/msg/detail/joystick_order__traits.hpp
[24.346s] -- Installing: /home/insa/Desktop/VigiWheels2.0/raspberryPI3/install/interfaces/include/interfaces/interfaces/msg/detail/servo_cam_order__builder.hpp
[24.346s] -- Installing: /home/insa/Desktop/VigiWheels2.0/raspberryPI3/install/interfaces/include/interfaces/interfaces/msg/detail/system_check__struct.hpp
[24.346s] -- Installing: /home/insa/Desktop/VigiWheels2.0/raspberryPI3/install/interfaces/include/interfaces/interfaces/msg/detail/ultrasonic__struct.hpp
[24.347s] -- Installing: /home/insa/Desktop/VigiWheels2.0/raspberryPI3/install/interfaces/include/interfaces/interfaces/msg/detail/emergency_alert_fire__builder.hpp
[24.347s] -- Installing: /home/insa/Desktop/VigiWheels2.0/raspberryPI3/install/interfaces/include/interfaces/interfaces/msg/detail/general_data__traits.hpp
[24.347s] -- Installing: /home/insa/Desktop/VigiWheels2.0/raspberryPI3/install/interfaces/include/interfaces/interfaces/msg/detail/servo_cam_order__struct.hpp
[24.347s] -- Installing: /home/insa/Desktop/VigiWheels2.0/raspberryPI3/install/interfaces/include/interfaces/interfaces/msg/detail/obstacles_order__struct.hpp
[24.347s] -- Installing: /home/insa/Desktop/VigiWheels2.0/raspberryPI3/install/interfaces/include/interfaces/interfaces/msg/detail/emergency_alert_fire__struct.hpp
[24.347s] -- Installing: /home/insa/Desktop/VigiWheels2.0/raspberryPI3/install/interfaces/include/interfaces/interfaces/msg/detail/obstacles_order__builder.hpp
[24.347s] -- Installing: /home/insa/Desktop/VigiWheels2.0/raspberryPI3/install/interfaces/include/interfaces/interfaces/msg/detail/gnss__traits.hpp
[24.347s] -- Installing: /home/insa/Desktop/VigiWheels2.0/raspberryPI3/install/interfaces/include/interfaces/interfaces/msg/detail/emergency_alert_fire__traits.hpp
[24.347s] -- Installing: /home/insa/Desktop/VigiWheels2.0/raspberryPI3/install/interfaces/include/interfaces/interfaces/msg/detail/cam_pos_order__struct.hpp
[24.348s] -- Installing: /home/insa/Desktop/VigiWheels2.0/raspberryPI3/install/interfaces/include/interfaces/interfaces/msg/detail/ultrasonic__builder.hpp
[24.348s] -- Installing: /home/insa/Desktop/VigiWheels2.0/raspberryPI3/install/interfaces/include/interfaces/interfaces/msg/detail/general_data__struct.hpp
[24.348s] -- Installing: /home/insa/Desktop/VigiWheels2.0/raspberryPI3/install/interfaces/include/interfaces/interfaces/msg/detail/system_check__builder.hpp
[24.348s] -- Installing: /home/insa/Desktop/VigiWheels2.0/raspberryPI3/install/interfaces/include/interfaces/interfaces/msg/detail/motors_order__traits.hpp
[24.348s] -- Installing: /home/insa/Desktop/VigiWheels2.0/raspberryPI3/install/interfaces/include/interfaces/interfaces/msg/detail/motors_feedback__struct.hpp
[24.348s] -- Installing: /home/insa/Desktop/VigiWheels2.0/raspberryPI3/install/interfaces/include/interfaces/interfaces/msg/detail/ultrasonic__traits.hpp
[24.349s] -- Installing: /home/insa/Desktop/VigiWheels2.0/raspberryPI3/install/interfaces/include/interfaces/interfaces/msg/detail/cam_pos_order__traits.hpp
[24.349s] -- Installing: /home/insa/Desktop/VigiWheels2.0/raspberryPI3/install/interfaces/include/interfaces/interfaces/msg/detail/manometer_info__struct.hpp
[24.349s] -- Installing: /home/insa/Desktop/VigiWheels2.0/raspberryPI3/install/interfaces/include/interfaces/interfaces/msg/steering_calibration.hpp
[24.349s] -- Installing: /home/insa/Desktop/VigiWheels2.0/raspberryPI3/install/interfaces/include/interfaces/interfaces/msg/obstacles_order.hpp
[24.349s] -- Installing: /home/insa/Desktop/VigiWheels2.0/raspberryPI3/install/interfaces/include/interfaces/interfaces/msg/manometer_info.hpp
[24.349s] -- Up-to-date: /home/insa/Desktop/VigiWheels2.0/raspberryPI3/install/interfaces/include/interfaces/interfaces
[24.349s] -- Up-to-date: /home/insa/Desktop/VigiWheels2.0/raspberryPI3/install/interfaces/include/interfaces/interfaces/msg
[24.350s] -- Installing: /home/insa/Desktop/VigiWheels2.0/raspberryPI3/install/interfaces/include/interfaces/interfaces/msg/rosidl_typesupport_fastrtps_cpp__visibility_control.h
[24.350s] -- Up-to-date: /home/insa/Desktop/VigiWheels2.0/raspberryPI3/install/interfaces/include/interfaces/interfaces/msg/detail
[24.350s] -- Installing: /home/insa/Desktop/VigiWheels2.0/raspberryPI3/install/interfaces/include/interfaces/interfaces/msg/detail/system_check__rosidl_typesupport_fastrtps_cpp.hpp
[24.350s] -- Installing: /home/insa/Desktop/VigiWheels2.0/raspberryPI3/install/interfaces/include/interfaces/interfaces/msg/detail/emergency_alert_fire__rosidl_typesupport_fastrtps_cpp.hpp
[24.350s] -- Installing: /home/insa/Desktop/VigiWheels2.0/raspberryPI3/install/interfaces/include/interfaces/interfaces/msg/detail/obstacles_order__rosidl_typesupport_fastrtps_cpp.hpp
[24.350s] -- Installing: /home/insa/Desktop/VigiWheels2.0/raspberryPI3/install/interfaces/include/interfaces/interfaces/msg/detail/motors_feedback__rosidl_typesupport_fastrtps_cpp.hpp
[24.351s] -- Installing: /home/insa/Desktop/VigiWheels2.0/raspberryPI3/install/interfaces/include/interfaces/interfaces/msg/detail/motors_order__rosidl_typesupport_fastrtps_cpp.hpp
[24.351s] -- Installing: /home/insa/Desktop/VigiWheels2.0/raspberryPI3/install/interfaces/include/interfaces/interfaces/msg/detail/gnss__rosidl_typesupport_fastrtps_cpp.hpp
[24.352s] -- Installing: /home/insa/Desktop/VigiWheels2.0/raspberryPI3/install/interfaces/include/interfaces/interfaces/msg/detail/joystick_order__rosidl_typesupport_fastrtps_cpp.hpp
[24.352s] -- Installing: /home/insa/Desktop/VigiWheels2.0/raspberryPI3/install/interfaces/include/interfaces/interfaces/msg/detail/general_data__rosidl_typesupport_fastrtps_cpp.hpp
[24.352s] -- Installing: /home/insa/Desktop/VigiWheels2.0/raspberryPI3/install/interfaces/include/interfaces/interfaces/msg/detail/cam_pos_order__rosidl_typesupport_fastrtps_cpp.hpp
[24.352s] -- Installing: /home/insa/Desktop/VigiWheels2.0/raspberryPI3/install/interfaces/include/interfaces/interfaces/msg/detail/dds_fastrtps
[24.352s] -- Installing: /home/insa/Desktop/VigiWheels2.0/raspberryPI3/install/interfaces/include/interfaces/interfaces/msg/detail/fire_sensor__rosidl_typesupport_fastrtps_cpp.hpp
[24.352s] -- Installing: /home/insa/Desktop/VigiWheels2.0/raspberryPI3/install/interfaces/include/interfaces/interfaces/msg/detail/steering_calibration__rosidl_typesupport_fastrtps_cpp.hpp
[24.352s] -- Installing: /home/insa/Desktop/VigiWheels2.0/raspberryPI3/install/interfaces/include/interfaces/interfaces/msg/detail/servo_cam_order__rosidl_typesupport_fastrtps_cpp.hpp
[24.352s] -- Installing: /home/insa/Desktop/VigiWheels2.0/raspberryPI3/install/interfaces/include/interfaces/interfaces/msg/detail/pressure_level__rosidl_typesupport_fastrtps_cpp.hpp
[24.352s] -- Installing: /home/insa/Desktop/VigiWheels2.0/raspberryPI3/install/interfaces/include/interfaces/interfaces/msg/detail/ultrasonic__rosidl_typesupport_fastrtps_cpp.hpp
[24.353s] -- Installing: /home/insa/Desktop/VigiWheels2.0/raspberryPI3/install/interfaces/include/interfaces/interfaces/msg/detail/manometer_info__rosidl_typesupport_fastrtps_cpp.hpp
[24.353s] -- Installing: /home/insa/Desktop/VigiWheels2.0/raspberryPI3/install/interfaces/lib/libinterfaces__rosidl_typesupport_fastrtps_cpp.so
[24.353s] -- Set runtime path of "/home/insa/Desktop/VigiWheels2.0/raspberryPI3/install/interfaces/lib/libinterfaces__rosidl_typesupport_fastrtps_cpp.so" to ""
[24.353s] -- Up-to-date: /home/insa/Desktop/VigiWheels2.0/raspberryPI3/install/interfaces/include/interfaces/interfaces
[24.353s] -- Up-to-date: /home/insa/Desktop/VigiWheels2.0/raspberryPI3/install/interfaces/include/interfaces/interfaces/msg
[24.353s] -- Installing: /home/insa/Desktop/VigiWheels2.0/raspberryPI3/install/interfaces/include/interfaces/interfaces/msg/rosidl_typesupport_introspection_c__visibility_control.h
[24.353s] -- Up-to-date: /home/insa/Desktop/VigiWheels2.0/raspberryPI3/install/interfaces/include/interfaces/interfaces/msg/detail
[24.353s] -- Installing: /home/insa/Desktop/VigiWheels2.0/raspberryPI3/install/interfaces/include/interfaces/interfaces/msg/detail/motors_order__type_support.c
[24.353s] -- Installing: /home/insa/Desktop/VigiWheels2.0/raspberryPI3/install/interfaces/include/interfaces/interfaces/msg/detail/pressure_level__rosidl_typesupport_introspection_c.h
[24.354s] -- Installing: /home/insa/Desktop/VigiWheels2.0/raspberryPI3/install/interfaces/include/interfaces/interfaces/msg/detail/cam_pos_order__type_support.c
[24.354s] -- Installing: /home/insa/Desktop/VigiWheels2.0/raspberryPI3/install/interfaces/include/interfaces/interfaces/msg/detail/motors_order__rosidl_typesupport_introspection_c.h
[24.354s] -- Installing: /home/insa/Desktop/VigiWheels2.0/raspberryPI3/install/interfaces/include/interfaces/interfaces/msg/detail/fire_sensor__type_support.c
[24.354s] -- Installing: /home/insa/Desktop/VigiWheels2.0/raspberryPI3/install/interfaces/include/interfaces/interfaces/msg/detail/servo_cam_order__type_support.c
[24.354s] -- Installing: /home/insa/Desktop/VigiWheels2.0/raspberryPI3/install/interfaces/include/interfaces/interfaces/msg/detail/emergency_alert_fire__rosidl_typesupport_introspection_c.h
[24.354s] -- Installing: /home/insa/Desktop/VigiWheels2.0/raspberryPI3/install/interfaces/include/interfaces/interfaces/msg/detail/steering_calibration__type_support.c
[24.354s] -- Installing: /home/insa/Desktop/VigiWheels2.0/raspberryPI3/install/interfaces/include/interfaces/interfaces/msg/detail/gnss__rosidl_typesupport_introspection_c.h
[24.354s] -- Installing: /home/insa/Desktop/VigiWheels2.0/raspberryPI3/install/interfaces/include/interfaces/interfaces/msg/detail/joystick_order__type_support.c
[24.355s] -- Installing: /home/insa/Desktop/VigiWheels2.0/raspberryPI3/install/interfaces/include/interfaces/interfaces/msg/detail/general_data__rosidl_typesupport_introspection_c.h
[24.355s] -- Installing: /home/insa/Desktop/VigiWheels2.0/raspberryPI3/install/interfaces/include/interfaces/interfaces/msg/detail/emergency_alert_fire__type_support.c
[24.355s] -- Installing: /home/insa/Desktop/VigiWheels2.0/raspberryPI3/install/interfaces/include/interfaces/interfaces/msg/detail/cam_pos_order__rosidl_typesupport_introspection_c.h
[24.355s] -- Installing: /home/insa/Desktop/VigiWheels2.0/raspberryPI3/install/interfaces/include/interfaces/interfaces/msg/detail/motors_feedback__rosidl_typesupport_introspection_c.h
[24.355s] -- Installing: /home/insa/Desktop/VigiWheels2.0/raspberryPI3/install/interfaces/include/interfaces/interfaces/msg/detail/system_check__rosidl_typesupport_introspection_c.h
[24.355s] -- Installing: /home/insa/Desktop/VigiWheels2.0/raspberryPI3/install/interfaces/include/interfaces/interfaces/msg/detail/steering_calibration__rosidl_typesupport_introspection_c.h
[24.355s] -- Installing: /home/insa/Desktop/VigiWheels2.0/raspberryPI3/install/interfaces/include/interfaces/interfaces/msg/detail/obstacles_order__rosidl_typesupport_introspection_c.h
[24.355s] -- Installing: /home/insa/Desktop/VigiWheels2.0/raspberryPI3/install/interfaces/include/interfaces/interfaces/msg/detail/joystick_order__rosidl_typesupport_introspection_c.h
[24.356s] -- Installing: /home/insa/Desktop/VigiWheels2.0/raspberryPI3/install/interfaces/include/interfaces/interfaces/msg/detail/obstacles_order__type_support.c
[24.356s] -- Installing: /home/insa/Desktop/VigiWheels2.0/raspberryPI3/install/interfaces/include/interfaces/interfaces/msg/detail/manometer_info__type_support.c
[24.356s] -- Installing: /home/insa/Desktop/VigiWheels2.0/raspberryPI3/install/interfaces/include/interfaces/interfaces/msg/detail/manometer_info__rosidl_typesupport_introspection_c.h
[24.356s] -- Installing: /home/insa/Desktop/VigiWheels2.0/raspberryPI3/install/interfaces/include/interfaces/interfaces/msg/detail/motors_feedback__type_support.c
[24.356s] -- Installing: /home/insa/Desktop/VigiWheels2.0/raspberryPI3/install/interfaces/include/interfaces/interfaces/msg/detail/general_data__type_support.c
[24.356s] -- Installing: /home/insa/Desktop/VigiWheels2.0/raspberryPI3/install/interfaces/include/interfaces/interfaces/msg/detail/fire_sensor__rosidl_typesupport_introspection_c.h
[24.356s] -- Installing: /home/insa/Desktop/VigiWheels2.0/raspberryPI3/install/interfaces/include/interfaces/interfaces/msg/detail/system_check__type_support.c
[24.356s] -- Installing: /home/insa/Desktop/VigiWheels2.0/raspberryPI3/install/interfaces/include/interfaces/interfaces/msg/detail/gnss__type_support.c
[24.356s] -- Installing: /home/insa/Desktop/VigiWheels2.0/raspberryPI3/install/interfaces/include/interfaces/interfaces/msg/detail/pressure_level__type_support.c
[24.357s] -- Installing: /home/insa/Desktop/VigiWheels2.0/raspberryPI3/install/interfaces/include/interfaces/interfaces/msg/detail/ultrasonic__type_support.c
[24.357s] -- Installing: /home/insa/Desktop/VigiWheels2.0/raspberryPI3/install/interfaces/include/interfaces/interfaces/msg/detail/ultrasonic__rosidl_typesupport_introspection_c.h
[24.357s] -- Installing: /home/insa/Desktop/VigiWheels2.0/raspberryPI3/install/interfaces/include/interfaces/interfaces/msg/detail/servo_cam_order__rosidl_typesupport_introspection_c.h
[24.358s] -- Installing: /home/insa/Desktop/VigiWheels2.0/raspberryPI3/install/interfaces/lib/libinterfaces__rosidl_typesupport_introspection_c.so
[24.358s] -- Set runtime path of "/home/insa/Desktop/VigiWheels2.0/raspberryPI3/install/interfaces/lib/libinterfaces__rosidl_typesupport_introspection_c.so" to ""
[24.358s] -- Installing: /home/insa/Desktop/VigiWheels2.0/raspberryPI3/install/interfaces/lib/libinterfaces__rosidl_typesupport_c.so
[24.358s] -- Set runtime path of "/home/insa/Desktop/VigiWheels2.0/raspberryPI3/install/interfaces/lib/libinterfaces__rosidl_typesupport_c.so" to ""
[24.358s] -- Up-to-date: /home/insa/Desktop/VigiWheels2.0/raspberryPI3/install/interfaces/include/interfaces/interfaces
[24.358s] -- Up-to-date: /home/insa/Desktop/VigiWheels2.0/raspberryPI3/install/interfaces/include/interfaces/interfaces/msg
[24.358s] -- Up-to-date: /home/insa/Desktop/VigiWheels2.0/raspberryPI3/install/interfaces/include/interfaces/interfaces/msg/detail
[24.359s] -- Installing: /home/insa/Desktop/VigiWheels2.0/raspberryPI3/install/interfaces/include/interfaces/interfaces/msg/detail/pressure_level__rosidl_typesupport_introspection_cpp.hpp
[24.359s] -- Installing: /home/insa/Desktop/VigiWheels2.0/raspberryPI3/install/interfaces/include/interfaces/interfaces/msg/detail/general_data__rosidl_typesupport_introspection_cpp.hpp
[24.359s] -- Installing: /home/insa/Desktop/VigiWheels2.0/raspberryPI3/install/interfaces/include/interfaces/interfaces/msg/detail/steering_calibration__type_support.cpp
[24.359s] -- Installing: /home/insa/Desktop/VigiWheels2.0/raspberryPI3/install/interfaces/include/interfaces/interfaces/msg/detail/cam_pos_order__type_support.cpp
[24.359s] -- Installing: /home/insa/Desktop/VigiWheels2.0/raspberryPI3/install/interfaces/include/interfaces/interfaces/msg/detail/emergency_alert_fire__rosidl_typesupport_introspection_cpp.hpp
[24.359s] -- Installing: /home/insa/Desktop/VigiWheels2.0/raspberryPI3/install/interfaces/include/interfaces/interfaces/msg/detail/fire_sensor__rosidl_typesupport_introspection_cpp.hpp
[24.359s] -- Installing: /home/insa/Desktop/VigiWheels2.0/raspberryPI3/install/interfaces/include/interfaces/interfaces/msg/detail/emergency_alert_fire__type_support.cpp
[24.359s] -- Installing: /home/insa/Desktop/VigiWheels2.0/raspberryPI3/install/interfaces/include/interfaces/interfaces/msg/detail/servo_cam_order__type_support.cpp
[24.360s] -- Installing: /home/insa/Desktop/VigiWheels2.0/raspberryPI3/install/interfaces/include/interfaces/interfaces/msg/detail/manometer_info__rosidl_typesupport_introspection_cpp.hpp
[24.360s] -- Installing: /home/insa/Desktop/VigiWheels2.0/raspberryPI3/install/interfaces/include/interfaces/interfaces/msg/detail/obstacles_order__rosidl_typesupport_introspection_cpp.hpp
[24.360s] -- Installing: /home/insa/Desktop/VigiWheels2.0/raspberryPI3/install/interfaces/include/interfaces/interfaces/msg/detail/joystick_order__type_support.cpp
[24.360s] -- Installing: /home/insa/Desktop/VigiWheels2.0/raspberryPI3/install/interfaces/include/interfaces/interfaces/msg/detail/general_data__type_support.cpp
[24.360s] -- Installing: /home/insa/Desktop/VigiWheels2.0/raspberryPI3/install/interfaces/include/interfaces/interfaces/msg/detail/obstacles_order__type_support.cpp
[24.360s] -- Installing: /home/insa/Desktop/VigiWheels2.0/raspberryPI3/install/interfaces/include/interfaces/interfaces/msg/detail/motors_order__rosidl_typesupport_introspection_cpp.hpp
[24.360s] -- Installing: /home/insa/Desktop/VigiWheels2.0/raspberryPI3/install/interfaces/include/interfaces/interfaces/msg/detail/system_check__type_support.cpp
[24.360s] -- Installing: /home/insa/Desktop/VigiWheels2.0/raspberryPI3/install/interfaces/include/interfaces/interfaces/msg/detail/fire_sensor__type_support.cpp
[24.360s] -- Installing: /home/insa/Desktop/VigiWheels2.0/raspberryPI3/install/interfaces/include/interfaces/interfaces/msg/detail/manometer_info__type_support.cpp
[24.361s] -- Installing: /home/insa/Desktop/VigiWheels2.0/raspberryPI3/install/interfaces/include/interfaces/interfaces/msg/detail/gnss__rosidl_typesupport_introspection_cpp.hpp
[24.361s] -- Installing: /home/insa/Desktop/VigiWheels2.0/raspberryPI3/install/interfaces/include/interfaces/interfaces/msg/detail/servo_cam_order__rosidl_typesupport_introspection_cpp.hpp
[24.361s] -- Installing: /home/insa/Desktop/VigiWheels2.0/raspberryPI3/install/interfaces/include/interfaces/interfaces/msg/detail/motors_order__type_support.cpp
[24.361s] -- Installing: /home/insa/Desktop/VigiWheels2.0/raspberryPI3/install/interfaces/include/interfaces/interfaces/msg/detail/system_check__rosidl_typesupport_introspection_cpp.hpp
[24.361s] -- Installing: /home/insa/Desktop/VigiWheels2.0/raspberryPI3/install/interfaces/include/interfaces/interfaces/msg/detail/pressure_level__type_support.cpp
[24.361s] -- Installing: /home/insa/Desktop/VigiWheels2.0/raspberryPI3/install/interfaces/include/interfaces/interfaces/msg/detail/motors_feedback__rosidl_typesupport_introspection_cpp.hpp
[24.361s] -- Installing: /home/insa/Desktop/VigiWheels2.0/raspberryPI3/install/interfaces/include/interfaces/interfaces/msg/detail/steering_calibration__rosidl_typesupport_introspection_cpp.hpp
[24.361s] -- Installing: /home/insa/Desktop/VigiWheels2.0/raspberryPI3/install/interfaces/include/interfaces/interfaces/msg/detail/motors_feedback__type_support.cpp
[24.361s] -- Installing: /home/insa/Desktop/VigiWheels2.0/raspberryPI3/install/interfaces/include/interfaces/interfaces/msg/detail/gnss__type_support.cpp
[24.361s] -- Installing: /home/insa/Desktop/VigiWheels2.0/raspberryPI3/install/interfaces/include/interfaces/interfaces/msg/detail/cam_pos_order__rosidl_typesupport_introspection_cpp.hpp
[24.362s] -- Installing: /home/insa/Desktop/VigiWheels2.0/raspberryPI3/install/interfaces/include/interfaces/interfaces/msg/detail/joystick_order__rosidl_typesupport_introspection_cpp.hpp
[24.362s] -- Installing: /home/insa/Desktop/VigiWheels2.0/raspberryPI3/install/interfaces/include/interfaces/interfaces/msg/detail/ultrasonic__type_support.cpp
[24.362s] -- Installing: /home/insa/Desktop/VigiWheels2.0/raspberryPI3/install/interfaces/include/interfaces/interfaces/msg/detail/ultrasonic__rosidl_typesupport_introspection_cpp.hpp
[24.362s] -- Installing: /home/insa/Desktop/VigiWheels2.0/raspberryPI3/install/interfaces/lib/libinterfaces__rosidl_typesupport_introspection_cpp.so
[24.362s] -- Set runtime path of "/home/insa/Desktop/VigiWheels2.0/raspberryPI3/install/interfaces/lib/libinterfaces__rosidl_typesupport_introspection_cpp.so" to ""
[24.362s] -- Installing: /home/insa/Desktop/VigiWheels2.0/raspberryPI3/install/interfaces/lib/libinterfaces__rosidl_typesupport_cpp.so
[24.362s] -- Set runtime path of "/home/insa/Desktop/VigiWheels2.0/raspberryPI3/install/interfaces/lib/libinterfaces__rosidl_typesupport_cpp.so" to ""
[24.362s] -- Installing: /home/insa/Desktop/VigiWheels2.0/raspberryPI3/install/interfaces/share/interfaces/environment/pythonpath.sh
[24.362s] -- Installing: /home/insa/Desktop/VigiWheels2.0/raspberryPI3/install/interfaces/share/interfaces/environment/pythonpath.dsv
[24.363s] -- Installing: /home/insa/Desktop/VigiWheels2.0/raspberryPI3/install/interfaces/local/lib/python3.10/dist-packages/interfaces-0.0.0-py3.10.egg-info
[24.363s] -- Installing: /home/insa/Desktop/VigiWheels2.0/raspberryPI3/install/interfaces/local/lib/python3.10/dist-packages/interfaces-0.0.0-py3.10.egg-info/dependency_links.txt
[24.363s] -- Installing: /home/insa/Desktop/VigiWheels2.0/raspberryPI3/install/interfaces/local/lib/python3.10/dist-packages/interfaces-0.0.0-py3.10.egg-info/PKG-INFO
[24.363s] -- Installing: /home/insa/Desktop/VigiWheels2.0/raspberryPI3/install/interfaces/local/lib/python3.10/dist-packages/interfaces-0.0.0-py3.10.egg-info/SOURCES.txt
[24.363s] -- Installing: /home/insa/Desktop/VigiWheels2.0/raspberryPI3/install/interfaces/local/lib/python3.10/dist-packages/interfaces-0.0.0-py3.10.egg-info/top_level.txt
[24.364s] -- Installing: /home/insa/Desktop/VigiWheels2.0/raspberryPI3/install/interfaces/local/lib/python3.10/dist-packages/interfaces
[24.364s] -- Installing: /home/insa/Desktop/VigiWheels2.0/raspberryPI3/install/interfaces/local/lib/python3.10/dist-packages/interfaces/libinterfaces__rosidl_generator_py.so
[24.364s] -- Installing: /home/insa/Desktop/VigiWheels2.0/raspberryPI3/install/interfaces/local/lib/python3.10/dist-packages/interfaces/interfaces_s__rosidl_typesupport_introspection_c.cpython-310-x86_64-linux-gnu.so
[24.364s] -- Installing: /home/insa/Desktop/VigiWheels2.0/raspberryPI3/install/interfaces/local/lib/python3.10/dist-packages/interfaces/_interfaces_s.ep.rosidl_typesupport_fastrtps_c.c
[24.364s] -- Installing: /home/insa/Desktop/VigiWheels2.0/raspberryPI3/install/interfaces/local/lib/python3.10/dist-packages/interfaces/_interfaces_s.ep.rosidl_typesupport_c.c
[24.364s] -- Installing: /home/insa/Desktop/VigiWheels2.0/raspberryPI3/install/interfaces/local/lib/python3.10/dist-packages/interfaces/interfaces_s__rosidl_typesupport_fastrtps_c.cpython-310-x86_64-linux-gnu.so
[24.364s] -- Installing: /home/insa/Desktop/VigiWheels2.0/raspberryPI3/install/interfaces/local/lib/python3.10/dist-packages/interfaces/__init__.py
[24.364s] -- Installing: /home/insa/Desktop/VigiWheels2.0/raspberryPI3/install/interfaces/local/lib/python3.10/dist-packages/interfaces/msg
[24.365s] -- Installing: /home/insa/Desktop/VigiWheels2.0/raspberryPI3/install/interfaces/local/lib/python3.10/dist-packages/interfaces/msg/_emergency_alert_fire_s.c
[24.365s] -- Installing: /home/insa/Desktop/VigiWheels2.0/raspberryPI3/install/interfaces/local/lib/python3.10/dist-packages/interfaces/msg/_cam_pos_order_s.c
[24.365s] -- Installing: /home/insa/Desktop/VigiWheels2.0/raspberryPI3/install/interfaces/local/lib/python3.10/dist-packages/interfaces/msg/_gnss.py
[24.365s] -- Installing: /home/insa/Desktop/VigiWheels2.0/raspberryPI3/install/interfaces/local/lib/python3.10/dist-packages/interfaces/msg/_general_data.py
[24.365s] -- Installing: /home/insa/Desktop/VigiWheels2.0/raspberryPI3/install/interfaces/local/lib/python3.10/dist-packages/interfaces/msg/_steering_calibration.py
[24.365s] -- Installing: /home/insa/Desktop/VigiWheels2.0/raspberryPI3/install/interfaces/local/lib/python3.10/dist-packages/interfaces/msg/_motors_feedback.py
[24.365s] -- Installing: /home/insa/Desktop/VigiWheels2.0/raspberryPI3/install/interfaces/local/lib/python3.10/dist-packages/interfaces/msg/_emergency_alert_fire.py
[24.365s] -- Installing: /home/insa/Desktop/VigiWheels2.0/raspberryPI3/install/interfaces/local/lib/python3.10/dist-packages/interfaces/msg/_ultrasonic.py
[24.366s] -- Installing: /home/insa/Desktop/VigiWheels2.0/raspberryPI3/install/interfaces/local/lib/python3.10/dist-packages/interfaces/msg/_manometer_info.py
[24.366s] -- Installing: /home/insa/Desktop/VigiWheels2.0/raspberryPI3/install/interfaces/local/lib/python3.10/dist-packages/interfaces/msg/_steering_calibration_s.c
[24.366s] -- Installing: /home/insa/Desktop/VigiWheels2.0/raspberryPI3/install/interfaces/local/lib/python3.10/dist-packages/interfaces/msg/__init__.py
[24.366s] -- Installing: /home/insa/Desktop/VigiWheels2.0/raspberryPI3/install/interfaces/local/lib/python3.10/dist-packages/interfaces/msg/_motors_feedback_s.c
[24.366s] -- Installing: /home/insa/Desktop/VigiWheels2.0/raspberryPI3/install/interfaces/local/lib/python3.10/dist-packages/interfaces/msg/_motors_order_s.c
[24.366s] -- Installing: /home/insa/Desktop/VigiWheels2.0/raspberryPI3/install/interfaces/local/lib/python3.10/dist-packages/interfaces/msg/_obstacles_order_s.c
[24.366s] -- Installing: /home/insa/Desktop/VigiWheels2.0/raspberryPI3/install/interfaces/local/lib/python3.10/dist-packages/interfaces/msg/_cam_pos_order.py
[24.366s] -- Installing: /home/insa/Desktop/VigiWheels2.0/raspberryPI3/install/interfaces/local/lib/python3.10/dist-packages/interfaces/msg/_pressure_level.py
[24.367s] -- Installing: /home/insa/Desktop/VigiWheels2.0/raspberryPI3/install/interfaces/local/lib/python3.10/dist-packages/interfaces/msg/_motors_order.py
[24.367s] -- Installing: /home/insa/Desktop/VigiWheels2.0/raspberryPI3/install/interfaces/local/lib/python3.10/dist-packages/interfaces/msg/_joystick_order_s.c
[24.367s] -- Installing: /home/insa/Desktop/VigiWheels2.0/raspberryPI3/install/interfaces/local/lib/python3.10/dist-packages/interfaces/msg/_system_check.py
[24.367s] -- Installing: /home/insa/Desktop/VigiWheels2.0/raspberryPI3/install/interfaces/local/lib/python3.10/dist-packages/interfaces/msg/_fire_sensor_s.c
[24.367s] -- Installing: /home/insa/Desktop/VigiWheels2.0/raspberryPI3/install/interfaces/local/lib/python3.10/dist-packages/interfaces/msg/_manometer_info_s.c
[24.367s] -- Installing: /home/insa/Desktop/VigiWheels2.0/raspberryPI3/install/interfaces/local/lib/python3.10/dist-packages/interfaces/msg/_system_check_s.c
[24.367s] -- Installing: /home/insa/Desktop/VigiWheels2.0/raspberryPI3/install/interfaces/local/lib/python3.10/dist-packages/interfaces/msg/_gnss_s.c
[24.368s] -- Installing: /home/insa/Desktop/VigiWheels2.0/raspberryPI3/install/interfaces/local/lib/python3.10/dist-packages/interfaces/msg/_servo_cam_order_s.c
[24.368s] -- Installing: /home/insa/Desktop/VigiWheels2.0/raspberryPI3/install/interfaces/local/lib/python3.10/dist-packages/interfaces/msg/_general_data_s.c
[24.369s] -- Installing: /home/insa/Desktop/VigiWheels2.0/raspberryPI3/install/interfaces/local/lib/python3.10/dist-packages/interfaces/msg/_servo_cam_order.py
[24.369s] -- Installing: /home/insa/Desktop/VigiWheels2.0/raspberryPI3/install/interfaces/local/lib/python3.10/dist-packages/interfaces/msg/_obstacles_order.py
[24.369s] -- Installing: /home/insa/Desktop/VigiWheels2.0/raspberryPI3/install/interfaces/local/lib/python3.10/dist-packages/interfaces/msg/_fire_sensor.py
[24.369s] -- Installing: /home/insa/Desktop/VigiWheels2.0/raspberryPI3/install/interfaces/local/lib/python3.10/dist-packages/interfaces/msg/_ultrasonic_s.c
[24.369s] -- Installing: /home/insa/Desktop/VigiWheels2.0/raspberryPI3/install/interfaces/local/lib/python3.10/dist-packages/interfaces/msg/_joystick_order.py
[24.369s] -- Installing: /home/insa/Desktop/VigiWheels2.0/raspberryPI3/install/interfaces/local/lib/python3.10/dist-packages/interfaces/msg/_pressure_level_s.c
[24.369s] -- Installing: /home/insa/Desktop/VigiWheels2.0/raspberryPI3/install/interfaces/local/lib/python3.10/dist-packages/interfaces/_interfaces_s.ep.rosidl_typesupport_introspection_c.c
[24.369s] -- Installing: /home/insa/Desktop/VigiWheels2.0/raspberryPI3/install/interfaces/local/lib/python3.10/dist-packages/interfaces/interfaces_s__rosidl_typesupport_c.cpython-310-x86_64-linux-gnu.so
[24.422s] Listing '/home/insa/Desktop/VigiWheels2.0/raspberryPI3/install/interfaces/local/lib/python3.10/dist-packages/interfaces'...
[24.422s] Compiling '/home/insa/Desktop/VigiWheels2.0/raspberryPI3/install/interfaces/local/lib/python3.10/dist-packages/interfaces/__init__.py'...
[24.422s] Listing '/home/insa/Desktop/VigiWheels2.0/raspberryPI3/install/interfaces/local/lib/python3.10/dist-packages/interfaces/msg'...
[24.422s] Compiling '/home/insa/Desktop/VigiWheels2.0/raspberryPI3/install/interfaces/local/lib/python3.10/dist-packages/interfaces/msg/__init__.py'...
[24.422s] Compiling '/home/insa/Desktop/VigiWheels2.0/raspberryPI3/install/interfaces/local/lib/python3.10/dist-packages/interfaces/msg/_cam_pos_order.py'...
[24.422s] Compiling '/home/insa/Desktop/VigiWheels2.0/raspberryPI3/install/interfaces/local/lib/python3.10/dist-packages/interfaces/msg/_emergency_alert_fire.py'...
[24.422s] Compiling '/home/insa/Desktop/VigiWheels2.0/raspberryPI3/install/interfaces/local/lib/python3.10/dist-packages/interfaces/msg/_fire_sensor.py'...
[24.422s] Compiling '/home/insa/Desktop/VigiWheels2.0/raspberryPI3/install/interfaces/local/lib/python3.10/dist-packages/interfaces/msg/_general_data.py'...
[24.422s] Compiling '/home/insa/Desktop/VigiWheels2.0/raspberryPI3/install/interfaces/local/lib/python3.10/dist-packages/interfaces/msg/_gnss.py'...
[24.422s] Compiling '/home/insa/Desktop/VigiWheels2.0/raspberryPI3/install/interfaces/local/lib/python3.10/dist-packages/interfaces/msg/_joystick_order.py'...
[24.423s] Compiling '/home/insa/Desktop/VigiWheels2.0/raspberryPI3/install/interfaces/local/lib/python3.10/dist-packages/interfaces/msg/_manometer_info.py'...
[24.423s] Compiling '/home/insa/Desktop/VigiWheels2.0/raspberryPI3/install/interfaces/local/lib/python3.10/dist-packages/interfaces/msg/_motors_feedback.py'...
[24.423s] Compiling '/home/insa/Desktop/VigiWheels2.0/raspberryPI3/install/interfaces/local/lib/python3.10/dist-packages/interfaces/msg/_motors_order.py'...
[24.423s] Compiling '/home/insa/Desktop/VigiWheels2.0/raspberryPI3/install/interfaces/local/lib/python3.10/dist-packages/interfaces/msg/_obstacles_order.py'...
[24.423s] Compiling '/home/insa/Desktop/VigiWheels2.0/raspberryPI3/install/interfaces/local/lib/python3.10/dist-packages/interfaces/msg/_pressure_level.py'...
[24.423s] Compiling '/home/insa/Desktop/VigiWheels2.0/raspberryPI3/install/interfaces/local/lib/python3.10/dist-packages/interfaces/msg/_servo_cam_order.py'...
[24.423s] Compiling '/home/insa/Desktop/VigiWheels2.0/raspberryPI3/install/interfaces/local/lib/python3.10/dist-packages/interfaces/msg/_steering_calibration.py'...
[24.423s] Compiling '/home/insa/Desktop/VigiWheels2.0/raspberryPI3/install/interfaces/local/lib/python3.10/dist-packages/interfaces/msg/_system_check.py'...
[24.423s] Compiling '/home/insa/Desktop/VigiWheels2.0/raspberryPI3/install/interfaces/local/lib/python3.10/dist-packages/interfaces/msg/_ultrasonic.py'...
[24.426s] -- Installing: /home/insa/Desktop/VigiWheels2.0/raspberryPI3/install/interfaces/local/lib/python3.10/dist-packages/interfaces/interfaces_s__rosidl_typesupport_fastrtps_c.cpython-310-x86_64-linux-gnu.so
[24.426s] -- Set runtime path of "/home/insa/Desktop/VigiWheels2.0/raspberryPI3/install/interfaces/local/lib/python3.10/dist-packages/interfaces/interfaces_s__rosidl_typesupport_fastrtps_c.cpython-310-x86_64-linux-gnu.so" to ""
[24.426s] -- Installing: /home/insa/Desktop/VigiWheels2.0/raspberryPI3/install/interfaces/local/lib/python3.10/dist-packages/interfaces/interfaces_s__rosidl_typesupport_introspection_c.cpython-310-x86_64-linux-gnu.so
[24.426s] -- Set runtime path of "/home/insa/Desktop/VigiWheels2.0/raspberryPI3/install/interfaces/local/lib/python3.10/dist-packages/interfaces/interfaces_s__rosidl_typesupport_introspection_c.cpython-310-x86_64-linux-gnu.so" to ""
[24.427s] -- Installing: /home/insa/Desktop/VigiWheels2.0/raspberryPI3/install/interfaces/local/lib/python3.10/dist-packages/interfaces/interfaces_s__rosidl_typesupport_c.cpython-310-x86_64-linux-gnu.so
[24.427s] -- Set runtime path of "/home/insa/Desktop/VigiWheels2.0/raspberryPI3/install/interfaces/local/lib/python3.10/dist-packages/interfaces/interfaces_s__rosidl_typesupport_c.cpython-310-x86_64-linux-gnu.so" to ""
[24.427s] -- Installing: /home/insa/Desktop/VigiWheels2.0/raspberryPI3/install/interfaces/lib/libinterfaces__rosidl_generator_py.so
[24.427s] -- Set runtime path of "/home/insa/Desktop/VigiWheels2.0/raspberryPI3/install/interfaces/lib/libinterfaces__rosidl_generator_py.so" to ""
[24.428s] -- Installing: /home/insa/Desktop/VigiWheels2.0/raspberryPI3/install/interfaces/share/interfaces/msg/JoystickOrder.idl
[24.428s] -- Installing: /home/insa/Desktop/VigiWheels2.0/raspberryPI3/install/interfaces/share/interfaces/msg/MotorsOrder.idl
[24.428s] -- Installing: /home/insa/Desktop/VigiWheels2.0/raspberryPI3/install/interfaces/share/interfaces/msg/MotorsFeedback.idl
[24.428s] -- Installing: /home/insa/Desktop/VigiWheels2.0/raspberryPI3/install/interfaces/share/interfaces/msg/GeneralData.idl
[24.428s] -- Installing: /home/insa/Desktop/VigiWheels2.0/raspberryPI3/install/interfaces/share/interfaces/msg/SteeringCalibration.idl
[24.429s] -- Installing: /home/insa/Desktop/VigiWheels2.0/raspberryPI3/install/interfaces/share/interfaces/msg/Ultrasonic.idl
[24.429s] -- Installing: /home/insa/Desktop/VigiWheels2.0/raspberryPI3/install/interfaces/share/interfaces/msg/Gnss.idl
[24.429s] -- Installing: /home/insa/Desktop/VigiWheels2.0/raspberryPI3/install/interfaces/share/interfaces/msg/SystemCheck.idl
[24.429s] -- Installing: /home/insa/Desktop/VigiWheels2.0/raspberryPI3/install/interfaces/share/interfaces/msg/ManometerInfo.idl
[24.429s] -- Installing: /home/insa/Desktop/VigiWheels2.0/raspberryPI3/install/interfaces/share/interfaces/msg/ObstaclesOrder.idl
[24.429s] -- Installing: /home/insa/Desktop/VigiWheels2.0/raspberryPI3/install/interfaces/share/interfaces/msg/ServoCamOrder.idl
[24.429s] -- Installing: /home/insa/Desktop/VigiWheels2.0/raspberryPI3/install/interfaces/share/interfaces/msg/CamPosOrder.idl
[24.430s] -- Installing: /home/insa/Desktop/VigiWheels2.0/raspberryPI3/install/interfaces/share/interfaces/msg/FireSensor.idl
[24.430s] -- Installing: /home/insa/Desktop/VigiWheels2.0/raspberryPI3/install/interfaces/share/interfaces/msg/EmergencyAlertFire.idl
[24.430s] -- Installing: /home/insa/Desktop/VigiWheels2.0/raspberryPI3/install/interfaces/share/interfaces/msg/PressureLevel.idl
[24.430s] -- Installing: /home/insa/Desktop/VigiWheels2.0/raspberryPI3/install/interfaces/share/interfaces/msg/JoystickOrder.msg
[24.430s] -- Installing: /home/insa/Desktop/VigiWheels2.0/raspberryPI3/install/interfaces/share/interfaces/msg/MotorsOrder.msg
[24.430s] -- Installing: /home/insa/Desktop/VigiWheels2.0/raspberryPI3/install/interfaces/share/interfaces/msg/MotorsFeedback.msg
[24.430s] -- Installing: /home/insa/Desktop/VigiWheels2.0/raspberryPI3/install/interfaces/share/interfaces/msg/GeneralData.msg
[24.430s] -- Installing: /home/insa/Desktop/VigiWheels2.0/raspberryPI3/install/interfaces/share/interfaces/msg/SteeringCalibration.msg
[24.430s] -- Installing: /home/insa/Desktop/VigiWheels2.0/raspberryPI3/install/interfaces/share/interfaces/msg/Ultrasonic.msg
[24.431s] -- Installing: /home/insa/Desktop/VigiWheels2.0/raspberryPI3/install/interfaces/share/interfaces/msg/Gnss.msg
[24.431s] -- Installing: /home/insa/Desktop/VigiWheels2.0/raspberryPI3/install/interfaces/share/interfaces/msg/SystemCheck.msg
[24.431s] -- Installing: /home/insa/Desktop/VigiWheels2.0/raspberryPI3/install/interfaces/share/interfaces/msg/ManometerInfo.msg
[24.431s] -- Installing: /home/insa/Desktop/VigiWheels2.0/raspberryPI3/install/interfaces/share/interfaces/msg/ObstaclesOrder.msg
[24.431s] -- Installing: /home/insa/Desktop/VigiWheels2.0/raspberryPI3/install/interfaces/share/interfaces/msg/ServoCamOrder.msg
[24.431s] -- Installing: /home/insa/Desktop/VigiWheels2.0/raspberryPI3/install/interfaces/share/interfaces/msg/CamPosOrder.msg
[24.431s] -- Installing: /home/insa/Desktop/VigiWheels2.0/raspberryPI3/install/interfaces/share/interfaces/msg/FireSensor.msg
[24.432s] -- Installing: /home/insa/Desktop/VigiWheels2.0/raspberryPI3/install/interfaces/share/interfaces/msg/EmergencyAlertFire.msg
[24.432s] -- Installing: /home/insa/Desktop/VigiWheels2.0/raspberryPI3/install/interfaces/share/interfaces/msg/PressureLevel.msg
[24.432s] -- Installing: /home/insa/Desktop/VigiWheels2.0/raspberryPI3/install/interfaces/share/ament_index/resource_index/package_run_dependencies/interfaces
[24.432s] -- Installing: /home/insa/Desktop/VigiWheels2.0/raspberryPI3/install/interfaces/share/ament_index/resource_index/parent_prefix_path/interfaces
[24.432s] -- Installing: /home/insa/Desktop/VigiWheels2.0/raspberryPI3/install/interfaces/share/interfaces/environment/ament_prefix_path.sh
[24.432s] -- Installing: /home/insa/Desktop/VigiWheels2.0/raspberryPI3/install/interfaces/share/interfaces/environment/ament_prefix_path.dsv
[24.432s] -- Installing: /home/insa/Desktop/VigiWheels2.0/raspberryPI3/install/interfaces/share/interfaces/environment/path.sh
[24.432s] -- Installing: /home/insa/Desktop/VigiWheels2.0/raspberryPI3/install/interfaces/share/interfaces/environment/path.dsv
[24.433s] -- Installing: /home/insa/Desktop/VigiWheels2.0/raspberryPI3/install/interfaces/share/interfaces/local_setup.bash
[24.433s] -- Installing: /home/insa/Desktop/VigiWheels2.0/raspberryPI3/install/interfaces/share/interfaces/local_setup.sh
[24.433s] -- Installing: /home/insa/Desktop/VigiWheels2.0/raspberryPI3/install/interfaces/share/interfaces/local_setup.zsh
[24.433s] -- Installing: /home/insa/Desktop/VigiWheels2.0/raspberryPI3/install/interfaces/share/interfaces/local_setup.dsv
[24.433s] -- Installing: /home/insa/Desktop/VigiWheels2.0/raspberryPI3/install/interfaces/share/interfaces/package.dsv
[24.433s] -- Installing: /home/insa/Desktop/VigiWheels2.0/raspberryPI3/install/interfaces/share/ament_index/resource_index/packages/interfaces
[24.433s] -- Installing: /home/insa/Desktop/VigiWheels2.0/raspberryPI3/install/interfaces/share/interfaces/cmake/export_interfaces__rosidl_generator_cExport.cmake
[24.433s] -- Installing: /home/insa/Desktop/VigiWheels2.0/raspberryPI3/install/interfaces/share/interfaces/cmake/export_interfaces__rosidl_generator_cExport-noconfig.cmake
[24.434s] -- Installing: /home/insa/Desktop/VigiWheels2.0/raspberryPI3/install/interfaces/share/interfaces/cmake/export_interfaces__rosidl_typesupport_fastrtps_cExport.cmake
[24.434s] -- Installing: /home/insa/Desktop/VigiWheels2.0/raspberryPI3/install/interfaces/share/interfaces/cmake/export_interfaces__rosidl_typesupport_fastrtps_cExport-noconfig.cmake
[24.434s] -- Installing: /home/insa/Desktop/VigiWheels2.0/raspberryPI3/install/interfaces/share/interfaces/cmake/export_interfaces__rosidl_generator_cppExport.cmake
[24.434s] -- Installing: /home/insa/Desktop/VigiWheels2.0/raspberryPI3/install/interfaces/share/interfaces/cmake/export_interfaces__rosidl_typesupport_fastrtps_cppExport.cmake
[24.434s] -- Installing: /home/insa/Desktop/VigiWheels2.0/raspberryPI3/install/interfaces/share/interfaces/cmake/export_interfaces__rosidl_typesupport_fastrtps_cppExport-noconfig.cmake
[24.434s] -- Installing: /home/insa/Desktop/VigiWheels2.0/raspberryPI3/install/interfaces/share/interfaces/cmake/interfaces__rosidl_typesupport_introspection_cExport.cmake
[24.434s] -- Installing: /home/insa/Desktop/VigiWheels2.0/raspberryPI3/install/interfaces/share/interfaces/cmake/interfaces__rosidl_typesupport_introspection_cExport-noconfig.cmake
[24.435s] -- Installing: /home/insa/Desktop/VigiWheels2.0/raspberryPI3/install/interfaces/share/interfaces/cmake/interfaces__rosidl_typesupport_cExport.cmake
[24.435s] -- Installing: /home/insa/Desktop/VigiWheels2.0/raspberryPI3/install/interfaces/share/interfaces/cmake/interfaces__rosidl_typesupport_cExport-noconfig.cmake
[24.435s] -- Installing: /home/insa/Desktop/VigiWheels2.0/raspberryPI3/install/interfaces/share/interfaces/cmake/interfaces__rosidl_typesupport_introspection_cppExport.cmake
[24.435s] -- Installing: /home/insa/Desktop/VigiWheels2.0/raspberryPI3/install/interfaces/share/interfaces/cmake/interfaces__rosidl_typesupport_introspection_cppExport-noconfig.cmake
[24.435s] -- Installing: /home/insa/Desktop/VigiWheels2.0/raspberryPI3/install/interfaces/share/interfaces/cmake/interfaces__rosidl_typesupport_cppExport.cmake
[24.435s] -- Installing: /home/insa/Desktop/VigiWheels2.0/raspberryPI3/install/interfaces/share/interfaces/cmake/interfaces__rosidl_typesupport_cppExport-noconfig.cmake
[24.435s] -- Installing: /home/insa/Desktop/VigiWheels2.0/raspberryPI3/install/interfaces/share/interfaces/cmake/export_interfaces__rosidl_generator_pyExport.cmake
[24.435s] -- Installing: /home/insa/Desktop/VigiWheels2.0/raspberryPI3/install/interfaces/share/interfaces/cmake/export_interfaces__rosidl_generator_pyExport-noconfig.cmake
[24.436s] -- Installing: /home/insa/Desktop/VigiWheels2.0/raspberryPI3/install/interfaces/share/interfaces/cmake/rosidl_cmake-extras.cmake
[24.436s] -- Installing: /home/insa/Desktop/VigiWheels2.0/raspberryPI3/install/interfaces/share/interfaces/cmake/ament_cmake_export_include_directories-extras.cmake
[24.436s] -- Installing: /home/insa/Desktop/VigiWheels2.0/raspberryPI3/install/interfaces/share/interfaces/cmake/ament_cmake_export_libraries-extras.cmake
[24.437s] -- Installing: /home/insa/Desktop/VigiWheels2.0/raspberryPI3/install/interfaces/share/interfaces/cmake/ament_cmake_export_targets-extras.cmake
[24.437s] -- Installing: /home/insa/Desktop/VigiWheels2.0/raspberryPI3/install/interfaces/share/interfaces/cmake/rosidl_cmake_export_typesupport_targets-extras.cmake
[24.437s] -- Installing: /home/insa/Desktop/VigiWheels2.0/raspberryPI3/install/interfaces/share/interfaces/cmake/ament_cmake_export_dependencies-extras.cmake
[24.438s] -- Installing: /home/insa/Desktop/VigiWheels2.0/raspberryPI3/install/interfaces/share/interfaces/cmake/rosidl_cmake_export_typesupport_libraries-extras.cmake
[24.438s] -- Installing: /home/insa/Desktop/VigiWheels2.0/raspberryPI3/install/interfaces/share/interfaces/cmake/interfacesConfig.cmake
[24.438s] -- Installing: /home/insa/Desktop/VigiWheels2.0/raspberryPI3/install/interfaces/share/interfaces/cmake/interfacesConfig-version.cmake
[24.438s] -- Installing: /home/insa/Desktop/VigiWheels2.0/raspberryPI3/install/interfaces/share/interfaces/package.xml
[24.441s] Invoked command in '/home/insa/Desktop/VigiWheels2.0/raspberryPI3/build/interfaces' returned '0': CMAKE_PREFIX_PATH=${CMAKE_PREFIX_PATH}:/opt/ros/humble /usr/bin/cmake --install /home/insa/Desktop/VigiWheels2.0/raspberryPI3/build/interfaces
