-- Found ament_cmake: 1.3.5 (/opt/ros/humble/share/ament_cmake/cmake)
-- Found rclcpp: 16.0.6 (/opt/ros/humble/share/rclcpp/cmake)
-- Found rosidl_generator_c: 3.1.5 (/opt/ros/humble/share/rosidl_generator_c/cmake)
-- Found rosidl_adapter: 3.1.5 (/opt/ros/humble/share/rosidl_adapter/cmake)
-- Found rosidl_generator_cpp: 3.1.5 (/opt/ros/humble/share/rosidl_generator_cpp/cmake)
-- Using all available rosidl_typesupport_c: rosidl_typesupport_fastrtps_c;rosidl_typesupport_introspection_c
-- Using all available rosidl_typesupport_cpp: rosidl_typesupport_fastrtps_cpp;rosidl_typesupport_introspection_cpp
-- Found rmw_implementation_cmake: 6.1.1 (/opt/ros/humble/share/rmw_implementation_cmake/cmake)
-- Found rmw_fastrtps_cpp: 6.2.4 (/opt/ros/humble/share/rmw_fastrtps_cpp/cmake)
-- Using RMW implementation 'rmw_fastrtps_cpp' as default
-- Found example_interfaces: 0.9.3 (/opt/ros/humble/share/example_interfaces/cmake)
-- Found my_robot_interfaces: 0.0.0 (/home/insa/ros2_ws/install/my_robot_interfaces/share/my_robot_interfaces/cmake)
-- Found interfaces: 0.0.0 (/home/insa/Desktop/VigiWheels/raspberryPI3/ros2_ws/install/interfaces/share/interfaces/cmake)
-- Configuring done
-- Generating done
-- Build files have been written to: /home/insa/Desktop/VigiWheels/raspberryPI3/ros2_ws/build/fire_detection
[35m[1mConsolidate compiler generated dependencies of target serial_reading_node[0m
[ 50%] [32mBuilding CXX object CMakeFiles/serial_reading_node.dir/src/serial_reading.cpp.o[0m
[100%] [32m[1mLinking CXX executable serial_reading_node[0m
[100%] Built target serial_reading_node
-- Install configuration: ""
-- Installing: /home/insa/Desktop/VigiWheels/raspberryPI3/ros2_ws/install/fire_detection/lib/fire_detection/serial_reading_node
-- Set runtime path of "/home/insa/Desktop/VigiWheels/raspberryPI3/ros2_ws/install/fire_detection/lib/fire_detection/serial_reading_node" to ""
-- Installing: /home/insa/Desktop/VigiWheels/raspberryPI3/ros2_ws/install/fire_detection/share/ament_index/resource_index/package_run_dependencies/fire_detection
-- Installing: /home/insa/Desktop/VigiWheels/raspberryPI3/ros2_ws/install/fire_detection/share/ament_index/resource_index/parent_prefix_path/fire_detection
-- Up-to-date: /home/insa/Desktop/VigiWheels/raspberryPI3/ros2_ws/install/fire_detection/share/fire_detection/environment/ament_prefix_path.sh
-- Installing: /home/insa/Desktop/VigiWheels/raspberryPI3/ros2_ws/install/fire_detection/share/fire_detection/environment/ament_prefix_path.dsv
-- Up-to-date: /home/insa/Desktop/VigiWheels/raspberryPI3/ros2_ws/install/fire_detection/share/fire_detection/environment/path.sh
-- Installing: /home/insa/Desktop/VigiWheels/raspberryPI3/ros2_ws/install/fire_detection/share/fire_detection/environment/path.dsv
-- Up-to-date: /home/insa/Desktop/VigiWheels/raspberryPI3/ros2_ws/install/fire_detection/share/fire_detection/local_setup.bash
-- Up-to-date: /home/insa/Desktop/VigiWheels/raspberryPI3/ros2_ws/install/fire_detection/share/fire_detection/local_setup.sh
-- Up-to-date: /home/insa/Desktop/VigiWheels/raspberryPI3/ros2_ws/install/fire_detection/share/fire_detection/local_setup.zsh
-- Installing: /home/insa/Desktop/VigiWheels/raspberryPI3/ros2_ws/install/fire_detection/share/fire_detection/local_setup.dsv
-- Installing: /home/insa/Desktop/VigiWheels/raspberryPI3/ros2_ws/install/fire_detection/share/fire_detection/package.dsv
-- Up-to-date: /home/insa/Desktop/VigiWheels/raspberryPI3/ros2_ws/install/fire_detection/share/ament_index/resource_index/packages/fire_detection
-- Up-to-date: /home/insa/Desktop/VigiWheels/raspberryPI3/ros2_ws/install/fire_detection/share/fire_detection/cmake/fire_detectionConfig.cmake
-- Up-to-date: /home/insa/Desktop/VigiWheels/raspberryPI3/ros2_ws/install/fire_detection/share/fire_detection/cmake/fire_detectionConfig-version.cmake
-- Installing: /home/insa/Desktop/VigiWheels/raspberryPI3/ros2_ws/install/fire_detection/share/fire_detection/package.xml
