[  3%] Built target carla_msgs__cpp
[ 12%] Built target carla_msgs__rosidl_generator_c
[ 12%] Built target ament_cmake_python_copy_carla_msgs
[ 22%] Built target carla_msgs__rosidl_typesupport_cpp
[ 32%] Built target carla_msgs__rosidl_typesupport_fastrtps_cpp
[ 41%] Built target carla_msgs__rosidl_typesupport_introspection_cpp
[ 54%] Built target carla_msgs__rosidl_typesupport_introspection_c
[ 67%] Built target carla_msgs__rosidl_typesupport_fastrtps_c
[ 70%] Built target carla_msgs__rosidl_typesupport_c
[ 70%] Built target carla_msgs
[ 74%] Built target carla_msgs__py
[ 80%] Built target carla_msgs__rosidl_generator_py
[ 87%] Built target carla_msgs__rosidl_typesupport_introspection_c__pyext
[ 93%] Built target carla_msgs__rosidl_typesupport_fastrtps_c__pyext
[100%] Built target carla_msgs__rosidl_typesupport_c__pyext
running egg_info
writing carla_msgs.egg-info/PKG-INFO
writing dependency_links to carla_msgs.egg-info/dependency_links.txt
writing top-level names to carla_msgs.egg-info/top_level.txt
reading manifest file 'carla_msgs.egg-info/SOURCES.txt'
writing manifest file 'carla_msgs.egg-info/SOURCES.txt'
[100%] Built target ament_cmake_python_build_carla_msgs_egg
