[0.051s] Invoking command in '/home/insa/Desktop/VigiWheels/raspberryPI3/ros2_ws/build/serial_port': CMAKE_PREFIX_PATH=/home/insa/Desktop/VigiWheels/raspberryPI3/ros2_ws/install/interfaces:/home/insa/Desktop/VigiWheels/raspberryPI3/ros2_ws/install/fire_detection:/home/insa/ros2_ws/install/my_fire_pkg:/home/insa/ros2_ws/install/demo_sensor_pkg:/home/insa/ros2_ws/install/my_robot_interfaces:/home/insa/ros2_ws/install/my_cpp_pkg:/home/insa/ros2_ws/install/johann_cpp_pkg:/opt/ros/humble /usr/bin/cmake /home/insa/Desktop/VigiWheels/raspberryPI3/ros2_ws/src/serial_port -DCMAKE_INSTALL_PREFIX=/home/insa/Desktop/VigiWheels/raspberryPI3/ros2_ws/install/serial_port
[0.058s] -- Found ament_cmake: 1.3.5 (/opt/ros/humble/share/ament_cmake/cmake)
[0.155s] -- Found rclcpp: 16.0.6 (/opt/ros/humble/share/rclcpp/cmake)
[0.173s] -- Found rosidl_generator_c: 3.1.5 (/opt/ros/humble/share/rosidl_generator_c/cmake)
[0.174s] -- Found rosidl_adapter: 3.1.5 (/opt/ros/humble/share/rosidl_adapter/cmake)
[0.177s] -- Found rosidl_generator_cpp: 3.1.5 (/opt/ros/humble/share/rosidl_generator_cpp/cmake)
[0.184s] -- Using all available rosidl_typesupport_c: rosidl_typesupport_fastrtps_c;rosidl_typesupport_introspection_c
[0.194s] -- Using all available rosidl_typesupport_cpp: rosidl_typesupport_fastrtps_cpp;rosidl_typesupport_introspection_cpp
[0.230s] -- Found rmw_implementation_cmake: 6.1.1 (/opt/ros/humble/share/rmw_implementation_cmake/cmake)
[0.231s] -- Found rmw_fastrtps_cpp: 6.2.4 (/opt/ros/humble/share/rmw_fastrtps_cpp/cmake)
[0.310s] -- Using RMW implementation 'rmw_fastrtps_cpp' as default
[0.409s] -- Found interfaces: 0.0.0 (/home/insa/Desktop/VigiWheels/raspberryPI3/ros2_ws/install/interfaces/share/interfaces/cmake)
[0.464s] -- Configuring done
[0.470s] -- Generating done
[0.471s] -- Build files have been written to: /home/insa/Desktop/VigiWheels/raspberryPI3/ros2_ws/build/serial_port
[0.476s] Invoked command in '/home/insa/Desktop/VigiWheels/raspberryPI3/ros2_ws/build/serial_port' returned '0': CMAKE_PREFIX_PATH=/home/insa/Desktop/VigiWheels/raspberryPI3/ros2_ws/install/interfaces:/home/insa/Desktop/VigiWheels/raspberryPI3/ros2_ws/install/fire_detection:/home/insa/ros2_ws/install/my_fire_pkg:/home/insa/ros2_ws/install/demo_sensor_pkg:/home/insa/ros2_ws/install/my_robot_interfaces:/home/insa/ros2_ws/install/my_cpp_pkg:/home/insa/ros2_ws/install/johann_cpp_pkg:/opt/ros/humble /usr/bin/cmake /home/insa/Desktop/VigiWheels/raspberryPI3/ros2_ws/src/serial_port -DCMAKE_INSTALL_PREFIX=/home/insa/Desktop/VigiWheels/raspberryPI3/ros2_ws/install/serial_port
[0.477s] Invoking command in '/home/insa/Desktop/VigiWheels/raspberryPI3/ros2_ws/build/serial_port': CMAKE_PREFIX_PATH=/home/insa/Desktop/VigiWheels/raspberryPI3/ros2_ws/install/interfaces:/home/insa/Desktop/VigiWheels/raspberryPI3/ros2_ws/install/fire_detection:/home/insa/ros2_ws/install/my_fire_pkg:/home/insa/ros2_ws/install/demo_sensor_pkg:/home/insa/ros2_ws/install/my_robot_interfaces:/home/insa/ros2_ws/install/my_cpp_pkg:/home/insa/ros2_ws/install/johann_cpp_pkg:/opt/ros/humble /usr/bin/cmake --build /home/insa/Desktop/VigiWheels/raspberryPI3/ros2_ws/build/serial_port -- -j8 -l8
[0.512s] [ 25%] [32mBuilding CXX object CMakeFiles/serial_reading_node.dir/src/serial_reading.cpp.o[0m
[0.512s] [ 50%] [32mBuilding CXX object CMakeFiles/serial_writing_node.dir/src/serial_writing.cpp.o[0m
[3.560s] [ 75%] [32m[1mLinking CXX executable serial_reading_node[0m
[3.691s] [ 75%] Built target serial_reading_node
[6.084s] [100%] [32m[1mLinking CXX executable serial_writing_node[0m
[6.339s] [100%] Built target serial_writing_node
[6.347s] Invoked command in '/home/insa/Desktop/VigiWheels/raspberryPI3/ros2_ws/build/serial_port' returned '0': CMAKE_PREFIX_PATH=/home/insa/Desktop/VigiWheels/raspberryPI3/ros2_ws/install/interfaces:/home/insa/Desktop/VigiWheels/raspberryPI3/ros2_ws/install/fire_detection:/home/insa/ros2_ws/install/my_fire_pkg:/home/insa/ros2_ws/install/demo_sensor_pkg:/home/insa/ros2_ws/install/my_robot_interfaces:/home/insa/ros2_ws/install/my_cpp_pkg:/home/insa/ros2_ws/install/johann_cpp_pkg:/opt/ros/humble /usr/bin/cmake --build /home/insa/Desktop/VigiWheels/raspberryPI3/ros2_ws/build/serial_port -- -j8 -l8
[6.372s] Invoking command in '/home/insa/Desktop/VigiWheels/raspberryPI3/ros2_ws/build/serial_port': CMAKE_PREFIX_PATH=/home/insa/Desktop/VigiWheels/raspberryPI3/ros2_ws/install/interfaces:/home/insa/Desktop/VigiWheels/raspberryPI3/ros2_ws/install/fire_detection:/home/insa/ros2_ws/install/my_fire_pkg:/home/insa/ros2_ws/install/demo_sensor_pkg:/home/insa/ros2_ws/install/my_robot_interfaces:/home/insa/ros2_ws/install/my_cpp_pkg:/home/insa/ros2_ws/install/johann_cpp_pkg:/opt/ros/humble /usr/bin/cmake --install /home/insa/Desktop/VigiWheels/raspberryPI3/ros2_ws/build/serial_port
[6.377s] -- Install configuration: ""
[6.377s] -- Installing: /home/insa/Desktop/VigiWheels/raspberryPI3/ros2_ws/install/serial_port/lib/serial_port/serial_reading_node
[6.378s] -- Set runtime path of "/home/insa/Desktop/VigiWheels/raspberryPI3/ros2_ws/install/serial_port/lib/serial_port/serial_reading_node" to ""
[6.378s] -- Installing: /home/insa/Desktop/VigiWheels/raspberryPI3/ros2_ws/install/serial_port/lib/serial_port/serial_writing_node
[6.380s] -- Set runtime path of "/home/insa/Desktop/VigiWheels/raspberryPI3/ros2_ws/install/serial_port/lib/serial_port/serial_writing_node" to ""
[6.380s] -- Installing: /home/insa/Desktop/VigiWheels/raspberryPI3/ros2_ws/install/serial_port/share/ament_index/resource_index/package_run_dependencies/serial_port
[6.380s] -- Installing: /home/insa/Desktop/VigiWheels/raspberryPI3/ros2_ws/install/serial_port/share/ament_index/resource_index/parent_prefix_path/serial_port
[6.380s] -- Installing: /home/insa/Desktop/VigiWheels/raspberryPI3/ros2_ws/install/serial_port/share/serial_port/environment/ament_prefix_path.sh
[6.380s] -- Installing: /home/insa/Desktop/VigiWheels/raspberryPI3/ros2_ws/install/serial_port/share/serial_port/environment/ament_prefix_path.dsv
[6.380s] -- Installing: /home/insa/Desktop/VigiWheels/raspberryPI3/ros2_ws/install/serial_port/share/serial_port/environment/path.sh
[6.380s] -- Installing: /home/insa/Desktop/VigiWheels/raspberryPI3/ros2_ws/install/serial_port/share/serial_port/environment/path.dsv
[6.380s] -- Installing: /home/insa/Desktop/VigiWheels/raspberryPI3/ros2_ws/install/serial_port/share/serial_port/local_setup.bash
[6.380s] -- Installing: /home/insa/Desktop/VigiWheels/raspberryPI3/ros2_ws/install/serial_port/share/serial_port/local_setup.sh
[6.380s] -- Installing: /home/insa/Desktop/VigiWheels/raspberryPI3/ros2_ws/install/serial_port/share/serial_port/local_setup.zsh
[6.380s] -- Installing: /home/insa/Desktop/VigiWheels/raspberryPI3/ros2_ws/install/serial_port/share/serial_port/local_setup.dsv
[6.381s] -- Installing: /home/insa/Desktop/VigiWheels/raspberryPI3/ros2_ws/install/serial_port/share/serial_port/package.dsv
[6.381s] -- Installing: /home/insa/Desktop/VigiWheels/raspberryPI3/ros2_ws/install/serial_port/share/ament_index/resource_index/packages/serial_port
[6.381s] -- Installing: /home/insa/Desktop/VigiWheels/raspberryPI3/ros2_ws/install/serial_port/share/serial_port/cmake/serial_portConfig.cmake
[6.381s] -- Installing: /home/insa/Desktop/VigiWheels/raspberryPI3/ros2_ws/install/serial_port/share/serial_port/cmake/serial_portConfig-version.cmake
[6.381s] -- Installing: /home/insa/Desktop/VigiWheels/raspberryPI3/ros2_ws/install/serial_port/share/serial_port/package.xml
[6.382s] Invoked command in '/home/insa/Desktop/VigiWheels/raspberryPI3/ros2_ws/build/serial_port' returned '0': CMAKE_PREFIX_PATH=/home/insa/Desktop/VigiWheels/raspberryPI3/ros2_ws/install/interfaces:/home/insa/Desktop/VigiWheels/raspberryPI3/ros2_ws/install/fire_detection:/home/insa/ros2_ws/install/my_fire_pkg:/home/insa/ros2_ws/install/demo_sensor_pkg:/home/insa/ros2_ws/install/my_robot_interfaces:/home/insa/ros2_ws/install/my_cpp_pkg:/home/insa/ros2_ws/install/johann_cpp_pkg:/opt/ros/humble /usr/bin/cmake --install /home/insa/Desktop/VigiWheels/raspberryPI3/ros2_ws/build/serial_port
