[0.577s] DEBUG:colcon:Command line arguments: ['/usr/bin/colcon', 'build', '--packages-select', 'serial_port']
[0.577s] DEBUG:colcon:Parsed command line arguments: Namespace(log_base=None, log_level=None, verb_name='build', build_base='build', install_base='install', merge_install=False, symlink_install=False, test_result_base=None, continue_on_error=False, executor='parallel', parallel_workers=8, event_handlers=None, ignore_user_meta=False, metas=['./colcon.meta'], base_paths=['.'], packages_ignore=None, packages_ignore_regex=None, paths=None, packages_up_to=None, packages_up_to_regex=None, packages_above=None, packages_above_and_dependencies=None, packages_above_depth=None, packages_select_by_dep=None, packages_skip_by_dep=None, packages_skip_up_to=None, packages_select_build_failed=False, packages_skip_build_finished=False, packages_select_test_failures=False, packages_skip_test_passed=False, packages_select=['serial_port'], packages_skip=None, packages_select_regex=None, packages_skip_regex=None, packages_start=None, packages_end=None, allow_overriding=[], cmake_args=None, cmake_target=None, cmake_target_skip_unavailable=False, cmake_clean_cache=False, cmake_clean_first=False, cmake_force_configure=False, ament_cmake_args=None, catkin_cmake_args=None, catkin_skip_building_tests=False, verb_parser=<colcon_defaults.argument_parser.defaults.DefaultArgumentsDecorator object at 0x7f08549e4a60>, verb_extension=<colcon_core.verb.build.BuildVerb object at 0x7f08549e78e0>, main=<bound method BuildVerb.main of <colcon_core.verb.build.BuildVerb object at 0x7f08549e78e0>>)
[0.605s] Level 1:colcon.colcon_core.package_discovery:discover_packages(colcon_meta) check parameters
[0.605s] Level 1:colcon.colcon_core.package_discovery:discover_packages(recursive) check parameters
[0.605s] Level 1:colcon.colcon_core.package_discovery:discover_packages(ignore) check parameters
[0.605s] Level 1:colcon.colcon_core.package_discovery:discover_packages(path) check parameters
[0.605s] Level 1:colcon.colcon_core.package_discovery:discover_packages(colcon_meta) discover
[0.605s] Level 1:colcon.colcon_core.package_discovery:discover_packages(recursive) discover
[0.605s] INFO:colcon.colcon_core.package_discovery:Crawling recursively for packages in '/home/insa/Desktop/VigiWheels/raspberryPI3/ros2_ws'
[0.605s] Level 1:colcon.colcon_core.package_identification:_identify(.) by extensions ['ignore', 'ignore_ament_install']
[0.605s] Level 1:colcon.colcon_core.package_identification:_identify(.) by extension 'ignore'
[0.605s] Level 1:colcon.colcon_core.package_identification:_identify(.) by extension 'ignore_ament_install'
[0.605s] Level 1:colcon.colcon_core.package_identification:_identify(.) by extensions ['colcon_pkg']
[0.605s] Level 1:colcon.colcon_core.package_identification:_identify(.) by extension 'colcon_pkg'
[0.605s] Level 1:colcon.colcon_core.package_identification:_identify(.) by extensions ['colcon_meta']
[0.605s] Level 1:colcon.colcon_core.package_identification:_identify(.) by extension 'colcon_meta'
[0.605s] Level 1:colcon.colcon_core.package_identification:_identify(.) by extensions ['ros']
[0.605s] Level 1:colcon.colcon_core.package_identification:_identify(.) by extension 'ros'
[0.613s] Level 1:colcon.colcon_core.package_identification:_identify(.) by extensions ['cmake', 'python']
[0.613s] Level 1:colcon.colcon_core.package_identification:_identify(.) by extension 'cmake'
[0.613s] Level 1:colcon.colcon_core.package_identification:_identify(.) by extension 'python'
[0.613s] Level 1:colcon.colcon_core.package_identification:_identify(.) by extensions ['python_setup_py']
[0.613s] Level 1:colcon.colcon_core.package_identification:_identify(.) by extension 'python_setup_py'
[0.613s] Level 1:colcon.colcon_core.package_identification:_identify(build) by extensions ['ignore', 'ignore_ament_install']
[0.613s] Level 1:colcon.colcon_core.package_identification:_identify(build) by extension 'ignore'
[0.613s] Level 1:colcon.colcon_core.package_identification:_identify(build) ignored
[0.613s] Level 1:colcon.colcon_core.package_identification:_identify(install) by extensions ['ignore', 'ignore_ament_install']
[0.613s] Level 1:colcon.colcon_core.package_identification:_identify(install) by extension 'ignore'
[0.613s] Level 1:colcon.colcon_core.package_identification:_identify(install) ignored
[0.613s] Level 1:colcon.colcon_core.package_identification:_identify(log) by extensions ['ignore', 'ignore_ament_install']
[0.613s] Level 1:colcon.colcon_core.package_identification:_identify(log) by extension 'ignore'
[0.613s] Level 1:colcon.colcon_core.package_identification:_identify(log) ignored
[0.613s] Level 1:colcon.colcon_core.package_identification:_identify(src) by extensions ['ignore', 'ignore_ament_install']
[0.613s] Level 1:colcon.colcon_core.package_identification:_identify(src) by extension 'ignore'
[0.614s] Level 1:colcon.colcon_core.package_identification:_identify(src) by extension 'ignore_ament_install'
[0.614s] Level 1:colcon.colcon_core.package_identification:_identify(src) by extensions ['colcon_pkg']
[0.614s] Level 1:colcon.colcon_core.package_identification:_identify(src) by extension 'colcon_pkg'
[0.614s] Level 1:colcon.colcon_core.package_identification:_identify(src) by extensions ['colcon_meta']
[0.614s] Level 1:colcon.colcon_core.package_identification:_identify(src) by extension 'colcon_meta'
[0.614s] Level 1:colcon.colcon_core.package_identification:_identify(src) by extensions ['ros']
[0.614s] Level 1:colcon.colcon_core.package_identification:_identify(src) by extension 'ros'
[0.614s] Level 1:colcon.colcon_core.package_identification:_identify(src) by extensions ['cmake', 'python']
[0.614s] Level 1:colcon.colcon_core.package_identification:_identify(src) by extension 'cmake'
[0.614s] Level 1:colcon.colcon_core.package_identification:_identify(src) by extension 'python'
[0.614s] Level 1:colcon.colcon_core.package_identification:_identify(src) by extensions ['python_setup_py']
[0.614s] Level 1:colcon.colcon_core.package_identification:_identify(src) by extension 'python_setup_py'
[0.614s] Level 1:colcon.colcon_core.package_identification:_identify(src/build) by extensions ['ignore', 'ignore_ament_install']
[0.614s] Level 1:colcon.colcon_core.package_identification:_identify(src/build) by extension 'ignore'
[0.614s] Level 1:colcon.colcon_core.package_identification:_identify(src/build) ignored
[0.614s] Level 1:colcon.colcon_core.package_identification:_identify(src/can) by extensions ['ignore', 'ignore_ament_install']
[0.614s] Level 1:colcon.colcon_core.package_identification:_identify(src/can) by extension 'ignore'
[0.614s] Level 1:colcon.colcon_core.package_identification:_identify(src/can) by extension 'ignore_ament_install'
[0.614s] Level 1:colcon.colcon_core.package_identification:_identify(src/can) by extensions ['colcon_pkg']
[0.614s] Level 1:colcon.colcon_core.package_identification:_identify(src/can) by extension 'colcon_pkg'
[0.614s] Level 1:colcon.colcon_core.package_identification:_identify(src/can) by extensions ['colcon_meta']
[0.614s] Level 1:colcon.colcon_core.package_identification:_identify(src/can) by extension 'colcon_meta'
[0.614s] Level 1:colcon.colcon_core.package_identification:_identify(src/can) by extensions ['ros']
[0.614s] Level 1:colcon.colcon_core.package_identification:_identify(src/can) by extension 'ros'
[0.616s] DEBUG:colcon.colcon_core.package_identification:Package 'src/can' with type 'ros.ament_cmake' and name 'can'
[0.616s] Level 1:colcon.colcon_core.package_identification:_identify(src/car_control) by extensions ['ignore', 'ignore_ament_install']
[0.616s] Level 1:colcon.colcon_core.package_identification:_identify(src/car_control) by extension 'ignore'
[0.616s] Level 1:colcon.colcon_core.package_identification:_identify(src/car_control) by extension 'ignore_ament_install'
[0.616s] Level 1:colcon.colcon_core.package_identification:_identify(src/car_control) by extensions ['colcon_pkg']
[0.616s] Level 1:colcon.colcon_core.package_identification:_identify(src/car_control) by extension 'colcon_pkg'
[0.616s] Level 1:colcon.colcon_core.package_identification:_identify(src/car_control) by extensions ['colcon_meta']
[0.616s] Level 1:colcon.colcon_core.package_identification:_identify(src/car_control) by extension 'colcon_meta'
[0.616s] Level 1:colcon.colcon_core.package_identification:_identify(src/car_control) by extensions ['ros']
[0.616s] Level 1:colcon.colcon_core.package_identification:_identify(src/car_control) by extension 'ros'
[0.616s] DEBUG:colcon.colcon_core.package_identification:Package 'src/car_control' with type 'ros.ament_cmake' and name 'car_control'
[0.617s] Level 1:colcon.colcon_core.package_identification:_identify(src/carla_msgs) by extensions ['ignore', 'ignore_ament_install']
[0.617s] Level 1:colcon.colcon_core.package_identification:_identify(src/carla_msgs) by extension 'ignore'
[0.617s] Level 1:colcon.colcon_core.package_identification:_identify(src/carla_msgs) by extension 'ignore_ament_install'
[0.617s] Level 1:colcon.colcon_core.package_identification:_identify(src/carla_msgs) by extensions ['colcon_pkg']
[0.617s] Level 1:colcon.colcon_core.package_identification:_identify(src/carla_msgs) by extension 'colcon_pkg'
[0.617s] Level 1:colcon.colcon_core.package_identification:_identify(src/carla_msgs) by extensions ['colcon_meta']
[0.617s] Level 1:colcon.colcon_core.package_identification:_identify(src/carla_msgs) by extension 'colcon_meta'
[0.617s] Level 1:colcon.colcon_core.package_identification:_identify(src/carla_msgs) by extensions ['ros']
[0.617s] Level 1:colcon.colcon_core.package_identification:_identify(src/carla_msgs) by extension 'ros'
[0.617s] DEBUG:colcon.colcon_core.package_identification:Package 'src/carla_msgs' with type 'ros.ament_cmake' and name 'carla_msgs'
[0.617s] Level 1:colcon.colcon_core.package_identification:_identify(src/fire_detection) by extensions ['ignore', 'ignore_ament_install']
[0.617s] Level 1:colcon.colcon_core.package_identification:_identify(src/fire_detection) by extension 'ignore'
[0.617s] Level 1:colcon.colcon_core.package_identification:_identify(src/fire_detection) by extension 'ignore_ament_install'
[0.617s] Level 1:colcon.colcon_core.package_identification:_identify(src/fire_detection) by extensions ['colcon_pkg']
[0.617s] Level 1:colcon.colcon_core.package_identification:_identify(src/fire_detection) by extension 'colcon_pkg'
[0.617s] Level 1:colcon.colcon_core.package_identification:_identify(src/fire_detection) by extensions ['colcon_meta']
[0.617s] Level 1:colcon.colcon_core.package_identification:_identify(src/fire_detection) by extension 'colcon_meta'
[0.617s] Level 1:colcon.colcon_core.package_identification:_identify(src/fire_detection) by extensions ['ros']
[0.617s] Level 1:colcon.colcon_core.package_identification:_identify(src/fire_detection) by extension 'ros'
[0.618s] DEBUG:colcon.colcon_core.package_identification:Package 'src/fire_detection' with type 'ros.ament_cmake' and name 'fire_detection'
[0.618s] Level 1:colcon.colcon_core.package_identification:_identify(src/geicar_start) by extensions ['ignore', 'ignore_ament_install']
[0.618s] Level 1:colcon.colcon_core.package_identification:_identify(src/geicar_start) by extension 'ignore'
[0.618s] Level 1:colcon.colcon_core.package_identification:_identify(src/geicar_start) by extension 'ignore_ament_install'
[0.618s] Level 1:colcon.colcon_core.package_identification:_identify(src/geicar_start) by extensions ['colcon_pkg']
[0.618s] Level 1:colcon.colcon_core.package_identification:_identify(src/geicar_start) by extension 'colcon_pkg'
[0.618s] Level 1:colcon.colcon_core.package_identification:_identify(src/geicar_start) by extensions ['colcon_meta']
[0.618s] Level 1:colcon.colcon_core.package_identification:_identify(src/geicar_start) by extension 'colcon_meta'
[0.618s] Level 1:colcon.colcon_core.package_identification:_identify(src/geicar_start) by extensions ['ros']
[0.618s] Level 1:colcon.colcon_core.package_identification:_identify(src/geicar_start) by extension 'ros'
[0.618s] DEBUG:colcon.colcon_core.package_identification:Package 'src/geicar_start' with type 'ros.ament_cmake' and name 'geicar_start'
[0.618s] Level 1:colcon.colcon_core.package_identification:_identify(src/imu_tools) by extensions ['ignore', 'ignore_ament_install']
[0.618s] Level 1:colcon.colcon_core.package_identification:_identify(src/imu_tools) by extension 'ignore'
[0.618s] Level 1:colcon.colcon_core.package_identification:_identify(src/imu_tools) by extension 'ignore_ament_install'
[0.618s] Level 1:colcon.colcon_core.package_identification:_identify(src/imu_tools) by extensions ['colcon_pkg']
[0.618s] Level 1:colcon.colcon_core.package_identification:_identify(src/imu_tools) by extension 'colcon_pkg'
[0.618s] Level 1:colcon.colcon_core.package_identification:_identify(src/imu_tools) by extensions ['colcon_meta']
[0.619s] Level 1:colcon.colcon_core.package_identification:_identify(src/imu_tools) by extension 'colcon_meta'
[0.619s] Level 1:colcon.colcon_core.package_identification:_identify(src/imu_tools) by extensions ['ros']
[0.619s] Level 1:colcon.colcon_core.package_identification:_identify(src/imu_tools) by extension 'ros'
[0.619s] Level 1:colcon.colcon_core.package_identification:_identify(src/imu_tools) by extensions ['cmake', 'python']
[0.619s] Level 1:colcon.colcon_core.package_identification:_identify(src/imu_tools) by extension 'cmake'
[0.619s] Level 1:colcon.colcon_core.package_identification:_identify(src/imu_tools) by extension 'python'
[0.619s] Level 1:colcon.colcon_core.package_identification:_identify(src/imu_tools) by extensions ['python_setup_py']
[0.619s] Level 1:colcon.colcon_core.package_identification:_identify(src/imu_tools) by extension 'python_setup_py'
[0.619s] Level 1:colcon.colcon_core.package_identification:_identify(src/imu_tools/imu_complementary_filter) by extensions ['ignore', 'ignore_ament_install']
[0.619s] Level 1:colcon.colcon_core.package_identification:_identify(src/imu_tools/imu_complementary_filter) by extension 'ignore'
[0.619s] Level 1:colcon.colcon_core.package_identification:_identify(src/imu_tools/imu_complementary_filter) by extension 'ignore_ament_install'
[0.619s] Level 1:colcon.colcon_core.package_identification:_identify(src/imu_tools/imu_complementary_filter) by extensions ['colcon_pkg']
[0.619s] Level 1:colcon.colcon_core.package_identification:_identify(src/imu_tools/imu_complementary_filter) by extension 'colcon_pkg'
[0.619s] Level 1:colcon.colcon_core.package_identification:_identify(src/imu_tools/imu_complementary_filter) by extensions ['colcon_meta']
[0.619s] Level 1:colcon.colcon_core.package_identification:_identify(src/imu_tools/imu_complementary_filter) by extension 'colcon_meta'
[0.619s] Level 1:colcon.colcon_core.package_identification:_identify(src/imu_tools/imu_complementary_filter) by extensions ['ros']
[0.619s] Level 1:colcon.colcon_core.package_identification:_identify(src/imu_tools/imu_complementary_filter) by extension 'ros'
[0.619s] DEBUG:colcon.colcon_core.package_identification:Package 'src/imu_tools/imu_complementary_filter' with type 'ros.ament_cmake' and name 'imu_complementary_filter'
[0.619s] Level 1:colcon.colcon_core.package_identification:_identify(src/imu_tools/imu_filter_madgwick) by extensions ['ignore', 'ignore_ament_install']
[0.619s] Level 1:colcon.colcon_core.package_identification:_identify(src/imu_tools/imu_filter_madgwick) by extension 'ignore'
[0.619s] Level 1:colcon.colcon_core.package_identification:_identify(src/imu_tools/imu_filter_madgwick) by extension 'ignore_ament_install'
[0.619s] Level 1:colcon.colcon_core.package_identification:_identify(src/imu_tools/imu_filter_madgwick) by extensions ['colcon_pkg']
[0.619s] Level 1:colcon.colcon_core.package_identification:_identify(src/imu_tools/imu_filter_madgwick) by extension 'colcon_pkg'
[0.619s] Level 1:colcon.colcon_core.package_identification:_identify(src/imu_tools/imu_filter_madgwick) by extensions ['colcon_meta']
[0.619s] Level 1:colcon.colcon_core.package_identification:_identify(src/imu_tools/imu_filter_madgwick) by extension 'colcon_meta'
[0.620s] Level 1:colcon.colcon_core.package_identification:_identify(src/imu_tools/imu_filter_madgwick) by extensions ['ros']
[0.620s] Level 1:colcon.colcon_core.package_identification:_identify(src/imu_tools/imu_filter_madgwick) by extension 'ros'
[0.620s] DEBUG:colcon.colcon_core.package_identification:Package 'src/imu_tools/imu_filter_madgwick' with type 'ros.ament_cmake' and name 'imu_filter_madgwick'
[0.620s] Level 1:colcon.colcon_core.package_identification:_identify(src/imu_tools/imu_tools) by extensions ['ignore', 'ignore_ament_install']
[0.620s] Level 1:colcon.colcon_core.package_identification:_identify(src/imu_tools/imu_tools) by extension 'ignore'
[0.620s] Level 1:colcon.colcon_core.package_identification:_identify(src/imu_tools/imu_tools) by extension 'ignore_ament_install'
[0.620s] Level 1:colcon.colcon_core.package_identification:_identify(src/imu_tools/imu_tools) by extensions ['colcon_pkg']
[0.620s] Level 1:colcon.colcon_core.package_identification:_identify(src/imu_tools/imu_tools) by extension 'colcon_pkg'
[0.620s] Level 1:colcon.colcon_core.package_identification:_identify(src/imu_tools/imu_tools) by extensions ['colcon_meta']
[0.620s] Level 1:colcon.colcon_core.package_identification:_identify(src/imu_tools/imu_tools) by extension 'colcon_meta'
[0.620s] Level 1:colcon.colcon_core.package_identification:_identify(src/imu_tools/imu_tools) by extensions ['ros']
[0.620s] Level 1:colcon.colcon_core.package_identification:_identify(src/imu_tools/imu_tools) by extension 'ros'
[0.621s] DEBUG:colcon.colcon_core.package_identification:Package 'src/imu_tools/imu_tools' with type 'ros.ament_cmake' and name 'imu_tools'
[0.621s] Level 1:colcon.colcon_core.package_identification:_identify(src/imu_tools/rviz_imu_plugin) by extensions ['ignore', 'ignore_ament_install']
[0.621s] Level 1:colcon.colcon_core.package_identification:_identify(src/imu_tools/rviz_imu_plugin) by extension 'ignore'
[0.621s] Level 1:colcon.colcon_core.package_identification:_identify(src/imu_tools/rviz_imu_plugin) by extension 'ignore_ament_install'
[0.621s] Level 1:colcon.colcon_core.package_identification:_identify(src/imu_tools/rviz_imu_plugin) by extensions ['colcon_pkg']
[0.621s] Level 1:colcon.colcon_core.package_identification:_identify(src/imu_tools/rviz_imu_plugin) by extension 'colcon_pkg'
[0.621s] Level 1:colcon.colcon_core.package_identification:_identify(src/imu_tools/rviz_imu_plugin) by extensions ['colcon_meta']
[0.621s] Level 1:colcon.colcon_core.package_identification:_identify(src/imu_tools/rviz_imu_plugin) by extension 'colcon_meta'
[0.621s] Level 1:colcon.colcon_core.package_identification:_identify(src/imu_tools/rviz_imu_plugin) by extensions ['ros']
[0.621s] Level 1:colcon.colcon_core.package_identification:_identify(src/imu_tools/rviz_imu_plugin) by extension 'ros'
[0.621s] DEBUG:colcon.colcon_core.package_identification:Package 'src/imu_tools/rviz_imu_plugin' with type 'ros.ament_cmake' and name 'rviz_imu_plugin'
[0.622s] Level 1:colcon.colcon_core.package_identification:_identify(src/install) by extensions ['ignore', 'ignore_ament_install']
[0.622s] Level 1:colcon.colcon_core.package_identification:_identify(src/install) by extension 'ignore'
[0.622s] Level 1:colcon.colcon_core.package_identification:_identify(src/install) ignored
[0.622s] Level 1:colcon.colcon_core.package_identification:_identify(src/interfaces) by extensions ['ignore', 'ignore_ament_install']
[0.622s] Level 1:colcon.colcon_core.package_identification:_identify(src/interfaces) by extension 'ignore'
[0.622s] Level 1:colcon.colcon_core.package_identification:_identify(src/interfaces) by extension 'ignore_ament_install'
[0.622s] Level 1:colcon.colcon_core.package_identification:_identify(src/interfaces) by extensions ['colcon_pkg']
[0.622s] Level 1:colcon.colcon_core.package_identification:_identify(src/interfaces) by extension 'colcon_pkg'
[0.622s] Level 1:colcon.colcon_core.package_identification:_identify(src/interfaces) by extensions ['colcon_meta']
[0.622s] Level 1:colcon.colcon_core.package_identification:_identify(src/interfaces) by extension 'colcon_meta'
[0.622s] Level 1:colcon.colcon_core.package_identification:_identify(src/interfaces) by extensions ['ros']
[0.622s] Level 1:colcon.colcon_core.package_identification:_identify(src/interfaces) by extension 'ros'
[0.622s] DEBUG:colcon.colcon_core.package_identification:Package 'src/interfaces' with type 'ros.ament_cmake' and name 'interfaces'
[0.622s] Level 1:colcon.colcon_core.package_identification:_identify(src/joystick) by extensions ['ignore', 'ignore_ament_install']
[0.622s] Level 1:colcon.colcon_core.package_identification:_identify(src/joystick) by extension 'ignore'
[0.622s] Level 1:colcon.colcon_core.package_identification:_identify(src/joystick) by extension 'ignore_ament_install'
[0.622s] Level 1:colcon.colcon_core.package_identification:_identify(src/joystick) by extensions ['colcon_pkg']
[0.622s] Level 1:colcon.colcon_core.package_identification:_identify(src/joystick) by extension 'colcon_pkg'
[0.622s] Level 1:colcon.colcon_core.package_identification:_identify(src/joystick) by extensions ['colcon_meta']
[0.622s] Level 1:colcon.colcon_core.package_identification:_identify(src/joystick) by extension 'colcon_meta'
[0.622s] Level 1:colcon.colcon_core.package_identification:_identify(src/joystick) by extensions ['ros']
[0.623s] Level 1:colcon.colcon_core.package_identification:_identify(src/joystick) by extension 'ros'
[0.623s] DEBUG:colcon.colcon_core.package_identification:Package 'src/joystick' with type 'ros.ament_cmake' and name 'joystick'
[0.623s] Level 1:colcon.colcon_core.package_identification:_identify(src/log) by extensions ['ignore', 'ignore_ament_install']
[0.623s] Level 1:colcon.colcon_core.package_identification:_identify(src/log) by extension 'ignore'
[0.623s] Level 1:colcon.colcon_core.package_identification:_identify(src/log) ignored
[0.623s] Level 1:colcon.colcon_core.package_identification:_identify(src/serial_port) by extensions ['ignore', 'ignore_ament_install']
[0.623s] Level 1:colcon.colcon_core.package_identification:_identify(src/serial_port) by extension 'ignore'
[0.623s] Level 1:colcon.colcon_core.package_identification:_identify(src/serial_port) by extension 'ignore_ament_install'
[0.623s] Level 1:colcon.colcon_core.package_identification:_identify(src/serial_port) by extensions ['colcon_pkg']
[0.623s] Level 1:colcon.colcon_core.package_identification:_identify(src/serial_port) by extension 'colcon_pkg'
[0.623s] Level 1:colcon.colcon_core.package_identification:_identify(src/serial_port) by extensions ['colcon_meta']
[0.623s] Level 1:colcon.colcon_core.package_identification:_identify(src/serial_port) by extension 'colcon_meta'
[0.623s] Level 1:colcon.colcon_core.package_identification:_identify(src/serial_port) by extensions ['ros']
[0.623s] Level 1:colcon.colcon_core.package_identification:_identify(src/serial_port) by extension 'ros'
[0.624s] DEBUG:colcon.colcon_core.package_identification:Package 'src/serial_port' with type 'ros.ament_cmake' and name 'serial_port'
[0.624s] Level 1:colcon.colcon_core.package_identification:_identify(src/simulation) by extensions ['ignore', 'ignore_ament_install']
[0.624s] Level 1:colcon.colcon_core.package_identification:_identify(src/simulation) by extension 'ignore'
[0.624s] Level 1:colcon.colcon_core.package_identification:_identify(src/simulation) by extension 'ignore_ament_install'
[0.624s] Level 1:colcon.colcon_core.package_identification:_identify(src/simulation) by extensions ['colcon_pkg']
[0.624s] Level 1:colcon.colcon_core.package_identification:_identify(src/simulation) by extension 'colcon_pkg'
[0.624s] Level 1:colcon.colcon_core.package_identification:_identify(src/simulation) by extensions ['colcon_meta']
[0.624s] Level 1:colcon.colcon_core.package_identification:_identify(src/simulation) by extension 'colcon_meta'
[0.624s] Level 1:colcon.colcon_core.package_identification:_identify(src/simulation) by extensions ['ros']
[0.624s] Level 1:colcon.colcon_core.package_identification:_identify(src/simulation) by extension 'ros'
[0.624s] DEBUG:colcon.colcon_core.package_identification:Package 'src/simulation' with type 'ros.ament_cmake' and name 'simulation'
[0.624s] Level 1:colcon.colcon_core.package_identification:_identify(src/system_check) by extensions ['ignore', 'ignore_ament_install']
[0.624s] Level 1:colcon.colcon_core.package_identification:_identify(src/system_check) by extension 'ignore'
[0.624s] Level 1:colcon.colcon_core.package_identification:_identify(src/system_check) by extension 'ignore_ament_install'
[0.624s] Level 1:colcon.colcon_core.package_identification:_identify(src/system_check) by extensions ['colcon_pkg']
[0.624s] Level 1:colcon.colcon_core.package_identification:_identify(src/system_check) by extension 'colcon_pkg'
[0.624s] Level 1:colcon.colcon_core.package_identification:_identify(src/system_check) by extensions ['colcon_meta']
[0.624s] Level 1:colcon.colcon_core.package_identification:_identify(src/system_check) by extension 'colcon_meta'
[0.624s] Level 1:colcon.colcon_core.package_identification:_identify(src/system_check) by extensions ['ros']
[0.624s] Level 1:colcon.colcon_core.package_identification:_identify(src/system_check) by extension 'ros'
[0.625s] DEBUG:colcon.colcon_core.package_identification:Package 'src/system_check' with type 'ros.ament_cmake' and name 'system_check'
[0.625s] Level 1:colcon.colcon_core.package_discovery:discover_packages(recursive) using defaults
[0.625s] Level 1:colcon.colcon_core.package_discovery:discover_packages(ignore) discover
[0.625s] Level 1:colcon.colcon_core.package_discovery:discover_packages(ignore) using defaults
[0.625s] Level 1:colcon.colcon_core.package_discovery:discover_packages(path) discover
[0.625s] Level 1:colcon.colcon_core.package_discovery:discover_packages(path) using defaults
[0.663s] INFO:colcon.colcon_core.package_selection:Skipping not selected package 'carla_msgs' in 'src/carla_msgs'
[0.663s] INFO:colcon.colcon_core.package_selection:Skipping not selected package 'imu_complementary_filter' in 'src/imu_tools/imu_complementary_filter'
[0.663s] INFO:colcon.colcon_core.package_selection:Skipping not selected package 'imu_filter_madgwick' in 'src/imu_tools/imu_filter_madgwick'
[0.663s] INFO:colcon.colcon_core.package_selection:Skipping not selected package 'interfaces' in 'src/interfaces'
[0.663s] INFO:colcon.colcon_core.package_selection:Skipping not selected package 'rviz_imu_plugin' in 'src/imu_tools/rviz_imu_plugin'
[0.663s] INFO:colcon.colcon_core.package_selection:Skipping not selected package 'can' in 'src/can'
[0.663s] INFO:colcon.colcon_core.package_selection:Skipping not selected package 'car_control' in 'src/car_control'
[0.663s] INFO:colcon.colcon_core.package_selection:Skipping not selected package 'fire_detection' in 'src/fire_detection'
[0.663s] INFO:colcon.colcon_core.package_selection:Skipping not selected package 'imu_tools' in 'src/imu_tools/imu_tools'
[0.663s] INFO:colcon.colcon_core.package_selection:Skipping not selected package 'joystick' in 'src/joystick'
[0.663s] INFO:colcon.colcon_core.package_selection:Skipping not selected package 'simulation' in 'src/simulation'
[0.663s] INFO:colcon.colcon_core.package_selection:Skipping not selected package 'system_check' in 'src/system_check'
[0.664s] INFO:colcon.colcon_core.package_selection:Skipping not selected package 'geicar_start' in 'src/geicar_start'
[0.679s] Level 1:colcon.colcon_core.package_discovery:discover_packages(prefix_path) check parameters
[0.679s] Level 1:colcon.colcon_core.package_discovery:discover_packages(prefix_path) discover
[0.697s] DEBUG:colcon.colcon_installed_package_information.package_discovery:Found 14 installed packages in /home/insa/Desktop/VigiWheels/raspberryPI3/ros2_ws/install
[0.705s] DEBUG:colcon.colcon_installed_package_information.package_discovery:Found 5 installed packages in /home/insa/ros2_ws/install
[0.714s] DEBUG:colcon.colcon_installed_package_information.package_discovery:Found 388 installed packages in /opt/ros/humble
[0.716s] Level 1:colcon.colcon_core.package_discovery:discover_packages(prefix_path) using defaults
[0.776s] Level 5:colcon.colcon_core.verb:set package 'serial_port' build argument 'cmake_args' from command line to 'None'
[0.776s] Level 5:colcon.colcon_core.verb:set package 'serial_port' build argument 'cmake_target' from command line to 'None'
[0.777s] Level 5:colcon.colcon_core.verb:set package 'serial_port' build argument 'cmake_target_skip_unavailable' from command line to 'False'
[0.777s] Level 5:colcon.colcon_core.verb:set package 'serial_port' build argument 'cmake_clean_cache' from command line to 'False'
[0.777s] Level 5:colcon.colcon_core.verb:set package 'serial_port' build argument 'cmake_clean_first' from command line to 'False'
[0.777s] Level 5:colcon.colcon_core.verb:set package 'serial_port' build argument 'cmake_force_configure' from command line to 'False'
[0.777s] Level 5:colcon.colcon_core.verb:set package 'serial_port' build argument 'ament_cmake_args' from command line to 'None'
[0.777s] Level 5:colcon.colcon_core.verb:set package 'serial_port' build argument 'catkin_cmake_args' from command line to 'None'
[0.777s] Level 5:colcon.colcon_core.verb:set package 'serial_port' build argument 'catkin_skip_building_tests' from command line to 'False'
[0.777s] DEBUG:colcon.colcon_core.verb:Building package 'serial_port' with the following arguments: {'ament_cmake_args': None, 'build_base': '/home/insa/Desktop/VigiWheels/raspberryPI3/ros2_ws/build/serial_port', 'catkin_cmake_args': None, 'catkin_skip_building_tests': False, 'cmake_args': None, 'cmake_clean_cache': False, 'cmake_clean_first': False, 'cmake_force_configure': False, 'cmake_target': None, 'cmake_target_skip_unavailable': False, 'install_base': '/home/insa/Desktop/VigiWheels/raspberryPI3/ros2_ws/install/serial_port', 'merge_install': False, 'path': '/home/insa/Desktop/VigiWheels/raspberryPI3/ros2_ws/src/serial_port', 'symlink_install': False, 'test_result_base': None}
[0.792s] INFO:colcon.colcon_core.executor:Executing jobs using 'parallel' executor
[0.802s] DEBUG:colcon.colcon_parallel_executor.executor.parallel:run_until_complete
[0.802s] INFO:colcon.colcon_ros.task.ament_cmake.build:Building ROS package in '/home/insa/Desktop/VigiWheels/raspberryPI3/ros2_ws/src/serial_port' with build type 'ament_cmake'
[0.802s] INFO:colcon.colcon_cmake.task.cmake.build:Building CMake package in '/home/insa/Desktop/VigiWheels/raspberryPI3/ros2_ws/src/serial_port'
[0.811s] INFO:colcon.colcon_core.plugin_system:Skipping extension 'colcon_core.shell.bat': Not used on non-Windows systems
[0.811s] INFO:colcon.colcon_core.shell:Skip shell extension 'powershell' for command environment: Not usable outside of PowerShell
[0.811s] DEBUG:colcon.colcon_core.shell:Skip shell extension 'dsv' for command environment
[0.853s] DEBUG:colcon.colcon_core.event_handler.log_command:Invoking command in '/home/insa/Desktop/VigiWheels/raspberryPI3/ros2_ws/build/serial_port': CMAKE_PREFIX_PATH=/home/insa/Desktop/VigiWheels/raspberryPI3/ros2_ws/install/interfaces:/home/insa/Desktop/VigiWheels/raspberryPI3/ros2_ws/install/geicar_start:/home/insa/Desktop/VigiWheels/raspberryPI3/ros2_ws/install/system_check:/home/insa/Desktop/VigiWheels/raspberryPI3/ros2_ws/install/simulation:/home/insa/Desktop/VigiWheels/raspberryPI3/ros2_ws/install/serial_port:/home/insa/Desktop/VigiWheels/raspberryPI3/ros2_ws/install/imu_tools:/home/insa/Desktop/VigiWheels/raspberryPI3/ros2_ws/install/rviz_imu_plugin:/home/insa/Desktop/VigiWheels/raspberryPI3/ros2_ws/install/joystick:/home/insa/Desktop/VigiWheels/raspberryPI3/ros2_ws/install/fire_detection:/home/insa/Desktop/VigiWheels/raspberryPI3/ros2_ws/install/car_control:/home/insa/Desktop/VigiWheels/raspberryPI3/ros2_ws/install/can:/home/insa/Desktop/VigiWheels/raspberryPI3/ros2_ws/install/imu_filter_madgwick:/home/insa/Desktop/VigiWheels/raspberryPI3/ros2_ws/install/imu_complementary_filter:/home/insa/Desktop/VigiWheels/raspberryPI3/ros2_ws/install/carla_msgs:/home/insa/ros2_ws/install/my_fire_pkg:/home/insa/ros2_ws/install/demo_sensor_pkg:/home/insa/ros2_ws/install/my_robot_interfaces:/home/insa/ros2_ws/install/my_cpp_pkg:/home/insa/ros2_ws/install/johann_cpp_pkg:/opt/ros/humble LD_LIBRARY_PATH=/home/insa/Desktop/VigiWheels/raspberryPI3/ros2_ws/install/interfaces/lib:/home/insa/Desktop/VigiWheels/raspberryPI3/ros2_ws/install/rviz_imu_plugin/lib:/home/insa/Desktop/VigiWheels/raspberryPI3/ros2_ws/install/imu_filter_madgwick/lib:/home/insa/Desktop/VigiWheels/raspberryPI3/ros2_ws/install/carla_msgs/lib:/home/insa/ros2_ws/install/my_robot_interfaces/lib:/usr/lib/x86_64-linux-gnu/gazebo-11/plugins:/opt/ros/humble/opt/rviz_ogre_vendor/lib:/opt/ros/humble/lib/x86_64-linux-gnu:/opt/ros/humble/lib /usr/bin/cmake --build /home/insa/Desktop/VigiWheels/raspberryPI3/ros2_ws/build/serial_port -- -j8 -l8
[6.264s] DEBUG:colcon.colcon_core.event_handler.log_command:Invoked command in '/home/insa/Desktop/VigiWheels/raspberryPI3/ros2_ws/build/serial_port' returned '0': CMAKE_PREFIX_PATH=/home/insa/Desktop/VigiWheels/raspberryPI3/ros2_ws/install/interfaces:/home/insa/Desktop/VigiWheels/raspberryPI3/ros2_ws/install/geicar_start:/home/insa/Desktop/VigiWheels/raspberryPI3/ros2_ws/install/system_check:/home/insa/Desktop/VigiWheels/raspberryPI3/ros2_ws/install/simulation:/home/insa/Desktop/VigiWheels/raspberryPI3/ros2_ws/install/serial_port:/home/insa/Desktop/VigiWheels/raspberryPI3/ros2_ws/install/imu_tools:/home/insa/Desktop/VigiWheels/raspberryPI3/ros2_ws/install/rviz_imu_plugin:/home/insa/Desktop/VigiWheels/raspberryPI3/ros2_ws/install/joystick:/home/insa/Desktop/VigiWheels/raspberryPI3/ros2_ws/install/fire_detection:/home/insa/Desktop/VigiWheels/raspberryPI3/ros2_ws/install/car_control:/home/insa/Desktop/VigiWheels/raspberryPI3/ros2_ws/install/can:/home/insa/Desktop/VigiWheels/raspberryPI3/ros2_ws/install/imu_filter_madgwick:/home/insa/Desktop/VigiWheels/raspberryPI3/ros2_ws/install/imu_complementary_filter:/home/insa/Desktop/VigiWheels/raspberryPI3/ros2_ws/install/carla_msgs:/home/insa/ros2_ws/install/my_fire_pkg:/home/insa/ros2_ws/install/demo_sensor_pkg:/home/insa/ros2_ws/install/my_robot_interfaces:/home/insa/ros2_ws/install/my_cpp_pkg:/home/insa/ros2_ws/install/johann_cpp_pkg:/opt/ros/humble LD_LIBRARY_PATH=/home/insa/Desktop/VigiWheels/raspberryPI3/ros2_ws/install/interfaces/lib:/home/insa/Desktop/VigiWheels/raspberryPI3/ros2_ws/install/rviz_imu_plugin/lib:/home/insa/Desktop/VigiWheels/raspberryPI3/ros2_ws/install/imu_filter_madgwick/lib:/home/insa/Desktop/VigiWheels/raspberryPI3/ros2_ws/install/carla_msgs/lib:/home/insa/ros2_ws/install/my_robot_interfaces/lib:/usr/lib/x86_64-linux-gnu/gazebo-11/plugins:/opt/ros/humble/opt/rviz_ogre_vendor/lib:/opt/ros/humble/lib/x86_64-linux-gnu:/opt/ros/humble/lib /usr/bin/cmake --build /home/insa/Desktop/VigiWheels/raspberryPI3/ros2_ws/build/serial_port -- -j8 -l8
[6.290s] DEBUG:colcon.colcon_core.event_handler.log_command:Invoking command in '/home/insa/Desktop/VigiWheels/raspberryPI3/ros2_ws/build/serial_port': CMAKE_PREFIX_PATH=/home/insa/Desktop/VigiWheels/raspberryPI3/ros2_ws/install/interfaces:/home/insa/Desktop/VigiWheels/raspberryPI3/ros2_ws/install/geicar_start:/home/insa/Desktop/VigiWheels/raspberryPI3/ros2_ws/install/system_check:/home/insa/Desktop/VigiWheels/raspberryPI3/ros2_ws/install/simulation:/home/insa/Desktop/VigiWheels/raspberryPI3/ros2_ws/install/serial_port:/home/insa/Desktop/VigiWheels/raspberryPI3/ros2_ws/install/imu_tools:/home/insa/Desktop/VigiWheels/raspberryPI3/ros2_ws/install/rviz_imu_plugin:/home/insa/Desktop/VigiWheels/raspberryPI3/ros2_ws/install/joystick:/home/insa/Desktop/VigiWheels/raspberryPI3/ros2_ws/install/fire_detection:/home/insa/Desktop/VigiWheels/raspberryPI3/ros2_ws/install/car_control:/home/insa/Desktop/VigiWheels/raspberryPI3/ros2_ws/install/can:/home/insa/Desktop/VigiWheels/raspberryPI3/ros2_ws/install/imu_filter_madgwick:/home/insa/Desktop/VigiWheels/raspberryPI3/ros2_ws/install/imu_complementary_filter:/home/insa/Desktop/VigiWheels/raspberryPI3/ros2_ws/install/carla_msgs:/home/insa/ros2_ws/install/my_fire_pkg:/home/insa/ros2_ws/install/demo_sensor_pkg:/home/insa/ros2_ws/install/my_robot_interfaces:/home/insa/ros2_ws/install/my_cpp_pkg:/home/insa/ros2_ws/install/johann_cpp_pkg:/opt/ros/humble LD_LIBRARY_PATH=/home/insa/Desktop/VigiWheels/raspberryPI3/ros2_ws/install/interfaces/lib:/home/insa/Desktop/VigiWheels/raspberryPI3/ros2_ws/install/rviz_imu_plugin/lib:/home/insa/Desktop/VigiWheels/raspberryPI3/ros2_ws/install/imu_filter_madgwick/lib:/home/insa/Desktop/VigiWheels/raspberryPI3/ros2_ws/install/carla_msgs/lib:/home/insa/ros2_ws/install/my_robot_interfaces/lib:/usr/lib/x86_64-linux-gnu/gazebo-11/plugins:/opt/ros/humble/opt/rviz_ogre_vendor/lib:/opt/ros/humble/lib/x86_64-linux-gnu:/opt/ros/humble/lib /usr/bin/cmake --install /home/insa/Desktop/VigiWheels/raspberryPI3/ros2_ws/build/serial_port
[6.299s] Level 1:colcon.colcon_core.environment:create_environment_scripts_only(serial_port)
[6.300s] DEBUG:colcon.colcon_core.event_handler.log_command:Invoked command in '/home/insa/Desktop/VigiWheels/raspberryPI3/ros2_ws/build/serial_port' returned '0': CMAKE_PREFIX_PATH=/home/insa/Desktop/VigiWheels/raspberryPI3/ros2_ws/install/interfaces:/home/insa/Desktop/VigiWheels/raspberryPI3/ros2_ws/install/geicar_start:/home/insa/Desktop/VigiWheels/raspberryPI3/ros2_ws/install/system_check:/home/insa/Desktop/VigiWheels/raspberryPI3/ros2_ws/install/simulation:/home/insa/Desktop/VigiWheels/raspberryPI3/ros2_ws/install/serial_port:/home/insa/Desktop/VigiWheels/raspberryPI3/ros2_ws/install/imu_tools:/home/insa/Desktop/VigiWheels/raspberryPI3/ros2_ws/install/rviz_imu_plugin:/home/insa/Desktop/VigiWheels/raspberryPI3/ros2_ws/install/joystick:/home/insa/Desktop/VigiWheels/raspberryPI3/ros2_ws/install/fire_detection:/home/insa/Desktop/VigiWheels/raspberryPI3/ros2_ws/install/car_control:/home/insa/Desktop/VigiWheels/raspberryPI3/ros2_ws/install/can:/home/insa/Desktop/VigiWheels/raspberryPI3/ros2_ws/install/imu_filter_madgwick:/home/insa/Desktop/VigiWheels/raspberryPI3/ros2_ws/install/imu_complementary_filter:/home/insa/Desktop/VigiWheels/raspberryPI3/ros2_ws/install/carla_msgs:/home/insa/ros2_ws/install/my_fire_pkg:/home/insa/ros2_ws/install/demo_sensor_pkg:/home/insa/ros2_ws/install/my_robot_interfaces:/home/insa/ros2_ws/install/my_cpp_pkg:/home/insa/ros2_ws/install/johann_cpp_pkg:/opt/ros/humble LD_LIBRARY_PATH=/home/insa/Desktop/VigiWheels/raspberryPI3/ros2_ws/install/interfaces/lib:/home/insa/Desktop/VigiWheels/raspberryPI3/ros2_ws/install/rviz_imu_plugin/lib:/home/insa/Desktop/VigiWheels/raspberryPI3/ros2_ws/install/imu_filter_madgwick/lib:/home/insa/Desktop/VigiWheels/raspberryPI3/ros2_ws/install/carla_msgs/lib:/home/insa/ros2_ws/install/my_robot_interfaces/lib:/usr/lib/x86_64-linux-gnu/gazebo-11/plugins:/opt/ros/humble/opt/rviz_ogre_vendor/lib:/opt/ros/humble/lib/x86_64-linux-gnu:/opt/ros/humble/lib /usr/bin/cmake --install /home/insa/Desktop/VigiWheels/raspberryPI3/ros2_ws/build/serial_port
[6.309s] Level 1:colcon.colcon_core.environment:checking '/home/insa/Desktop/VigiWheels/raspberryPI3/ros2_ws/install/serial_port' for CMake module files
[6.310s] Level 1:colcon.colcon_core.environment:checking '/home/insa/Desktop/VigiWheels/raspberryPI3/ros2_ws/install/serial_port' for CMake config files
[6.310s] Level 1:colcon.colcon_core.shell:create_environment_hook('serial_port', 'cmake_prefix_path')
[6.318s] INFO:colcon.colcon_core.shell:Creating environment hook '/home/insa/Desktop/VigiWheels/raspberryPI3/ros2_ws/install/serial_port/share/serial_port/hook/cmake_prefix_path.ps1'
[6.318s] INFO:colcon.colcon_core.shell:Creating environment descriptor '/home/insa/Desktop/VigiWheels/raspberryPI3/ros2_ws/install/serial_port/share/serial_port/hook/cmake_prefix_path.dsv'
[6.319s] INFO:colcon.colcon_core.shell:Creating environment hook '/home/insa/Desktop/VigiWheels/raspberryPI3/ros2_ws/install/serial_port/share/serial_port/hook/cmake_prefix_path.sh'
[6.319s] Level 1:colcon.colcon_core.environment:checking '/home/insa/Desktop/VigiWheels/raspberryPI3/ros2_ws/install/serial_port/lib'
[6.319s] Level 1:colcon.colcon_core.environment:checking '/home/insa/Desktop/VigiWheels/raspberryPI3/ros2_ws/install/serial_port/bin'
[6.319s] Level 1:colcon.colcon_core.environment:checking '/home/insa/Desktop/VigiWheels/raspberryPI3/ros2_ws/install/serial_port/lib/pkgconfig/serial_port.pc'
[6.319s] Level 1:colcon.colcon_core.environment:checking '/home/insa/Desktop/VigiWheels/raspberryPI3/ros2_ws/install/serial_port/lib/python3.10/site-packages'
[6.320s] Level 1:colcon.colcon_core.environment:checking '/home/insa/Desktop/VigiWheels/raspberryPI3/ros2_ws/install/serial_port/bin'
[6.328s] INFO:colcon.colcon_core.shell:Creating package script '/home/insa/Desktop/VigiWheels/raspberryPI3/ros2_ws/install/serial_port/share/serial_port/package.ps1'
[6.328s] INFO:colcon.colcon_core.shell:Creating package descriptor '/home/insa/Desktop/VigiWheels/raspberryPI3/ros2_ws/install/serial_port/share/serial_port/package.dsv'
[6.328s] INFO:colcon.colcon_core.shell:Creating package script '/home/insa/Desktop/VigiWheels/raspberryPI3/ros2_ws/install/serial_port/share/serial_port/package.sh'
[6.329s] INFO:colcon.colcon_core.shell:Creating package script '/home/insa/Desktop/VigiWheels/raspberryPI3/ros2_ws/install/serial_port/share/serial_port/package.bash'
[6.329s] INFO:colcon.colcon_core.shell:Creating package script '/home/insa/Desktop/VigiWheels/raspberryPI3/ros2_ws/install/serial_port/share/serial_port/package.zsh'
[6.330s] Level 1:colcon.colcon_core.environment:create_file_with_runtime_dependencies(/home/insa/Desktop/VigiWheels/raspberryPI3/ros2_ws/install/serial_port/share/colcon-core/packages/serial_port)
[6.359s] Level 1:colcon.colcon_core.environment:create_environment_scripts_only(serial_port)
[6.368s] Level 1:colcon.colcon_core.environment:checking '/home/insa/Desktop/VigiWheels/raspberryPI3/ros2_ws/install/serial_port' for CMake module files
[6.368s] Level 1:colcon.colcon_core.environment:checking '/home/insa/Desktop/VigiWheels/raspberryPI3/ros2_ws/install/serial_port' for CMake config files
[6.369s] Level 1:colcon.colcon_core.shell:create_environment_hook('serial_port', 'cmake_prefix_path')
[6.376s] INFO:colcon.colcon_core.shell:Creating environment hook '/home/insa/Desktop/VigiWheels/raspberryPI3/ros2_ws/install/serial_port/share/serial_port/hook/cmake_prefix_path.ps1'
[6.377s] INFO:colcon.colcon_core.shell:Creating environment descriptor '/home/insa/Desktop/VigiWheels/raspberryPI3/ros2_ws/install/serial_port/share/serial_port/hook/cmake_prefix_path.dsv'
[6.377s] INFO:colcon.colcon_core.shell:Creating environment hook '/home/insa/Desktop/VigiWheels/raspberryPI3/ros2_ws/install/serial_port/share/serial_port/hook/cmake_prefix_path.sh'
[6.377s] Level 1:colcon.colcon_core.environment:checking '/home/insa/Desktop/VigiWheels/raspberryPI3/ros2_ws/install/serial_port/lib'
[6.377s] Level 1:colcon.colcon_core.environment:checking '/home/insa/Desktop/VigiWheels/raspberryPI3/ros2_ws/install/serial_port/bin'
[6.377s] Level 1:colcon.colcon_core.environment:checking '/home/insa/Desktop/VigiWheels/raspberryPI3/ros2_ws/install/serial_port/lib/pkgconfig/serial_port.pc'
[6.377s] Level 1:colcon.colcon_core.environment:checking '/home/insa/Desktop/VigiWheels/raspberryPI3/ros2_ws/install/serial_port/lib/python3.10/site-packages'
[6.378s] Level 1:colcon.colcon_core.environment:checking '/home/insa/Desktop/VigiWheels/raspberryPI3/ros2_ws/install/serial_port/bin'
[6.386s] INFO:colcon.colcon_core.shell:Creating package script '/home/insa/Desktop/VigiWheels/raspberryPI3/ros2_ws/install/serial_port/share/serial_port/package.ps1'
[6.386s] INFO:colcon.colcon_core.shell:Creating package descriptor '/home/insa/Desktop/VigiWheels/raspberryPI3/ros2_ws/install/serial_port/share/serial_port/package.dsv'
[6.387s] INFO:colcon.colcon_core.shell:Creating package script '/home/insa/Desktop/VigiWheels/raspberryPI3/ros2_ws/install/serial_port/share/serial_port/package.sh'
[6.387s] INFO:colcon.colcon_core.shell:Creating package script '/home/insa/Desktop/VigiWheels/raspberryPI3/ros2_ws/install/serial_port/share/serial_port/package.bash'
[6.387s] INFO:colcon.colcon_core.shell:Creating package script '/home/insa/Desktop/VigiWheels/raspberryPI3/ros2_ws/install/serial_port/share/serial_port/package.zsh'
[6.387s] Level 1:colcon.colcon_core.environment:create_file_with_runtime_dependencies(/home/insa/Desktop/VigiWheels/raspberryPI3/ros2_ws/install/serial_port/share/colcon-core/packages/serial_port)
[6.388s] DEBUG:colcon.colcon_parallel_executor.executor.parallel:closing loop
[6.388s] DEBUG:colcon.colcon_parallel_executor.executor.parallel:loop closed
[6.388s] DEBUG:colcon.colcon_parallel_executor.executor.parallel:run_until_complete finished with '0'
[6.388s] DEBUG:colcon.colcon_core.event_reactor:joining thread
[6.400s] INFO:colcon.colcon_core.plugin_system:Skipping extension 'colcon_notification.desktop_notification.terminal_notifier': Not used on non-Darwin systems
[6.400s] INFO:colcon.colcon_core.plugin_system:Skipping extension 'colcon_notification.desktop_notification.win32': Not used on non-Windows systems
[6.400s] INFO:colcon.colcon_notification.desktop_notification:Sending desktop notification using 'notify2'
[6.405s] DEBUG:colcon.colcon_core.event_reactor:joined thread
[6.414s] INFO:colcon.colcon_core.shell:Creating prefix script '/home/insa/Desktop/VigiWheels/raspberryPI3/ros2_ws/install/local_setup.ps1'
[6.415s] INFO:colcon.colcon_core.shell:Creating prefix util module '/home/insa/Desktop/VigiWheels/raspberryPI3/ros2_ws/install/_local_setup_util_ps1.py'
[6.416s] INFO:colcon.colcon_core.shell:Creating prefix chain script '/home/insa/Desktop/VigiWheels/raspberryPI3/ros2_ws/install/setup.ps1'
[6.424s] INFO:colcon.colcon_core.shell:Creating prefix script '/home/insa/Desktop/VigiWheels/raspberryPI3/ros2_ws/install/local_setup.sh'
[6.425s] INFO:colcon.colcon_core.shell:Creating prefix util module '/home/insa/Desktop/VigiWheels/raspberryPI3/ros2_ws/install/_local_setup_util_sh.py'
[6.425s] INFO:colcon.colcon_core.shell:Creating prefix chain script '/home/insa/Desktop/VigiWheels/raspberryPI3/ros2_ws/install/setup.sh'
[6.434s] INFO:colcon.colcon_core.shell:Creating prefix script '/home/insa/Desktop/VigiWheels/raspberryPI3/ros2_ws/install/local_setup.bash'
[6.435s] INFO:colcon.colcon_core.shell:Creating prefix chain script '/home/insa/Desktop/VigiWheels/raspberryPI3/ros2_ws/install/setup.bash'
[6.443s] INFO:colcon.colcon_core.shell:Creating prefix script '/home/insa/Desktop/VigiWheels/raspberryPI3/ros2_ws/install/local_setup.zsh'
[6.444s] INFO:colcon.colcon_core.shell:Creating prefix chain script '/home/insa/Desktop/VigiWheels/raspberryPI3/ros2_ws/install/setup.zsh'
