[0.677s] DEBUG:colcon:Command line arguments: ['/usr/bin/colcon', 'build', '--packages-select', 'fire_detection']
[0.677s] DEBUG:colcon:Parsed command line arguments: Namespace(log_base=None, log_level=None, verb_name='build', build_base='build', install_base='install', merge_install=False, symlink_install=False, test_result_base=None, continue_on_error=False, executor='parallel', parallel_workers=8, event_handlers=None, ignore_user_meta=False, metas=['./colcon.meta'], base_paths=['.'], packages_ignore=None, packages_ignore_regex=None, paths=None, packages_up_to=None, packages_up_to_regex=None, packages_above=None, packages_above_and_dependencies=None, packages_above_depth=None, packages_select_by_dep=None, packages_skip_by_dep=None, packages_skip_up_to=None, packages_select_build_failed=False, packages_skip_build_finished=False, packages_select_test_failures=False, packages_skip_test_passed=False, packages_select=['fire_detection'], packages_skip=None, packages_select_regex=None, packages_skip_regex=None, packages_start=None, packages_end=None, allow_overriding=[], cmake_args=None, cmake_target=None, cmake_target_skip_unavailable=False, cmake_clean_cache=False, cmake_clean_first=False, cmake_force_configure=False, ament_cmake_args=None, catkin_cmake_args=None, catkin_skip_building_tests=False, verb_parser=<colcon_defaults.argument_parser.defaults.DefaultArgumentsDecorator object at 0x7fedf82d4f10>, verb_extension=<colcon_core.verb.build.BuildVerb object at 0x7fedf82d7970>, main=<bound method BuildVerb.main of <colcon_core.verb.build.BuildVerb object at 0x7fedf82d7970>>)
[0.710s] Level 1:colcon.colcon_core.package_discovery:discover_packages(colcon_meta) check parameters
[0.710s] Level 1:colcon.colcon_core.package_discovery:discover_packages(recursive) check parameters
[0.710s] Level 1:colcon.colcon_core.package_discovery:discover_packages(ignore) check parameters
[0.710s] Level 1:colcon.colcon_core.package_discovery:discover_packages(path) check parameters
[0.710s] Level 1:colcon.colcon_core.package_discovery:discover_packages(colcon_meta) discover
[0.710s] Level 1:colcon.colcon_core.package_discovery:discover_packages(recursive) discover
[0.710s] INFO:colcon.colcon_core.package_discovery:Crawling recursively for packages in '/home/insa/Desktop/VigiWheels/raspberryPI3/ros2_ws'
[0.710s] Level 1:colcon.colcon_core.package_identification:_identify(.) by extensions ['ignore', 'ignore_ament_install']
[0.710s] Level 1:colcon.colcon_core.package_identification:_identify(.) by extension 'ignore'
[0.711s] Level 1:colcon.colcon_core.package_identification:_identify(.) by extension 'ignore_ament_install'
[0.711s] Level 1:colcon.colcon_core.package_identification:_identify(.) by extensions ['colcon_pkg']
[0.711s] Level 1:colcon.colcon_core.package_identification:_identify(.) by extension 'colcon_pkg'
[0.711s] Level 1:colcon.colcon_core.package_identification:_identify(.) by extensions ['colcon_meta']
[0.711s] Level 1:colcon.colcon_core.package_identification:_identify(.) by extension 'colcon_meta'
[0.711s] Level 1:colcon.colcon_core.package_identification:_identify(.) by extensions ['ros']
[0.711s] Level 1:colcon.colcon_core.package_identification:_identify(.) by extension 'ros'
[0.719s] Level 1:colcon.colcon_core.package_identification:_identify(.) by extensions ['cmake', 'python']
[0.719s] Level 1:colcon.colcon_core.package_identification:_identify(.) by extension 'cmake'
[0.719s] Level 1:colcon.colcon_core.package_identification:_identify(.) by extension 'python'
[0.719s] Level 1:colcon.colcon_core.package_identification:_identify(.) by extensions ['python_setup_py']
[0.719s] Level 1:colcon.colcon_core.package_identification:_identify(.) by extension 'python_setup_py'
[0.719s] Level 1:colcon.colcon_core.package_identification:_identify(build) by extensions ['ignore', 'ignore_ament_install']
[0.719s] Level 1:colcon.colcon_core.package_identification:_identify(build) by extension 'ignore'
[0.719s] Level 1:colcon.colcon_core.package_identification:_identify(build) ignored
[0.720s] Level 1:colcon.colcon_core.package_identification:_identify(install) by extensions ['ignore', 'ignore_ament_install']
[0.720s] Level 1:colcon.colcon_core.package_identification:_identify(install) by extension 'ignore'
[0.720s] Level 1:colcon.colcon_core.package_identification:_identify(install) ignored
[0.720s] Level 1:colcon.colcon_core.package_identification:_identify(log) by extensions ['ignore', 'ignore_ament_install']
[0.720s] Level 1:colcon.colcon_core.package_identification:_identify(log) by extension 'ignore'
[0.720s] Level 1:colcon.colcon_core.package_identification:_identify(log) ignored
[0.720s] Level 1:colcon.colcon_core.package_identification:_identify(src) by extensions ['ignore', 'ignore_ament_install']
[0.720s] Level 1:colcon.colcon_core.package_identification:_identify(src) by extension 'ignore'
[0.720s] Level 1:colcon.colcon_core.package_identification:_identify(src) by extension 'ignore_ament_install'
[0.720s] Level 1:colcon.colcon_core.package_identification:_identify(src) by extensions ['colcon_pkg']
[0.720s] Level 1:colcon.colcon_core.package_identification:_identify(src) by extension 'colcon_pkg'
[0.720s] Level 1:colcon.colcon_core.package_identification:_identify(src) by extensions ['colcon_meta']
[0.720s] Level 1:colcon.colcon_core.package_identification:_identify(src) by extension 'colcon_meta'
[0.720s] Level 1:colcon.colcon_core.package_identification:_identify(src) by extensions ['ros']
[0.720s] Level 1:colcon.colcon_core.package_identification:_identify(src) by extension 'ros'
[0.720s] Level 1:colcon.colcon_core.package_identification:_identify(src) by extensions ['cmake', 'python']
[0.720s] Level 1:colcon.colcon_core.package_identification:_identify(src) by extension 'cmake'
[0.720s] Level 1:colcon.colcon_core.package_identification:_identify(src) by extension 'python'
[0.720s] Level 1:colcon.colcon_core.package_identification:_identify(src) by extensions ['python_setup_py']
[0.720s] Level 1:colcon.colcon_core.package_identification:_identify(src) by extension 'python_setup_py'
[0.720s] Level 1:colcon.colcon_core.package_identification:_identify(src/can) by extensions ['ignore', 'ignore_ament_install']
[0.720s] Level 1:colcon.colcon_core.package_identification:_identify(src/can) by extension 'ignore'
[0.720s] Level 1:colcon.colcon_core.package_identification:_identify(src/can) by extension 'ignore_ament_install'
[0.720s] Level 1:colcon.colcon_core.package_identification:_identify(src/can) by extensions ['colcon_pkg']
[0.720s] Level 1:colcon.colcon_core.package_identification:_identify(src/can) by extension 'colcon_pkg'
[0.720s] Level 1:colcon.colcon_core.package_identification:_identify(src/can) by extensions ['colcon_meta']
[0.721s] Level 1:colcon.colcon_core.package_identification:_identify(src/can) by extension 'colcon_meta'
[0.721s] Level 1:colcon.colcon_core.package_identification:_identify(src/can) by extensions ['ros']
[0.721s] Level 1:colcon.colcon_core.package_identification:_identify(src/can) by extension 'ros'
[0.722s] DEBUG:colcon.colcon_core.package_identification:Package 'src/can' with type 'ros.ament_cmake' and name 'can'
[0.722s] Level 1:colcon.colcon_core.package_identification:_identify(src/car_control) by extensions ['ignore', 'ignore_ament_install']
[0.722s] Level 1:colcon.colcon_core.package_identification:_identify(src/car_control) by extension 'ignore'
[0.722s] Level 1:colcon.colcon_core.package_identification:_identify(src/car_control) by extension 'ignore_ament_install'
[0.722s] Level 1:colcon.colcon_core.package_identification:_identify(src/car_control) by extensions ['colcon_pkg']
[0.722s] Level 1:colcon.colcon_core.package_identification:_identify(src/car_control) by extension 'colcon_pkg'
[0.723s] Level 1:colcon.colcon_core.package_identification:_identify(src/car_control) by extensions ['colcon_meta']
[0.723s] Level 1:colcon.colcon_core.package_identification:_identify(src/car_control) by extension 'colcon_meta'
[0.723s] Level 1:colcon.colcon_core.package_identification:_identify(src/car_control) by extensions ['ros']
[0.723s] Level 1:colcon.colcon_core.package_identification:_identify(src/car_control) by extension 'ros'
[0.723s] DEBUG:colcon.colcon_core.package_identification:Package 'src/car_control' with type 'ros.ament_cmake' and name 'car_control'
[0.723s] Level 1:colcon.colcon_core.package_identification:_identify(src/carla_msgs) by extensions ['ignore', 'ignore_ament_install']
[0.723s] Level 1:colcon.colcon_core.package_identification:_identify(src/carla_msgs) by extension 'ignore'
[0.723s] Level 1:colcon.colcon_core.package_identification:_identify(src/carla_msgs) by extension 'ignore_ament_install'
[0.723s] Level 1:colcon.colcon_core.package_identification:_identify(src/carla_msgs) by extensions ['colcon_pkg']
[0.723s] Level 1:colcon.colcon_core.package_identification:_identify(src/carla_msgs) by extension 'colcon_pkg'
[0.723s] Level 1:colcon.colcon_core.package_identification:_identify(src/carla_msgs) by extensions ['colcon_meta']
[0.723s] Level 1:colcon.colcon_core.package_identification:_identify(src/carla_msgs) by extension 'colcon_meta'
[0.723s] Level 1:colcon.colcon_core.package_identification:_identify(src/carla_msgs) by extensions ['ros']
[0.723s] Level 1:colcon.colcon_core.package_identification:_identify(src/carla_msgs) by extension 'ros'
[0.724s] DEBUG:colcon.colcon_core.package_identification:Package 'src/carla_msgs' with type 'ros.ament_cmake' and name 'carla_msgs'
[0.724s] Level 1:colcon.colcon_core.package_identification:_identify(src/fire_detection) by extensions ['ignore', 'ignore_ament_install']
[0.724s] Level 1:colcon.colcon_core.package_identification:_identify(src/fire_detection) by extension 'ignore'
[0.724s] Level 1:colcon.colcon_core.package_identification:_identify(src/fire_detection) by extension 'ignore_ament_install'
[0.724s] Level 1:colcon.colcon_core.package_identification:_identify(src/fire_detection) by extensions ['colcon_pkg']
[0.724s] Level 1:colcon.colcon_core.package_identification:_identify(src/fire_detection) by extension 'colcon_pkg'
[0.724s] Level 1:colcon.colcon_core.package_identification:_identify(src/fire_detection) by extensions ['colcon_meta']
[0.724s] Level 1:colcon.colcon_core.package_identification:_identify(src/fire_detection) by extension 'colcon_meta'
[0.724s] Level 1:colcon.colcon_core.package_identification:_identify(src/fire_detection) by extensions ['ros']
[0.724s] Level 1:colcon.colcon_core.package_identification:_identify(src/fire_detection) by extension 'ros'
[0.724s] DEBUG:colcon.colcon_core.package_identification:Package 'src/fire_detection' with type 'ros.ament_cmake' and name 'fire_detection'
[0.724s] Level 1:colcon.colcon_core.package_identification:_identify(src/geicar_start) by extensions ['ignore', 'ignore_ament_install']
[0.724s] Level 1:colcon.colcon_core.package_identification:_identify(src/geicar_start) by extension 'ignore'
[0.724s] Level 1:colcon.colcon_core.package_identification:_identify(src/geicar_start) by extension 'ignore_ament_install'
[0.724s] Level 1:colcon.colcon_core.package_identification:_identify(src/geicar_start) by extensions ['colcon_pkg']
[0.724s] Level 1:colcon.colcon_core.package_identification:_identify(src/geicar_start) by extension 'colcon_pkg'
[0.724s] Level 1:colcon.colcon_core.package_identification:_identify(src/geicar_start) by extensions ['colcon_meta']
[0.724s] Level 1:colcon.colcon_core.package_identification:_identify(src/geicar_start) by extension 'colcon_meta'
[0.724s] Level 1:colcon.colcon_core.package_identification:_identify(src/geicar_start) by extensions ['ros']
[0.724s] Level 1:colcon.colcon_core.package_identification:_identify(src/geicar_start) by extension 'ros'
[0.725s] DEBUG:colcon.colcon_core.package_identification:Package 'src/geicar_start' with type 'ros.ament_cmake' and name 'geicar_start'
[0.725s] Level 1:colcon.colcon_core.package_identification:_identify(src/imu_tools) by extensions ['ignore', 'ignore_ament_install']
[0.725s] Level 1:colcon.colcon_core.package_identification:_identify(src/imu_tools) by extension 'ignore'
[0.725s] Level 1:colcon.colcon_core.package_identification:_identify(src/imu_tools) by extension 'ignore_ament_install'
[0.725s] Level 1:colcon.colcon_core.package_identification:_identify(src/imu_tools) by extensions ['colcon_pkg']
[0.725s] Level 1:colcon.colcon_core.package_identification:_identify(src/imu_tools) by extension 'colcon_pkg'
[0.725s] Level 1:colcon.colcon_core.package_identification:_identify(src/imu_tools) by extensions ['colcon_meta']
[0.725s] Level 1:colcon.colcon_core.package_identification:_identify(src/imu_tools) by extension 'colcon_meta'
[0.725s] Level 1:colcon.colcon_core.package_identification:_identify(src/imu_tools) by extensions ['ros']
[0.725s] Level 1:colcon.colcon_core.package_identification:_identify(src/imu_tools) by extension 'ros'
[0.725s] Level 1:colcon.colcon_core.package_identification:_identify(src/imu_tools) by extensions ['cmake', 'python']
[0.725s] Level 1:colcon.colcon_core.package_identification:_identify(src/imu_tools) by extension 'cmake'
[0.725s] Level 1:colcon.colcon_core.package_identification:_identify(src/imu_tools) by extension 'python'
[0.725s] Level 1:colcon.colcon_core.package_identification:_identify(src/imu_tools) by extensions ['python_setup_py']
[0.725s] Level 1:colcon.colcon_core.package_identification:_identify(src/imu_tools) by extension 'python_setup_py'
[0.725s] Level 1:colcon.colcon_core.package_identification:_identify(src/imu_tools/imu_complementary_filter) by extensions ['ignore', 'ignore_ament_install']
[0.725s] Level 1:colcon.colcon_core.package_identification:_identify(src/imu_tools/imu_complementary_filter) by extension 'ignore'
[0.725s] Level 1:colcon.colcon_core.package_identification:_identify(src/imu_tools/imu_complementary_filter) by extension 'ignore_ament_install'
[0.725s] Level 1:colcon.colcon_core.package_identification:_identify(src/imu_tools/imu_complementary_filter) by extensions ['colcon_pkg']
[0.725s] Level 1:colcon.colcon_core.package_identification:_identify(src/imu_tools/imu_complementary_filter) by extension 'colcon_pkg'
[0.725s] Level 1:colcon.colcon_core.package_identification:_identify(src/imu_tools/imu_complementary_filter) by extensions ['colcon_meta']
[0.725s] Level 1:colcon.colcon_core.package_identification:_identify(src/imu_tools/imu_complementary_filter) by extension 'colcon_meta'
[0.725s] Level 1:colcon.colcon_core.package_identification:_identify(src/imu_tools/imu_complementary_filter) by extensions ['ros']
[0.725s] Level 1:colcon.colcon_core.package_identification:_identify(src/imu_tools/imu_complementary_filter) by extension 'ros'
[0.726s] DEBUG:colcon.colcon_core.package_identification:Package 'src/imu_tools/imu_complementary_filter' with type 'ros.ament_cmake' and name 'imu_complementary_filter'
[0.726s] Level 1:colcon.colcon_core.package_identification:_identify(src/imu_tools/imu_filter_madgwick) by extensions ['ignore', 'ignore_ament_install']
[0.726s] Level 1:colcon.colcon_core.package_identification:_identify(src/imu_tools/imu_filter_madgwick) by extension 'ignore'
[0.726s] Level 1:colcon.colcon_core.package_identification:_identify(src/imu_tools/imu_filter_madgwick) by extension 'ignore_ament_install'
[0.726s] Level 1:colcon.colcon_core.package_identification:_identify(src/imu_tools/imu_filter_madgwick) by extensions ['colcon_pkg']
[0.726s] Level 1:colcon.colcon_core.package_identification:_identify(src/imu_tools/imu_filter_madgwick) by extension 'colcon_pkg'
[0.726s] Level 1:colcon.colcon_core.package_identification:_identify(src/imu_tools/imu_filter_madgwick) by extensions ['colcon_meta']
[0.726s] Level 1:colcon.colcon_core.package_identification:_identify(src/imu_tools/imu_filter_madgwick) by extension 'colcon_meta'
[0.726s] Level 1:colcon.colcon_core.package_identification:_identify(src/imu_tools/imu_filter_madgwick) by extensions ['ros']
[0.726s] Level 1:colcon.colcon_core.package_identification:_identify(src/imu_tools/imu_filter_madgwick) by extension 'ros'
[0.727s] DEBUG:colcon.colcon_core.package_identification:Package 'src/imu_tools/imu_filter_madgwick' with type 'ros.ament_cmake' and name 'imu_filter_madgwick'
[0.727s] Level 1:colcon.colcon_core.package_identification:_identify(src/imu_tools/imu_tools) by extensions ['ignore', 'ignore_ament_install']
[0.727s] Level 1:colcon.colcon_core.package_identification:_identify(src/imu_tools/imu_tools) by extension 'ignore'
[0.727s] Level 1:colcon.colcon_core.package_identification:_identify(src/imu_tools/imu_tools) by extension 'ignore_ament_install'
[0.727s] Level 1:colcon.colcon_core.package_identification:_identify(src/imu_tools/imu_tools) by extensions ['colcon_pkg']
[0.727s] Level 1:colcon.colcon_core.package_identification:_identify(src/imu_tools/imu_tools) by extension 'colcon_pkg'
[0.727s] Level 1:colcon.colcon_core.package_identification:_identify(src/imu_tools/imu_tools) by extensions ['colcon_meta']
[0.727s] Level 1:colcon.colcon_core.package_identification:_identify(src/imu_tools/imu_tools) by extension 'colcon_meta'
[0.727s] Level 1:colcon.colcon_core.package_identification:_identify(src/imu_tools/imu_tools) by extensions ['ros']
[0.727s] Level 1:colcon.colcon_core.package_identification:_identify(src/imu_tools/imu_tools) by extension 'ros'
[0.727s] DEBUG:colcon.colcon_core.package_identification:Package 'src/imu_tools/imu_tools' with type 'ros.ament_cmake' and name 'imu_tools'
[0.727s] Level 1:colcon.colcon_core.package_identification:_identify(src/imu_tools/rviz_imu_plugin) by extensions ['ignore', 'ignore_ament_install']
[0.727s] Level 1:colcon.colcon_core.package_identification:_identify(src/imu_tools/rviz_imu_plugin) by extension 'ignore'
[0.727s] Level 1:colcon.colcon_core.package_identification:_identify(src/imu_tools/rviz_imu_plugin) by extension 'ignore_ament_install'
[0.727s] Level 1:colcon.colcon_core.package_identification:_identify(src/imu_tools/rviz_imu_plugin) by extensions ['colcon_pkg']
[0.727s] Level 1:colcon.colcon_core.package_identification:_identify(src/imu_tools/rviz_imu_plugin) by extension 'colcon_pkg'
[0.727s] Level 1:colcon.colcon_core.package_identification:_identify(src/imu_tools/rviz_imu_plugin) by extensions ['colcon_meta']
[0.727s] Level 1:colcon.colcon_core.package_identification:_identify(src/imu_tools/rviz_imu_plugin) by extension 'colcon_meta'
[0.727s] Level 1:colcon.colcon_core.package_identification:_identify(src/imu_tools/rviz_imu_plugin) by extensions ['ros']
[0.727s] Level 1:colcon.colcon_core.package_identification:_identify(src/imu_tools/rviz_imu_plugin) by extension 'ros'
[0.728s] DEBUG:colcon.colcon_core.package_identification:Package 'src/imu_tools/rviz_imu_plugin' with type 'ros.ament_cmake' and name 'rviz_imu_plugin'
[0.728s] Level 1:colcon.colcon_core.package_identification:_identify(src/interfaces) by extensions ['ignore', 'ignore_ament_install']
[0.728s] Level 1:colcon.colcon_core.package_identification:_identify(src/interfaces) by extension 'ignore'
[0.728s] Level 1:colcon.colcon_core.package_identification:_identify(src/interfaces) by extension 'ignore_ament_install'
[0.728s] Level 1:colcon.colcon_core.package_identification:_identify(src/interfaces) by extensions ['colcon_pkg']
[0.728s] Level 1:colcon.colcon_core.package_identification:_identify(src/interfaces) by extension 'colcon_pkg'
[0.728s] Level 1:colcon.colcon_core.package_identification:_identify(src/interfaces) by extensions ['colcon_meta']
[0.728s] Level 1:colcon.colcon_core.package_identification:_identify(src/interfaces) by extension 'colcon_meta'
[0.728s] Level 1:colcon.colcon_core.package_identification:_identify(src/interfaces) by extensions ['ros']
[0.728s] Level 1:colcon.colcon_core.package_identification:_identify(src/interfaces) by extension 'ros'
[0.729s] DEBUG:colcon.colcon_core.package_identification:Package 'src/interfaces' with type 'ros.ament_cmake' and name 'interfaces'
[0.729s] Level 1:colcon.colcon_core.package_identification:_identify(src/joystick) by extensions ['ignore', 'ignore_ament_install']
[0.729s] Level 1:colcon.colcon_core.package_identification:_identify(src/joystick) by extension 'ignore'
[0.729s] Level 1:colcon.colcon_core.package_identification:_identify(src/joystick) by extension 'ignore_ament_install'
[0.729s] Level 1:colcon.colcon_core.package_identification:_identify(src/joystick) by extensions ['colcon_pkg']
[0.729s] Level 1:colcon.colcon_core.package_identification:_identify(src/joystick) by extension 'colcon_pkg'
[0.729s] Level 1:colcon.colcon_core.package_identification:_identify(src/joystick) by extensions ['colcon_meta']
[0.729s] Level 1:colcon.colcon_core.package_identification:_identify(src/joystick) by extension 'colcon_meta'
[0.729s] Level 1:colcon.colcon_core.package_identification:_identify(src/joystick) by extensions ['ros']
[0.729s] Level 1:colcon.colcon_core.package_identification:_identify(src/joystick) by extension 'ros'
[0.729s] DEBUG:colcon.colcon_core.package_identification:Package 'src/joystick' with type 'ros.ament_cmake' and name 'joystick'
[0.730s] Level 1:colcon.colcon_core.package_identification:_identify(src/simulation) by extensions ['ignore', 'ignore_ament_install']
[0.730s] Level 1:colcon.colcon_core.package_identification:_identify(src/simulation) by extension 'ignore'
[0.730s] Level 1:colcon.colcon_core.package_identification:_identify(src/simulation) by extension 'ignore_ament_install'
[0.730s] Level 1:colcon.colcon_core.package_identification:_identify(src/simulation) by extensions ['colcon_pkg']
[0.730s] Level 1:colcon.colcon_core.package_identification:_identify(src/simulation) by extension 'colcon_pkg'
[0.730s] Level 1:colcon.colcon_core.package_identification:_identify(src/simulation) by extensions ['colcon_meta']
[0.730s] Level 1:colcon.colcon_core.package_identification:_identify(src/simulation) by extension 'colcon_meta'
[0.730s] Level 1:colcon.colcon_core.package_identification:_identify(src/simulation) by extensions ['ros']
[0.730s] Level 1:colcon.colcon_core.package_identification:_identify(src/simulation) by extension 'ros'
[0.730s] DEBUG:colcon.colcon_core.package_identification:Package 'src/simulation' with type 'ros.ament_cmake' and name 'simulation'
[0.730s] Level 1:colcon.colcon_core.package_identification:_identify(src/system_check) by extensions ['ignore', 'ignore_ament_install']
[0.730s] Level 1:colcon.colcon_core.package_identification:_identify(src/system_check) by extension 'ignore'
[0.730s] Level 1:colcon.colcon_core.package_identification:_identify(src/system_check) by extension 'ignore_ament_install'
[0.730s] Level 1:colcon.colcon_core.package_identification:_identify(src/system_check) by extensions ['colcon_pkg']
[0.730s] Level 1:colcon.colcon_core.package_identification:_identify(src/system_check) by extension 'colcon_pkg'
[0.730s] Level 1:colcon.colcon_core.package_identification:_identify(src/system_check) by extensions ['colcon_meta']
[0.731s] Level 1:colcon.colcon_core.package_identification:_identify(src/system_check) by extension 'colcon_meta'
[0.731s] Level 1:colcon.colcon_core.package_identification:_identify(src/system_check) by extensions ['ros']
[0.731s] Level 1:colcon.colcon_core.package_identification:_identify(src/system_check) by extension 'ros'
[0.731s] DEBUG:colcon.colcon_core.package_identification:Package 'src/system_check' with type 'ros.ament_cmake' and name 'system_check'
[0.731s] Level 1:colcon.colcon_core.package_discovery:discover_packages(recursive) using defaults
[0.731s] Level 1:colcon.colcon_core.package_discovery:discover_packages(ignore) discover
[0.731s] Level 1:colcon.colcon_core.package_discovery:discover_packages(ignore) using defaults
[0.731s] Level 1:colcon.colcon_core.package_discovery:discover_packages(path) discover
[0.731s] Level 1:colcon.colcon_core.package_discovery:discover_packages(path) using defaults
[0.771s] INFO:colcon.colcon_core.package_selection:Skipping not selected package 'carla_msgs' in 'src/carla_msgs'
[0.771s] INFO:colcon.colcon_core.package_selection:Skipping not selected package 'imu_complementary_filter' in 'src/imu_tools/imu_complementary_filter'
[0.771s] INFO:colcon.colcon_core.package_selection:Skipping not selected package 'imu_filter_madgwick' in 'src/imu_tools/imu_filter_madgwick'
[0.771s] INFO:colcon.colcon_core.package_selection:Skipping not selected package 'interfaces' in 'src/interfaces'
[0.771s] INFO:colcon.colcon_core.package_selection:Skipping not selected package 'rviz_imu_plugin' in 'src/imu_tools/rviz_imu_plugin'
[0.771s] INFO:colcon.colcon_core.package_selection:Skipping not selected package 'can' in 'src/can'
[0.771s] INFO:colcon.colcon_core.package_selection:Skipping not selected package 'car_control' in 'src/car_control'
[0.771s] INFO:colcon.colcon_core.package_selection:Skipping not selected package 'imu_tools' in 'src/imu_tools/imu_tools'
[0.771s] INFO:colcon.colcon_core.package_selection:Skipping not selected package 'joystick' in 'src/joystick'
[0.771s] INFO:colcon.colcon_core.package_selection:Skipping not selected package 'simulation' in 'src/simulation'
[0.771s] INFO:colcon.colcon_core.package_selection:Skipping not selected package 'system_check' in 'src/system_check'
[0.771s] INFO:colcon.colcon_core.package_selection:Skipping not selected package 'geicar_start' in 'src/geicar_start'
[0.790s] Level 1:colcon.colcon_core.package_discovery:discover_packages(prefix_path) check parameters
[0.790s] Level 1:colcon.colcon_core.package_discovery:discover_packages(prefix_path) discover
[0.808s] DEBUG:colcon.colcon_installed_package_information.package_discovery:Found 2 installed packages in /home/insa/Desktop/VigiWheels/raspberryPI3/ros2_ws/install
[0.818s] DEBUG:colcon.colcon_installed_package_information.package_discovery:Found 5 installed packages in /home/insa/ros2_ws/install
[0.827s] DEBUG:colcon.colcon_installed_package_information.package_discovery:Found 388 installed packages in /opt/ros/humble
[0.828s] Level 1:colcon.colcon_core.package_discovery:discover_packages(prefix_path) using defaults
[0.906s] Level 5:colcon.colcon_core.verb:set package 'fire_detection' build argument 'cmake_args' from command line to 'None'
[0.906s] Level 5:colcon.colcon_core.verb:set package 'fire_detection' build argument 'cmake_target' from command line to 'None'
[0.907s] Level 5:colcon.colcon_core.verb:set package 'fire_detection' build argument 'cmake_target_skip_unavailable' from command line to 'False'
[0.907s] Level 5:colcon.colcon_core.verb:set package 'fire_detection' build argument 'cmake_clean_cache' from command line to 'False'
[0.907s] Level 5:colcon.colcon_core.verb:set package 'fire_detection' build argument 'cmake_clean_first' from command line to 'False'
[0.907s] Level 5:colcon.colcon_core.verb:set package 'fire_detection' build argument 'cmake_force_configure' from command line to 'False'
[0.907s] Level 5:colcon.colcon_core.verb:set package 'fire_detection' build argument 'ament_cmake_args' from command line to 'None'
[0.907s] Level 5:colcon.colcon_core.verb:set package 'fire_detection' build argument 'catkin_cmake_args' from command line to 'None'
[0.907s] Level 5:colcon.colcon_core.verb:set package 'fire_detection' build argument 'catkin_skip_building_tests' from command line to 'False'
[0.907s] DEBUG:colcon.colcon_core.verb:Building package 'fire_detection' with the following arguments: {'ament_cmake_args': None, 'build_base': '/home/insa/Desktop/VigiWheels/raspberryPI3/ros2_ws/build/fire_detection', 'catkin_cmake_args': None, 'catkin_skip_building_tests': False, 'cmake_args': None, 'cmake_clean_cache': False, 'cmake_clean_first': False, 'cmake_force_configure': False, 'cmake_target': None, 'cmake_target_skip_unavailable': False, 'install_base': '/home/insa/Desktop/VigiWheels/raspberryPI3/ros2_ws/install/fire_detection', 'merge_install': False, 'path': '/home/insa/Desktop/VigiWheels/raspberryPI3/ros2_ws/src/fire_detection', 'symlink_install': False, 'test_result_base': None}
[0.931s] INFO:colcon.colcon_core.executor:Executing jobs using 'parallel' executor
[0.944s] DEBUG:colcon.colcon_parallel_executor.executor.parallel:run_until_complete
[0.944s] INFO:colcon.colcon_ros.task.ament_cmake.build:Building ROS package in '/home/insa/Desktop/VigiWheels/raspberryPI3/ros2_ws/src/fire_detection' with build type 'ament_cmake'
[0.944s] INFO:colcon.colcon_cmake.task.cmake.build:Building CMake package in '/home/insa/Desktop/VigiWheels/raspberryPI3/ros2_ws/src/fire_detection'
[0.961s] INFO:colcon.colcon_core.plugin_system:Skipping extension 'colcon_core.shell.bat': Not used on non-Windows systems
[0.961s] INFO:colcon.colcon_core.shell:Skip shell extension 'powershell' for command environment: Not usable outside of PowerShell
[0.961s] DEBUG:colcon.colcon_core.shell:Skip shell extension 'dsv' for command environment
[1.017s] DEBUG:colcon.colcon_core.event_handler.log_command:Invoking command in '/home/insa/Desktop/VigiWheels/raspberryPI3/ros2_ws/build/fire_detection': CMAKE_PREFIX_PATH=/home/insa/Desktop/VigiWheels/raspberryPI3/ros2_ws/install/interfaces:/home/insa/Desktop/VigiWheels/raspberryPI3/ros2_ws/install/fire_detection:/home/insa/ros2_ws/install/my_fire_pkg:/home/insa/ros2_ws/install/demo_sensor_pkg:/home/insa/ros2_ws/install/my_robot_interfaces:/home/insa/ros2_ws/install/my_cpp_pkg:/home/insa/ros2_ws/install/johann_cpp_pkg:/opt/ros/humble /usr/bin/cmake --build /home/insa/Desktop/VigiWheels/raspberryPI3/ros2_ws/build/fire_detection -- -j8 -l8
[1.080s] DEBUG:colcon.colcon_core.event_handler.log_command:Invoked command in '/home/insa/Desktop/VigiWheels/raspberryPI3/ros2_ws/build/fire_detection' returned '0': CMAKE_PREFIX_PATH=/home/insa/Desktop/VigiWheels/raspberryPI3/ros2_ws/install/interfaces:/home/insa/Desktop/VigiWheels/raspberryPI3/ros2_ws/install/fire_detection:/home/insa/ros2_ws/install/my_fire_pkg:/home/insa/ros2_ws/install/demo_sensor_pkg:/home/insa/ros2_ws/install/my_robot_interfaces:/home/insa/ros2_ws/install/my_cpp_pkg:/home/insa/ros2_ws/install/johann_cpp_pkg:/opt/ros/humble /usr/bin/cmake --build /home/insa/Desktop/VigiWheels/raspberryPI3/ros2_ws/build/fire_detection -- -j8 -l8
[1.111s] DEBUG:colcon.colcon_core.event_handler.log_command:Invoking command in '/home/insa/Desktop/VigiWheels/raspberryPI3/ros2_ws/build/fire_detection': CMAKE_PREFIX_PATH=/home/insa/Desktop/VigiWheels/raspberryPI3/ros2_ws/install/interfaces:/home/insa/Desktop/VigiWheels/raspberryPI3/ros2_ws/install/fire_detection:/home/insa/ros2_ws/install/my_fire_pkg:/home/insa/ros2_ws/install/demo_sensor_pkg:/home/insa/ros2_ws/install/my_robot_interfaces:/home/insa/ros2_ws/install/my_cpp_pkg:/home/insa/ros2_ws/install/johann_cpp_pkg:/opt/ros/humble /usr/bin/cmake --install /home/insa/Desktop/VigiWheels/raspberryPI3/ros2_ws/build/fire_detection
[1.119s] Level 1:colcon.colcon_core.environment:create_environment_scripts_only(fire_detection)
[1.119s] DEBUG:colcon.colcon_core.event_handler.log_command:Invoked command in '/home/insa/Desktop/VigiWheels/raspberryPI3/ros2_ws/build/fire_detection' returned '0': CMAKE_PREFIX_PATH=/home/insa/Desktop/VigiWheels/raspberryPI3/ros2_ws/install/interfaces:/home/insa/Desktop/VigiWheels/raspberryPI3/ros2_ws/install/fire_detection:/home/insa/ros2_ws/install/my_fire_pkg:/home/insa/ros2_ws/install/demo_sensor_pkg:/home/insa/ros2_ws/install/my_robot_interfaces:/home/insa/ros2_ws/install/my_cpp_pkg:/home/insa/ros2_ws/install/johann_cpp_pkg:/opt/ros/humble /usr/bin/cmake --install /home/insa/Desktop/VigiWheels/raspberryPI3/ros2_ws/build/fire_detection
[1.132s] Level 1:colcon.colcon_core.environment:checking '/home/insa/Desktop/VigiWheels/raspberryPI3/ros2_ws/install/fire_detection' for CMake module files
[1.133s] Level 1:colcon.colcon_core.environment:checking '/home/insa/Desktop/VigiWheels/raspberryPI3/ros2_ws/install/fire_detection' for CMake config files
[1.133s] Level 1:colcon.colcon_core.shell:create_environment_hook('fire_detection', 'cmake_prefix_path')
[1.144s] INFO:colcon.colcon_core.shell:Creating environment hook '/home/insa/Desktop/VigiWheels/raspberryPI3/ros2_ws/install/fire_detection/share/fire_detection/hook/cmake_prefix_path.ps1'
[1.144s] INFO:colcon.colcon_core.shell:Creating environment descriptor '/home/insa/Desktop/VigiWheels/raspberryPI3/ros2_ws/install/fire_detection/share/fire_detection/hook/cmake_prefix_path.dsv'
[1.145s] INFO:colcon.colcon_core.shell:Creating environment hook '/home/insa/Desktop/VigiWheels/raspberryPI3/ros2_ws/install/fire_detection/share/fire_detection/hook/cmake_prefix_path.sh'
[1.145s] Level 1:colcon.colcon_core.environment:checking '/home/insa/Desktop/VigiWheels/raspberryPI3/ros2_ws/install/fire_detection/lib'
[1.145s] Level 1:colcon.colcon_core.environment:checking '/home/insa/Desktop/VigiWheels/raspberryPI3/ros2_ws/install/fire_detection/bin'
[1.145s] Level 1:colcon.colcon_core.environment:checking '/home/insa/Desktop/VigiWheels/raspberryPI3/ros2_ws/install/fire_detection/lib/pkgconfig/fire_detection.pc'
[1.146s] Level 1:colcon.colcon_core.environment:checking '/home/insa/Desktop/VigiWheels/raspberryPI3/ros2_ws/install/fire_detection/lib/python3.10/site-packages'
[1.146s] Level 1:colcon.colcon_core.environment:checking '/home/insa/Desktop/VigiWheels/raspberryPI3/ros2_ws/install/fire_detection/bin'
[1.155s] INFO:colcon.colcon_core.shell:Creating package script '/home/insa/Desktop/VigiWheels/raspberryPI3/ros2_ws/install/fire_detection/share/fire_detection/package.ps1'
[1.156s] INFO:colcon.colcon_core.shell:Creating package descriptor '/home/insa/Desktop/VigiWheels/raspberryPI3/ros2_ws/install/fire_detection/share/fire_detection/package.dsv'
[1.157s] INFO:colcon.colcon_core.shell:Creating package script '/home/insa/Desktop/VigiWheels/raspberryPI3/ros2_ws/install/fire_detection/share/fire_detection/package.sh'
[1.157s] INFO:colcon.colcon_core.shell:Creating package script '/home/insa/Desktop/VigiWheels/raspberryPI3/ros2_ws/install/fire_detection/share/fire_detection/package.bash'
[1.158s] INFO:colcon.colcon_core.shell:Creating package script '/home/insa/Desktop/VigiWheels/raspberryPI3/ros2_ws/install/fire_detection/share/fire_detection/package.zsh'
[1.158s] Level 1:colcon.colcon_core.environment:create_file_with_runtime_dependencies(/home/insa/Desktop/VigiWheels/raspberryPI3/ros2_ws/install/fire_detection/share/colcon-core/packages/fire_detection)
[1.192s] Level 1:colcon.colcon_core.environment:create_environment_scripts_only(fire_detection)
[1.201s] Level 1:colcon.colcon_core.environment:checking '/home/insa/Desktop/VigiWheels/raspberryPI3/ros2_ws/install/fire_detection' for CMake module files
[1.201s] Level 1:colcon.colcon_core.environment:checking '/home/insa/Desktop/VigiWheels/raspberryPI3/ros2_ws/install/fire_detection' for CMake config files
[1.201s] Level 1:colcon.colcon_core.shell:create_environment_hook('fire_detection', 'cmake_prefix_path')
[1.211s] INFO:colcon.colcon_core.shell:Creating environment hook '/home/insa/Desktop/VigiWheels/raspberryPI3/ros2_ws/install/fire_detection/share/fire_detection/hook/cmake_prefix_path.ps1'
[1.211s] INFO:colcon.colcon_core.shell:Creating environment descriptor '/home/insa/Desktop/VigiWheels/raspberryPI3/ros2_ws/install/fire_detection/share/fire_detection/hook/cmake_prefix_path.dsv'
[1.212s] INFO:colcon.colcon_core.shell:Creating environment hook '/home/insa/Desktop/VigiWheels/raspberryPI3/ros2_ws/install/fire_detection/share/fire_detection/hook/cmake_prefix_path.sh'
[1.212s] Level 1:colcon.colcon_core.environment:checking '/home/insa/Desktop/VigiWheels/raspberryPI3/ros2_ws/install/fire_detection/lib'
[1.212s] Level 1:colcon.colcon_core.environment:checking '/home/insa/Desktop/VigiWheels/raspberryPI3/ros2_ws/install/fire_detection/bin'
[1.212s] Level 1:colcon.colcon_core.environment:checking '/home/insa/Desktop/VigiWheels/raspberryPI3/ros2_ws/install/fire_detection/lib/pkgconfig/fire_detection.pc'
[1.212s] Level 1:colcon.colcon_core.environment:checking '/home/insa/Desktop/VigiWheels/raspberryPI3/ros2_ws/install/fire_detection/lib/python3.10/site-packages'
[1.212s] Level 1:colcon.colcon_core.environment:checking '/home/insa/Desktop/VigiWheels/raspberryPI3/ros2_ws/install/fire_detection/bin'
[1.222s] INFO:colcon.colcon_core.shell:Creating package script '/home/insa/Desktop/VigiWheels/raspberryPI3/ros2_ws/install/fire_detection/share/fire_detection/package.ps1'
[1.223s] INFO:colcon.colcon_core.shell:Creating package descriptor '/home/insa/Desktop/VigiWheels/raspberryPI3/ros2_ws/install/fire_detection/share/fire_detection/package.dsv'
[1.223s] INFO:colcon.colcon_core.shell:Creating package script '/home/insa/Desktop/VigiWheels/raspberryPI3/ros2_ws/install/fire_detection/share/fire_detection/package.sh'
[1.224s] INFO:colcon.colcon_core.shell:Creating package script '/home/insa/Desktop/VigiWheels/raspberryPI3/ros2_ws/install/fire_detection/share/fire_detection/package.bash'
[1.224s] INFO:colcon.colcon_core.shell:Creating package script '/home/insa/Desktop/VigiWheels/raspberryPI3/ros2_ws/install/fire_detection/share/fire_detection/package.zsh'
[1.224s] Level 1:colcon.colcon_core.environment:create_file_with_runtime_dependencies(/home/insa/Desktop/VigiWheels/raspberryPI3/ros2_ws/install/fire_detection/share/colcon-core/packages/fire_detection)
[1.225s] DEBUG:colcon.colcon_parallel_executor.executor.parallel:closing loop
[1.225s] DEBUG:colcon.colcon_parallel_executor.executor.parallel:loop closed
[1.225s] DEBUG:colcon.colcon_parallel_executor.executor.parallel:run_until_complete finished with '0'
[1.225s] DEBUG:colcon.colcon_core.event_reactor:joining thread
[1.241s] INFO:colcon.colcon_core.plugin_system:Skipping extension 'colcon_notification.desktop_notification.terminal_notifier': Not used on non-Darwin systems
[1.241s] INFO:colcon.colcon_core.plugin_system:Skipping extension 'colcon_notification.desktop_notification.win32': Not used on non-Windows systems
[1.241s] INFO:colcon.colcon_notification.desktop_notification:Sending desktop notification using 'notify2'
[1.248s] DEBUG:colcon.colcon_core.event_reactor:joined thread
[1.257s] INFO:colcon.colcon_core.shell:Creating prefix script '/home/insa/Desktop/VigiWheels/raspberryPI3/ros2_ws/install/local_setup.ps1'
[1.258s] INFO:colcon.colcon_core.shell:Creating prefix util module '/home/insa/Desktop/VigiWheels/raspberryPI3/ros2_ws/install/_local_setup_util_ps1.py'
[1.259s] INFO:colcon.colcon_core.shell:Creating prefix chain script '/home/insa/Desktop/VigiWheels/raspberryPI3/ros2_ws/install/setup.ps1'
[1.273s] INFO:colcon.colcon_core.shell:Creating prefix script '/home/insa/Desktop/VigiWheels/raspberryPI3/ros2_ws/install/local_setup.sh'
[1.273s] INFO:colcon.colcon_core.shell:Creating prefix util module '/home/insa/Desktop/VigiWheels/raspberryPI3/ros2_ws/install/_local_setup_util_sh.py'
[1.273s] INFO:colcon.colcon_core.shell:Creating prefix chain script '/home/insa/Desktop/VigiWheels/raspberryPI3/ros2_ws/install/setup.sh'
[1.285s] INFO:colcon.colcon_core.shell:Creating prefix script '/home/insa/Desktop/VigiWheels/raspberryPI3/ros2_ws/install/local_setup.bash'
[1.285s] INFO:colcon.colcon_core.shell:Creating prefix chain script '/home/insa/Desktop/VigiWheels/raspberryPI3/ros2_ws/install/setup.bash'
[1.296s] INFO:colcon.colcon_core.shell:Creating prefix script '/home/insa/Desktop/VigiWheels/raspberryPI3/ros2_ws/install/local_setup.zsh'
[1.296s] INFO:colcon.colcon_core.shell:Creating prefix chain script '/home/insa/Desktop/VigiWheels/raspberryPI3/ros2_ws/install/setup.zsh'
