[0.254s] Invoking command in '/home/insa/Desktop/VigiWheels2.0/raspberryPI3/ros2_ws/build/interfaces': CMAKE_PREFIX_PATH=${CMAKE_PREFIX_PATH}:/opt/ros/humble /usr/bin/cmake --build /home/insa/Desktop/VigiWheels2.0/raspberryPI3/ros2_ws/build/interfaces -- -j8 -l8
[0.301s] -- Found ament_cmake: 1.3.5 (/opt/ros/humble/share/ament_cmake/cmake)
[0.500s] -- Found rclcpp: 16.0.6 (/opt/ros/humble/share/rclcpp/cmake)
[0.540s] -- Found rosidl_generator_c: 3.1.5 (/opt/ros/humble/share/rosidl_generator_c/cmake)
[0.544s] -- Found rosidl_adapter: 3.1.5 (/opt/ros/humble/share/rosidl_adapter/cmake)
[0.570s] -- Found rosidl_generator_cpp: 3.1.5 (/opt/ros/humble/share/rosidl_generator_cpp/cmake)
[0.581s] -- Using all available rosidl_typesupport_c: rosidl_typesupport_fastrtps_c;rosidl_typesupport_introspection_c
[0.602s] -- Using all available rosidl_typesupport_cpp: rosidl_typesupport_fastrtps_cpp;rosidl_typesupport_introspection_cpp
[0.649s] -- Found rmw_implementation_cmake: 6.1.1 (/opt/ros/humble/share/rmw_implementation_cmake/cmake)
[0.653s] -- Found rmw_fastrtps_cpp: 6.2.4 (/opt/ros/humble/share/rmw_fastrtps_cpp/cmake)
[0.761s] -- Using RMW implementation 'rmw_fastrtps_cpp' as default
[0.882s] -- Found rosidl_default_generators: 1.2.0 (/opt/ros/humble/share/rosidl_default_generators/cmake)
[1.127s] -- Found ament_cmake_ros: 0.10.0 (/opt/ros/humble/share/ament_cmake_ros/cmake)
[1.348s] -- Using all available rosidl_typesupport_c: rosidl_typesupport_fastrtps_c;rosidl_typesupport_introspection_c
[1.434s] -- Using all available rosidl_typesupport_cpp: rosidl_typesupport_fastrtps_cpp;rosidl_typesupport_introspection_cpp
[1.450s] -- Found python_cmake_module: 0.10.0 (/opt/ros/humble/share/python_cmake_module/cmake)
[1.466s] -- Using PYTHON_EXECUTABLE: /usr/bin/python3
[1.467s] -- Using PYTHON_INCLUDE_DIRS: /usr/include/python3.10
[1.467s] -- Using PYTHON_LIBRARIES: /usr/lib/x86_64-linux-gnu/libpython3.10.so
[1.481s] -- Found ament_lint_auto: 0.12.8 (/opt/ros/humble/share/ament_lint_auto/cmake)
[1.492s] -- Added test 'lint_cmake' to check CMake code style
[1.493s] -- Added test 'xmllint' to check XML markup files
[1.495s] -- Configuring done
[1.546s] -- Generating done
[1.547s] -- Build files have been written to: /home/insa/Desktop/VigiWheels2.0/raspberryPI3/ros2_ws/build/interfaces
[1.570s] [  1%] [34m[1mGenerating C code for ROS interfaces[0m
[1.577s] [  1%] [34m[1mGenerating C++ code for ROS interfaces[0m
[1.590s] [  1%] Built target ament_cmake_python_copy_interfaces
[1.771s] running egg_info
[1.772s] writing interfaces.egg-info/PKG-INFO
[1.772s] writing dependency_links to interfaces.egg-info/dependency_links.txt
[1.772s] writing top-level names to interfaces.egg-info/top_level.txt
[1.774s] reading manifest file 'interfaces.egg-info/SOURCES.txt'
[1.774s] writing manifest file 'interfaces.egg-info/SOURCES.txt'
[1.793s] [  1%] Built target ament_cmake_python_build_interfaces_egg
[2.593s] [  1%] Built target interfaces__cpp
[2.602s] [  1%] [34m[1mGenerating C++ introspection for ROS interfaces[0m
[2.603s] [  2%] [34m[1mGenerating C++ type support dispatch for ROS interfaces[0m
[2.603s] [  3%] [34m[1mGenerating C++ type support for eProsima Fast-RTPS[0m
[2.734s] [35m[1mConsolidate compiler generated dependencies of target interfaces__rosidl_generator_c[0m
[2.748s] [  5%] [32mBuilding C object CMakeFiles/interfaces__rosidl_generator_c.dir/rosidl_generator_c/interfaces/msg/detail/motors_feedback__functions.c.o[0m
[2.749s] [  6%] [32mBuilding C object CMakeFiles/interfaces__rosidl_generator_c.dir/rosidl_generator_c/interfaces/msg/detail/general_data__functions.c.o[0m
[2.749s] [  6%] [32mBuilding C object CMakeFiles/interfaces__rosidl_generator_c.dir/rosidl_generator_c/interfaces/msg/detail/joystick_order__functions.c.o[0m
[2.750s] [  5%] [32mBuilding C object CMakeFiles/interfaces__rosidl_generator_c.dir/rosidl_generator_c/interfaces/msg/detail/motors_order__functions.c.o[0m
[2.750s] [  6%] [32mBuilding C object CMakeFiles/interfaces__rosidl_generator_c.dir/rosidl_generator_c/interfaces/msg/detail/steering_calibration__functions.c.o[0m
[2.814s] [  9%] [32mBuilding C object CMakeFiles/interfaces__rosidl_generator_c.dir/rosidl_generator_c/interfaces/msg/detail/system_check__functions.c.o[0m
[2.814s] [  9%] [32mBuilding C object CMakeFiles/interfaces__rosidl_generator_c.dir/rosidl_generator_c/interfaces/msg/detail/gnss__functions.c.o[0m
[2.814s] [  9%] [32mBuilding C object CMakeFiles/interfaces__rosidl_generator_c.dir/rosidl_generator_c/interfaces/msg/detail/ultrasonic__functions.c.o[0m
[2.815s] [  9%] [32mBuilding C object CMakeFiles/interfaces__rosidl_generator_c.dir/rosidl_generator_c/interfaces/msg/detail/manometer_info__functions.c.o[0m
[2.815s] [ 10%] [32mBuilding C object CMakeFiles/interfaces__rosidl_generator_c.dir/rosidl_generator_c/interfaces/msg/detail/obstacles_order__functions.c.o[0m
[2.865s] [ 12%] [32mBuilding C object CMakeFiles/interfaces__rosidl_generator_c.dir/rosidl_generator_c/interfaces/msg/detail/cam_pos_order__functions.c.o[0m
[2.865s] [ 12%] [32mBuilding C object CMakeFiles/interfaces__rosidl_generator_c.dir/rosidl_generator_c/interfaces/msg/detail/servo_cam_order__functions.c.o[0m
[2.866s] [ 13%] [32mBuilding C object CMakeFiles/interfaces__rosidl_generator_c.dir/rosidl_generator_c/interfaces/msg/detail/emergency_alert_fire__functions.c.o[0m
[2.866s] [ 13%] [32mBuilding C object CMakeFiles/interfaces__rosidl_generator_c.dir/rosidl_generator_c/interfaces/msg/detail/fire_sensor__functions.c.o[0m
[2.911s] [ 14%] [32m[1mLinking C shared library libinterfaces__rosidl_generator_c.so[0m
[2.946s] [ 14%] Built target interfaces__rosidl_generator_c
[2.955s] [ 15%] [34m[1mGenerating C type support for eProsima Fast-RTPS[0m
[2.955s] [ 16%] [34m[1mGenerating C introspection for ROS interfaces[0m
[2.957s] [ 17%] [34m[1mGenerating C type support dispatch for ROS interfaces[0m
[3.515s] [35m[1mConsolidate compiler generated dependencies of target interfaces__rosidl_typesupport_cpp[0m
[3.533s] [ 18%] [32mBuilding CXX object CMakeFiles/interfaces__rosidl_typesupport_cpp.dir/rosidl_typesupport_cpp/interfaces/msg/motors_order__type_support.cpp.o[0m
[3.533s] [ 18%] [32mBuilding CXX object CMakeFiles/interfaces__rosidl_typesupport_cpp.dir/rosidl_typesupport_cpp/interfaces/msg/motors_feedback__type_support.cpp.o[0m
[3.536s] [ 19%] [32mBuilding CXX object CMakeFiles/interfaces__rosidl_typesupport_cpp.dir/rosidl_typesupport_cpp/interfaces/msg/joystick_order__type_support.cpp.o[0m
[3.839s] [ 20%] [32mBuilding CXX object CMakeFiles/interfaces__rosidl_typesupport_cpp.dir/rosidl_typesupport_cpp/interfaces/msg/general_data__type_support.cpp.o[0m
[3.841s] [ 21%] [32mBuilding CXX object CMakeFiles/interfaces__rosidl_typesupport_cpp.dir/rosidl_typesupport_cpp/interfaces/msg/steering_calibration__type_support.cpp.o[0m
[3.852s] [ 21%] [32mBuilding CXX object CMakeFiles/interfaces__rosidl_typesupport_cpp.dir/rosidl_typesupport_cpp/interfaces/msg/ultrasonic__type_support.cpp.o[0m
[4.144s] [ 22%] [32mBuilding CXX object CMakeFiles/interfaces__rosidl_typesupport_cpp.dir/rosidl_typesupport_cpp/interfaces/msg/gnss__type_support.cpp.o[0m
[4.145s] [ 23%] [32mBuilding CXX object CMakeFiles/interfaces__rosidl_typesupport_cpp.dir/rosidl_typesupport_cpp/interfaces/msg/system_check__type_support.cpp.o[0m
[4.165s] [ 24%] [32mBuilding CXX object CMakeFiles/interfaces__rosidl_typesupport_cpp.dir/rosidl_typesupport_cpp/interfaces/msg/manometer_info__type_support.cpp.o[0m
[4.397s] [35m[1mConsolidate compiler generated dependencies of target interfaces__rosidl_typesupport_introspection_cpp[0m
[4.420s] [ 25%] [32mBuilding CXX object CMakeFiles/interfaces__rosidl_typesupport_introspection_cpp.dir/rosidl_typesupport_introspection_cpp/interfaces/msg/detail/joystick_order__type_support.cpp.o[0m
[4.425s] [ 25%] [32mBuilding CXX object CMakeFiles/interfaces__rosidl_typesupport_cpp.dir/rosidl_typesupport_cpp/interfaces/msg/obstacles_order__type_support.cpp.o[0m
[4.446s] [35m[1mConsolidate compiler generated dependencies of target interfaces__rosidl_typesupport_introspection_c[0m
[4.461s] [ 26%] [32mBuilding C object CMakeFiles/interfaces__rosidl_typesupport_introspection_c.dir/rosidl_typesupport_introspection_c/interfaces/msg/detail/joystick_order__type_support.c.o[0m
[4.463s] [35m[1mConsolidate compiler generated dependencies of target interfaces__rosidl_typesupport_c[0m
[4.464s] [ 27%] [32mBuilding C object CMakeFiles/interfaces__rosidl_typesupport_introspection_c.dir/rosidl_typesupport_introspection_c/interfaces/msg/detail/motors_order__type_support.c.o[0m
[4.480s] [ 27%] [32mBuilding CXX object CMakeFiles/interfaces__rosidl_typesupport_c.dir/rosidl_typesupport_c/interfaces/msg/joystick_order__type_support.cpp.o[0m
[4.498s] [ 28%] [32mBuilding C object CMakeFiles/interfaces__rosidl_typesupport_introspection_c.dir/rosidl_typesupport_introspection_c/interfaces/msg/detail/general_data__type_support.c.o[0m
[4.498s] [ 29%] [32mBuilding CXX object CMakeFiles/interfaces__rosidl_typesupport_introspection_cpp.dir/rosidl_typesupport_introspection_cpp/interfaces/msg/detail/motors_order__type_support.cpp.o[0m
[4.498s] [ 29%] [32mBuilding C object CMakeFiles/interfaces__rosidl_typesupport_introspection_c.dir/rosidl_typesupport_introspection_c/interfaces/msg/detail/motors_feedback__type_support.c.o[0m
[4.518s] [ 30%] [32mBuilding CXX object CMakeFiles/interfaces__rosidl_typesupport_c.dir/rosidl_typesupport_c/interfaces/msg/motors_order__type_support.cpp.o[0m
[4.523s] [35m[1mConsolidate compiler generated dependencies of target interfaces__rosidl_typesupport_fastrtps_cpp[0m
[4.535s] [ 31%] [32mBuilding C object CMakeFiles/interfaces__rosidl_typesupport_introspection_c.dir/rosidl_typesupport_introspection_c/interfaces/msg/detail/steering_calibration__type_support.c.o[0m
[4.535s] [ 32%] [32mBuilding CXX object CMakeFiles/interfaces__rosidl_typesupport_introspection_cpp.dir/rosidl_typesupport_introspection_cpp/interfaces/msg/detail/motors_feedback__type_support.cpp.o[0m
[4.551s] [ 33%] [32mBuilding CXX object CMakeFiles/interfaces__rosidl_typesupport_fastrtps_cpp.dir/rosidl_typesupport_fastrtps_cpp/interfaces/msg/detail/dds_fastrtps/joystick_order__type_support.cpp.o[0m
[4.560s] [ 34%] [32mBuilding CXX object CMakeFiles/interfaces__rosidl_typesupport_c.dir/rosidl_typesupport_c/interfaces/msg/motors_feedback__type_support.cpp.o[0m
[4.568s] [ 35%] [32mBuilding C object CMakeFiles/interfaces__rosidl_typesupport_introspection_c.dir/rosidl_typesupport_introspection_c/interfaces/msg/detail/ultrasonic__type_support.c.o[0m
[4.601s] [ 35%] [32mBuilding C object CMakeFiles/interfaces__rosidl_typesupport_introspection_c.dir/rosidl_typesupport_introspection_c/interfaces/msg/detail/gnss__type_support.c.o[0m
[4.618s] [ 36%] [32mBuilding CXX object CMakeFiles/interfaces__rosidl_typesupport_c.dir/rosidl_typesupport_c/interfaces/msg/general_data__type_support.cpp.o[0m
[4.638s] [ 37%] [32mBuilding C object CMakeFiles/interfaces__rosidl_typesupport_introspection_c.dir/rosidl_typesupport_introspection_c/interfaces/msg/detail/system_check__type_support.c.o[0m
[4.651s] [ 37%] [32mBuilding CXX object CMakeFiles/interfaces__rosidl_typesupport_c.dir/rosidl_typesupport_c/interfaces/msg/steering_calibration__type_support.cpp.o[0m
[4.679s] [ 38%] [32mBuilding C object CMakeFiles/interfaces__rosidl_typesupport_introspection_c.dir/rosidl_typesupport_introspection_c/interfaces/msg/detail/manometer_info__type_support.c.o[0m
[4.682s] [ 39%] [32mBuilding CXX object CMakeFiles/interfaces__rosidl_typesupport_c.dir/rosidl_typesupport_c/interfaces/msg/ultrasonic__type_support.cpp.o[0m
[4.714s] [ 40%] [32mBuilding CXX object CMakeFiles/interfaces__rosidl_typesupport_c.dir/rosidl_typesupport_c/interfaces/msg/gnss__type_support.cpp.o[0m
[4.715s] [ 40%] [32mBuilding C object CMakeFiles/interfaces__rosidl_typesupport_introspection_c.dir/rosidl_typesupport_introspection_c/interfaces/msg/detail/obstacles_order__type_support.c.o[0m
[4.748s] [ 41%] [32mBuilding CXX object CMakeFiles/interfaces__rosidl_typesupport_c.dir/rosidl_typesupport_c/interfaces/msg/system_check__type_support.cpp.o[0m
[4.748s] [ 42%] [32mBuilding CXX object CMakeFiles/interfaces__rosidl_typesupport_cpp.dir/rosidl_typesupport_cpp/interfaces/msg/servo_cam_order__type_support.cpp.o[0m
[4.748s] [ 43%] [32mBuilding C object CMakeFiles/interfaces__rosidl_typesupport_introspection_c.dir/rosidl_typesupport_introspection_c/interfaces/msg/detail/servo_cam_order__type_support.c.o[0m
[4.779s] [ 43%] [32mBuilding CXX object CMakeFiles/interfaces__rosidl_typesupport_c.dir/rosidl_typesupport_c/interfaces/msg/manometer_info__type_support.cpp.o[0m
[4.783s] [ 44%] [32mBuilding C object CMakeFiles/interfaces__rosidl_typesupport_introspection_c.dir/rosidl_typesupport_introspection_c/interfaces/msg/detail/cam_pos_order__type_support.c.o[0m
[4.811s] [ 45%] [32mBuilding CXX object CMakeFiles/interfaces__rosidl_typesupport_c.dir/rosidl_typesupport_c/interfaces/msg/obstacles_order__type_support.cpp.o[0m
[4.819s] [ 46%] [32mBuilding C object CMakeFiles/interfaces__rosidl_typesupport_introspection_c.dir/rosidl_typesupport_introspection_c/interfaces/msg/detail/fire_sensor__type_support.c.o[0m
[4.838s] [ 47%] [32mBuilding CXX object CMakeFiles/interfaces__rosidl_typesupport_cpp.dir/rosidl_typesupport_cpp/interfaces/msg/cam_pos_order__type_support.cpp.o[0m
[4.848s] [ 48%] [32mBuilding CXX object CMakeFiles/interfaces__rosidl_typesupport_c.dir/rosidl_typesupport_c/interfaces/msg/servo_cam_order__type_support.cpp.o[0m
[4.857s] [ 48%] [32mBuilding C object CMakeFiles/interfaces__rosidl_typesupport_introspection_c.dir/rosidl_typesupport_introspection_c/interfaces/msg/detail/emergency_alert_fire__type_support.c.o[0m
[4.879s] [ 49%] [32mBuilding CXX object CMakeFiles/interfaces__rosidl_typesupport_c.dir/rosidl_typesupport_c/interfaces/msg/cam_pos_order__type_support.cpp.o[0m
[4.888s] [35m[1mConsolidate compiler generated dependencies of target interfaces__rosidl_typesupport_fastrtps_c[0m
[4.893s] [ 50%] [32m[1mLinking C shared library libinterfaces__rosidl_typesupport_introspection_c.so[0m
[4.911s] [ 50%] [32mBuilding CXX object CMakeFiles/interfaces__rosidl_typesupport_c.dir/rosidl_typesupport_c/interfaces/msg/fire_sensor__type_support.cpp.o[0m
[4.914s] [ 51%] [32mBuilding CXX object CMakeFiles/interfaces__rosidl_typesupport_fastrtps_c.dir/rosidl_typesupport_fastrtps_c/interfaces/msg/detail/joystick_order__type_support_c.cpp.o[0m
[4.929s] [ 51%] [32mBuilding CXX object CMakeFiles/interfaces__rosidl_typesupport_introspection_cpp.dir/rosidl_typesupport_introspection_cpp/interfaces/msg/detail/general_data__type_support.cpp.o[0m
[4.937s] [ 51%] Built target interfaces__rosidl_typesupport_introspection_c
[4.947s] [ 52%] [32mBuilding CXX object CMakeFiles/interfaces__rosidl_typesupport_fastrtps_cpp.dir/rosidl_typesupport_fastrtps_cpp/interfaces/msg/detail/dds_fastrtps/motors_order__type_support.cpp.o[0m
[4.948s] [ 53%] [32mBuilding CXX object CMakeFiles/interfaces__rosidl_typesupport_c.dir/rosidl_typesupport_c/interfaces/msg/emergency_alert_fire__type_support.cpp.o[0m
[4.951s] [ 54%] [32mBuilding CXX object CMakeFiles/interfaces__rosidl_typesupport_introspection_cpp.dir/rosidl_typesupport_introspection_cpp/interfaces/msg/detail/steering_calibration__type_support.cpp.o[0m
[4.982s] [ 55%] [32m[1mLinking CXX shared library libinterfaces__rosidl_typesupport_c.so[0m
[5.018s] [ 55%] [32mBuilding CXX object CMakeFiles/interfaces__rosidl_typesupport_fastrtps_cpp.dir/rosidl_typesupport_fastrtps_cpp/interfaces/msg/detail/dds_fastrtps/motors_feedback__type_support.cpp.o[0m
[5.026s] [ 56%] [32mBuilding CXX object CMakeFiles/interfaces__rosidl_typesupport_cpp.dir/rosidl_typesupport_cpp/interfaces/msg/fire_sensor__type_support.cpp.o[0m
[5.037s] [ 56%] Built target interfaces__rosidl_typesupport_c
[5.048s] [ 56%] [32mBuilding CXX object CMakeFiles/interfaces__rosidl_typesupport_cpp.dir/rosidl_typesupport_cpp/interfaces/msg/emergency_alert_fire__type_support.cpp.o[0m
[5.149s] [ 57%] [32mBuilding CXX object CMakeFiles/interfaces__rosidl_typesupport_fastrtps_cpp.dir/rosidl_typesupport_fastrtps_cpp/interfaces/msg/detail/dds_fastrtps/general_data__type_support.cpp.o[0m
[5.312s] [ 58%] [32mBuilding CXX object CMakeFiles/interfaces__rosidl_typesupport_fastrtps_cpp.dir/rosidl_typesupport_fastrtps_cpp/interfaces/msg/detail/dds_fastrtps/steering_calibration__type_support.cpp.o[0m
[5.342s] [ 59%] [32mBuilding CXX object CMakeFiles/interfaces__rosidl_typesupport_introspection_cpp.dir/rosidl_typesupport_introspection_cpp/interfaces/msg/detail/ultrasonic__type_support.cpp.o[0m
[5.344s] [ 59%] [32mBuilding CXX object CMakeFiles/interfaces__rosidl_typesupport_fastrtps_c.dir/rosidl_typesupport_fastrtps_c/interfaces/msg/detail/motors_order__type_support_c.cpp.o[0m
[5.364s] [ 60%] [32mBuilding CXX object CMakeFiles/interfaces__rosidl_typesupport_introspection_cpp.dir/rosidl_typesupport_introspection_cpp/interfaces/msg/detail/gnss__type_support.cpp.o[0m
[5.364s] [ 61%] [32m[1mLinking CXX shared library libinterfaces__rosidl_typesupport_cpp.so[0m
[5.366s] [ 62%] [32mBuilding CXX object CMakeFiles/interfaces__rosidl_typesupport_fastrtps_cpp.dir/rosidl_typesupport_fastrtps_cpp/interfaces/msg/detail/dds_fastrtps/ultrasonic__type_support.cpp.o[0m
[5.437s] [ 62%] Built target interfaces__rosidl_typesupport_cpp
[5.449s] [ 63%] [32mBuilding CXX object CMakeFiles/interfaces__rosidl_typesupport_fastrtps_cpp.dir/rosidl_typesupport_fastrtps_cpp/interfaces/msg/detail/dds_fastrtps/system_check__type_support.cpp.o[0m
[5.450s] [ 63%] [32mBuilding CXX object CMakeFiles/interfaces__rosidl_typesupport_fastrtps_cpp.dir/rosidl_typesupport_fastrtps_cpp/interfaces/msg/detail/dds_fastrtps/gnss__type_support.cpp.o[0m
[5.605s] [ 64%] [32mBuilding CXX object CMakeFiles/interfaces__rosidl_typesupport_fastrtps_cpp.dir/rosidl_typesupport_fastrtps_cpp/interfaces/msg/detail/dds_fastrtps/manometer_info__type_support.cpp.o[0m
[5.721s] [ 65%] [32mBuilding CXX object CMakeFiles/interfaces__rosidl_typesupport_fastrtps_c.dir/rosidl_typesupport_fastrtps_c/interfaces/msg/detail/motors_feedback__type_support_c.cpp.o[0m
[5.739s] [ 65%] [32mBuilding CXX object CMakeFiles/interfaces__rosidl_typesupport_introspection_cpp.dir/rosidl_typesupport_introspection_cpp/interfaces/msg/detail/system_check__type_support.cpp.o[0m
[5.768s] [ 66%] [32mBuilding CXX object CMakeFiles/interfaces__rosidl_typesupport_introspection_cpp.dir/rosidl_typesupport_introspection_cpp/interfaces/msg/detail/manometer_info__type_support.cpp.o[0m
[5.796s] [ 67%] [32mBuilding CXX object CMakeFiles/interfaces__rosidl_typesupport_fastrtps_cpp.dir/rosidl_typesupport_fastrtps_cpp/interfaces/msg/detail/dds_fastrtps/obstacles_order__type_support.cpp.o[0m
[5.804s] [ 67%] [32mBuilding CXX object CMakeFiles/interfaces__rosidl_typesupport_fastrtps_cpp.dir/rosidl_typesupport_fastrtps_cpp/interfaces/msg/detail/dds_fastrtps/servo_cam_order__type_support.cpp.o[0m
[5.898s] [ 68%] [32mBuilding CXX object CMakeFiles/interfaces__rosidl_typesupport_fastrtps_cpp.dir/rosidl_typesupport_fastrtps_cpp/interfaces/msg/detail/dds_fastrtps/cam_pos_order__type_support.cpp.o[0m
[5.903s] [ 69%] [32mBuilding CXX object CMakeFiles/interfaces__rosidl_typesupport_fastrtps_cpp.dir/rosidl_typesupport_fastrtps_cpp/interfaces/msg/detail/dds_fastrtps/fire_sensor__type_support.cpp.o[0m
[6.055s] [ 70%] [32mBuilding CXX object CMakeFiles/interfaces__rosidl_typesupport_fastrtps_cpp.dir/rosidl_typesupport_fastrtps_cpp/interfaces/msg/detail/dds_fastrtps/emergency_alert_fire__type_support.cpp.o[0m
[6.107s] [ 71%] [32mBuilding CXX object CMakeFiles/interfaces__rosidl_typesupport_fastrtps_c.dir/rosidl_typesupport_fastrtps_c/interfaces/msg/detail/general_data__type_support_c.cpp.o[0m
[6.164s] [ 72%] [32mBuilding CXX object CMakeFiles/interfaces__rosidl_typesupport_introspection_cpp.dir/rosidl_typesupport_introspection_cpp/interfaces/msg/detail/obstacles_order__type_support.cpp.o[0m
[6.167s] [ 73%] [32mBuilding CXX object CMakeFiles/interfaces__rosidl_typesupport_introspection_cpp.dir/rosidl_typesupport_introspection_cpp/interfaces/msg/detail/servo_cam_order__type_support.cpp.o[0m
[6.219s] [ 73%] [32mBuilding CXX object CMakeFiles/interfaces__rosidl_typesupport_introspection_cpp.dir/rosidl_typesupport_introspection_cpp/interfaces/msg/detail/cam_pos_order__type_support.cpp.o[0m
[6.269s] [ 74%] [32mBuilding CXX object CMakeFiles/interfaces__rosidl_typesupport_introspection_cpp.dir/rosidl_typesupport_introspection_cpp/interfaces/msg/detail/fire_sensor__type_support.cpp.o[0m
[6.348s] [ 75%] [32mBuilding CXX object CMakeFiles/interfaces__rosidl_typesupport_introspection_cpp.dir/rosidl_typesupport_introspection_cpp/interfaces/msg/detail/emergency_alert_fire__type_support.cpp.o[0m
[6.363s] [ 76%] [32mBuilding CXX object CMakeFiles/interfaces__rosidl_typesupport_fastrtps_c.dir/rosidl_typesupport_fastrtps_c/interfaces/msg/detail/steering_calibration__type_support_c.cpp.o[0m
[6.468s] [ 76%] [32mBuilding CXX object CMakeFiles/interfaces__rosidl_typesupport_fastrtps_c.dir/rosidl_typesupport_fastrtps_c/interfaces/msg/detail/ultrasonic__type_support_c.cpp.o[0m
[6.504s] [ 76%] [32m[1mLinking CXX shared library libinterfaces__rosidl_typesupport_fastrtps_cpp.so[0m
[6.583s] [ 77%] [32mBuilding CXX object CMakeFiles/interfaces__rosidl_typesupport_fastrtps_c.dir/rosidl_typesupport_fastrtps_c/interfaces/msg/detail/gnss__type_support_c.cpp.o[0m
[6.606s] [ 78%] [32mBuilding CXX object CMakeFiles/interfaces__rosidl_typesupport_fastrtps_c.dir/rosidl_typesupport_fastrtps_c/interfaces/msg/detail/system_check__type_support_c.cpp.o[0m
[6.618s] [ 78%] Built target interfaces__rosidl_typesupport_fastrtps_cpp
[6.626s] [ 79%] [32mBuilding CXX object CMakeFiles/interfaces__rosidl_typesupport_fastrtps_c.dir/rosidl_typesupport_fastrtps_c/interfaces/msg/detail/manometer_info__type_support_c.cpp.o[0m
[6.628s] [ 79%] [32mBuilding CXX object CMakeFiles/interfaces__rosidl_typesupport_fastrtps_c.dir/rosidl_typesupport_fastrtps_c/interfaces/msg/detail/obstacles_order__type_support_c.cpp.o[0m
[6.743s] [ 80%] [32mBuilding CXX object CMakeFiles/interfaces__rosidl_typesupport_fastrtps_c.dir/rosidl_typesupport_fastrtps_c/interfaces/msg/detail/servo_cam_order__type_support_c.cpp.o[0m
[6.746s] [ 81%] [32mBuilding CXX object CMakeFiles/interfaces__rosidl_typesupport_fastrtps_c.dir/rosidl_typesupport_fastrtps_c/interfaces/msg/detail/cam_pos_order__type_support_c.cpp.o[0m
[6.758s] [ 82%] [32m[1mLinking CXX shared library libinterfaces__rosidl_typesupport_introspection_cpp.so[0m
[6.826s] [ 83%] [32mBuilding CXX object CMakeFiles/interfaces__rosidl_typesupport_fastrtps_c.dir/rosidl_typesupport_fastrtps_c/interfaces/msg/detail/fire_sensor__type_support_c.cpp.o[0m
[6.881s] [ 83%] Built target interfaces__rosidl_typesupport_introspection_cpp
[6.895s] [ 83%] [32mBuilding CXX object CMakeFiles/interfaces__rosidl_typesupport_fastrtps_c.dir/rosidl_typesupport_fastrtps_c/interfaces/msg/detail/emergency_alert_fire__type_support_c.cpp.o[0m
[7.172s] [ 84%] [32m[1mLinking CXX shared library libinterfaces__rosidl_typesupport_fastrtps_c.so[0m
[7.226s] [ 84%] Built target interfaces__rosidl_typesupport_fastrtps_c
[7.242s] [ 84%] Built target interfaces
[7.261s] [ 85%] [34m[1mGenerating Python code for ROS interfaces[0m
[9.022s] [ 85%] Built target interfaces__py
[9.034s] [35m[1mConsolidate compiler generated dependencies of target interfaces__rosidl_generator_py[0m
[9.052s] [ 85%] [32mBuilding C object CMakeFiles/interfaces__rosidl_generator_py.dir/rosidl_generator_py/interfaces/msg/_motors_order_s.c.o[0m
[9.052s] [ 87%] [32mBuilding C object CMakeFiles/interfaces__rosidl_generator_py.dir/rosidl_generator_py/interfaces/msg/_motors_feedback_s.c.o[0m
[9.052s] [ 88%] [32mBuilding C object CMakeFiles/interfaces__rosidl_generator_py.dir/rosidl_generator_py/interfaces/msg/_ultrasonic_s.c.o[0m
[9.052s] [ 88%] [32mBuilding C object CMakeFiles/interfaces__rosidl_generator_py.dir/rosidl_generator_py/interfaces/msg/_steering_calibration_s.c.o[0m
[9.052s] [ 88%] [32mBuilding C object CMakeFiles/interfaces__rosidl_generator_py.dir/rosidl_generator_py/interfaces/msg/_joystick_order_s.c.o[0m
[9.052s] [ 89%] [32mBuilding C object CMakeFiles/interfaces__rosidl_generator_py.dir/rosidl_generator_py/interfaces/msg/_general_data_s.c.o[0m
[9.052s] [ 90%] [32mBuilding C object CMakeFiles/interfaces__rosidl_generator_py.dir/rosidl_generator_py/interfaces/msg/_system_check_s.c.o[0m
[9.052s] [ 91%] [32mBuilding C object CMakeFiles/interfaces__rosidl_generator_py.dir/rosidl_generator_py/interfaces/msg/_gnss_s.c.o[0m
[9.167s] [ 92%] [32mBuilding C object CMakeFiles/interfaces__rosidl_generator_py.dir/rosidl_generator_py/interfaces/msg/_manometer_info_s.c.o[0m
[9.169s] [ 93%] [32mBuilding C object CMakeFiles/interfaces__rosidl_generator_py.dir/rosidl_generator_py/interfaces/msg/_servo_cam_order_s.c.o[0m
[9.169s] [ 93%] [32mBuilding C object CMakeFiles/interfaces__rosidl_generator_py.dir/rosidl_generator_py/interfaces/msg/_obstacles_order_s.c.o[0m
[9.170s] [ 94%] [32mBuilding C object CMakeFiles/interfaces__rosidl_generator_py.dir/rosidl_generator_py/interfaces/msg/_cam_pos_order_s.c.o[0m
[9.170s] [ 94%] [32mBuilding C object CMakeFiles/interfaces__rosidl_generator_py.dir/rosidl_generator_py/interfaces/msg/_fire_sensor_s.c.o[0m
[9.171s] [ 95%] [32mBuilding C object CMakeFiles/interfaces__rosidl_generator_py.dir/rosidl_generator_py/interfaces/msg/_emergency_alert_fire_s.c.o[0m
[9.277s] [ 96%] [32m[1mLinking C shared library rosidl_generator_py/interfaces/libinterfaces__rosidl_generator_py.so[0m
[9.309s] [ 96%] Built target interfaces__rosidl_generator_py
[9.320s] [35m[1mConsolidate compiler generated dependencies of target interfaces__rosidl_typesupport_c__pyext[0m
[9.320s] [35m[1mConsolidate compiler generated dependencies of target interfaces__rosidl_typesupport_introspection_c__pyext[0m
[9.320s] [35m[1mConsolidate compiler generated dependencies of target interfaces__rosidl_typesupport_fastrtps_c__pyext[0m
[9.331s] [ 99%] [32mBuilding C object CMakeFiles/interfaces__rosidl_typesupport_introspection_c__pyext.dir/rosidl_generator_py/interfaces/_interfaces_s.ep.rosidl_typesupport_introspection_c.c.o[0m
[9.332s] [ 99%] [32mBuilding C object CMakeFiles/interfaces__rosidl_typesupport_fastrtps_c__pyext.dir/rosidl_generator_py/interfaces/_interfaces_s.ep.rosidl_typesupport_fastrtps_c.c.o[0m
[9.332s] [ 99%] [32mBuilding C object CMakeFiles/interfaces__rosidl_typesupport_c__pyext.dir/rosidl_generator_py/interfaces/_interfaces_s.ep.rosidl_typesupport_c.c.o[0m
[9.421s] [ 99%] [32m[1mLinking C shared library rosidl_generator_py/interfaces/interfaces_s__rosidl_typesupport_c.cpython-310-x86_64-linux-gnu.so[0m
[9.422s] [100%] [32m[1mLinking C shared library rosidl_generator_py/interfaces/interfaces_s__rosidl_typesupport_introspection_c.cpython-310-x86_64-linux-gnu.so[0m
[9.423s] [100%] [32m[1mLinking C shared library rosidl_generator_py/interfaces/interfaces_s__rosidl_typesupport_fastrtps_c.cpython-310-x86_64-linux-gnu.so[0m
[9.446s] [100%] Built target interfaces__rosidl_typesupport_c__pyext
[9.447s] [100%] Built target interfaces__rosidl_typesupport_introspection_c__pyext
[9.448s] [100%] Built target interfaces__rosidl_typesupport_fastrtps_c__pyext
[9.458s] Invoked command in '/home/insa/Desktop/VigiWheels2.0/raspberryPI3/ros2_ws/build/interfaces' returned '0': CMAKE_PREFIX_PATH=${CMAKE_PREFIX_PATH}:/opt/ros/humble /usr/bin/cmake --build /home/insa/Desktop/VigiWheels2.0/raspberryPI3/ros2_ws/build/interfaces -- -j8 -l8
[9.717s] Invoking command in '/home/insa/Desktop/VigiWheels2.0/raspberryPI3/ros2_ws/build/interfaces': CMAKE_PREFIX_PATH=${CMAKE_PREFIX_PATH}:/opt/ros/humble /usr/bin/cmake --install /home/insa/Desktop/VigiWheels2.0/raspberryPI3/ros2_ws/build/interfaces
[9.723s] -- Install configuration: ""
[9.729s] -- Up-to-date: /home/insa/Desktop/VigiWheels2.0/raspberryPI3/ros2_ws/install/interfaces/share/ament_index/resource_index/rosidl_interfaces/interfaces
[9.729s] -- Up-to-date: /home/insa/Desktop/VigiWheels2.0/raspberryPI3/ros2_ws/install/interfaces/include/interfaces/interfaces
[9.730s] -- Up-to-date: /home/insa/Desktop/VigiWheels2.0/raspberryPI3/ros2_ws/install/interfaces/include/interfaces/interfaces/msg
[9.730s] -- Installing: /home/insa/Desktop/VigiWheels2.0/raspberryPI3/ros2_ws/install/interfaces/include/interfaces/interfaces/msg/system_check.h
[9.730s] -- Installing: /home/insa/Desktop/VigiWheels2.0/raspberryPI3/ros2_ws/install/interfaces/include/interfaces/interfaces/msg/servo_cam_order.h
[9.730s] -- Installing: /home/insa/Desktop/VigiWheels2.0/raspberryPI3/ros2_ws/install/interfaces/include/interfaces/interfaces/msg/fire_sensor.h
[9.730s] -- Installing: /home/insa/Desktop/VigiWheels2.0/raspberryPI3/ros2_ws/install/interfaces/include/interfaces/interfaces/msg/motors_feedback.h
[9.730s] -- Installing: /home/insa/Desktop/VigiWheels2.0/raspberryPI3/ros2_ws/install/interfaces/include/interfaces/interfaces/msg/manometer_info.h
[9.730s] -- Up-to-date: /home/insa/Desktop/VigiWheels2.0/raspberryPI3/ros2_ws/install/interfaces/include/interfaces/interfaces/msg/rosidl_generator_c__visibility_control.h
[9.731s] -- Installing: /home/insa/Desktop/VigiWheels2.0/raspberryPI3/ros2_ws/install/interfaces/include/interfaces/interfaces/msg/steering_calibration.h
[9.731s] -- Installing: /home/insa/Desktop/VigiWheels2.0/raspberryPI3/ros2_ws/install/interfaces/include/interfaces/interfaces/msg/general_data.h
[9.731s] -- Installing: /home/insa/Desktop/VigiWheels2.0/raspberryPI3/ros2_ws/install/interfaces/include/interfaces/interfaces/msg/ultrasonic.h
[9.731s] -- Installing: /home/insa/Desktop/VigiWheels2.0/raspberryPI3/ros2_ws/install/interfaces/include/interfaces/interfaces/msg/emergency_alert_fire.h
[9.731s] -- Up-to-date: /home/insa/Desktop/VigiWheels2.0/raspberryPI3/ros2_ws/install/interfaces/include/interfaces/interfaces/msg/detail
[9.731s] -- Installing: /home/insa/Desktop/VigiWheels2.0/raspberryPI3/ros2_ws/install/interfaces/include/interfaces/interfaces/msg/detail/gnss__functions.h
[9.731s] -- Installing: /home/insa/Desktop/VigiWheels2.0/raspberryPI3/ros2_ws/install/interfaces/include/interfaces/interfaces/msg/detail/cam_pos_order__type_support.h
[9.731s] -- Installing: /home/insa/Desktop/VigiWheels2.0/raspberryPI3/ros2_ws/install/interfaces/include/interfaces/interfaces/msg/detail/motors_order__functions.c
[9.731s] -- Installing: /home/insa/Desktop/VigiWheels2.0/raspberryPI3/ros2_ws/install/interfaces/include/interfaces/interfaces/msg/detail/obstacles_order__struct.h
[9.731s] -- Installing: /home/insa/Desktop/VigiWheels2.0/raspberryPI3/ros2_ws/install/interfaces/include/interfaces/interfaces/msg/detail/fire_sensor__functions.h
[9.731s] -- Installing: /home/insa/Desktop/VigiWheels2.0/raspberryPI3/ros2_ws/install/interfaces/include/interfaces/interfaces/msg/detail/servo_cam_order__type_support.h
[9.731s] -- Installing: /home/insa/Desktop/VigiWheels2.0/raspberryPI3/ros2_ws/install/interfaces/include/interfaces/interfaces/msg/detail/ultrasonic__type_support.h
[9.732s] -- Installing: /home/insa/Desktop/VigiWheels2.0/raspberryPI3/ros2_ws/install/interfaces/include/interfaces/interfaces/msg/detail/joystick_order__struct.h
[9.732s] -- Installing: /home/insa/Desktop/VigiWheels2.0/raspberryPI3/ros2_ws/install/interfaces/include/interfaces/interfaces/msg/detail/obstacles_order__functions.h
[9.732s] -- Installing: /home/insa/Desktop/VigiWheels2.0/raspberryPI3/ros2_ws/install/interfaces/include/interfaces/interfaces/msg/detail/cam_pos_order__struct.h
[9.732s] -- Installing: /home/insa/Desktop/VigiWheels2.0/raspberryPI3/ros2_ws/install/interfaces/include/interfaces/interfaces/msg/detail/fire_sensor__functions.c
[9.732s] -- Installing: /home/insa/Desktop/VigiWheels2.0/raspberryPI3/ros2_ws/install/interfaces/include/interfaces/interfaces/msg/detail/emergency_alert_fire__functions.c
[9.732s] -- Installing: /home/insa/Desktop/VigiWheels2.0/raspberryPI3/ros2_ws/install/interfaces/include/interfaces/interfaces/msg/detail/system_check__functions.h
[9.732s] -- Installing: /home/insa/Desktop/VigiWheels2.0/raspberryPI3/ros2_ws/install/interfaces/include/interfaces/interfaces/msg/detail/general_data__struct.h
[9.732s] -- Installing: /home/insa/Desktop/VigiWheels2.0/raspberryPI3/ros2_ws/install/interfaces/include/interfaces/interfaces/msg/detail/joystick_order__type_support.h
[9.733s] -- Installing: /home/insa/Desktop/VigiWheels2.0/raspberryPI3/ros2_ws/install/interfaces/include/interfaces/interfaces/msg/detail/emergency_alert_fire__type_support.h
[9.733s] -- Installing: /home/insa/Desktop/VigiWheels2.0/raspberryPI3/ros2_ws/install/interfaces/include/interfaces/interfaces/msg/detail/cam_pos_order__functions.h
[9.733s] -- Installing: /home/insa/Desktop/VigiWheels2.0/raspberryPI3/ros2_ws/install/interfaces/include/interfaces/interfaces/msg/detail/gnss__type_support.h
[9.733s] -- Installing: /home/insa/Desktop/VigiWheels2.0/raspberryPI3/ros2_ws/install/interfaces/include/interfaces/interfaces/msg/detail/steering_calibration__struct.h
[9.733s] -- Installing: /home/insa/Desktop/VigiWheels2.0/raspberryPI3/ros2_ws/install/interfaces/include/interfaces/interfaces/msg/detail/ultrasonic__functions.h
[9.733s] -- Installing: /home/insa/Desktop/VigiWheels2.0/raspberryPI3/ros2_ws/install/interfaces/include/interfaces/interfaces/msg/detail/manometer_info__struct.h
[9.733s] -- Installing: /home/insa/Desktop/VigiWheels2.0/raspberryPI3/ros2_ws/install/interfaces/include/interfaces/interfaces/msg/detail/motors_order__type_support.h
[9.733s] -- Installing: /home/insa/Desktop/VigiWheels2.0/raspberryPI3/ros2_ws/install/interfaces/include/interfaces/interfaces/msg/detail/fire_sensor__struct.h
[9.733s] -- Installing: /home/insa/Desktop/VigiWheels2.0/raspberryPI3/ros2_ws/install/interfaces/include/interfaces/interfaces/msg/detail/servo_cam_order__struct.h
[9.733s] -- Installing: /home/insa/Desktop/VigiWheels2.0/raspberryPI3/ros2_ws/install/interfaces/include/interfaces/interfaces/msg/detail/system_check__functions.c
[9.733s] -- Installing: /home/insa/Desktop/VigiWheels2.0/raspberryPI3/ros2_ws/install/interfaces/include/interfaces/interfaces/msg/detail/manometer_info__functions.h
[9.734s] -- Installing: /home/insa/Desktop/VigiWheels2.0/raspberryPI3/ros2_ws/install/interfaces/include/interfaces/interfaces/msg/detail/steering_calibration__functions.h
[9.734s] -- Installing: /home/insa/Desktop/VigiWheels2.0/raspberryPI3/ros2_ws/install/interfaces/include/interfaces/interfaces/msg/detail/manometer_info__functions.c
[9.734s] -- Installing: /home/insa/Desktop/VigiWheels2.0/raspberryPI3/ros2_ws/install/interfaces/include/interfaces/interfaces/msg/detail/system_check__type_support.h
[9.734s] -- Installing: /home/insa/Desktop/VigiWheels2.0/raspberryPI3/ros2_ws/install/interfaces/include/interfaces/interfaces/msg/detail/gnss__struct.h
[9.734s] -- Installing: /home/insa/Desktop/VigiWheels2.0/raspberryPI3/ros2_ws/install/interfaces/include/interfaces/interfaces/msg/detail/system_check__struct.h
[9.734s] -- Installing: /home/insa/Desktop/VigiWheels2.0/raspberryPI3/ros2_ws/install/interfaces/include/interfaces/interfaces/msg/detail/ultrasonic__struct.h
[9.734s] -- Installing: /home/insa/Desktop/VigiWheels2.0/raspberryPI3/ros2_ws/install/interfaces/include/interfaces/interfaces/msg/detail/steering_calibration__functions.c
[9.734s] -- Installing: /home/insa/Desktop/VigiWheels2.0/raspberryPI3/ros2_ws/install/interfaces/include/interfaces/interfaces/msg/detail/motors_order__functions.h
[9.734s] -- Installing: /home/insa/Desktop/VigiWheels2.0/raspberryPI3/ros2_ws/install/interfaces/include/interfaces/interfaces/msg/detail/joystick_order__functions.c
[9.734s] -- Installing: /home/insa/Desktop/VigiWheels2.0/raspberryPI3/ros2_ws/install/interfaces/include/interfaces/interfaces/msg/detail/manometer_info__type_support.h
[9.735s] -- Installing: /home/insa/Desktop/VigiWheels2.0/raspberryPI3/ros2_ws/install/interfaces/include/interfaces/interfaces/msg/detail/general_data__type_support.h
[9.735s] -- Installing: /home/insa/Desktop/VigiWheels2.0/raspberryPI3/ros2_ws/install/interfaces/include/interfaces/interfaces/msg/detail/emergency_alert_fire__struct.h
[9.735s] -- Installing: /home/insa/Desktop/VigiWheels2.0/raspberryPI3/ros2_ws/install/interfaces/include/interfaces/interfaces/msg/detail/motors_order__struct.h
[9.735s] -- Installing: /home/insa/Desktop/VigiWheels2.0/raspberryPI3/ros2_ws/install/interfaces/include/interfaces/interfaces/msg/detail/servo_cam_order__functions.c
[9.735s] -- Installing: /home/insa/Desktop/VigiWheels2.0/raspberryPI3/ros2_ws/install/interfaces/include/interfaces/interfaces/msg/detail/motors_feedback__functions.h
[9.735s] -- Installing: /home/insa/Desktop/VigiWheels2.0/raspberryPI3/ros2_ws/install/interfaces/include/interfaces/interfaces/msg/detail/obstacles_order__functions.c
[9.735s] -- Installing: /home/insa/Desktop/VigiWheels2.0/raspberryPI3/ros2_ws/install/interfaces/include/interfaces/interfaces/msg/detail/general_data__functions.h
[9.735s] -- Installing: /home/insa/Desktop/VigiWheels2.0/raspberryPI3/ros2_ws/install/interfaces/include/interfaces/interfaces/msg/detail/joystick_order__functions.h
[9.735s] -- Installing: /home/insa/Desktop/VigiWheels2.0/raspberryPI3/ros2_ws/install/interfaces/include/interfaces/interfaces/msg/detail/motors_feedback__struct.h
[9.735s] -- Installing: /home/insa/Desktop/VigiWheels2.0/raspberryPI3/ros2_ws/install/interfaces/include/interfaces/interfaces/msg/detail/steering_calibration__type_support.h
[9.736s] -- Installing: /home/insa/Desktop/VigiWheels2.0/raspberryPI3/ros2_ws/install/interfaces/include/interfaces/interfaces/msg/detail/obstacles_order__type_support.h
[9.736s] -- Installing: /home/insa/Desktop/VigiWheels2.0/raspberryPI3/ros2_ws/install/interfaces/include/interfaces/interfaces/msg/detail/general_data__functions.c
[9.736s] -- Installing: /home/insa/Desktop/VigiWheels2.0/raspberryPI3/ros2_ws/install/interfaces/include/interfaces/interfaces/msg/detail/servo_cam_order__functions.h
[9.736s] -- Installing: /home/insa/Desktop/VigiWheels2.0/raspberryPI3/ros2_ws/install/interfaces/include/interfaces/interfaces/msg/detail/motors_feedback__functions.c
[9.736s] -- Installing: /home/insa/Desktop/VigiWheels2.0/raspberryPI3/ros2_ws/install/interfaces/include/interfaces/interfaces/msg/detail/emergency_alert_fire__functions.h
[9.736s] -- Installing: /home/insa/Desktop/VigiWheels2.0/raspberryPI3/ros2_ws/install/interfaces/include/interfaces/interfaces/msg/detail/ultrasonic__functions.c
[9.736s] -- Installing: /home/insa/Desktop/VigiWheels2.0/raspberryPI3/ros2_ws/install/interfaces/include/interfaces/interfaces/msg/detail/cam_pos_order__functions.c
[9.736s] -- Installing: /home/insa/Desktop/VigiWheels2.0/raspberryPI3/ros2_ws/install/interfaces/include/interfaces/interfaces/msg/detail/motors_feedback__type_support.h
[9.736s] -- Installing: /home/insa/Desktop/VigiWheels2.0/raspberryPI3/ros2_ws/install/interfaces/include/interfaces/interfaces/msg/detail/fire_sensor__type_support.h
[9.737s] -- Installing: /home/insa/Desktop/VigiWheels2.0/raspberryPI3/ros2_ws/install/interfaces/include/interfaces/interfaces/msg/detail/gnss__functions.c
[9.737s] -- Installing: /home/insa/Desktop/VigiWheels2.0/raspberryPI3/ros2_ws/install/interfaces/include/interfaces/interfaces/msg/joystick_order.h
[9.737s] -- Installing: /home/insa/Desktop/VigiWheels2.0/raspberryPI3/ros2_ws/install/interfaces/include/interfaces/interfaces/msg/cam_pos_order.h
[9.737s] -- Installing: /home/insa/Desktop/VigiWheels2.0/raspberryPI3/ros2_ws/install/interfaces/include/interfaces/interfaces/msg/gnss.h
[9.737s] -- Installing: /home/insa/Desktop/VigiWheels2.0/raspberryPI3/ros2_ws/install/interfaces/include/interfaces/interfaces/msg/obstacles_order.h
[9.737s] -- Installing: /home/insa/Desktop/VigiWheels2.0/raspberryPI3/ros2_ws/install/interfaces/include/interfaces/interfaces/msg/motors_order.h
[9.737s] -- Up-to-date: /home/insa/Desktop/VigiWheels2.0/raspberryPI3/ros2_ws/install/interfaces/share/interfaces/environment/library_path.sh
[9.737s] -- Installing: /home/insa/Desktop/VigiWheels2.0/raspberryPI3/ros2_ws/install/interfaces/share/interfaces/environment/library_path.dsv
[9.738s] -- Installing: /home/insa/Desktop/VigiWheels2.0/raspberryPI3/ros2_ws/install/interfaces/lib/libinterfaces__rosidl_generator_c.so
[9.738s] -- Set runtime path of "/home/insa/Desktop/VigiWheels2.0/raspberryPI3/ros2_ws/install/interfaces/lib/libinterfaces__rosidl_generator_c.so" to ""
[9.738s] -- Up-to-date: /home/insa/Desktop/VigiWheels2.0/raspberryPI3/ros2_ws/install/interfaces/include/interfaces/interfaces
[9.738s] -- Up-to-date: /home/insa/Desktop/VigiWheels2.0/raspberryPI3/ros2_ws/install/interfaces/include/interfaces/interfaces/msg
[9.738s] -- Up-to-date: /home/insa/Desktop/VigiWheels2.0/raspberryPI3/ros2_ws/install/interfaces/include/interfaces/interfaces/msg/detail
[9.738s] -- Installing: /home/insa/Desktop/VigiWheels2.0/raspberryPI3/ros2_ws/install/interfaces/include/interfaces/interfaces/msg/detail/steering_calibration__rosidl_typesupport_fastrtps_c.h
[9.738s] -- Installing: /home/insa/Desktop/VigiWheels2.0/raspberryPI3/ros2_ws/install/interfaces/include/interfaces/interfaces/msg/detail/joystick_order__rosidl_typesupport_fastrtps_c.h
[9.738s] -- Installing: /home/insa/Desktop/VigiWheels2.0/raspberryPI3/ros2_ws/install/interfaces/include/interfaces/interfaces/msg/detail/motors_feedback__rosidl_typesupport_fastrtps_c.h
[9.738s] -- Installing: /home/insa/Desktop/VigiWheels2.0/raspberryPI3/ros2_ws/install/interfaces/include/interfaces/interfaces/msg/detail/general_data__rosidl_typesupport_fastrtps_c.h
[9.739s] -- Installing: /home/insa/Desktop/VigiWheels2.0/raspberryPI3/ros2_ws/install/interfaces/include/interfaces/interfaces/msg/detail/gnss__rosidl_typesupport_fastrtps_c.h
[9.739s] -- Installing: /home/insa/Desktop/VigiWheels2.0/raspberryPI3/ros2_ws/install/interfaces/include/interfaces/interfaces/msg/detail/manometer_info__rosidl_typesupport_fastrtps_c.h
[9.739s] -- Installing: /home/insa/Desktop/VigiWheels2.0/raspberryPI3/ros2_ws/install/interfaces/include/interfaces/interfaces/msg/detail/fire_sensor__rosidl_typesupport_fastrtps_c.h
[9.739s] -- Installing: /home/insa/Desktop/VigiWheels2.0/raspberryPI3/ros2_ws/install/interfaces/include/interfaces/interfaces/msg/detail/emergency_alert_fire__rosidl_typesupport_fastrtps_c.h
[9.739s] -- Installing: /home/insa/Desktop/VigiWheels2.0/raspberryPI3/ros2_ws/install/interfaces/include/interfaces/interfaces/msg/detail/servo_cam_order__rosidl_typesupport_fastrtps_c.h
[9.739s] -- Installing: /home/insa/Desktop/VigiWheels2.0/raspberryPI3/ros2_ws/install/interfaces/include/interfaces/interfaces/msg/detail/motors_order__rosidl_typesupport_fastrtps_c.h
[9.739s] -- Installing: /home/insa/Desktop/VigiWheels2.0/raspberryPI3/ros2_ws/install/interfaces/include/interfaces/interfaces/msg/detail/ultrasonic__rosidl_typesupport_fastrtps_c.h
[9.739s] -- Installing: /home/insa/Desktop/VigiWheels2.0/raspberryPI3/ros2_ws/install/interfaces/include/interfaces/interfaces/msg/detail/cam_pos_order__rosidl_typesupport_fastrtps_c.h
[9.739s] -- Installing: /home/insa/Desktop/VigiWheels2.0/raspberryPI3/ros2_ws/install/interfaces/include/interfaces/interfaces/msg/detail/obstacles_order__rosidl_typesupport_fastrtps_c.h
[9.739s] -- Installing: /home/insa/Desktop/VigiWheels2.0/raspberryPI3/ros2_ws/install/interfaces/include/interfaces/interfaces/msg/detail/system_check__rosidl_typesupport_fastrtps_c.h
[9.739s] -- Up-to-date: /home/insa/Desktop/VigiWheels2.0/raspberryPI3/ros2_ws/install/interfaces/include/interfaces/interfaces/msg/rosidl_typesupport_fastrtps_c__visibility_control.h
[9.740s] -- Installing: /home/insa/Desktop/VigiWheels2.0/raspberryPI3/ros2_ws/install/interfaces/lib/libinterfaces__rosidl_typesupport_fastrtps_c.so
[9.740s] -- Set runtime path of "/home/insa/Desktop/VigiWheels2.0/raspberryPI3/ros2_ws/install/interfaces/lib/libinterfaces__rosidl_typesupport_fastrtps_c.so" to ""
[9.740s] -- Up-to-date: /home/insa/Desktop/VigiWheels2.0/raspberryPI3/ros2_ws/install/interfaces/include/interfaces/interfaces
[9.740s] -- Up-to-date: /home/insa/Desktop/VigiWheels2.0/raspberryPI3/ros2_ws/install/interfaces/include/interfaces/interfaces/msg
[9.740s] -- Installing: /home/insa/Desktop/VigiWheels2.0/raspberryPI3/ros2_ws/install/interfaces/include/interfaces/interfaces/msg/emergency_alert_fire.hpp
[9.740s] -- Installing: /home/insa/Desktop/VigiWheels2.0/raspberryPI3/ros2_ws/install/interfaces/include/interfaces/interfaces/msg/motors_order.hpp
[9.740s] -- Installing: /home/insa/Desktop/VigiWheels2.0/raspberryPI3/ros2_ws/install/interfaces/include/interfaces/interfaces/msg/fire_sensor.hpp
[9.741s] -- Installing: /home/insa/Desktop/VigiWheels2.0/raspberryPI3/ros2_ws/install/interfaces/include/interfaces/interfaces/msg/servo_cam_order.hpp
[9.741s] -- Installing: /home/insa/Desktop/VigiWheels2.0/raspberryPI3/ros2_ws/install/interfaces/include/interfaces/interfaces/msg/ultrasonic.hpp
[9.741s] -- Installing: /home/insa/Desktop/VigiWheels2.0/raspberryPI3/ros2_ws/install/interfaces/include/interfaces/interfaces/msg/motors_feedback.hpp
[9.741s] -- Installing: /home/insa/Desktop/VigiWheels2.0/raspberryPI3/ros2_ws/install/interfaces/include/interfaces/interfaces/msg/general_data.hpp
[9.741s] -- Installing: /home/insa/Desktop/VigiWheels2.0/raspberryPI3/ros2_ws/install/interfaces/include/interfaces/interfaces/msg/cam_pos_order.hpp
[9.741s] -- Installing: /home/insa/Desktop/VigiWheels2.0/raspberryPI3/ros2_ws/install/interfaces/include/interfaces/interfaces/msg/gnss.hpp
[9.741s] -- Installing: /home/insa/Desktop/VigiWheels2.0/raspberryPI3/ros2_ws/install/interfaces/include/interfaces/interfaces/msg/system_check.hpp
[9.741s] -- Installing: /home/insa/Desktop/VigiWheels2.0/raspberryPI3/ros2_ws/install/interfaces/include/interfaces/interfaces/msg/joystick_order.hpp
[9.741s] -- Up-to-date: /home/insa/Desktop/VigiWheels2.0/raspberryPI3/ros2_ws/install/interfaces/include/interfaces/interfaces/msg/detail
[9.742s] -- Installing: /home/insa/Desktop/VigiWheels2.0/raspberryPI3/ros2_ws/install/interfaces/include/interfaces/interfaces/msg/detail/gnss__struct.hpp
[9.742s] -- Installing: /home/insa/Desktop/VigiWheels2.0/raspberryPI3/ros2_ws/install/interfaces/include/interfaces/interfaces/msg/detail/motors_order__builder.hpp
[9.742s] -- Installing: /home/insa/Desktop/VigiWheels2.0/raspberryPI3/ros2_ws/install/interfaces/include/interfaces/interfaces/msg/detail/motors_order__struct.hpp
[9.742s] -- Installing: /home/insa/Desktop/VigiWheels2.0/raspberryPI3/ros2_ws/install/interfaces/include/interfaces/interfaces/msg/detail/manometer_info__traits.hpp
[9.742s] -- Installing: /home/insa/Desktop/VigiWheels2.0/raspberryPI3/ros2_ws/install/interfaces/include/interfaces/interfaces/msg/detail/steering_calibration__traits.hpp
[9.742s] -- Installing: /home/insa/Desktop/VigiWheels2.0/raspberryPI3/ros2_ws/install/interfaces/include/interfaces/interfaces/msg/detail/motors_feedback__traits.hpp
[9.742s] -- Installing: /home/insa/Desktop/VigiWheels2.0/raspberryPI3/ros2_ws/install/interfaces/include/interfaces/interfaces/msg/detail/fire_sensor__struct.hpp
[9.742s] -- Installing: /home/insa/Desktop/VigiWheels2.0/raspberryPI3/ros2_ws/install/interfaces/include/interfaces/interfaces/msg/detail/servo_cam_order__traits.hpp
[9.742s] -- Installing: /home/insa/Desktop/VigiWheels2.0/raspberryPI3/ros2_ws/install/interfaces/include/interfaces/interfaces/msg/detail/system_check__traits.hpp
[9.742s] -- Installing: /home/insa/Desktop/VigiWheels2.0/raspberryPI3/ros2_ws/install/interfaces/include/interfaces/interfaces/msg/detail/general_data__builder.hpp
[9.742s] -- Installing: /home/insa/Desktop/VigiWheels2.0/raspberryPI3/ros2_ws/install/interfaces/include/interfaces/interfaces/msg/detail/fire_sensor__traits.hpp
[9.742s] -- Installing: /home/insa/Desktop/VigiWheels2.0/raspberryPI3/ros2_ws/install/interfaces/include/interfaces/interfaces/msg/detail/joystick_order__builder.hpp
[9.742s] -- Installing: /home/insa/Desktop/VigiWheels2.0/raspberryPI3/ros2_ws/install/interfaces/include/interfaces/interfaces/msg/detail/steering_calibration__struct.hpp
[9.743s] -- Installing: /home/insa/Desktop/VigiWheels2.0/raspberryPI3/ros2_ws/install/interfaces/include/interfaces/interfaces/msg/detail/joystick_order__struct.hpp
[9.743s] -- Installing: /home/insa/Desktop/VigiWheels2.0/raspberryPI3/ros2_ws/install/interfaces/include/interfaces/interfaces/msg/detail/cam_pos_order__builder.hpp
[9.743s] -- Installing: /home/insa/Desktop/VigiWheels2.0/raspberryPI3/ros2_ws/install/interfaces/include/interfaces/interfaces/msg/detail/gnss__builder.hpp
[9.743s] -- Installing: /home/insa/Desktop/VigiWheels2.0/raspberryPI3/ros2_ws/install/interfaces/include/interfaces/interfaces/msg/detail/manometer_info__builder.hpp
[9.743s] -- Installing: /home/insa/Desktop/VigiWheels2.0/raspberryPI3/ros2_ws/install/interfaces/include/interfaces/interfaces/msg/detail/steering_calibration__builder.hpp
[9.743s] -- Installing: /home/insa/Desktop/VigiWheels2.0/raspberryPI3/ros2_ws/install/interfaces/include/interfaces/interfaces/msg/detail/obstacles_order__traits.hpp
[9.743s] -- Installing: /home/insa/Desktop/VigiWheels2.0/raspberryPI3/ros2_ws/install/interfaces/include/interfaces/interfaces/msg/detail/motors_feedback__builder.hpp
[9.743s] -- Installing: /home/insa/Desktop/VigiWheels2.0/raspberryPI3/ros2_ws/install/interfaces/include/interfaces/interfaces/msg/detail/fire_sensor__builder.hpp
[9.743s] -- Installing: /home/insa/Desktop/VigiWheels2.0/raspberryPI3/ros2_ws/install/interfaces/include/interfaces/interfaces/msg/detail/joystick_order__traits.hpp
[9.744s] -- Installing: /home/insa/Desktop/VigiWheels2.0/raspberryPI3/ros2_ws/install/interfaces/include/interfaces/interfaces/msg/detail/servo_cam_order__builder.hpp
[9.744s] -- Installing: /home/insa/Desktop/VigiWheels2.0/raspberryPI3/ros2_ws/install/interfaces/include/interfaces/interfaces/msg/detail/system_check__struct.hpp
[9.744s] -- Installing: /home/insa/Desktop/VigiWheels2.0/raspberryPI3/ros2_ws/install/interfaces/include/interfaces/interfaces/msg/detail/ultrasonic__struct.hpp
[9.744s] -- Installing: /home/insa/Desktop/VigiWheels2.0/raspberryPI3/ros2_ws/install/interfaces/include/interfaces/interfaces/msg/detail/emergency_alert_fire__builder.hpp
[9.744s] -- Installing: /home/insa/Desktop/VigiWheels2.0/raspberryPI3/ros2_ws/install/interfaces/include/interfaces/interfaces/msg/detail/general_data__traits.hpp
[9.744s] -- Installing: /home/insa/Desktop/VigiWheels2.0/raspberryPI3/ros2_ws/install/interfaces/include/interfaces/interfaces/msg/detail/servo_cam_order__struct.hpp
[9.744s] -- Installing: /home/insa/Desktop/VigiWheels2.0/raspberryPI3/ros2_ws/install/interfaces/include/interfaces/interfaces/msg/detail/obstacles_order__struct.hpp
[9.744s] -- Installing: /home/insa/Desktop/VigiWheels2.0/raspberryPI3/ros2_ws/install/interfaces/include/interfaces/interfaces/msg/detail/emergency_alert_fire__struct.hpp
[9.744s] -- Installing: /home/insa/Desktop/VigiWheels2.0/raspberryPI3/ros2_ws/install/interfaces/include/interfaces/interfaces/msg/detail/obstacles_order__builder.hpp
[9.744s] -- Installing: /home/insa/Desktop/VigiWheels2.0/raspberryPI3/ros2_ws/install/interfaces/include/interfaces/interfaces/msg/detail/gnss__traits.hpp
[9.744s] -- Installing: /home/insa/Desktop/VigiWheels2.0/raspberryPI3/ros2_ws/install/interfaces/include/interfaces/interfaces/msg/detail/emergency_alert_fire__traits.hpp
[9.745s] -- Installing: /home/insa/Desktop/VigiWheels2.0/raspberryPI3/ros2_ws/install/interfaces/include/interfaces/interfaces/msg/detail/cam_pos_order__struct.hpp
[9.745s] -- Installing: /home/insa/Desktop/VigiWheels2.0/raspberryPI3/ros2_ws/install/interfaces/include/interfaces/interfaces/msg/detail/ultrasonic__builder.hpp
[9.745s] -- Installing: /home/insa/Desktop/VigiWheels2.0/raspberryPI3/ros2_ws/install/interfaces/include/interfaces/interfaces/msg/detail/general_data__struct.hpp
[9.745s] -- Installing: /home/insa/Desktop/VigiWheels2.0/raspberryPI3/ros2_ws/install/interfaces/include/interfaces/interfaces/msg/detail/system_check__builder.hpp
[9.745s] -- Installing: /home/insa/Desktop/VigiWheels2.0/raspberryPI3/ros2_ws/install/interfaces/include/interfaces/interfaces/msg/detail/motors_order__traits.hpp
[9.745s] -- Installing: /home/insa/Desktop/VigiWheels2.0/raspberryPI3/ros2_ws/install/interfaces/include/interfaces/interfaces/msg/detail/motors_feedback__struct.hpp
[9.745s] -- Installing: /home/insa/Desktop/VigiWheels2.0/raspberryPI3/ros2_ws/install/interfaces/include/interfaces/interfaces/msg/detail/ultrasonic__traits.hpp
[9.745s] -- Installing: /home/insa/Desktop/VigiWheels2.0/raspberryPI3/ros2_ws/install/interfaces/include/interfaces/interfaces/msg/detail/cam_pos_order__traits.hpp
[9.745s] -- Installing: /home/insa/Desktop/VigiWheels2.0/raspberryPI3/ros2_ws/install/interfaces/include/interfaces/interfaces/msg/detail/manometer_info__struct.hpp
[9.746s] -- Installing: /home/insa/Desktop/VigiWheels2.0/raspberryPI3/ros2_ws/install/interfaces/include/interfaces/interfaces/msg/steering_calibration.hpp
[9.746s] -- Installing: /home/insa/Desktop/VigiWheels2.0/raspberryPI3/ros2_ws/install/interfaces/include/interfaces/interfaces/msg/obstacles_order.hpp
[9.746s] -- Installing: /home/insa/Desktop/VigiWheels2.0/raspberryPI3/ros2_ws/install/interfaces/include/interfaces/interfaces/msg/manometer_info.hpp
[9.746s] -- Up-to-date: /home/insa/Desktop/VigiWheels2.0/raspberryPI3/ros2_ws/install/interfaces/include/interfaces/interfaces
[9.746s] -- Up-to-date: /home/insa/Desktop/VigiWheels2.0/raspberryPI3/ros2_ws/install/interfaces/include/interfaces/interfaces/msg
[9.746s] -- Up-to-date: /home/insa/Desktop/VigiWheels2.0/raspberryPI3/ros2_ws/install/interfaces/include/interfaces/interfaces/msg/rosidl_typesupport_fastrtps_cpp__visibility_control.h
[9.746s] -- Up-to-date: /home/insa/Desktop/VigiWheels2.0/raspberryPI3/ros2_ws/install/interfaces/include/interfaces/interfaces/msg/detail
[9.746s] -- Installing: /home/insa/Desktop/VigiWheels2.0/raspberryPI3/ros2_ws/install/interfaces/include/interfaces/interfaces/msg/detail/system_check__rosidl_typesupport_fastrtps_cpp.hpp
[9.746s] -- Installing: /home/insa/Desktop/VigiWheels2.0/raspberryPI3/ros2_ws/install/interfaces/include/interfaces/interfaces/msg/detail/emergency_alert_fire__rosidl_typesupport_fastrtps_cpp.hpp
[9.746s] -- Installing: /home/insa/Desktop/VigiWheels2.0/raspberryPI3/ros2_ws/install/interfaces/include/interfaces/interfaces/msg/detail/obstacles_order__rosidl_typesupport_fastrtps_cpp.hpp
[9.746s] -- Installing: /home/insa/Desktop/VigiWheels2.0/raspberryPI3/ros2_ws/install/interfaces/include/interfaces/interfaces/msg/detail/motors_feedback__rosidl_typesupport_fastrtps_cpp.hpp
[9.746s] -- Installing: /home/insa/Desktop/VigiWheels2.0/raspberryPI3/ros2_ws/install/interfaces/include/interfaces/interfaces/msg/detail/motors_order__rosidl_typesupport_fastrtps_cpp.hpp
[9.746s] -- Installing: /home/insa/Desktop/VigiWheels2.0/raspberryPI3/ros2_ws/install/interfaces/include/interfaces/interfaces/msg/detail/gnss__rosidl_typesupport_fastrtps_cpp.hpp
[9.746s] -- Installing: /home/insa/Desktop/VigiWheels2.0/raspberryPI3/ros2_ws/install/interfaces/include/interfaces/interfaces/msg/detail/joystick_order__rosidl_typesupport_fastrtps_cpp.hpp
[9.746s] -- Installing: /home/insa/Desktop/VigiWheels2.0/raspberryPI3/ros2_ws/install/interfaces/include/interfaces/interfaces/msg/detail/general_data__rosidl_typesupport_fastrtps_cpp.hpp
[9.746s] -- Installing: /home/insa/Desktop/VigiWheels2.0/raspberryPI3/ros2_ws/install/interfaces/include/interfaces/interfaces/msg/detail/cam_pos_order__rosidl_typesupport_fastrtps_cpp.hpp
[9.746s] -- Up-to-date: /home/insa/Desktop/VigiWheels2.0/raspberryPI3/ros2_ws/install/interfaces/include/interfaces/interfaces/msg/detail/dds_fastrtps
[9.746s] -- Installing: /home/insa/Desktop/VigiWheels2.0/raspberryPI3/ros2_ws/install/interfaces/include/interfaces/interfaces/msg/detail/fire_sensor__rosidl_typesupport_fastrtps_cpp.hpp
[9.746s] -- Installing: /home/insa/Desktop/VigiWheels2.0/raspberryPI3/ros2_ws/install/interfaces/include/interfaces/interfaces/msg/detail/steering_calibration__rosidl_typesupport_fastrtps_cpp.hpp
[9.746s] -- Installing: /home/insa/Desktop/VigiWheels2.0/raspberryPI3/ros2_ws/install/interfaces/include/interfaces/interfaces/msg/detail/servo_cam_order__rosidl_typesupport_fastrtps_cpp.hpp
[9.747s] -- Installing: /home/insa/Desktop/VigiWheels2.0/raspberryPI3/ros2_ws/install/interfaces/include/interfaces/interfaces/msg/detail/ultrasonic__rosidl_typesupport_fastrtps_cpp.hpp
[9.747s] -- Installing: /home/insa/Desktop/VigiWheels2.0/raspberryPI3/ros2_ws/install/interfaces/include/interfaces/interfaces/msg/detail/manometer_info__rosidl_typesupport_fastrtps_cpp.hpp
[9.747s] -- Installing: /home/insa/Desktop/VigiWheels2.0/raspberryPI3/ros2_ws/install/interfaces/lib/libinterfaces__rosidl_typesupport_fastrtps_cpp.so
[9.747s] -- Set runtime path of "/home/insa/Desktop/VigiWheels2.0/raspberryPI3/ros2_ws/install/interfaces/lib/libinterfaces__rosidl_typesupport_fastrtps_cpp.so" to ""
[9.747s] -- Up-to-date: /home/insa/Desktop/VigiWheels2.0/raspberryPI3/ros2_ws/install/interfaces/include/interfaces/interfaces
[9.747s] -- Up-to-date: /home/insa/Desktop/VigiWheels2.0/raspberryPI3/ros2_ws/install/interfaces/include/interfaces/interfaces/msg
[9.747s] -- Up-to-date: /home/insa/Desktop/VigiWheels2.0/raspberryPI3/ros2_ws/install/interfaces/include/interfaces/interfaces/msg/rosidl_typesupport_introspection_c__visibility_control.h
[9.747s] -- Up-to-date: /home/insa/Desktop/VigiWheels2.0/raspberryPI3/ros2_ws/install/interfaces/include/interfaces/interfaces/msg/detail
[9.747s] -- Installing: /home/insa/Desktop/VigiWheels2.0/raspberryPI3/ros2_ws/install/interfaces/include/interfaces/interfaces/msg/detail/motors_order__type_support.c
[9.747s] -- Installing: /home/insa/Desktop/VigiWheels2.0/raspberryPI3/ros2_ws/install/interfaces/include/interfaces/interfaces/msg/detail/cam_pos_order__type_support.c
[9.748s] -- Installing: /home/insa/Desktop/VigiWheels2.0/raspberryPI3/ros2_ws/install/interfaces/include/interfaces/interfaces/msg/detail/motors_order__rosidl_typesupport_introspection_c.h
[9.748s] -- Installing: /home/insa/Desktop/VigiWheels2.0/raspberryPI3/ros2_ws/install/interfaces/include/interfaces/interfaces/msg/detail/fire_sensor__type_support.c
[9.748s] -- Installing: /home/insa/Desktop/VigiWheels2.0/raspberryPI3/ros2_ws/install/interfaces/include/interfaces/interfaces/msg/detail/servo_cam_order__type_support.c
[9.748s] -- Installing: /home/insa/Desktop/VigiWheels2.0/raspberryPI3/ros2_ws/install/interfaces/include/interfaces/interfaces/msg/detail/emergency_alert_fire__rosidl_typesupport_introspection_c.h
[9.748s] -- Installing: /home/insa/Desktop/VigiWheels2.0/raspberryPI3/ros2_ws/install/interfaces/include/interfaces/interfaces/msg/detail/steering_calibration__type_support.c
[9.748s] -- Installing: /home/insa/Desktop/VigiWheels2.0/raspberryPI3/ros2_ws/install/interfaces/include/interfaces/interfaces/msg/detail/gnss__rosidl_typesupport_introspection_c.h
[9.748s] -- Installing: /home/insa/Desktop/VigiWheels2.0/raspberryPI3/ros2_ws/install/interfaces/include/interfaces/interfaces/msg/detail/joystick_order__type_support.c
[9.748s] -- Installing: /home/insa/Desktop/VigiWheels2.0/raspberryPI3/ros2_ws/install/interfaces/include/interfaces/interfaces/msg/detail/general_data__rosidl_typesupport_introspection_c.h
[9.748s] -- Installing: /home/insa/Desktop/VigiWheels2.0/raspberryPI3/ros2_ws/install/interfaces/include/interfaces/interfaces/msg/detail/emergency_alert_fire__type_support.c
[9.748s] -- Installing: /home/insa/Desktop/VigiWheels2.0/raspberryPI3/ros2_ws/install/interfaces/include/interfaces/interfaces/msg/detail/cam_pos_order__rosidl_typesupport_introspection_c.h
[9.748s] -- Installing: /home/insa/Desktop/VigiWheels2.0/raspberryPI3/ros2_ws/install/interfaces/include/interfaces/interfaces/msg/detail/motors_feedback__rosidl_typesupport_introspection_c.h
[9.748s] -- Installing: /home/insa/Desktop/VigiWheels2.0/raspberryPI3/ros2_ws/install/interfaces/include/interfaces/interfaces/msg/detail/system_check__rosidl_typesupport_introspection_c.h
[9.748s] -- Installing: /home/insa/Desktop/VigiWheels2.0/raspberryPI3/ros2_ws/install/interfaces/include/interfaces/interfaces/msg/detail/steering_calibration__rosidl_typesupport_introspection_c.h
[9.748s] -- Installing: /home/insa/Desktop/VigiWheels2.0/raspberryPI3/ros2_ws/install/interfaces/include/interfaces/interfaces/msg/detail/obstacles_order__rosidl_typesupport_introspection_c.h
[9.748s] -- Installing: /home/insa/Desktop/VigiWheels2.0/raspberryPI3/ros2_ws/install/interfaces/include/interfaces/interfaces/msg/detail/joystick_order__rosidl_typesupport_introspection_c.h
[9.748s] -- Installing: /home/insa/Desktop/VigiWheels2.0/raspberryPI3/ros2_ws/install/interfaces/include/interfaces/interfaces/msg/detail/obstacles_order__type_support.c
[9.748s] -- Installing: /home/insa/Desktop/VigiWheels2.0/raspberryPI3/ros2_ws/install/interfaces/include/interfaces/interfaces/msg/detail/manometer_info__type_support.c
[9.748s] -- Installing: /home/insa/Desktop/VigiWheels2.0/raspberryPI3/ros2_ws/install/interfaces/include/interfaces/interfaces/msg/detail/manometer_info__rosidl_typesupport_introspection_c.h
[9.748s] -- Installing: /home/insa/Desktop/VigiWheels2.0/raspberryPI3/ros2_ws/install/interfaces/include/interfaces/interfaces/msg/detail/motors_feedback__type_support.c
[9.748s] -- Installing: /home/insa/Desktop/VigiWheels2.0/raspberryPI3/ros2_ws/install/interfaces/include/interfaces/interfaces/msg/detail/general_data__type_support.c
[9.749s] -- Installing: /home/insa/Desktop/VigiWheels2.0/raspberryPI3/ros2_ws/install/interfaces/include/interfaces/interfaces/msg/detail/fire_sensor__rosidl_typesupport_introspection_c.h
[9.749s] -- Installing: /home/insa/Desktop/VigiWheels2.0/raspberryPI3/ros2_ws/install/interfaces/include/interfaces/interfaces/msg/detail/system_check__type_support.c
[9.749s] -- Installing: /home/insa/Desktop/VigiWheels2.0/raspberryPI3/ros2_ws/install/interfaces/include/interfaces/interfaces/msg/detail/gnss__type_support.c
[9.749s] -- Installing: /home/insa/Desktop/VigiWheels2.0/raspberryPI3/ros2_ws/install/interfaces/include/interfaces/interfaces/msg/detail/ultrasonic__type_support.c
[9.749s] -- Installing: /home/insa/Desktop/VigiWheels2.0/raspberryPI3/ros2_ws/install/interfaces/include/interfaces/interfaces/msg/detail/ultrasonic__rosidl_typesupport_introspection_c.h
[9.749s] -- Installing: /home/insa/Desktop/VigiWheels2.0/raspberryPI3/ros2_ws/install/interfaces/include/interfaces/interfaces/msg/detail/servo_cam_order__rosidl_typesupport_introspection_c.h
[9.749s] -- Installing: /home/insa/Desktop/VigiWheels2.0/raspberryPI3/ros2_ws/install/interfaces/lib/libinterfaces__rosidl_typesupport_introspection_c.so
[9.749s] -- Set runtime path of "/home/insa/Desktop/VigiWheels2.0/raspberryPI3/ros2_ws/install/interfaces/lib/libinterfaces__rosidl_typesupport_introspection_c.so" to ""
[9.750s] -- Installing: /home/insa/Desktop/VigiWheels2.0/raspberryPI3/ros2_ws/install/interfaces/lib/libinterfaces__rosidl_typesupport_c.so
[9.750s] -- Set runtime path of "/home/insa/Desktop/VigiWheels2.0/raspberryPI3/ros2_ws/install/interfaces/lib/libinterfaces__rosidl_typesupport_c.so" to ""
[9.750s] -- Up-to-date: /home/insa/Desktop/VigiWheels2.0/raspberryPI3/ros2_ws/install/interfaces/include/interfaces/interfaces
[9.750s] -- Up-to-date: /home/insa/Desktop/VigiWheels2.0/raspberryPI3/ros2_ws/install/interfaces/include/interfaces/interfaces/msg
[9.750s] -- Up-to-date: /home/insa/Desktop/VigiWheels2.0/raspberryPI3/ros2_ws/install/interfaces/include/interfaces/interfaces/msg/detail
[9.750s] -- Installing: /home/insa/Desktop/VigiWheels2.0/raspberryPI3/ros2_ws/install/interfaces/include/interfaces/interfaces/msg/detail/general_data__rosidl_typesupport_introspection_cpp.hpp
[9.750s] -- Installing: /home/insa/Desktop/VigiWheels2.0/raspberryPI3/ros2_ws/install/interfaces/include/interfaces/interfaces/msg/detail/steering_calibration__type_support.cpp
[9.750s] -- Installing: /home/insa/Desktop/VigiWheels2.0/raspberryPI3/ros2_ws/install/interfaces/include/interfaces/interfaces/msg/detail/cam_pos_order__type_support.cpp
[9.750s] -- Installing: /home/insa/Desktop/VigiWheels2.0/raspberryPI3/ros2_ws/install/interfaces/include/interfaces/interfaces/msg/detail/emergency_alert_fire__rosidl_typesupport_introspection_cpp.hpp
[9.750s] -- Installing: /home/insa/Desktop/VigiWheels2.0/raspberryPI3/ros2_ws/install/interfaces/include/interfaces/interfaces/msg/detail/fire_sensor__rosidl_typesupport_introspection_cpp.hpp
[9.750s] -- Installing: /home/insa/Desktop/VigiWheels2.0/raspberryPI3/ros2_ws/install/interfaces/include/interfaces/interfaces/msg/detail/emergency_alert_fire__type_support.cpp
[9.750s] -- Installing: /home/insa/Desktop/VigiWheels2.0/raspberryPI3/ros2_ws/install/interfaces/include/interfaces/interfaces/msg/detail/servo_cam_order__type_support.cpp
[9.750s] -- Installing: /home/insa/Desktop/VigiWheels2.0/raspberryPI3/ros2_ws/install/interfaces/include/interfaces/interfaces/msg/detail/manometer_info__rosidl_typesupport_introspection_cpp.hpp
[9.750s] -- Installing: /home/insa/Desktop/VigiWheels2.0/raspberryPI3/ros2_ws/install/interfaces/include/interfaces/interfaces/msg/detail/obstacles_order__rosidl_typesupport_introspection_cpp.hpp
[9.751s] -- Installing: /home/insa/Desktop/VigiWheels2.0/raspberryPI3/ros2_ws/install/interfaces/include/interfaces/interfaces/msg/detail/joystick_order__type_support.cpp
[9.751s] -- Installing: /home/insa/Desktop/VigiWheels2.0/raspberryPI3/ros2_ws/install/interfaces/include/interfaces/interfaces/msg/detail/general_data__type_support.cpp
[9.751s] -- Installing: /home/insa/Desktop/VigiWheels2.0/raspberryPI3/ros2_ws/install/interfaces/include/interfaces/interfaces/msg/detail/obstacles_order__type_support.cpp
[9.751s] -- Installing: /home/insa/Desktop/VigiWheels2.0/raspberryPI3/ros2_ws/install/interfaces/include/interfaces/interfaces/msg/detail/motors_order__rosidl_typesupport_introspection_cpp.hpp
[9.751s] -- Installing: /home/insa/Desktop/VigiWheels2.0/raspberryPI3/ros2_ws/install/interfaces/include/interfaces/interfaces/msg/detail/system_check__type_support.cpp
[9.751s] -- Installing: /home/insa/Desktop/VigiWheels2.0/raspberryPI3/ros2_ws/install/interfaces/include/interfaces/interfaces/msg/detail/fire_sensor__type_support.cpp
[9.751s] -- Installing: /home/insa/Desktop/VigiWheels2.0/raspberryPI3/ros2_ws/install/interfaces/include/interfaces/interfaces/msg/detail/manometer_info__type_support.cpp
[9.751s] -- Installing: /home/insa/Desktop/VigiWheels2.0/raspberryPI3/ros2_ws/install/interfaces/include/interfaces/interfaces/msg/detail/gnss__rosidl_typesupport_introspection_cpp.hpp
[9.751s] -- Installing: /home/insa/Desktop/VigiWheels2.0/raspberryPI3/ros2_ws/install/interfaces/include/interfaces/interfaces/msg/detail/servo_cam_order__rosidl_typesupport_introspection_cpp.hpp
[9.751s] -- Installing: /home/insa/Desktop/VigiWheels2.0/raspberryPI3/ros2_ws/install/interfaces/include/interfaces/interfaces/msg/detail/motors_order__type_support.cpp
[9.751s] -- Installing: /home/insa/Desktop/VigiWheels2.0/raspberryPI3/ros2_ws/install/interfaces/include/interfaces/interfaces/msg/detail/system_check__rosidl_typesupport_introspection_cpp.hpp
[9.751s] -- Installing: /home/insa/Desktop/VigiWheels2.0/raspberryPI3/ros2_ws/install/interfaces/include/interfaces/interfaces/msg/detail/motors_feedback__rosidl_typesupport_introspection_cpp.hpp
[9.751s] -- Installing: /home/insa/Desktop/VigiWheels2.0/raspberryPI3/ros2_ws/install/interfaces/include/interfaces/interfaces/msg/detail/steering_calibration__rosidl_typesupport_introspection_cpp.hpp
[9.751s] -- Installing: /home/insa/Desktop/VigiWheels2.0/raspberryPI3/ros2_ws/install/interfaces/include/interfaces/interfaces/msg/detail/motors_feedback__type_support.cpp
[9.751s] -- Installing: /home/insa/Desktop/VigiWheels2.0/raspberryPI3/ros2_ws/install/interfaces/include/interfaces/interfaces/msg/detail/gnss__type_support.cpp
[9.751s] -- Installing: /home/insa/Desktop/VigiWheels2.0/raspberryPI3/ros2_ws/install/interfaces/include/interfaces/interfaces/msg/detail/cam_pos_order__rosidl_typesupport_introspection_cpp.hpp
[9.751s] -- Installing: /home/insa/Desktop/VigiWheels2.0/raspberryPI3/ros2_ws/install/interfaces/include/interfaces/interfaces/msg/detail/joystick_order__rosidl_typesupport_introspection_cpp.hpp
[9.752s] -- Installing: /home/insa/Desktop/VigiWheels2.0/raspberryPI3/ros2_ws/install/interfaces/include/interfaces/interfaces/msg/detail/ultrasonic__type_support.cpp
[9.752s] -- Installing: /home/insa/Desktop/VigiWheels2.0/raspberryPI3/ros2_ws/install/interfaces/include/interfaces/interfaces/msg/detail/ultrasonic__rosidl_typesupport_introspection_cpp.hpp
[9.752s] -- Installing: /home/insa/Desktop/VigiWheels2.0/raspberryPI3/ros2_ws/install/interfaces/lib/libinterfaces__rosidl_typesupport_introspection_cpp.so
[9.752s] -- Set runtime path of "/home/insa/Desktop/VigiWheels2.0/raspberryPI3/ros2_ws/install/interfaces/lib/libinterfaces__rosidl_typesupport_introspection_cpp.so" to ""
[9.753s] -- Installing: /home/insa/Desktop/VigiWheels2.0/raspberryPI3/ros2_ws/install/interfaces/lib/libinterfaces__rosidl_typesupport_cpp.so
[9.753s] -- Set runtime path of "/home/insa/Desktop/VigiWheels2.0/raspberryPI3/ros2_ws/install/interfaces/lib/libinterfaces__rosidl_typesupport_cpp.so" to ""
[9.753s] -- Up-to-date: /home/insa/Desktop/VigiWheels2.0/raspberryPI3/ros2_ws/install/interfaces/share/interfaces/environment/pythonpath.sh
[9.753s] -- Installing: /home/insa/Desktop/VigiWheels2.0/raspberryPI3/ros2_ws/install/interfaces/share/interfaces/environment/pythonpath.dsv
[9.753s] -- Up-to-date: /home/insa/Desktop/VigiWheels2.0/raspberryPI3/ros2_ws/install/interfaces/local/lib/python3.10/dist-packages/interfaces-0.0.0-py3.10.egg-info
[9.753s] -- Installing: /home/insa/Desktop/VigiWheels2.0/raspberryPI3/ros2_ws/install/interfaces/local/lib/python3.10/dist-packages/interfaces-0.0.0-py3.10.egg-info/dependency_links.txt
[9.753s] -- Installing: /home/insa/Desktop/VigiWheels2.0/raspberryPI3/ros2_ws/install/interfaces/local/lib/python3.10/dist-packages/interfaces-0.0.0-py3.10.egg-info/PKG-INFO
[9.753s] -- Installing: /home/insa/Desktop/VigiWheels2.0/raspberryPI3/ros2_ws/install/interfaces/local/lib/python3.10/dist-packages/interfaces-0.0.0-py3.10.egg-info/SOURCES.txt
[9.753s] -- Installing: /home/insa/Desktop/VigiWheels2.0/raspberryPI3/ros2_ws/install/interfaces/local/lib/python3.10/dist-packages/interfaces-0.0.0-py3.10.egg-info/top_level.txt
[9.753s] -- Up-to-date: /home/insa/Desktop/VigiWheels2.0/raspberryPI3/ros2_ws/install/interfaces/local/lib/python3.10/dist-packages/interfaces
[9.753s] -- Installing: /home/insa/Desktop/VigiWheels2.0/raspberryPI3/ros2_ws/install/interfaces/local/lib/python3.10/dist-packages/interfaces/libinterfaces__rosidl_generator_py.so
[9.754s] -- Installing: /home/insa/Desktop/VigiWheels2.0/raspberryPI3/ros2_ws/install/interfaces/local/lib/python3.10/dist-packages/interfaces/interfaces_s__rosidl_typesupport_introspection_c.cpython-310-x86_64-linux-gnu.so
[9.754s] -- Installing: /home/insa/Desktop/VigiWheels2.0/raspberryPI3/ros2_ws/install/interfaces/local/lib/python3.10/dist-packages/interfaces/_interfaces_s.ep.rosidl_typesupport_fastrtps_c.c
[9.754s] -- Installing: /home/insa/Desktop/VigiWheels2.0/raspberryPI3/ros2_ws/install/interfaces/local/lib/python3.10/dist-packages/interfaces/_interfaces_s.ep.rosidl_typesupport_c.c
[9.754s] -- Installing: /home/insa/Desktop/VigiWheels2.0/raspberryPI3/ros2_ws/install/interfaces/local/lib/python3.10/dist-packages/interfaces/interfaces_s__rosidl_typesupport_fastrtps_c.cpython-310-x86_64-linux-gnu.so
[9.754s] -- Installing: /home/insa/Desktop/VigiWheels2.0/raspberryPI3/ros2_ws/install/interfaces/local/lib/python3.10/dist-packages/interfaces/__init__.py
[9.754s] -- Up-to-date: /home/insa/Desktop/VigiWheels2.0/raspberryPI3/ros2_ws/install/interfaces/local/lib/python3.10/dist-packages/interfaces/msg
[9.754s] -- Installing: /home/insa/Desktop/VigiWheels2.0/raspberryPI3/ros2_ws/install/interfaces/local/lib/python3.10/dist-packages/interfaces/msg/_emergency_alert_fire_s.c
[9.754s] -- Installing: /home/insa/Desktop/VigiWheels2.0/raspberryPI3/ros2_ws/install/interfaces/local/lib/python3.10/dist-packages/interfaces/msg/_cam_pos_order_s.c
[9.754s] -- Installing: /home/insa/Desktop/VigiWheels2.0/raspberryPI3/ros2_ws/install/interfaces/local/lib/python3.10/dist-packages/interfaces/msg/_gnss.py
[9.755s] -- Installing: /home/insa/Desktop/VigiWheels2.0/raspberryPI3/ros2_ws/install/interfaces/local/lib/python3.10/dist-packages/interfaces/msg/_general_data.py
[9.755s] -- Installing: /home/insa/Desktop/VigiWheels2.0/raspberryPI3/ros2_ws/install/interfaces/local/lib/python3.10/dist-packages/interfaces/msg/_steering_calibration.py
[9.755s] -- Installing: /home/insa/Desktop/VigiWheels2.0/raspberryPI3/ros2_ws/install/interfaces/local/lib/python3.10/dist-packages/interfaces/msg/_motors_feedback.py
[9.755s] -- Installing: /home/insa/Desktop/VigiWheels2.0/raspberryPI3/ros2_ws/install/interfaces/local/lib/python3.10/dist-packages/interfaces/msg/_emergency_alert_fire.py
[9.755s] -- Installing: /home/insa/Desktop/VigiWheels2.0/raspberryPI3/ros2_ws/install/interfaces/local/lib/python3.10/dist-packages/interfaces/msg/_ultrasonic.py
[9.755s] -- Installing: /home/insa/Desktop/VigiWheels2.0/raspberryPI3/ros2_ws/install/interfaces/local/lib/python3.10/dist-packages/interfaces/msg/_manometer_info.py
[9.755s] -- Installing: /home/insa/Desktop/VigiWheels2.0/raspberryPI3/ros2_ws/install/interfaces/local/lib/python3.10/dist-packages/interfaces/msg/_steering_calibration_s.c
[9.755s] -- Installing: /home/insa/Desktop/VigiWheels2.0/raspberryPI3/ros2_ws/install/interfaces/local/lib/python3.10/dist-packages/interfaces/msg/__init__.py
[9.755s] -- Installing: /home/insa/Desktop/VigiWheels2.0/raspberryPI3/ros2_ws/install/interfaces/local/lib/python3.10/dist-packages/interfaces/msg/_motors_feedback_s.c
[9.755s] -- Installing: /home/insa/Desktop/VigiWheels2.0/raspberryPI3/ros2_ws/install/interfaces/local/lib/python3.10/dist-packages/interfaces/msg/_motors_order_s.c
[9.756s] -- Installing: /home/insa/Desktop/VigiWheels2.0/raspberryPI3/ros2_ws/install/interfaces/local/lib/python3.10/dist-packages/interfaces/msg/_obstacles_order_s.c
[9.756s] -- Installing: /home/insa/Desktop/VigiWheels2.0/raspberryPI3/ros2_ws/install/interfaces/local/lib/python3.10/dist-packages/interfaces/msg/_cam_pos_order.py
[9.756s] -- Installing: /home/insa/Desktop/VigiWheels2.0/raspberryPI3/ros2_ws/install/interfaces/local/lib/python3.10/dist-packages/interfaces/msg/_motors_order.py
[9.756s] -- Installing: /home/insa/Desktop/VigiWheels2.0/raspberryPI3/ros2_ws/install/interfaces/local/lib/python3.10/dist-packages/interfaces/msg/_joystick_order_s.c
[9.756s] -- Installing: /home/insa/Desktop/VigiWheels2.0/raspberryPI3/ros2_ws/install/interfaces/local/lib/python3.10/dist-packages/interfaces/msg/_system_check.py
[9.756s] -- Installing: /home/insa/Desktop/VigiWheels2.0/raspberryPI3/ros2_ws/install/interfaces/local/lib/python3.10/dist-packages/interfaces/msg/_fire_sensor_s.c
[9.756s] -- Installing: /home/insa/Desktop/VigiWheels2.0/raspberryPI3/ros2_ws/install/interfaces/local/lib/python3.10/dist-packages/interfaces/msg/_manometer_info_s.c
[9.756s] -- Installing: /home/insa/Desktop/VigiWheels2.0/raspberryPI3/ros2_ws/install/interfaces/local/lib/python3.10/dist-packages/interfaces/msg/_system_check_s.c
[9.756s] -- Installing: /home/insa/Desktop/VigiWheels2.0/raspberryPI3/ros2_ws/install/interfaces/local/lib/python3.10/dist-packages/interfaces/msg/_gnss_s.c
[9.756s] -- Installing: /home/insa/Desktop/VigiWheels2.0/raspberryPI3/ros2_ws/install/interfaces/local/lib/python3.10/dist-packages/interfaces/msg/_servo_cam_order_s.c
[9.756s] -- Installing: /home/insa/Desktop/VigiWheels2.0/raspberryPI3/ros2_ws/install/interfaces/local/lib/python3.10/dist-packages/interfaces/msg/_general_data_s.c
[9.757s] -- Installing: /home/insa/Desktop/VigiWheels2.0/raspberryPI3/ros2_ws/install/interfaces/local/lib/python3.10/dist-packages/interfaces/msg/_servo_cam_order.py
[9.757s] -- Installing: /home/insa/Desktop/VigiWheels2.0/raspberryPI3/ros2_ws/install/interfaces/local/lib/python3.10/dist-packages/interfaces/msg/_obstacles_order.py
[9.757s] -- Installing: /home/insa/Desktop/VigiWheels2.0/raspberryPI3/ros2_ws/install/interfaces/local/lib/python3.10/dist-packages/interfaces/msg/_fire_sensor.py
[9.757s] -- Installing: /home/insa/Desktop/VigiWheels2.0/raspberryPI3/ros2_ws/install/interfaces/local/lib/python3.10/dist-packages/interfaces/msg/_ultrasonic_s.c
[9.757s] -- Installing: /home/insa/Desktop/VigiWheels2.0/raspberryPI3/ros2_ws/install/interfaces/local/lib/python3.10/dist-packages/interfaces/msg/_joystick_order.py
[9.757s] -- Installing: /home/insa/Desktop/VigiWheels2.0/raspberryPI3/ros2_ws/install/interfaces/local/lib/python3.10/dist-packages/interfaces/_interfaces_s.ep.rosidl_typesupport_introspection_c.c
[9.757s] -- Installing: /home/insa/Desktop/VigiWheels2.0/raspberryPI3/ros2_ws/install/interfaces/local/lib/python3.10/dist-packages/interfaces/interfaces_s__rosidl_typesupport_c.cpython-310-x86_64-linux-gnu.so
[9.794s] Listing '/home/insa/Desktop/VigiWheels2.0/raspberryPI3/ros2_ws/install/interfaces/local/lib/python3.10/dist-packages/interfaces'...
[9.794s] Compiling '/home/insa/Desktop/VigiWheels2.0/raspberryPI3/ros2_ws/install/interfaces/local/lib/python3.10/dist-packages/interfaces/__init__.py'...
[9.794s] Listing '/home/insa/Desktop/VigiWheels2.0/raspberryPI3/ros2_ws/install/interfaces/local/lib/python3.10/dist-packages/interfaces/msg'...
[9.795s] Compiling '/home/insa/Desktop/VigiWheels2.0/raspberryPI3/ros2_ws/install/interfaces/local/lib/python3.10/dist-packages/interfaces/msg/__init__.py'...
[9.795s] Compiling '/home/insa/Desktop/VigiWheels2.0/raspberryPI3/ros2_ws/install/interfaces/local/lib/python3.10/dist-packages/interfaces/msg/_cam_pos_order.py'...
[9.795s] Compiling '/home/insa/Desktop/VigiWheels2.0/raspberryPI3/ros2_ws/install/interfaces/local/lib/python3.10/dist-packages/interfaces/msg/_emergency_alert_fire.py'...
[9.795s] Compiling '/home/insa/Desktop/VigiWheels2.0/raspberryPI3/ros2_ws/install/interfaces/local/lib/python3.10/dist-packages/interfaces/msg/_fire_sensor.py'...
[9.795s] Compiling '/home/insa/Desktop/VigiWheels2.0/raspberryPI3/ros2_ws/install/interfaces/local/lib/python3.10/dist-packages/interfaces/msg/_general_data.py'...
[9.795s] Compiling '/home/insa/Desktop/VigiWheels2.0/raspberryPI3/ros2_ws/install/interfaces/local/lib/python3.10/dist-packages/interfaces/msg/_gnss.py'...
[9.795s] Compiling '/home/insa/Desktop/VigiWheels2.0/raspberryPI3/ros2_ws/install/interfaces/local/lib/python3.10/dist-packages/interfaces/msg/_joystick_order.py'...
[9.795s] Compiling '/home/insa/Desktop/VigiWheels2.0/raspberryPI3/ros2_ws/install/interfaces/local/lib/python3.10/dist-packages/interfaces/msg/_manometer_info.py'...
[9.795s] Compiling '/home/insa/Desktop/VigiWheels2.0/raspberryPI3/ros2_ws/install/interfaces/local/lib/python3.10/dist-packages/interfaces/msg/_motors_feedback.py'...
[9.795s] Compiling '/home/insa/Desktop/VigiWheels2.0/raspberryPI3/ros2_ws/install/interfaces/local/lib/python3.10/dist-packages/interfaces/msg/_motors_order.py'...
[9.795s] Compiling '/home/insa/Desktop/VigiWheels2.0/raspberryPI3/ros2_ws/install/interfaces/local/lib/python3.10/dist-packages/interfaces/msg/_obstacles_order.py'...
[9.795s] Compiling '/home/insa/Desktop/VigiWheels2.0/raspberryPI3/ros2_ws/install/interfaces/local/lib/python3.10/dist-packages/interfaces/msg/_servo_cam_order.py'...
[9.795s] Compiling '/home/insa/Desktop/VigiWheels2.0/raspberryPI3/ros2_ws/install/interfaces/local/lib/python3.10/dist-packages/interfaces/msg/_steering_calibration.py'...
[9.795s] Compiling '/home/insa/Desktop/VigiWheels2.0/raspberryPI3/ros2_ws/install/interfaces/local/lib/python3.10/dist-packages/interfaces/msg/_system_check.py'...
[9.795s] Compiling '/home/insa/Desktop/VigiWheels2.0/raspberryPI3/ros2_ws/install/interfaces/local/lib/python3.10/dist-packages/interfaces/msg/_ultrasonic.py'...
[9.798s] -- Installing: /home/insa/Desktop/VigiWheels2.0/raspberryPI3/ros2_ws/install/interfaces/local/lib/python3.10/dist-packages/interfaces/interfaces_s__rosidl_typesupport_fastrtps_c.cpython-310-x86_64-linux-gnu.so
[9.798s] -- Set runtime path of "/home/insa/Desktop/VigiWheels2.0/raspberryPI3/ros2_ws/install/interfaces/local/lib/python3.10/dist-packages/interfaces/interfaces_s__rosidl_typesupport_fastrtps_c.cpython-310-x86_64-linux-gnu.so" to ""
[9.798s] -- Installing: /home/insa/Desktop/VigiWheels2.0/raspberryPI3/ros2_ws/install/interfaces/local/lib/python3.10/dist-packages/interfaces/interfaces_s__rosidl_typesupport_introspection_c.cpython-310-x86_64-linux-gnu.so
[9.798s] -- Set runtime path of "/home/insa/Desktop/VigiWheels2.0/raspberryPI3/ros2_ws/install/interfaces/local/lib/python3.10/dist-packages/interfaces/interfaces_s__rosidl_typesupport_introspection_c.cpython-310-x86_64-linux-gnu.so" to ""
[9.798s] -- Installing: /home/insa/Desktop/VigiWheels2.0/raspberryPI3/ros2_ws/install/interfaces/local/lib/python3.10/dist-packages/interfaces/interfaces_s__rosidl_typesupport_c.cpython-310-x86_64-linux-gnu.so
[9.799s] -- Set runtime path of "/home/insa/Desktop/VigiWheels2.0/raspberryPI3/ros2_ws/install/interfaces/local/lib/python3.10/dist-packages/interfaces/interfaces_s__rosidl_typesupport_c.cpython-310-x86_64-linux-gnu.so" to ""
[9.799s] -- Installing: /home/insa/Desktop/VigiWheels2.0/raspberryPI3/ros2_ws/install/interfaces/lib/libinterfaces__rosidl_generator_py.so
[9.799s] -- Set runtime path of "/home/insa/Desktop/VigiWheels2.0/raspberryPI3/ros2_ws/install/interfaces/lib/libinterfaces__rosidl_generator_py.so" to ""
[9.799s] -- Up-to-date: /home/insa/Desktop/VigiWheels2.0/raspberryPI3/ros2_ws/install/interfaces/share/interfaces/msg/JoystickOrder.idl
[9.800s] -- Up-to-date: /home/insa/Desktop/VigiWheels2.0/raspberryPI3/ros2_ws/install/interfaces/share/interfaces/msg/MotorsOrder.idl
[9.800s] -- Up-to-date: /home/insa/Desktop/VigiWheels2.0/raspberryPI3/ros2_ws/install/interfaces/share/interfaces/msg/MotorsFeedback.idl
[9.800s] -- Up-to-date: /home/insa/Desktop/VigiWheels2.0/raspberryPI3/ros2_ws/install/interfaces/share/interfaces/msg/GeneralData.idl
[9.800s] -- Up-to-date: /home/insa/Desktop/VigiWheels2.0/raspberryPI3/ros2_ws/install/interfaces/share/interfaces/msg/SteeringCalibration.idl
[9.800s] -- Up-to-date: /home/insa/Desktop/VigiWheels2.0/raspberryPI3/ros2_ws/install/interfaces/share/interfaces/msg/Ultrasonic.idl
[9.800s] -- Up-to-date: /home/insa/Desktop/VigiWheels2.0/raspberryPI3/ros2_ws/install/interfaces/share/interfaces/msg/Gnss.idl
[9.800s] -- Up-to-date: /home/insa/Desktop/VigiWheels2.0/raspberryPI3/ros2_ws/install/interfaces/share/interfaces/msg/SystemCheck.idl
[9.800s] -- Up-to-date: /home/insa/Desktop/VigiWheels2.0/raspberryPI3/ros2_ws/install/interfaces/share/interfaces/msg/ManometerInfo.idl
[9.800s] -- Up-to-date: /home/insa/Desktop/VigiWheels2.0/raspberryPI3/ros2_ws/install/interfaces/share/interfaces/msg/ObstaclesOrder.idl
[9.800s] -- Up-to-date: /home/insa/Desktop/VigiWheels2.0/raspberryPI3/ros2_ws/install/interfaces/share/interfaces/msg/ServoCamOrder.idl
[9.800s] -- Up-to-date: /home/insa/Desktop/VigiWheels2.0/raspberryPI3/ros2_ws/install/interfaces/share/interfaces/msg/CamPosOrder.idl
[9.800s] -- Up-to-date: /home/insa/Desktop/VigiWheels2.0/raspberryPI3/ros2_ws/install/interfaces/share/interfaces/msg/FireSensor.idl
[9.800s] -- Installing: /home/insa/Desktop/VigiWheels2.0/raspberryPI3/ros2_ws/install/interfaces/share/interfaces/msg/EmergencyAlertFire.idl
[9.800s] -- Up-to-date: /home/insa/Desktop/VigiWheels2.0/raspberryPI3/ros2_ws/install/interfaces/share/interfaces/msg/JoystickOrder.msg
[9.800s] -- Up-to-date: /home/insa/Desktop/VigiWheels2.0/raspberryPI3/ros2_ws/install/interfaces/share/interfaces/msg/MotorsOrder.msg
[9.800s] -- Up-to-date: /home/insa/Desktop/VigiWheels2.0/raspberryPI3/ros2_ws/install/interfaces/share/interfaces/msg/MotorsFeedback.msg
[9.800s] -- Up-to-date: /home/insa/Desktop/VigiWheels2.0/raspberryPI3/ros2_ws/install/interfaces/share/interfaces/msg/GeneralData.msg
[9.800s] -- Up-to-date: /home/insa/Desktop/VigiWheels2.0/raspberryPI3/ros2_ws/install/interfaces/share/interfaces/msg/SteeringCalibration.msg
[9.800s] -- Up-to-date: /home/insa/Desktop/VigiWheels2.0/raspberryPI3/ros2_ws/install/interfaces/share/interfaces/msg/Ultrasonic.msg
[9.800s] -- Up-to-date: /home/insa/Desktop/VigiWheels2.0/raspberryPI3/ros2_ws/install/interfaces/share/interfaces/msg/Gnss.msg
[9.800s] -- Up-to-date: /home/insa/Desktop/VigiWheels2.0/raspberryPI3/ros2_ws/install/interfaces/share/interfaces/msg/SystemCheck.msg
[9.800s] -- Up-to-date: /home/insa/Desktop/VigiWheels2.0/raspberryPI3/ros2_ws/install/interfaces/share/interfaces/msg/ManometerInfo.msg
[9.801s] -- Up-to-date: /home/insa/Desktop/VigiWheels2.0/raspberryPI3/ros2_ws/install/interfaces/share/interfaces/msg/ObstaclesOrder.msg
[9.801s] -- Up-to-date: /home/insa/Desktop/VigiWheels2.0/raspberryPI3/ros2_ws/install/interfaces/share/interfaces/msg/ServoCamOrder.msg
[9.801s] -- Up-to-date: /home/insa/Desktop/VigiWheels2.0/raspberryPI3/ros2_ws/install/interfaces/share/interfaces/msg/CamPosOrder.msg
[9.801s] -- Up-to-date: /home/insa/Desktop/VigiWheels2.0/raspberryPI3/ros2_ws/install/interfaces/share/interfaces/msg/FireSensor.msg
[9.801s] -- Installing: /home/insa/Desktop/VigiWheels2.0/raspberryPI3/ros2_ws/install/interfaces/share/interfaces/msg/EmergencyAlertFire.msg
[9.801s] -- Up-to-date: /home/insa/Desktop/VigiWheels2.0/raspberryPI3/ros2_ws/install/interfaces/share/ament_index/resource_index/package_run_dependencies/interfaces
[9.801s] -- Installing: /home/insa/Desktop/VigiWheels2.0/raspberryPI3/ros2_ws/install/interfaces/share/ament_index/resource_index/parent_prefix_path/interfaces
[9.801s] -- Up-to-date: /home/insa/Desktop/VigiWheels2.0/raspberryPI3/ros2_ws/install/interfaces/share/interfaces/environment/ament_prefix_path.sh
[9.801s] -- Installing: /home/insa/Desktop/VigiWheels2.0/raspberryPI3/ros2_ws/install/interfaces/share/interfaces/environment/ament_prefix_path.dsv
[9.801s] -- Up-to-date: /home/insa/Desktop/VigiWheels2.0/raspberryPI3/ros2_ws/install/interfaces/share/interfaces/environment/path.sh
[9.801s] -- Installing: /home/insa/Desktop/VigiWheels2.0/raspberryPI3/ros2_ws/install/interfaces/share/interfaces/environment/path.dsv
[9.801s] -- Up-to-date: /home/insa/Desktop/VigiWheels2.0/raspberryPI3/ros2_ws/install/interfaces/share/interfaces/local_setup.bash
[9.801s] -- Up-to-date: /home/insa/Desktop/VigiWheels2.0/raspberryPI3/ros2_ws/install/interfaces/share/interfaces/local_setup.sh
[9.801s] -- Up-to-date: /home/insa/Desktop/VigiWheels2.0/raspberryPI3/ros2_ws/install/interfaces/share/interfaces/local_setup.zsh
[9.801s] -- Installing: /home/insa/Desktop/VigiWheels2.0/raspberryPI3/ros2_ws/install/interfaces/share/interfaces/local_setup.dsv
[9.801s] -- Installing: /home/insa/Desktop/VigiWheels2.0/raspberryPI3/ros2_ws/install/interfaces/share/interfaces/package.dsv
[9.801s] -- Up-to-date: /home/insa/Desktop/VigiWheels2.0/raspberryPI3/ros2_ws/install/interfaces/share/ament_index/resource_index/packages/interfaces
[9.802s] -- Up-to-date: /home/insa/Desktop/VigiWheels2.0/raspberryPI3/ros2_ws/install/interfaces/share/interfaces/cmake/export_interfaces__rosidl_generator_cExport.cmake
[9.802s] -- Up-to-date: /home/insa/Desktop/VigiWheels2.0/raspberryPI3/ros2_ws/install/interfaces/share/interfaces/cmake/export_interfaces__rosidl_generator_cExport-noconfig.cmake
[9.802s] -- Up-to-date: /home/insa/Desktop/VigiWheels2.0/raspberryPI3/ros2_ws/install/interfaces/share/interfaces/cmake/export_interfaces__rosidl_typesupport_fastrtps_cExport.cmake
[9.802s] -- Up-to-date: /home/insa/Desktop/VigiWheels2.0/raspberryPI3/ros2_ws/install/interfaces/share/interfaces/cmake/export_interfaces__rosidl_typesupport_fastrtps_cExport-noconfig.cmake
[9.802s] -- Up-to-date: /home/insa/Desktop/VigiWheels2.0/raspberryPI3/ros2_ws/install/interfaces/share/interfaces/cmake/export_interfaces__rosidl_generator_cppExport.cmake
[9.802s] -- Up-to-date: /home/insa/Desktop/VigiWheels2.0/raspberryPI3/ros2_ws/install/interfaces/share/interfaces/cmake/export_interfaces__rosidl_typesupport_fastrtps_cppExport.cmake
[9.802s] -- Up-to-date: /home/insa/Desktop/VigiWheels2.0/raspberryPI3/ros2_ws/install/interfaces/share/interfaces/cmake/export_interfaces__rosidl_typesupport_fastrtps_cppExport-noconfig.cmake
[9.802s] -- Up-to-date: /home/insa/Desktop/VigiWheels2.0/raspberryPI3/ros2_ws/install/interfaces/share/interfaces/cmake/interfaces__rosidl_typesupport_introspection_cExport.cmake
[9.802s] -- Up-to-date: /home/insa/Desktop/VigiWheels2.0/raspberryPI3/ros2_ws/install/interfaces/share/interfaces/cmake/interfaces__rosidl_typesupport_introspection_cExport-noconfig.cmake
[9.802s] -- Up-to-date: /home/insa/Desktop/VigiWheels2.0/raspberryPI3/ros2_ws/install/interfaces/share/interfaces/cmake/interfaces__rosidl_typesupport_cExport.cmake
[9.802s] -- Up-to-date: /home/insa/Desktop/VigiWheels2.0/raspberryPI3/ros2_ws/install/interfaces/share/interfaces/cmake/interfaces__rosidl_typesupport_cExport-noconfig.cmake
[9.802s] -- Up-to-date: /home/insa/Desktop/VigiWheels2.0/raspberryPI3/ros2_ws/install/interfaces/share/interfaces/cmake/interfaces__rosidl_typesupport_introspection_cppExport.cmake
[9.802s] -- Up-to-date: /home/insa/Desktop/VigiWheels2.0/raspberryPI3/ros2_ws/install/interfaces/share/interfaces/cmake/interfaces__rosidl_typesupport_introspection_cppExport-noconfig.cmake
[9.803s] -- Up-to-date: /home/insa/Desktop/VigiWheels2.0/raspberryPI3/ros2_ws/install/interfaces/share/interfaces/cmake/interfaces__rosidl_typesupport_cppExport.cmake
[9.803s] -- Up-to-date: /home/insa/Desktop/VigiWheels2.0/raspberryPI3/ros2_ws/install/interfaces/share/interfaces/cmake/interfaces__rosidl_typesupport_cppExport-noconfig.cmake
[9.803s] -- Up-to-date: /home/insa/Desktop/VigiWheels2.0/raspberryPI3/ros2_ws/install/interfaces/share/interfaces/cmake/export_interfaces__rosidl_generator_pyExport.cmake
[9.803s] -- Up-to-date: /home/insa/Desktop/VigiWheels2.0/raspberryPI3/ros2_ws/install/interfaces/share/interfaces/cmake/export_interfaces__rosidl_generator_pyExport-noconfig.cmake
[9.803s] -- Up-to-date: /home/insa/Desktop/VigiWheels2.0/raspberryPI3/ros2_ws/install/interfaces/share/interfaces/cmake/rosidl_cmake-extras.cmake
[9.803s] -- Up-to-date: /home/insa/Desktop/VigiWheels2.0/raspberryPI3/ros2_ws/install/interfaces/share/interfaces/cmake/ament_cmake_export_include_directories-extras.cmake
[9.803s] -- Up-to-date: /home/insa/Desktop/VigiWheels2.0/raspberryPI3/ros2_ws/install/interfaces/share/interfaces/cmake/ament_cmake_export_libraries-extras.cmake
[9.803s] -- Up-to-date: /home/insa/Desktop/VigiWheels2.0/raspberryPI3/ros2_ws/install/interfaces/share/interfaces/cmake/ament_cmake_export_targets-extras.cmake
[9.803s] -- Up-to-date: /home/insa/Desktop/VigiWheels2.0/raspberryPI3/ros2_ws/install/interfaces/share/interfaces/cmake/rosidl_cmake_export_typesupport_targets-extras.cmake
[9.803s] -- Up-to-date: /home/insa/Desktop/VigiWheels2.0/raspberryPI3/ros2_ws/install/interfaces/share/interfaces/cmake/ament_cmake_export_dependencies-extras.cmake
[9.803s] -- Up-to-date: /home/insa/Desktop/VigiWheels2.0/raspberryPI3/ros2_ws/install/interfaces/share/interfaces/cmake/rosidl_cmake_export_typesupport_libraries-extras.cmake
[9.803s] -- Up-to-date: /home/insa/Desktop/VigiWheels2.0/raspberryPI3/ros2_ws/install/interfaces/share/interfaces/cmake/interfacesConfig.cmake
[9.803s] -- Up-to-date: /home/insa/Desktop/VigiWheels2.0/raspberryPI3/ros2_ws/install/interfaces/share/interfaces/cmake/interfacesConfig-version.cmake
[9.803s] -- Up-to-date: /home/insa/Desktop/VigiWheels2.0/raspberryPI3/ros2_ws/install/interfaces/share/interfaces/package.xml
[9.805s] Invoked command in '/home/insa/Desktop/VigiWheels2.0/raspberryPI3/ros2_ws/build/interfaces' returned '0': CMAKE_PREFIX_PATH=${CMAKE_PREFIX_PATH}:/opt/ros/humble /usr/bin/cmake --install /home/insa/Desktop/VigiWheels2.0/raspberryPI3/ros2_ws/build/interfaces
