[0.051s] Invoking command in '/home/insa/Desktop/VigiWheels/raspberryPI3/ros2_ws/build/interfaces': CMAKE_PREFIX_PATH=${CMAKE_PREFIX_PATH}:/opt/ros/humble /usr/bin/cmake --build /home/insa/Desktop/VigiWheels/raspberryPI3/ros2_ws/build/interfaces -- -j8 -l8
[0.069s] -- Found ament_cmake: 1.3.5 (/opt/ros/humble/share/ament_cmake/cmake)
[0.168s] -- Found rclcpp: 16.0.6 (/opt/ros/humble/share/rclcpp/cmake)
[0.186s] -- Found rosidl_generator_c: 3.1.5 (/opt/ros/humble/share/rosidl_generator_c/cmake)
[0.188s] -- Found rosidl_adapter: 3.1.5 (/opt/ros/humble/share/rosidl_adapter/cmake)
[0.192s] -- Found rosidl_generator_cpp: 3.1.5 (/opt/ros/humble/share/rosidl_generator_cpp/cmake)
[0.199s] -- Using all available rosidl_typesupport_c: rosidl_typesupport_fastrtps_c;rosidl_typesupport_introspection_c
[0.208s] -- Using all available rosidl_typesupport_cpp: rosidl_typesupport_fastrtps_cpp;rosidl_typesupport_introspection_cpp
[0.246s] -- Found rmw_implementation_cmake: 6.1.1 (/opt/ros/humble/share/rmw_implementation_cmake/cmake)
[0.247s] -- Found rmw_fastrtps_cpp: 6.2.4 (/opt/ros/humble/share/rmw_fastrtps_cpp/cmake)
[0.325s] -- Using RMW implementation 'rmw_fastrtps_cpp' as default
[0.425s] -- Found rosidl_default_generators: 1.2.0 (/opt/ros/humble/share/rosidl_default_generators/cmake)
[0.616s] -- Found ament_cmake_ros: 0.10.0 (/opt/ros/humble/share/ament_cmake_ros/cmake)
[0.821s] -- Using all available rosidl_typesupport_c: rosidl_typesupport_fastrtps_c;rosidl_typesupport_introspection_c
[0.901s] -- Using all available rosidl_typesupport_cpp: rosidl_typesupport_fastrtps_cpp;rosidl_typesupport_introspection_cpp
[0.916s] -- Found python_cmake_module: 0.10.0 (/opt/ros/humble/share/python_cmake_module/cmake)
[0.931s] -- Using PYTHON_EXECUTABLE: /usr/bin/python3
[0.932s] -- Using PYTHON_INCLUDE_DIRS: /usr/include/python3.10
[0.932s] -- Using PYTHON_LIBRARIES: /usr/lib/x86_64-linux-gnu/libpython3.10.so
[0.940s] -- Found ament_lint_auto: 0.12.8 (/opt/ros/humble/share/ament_lint_auto/cmake)
[0.946s] -- Added test 'lint_cmake' to check CMake code style
[0.946s] -- Added test 'xmllint' to check XML markup files
[0.947s] -- Configuring done
[0.973s] -- Generating done
[0.975s] -- Build files have been written to: /home/insa/Desktop/VigiWheels/raspberryPI3/ros2_ws/build/interfaces
[0.995s] [35m[1mConsolidate compiler generated dependencies of target interfaces__rosidl_generator_c[0m
[1.001s] [  1%] Built target interfaces__cpp
[1.004s] [ 12%] Built target interfaces__rosidl_generator_c
[1.009s] [ 12%] Built target ament_cmake_python_copy_interfaces
[1.010s] [35m[1mConsolidate compiler generated dependencies of target interfaces__rosidl_typesupport_cpp[0m
[1.012s] [35m[1mConsolidate compiler generated dependencies of target interfaces__rosidl_typesupport_introspection_cpp[0m
[1.012s] [35m[1mConsolidate compiler generated dependencies of target interfaces__rosidl_typesupport_fastrtps_cpp[0m
[1.013s] [35m[1mConsolidate compiler generated dependencies of target interfaces__rosidl_typesupport_c[0m
[1.014s] [35m[1mConsolidate compiler generated dependencies of target interfaces__rosidl_typesupport_introspection_c[0m
[1.015s] [35m[1mConsolidate compiler generated dependencies of target interfaces__rosidl_typesupport_fastrtps_c[0m
[1.023s] [ 24%] Built target interfaces__rosidl_typesupport_c
[1.026s] [ 35%] Built target interfaces__rosidl_typesupport_introspection_c
[1.028s] [ 47%] Built target interfaces__rosidl_typesupport_cpp
[1.029s] [ 58%] Built target interfaces__rosidl_typesupport_introspection_cpp
[1.030s] [ 70%] Built target interfaces__rosidl_typesupport_fastrtps_cpp
[1.032s] [ 82%] Built target interfaces__rosidl_typesupport_fastrtps_c
[1.047s] [ 82%] Built target interfaces
[1.062s] [ 83%] Built target interfaces__py
[1.070s] [35m[1mConsolidate compiler generated dependencies of target interfaces__rosidl_generator_py[0m
[1.083s] [ 93%] Built target interfaces__rosidl_generator_py
[1.090s] [35m[1mConsolidate compiler generated dependencies of target interfaces__rosidl_typesupport_c__pyext[0m
[1.090s] [35m[1mConsolidate compiler generated dependencies of target interfaces__rosidl_typesupport_fastrtps_c__pyext[0m
[1.090s] [35m[1mConsolidate compiler generated dependencies of target interfaces__rosidl_typesupport_introspection_c__pyext[0m
[1.099s] [ 98%] Built target interfaces__rosidl_typesupport_fastrtps_c__pyext
[1.099s] [ 98%] Built target interfaces__rosidl_typesupport_c__pyext
[1.099s] [100%] Built target interfaces__rosidl_typesupport_introspection_c__pyext
[1.188s] running egg_info
[1.189s] writing interfaces.egg-info/PKG-INFO
[1.189s] writing dependency_links to interfaces.egg-info/dependency_links.txt
[1.189s] writing top-level names to interfaces.egg-info/top_level.txt
[1.191s] reading manifest file 'interfaces.egg-info/SOURCES.txt'
[1.191s] writing manifest file 'interfaces.egg-info/SOURCES.txt'
[1.208s] [100%] Built target ament_cmake_python_build_interfaces_egg
[1.216s] Invoked command in '/home/insa/Desktop/VigiWheels/raspberryPI3/ros2_ws/build/interfaces' returned '0': CMAKE_PREFIX_PATH=${CMAKE_PREFIX_PATH}:/opt/ros/humble /usr/bin/cmake --build /home/insa/Desktop/VigiWheels/raspberryPI3/ros2_ws/build/interfaces -- -j8 -l8
[1.362s] Invoking command in '/home/insa/Desktop/VigiWheels/raspberryPI3/ros2_ws/build/interfaces': CMAKE_PREFIX_PATH=${CMAKE_PREFIX_PATH}:/opt/ros/humble /usr/bin/cmake --install /home/insa/Desktop/VigiWheels/raspberryPI3/ros2_ws/build/interfaces
[1.368s] -- Install configuration: ""
[1.368s] -- Up-to-date: /home/insa/Desktop/VigiWheels/raspberryPI3/ros2_ws/install/interfaces/share/ament_index/resource_index/rosidl_interfaces/interfaces
[1.368s] -- Up-to-date: /home/insa/Desktop/VigiWheels/raspberryPI3/ros2_ws/install/interfaces/include/interfaces/interfaces
[1.368s] -- Up-to-date: /home/insa/Desktop/VigiWheels/raspberryPI3/ros2_ws/install/interfaces/include/interfaces/interfaces/msg
[1.368s] -- Up-to-date: /home/insa/Desktop/VigiWheels/raspberryPI3/ros2_ws/install/interfaces/include/interfaces/interfaces/msg/system_check.h
[1.368s] -- Up-to-date: /home/insa/Desktop/VigiWheels/raspberryPI3/ros2_ws/install/interfaces/include/interfaces/interfaces/msg/fire_sensor.h
[1.368s] -- Up-to-date: /home/insa/Desktop/VigiWheels/raspberryPI3/ros2_ws/install/interfaces/include/interfaces/interfaces/msg/motors_feedback.h
[1.368s] -- Up-to-date: /home/insa/Desktop/VigiWheels/raspberryPI3/ros2_ws/install/interfaces/include/interfaces/interfaces/msg/rosidl_generator_c__visibility_control.h
[1.369s] -- Up-to-date: /home/insa/Desktop/VigiWheels/raspberryPI3/ros2_ws/install/interfaces/include/interfaces/interfaces/msg/steering_calibration.h
[1.369s] -- Up-to-date: /home/insa/Desktop/VigiWheels/raspberryPI3/ros2_ws/install/interfaces/include/interfaces/interfaces/msg/general_data.h
[1.369s] -- Up-to-date: /home/insa/Desktop/VigiWheels/raspberryPI3/ros2_ws/install/interfaces/include/interfaces/interfaces/msg/ultrasonic.h
[1.369s] -- Up-to-date: /home/insa/Desktop/VigiWheels/raspberryPI3/ros2_ws/install/interfaces/include/interfaces/interfaces/msg/detail
[1.369s] -- Up-to-date: /home/insa/Desktop/VigiWheels/raspberryPI3/ros2_ws/install/interfaces/include/interfaces/interfaces/msg/detail/gnss__functions.h
[1.369s] -- Up-to-date: /home/insa/Desktop/VigiWheels/raspberryPI3/ros2_ws/install/interfaces/include/interfaces/interfaces/msg/detail/motors_order__functions.c
[1.369s] -- Up-to-date: /home/insa/Desktop/VigiWheels/raspberryPI3/ros2_ws/install/interfaces/include/interfaces/interfaces/msg/detail/fire_sensor__functions.h
[1.369s] -- Up-to-date: /home/insa/Desktop/VigiWheels/raspberryPI3/ros2_ws/install/interfaces/include/interfaces/interfaces/msg/detail/ultrasonic__type_support.h
[1.369s] -- Up-to-date: /home/insa/Desktop/VigiWheels/raspberryPI3/ros2_ws/install/interfaces/include/interfaces/interfaces/msg/detail/joystick_order__struct.h
[1.369s] -- Up-to-date: /home/insa/Desktop/VigiWheels/raspberryPI3/ros2_ws/install/interfaces/include/interfaces/interfaces/msg/detail/fire_sensor__functions.c
[1.369s] -- Up-to-date: /home/insa/Desktop/VigiWheels/raspberryPI3/ros2_ws/install/interfaces/include/interfaces/interfaces/msg/detail/system_check__functions.h
[1.369s] -- Up-to-date: /home/insa/Desktop/VigiWheels/raspberryPI3/ros2_ws/install/interfaces/include/interfaces/interfaces/msg/detail/general_data__struct.h
[1.369s] -- Up-to-date: /home/insa/Desktop/VigiWheels/raspberryPI3/ros2_ws/install/interfaces/include/interfaces/interfaces/msg/detail/joystick_order__type_support.h
[1.370s] -- Up-to-date: /home/insa/Desktop/VigiWheels/raspberryPI3/ros2_ws/install/interfaces/include/interfaces/interfaces/msg/detail/gnss__type_support.h
[1.370s] -- Up-to-date: /home/insa/Desktop/VigiWheels/raspberryPI3/ros2_ws/install/interfaces/include/interfaces/interfaces/msg/detail/steering_calibration__struct.h
[1.370s] -- Up-to-date: /home/insa/Desktop/VigiWheels/raspberryPI3/ros2_ws/install/interfaces/include/interfaces/interfaces/msg/detail/ultrasonic__functions.h
[1.370s] -- Up-to-date: /home/insa/Desktop/VigiWheels/raspberryPI3/ros2_ws/install/interfaces/include/interfaces/interfaces/msg/detail/motors_order__type_support.h
[1.370s] -- Up-to-date: /home/insa/Desktop/VigiWheels/raspberryPI3/ros2_ws/install/interfaces/include/interfaces/interfaces/msg/detail/fire_sensor__struct.h
[1.370s] -- Up-to-date: /home/insa/Desktop/VigiWheels/raspberryPI3/ros2_ws/install/interfaces/include/interfaces/interfaces/msg/detail/system_check__functions.c
[1.370s] -- Up-to-date: /home/insa/Desktop/VigiWheels/raspberryPI3/ros2_ws/install/interfaces/include/interfaces/interfaces/msg/detail/steering_calibration__functions.h
[1.370s] -- Up-to-date: /home/insa/Desktop/VigiWheels/raspberryPI3/ros2_ws/install/interfaces/include/interfaces/interfaces/msg/detail/system_check__type_support.h
[1.370s] -- Up-to-date: /home/insa/Desktop/VigiWheels/raspberryPI3/ros2_ws/install/interfaces/include/interfaces/interfaces/msg/detail/gnss__struct.h
[1.371s] -- Up-to-date: /home/insa/Desktop/VigiWheels/raspberryPI3/ros2_ws/install/interfaces/include/interfaces/interfaces/msg/detail/system_check__struct.h
[1.371s] -- Up-to-date: /home/insa/Desktop/VigiWheels/raspberryPI3/ros2_ws/install/interfaces/include/interfaces/interfaces/msg/detail/ultrasonic__struct.h
[1.371s] -- Up-to-date: /home/insa/Desktop/VigiWheels/raspberryPI3/ros2_ws/install/interfaces/include/interfaces/interfaces/msg/detail/steering_calibration__functions.c
[1.371s] -- Up-to-date: /home/insa/Desktop/VigiWheels/raspberryPI3/ros2_ws/install/interfaces/include/interfaces/interfaces/msg/detail/motors_order__functions.h
[1.371s] -- Up-to-date: /home/insa/Desktop/VigiWheels/raspberryPI3/ros2_ws/install/interfaces/include/interfaces/interfaces/msg/detail/joystick_order__functions.c
[1.371s] -- Up-to-date: /home/insa/Desktop/VigiWheels/raspberryPI3/ros2_ws/install/interfaces/include/interfaces/interfaces/msg/detail/general_data__type_support.h
[1.371s] -- Up-to-date: /home/insa/Desktop/VigiWheels/raspberryPI3/ros2_ws/install/interfaces/include/interfaces/interfaces/msg/detail/motors_order__struct.h
[1.371s] -- Up-to-date: /home/insa/Desktop/VigiWheels/raspberryPI3/ros2_ws/install/interfaces/include/interfaces/interfaces/msg/detail/motors_feedback__functions.h
[1.371s] -- Up-to-date: /home/insa/Desktop/VigiWheels/raspberryPI3/ros2_ws/install/interfaces/include/interfaces/interfaces/msg/detail/general_data__functions.h
[1.371s] -- Up-to-date: /home/insa/Desktop/VigiWheels/raspberryPI3/ros2_ws/install/interfaces/include/interfaces/interfaces/msg/detail/joystick_order__functions.h
[1.372s] -- Up-to-date: /home/insa/Desktop/VigiWheels/raspberryPI3/ros2_ws/install/interfaces/include/interfaces/interfaces/msg/detail/motors_feedback__struct.h
[1.372s] -- Up-to-date: /home/insa/Desktop/VigiWheels/raspberryPI3/ros2_ws/install/interfaces/include/interfaces/interfaces/msg/detail/steering_calibration__type_support.h
[1.372s] -- Up-to-date: /home/insa/Desktop/VigiWheels/raspberryPI3/ros2_ws/install/interfaces/include/interfaces/interfaces/msg/detail/general_data__functions.c
[1.372s] -- Up-to-date: /home/insa/Desktop/VigiWheels/raspberryPI3/ros2_ws/install/interfaces/include/interfaces/interfaces/msg/detail/motors_feedback__functions.c
[1.372s] -- Up-to-date: /home/insa/Desktop/VigiWheels/raspberryPI3/ros2_ws/install/interfaces/include/interfaces/interfaces/msg/detail/ultrasonic__functions.c
[1.372s] -- Up-to-date: /home/insa/Desktop/VigiWheels/raspberryPI3/ros2_ws/install/interfaces/include/interfaces/interfaces/msg/detail/motors_feedback__type_support.h
[1.372s] -- Up-to-date: /home/insa/Desktop/VigiWheels/raspberryPI3/ros2_ws/install/interfaces/include/interfaces/interfaces/msg/detail/fire_sensor__type_support.h
[1.372s] -- Up-to-date: /home/insa/Desktop/VigiWheels/raspberryPI3/ros2_ws/install/interfaces/include/interfaces/interfaces/msg/detail/gnss__functions.c
[1.372s] -- Up-to-date: /home/insa/Desktop/VigiWheels/raspberryPI3/ros2_ws/install/interfaces/include/interfaces/interfaces/msg/joystick_order.h
[1.372s] -- Up-to-date: /home/insa/Desktop/VigiWheels/raspberryPI3/ros2_ws/install/interfaces/include/interfaces/interfaces/msg/gnss.h
[1.372s] -- Up-to-date: /home/insa/Desktop/VigiWheels/raspberryPI3/ros2_ws/install/interfaces/include/interfaces/interfaces/msg/motors_order.h
[1.372s] -- Up-to-date: /home/insa/Desktop/VigiWheels/raspberryPI3/ros2_ws/install/interfaces/share/interfaces/environment/library_path.sh
[1.372s] -- Installing: /home/insa/Desktop/VigiWheels/raspberryPI3/ros2_ws/install/interfaces/share/interfaces/environment/library_path.dsv
[1.373s] -- Up-to-date: /home/insa/Desktop/VigiWheels/raspberryPI3/ros2_ws/install/interfaces/lib/libinterfaces__rosidl_generator_c.so
[1.373s] -- Up-to-date: /home/insa/Desktop/VigiWheels/raspberryPI3/ros2_ws/install/interfaces/include/interfaces/interfaces
[1.373s] -- Up-to-date: /home/insa/Desktop/VigiWheels/raspberryPI3/ros2_ws/install/interfaces/include/interfaces/interfaces/msg
[1.373s] -- Up-to-date: /home/insa/Desktop/VigiWheels/raspberryPI3/ros2_ws/install/interfaces/include/interfaces/interfaces/msg/detail
[1.373s] -- Up-to-date: /home/insa/Desktop/VigiWheels/raspberryPI3/ros2_ws/install/interfaces/include/interfaces/interfaces/msg/detail/steering_calibration__rosidl_typesupport_fastrtps_c.h
[1.373s] -- Up-to-date: /home/insa/Desktop/VigiWheels/raspberryPI3/ros2_ws/install/interfaces/include/interfaces/interfaces/msg/detail/joystick_order__rosidl_typesupport_fastrtps_c.h
[1.373s] -- Up-to-date: /home/insa/Desktop/VigiWheels/raspberryPI3/ros2_ws/install/interfaces/include/interfaces/interfaces/msg/detail/motors_feedback__rosidl_typesupport_fastrtps_c.h
[1.373s] -- Up-to-date: /home/insa/Desktop/VigiWheels/raspberryPI3/ros2_ws/install/interfaces/include/interfaces/interfaces/msg/detail/general_data__rosidl_typesupport_fastrtps_c.h
[1.373s] -- Up-to-date: /home/insa/Desktop/VigiWheels/raspberryPI3/ros2_ws/install/interfaces/include/interfaces/interfaces/msg/detail/gnss__rosidl_typesupport_fastrtps_c.h
[1.373s] -- Up-to-date: /home/insa/Desktop/VigiWheels/raspberryPI3/ros2_ws/install/interfaces/include/interfaces/interfaces/msg/detail/fire_sensor__rosidl_typesupport_fastrtps_c.h
[1.373s] -- Up-to-date: /home/insa/Desktop/VigiWheels/raspberryPI3/ros2_ws/install/interfaces/include/interfaces/interfaces/msg/detail/motors_order__rosidl_typesupport_fastrtps_c.h
[1.373s] -- Up-to-date: /home/insa/Desktop/VigiWheels/raspberryPI3/ros2_ws/install/interfaces/include/interfaces/interfaces/msg/detail/ultrasonic__rosidl_typesupport_fastrtps_c.h
[1.373s] -- Up-to-date: /home/insa/Desktop/VigiWheels/raspberryPI3/ros2_ws/install/interfaces/include/interfaces/interfaces/msg/detail/system_check__rosidl_typesupport_fastrtps_c.h
[1.373s] -- Up-to-date: /home/insa/Desktop/VigiWheels/raspberryPI3/ros2_ws/install/interfaces/include/interfaces/interfaces/msg/rosidl_typesupport_fastrtps_c__visibility_control.h
[1.374s] -- Up-to-date: /home/insa/Desktop/VigiWheels/raspberryPI3/ros2_ws/install/interfaces/lib/libinterfaces__rosidl_typesupport_fastrtps_c.so
[1.374s] -- Up-to-date: /home/insa/Desktop/VigiWheels/raspberryPI3/ros2_ws/install/interfaces/include/interfaces/interfaces
[1.374s] -- Up-to-date: /home/insa/Desktop/VigiWheels/raspberryPI3/ros2_ws/install/interfaces/include/interfaces/interfaces/msg
[1.374s] -- Up-to-date: /home/insa/Desktop/VigiWheels/raspberryPI3/ros2_ws/install/interfaces/include/interfaces/interfaces/msg/motors_order.hpp
[1.374s] -- Up-to-date: /home/insa/Desktop/VigiWheels/raspberryPI3/ros2_ws/install/interfaces/include/interfaces/interfaces/msg/fire_sensor.hpp
[1.374s] -- Up-to-date: /home/insa/Desktop/VigiWheels/raspberryPI3/ros2_ws/install/interfaces/include/interfaces/interfaces/msg/ultrasonic.hpp
[1.374s] -- Up-to-date: /home/insa/Desktop/VigiWheels/raspberryPI3/ros2_ws/install/interfaces/include/interfaces/interfaces/msg/motors_feedback.hpp
[1.374s] -- Up-to-date: /home/insa/Desktop/VigiWheels/raspberryPI3/ros2_ws/install/interfaces/include/interfaces/interfaces/msg/general_data.hpp
[1.374s] -- Up-to-date: /home/insa/Desktop/VigiWheels/raspberryPI3/ros2_ws/install/interfaces/include/interfaces/interfaces/msg/gnss.hpp
[1.374s] -- Up-to-date: /home/insa/Desktop/VigiWheels/raspberryPI3/ros2_ws/install/interfaces/include/interfaces/interfaces/msg/system_check.hpp
[1.374s] -- Up-to-date: /home/insa/Desktop/VigiWheels/raspberryPI3/ros2_ws/install/interfaces/include/interfaces/interfaces/msg/joystick_order.hpp
[1.374s] -- Up-to-date: /home/insa/Desktop/VigiWheels/raspberryPI3/ros2_ws/install/interfaces/include/interfaces/interfaces/msg/detail
[1.374s] -- Up-to-date: /home/insa/Desktop/VigiWheels/raspberryPI3/ros2_ws/install/interfaces/include/interfaces/interfaces/msg/detail/gnss__struct.hpp
[1.374s] -- Up-to-date: /home/insa/Desktop/VigiWheels/raspberryPI3/ros2_ws/install/interfaces/include/interfaces/interfaces/msg/detail/motors_order__builder.hpp
[1.375s] -- Up-to-date: /home/insa/Desktop/VigiWheels/raspberryPI3/ros2_ws/install/interfaces/include/interfaces/interfaces/msg/detail/motors_order__struct.hpp
[1.375s] -- Up-to-date: /home/insa/Desktop/VigiWheels/raspberryPI3/ros2_ws/install/interfaces/include/interfaces/interfaces/msg/detail/steering_calibration__traits.hpp
[1.375s] -- Up-to-date: /home/insa/Desktop/VigiWheels/raspberryPI3/ros2_ws/install/interfaces/include/interfaces/interfaces/msg/detail/motors_feedback__traits.hpp
[1.375s] -- Up-to-date: /home/insa/Desktop/VigiWheels/raspberryPI3/ros2_ws/install/interfaces/include/interfaces/interfaces/msg/detail/fire_sensor__struct.hpp
[1.375s] -- Up-to-date: /home/insa/Desktop/VigiWheels/raspberryPI3/ros2_ws/install/interfaces/include/interfaces/interfaces/msg/detail/system_check__traits.hpp
[1.375s] -- Up-to-date: /home/insa/Desktop/VigiWheels/raspberryPI3/ros2_ws/install/interfaces/include/interfaces/interfaces/msg/detail/general_data__builder.hpp
[1.375s] -- Up-to-date: /home/insa/Desktop/VigiWheels/raspberryPI3/ros2_ws/install/interfaces/include/interfaces/interfaces/msg/detail/fire_sensor__traits.hpp
[1.375s] -- Up-to-date: /home/insa/Desktop/VigiWheels/raspberryPI3/ros2_ws/install/interfaces/include/interfaces/interfaces/msg/detail/joystick_order__builder.hpp
[1.375s] -- Up-to-date: /home/insa/Desktop/VigiWheels/raspberryPI3/ros2_ws/install/interfaces/include/interfaces/interfaces/msg/detail/steering_calibration__struct.hpp
[1.375s] -- Up-to-date: /home/insa/Desktop/VigiWheels/raspberryPI3/ros2_ws/install/interfaces/include/interfaces/interfaces/msg/detail/joystick_order__struct.hpp
[1.375s] -- Up-to-date: /home/insa/Desktop/VigiWheels/raspberryPI3/ros2_ws/install/interfaces/include/interfaces/interfaces/msg/detail/gnss__builder.hpp
[1.375s] -- Up-to-date: /home/insa/Desktop/VigiWheels/raspberryPI3/ros2_ws/install/interfaces/include/interfaces/interfaces/msg/detail/steering_calibration__builder.hpp
[1.375s] -- Up-to-date: /home/insa/Desktop/VigiWheels/raspberryPI3/ros2_ws/install/interfaces/include/interfaces/interfaces/msg/detail/motors_feedback__builder.hpp
[1.375s] -- Up-to-date: /home/insa/Desktop/VigiWheels/raspberryPI3/ros2_ws/install/interfaces/include/interfaces/interfaces/msg/detail/fire_sensor__builder.hpp
[1.375s] -- Up-to-date: /home/insa/Desktop/VigiWheels/raspberryPI3/ros2_ws/install/interfaces/include/interfaces/interfaces/msg/detail/joystick_order__traits.hpp
[1.375s] -- Up-to-date: /home/insa/Desktop/VigiWheels/raspberryPI3/ros2_ws/install/interfaces/include/interfaces/interfaces/msg/detail/system_check__struct.hpp
[1.375s] -- Up-to-date: /home/insa/Desktop/VigiWheels/raspberryPI3/ros2_ws/install/interfaces/include/interfaces/interfaces/msg/detail/ultrasonic__struct.hpp
[1.375s] -- Up-to-date: /home/insa/Desktop/VigiWheels/raspberryPI3/ros2_ws/install/interfaces/include/interfaces/interfaces/msg/detail/general_data__traits.hpp
[1.375s] -- Up-to-date: /home/insa/Desktop/VigiWheels/raspberryPI3/ros2_ws/install/interfaces/include/interfaces/interfaces/msg/detail/gnss__traits.hpp
[1.375s] -- Up-to-date: /home/insa/Desktop/VigiWheels/raspberryPI3/ros2_ws/install/interfaces/include/interfaces/interfaces/msg/detail/ultrasonic__builder.hpp
[1.375s] -- Up-to-date: /home/insa/Desktop/VigiWheels/raspberryPI3/ros2_ws/install/interfaces/include/interfaces/interfaces/msg/detail/general_data__struct.hpp
[1.375s] -- Up-to-date: /home/insa/Desktop/VigiWheels/raspberryPI3/ros2_ws/install/interfaces/include/interfaces/interfaces/msg/detail/system_check__builder.hpp
[1.375s] -- Up-to-date: /home/insa/Desktop/VigiWheels/raspberryPI3/ros2_ws/install/interfaces/include/interfaces/interfaces/msg/detail/motors_order__traits.hpp
[1.375s] -- Up-to-date: /home/insa/Desktop/VigiWheels/raspberryPI3/ros2_ws/install/interfaces/include/interfaces/interfaces/msg/detail/motors_feedback__struct.hpp
[1.375s] -- Up-to-date: /home/insa/Desktop/VigiWheels/raspberryPI3/ros2_ws/install/interfaces/include/interfaces/interfaces/msg/detail/ultrasonic__traits.hpp
[1.375s] -- Up-to-date: /home/insa/Desktop/VigiWheels/raspberryPI3/ros2_ws/install/interfaces/include/interfaces/interfaces/msg/steering_calibration.hpp
[1.376s] -- Up-to-date: /home/insa/Desktop/VigiWheels/raspberryPI3/ros2_ws/install/interfaces/include/interfaces/interfaces
[1.376s] -- Up-to-date: /home/insa/Desktop/VigiWheels/raspberryPI3/ros2_ws/install/interfaces/include/interfaces/interfaces/msg
[1.376s] -- Up-to-date: /home/insa/Desktop/VigiWheels/raspberryPI3/ros2_ws/install/interfaces/include/interfaces/interfaces/msg/rosidl_typesupport_fastrtps_cpp__visibility_control.h
[1.376s] -- Up-to-date: /home/insa/Desktop/VigiWheels/raspberryPI3/ros2_ws/install/interfaces/include/interfaces/interfaces/msg/detail
[1.376s] -- Up-to-date: /home/insa/Desktop/VigiWheels/raspberryPI3/ros2_ws/install/interfaces/include/interfaces/interfaces/msg/detail/system_check__rosidl_typesupport_fastrtps_cpp.hpp
[1.376s] -- Up-to-date: /home/insa/Desktop/VigiWheels/raspberryPI3/ros2_ws/install/interfaces/include/interfaces/interfaces/msg/detail/motors_feedback__rosidl_typesupport_fastrtps_cpp.hpp
[1.376s] -- Up-to-date: /home/insa/Desktop/VigiWheels/raspberryPI3/ros2_ws/install/interfaces/include/interfaces/interfaces/msg/detail/motors_order__rosidl_typesupport_fastrtps_cpp.hpp
[1.376s] -- Up-to-date: /home/insa/Desktop/VigiWheels/raspberryPI3/ros2_ws/install/interfaces/include/interfaces/interfaces/msg/detail/gnss__rosidl_typesupport_fastrtps_cpp.hpp
[1.376s] -- Up-to-date: /home/insa/Desktop/VigiWheels/raspberryPI3/ros2_ws/install/interfaces/include/interfaces/interfaces/msg/detail/joystick_order__rosidl_typesupport_fastrtps_cpp.hpp
[1.376s] -- Up-to-date: /home/insa/Desktop/VigiWheels/raspberryPI3/ros2_ws/install/interfaces/include/interfaces/interfaces/msg/detail/general_data__rosidl_typesupport_fastrtps_cpp.hpp
[1.376s] -- Up-to-date: /home/insa/Desktop/VigiWheels/raspberryPI3/ros2_ws/install/interfaces/include/interfaces/interfaces/msg/detail/dds_fastrtps
[1.376s] -- Up-to-date: /home/insa/Desktop/VigiWheels/raspberryPI3/ros2_ws/install/interfaces/include/interfaces/interfaces/msg/detail/fire_sensor__rosidl_typesupport_fastrtps_cpp.hpp
[1.376s] -- Up-to-date: /home/insa/Desktop/VigiWheels/raspberryPI3/ros2_ws/install/interfaces/include/interfaces/interfaces/msg/detail/steering_calibration__rosidl_typesupport_fastrtps_cpp.hpp
[1.376s] -- Up-to-date: /home/insa/Desktop/VigiWheels/raspberryPI3/ros2_ws/install/interfaces/include/interfaces/interfaces/msg/detail/ultrasonic__rosidl_typesupport_fastrtps_cpp.hpp
[1.376s] -- Up-to-date: /home/insa/Desktop/VigiWheels/raspberryPI3/ros2_ws/install/interfaces/lib/libinterfaces__rosidl_typesupport_fastrtps_cpp.so
[1.376s] -- Up-to-date: /home/insa/Desktop/VigiWheels/raspberryPI3/ros2_ws/install/interfaces/include/interfaces/interfaces
[1.376s] -- Up-to-date: /home/insa/Desktop/VigiWheels/raspberryPI3/ros2_ws/install/interfaces/include/interfaces/interfaces/msg
[1.376s] -- Up-to-date: /home/insa/Desktop/VigiWheels/raspberryPI3/ros2_ws/install/interfaces/include/interfaces/interfaces/msg/rosidl_typesupport_introspection_c__visibility_control.h
[1.376s] -- Up-to-date: /home/insa/Desktop/VigiWheels/raspberryPI3/ros2_ws/install/interfaces/include/interfaces/interfaces/msg/detail
[1.376s] -- Up-to-date: /home/insa/Desktop/VigiWheels/raspberryPI3/ros2_ws/install/interfaces/include/interfaces/interfaces/msg/detail/motors_order__type_support.c
[1.376s] -- Up-to-date: /home/insa/Desktop/VigiWheels/raspberryPI3/ros2_ws/install/interfaces/include/interfaces/interfaces/msg/detail/motors_order__rosidl_typesupport_introspection_c.h
[1.376s] -- Up-to-date: /home/insa/Desktop/VigiWheels/raspberryPI3/ros2_ws/install/interfaces/include/interfaces/interfaces/msg/detail/fire_sensor__type_support.c
[1.376s] -- Up-to-date: /home/insa/Desktop/VigiWheels/raspberryPI3/ros2_ws/install/interfaces/include/interfaces/interfaces/msg/detail/steering_calibration__type_support.c
[1.376s] -- Up-to-date: /home/insa/Desktop/VigiWheels/raspberryPI3/ros2_ws/install/interfaces/include/interfaces/interfaces/msg/detail/gnss__rosidl_typesupport_introspection_c.h
[1.376s] -- Up-to-date: /home/insa/Desktop/VigiWheels/raspberryPI3/ros2_ws/install/interfaces/include/interfaces/interfaces/msg/detail/joystick_order__type_support.c
[1.376s] -- Up-to-date: /home/insa/Desktop/VigiWheels/raspberryPI3/ros2_ws/install/interfaces/include/interfaces/interfaces/msg/detail/general_data__rosidl_typesupport_introspection_c.h
[1.376s] -- Up-to-date: /home/insa/Desktop/VigiWheels/raspberryPI3/ros2_ws/install/interfaces/include/interfaces/interfaces/msg/detail/motors_feedback__rosidl_typesupport_introspection_c.h
[1.376s] -- Up-to-date: /home/insa/Desktop/VigiWheels/raspberryPI3/ros2_ws/install/interfaces/include/interfaces/interfaces/msg/detail/system_check__rosidl_typesupport_introspection_c.h
[1.376s] -- Up-to-date: /home/insa/Desktop/VigiWheels/raspberryPI3/ros2_ws/install/interfaces/include/interfaces/interfaces/msg/detail/steering_calibration__rosidl_typesupport_introspection_c.h
[1.376s] -- Up-to-date: /home/insa/Desktop/VigiWheels/raspberryPI3/ros2_ws/install/interfaces/include/interfaces/interfaces/msg/detail/joystick_order__rosidl_typesupport_introspection_c.h
[1.377s] -- Up-to-date: /home/insa/Desktop/VigiWheels/raspberryPI3/ros2_ws/install/interfaces/include/interfaces/interfaces/msg/detail/motors_feedback__type_support.c
[1.377s] -- Up-to-date: /home/insa/Desktop/VigiWheels/raspberryPI3/ros2_ws/install/interfaces/include/interfaces/interfaces/msg/detail/general_data__type_support.c
[1.377s] -- Up-to-date: /home/insa/Desktop/VigiWheels/raspberryPI3/ros2_ws/install/interfaces/include/interfaces/interfaces/msg/detail/fire_sensor__rosidl_typesupport_introspection_c.h
[1.377s] -- Up-to-date: /home/insa/Desktop/VigiWheels/raspberryPI3/ros2_ws/install/interfaces/include/interfaces/interfaces/msg/detail/system_check__type_support.c
[1.377s] -- Up-to-date: /home/insa/Desktop/VigiWheels/raspberryPI3/ros2_ws/install/interfaces/include/interfaces/interfaces/msg/detail/gnss__type_support.c
[1.377s] -- Up-to-date: /home/insa/Desktop/VigiWheels/raspberryPI3/ros2_ws/install/interfaces/include/interfaces/interfaces/msg/detail/ultrasonic__type_support.c
[1.377s] -- Up-to-date: /home/insa/Desktop/VigiWheels/raspberryPI3/ros2_ws/install/interfaces/include/interfaces/interfaces/msg/detail/ultrasonic__rosidl_typesupport_introspection_c.h
[1.377s] -- Up-to-date: /home/insa/Desktop/VigiWheels/raspberryPI3/ros2_ws/install/interfaces/lib/libinterfaces__rosidl_typesupport_introspection_c.so
[1.377s] -- Up-to-date: /home/insa/Desktop/VigiWheels/raspberryPI3/ros2_ws/install/interfaces/lib/libinterfaces__rosidl_typesupport_c.so
[1.377s] -- Up-to-date: /home/insa/Desktop/VigiWheels/raspberryPI3/ros2_ws/install/interfaces/include/interfaces/interfaces
[1.377s] -- Up-to-date: /home/insa/Desktop/VigiWheels/raspberryPI3/ros2_ws/install/interfaces/include/interfaces/interfaces/msg
[1.377s] -- Up-to-date: /home/insa/Desktop/VigiWheels/raspberryPI3/ros2_ws/install/interfaces/include/interfaces/interfaces/msg/detail
[1.377s] -- Up-to-date: /home/insa/Desktop/VigiWheels/raspberryPI3/ros2_ws/install/interfaces/include/interfaces/interfaces/msg/detail/general_data__rosidl_typesupport_introspection_cpp.hpp
[1.377s] -- Up-to-date: /home/insa/Desktop/VigiWheels/raspberryPI3/ros2_ws/install/interfaces/include/interfaces/interfaces/msg/detail/steering_calibration__type_support.cpp
[1.377s] -- Up-to-date: /home/insa/Desktop/VigiWheels/raspberryPI3/ros2_ws/install/interfaces/include/interfaces/interfaces/msg/detail/fire_sensor__rosidl_typesupport_introspection_cpp.hpp
[1.377s] -- Up-to-date: /home/insa/Desktop/VigiWheels/raspberryPI3/ros2_ws/install/interfaces/include/interfaces/interfaces/msg/detail/joystick_order__type_support.cpp
[1.377s] -- Up-to-date: /home/insa/Desktop/VigiWheels/raspberryPI3/ros2_ws/install/interfaces/include/interfaces/interfaces/msg/detail/general_data__type_support.cpp
[1.377s] -- Up-to-date: /home/insa/Desktop/VigiWheels/raspberryPI3/ros2_ws/install/interfaces/include/interfaces/interfaces/msg/detail/motors_order__rosidl_typesupport_introspection_cpp.hpp
[1.377s] -- Up-to-date: /home/insa/Desktop/VigiWheels/raspberryPI3/ros2_ws/install/interfaces/include/interfaces/interfaces/msg/detail/system_check__type_support.cpp
[1.377s] -- Up-to-date: /home/insa/Desktop/VigiWheels/raspberryPI3/ros2_ws/install/interfaces/include/interfaces/interfaces/msg/detail/fire_sensor__type_support.cpp
[1.377s] -- Up-to-date: /home/insa/Desktop/VigiWheels/raspberryPI3/ros2_ws/install/interfaces/include/interfaces/interfaces/msg/detail/gnss__rosidl_typesupport_introspection_cpp.hpp
[1.377s] -- Up-to-date: /home/insa/Desktop/VigiWheels/raspberryPI3/ros2_ws/install/interfaces/include/interfaces/interfaces/msg/detail/motors_order__type_support.cpp
[1.377s] -- Up-to-date: /home/insa/Desktop/VigiWheels/raspberryPI3/ros2_ws/install/interfaces/include/interfaces/interfaces/msg/detail/system_check__rosidl_typesupport_introspection_cpp.hpp
[1.377s] -- Up-to-date: /home/insa/Desktop/VigiWheels/raspberryPI3/ros2_ws/install/interfaces/include/interfaces/interfaces/msg/detail/motors_feedback__rosidl_typesupport_introspection_cpp.hpp
[1.377s] -- Up-to-date: /home/insa/Desktop/VigiWheels/raspberryPI3/ros2_ws/install/interfaces/include/interfaces/interfaces/msg/detail/steering_calibration__rosidl_typesupport_introspection_cpp.hpp
[1.377s] -- Up-to-date: /home/insa/Desktop/VigiWheels/raspberryPI3/ros2_ws/install/interfaces/include/interfaces/interfaces/msg/detail/motors_feedback__type_support.cpp
[1.377s] -- Up-to-date: /home/insa/Desktop/VigiWheels/raspberryPI3/ros2_ws/install/interfaces/include/interfaces/interfaces/msg/detail/gnss__type_support.cpp
[1.377s] -- Up-to-date: /home/insa/Desktop/VigiWheels/raspberryPI3/ros2_ws/install/interfaces/include/interfaces/interfaces/msg/detail/joystick_order__rosidl_typesupport_introspection_cpp.hpp
[1.378s] -- Up-to-date: /home/insa/Desktop/VigiWheels/raspberryPI3/ros2_ws/install/interfaces/include/interfaces/interfaces/msg/detail/ultrasonic__type_support.cpp
[1.378s] -- Up-to-date: /home/insa/Desktop/VigiWheels/raspberryPI3/ros2_ws/install/interfaces/include/interfaces/interfaces/msg/detail/ultrasonic__rosidl_typesupport_introspection_cpp.hpp
[1.378s] -- Up-to-date: /home/insa/Desktop/VigiWheels/raspberryPI3/ros2_ws/install/interfaces/lib/libinterfaces__rosidl_typesupport_introspection_cpp.so
[1.378s] -- Up-to-date: /home/insa/Desktop/VigiWheels/raspberryPI3/ros2_ws/install/interfaces/lib/libinterfaces__rosidl_typesupport_cpp.so
[1.378s] -- Up-to-date: /home/insa/Desktop/VigiWheels/raspberryPI3/ros2_ws/install/interfaces/share/interfaces/environment/pythonpath.sh
[1.378s] -- Installing: /home/insa/Desktop/VigiWheels/raspberryPI3/ros2_ws/install/interfaces/share/interfaces/environment/pythonpath.dsv
[1.378s] -- Up-to-date: /home/insa/Desktop/VigiWheels/raspberryPI3/ros2_ws/install/interfaces/local/lib/python3.10/dist-packages/interfaces-0.0.0-py3.10.egg-info
[1.378s] -- Installing: /home/insa/Desktop/VigiWheels/raspberryPI3/ros2_ws/install/interfaces/local/lib/python3.10/dist-packages/interfaces-0.0.0-py3.10.egg-info/dependency_links.txt
[1.378s] -- Installing: /home/insa/Desktop/VigiWheels/raspberryPI3/ros2_ws/install/interfaces/local/lib/python3.10/dist-packages/interfaces-0.0.0-py3.10.egg-info/PKG-INFO
[1.378s] -- Installing: /home/insa/Desktop/VigiWheels/raspberryPI3/ros2_ws/install/interfaces/local/lib/python3.10/dist-packages/interfaces-0.0.0-py3.10.egg-info/SOURCES.txt
[1.378s] -- Installing: /home/insa/Desktop/VigiWheels/raspberryPI3/ros2_ws/install/interfaces/local/lib/python3.10/dist-packages/interfaces-0.0.0-py3.10.egg-info/top_level.txt
[1.378s] -- Up-to-date: /home/insa/Desktop/VigiWheels/raspberryPI3/ros2_ws/install/interfaces/local/lib/python3.10/dist-packages/interfaces
[1.378s] -- Up-to-date: /home/insa/Desktop/VigiWheels/raspberryPI3/ros2_ws/install/interfaces/local/lib/python3.10/dist-packages/interfaces/libinterfaces__rosidl_generator_py.so
[1.378s] -- Up-to-date: /home/insa/Desktop/VigiWheels/raspberryPI3/ros2_ws/install/interfaces/local/lib/python3.10/dist-packages/interfaces/interfaces_s__rosidl_typesupport_introspection_c.cpython-310-x86_64-linux-gnu.so
[1.378s] -- Up-to-date: /home/insa/Desktop/VigiWheels/raspberryPI3/ros2_ws/install/interfaces/local/lib/python3.10/dist-packages/interfaces/_interfaces_s.ep.rosidl_typesupport_fastrtps_c.c
[1.378s] -- Up-to-date: /home/insa/Desktop/VigiWheels/raspberryPI3/ros2_ws/install/interfaces/local/lib/python3.10/dist-packages/interfaces/_interfaces_s.ep.rosidl_typesupport_c.c
[1.378s] -- Up-to-date: /home/insa/Desktop/VigiWheels/raspberryPI3/ros2_ws/install/interfaces/local/lib/python3.10/dist-packages/interfaces/interfaces_s__rosidl_typesupport_fastrtps_c.cpython-310-x86_64-linux-gnu.so
[1.378s] -- Installing: /home/insa/Desktop/VigiWheels/raspberryPI3/ros2_ws/install/interfaces/local/lib/python3.10/dist-packages/interfaces/__init__.py
[1.378s] -- Up-to-date: /home/insa/Desktop/VigiWheels/raspberryPI3/ros2_ws/install/interfaces/local/lib/python3.10/dist-packages/interfaces/msg
[1.378s] -- Up-to-date: /home/insa/Desktop/VigiWheels/raspberryPI3/ros2_ws/install/interfaces/local/lib/python3.10/dist-packages/interfaces/msg/_gnss.py
[1.378s] -- Up-to-date: /home/insa/Desktop/VigiWheels/raspberryPI3/ros2_ws/install/interfaces/local/lib/python3.10/dist-packages/interfaces/msg/_general_data.py
[1.379s] -- Up-to-date: /home/insa/Desktop/VigiWheels/raspberryPI3/ros2_ws/install/interfaces/local/lib/python3.10/dist-packages/interfaces/msg/_steering_calibration.py
[1.379s] -- Up-to-date: /home/insa/Desktop/VigiWheels/raspberryPI3/ros2_ws/install/interfaces/local/lib/python3.10/dist-packages/interfaces/msg/_motors_feedback.py
[1.379s] -- Up-to-date: /home/insa/Desktop/VigiWheels/raspberryPI3/ros2_ws/install/interfaces/local/lib/python3.10/dist-packages/interfaces/msg/_ultrasonic.py
[1.379s] -- Up-to-date: /home/insa/Desktop/VigiWheels/raspberryPI3/ros2_ws/install/interfaces/local/lib/python3.10/dist-packages/interfaces/msg/_steering_calibration_s.c
[1.379s] -- Up-to-date: /home/insa/Desktop/VigiWheels/raspberryPI3/ros2_ws/install/interfaces/local/lib/python3.10/dist-packages/interfaces/msg/__init__.py
[1.379s] -- Up-to-date: /home/insa/Desktop/VigiWheels/raspberryPI3/ros2_ws/install/interfaces/local/lib/python3.10/dist-packages/interfaces/msg/_motors_feedback_s.c
[1.379s] -- Up-to-date: /home/insa/Desktop/VigiWheels/raspberryPI3/ros2_ws/install/interfaces/local/lib/python3.10/dist-packages/interfaces/msg/_motors_order_s.c
[1.379s] -- Up-to-date: /home/insa/Desktop/VigiWheels/raspberryPI3/ros2_ws/install/interfaces/local/lib/python3.10/dist-packages/interfaces/msg/_motors_order.py
[1.379s] -- Up-to-date: /home/insa/Desktop/VigiWheels/raspberryPI3/ros2_ws/install/interfaces/local/lib/python3.10/dist-packages/interfaces/msg/_joystick_order_s.c
[1.379s] -- Up-to-date: /home/insa/Desktop/VigiWheels/raspberryPI3/ros2_ws/install/interfaces/local/lib/python3.10/dist-packages/interfaces/msg/_system_check.py
[1.379s] -- Up-to-date: /home/insa/Desktop/VigiWheels/raspberryPI3/ros2_ws/install/interfaces/local/lib/python3.10/dist-packages/interfaces/msg/_fire_sensor_s.c
[1.379s] -- Up-to-date: /home/insa/Desktop/VigiWheels/raspberryPI3/ros2_ws/install/interfaces/local/lib/python3.10/dist-packages/interfaces/msg/_system_check_s.c
[1.379s] -- Up-to-date: /home/insa/Desktop/VigiWheels/raspberryPI3/ros2_ws/install/interfaces/local/lib/python3.10/dist-packages/interfaces/msg/_gnss_s.c
[1.379s] -- Up-to-date: /home/insa/Desktop/VigiWheels/raspberryPI3/ros2_ws/install/interfaces/local/lib/python3.10/dist-packages/interfaces/msg/_general_data_s.c
[1.379s] -- Up-to-date: /home/insa/Desktop/VigiWheels/raspberryPI3/ros2_ws/install/interfaces/local/lib/python3.10/dist-packages/interfaces/msg/_fire_sensor.py
[1.379s] -- Up-to-date: /home/insa/Desktop/VigiWheels/raspberryPI3/ros2_ws/install/interfaces/local/lib/python3.10/dist-packages/interfaces/msg/_ultrasonic_s.c
[1.379s] -- Up-to-date: /home/insa/Desktop/VigiWheels/raspberryPI3/ros2_ws/install/interfaces/local/lib/python3.10/dist-packages/interfaces/msg/_joystick_order.py
[1.379s] -- Up-to-date: /home/insa/Desktop/VigiWheels/raspberryPI3/ros2_ws/install/interfaces/local/lib/python3.10/dist-packages/interfaces/_interfaces_s.ep.rosidl_typesupport_introspection_c.c
[1.379s] -- Up-to-date: /home/insa/Desktop/VigiWheels/raspberryPI3/ros2_ws/install/interfaces/local/lib/python3.10/dist-packages/interfaces/interfaces_s__rosidl_typesupport_c.cpython-310-x86_64-linux-gnu.so
[1.397s] Listing '/home/insa/Desktop/VigiWheels/raspberryPI3/ros2_ws/install/interfaces/local/lib/python3.10/dist-packages/interfaces'...
[1.397s] Compiling '/home/insa/Desktop/VigiWheels/raspberryPI3/ros2_ws/install/interfaces/local/lib/python3.10/dist-packages/interfaces/__init__.py'...
[1.397s] Listing '/home/insa/Desktop/VigiWheels/raspberryPI3/ros2_ws/install/interfaces/local/lib/python3.10/dist-packages/interfaces/msg'...
[1.400s] -- Up-to-date: /home/insa/Desktop/VigiWheels/raspberryPI3/ros2_ws/install/interfaces/local/lib/python3.10/dist-packages/interfaces/interfaces_s__rosidl_typesupport_fastrtps_c.cpython-310-x86_64-linux-gnu.so
[1.400s] -- Up-to-date: /home/insa/Desktop/VigiWheels/raspberryPI3/ros2_ws/install/interfaces/local/lib/python3.10/dist-packages/interfaces/interfaces_s__rosidl_typesupport_introspection_c.cpython-310-x86_64-linux-gnu.so
[1.400s] -- Up-to-date: /home/insa/Desktop/VigiWheels/raspberryPI3/ros2_ws/install/interfaces/local/lib/python3.10/dist-packages/interfaces/interfaces_s__rosidl_typesupport_c.cpython-310-x86_64-linux-gnu.so
[1.400s] -- Up-to-date: /home/insa/Desktop/VigiWheels/raspberryPI3/ros2_ws/install/interfaces/lib/libinterfaces__rosidl_generator_py.so
[1.401s] -- Up-to-date: /home/insa/Desktop/VigiWheels/raspberryPI3/ros2_ws/install/interfaces/share/interfaces/msg/JoystickOrder.idl
[1.401s] -- Up-to-date: /home/insa/Desktop/VigiWheels/raspberryPI3/ros2_ws/install/interfaces/share/interfaces/msg/MotorsOrder.idl
[1.401s] -- Up-to-date: /home/insa/Desktop/VigiWheels/raspberryPI3/ros2_ws/install/interfaces/share/interfaces/msg/MotorsFeedback.idl
[1.401s] -- Up-to-date: /home/insa/Desktop/VigiWheels/raspberryPI3/ros2_ws/install/interfaces/share/interfaces/msg/GeneralData.idl
[1.401s] -- Up-to-date: /home/insa/Desktop/VigiWheels/raspberryPI3/ros2_ws/install/interfaces/share/interfaces/msg/SteeringCalibration.idl
[1.401s] -- Up-to-date: /home/insa/Desktop/VigiWheels/raspberryPI3/ros2_ws/install/interfaces/share/interfaces/msg/Ultrasonic.idl
[1.401s] -- Up-to-date: /home/insa/Desktop/VigiWheels/raspberryPI3/ros2_ws/install/interfaces/share/interfaces/msg/Gnss.idl
[1.401s] -- Up-to-date: /home/insa/Desktop/VigiWheels/raspberryPI3/ros2_ws/install/interfaces/share/interfaces/msg/SystemCheck.idl
[1.401s] -- Up-to-date: /home/insa/Desktop/VigiWheels/raspberryPI3/ros2_ws/install/interfaces/share/interfaces/msg/FireSensor.idl
[1.401s] -- Up-to-date: /home/insa/Desktop/VigiWheels/raspberryPI3/ros2_ws/install/interfaces/share/interfaces/msg/JoystickOrder.msg
[1.402s] -- Up-to-date: /home/insa/Desktop/VigiWheels/raspberryPI3/ros2_ws/install/interfaces/share/interfaces/msg/MotorsOrder.msg
[1.402s] -- Up-to-date: /home/insa/Desktop/VigiWheels/raspberryPI3/ros2_ws/install/interfaces/share/interfaces/msg/MotorsFeedback.msg
[1.402s] -- Up-to-date: /home/insa/Desktop/VigiWheels/raspberryPI3/ros2_ws/install/interfaces/share/interfaces/msg/GeneralData.msg
[1.402s] -- Up-to-date: /home/insa/Desktop/VigiWheels/raspberryPI3/ros2_ws/install/interfaces/share/interfaces/msg/SteeringCalibration.msg
[1.402s] -- Up-to-date: /home/insa/Desktop/VigiWheels/raspberryPI3/ros2_ws/install/interfaces/share/interfaces/msg/Ultrasonic.msg
[1.402s] -- Up-to-date: /home/insa/Desktop/VigiWheels/raspberryPI3/ros2_ws/install/interfaces/share/interfaces/msg/Gnss.msg
[1.402s] -- Up-to-date: /home/insa/Desktop/VigiWheels/raspberryPI3/ros2_ws/install/interfaces/share/interfaces/msg/SystemCheck.msg
[1.402s] -- Installing: /home/insa/Desktop/VigiWheels/raspberryPI3/ros2_ws/install/interfaces/share/interfaces/msg/FireSensor.msg
[1.402s] -- Up-to-date: /home/insa/Desktop/VigiWheels/raspberryPI3/ros2_ws/install/interfaces/share/ament_index/resource_index/package_run_dependencies/interfaces
[1.402s] -- Installing: /home/insa/Desktop/VigiWheels/raspberryPI3/ros2_ws/install/interfaces/share/ament_index/resource_index/parent_prefix_path/interfaces
[1.402s] -- Up-to-date: /home/insa/Desktop/VigiWheels/raspberryPI3/ros2_ws/install/interfaces/share/interfaces/environment/ament_prefix_path.sh
[1.402s] -- Installing: /home/insa/Desktop/VigiWheels/raspberryPI3/ros2_ws/install/interfaces/share/interfaces/environment/ament_prefix_path.dsv
[1.402s] -- Up-to-date: /home/insa/Desktop/VigiWheels/raspberryPI3/ros2_ws/install/interfaces/share/interfaces/environment/path.sh
[1.402s] -- Installing: /home/insa/Desktop/VigiWheels/raspberryPI3/ros2_ws/install/interfaces/share/interfaces/environment/path.dsv
[1.402s] -- Up-to-date: /home/insa/Desktop/VigiWheels/raspberryPI3/ros2_ws/install/interfaces/share/interfaces/local_setup.bash
[1.403s] -- Up-to-date: /home/insa/Desktop/VigiWheels/raspberryPI3/ros2_ws/install/interfaces/share/interfaces/local_setup.sh
[1.403s] -- Up-to-date: /home/insa/Desktop/VigiWheels/raspberryPI3/ros2_ws/install/interfaces/share/interfaces/local_setup.zsh
[1.403s] -- Installing: /home/insa/Desktop/VigiWheels/raspberryPI3/ros2_ws/install/interfaces/share/interfaces/local_setup.dsv
[1.403s] -- Installing: /home/insa/Desktop/VigiWheels/raspberryPI3/ros2_ws/install/interfaces/share/interfaces/package.dsv
[1.403s] -- Up-to-date: /home/insa/Desktop/VigiWheels/raspberryPI3/ros2_ws/install/interfaces/share/ament_index/resource_index/packages/interfaces
[1.403s] -- Up-to-date: /home/insa/Desktop/VigiWheels/raspberryPI3/ros2_ws/install/interfaces/share/interfaces/cmake/export_interfaces__rosidl_generator_cExport.cmake
[1.403s] -- Up-to-date: /home/insa/Desktop/VigiWheels/raspberryPI3/ros2_ws/install/interfaces/share/interfaces/cmake/export_interfaces__rosidl_generator_cExport-noconfig.cmake
[1.403s] -- Up-to-date: /home/insa/Desktop/VigiWheels/raspberryPI3/ros2_ws/install/interfaces/share/interfaces/cmake/export_interfaces__rosidl_typesupport_fastrtps_cExport.cmake
[1.403s] -- Up-to-date: /home/insa/Desktop/VigiWheels/raspberryPI3/ros2_ws/install/interfaces/share/interfaces/cmake/export_interfaces__rosidl_typesupport_fastrtps_cExport-noconfig.cmake
[1.403s] -- Up-to-date: /home/insa/Desktop/VigiWheels/raspberryPI3/ros2_ws/install/interfaces/share/interfaces/cmake/export_interfaces__rosidl_generator_cppExport.cmake
[1.403s] -- Up-to-date: /home/insa/Desktop/VigiWheels/raspberryPI3/ros2_ws/install/interfaces/share/interfaces/cmake/export_interfaces__rosidl_typesupport_fastrtps_cppExport.cmake
[1.403s] -- Up-to-date: /home/insa/Desktop/VigiWheels/raspberryPI3/ros2_ws/install/interfaces/share/interfaces/cmake/export_interfaces__rosidl_typesupport_fastrtps_cppExport-noconfig.cmake
[1.403s] -- Up-to-date: /home/insa/Desktop/VigiWheels/raspberryPI3/ros2_ws/install/interfaces/share/interfaces/cmake/interfaces__rosidl_typesupport_introspection_cExport.cmake
[1.404s] -- Up-to-date: /home/insa/Desktop/VigiWheels/raspberryPI3/ros2_ws/install/interfaces/share/interfaces/cmake/interfaces__rosidl_typesupport_introspection_cExport-noconfig.cmake
[1.404s] -- Up-to-date: /home/insa/Desktop/VigiWheels/raspberryPI3/ros2_ws/install/interfaces/share/interfaces/cmake/interfaces__rosidl_typesupport_cExport.cmake
[1.404s] -- Up-to-date: /home/insa/Desktop/VigiWheels/raspberryPI3/ros2_ws/install/interfaces/share/interfaces/cmake/interfaces__rosidl_typesupport_cExport-noconfig.cmake
[1.404s] -- Up-to-date: /home/insa/Desktop/VigiWheels/raspberryPI3/ros2_ws/install/interfaces/share/interfaces/cmake/interfaces__rosidl_typesupport_introspection_cppExport.cmake
[1.404s] -- Up-to-date: /home/insa/Desktop/VigiWheels/raspberryPI3/ros2_ws/install/interfaces/share/interfaces/cmake/interfaces__rosidl_typesupport_introspection_cppExport-noconfig.cmake
[1.404s] -- Up-to-date: /home/insa/Desktop/VigiWheels/raspberryPI3/ros2_ws/install/interfaces/share/interfaces/cmake/interfaces__rosidl_typesupport_cppExport.cmake
[1.404s] -- Up-to-date: /home/insa/Desktop/VigiWheels/raspberryPI3/ros2_ws/install/interfaces/share/interfaces/cmake/interfaces__rosidl_typesupport_cppExport-noconfig.cmake
[1.404s] -- Up-to-date: /home/insa/Desktop/VigiWheels/raspberryPI3/ros2_ws/install/interfaces/share/interfaces/cmake/export_interfaces__rosidl_generator_pyExport.cmake
[1.404s] -- Up-to-date: /home/insa/Desktop/VigiWheels/raspberryPI3/ros2_ws/install/interfaces/share/interfaces/cmake/export_interfaces__rosidl_generator_pyExport-noconfig.cmake
[1.404s] -- Up-to-date: /home/insa/Desktop/VigiWheels/raspberryPI3/ros2_ws/install/interfaces/share/interfaces/cmake/rosidl_cmake-extras.cmake
[1.404s] -- Up-to-date: /home/insa/Desktop/VigiWheels/raspberryPI3/ros2_ws/install/interfaces/share/interfaces/cmake/ament_cmake_export_include_directories-extras.cmake
[1.404s] -- Up-to-date: /home/insa/Desktop/VigiWheels/raspberryPI3/ros2_ws/install/interfaces/share/interfaces/cmake/ament_cmake_export_libraries-extras.cmake
[1.404s] -- Up-to-date: /home/insa/Desktop/VigiWheels/raspberryPI3/ros2_ws/install/interfaces/share/interfaces/cmake/ament_cmake_export_targets-extras.cmake
[1.405s] -- Up-to-date: /home/insa/Desktop/VigiWheels/raspberryPI3/ros2_ws/install/interfaces/share/interfaces/cmake/rosidl_cmake_export_typesupport_targets-extras.cmake
[1.405s] -- Up-to-date: /home/insa/Desktop/VigiWheels/raspberryPI3/ros2_ws/install/interfaces/share/interfaces/cmake/ament_cmake_export_dependencies-extras.cmake
[1.405s] -- Up-to-date: /home/insa/Desktop/VigiWheels/raspberryPI3/ros2_ws/install/interfaces/share/interfaces/cmake/rosidl_cmake_export_typesupport_libraries-extras.cmake
[1.405s] -- Up-to-date: /home/insa/Desktop/VigiWheels/raspberryPI3/ros2_ws/install/interfaces/share/interfaces/cmake/interfacesConfig.cmake
[1.405s] -- Up-to-date: /home/insa/Desktop/VigiWheels/raspberryPI3/ros2_ws/install/interfaces/share/interfaces/cmake/interfacesConfig-version.cmake
[1.405s] -- Up-to-date: /home/insa/Desktop/VigiWheels/raspberryPI3/ros2_ws/install/interfaces/share/interfaces/package.xml
[1.406s] Invoked command in '/home/insa/Desktop/VigiWheels/raspberryPI3/ros2_ws/build/interfaces' returned '0': CMAKE_PREFIX_PATH=${CMAKE_PREFIX_PATH}:/opt/ros/humble /usr/bin/cmake --install /home/insa/Desktop/VigiWheels/raspberryPI3/ros2_ws/build/interfaces
