[0.516s] DEBUG:colcon:Command line arguments: ['/usr/bin/colcon', 'build']
[0.516s] DEBUG:colcon:Parsed command line arguments: Namespace(log_base=None, log_level=None, verb_name='build', build_base='build', install_base='install', merge_install=False, symlink_install=False, test_result_base=None, continue_on_error=False, executor='parallel', parallel_workers=12, event_handlers=None, ignore_user_meta=False, metas=['./colcon.meta'], base_paths=['.'], packages_ignore=None, packages_ignore_regex=None, paths=None, packages_up_to=None, packages_up_to_regex=None, packages_above=None, packages_above_and_dependencies=None, packages_above_depth=None, packages_select_by_dep=None, packages_skip_by_dep=None, packages_skip_up_to=None, packages_select_build_failed=False, packages_skip_build_finished=False, packages_select_test_failures=False, packages_skip_test_passed=False, packages_select=None, packages_skip=None, packages_select_regex=None, packages_skip_regex=None, packages_start=None, packages_end=None, allow_overriding=[], cmake_args=None, cmake_target=None, cmake_target_skip_unavailable=False, cmake_clean_cache=False, cmake_clean_first=False, cmake_force_configure=False, ament_cmake_args=None, catkin_cmake_args=None, catkin_skip_building_tests=False, verb_parser=<colcon_defaults.argument_parser.defaults.DefaultArgumentsDecorator object at 0x7f5a2e3fdd50>, verb_extension=<colcon_core.verb.build.BuildVerb object at 0x7f5a2e63d300>, main=<bound method BuildVerb.main of <colcon_core.verb.build.BuildVerb object at 0x7f5a2e63d300>>)
[0.540s] Level 1:colcon.colcon_core.package_discovery:discover_packages(colcon_meta) check parameters
[0.541s] Level 1:colcon.colcon_core.package_discovery:discover_packages(recursive) check parameters
[0.541s] Level 1:colcon.colcon_core.package_discovery:discover_packages(ignore) check parameters
[0.541s] Level 1:colcon.colcon_core.package_discovery:discover_packages(path) check parameters
[0.541s] Level 1:colcon.colcon_core.package_discovery:discover_packages(colcon_meta) discover
[0.541s] Level 1:colcon.colcon_core.package_discovery:discover_packages(recursive) discover
[0.541s] INFO:colcon.colcon_core.package_discovery:Crawling recursively for packages in '/home/moad/VigiWheels/jetsonNano/ros2_ws'
[0.541s] Level 1:colcon.colcon_core.package_identification:_identify(.) by extensions ['ignore', 'ignore_ament_install']
[0.541s] Level 1:colcon.colcon_core.package_identification:_identify(.) by extension 'ignore'
[0.541s] Level 1:colcon.colcon_core.package_identification:_identify(.) by extension 'ignore_ament_install'
[0.541s] Level 1:colcon.colcon_core.package_identification:_identify(.) by extensions ['colcon_pkg']
[0.541s] Level 1:colcon.colcon_core.package_identification:_identify(.) by extension 'colcon_pkg'
[0.541s] Level 1:colcon.colcon_core.package_identification:_identify(.) by extensions ['colcon_meta']
[0.541s] Level 1:colcon.colcon_core.package_identification:_identify(.) by extension 'colcon_meta'
[0.541s] Level 1:colcon.colcon_core.package_identification:_identify(.) by extensions ['ros']
[0.541s] Level 1:colcon.colcon_core.package_identification:_identify(.) by extension 'ros'
[0.548s] Level 1:colcon.colcon_core.package_identification:_identify(.) by extensions ['cmake', 'python']
[0.548s] Level 1:colcon.colcon_core.package_identification:_identify(.) by extension 'cmake'
[0.548s] Level 1:colcon.colcon_core.package_identification:_identify(.) by extension 'python'
[0.548s] Level 1:colcon.colcon_core.package_identification:_identify(.) by extensions ['python_setup_py']
[0.548s] Level 1:colcon.colcon_core.package_identification:_identify(.) by extension 'python_setup_py'
[0.548s] Level 1:colcon.colcon_core.package_identification:_identify(build) by extensions ['ignore', 'ignore_ament_install']
[0.548s] Level 1:colcon.colcon_core.package_identification:_identify(build) by extension 'ignore'
[0.548s] Level 1:colcon.colcon_core.package_identification:_identify(build) ignored
[0.549s] Level 1:colcon.colcon_core.package_identification:_identify(install) by extensions ['ignore', 'ignore_ament_install']
[0.549s] Level 1:colcon.colcon_core.package_identification:_identify(install) by extension 'ignore'
[0.549s] Level 1:colcon.colcon_core.package_identification:_identify(install) ignored
[0.549s] Level 1:colcon.colcon_core.package_identification:_identify(log) by extensions ['ignore', 'ignore_ament_install']
[0.549s] Level 1:colcon.colcon_core.package_identification:_identify(log) by extension 'ignore'
[0.549s] Level 1:colcon.colcon_core.package_identification:_identify(log) ignored
[0.549s] Level 1:colcon.colcon_core.package_identification:_identify(src) by extensions ['ignore', 'ignore_ament_install']
[0.549s] Level 1:colcon.colcon_core.package_identification:_identify(src) by extension 'ignore'
[0.549s] Level 1:colcon.colcon_core.package_identification:_identify(src) by extension 'ignore_ament_install'
[0.549s] Level 1:colcon.colcon_core.package_identification:_identify(src) by extensions ['colcon_pkg']
[0.549s] Level 1:colcon.colcon_core.package_identification:_identify(src) by extension 'colcon_pkg'
[0.549s] Level 1:colcon.colcon_core.package_identification:_identify(src) by extensions ['colcon_meta']
[0.549s] Level 1:colcon.colcon_core.package_identification:_identify(src) by extension 'colcon_meta'
[0.549s] Level 1:colcon.colcon_core.package_identification:_identify(src) by extensions ['ros']
[0.549s] Level 1:colcon.colcon_core.package_identification:_identify(src) by extension 'ros'
[0.549s] Level 1:colcon.colcon_core.package_identification:_identify(src) by extensions ['cmake', 'python']
[0.549s] Level 1:colcon.colcon_core.package_identification:_identify(src) by extension 'cmake'
[0.549s] Level 1:colcon.colcon_core.package_identification:_identify(src) by extension 'python'
[0.549s] Level 1:colcon.colcon_core.package_identification:_identify(src) by extensions ['python_setup_py']
[0.549s] Level 1:colcon.colcon_core.package_identification:_identify(src) by extension 'python_setup_py'
[0.549s] Level 1:colcon.colcon_core.package_identification:_identify(src/build) by extensions ['ignore', 'ignore_ament_install']
[0.549s] Level 1:colcon.colcon_core.package_identification:_identify(src/build) by extension 'ignore'
[0.549s] Level 1:colcon.colcon_core.package_identification:_identify(src/build) ignored
[0.549s] Level 1:colcon.colcon_core.package_identification:_identify(src/geicar_start_jetson) by extensions ['ignore', 'ignore_ament_install']
[0.549s] Level 1:colcon.colcon_core.package_identification:_identify(src/geicar_start_jetson) by extension 'ignore'
[0.549s] Level 1:colcon.colcon_core.package_identification:_identify(src/geicar_start_jetson) by extension 'ignore_ament_install'
[0.549s] Level 1:colcon.colcon_core.package_identification:_identify(src/geicar_start_jetson) by extensions ['colcon_pkg']
[0.549s] Level 1:colcon.colcon_core.package_identification:_identify(src/geicar_start_jetson) by extension 'colcon_pkg'
[0.549s] Level 1:colcon.colcon_core.package_identification:_identify(src/geicar_start_jetson) by extensions ['colcon_meta']
[0.549s] Level 1:colcon.colcon_core.package_identification:_identify(src/geicar_start_jetson) by extension 'colcon_meta'
[0.549s] Level 1:colcon.colcon_core.package_identification:_identify(src/geicar_start_jetson) by extensions ['ros']
[0.549s] Level 1:colcon.colcon_core.package_identification:_identify(src/geicar_start_jetson) by extension 'ros'
[0.551s] DEBUG:colcon.colcon_core.package_identification:Package 'src/geicar_start_jetson' with type 'ros.ament_cmake' and name 'geicar_start_jetson'
[0.551s] Level 1:colcon.colcon_core.package_identification:_identify(src/install) by extensions ['ignore', 'ignore_ament_install']
[0.551s] Level 1:colcon.colcon_core.package_identification:_identify(src/install) by extension 'ignore'
[0.551s] Level 1:colcon.colcon_core.package_identification:_identify(src/install) ignored
[0.551s] Level 1:colcon.colcon_core.package_identification:_identify(src/interfaces) by extensions ['ignore', 'ignore_ament_install']
[0.551s] Level 1:colcon.colcon_core.package_identification:_identify(src/interfaces) by extension 'ignore'
[0.551s] Level 1:colcon.colcon_core.package_identification:_identify(src/interfaces) by extension 'ignore_ament_install'
[0.551s] Level 1:colcon.colcon_core.package_identification:_identify(src/interfaces) by extensions ['colcon_pkg']
[0.551s] Level 1:colcon.colcon_core.package_identification:_identify(src/interfaces) by extension 'colcon_pkg'
[0.551s] Level 1:colcon.colcon_core.package_identification:_identify(src/interfaces) by extensions ['colcon_meta']
[0.551s] Level 1:colcon.colcon_core.package_identification:_identify(src/interfaces) by extension 'colcon_meta'
[0.551s] Level 1:colcon.colcon_core.package_identification:_identify(src/interfaces) by extensions ['ros']
[0.551s] Level 1:colcon.colcon_core.package_identification:_identify(src/interfaces) by extension 'ros'
[0.552s] DEBUG:colcon.colcon_core.package_identification:Package 'src/interfaces' with type 'ros.ament_cmake' and name 'interfaces'
[0.552s] Level 1:colcon.colcon_core.package_identification:_identify(src/log) by extensions ['ignore', 'ignore_ament_install']
[0.552s] Level 1:colcon.colcon_core.package_identification:_identify(src/log) by extension 'ignore'
[0.552s] Level 1:colcon.colcon_core.package_identification:_identify(src/log) ignored
[0.552s] Level 1:colcon.colcon_core.package_identification:_identify(src/manometer_detection) by extensions ['ignore', 'ignore_ament_install']
[0.552s] Level 1:colcon.colcon_core.package_identification:_identify(src/manometer_detection) by extension 'ignore'
[0.552s] Level 1:colcon.colcon_core.package_identification:_identify(src/manometer_detection) by extension 'ignore_ament_install'
[0.552s] Level 1:colcon.colcon_core.package_identification:_identify(src/manometer_detection) by extensions ['colcon_pkg']
[0.552s] Level 1:colcon.colcon_core.package_identification:_identify(src/manometer_detection) by extension 'colcon_pkg'
[0.552s] Level 1:colcon.colcon_core.package_identification:_identify(src/manometer_detection) by extensions ['colcon_meta']
[0.552s] Level 1:colcon.colcon_core.package_identification:_identify(src/manometer_detection) by extension 'colcon_meta'
[0.552s] Level 1:colcon.colcon_core.package_identification:_identify(src/manometer_detection) by extensions ['ros']
[0.552s] Level 1:colcon.colcon_core.package_identification:_identify(src/manometer_detection) by extension 'ros'
[0.553s] DEBUG:colcon.colcon_core.package_identification:Package 'src/manometer_detection' with type 'ros.ament_python' and name 'manometer_detection'
[0.553s] Level 1:colcon.colcon_core.package_identification:_identify(src/rplidar_ros2) by extensions ['ignore', 'ignore_ament_install']
[0.553s] Level 1:colcon.colcon_core.package_identification:_identify(src/rplidar_ros2) by extension 'ignore'
[0.553s] Level 1:colcon.colcon_core.package_identification:_identify(src/rplidar_ros2) by extension 'ignore_ament_install'
[0.553s] Level 1:colcon.colcon_core.package_identification:_identify(src/rplidar_ros2) by extensions ['colcon_pkg']
[0.553s] Level 1:colcon.colcon_core.package_identification:_identify(src/rplidar_ros2) by extension 'colcon_pkg'
[0.553s] Level 1:colcon.colcon_core.package_identification:_identify(src/rplidar_ros2) by extensions ['colcon_meta']
[0.553s] Level 1:colcon.colcon_core.package_identification:_identify(src/rplidar_ros2) by extension 'colcon_meta'
[0.553s] Level 1:colcon.colcon_core.package_identification:_identify(src/rplidar_ros2) by extensions ['ros']
[0.553s] Level 1:colcon.colcon_core.package_identification:_identify(src/rplidar_ros2) by extension 'ros'
[0.553s] DEBUG:colcon.colcon_core.package_identification:Package 'src/rplidar_ros2' with type 'ros.ament_cmake' and name 'rplidar_ros'
[0.553s] Level 1:colcon.colcon_core.package_identification:_identify(src/system_check_ack) by extensions ['ignore', 'ignore_ament_install']
[0.553s] Level 1:colcon.colcon_core.package_identification:_identify(src/system_check_ack) by extension 'ignore'
[0.553s] Level 1:colcon.colcon_core.package_identification:_identify(src/system_check_ack) by extension 'ignore_ament_install'
[0.553s] Level 1:colcon.colcon_core.package_identification:_identify(src/system_check_ack) by extensions ['colcon_pkg']
[0.553s] Level 1:colcon.colcon_core.package_identification:_identify(src/system_check_ack) by extension 'colcon_pkg'
[0.553s] Level 1:colcon.colcon_core.package_identification:_identify(src/system_check_ack) by extensions ['colcon_meta']
[0.553s] Level 1:colcon.colcon_core.package_identification:_identify(src/system_check_ack) by extension 'colcon_meta'
[0.553s] Level 1:colcon.colcon_core.package_identification:_identify(src/system_check_ack) by extensions ['ros']
[0.553s] Level 1:colcon.colcon_core.package_identification:_identify(src/system_check_ack) by extension 'ros'
[0.554s] DEBUG:colcon.colcon_core.package_identification:Package 'src/system_check_ack' with type 'ros.ament_cmake' and name 'system_check_ack'
[0.554s] Level 1:colcon.colcon_core.package_identification:_identify(src/usb_cam) by extensions ['ignore', 'ignore_ament_install']
[0.554s] Level 1:colcon.colcon_core.package_identification:_identify(src/usb_cam) by extension 'ignore'
[0.554s] Level 1:colcon.colcon_core.package_identification:_identify(src/usb_cam) by extension 'ignore_ament_install'
[0.554s] Level 1:colcon.colcon_core.package_identification:_identify(src/usb_cam) by extensions ['colcon_pkg']
[0.554s] Level 1:colcon.colcon_core.package_identification:_identify(src/usb_cam) by extension 'colcon_pkg'
[0.554s] Level 1:colcon.colcon_core.package_identification:_identify(src/usb_cam) by extensions ['colcon_meta']
[0.554s] Level 1:colcon.colcon_core.package_identification:_identify(src/usb_cam) by extension 'colcon_meta'
[0.554s] Level 1:colcon.colcon_core.package_identification:_identify(src/usb_cam) by extensions ['ros']
[0.554s] Level 1:colcon.colcon_core.package_identification:_identify(src/usb_cam) by extension 'ros'
[0.555s] DEBUG:colcon.colcon_core.package_identification:Package 'src/usb_cam' with type 'ros.ament_cmake' and name 'usb_cam'
[0.555s] Level 1:colcon.colcon_core.package_discovery:discover_packages(recursive) using defaults
[0.555s] Level 1:colcon.colcon_core.package_discovery:discover_packages(ignore) discover
[0.555s] Level 1:colcon.colcon_core.package_discovery:discover_packages(ignore) using defaults
[0.555s] Level 1:colcon.colcon_core.package_discovery:discover_packages(path) discover
[0.555s] Level 1:colcon.colcon_core.package_discovery:discover_packages(path) using defaults
[0.603s] Level 1:colcon.colcon_core.package_discovery:discover_packages(prefix_path) check parameters
[0.603s] Level 1:colcon.colcon_core.package_discovery:discover_packages(prefix_path) discover
[0.618s] DEBUG:colcon.colcon_installed_package_information.package_discovery:Found 2 installed packages in /home/moad/ros2_ws/install
[0.625s] DEBUG:colcon.colcon_installed_package_information.package_discovery:Found 277 installed packages in /opt/ros/humble
[0.626s] Level 1:colcon.colcon_core.package_discovery:discover_packages(prefix_path) using defaults
[0.674s] Level 5:colcon.colcon_core.verb:set package 'interfaces' build argument 'cmake_args' from command line to 'None'
[0.674s] Level 5:colcon.colcon_core.verb:set package 'interfaces' build argument 'cmake_target' from command line to 'None'
[0.674s] Level 5:colcon.colcon_core.verb:set package 'interfaces' build argument 'cmake_target_skip_unavailable' from command line to 'False'
[0.674s] Level 5:colcon.colcon_core.verb:set package 'interfaces' build argument 'cmake_clean_cache' from command line to 'False'
[0.674s] Level 5:colcon.colcon_core.verb:set package 'interfaces' build argument 'cmake_clean_first' from command line to 'False'
[0.674s] Level 5:colcon.colcon_core.verb:set package 'interfaces' build argument 'cmake_force_configure' from command line to 'False'
[0.674s] Level 5:colcon.colcon_core.verb:set package 'interfaces' build argument 'ament_cmake_args' from command line to 'None'
[0.674s] Level 5:colcon.colcon_core.verb:set package 'interfaces' build argument 'catkin_cmake_args' from command line to 'None'
[0.674s] Level 5:colcon.colcon_core.verb:set package 'interfaces' build argument 'catkin_skip_building_tests' from command line to 'False'
[0.674s] DEBUG:colcon.colcon_core.verb:Building package 'interfaces' with the following arguments: {'ament_cmake_args': None, 'build_base': '/home/moad/VigiWheels/jetsonNano/ros2_ws/build/interfaces', 'catkin_cmake_args': None, 'catkin_skip_building_tests': False, 'cmake_args': None, 'cmake_clean_cache': False, 'cmake_clean_first': False, 'cmake_force_configure': False, 'cmake_target': None, 'cmake_target_skip_unavailable': False, 'install_base': '/home/moad/VigiWheels/jetsonNano/ros2_ws/install/interfaces', 'merge_install': False, 'path': '/home/moad/VigiWheels/jetsonNano/ros2_ws/src/interfaces', 'symlink_install': False, 'test_result_base': None}
[0.681s] Level 5:colcon.colcon_core.verb:set package 'manometer_detection' build argument 'cmake_args' from command line to 'None'
[0.682s] Level 5:colcon.colcon_core.verb:set package 'manometer_detection' build argument 'cmake_target' from command line to 'None'
[0.682s] Level 5:colcon.colcon_core.verb:set package 'manometer_detection' build argument 'cmake_target_skip_unavailable' from command line to 'False'
[0.682s] Level 5:colcon.colcon_core.verb:set package 'manometer_detection' build argument 'cmake_clean_cache' from command line to 'False'
[0.682s] Level 5:colcon.colcon_core.verb:set package 'manometer_detection' build argument 'cmake_clean_first' from command line to 'False'
[0.682s] Level 5:colcon.colcon_core.verb:set package 'manometer_detection' build argument 'cmake_force_configure' from command line to 'False'
[0.682s] Level 5:colcon.colcon_core.verb:set package 'manometer_detection' build argument 'ament_cmake_args' from command line to 'None'
[0.682s] Level 5:colcon.colcon_core.verb:set package 'manometer_detection' build argument 'catkin_cmake_args' from command line to 'None'
[0.682s] Level 5:colcon.colcon_core.verb:set package 'manometer_detection' build argument 'catkin_skip_building_tests' from command line to 'False'
[0.682s] DEBUG:colcon.colcon_core.verb:Building package 'manometer_detection' with the following arguments: {'ament_cmake_args': None, 'build_base': '/home/moad/VigiWheels/jetsonNano/ros2_ws/build/manometer_detection', 'catkin_cmake_args': None, 'catkin_skip_building_tests': False, 'cmake_args': None, 'cmake_clean_cache': False, 'cmake_clean_first': False, 'cmake_force_configure': False, 'cmake_target': None, 'cmake_target_skip_unavailable': False, 'install_base': '/home/moad/VigiWheels/jetsonNano/ros2_ws/install/manometer_detection', 'merge_install': False, 'path': '/home/moad/VigiWheels/jetsonNano/ros2_ws/src/manometer_detection', 'symlink_install': False, 'test_result_base': None}
[0.689s] Level 5:colcon.colcon_core.verb:set package 'rplidar_ros' build argument 'cmake_args' from command line to 'None'
[0.689s] Level 5:colcon.colcon_core.verb:set package 'rplidar_ros' build argument 'cmake_target' from command line to 'None'
[0.689s] Level 5:colcon.colcon_core.verb:set package 'rplidar_ros' build argument 'cmake_target_skip_unavailable' from command line to 'False'
[0.689s] Level 5:colcon.colcon_core.verb:set package 'rplidar_ros' build argument 'cmake_clean_cache' from command line to 'False'
[0.689s] Level 5:colcon.colcon_core.verb:set package 'rplidar_ros' build argument 'cmake_clean_first' from command line to 'False'
[0.689s] Level 5:colcon.colcon_core.verb:set package 'rplidar_ros' build argument 'cmake_force_configure' from command line to 'False'
[0.689s] Level 5:colcon.colcon_core.verb:set package 'rplidar_ros' build argument 'ament_cmake_args' from command line to 'None'
[0.689s] Level 5:colcon.colcon_core.verb:set package 'rplidar_ros' build argument 'catkin_cmake_args' from command line to 'None'
[0.689s] Level 5:colcon.colcon_core.verb:set package 'rplidar_ros' build argument 'catkin_skip_building_tests' from command line to 'False'
[0.689s] DEBUG:colcon.colcon_core.verb:Building package 'rplidar_ros' with the following arguments: {'ament_cmake_args': None, 'build_base': '/home/moad/VigiWheels/jetsonNano/ros2_ws/build/rplidar_ros', 'catkin_cmake_args': None, 'catkin_skip_building_tests': False, 'cmake_args': None, 'cmake_clean_cache': False, 'cmake_clean_first': False, 'cmake_force_configure': False, 'cmake_target': None, 'cmake_target_skip_unavailable': False, 'install_base': '/home/moad/VigiWheels/jetsonNano/ros2_ws/install/rplidar_ros', 'merge_install': False, 'path': '/home/moad/VigiWheels/jetsonNano/ros2_ws/src/rplidar_ros2', 'symlink_install': False, 'test_result_base': None}
[0.696s] Level 5:colcon.colcon_core.verb:set package 'usb_cam' build argument 'cmake_args' from command line to 'None'
[0.696s] Level 5:colcon.colcon_core.verb:set package 'usb_cam' build argument 'cmake_target' from command line to 'None'
[0.696s] Level 5:colcon.colcon_core.verb:set package 'usb_cam' build argument 'cmake_target_skip_unavailable' from command line to 'False'
[0.696s] Level 5:colcon.colcon_core.verb:set package 'usb_cam' build argument 'cmake_clean_cache' from command line to 'False'
[0.696s] Level 5:colcon.colcon_core.verb:set package 'usb_cam' build argument 'cmake_clean_first' from command line to 'False'
[0.696s] Level 5:colcon.colcon_core.verb:set package 'usb_cam' build argument 'cmake_force_configure' from command line to 'False'
[0.696s] Level 5:colcon.colcon_core.verb:set package 'usb_cam' build argument 'ament_cmake_args' from command line to 'None'
[0.696s] Level 5:colcon.colcon_core.verb:set package 'usb_cam' build argument 'catkin_cmake_args' from command line to 'None'
[0.696s] Level 5:colcon.colcon_core.verb:set package 'usb_cam' build argument 'catkin_skip_building_tests' from command line to 'False'
[0.696s] DEBUG:colcon.colcon_core.verb:Building package 'usb_cam' with the following arguments: {'ament_cmake_args': None, 'build_base': '/home/moad/VigiWheels/jetsonNano/ros2_ws/build/usb_cam', 'catkin_cmake_args': None, 'catkin_skip_building_tests': False, 'cmake_args': None, 'cmake_clean_cache': False, 'cmake_clean_first': False, 'cmake_force_configure': False, 'cmake_target': None, 'cmake_target_skip_unavailable': False, 'install_base': '/home/moad/VigiWheels/jetsonNano/ros2_ws/install/usb_cam', 'merge_install': False, 'path': '/home/moad/VigiWheels/jetsonNano/ros2_ws/src/usb_cam', 'symlink_install': False, 'test_result_base': None}
[0.703s] Level 5:colcon.colcon_core.verb:set package 'geicar_start_jetson' build argument 'cmake_args' from command line to 'None'
[0.703s] Level 5:colcon.colcon_core.verb:set package 'geicar_start_jetson' build argument 'cmake_target' from command line to 'None'
[0.703s] Level 5:colcon.colcon_core.verb:set package 'geicar_start_jetson' build argument 'cmake_target_skip_unavailable' from command line to 'False'
[0.703s] Level 5:colcon.colcon_core.verb:set package 'geicar_start_jetson' build argument 'cmake_clean_cache' from command line to 'False'
[0.703s] Level 5:colcon.colcon_core.verb:set package 'geicar_start_jetson' build argument 'cmake_clean_first' from command line to 'False'
[0.703s] Level 5:colcon.colcon_core.verb:set package 'geicar_start_jetson' build argument 'cmake_force_configure' from command line to 'False'
[0.703s] Level 5:colcon.colcon_core.verb:set package 'geicar_start_jetson' build argument 'ament_cmake_args' from command line to 'None'
[0.703s] Level 5:colcon.colcon_core.verb:set package 'geicar_start_jetson' build argument 'catkin_cmake_args' from command line to 'None'
[0.703s] Level 5:colcon.colcon_core.verb:set package 'geicar_start_jetson' build argument 'catkin_skip_building_tests' from command line to 'False'
[0.703s] DEBUG:colcon.colcon_core.verb:Building package 'geicar_start_jetson' with the following arguments: {'ament_cmake_args': None, 'build_base': '/home/moad/VigiWheels/jetsonNano/ros2_ws/build/geicar_start_jetson', 'catkin_cmake_args': None, 'catkin_skip_building_tests': False, 'cmake_args': None, 'cmake_clean_cache': False, 'cmake_clean_first': False, 'cmake_force_configure': False, 'cmake_target': None, 'cmake_target_skip_unavailable': False, 'install_base': '/home/moad/VigiWheels/jetsonNano/ros2_ws/install/geicar_start_jetson', 'merge_install': False, 'path': '/home/moad/VigiWheels/jetsonNano/ros2_ws/src/geicar_start_jetson', 'symlink_install': False, 'test_result_base': None}
[0.710s] Level 5:colcon.colcon_core.verb:set package 'system_check_ack' build argument 'cmake_args' from command line to 'None'
[0.710s] Level 5:colcon.colcon_core.verb:set package 'system_check_ack' build argument 'cmake_target' from command line to 'None'
[0.710s] Level 5:colcon.colcon_core.verb:set package 'system_check_ack' build argument 'cmake_target_skip_unavailable' from command line to 'False'
[0.710s] Level 5:colcon.colcon_core.verb:set package 'system_check_ack' build argument 'cmake_clean_cache' from command line to 'False'
[0.710s] Level 5:colcon.colcon_core.verb:set package 'system_check_ack' build argument 'cmake_clean_first' from command line to 'False'
[0.710s] Level 5:colcon.colcon_core.verb:set package 'system_check_ack' build argument 'cmake_force_configure' from command line to 'False'
[0.710s] Level 5:colcon.colcon_core.verb:set package 'system_check_ack' build argument 'ament_cmake_args' from command line to 'None'
[0.710s] Level 5:colcon.colcon_core.verb:set package 'system_check_ack' build argument 'catkin_cmake_args' from command line to 'None'
[0.710s] Level 5:colcon.colcon_core.verb:set package 'system_check_ack' build argument 'catkin_skip_building_tests' from command line to 'False'
[0.710s] DEBUG:colcon.colcon_core.verb:Building package 'system_check_ack' with the following arguments: {'ament_cmake_args': None, 'build_base': '/home/moad/VigiWheels/jetsonNano/ros2_ws/build/system_check_ack', 'catkin_cmake_args': None, 'catkin_skip_building_tests': False, 'cmake_args': None, 'cmake_clean_cache': False, 'cmake_clean_first': False, 'cmake_force_configure': False, 'cmake_target': None, 'cmake_target_skip_unavailable': False, 'install_base': '/home/moad/VigiWheels/jetsonNano/ros2_ws/install/system_check_ack', 'merge_install': False, 'path': '/home/moad/VigiWheels/jetsonNano/ros2_ws/src/system_check_ack', 'symlink_install': False, 'test_result_base': None}
[0.717s] INFO:colcon.colcon_core.executor:Executing jobs using 'parallel' executor
[0.724s] DEBUG:colcon.colcon_parallel_executor.executor.parallel:run_until_complete
[0.724s] INFO:colcon.colcon_ros.task.ament_cmake.build:Building ROS package in '/home/moad/VigiWheels/jetsonNano/ros2_ws/src/interfaces' with build type 'ament_cmake'
[0.724s] INFO:colcon.colcon_cmake.task.cmake.build:Building CMake package in '/home/moad/VigiWheels/jetsonNano/ros2_ws/src/interfaces'
[0.732s] INFO:colcon.colcon_core.plugin_system:Skipping extension 'colcon_core.shell.bat': Not used on non-Windows systems
[0.733s] INFO:colcon.colcon_core.shell:Skip shell extension 'powershell' for command environment: Not usable outside of PowerShell
[0.733s] DEBUG:colcon.colcon_core.shell:Skip shell extension 'dsv' for command environment
[0.755s] INFO:colcon.colcon_ros.task.ament_cmake.build:Building ROS package in '/home/moad/VigiWheels/jetsonNano/ros2_ws/src/rplidar_ros2' with build type 'ament_cmake'
[0.755s] INFO:colcon.colcon_cmake.task.cmake.build:Building CMake package in '/home/moad/VigiWheels/jetsonNano/ros2_ws/src/rplidar_ros2'
[0.763s] INFO:colcon.colcon_core.shell:Skip shell extension 'powershell' for command environment: Not usable outside of PowerShell
[0.763s] DEBUG:colcon.colcon_core.shell:Skip shell extension 'dsv' for command environment
[0.786s] INFO:colcon.colcon_ros.task.ament_cmake.build:Building ROS package in '/home/moad/VigiWheels/jetsonNano/ros2_ws/src/usb_cam' with build type 'ament_cmake'
[0.786s] INFO:colcon.colcon_cmake.task.cmake.build:Building CMake package in '/home/moad/VigiWheels/jetsonNano/ros2_ws/src/usb_cam'
[0.793s] INFO:colcon.colcon_core.shell:Skip shell extension 'powershell' for command environment: Not usable outside of PowerShell
[0.793s] DEBUG:colcon.colcon_core.shell:Skip shell extension 'dsv' for command environment
[0.825s] INFO:colcon.colcon_ros.task.ament_python.build:Building ROS package in '/home/moad/VigiWheels/jetsonNano/ros2_ws/src/manometer_detection' with build type 'ament_python'
[0.825s] Level 1:colcon.colcon_core.shell:create_environment_hook('manometer_detection', 'ament_prefix_path')
[0.833s] INFO:colcon.colcon_core.shell:Creating environment hook '/home/moad/VigiWheels/jetsonNano/ros2_ws/install/manometer_detection/share/manometer_detection/hook/ament_prefix_path.ps1'
[0.833s] INFO:colcon.colcon_core.shell:Creating environment descriptor '/home/moad/VigiWheels/jetsonNano/ros2_ws/install/manometer_detection/share/manometer_detection/hook/ament_prefix_path.dsv'
[0.833s] INFO:colcon.colcon_core.shell:Creating environment hook '/home/moad/VigiWheels/jetsonNano/ros2_ws/install/manometer_detection/share/manometer_detection/hook/ament_prefix_path.sh'
[0.841s] INFO:colcon.colcon_core.shell:Skip shell extension 'powershell' for command environment: Not usable outside of PowerShell
[0.841s] DEBUG:colcon.colcon_core.shell:Skip shell extension 'dsv' for command environment
[0.869s] DEBUG:colcon.colcon_core.event_handler.log_command:Invoking command in '/home/moad/VigiWheels/jetsonNano/ros2_ws/build/interfaces': CMAKE_PREFIX_PATH=/home/moad/ros2_ws/install/my_robot_controller:/home/moad/ros2_ws/install/manometer_detection:/opt/ros/humble /usr/bin/cmake --build /home/moad/VigiWheels/jetsonNano/ros2_ws/build/interfaces -- -j12 -l12
[0.871s] DEBUG:colcon.colcon_core.event_handler.log_command:Invoking command in '/home/moad/VigiWheels/jetsonNano/ros2_ws/build/rplidar_ros': CMAKE_PREFIX_PATH=/home/moad/ros2_ws/install/my_robot_controller:/home/moad/ros2_ws/install/manometer_detection:/opt/ros/humble /usr/bin/cmake --build /home/moad/VigiWheels/jetsonNano/ros2_ws/build/rplidar_ros -- -j12 -l12
[0.872s] DEBUG:colcon.colcon_core.event_handler.log_command:Invoking command in '/home/moad/VigiWheels/jetsonNano/ros2_ws/build/usb_cam': CMAKE_PREFIX_PATH=/home/moad/ros2_ws/install/my_robot_controller:/home/moad/ros2_ws/install/manometer_detection:/opt/ros/humble /usr/bin/cmake --build /home/moad/VigiWheels/jetsonNano/ros2_ws/build/usb_cam -- -j12 -l12
[1.070s] INFO:colcon.colcon_core.task.python.build:Building Python package in '/home/moad/VigiWheels/jetsonNano/ros2_ws/src/manometer_detection'
[1.078s] INFO:colcon.colcon_core.shell:Skip shell extension 'powershell' for command environment: Not usable outside of PowerShell
[1.078s] DEBUG:colcon.colcon_core.shell:Skip shell extension 'dsv' for command environment
[1.117s] DEBUG:colcon.colcon_core.event_handler.log_command:Invoked command in '/home/moad/VigiWheels/jetsonNano/ros2_ws/build/interfaces' returned '0': CMAKE_PREFIX_PATH=/home/moad/ros2_ws/install/my_robot_controller:/home/moad/ros2_ws/install/manometer_detection:/opt/ros/humble /usr/bin/cmake --build /home/moad/VigiWheels/jetsonNano/ros2_ws/build/interfaces -- -j12 -l12
[1.118s] DEBUG:colcon.colcon_core.event_handler.log_command:Invoked command in '/home/moad/VigiWheels/jetsonNano/ros2_ws/build/usb_cam' returned '0': CMAKE_PREFIX_PATH=/home/moad/ros2_ws/install/my_robot_controller:/home/moad/ros2_ws/install/manometer_detection:/opt/ros/humble /usr/bin/cmake --build /home/moad/VigiWheels/jetsonNano/ros2_ws/build/usb_cam -- -j12 -l12
[1.118s] DEBUG:colcon.colcon_core.event_handler.log_command:Invoked command in '/home/moad/VigiWheels/jetsonNano/ros2_ws/build/rplidar_ros' returned '0': CMAKE_PREFIX_PATH=/home/moad/ros2_ws/install/my_robot_controller:/home/moad/ros2_ws/install/manometer_detection:/opt/ros/humble /usr/bin/cmake --build /home/moad/VigiWheels/jetsonNano/ros2_ws/build/rplidar_ros -- -j12 -l12
[1.149s] DEBUG:colcon.colcon_core.event_handler.log_command:Invoking command in '/home/moad/VigiWheels/jetsonNano/ros2_ws/build/usb_cam': CMAKE_PREFIX_PATH=/home/moad/ros2_ws/install/my_robot_controller:/home/moad/ros2_ws/install/manometer_detection:/opt/ros/humble /usr/bin/cmake --install /home/moad/VigiWheels/jetsonNano/ros2_ws/build/usb_cam
[1.152s] DEBUG:colcon.colcon_core.event_handler.log_command:Invoking command in '/home/moad/VigiWheels/jetsonNano/ros2_ws/build/rplidar_ros': CMAKE_PREFIX_PATH=/home/moad/ros2_ws/install/my_robot_controller:/home/moad/ros2_ws/install/manometer_detection:/opt/ros/humble /usr/bin/cmake --install /home/moad/VigiWheels/jetsonNano/ros2_ws/build/rplidar_ros
[1.164s] Level 1:colcon.colcon_core.environment:create_environment_scripts_only(rplidar_ros)
[1.166s] DEBUG:colcon.colcon_core.event_handler.log_command:Invoked command in '/home/moad/VigiWheels/jetsonNano/ros2_ws/build/rplidar_ros' returned '0': CMAKE_PREFIX_PATH=/home/moad/ros2_ws/install/my_robot_controller:/home/moad/ros2_ws/install/manometer_detection:/opt/ros/humble /usr/bin/cmake --install /home/moad/VigiWheels/jetsonNano/ros2_ws/build/rplidar_ros
[1.185s] Level 1:colcon.colcon_core.environment:checking '/home/moad/VigiWheels/jetsonNano/ros2_ws/install/rplidar_ros' for CMake module files
[1.186s] Level 1:colcon.colcon_core.environment:checking '/home/moad/VigiWheels/jetsonNano/ros2_ws/install/rplidar_ros' for CMake config files
[1.186s] Level 1:colcon.colcon_core.shell:create_environment_hook('rplidar_ros', 'cmake_prefix_path')
[1.203s] INFO:colcon.colcon_core.shell:Creating environment hook '/home/moad/VigiWheels/jetsonNano/ros2_ws/install/rplidar_ros/share/rplidar_ros/hook/cmake_prefix_path.ps1'
[1.204s] INFO:colcon.colcon_core.shell:Creating environment descriptor '/home/moad/VigiWheels/jetsonNano/ros2_ws/install/rplidar_ros/share/rplidar_ros/hook/cmake_prefix_path.dsv'
[1.204s] INFO:colcon.colcon_core.shell:Creating environment hook '/home/moad/VigiWheels/jetsonNano/ros2_ws/install/rplidar_ros/share/rplidar_ros/hook/cmake_prefix_path.sh'
[1.205s] Level 1:colcon.colcon_core.environment:checking '/home/moad/VigiWheels/jetsonNano/ros2_ws/install/rplidar_ros/lib'
[1.205s] Level 1:colcon.colcon_core.shell:create_environment_hook('rplidar_ros', 'ld_library_path_lib')
[1.216s] INFO:colcon.colcon_core.shell:Creating environment hook '/home/moad/VigiWheels/jetsonNano/ros2_ws/install/rplidar_ros/share/rplidar_ros/hook/ld_library_path_lib.ps1'
[1.217s] INFO:colcon.colcon_core.shell:Creating environment descriptor '/home/moad/VigiWheels/jetsonNano/ros2_ws/install/rplidar_ros/share/rplidar_ros/hook/ld_library_path_lib.dsv'
[1.217s] INFO:colcon.colcon_core.shell:Creating environment hook '/home/moad/VigiWheels/jetsonNano/ros2_ws/install/rplidar_ros/share/rplidar_ros/hook/ld_library_path_lib.sh'
[1.217s] Level 1:colcon.colcon_core.environment:checking '/home/moad/VigiWheels/jetsonNano/ros2_ws/install/rplidar_ros/bin'
[1.217s] Level 1:colcon.colcon_core.environment:checking '/home/moad/VigiWheels/jetsonNano/ros2_ws/install/rplidar_ros/lib/pkgconfig/rplidar_ros.pc'
[1.217s] Level 1:colcon.colcon_core.environment:checking '/home/moad/VigiWheels/jetsonNano/ros2_ws/install/rplidar_ros/lib/python3.10/site-packages'
[1.217s] Level 1:colcon.colcon_core.environment:checking '/home/moad/VigiWheels/jetsonNano/ros2_ws/install/rplidar_ros/bin'
[1.225s] INFO:colcon.colcon_core.shell:Creating package script '/home/moad/VigiWheels/jetsonNano/ros2_ws/install/rplidar_ros/share/rplidar_ros/package.ps1'
[1.225s] INFO:colcon.colcon_core.shell:Creating package descriptor '/home/moad/VigiWheels/jetsonNano/ros2_ws/install/rplidar_ros/share/rplidar_ros/package.dsv'
[1.226s] INFO:colcon.colcon_core.shell:Creating package script '/home/moad/VigiWheels/jetsonNano/ros2_ws/install/rplidar_ros/share/rplidar_ros/package.sh'
[1.226s] INFO:colcon.colcon_core.shell:Creating package script '/home/moad/VigiWheels/jetsonNano/ros2_ws/install/rplidar_ros/share/rplidar_ros/package.bash'
[1.226s] INFO:colcon.colcon_core.shell:Creating package script '/home/moad/VigiWheels/jetsonNano/ros2_ws/install/rplidar_ros/share/rplidar_ros/package.zsh'
[1.227s] Level 1:colcon.colcon_core.environment:create_file_with_runtime_dependencies(/home/moad/VigiWheels/jetsonNano/ros2_ws/install/rplidar_ros/share/colcon-core/packages/rplidar_ros)
[1.228s] Level 1:colcon.colcon_core.environment:create_environment_scripts_only(usb_cam)
[1.229s] DEBUG:colcon.colcon_core.event_handler.log_command:Invoked command in '/home/moad/VigiWheels/jetsonNano/ros2_ws/build/usb_cam' returned '0': CMAKE_PREFIX_PATH=/home/moad/ros2_ws/install/my_robot_controller:/home/moad/ros2_ws/install/manometer_detection:/opt/ros/humble /usr/bin/cmake --install /home/moad/VigiWheels/jetsonNano/ros2_ws/build/usb_cam
[1.242s] Level 1:colcon.colcon_core.environment:checking '/home/moad/VigiWheels/jetsonNano/ros2_ws/install/usb_cam' for CMake module files
[1.243s] Level 1:colcon.colcon_core.environment:checking '/home/moad/VigiWheels/jetsonNano/ros2_ws/install/usb_cam' for CMake config files
[1.243s] Level 1:colcon.colcon_core.shell:create_environment_hook('usb_cam', 'cmake_prefix_path')
[1.250s] INFO:colcon.colcon_core.shell:Creating environment hook '/home/moad/VigiWheels/jetsonNano/ros2_ws/install/usb_cam/share/usb_cam/hook/cmake_prefix_path.ps1'
[1.250s] INFO:colcon.colcon_core.shell:Creating environment descriptor '/home/moad/VigiWheels/jetsonNano/ros2_ws/install/usb_cam/share/usb_cam/hook/cmake_prefix_path.dsv'
[1.250s] INFO:colcon.colcon_core.shell:Creating environment hook '/home/moad/VigiWheels/jetsonNano/ros2_ws/install/usb_cam/share/usb_cam/hook/cmake_prefix_path.sh'
[1.251s] Level 1:colcon.colcon_core.environment:checking '/home/moad/VigiWheels/jetsonNano/ros2_ws/install/usb_cam/lib'
[1.251s] Level 1:colcon.colcon_core.shell:create_environment_hook('usb_cam', 'ld_library_path_lib')
[1.258s] INFO:colcon.colcon_core.shell:Creating environment hook '/home/moad/VigiWheels/jetsonNano/ros2_ws/install/usb_cam/share/usb_cam/hook/ld_library_path_lib.ps1'
[1.259s] INFO:colcon.colcon_core.shell:Creating environment descriptor '/home/moad/VigiWheels/jetsonNano/ros2_ws/install/usb_cam/share/usb_cam/hook/ld_library_path_lib.dsv'
[1.259s] INFO:colcon.colcon_core.shell:Creating environment hook '/home/moad/VigiWheels/jetsonNano/ros2_ws/install/usb_cam/share/usb_cam/hook/ld_library_path_lib.sh'
[1.259s] Level 1:colcon.colcon_core.environment:checking '/home/moad/VigiWheels/jetsonNano/ros2_ws/install/usb_cam/bin'
[1.259s] Level 1:colcon.colcon_core.environment:checking '/home/moad/VigiWheels/jetsonNano/ros2_ws/install/usb_cam/lib/pkgconfig/usb_cam.pc'
[1.259s] Level 1:colcon.colcon_core.environment:checking '/home/moad/VigiWheels/jetsonNano/ros2_ws/install/usb_cam/lib/python3.10/site-packages'
[1.259s] Level 1:colcon.colcon_core.environment:checking '/home/moad/VigiWheels/jetsonNano/ros2_ws/install/usb_cam/bin'
[1.266s] INFO:colcon.colcon_core.shell:Creating package script '/home/moad/VigiWheels/jetsonNano/ros2_ws/install/usb_cam/share/usb_cam/package.ps1'
[1.267s] INFO:colcon.colcon_core.shell:Creating package descriptor '/home/moad/VigiWheels/jetsonNano/ros2_ws/install/usb_cam/share/usb_cam/package.dsv'
[1.267s] INFO:colcon.colcon_core.shell:Creating package script '/home/moad/VigiWheels/jetsonNano/ros2_ws/install/usb_cam/share/usb_cam/package.sh'
[1.267s] INFO:colcon.colcon_core.shell:Creating package script '/home/moad/VigiWheels/jetsonNano/ros2_ws/install/usb_cam/share/usb_cam/package.bash'
[1.268s] INFO:colcon.colcon_core.shell:Creating package script '/home/moad/VigiWheels/jetsonNano/ros2_ws/install/usb_cam/share/usb_cam/package.zsh'
[1.268s] Level 1:colcon.colcon_core.environment:create_file_with_runtime_dependencies(/home/moad/VigiWheels/jetsonNano/ros2_ws/install/usb_cam/share/colcon-core/packages/usb_cam)
[1.271s] DEBUG:colcon.colcon_core.event_handler.log_command:Invoking command in '/home/moad/VigiWheels/jetsonNano/ros2_ws/build/interfaces': CMAKE_PREFIX_PATH=/home/moad/ros2_ws/install/my_robot_controller:/home/moad/ros2_ws/install/manometer_detection:/opt/ros/humble /usr/bin/cmake --install /home/moad/VigiWheels/jetsonNano/ros2_ws/build/interfaces
[1.305s] Level 1:colcon.colcon_core.environment:create_environment_scripts_only(rplidar_ros)
[1.326s] Level 1:colcon.colcon_core.environment:checking '/home/moad/VigiWheels/jetsonNano/ros2_ws/install/rplidar_ros' for CMake module files
[1.326s] Level 1:colcon.colcon_core.environment:checking '/home/moad/VigiWheels/jetsonNano/ros2_ws/install/rplidar_ros' for CMake config files
[1.326s] Level 1:colcon.colcon_core.shell:create_environment_hook('rplidar_ros', 'cmake_prefix_path')
[1.335s] INFO:colcon.colcon_core.shell:Creating environment hook '/home/moad/VigiWheels/jetsonNano/ros2_ws/install/rplidar_ros/share/rplidar_ros/hook/cmake_prefix_path.ps1'
[1.335s] INFO:colcon.colcon_core.shell:Creating environment descriptor '/home/moad/VigiWheels/jetsonNano/ros2_ws/install/rplidar_ros/share/rplidar_ros/hook/cmake_prefix_path.dsv'
[1.335s] INFO:colcon.colcon_core.shell:Creating environment hook '/home/moad/VigiWheels/jetsonNano/ros2_ws/install/rplidar_ros/share/rplidar_ros/hook/cmake_prefix_path.sh'
[1.335s] Level 1:colcon.colcon_core.environment:checking '/home/moad/VigiWheels/jetsonNano/ros2_ws/install/rplidar_ros/lib'
[1.335s] Level 1:colcon.colcon_core.shell:create_environment_hook('rplidar_ros', 'ld_library_path_lib')
[1.342s] INFO:colcon.colcon_core.shell:Creating environment hook '/home/moad/VigiWheels/jetsonNano/ros2_ws/install/rplidar_ros/share/rplidar_ros/hook/ld_library_path_lib.ps1'
[1.343s] INFO:colcon.colcon_core.shell:Creating environment descriptor '/home/moad/VigiWheels/jetsonNano/ros2_ws/install/rplidar_ros/share/rplidar_ros/hook/ld_library_path_lib.dsv'
[1.343s] INFO:colcon.colcon_core.shell:Creating environment hook '/home/moad/VigiWheels/jetsonNano/ros2_ws/install/rplidar_ros/share/rplidar_ros/hook/ld_library_path_lib.sh'
[1.343s] Level 1:colcon.colcon_core.environment:checking '/home/moad/VigiWheels/jetsonNano/ros2_ws/install/rplidar_ros/bin'
[1.343s] Level 1:colcon.colcon_core.environment:checking '/home/moad/VigiWheels/jetsonNano/ros2_ws/install/rplidar_ros/lib/pkgconfig/rplidar_ros.pc'
[1.343s] Level 1:colcon.colcon_core.environment:checking '/home/moad/VigiWheels/jetsonNano/ros2_ws/install/rplidar_ros/lib/python3.10/site-packages'
[1.343s] Level 1:colcon.colcon_core.environment:checking '/home/moad/VigiWheels/jetsonNano/ros2_ws/install/rplidar_ros/bin'
[1.350s] INFO:colcon.colcon_core.shell:Creating package script '/home/moad/VigiWheels/jetsonNano/ros2_ws/install/rplidar_ros/share/rplidar_ros/package.ps1'
[1.351s] INFO:colcon.colcon_core.shell:Creating package descriptor '/home/moad/VigiWheels/jetsonNano/ros2_ws/install/rplidar_ros/share/rplidar_ros/package.dsv'
[1.351s] INFO:colcon.colcon_core.shell:Creating package script '/home/moad/VigiWheels/jetsonNano/ros2_ws/install/rplidar_ros/share/rplidar_ros/package.sh'
[1.351s] INFO:colcon.colcon_core.shell:Creating package script '/home/moad/VigiWheels/jetsonNano/ros2_ws/install/rplidar_ros/share/rplidar_ros/package.bash'
[1.351s] INFO:colcon.colcon_core.shell:Creating package script '/home/moad/VigiWheels/jetsonNano/ros2_ws/install/rplidar_ros/share/rplidar_ros/package.zsh'
[1.351s] Level 1:colcon.colcon_core.environment:create_file_with_runtime_dependencies(/home/moad/VigiWheels/jetsonNano/ros2_ws/install/rplidar_ros/share/colcon-core/packages/rplidar_ros)
[1.360s] Level 1:colcon.colcon_core.environment:create_environment_scripts_only(usb_cam)
[1.367s] Level 1:colcon.colcon_core.environment:checking '/home/moad/VigiWheels/jetsonNano/ros2_ws/install/usb_cam' for CMake module files
[1.368s] Level 1:colcon.colcon_core.environment:checking '/home/moad/VigiWheels/jetsonNano/ros2_ws/install/usb_cam' for CMake config files
[1.368s] Level 1:colcon.colcon_core.shell:create_environment_hook('usb_cam', 'cmake_prefix_path')
[1.375s] INFO:colcon.colcon_core.shell:Creating environment hook '/home/moad/VigiWheels/jetsonNano/ros2_ws/install/usb_cam/share/usb_cam/hook/cmake_prefix_path.ps1'
[1.375s] INFO:colcon.colcon_core.shell:Creating environment descriptor '/home/moad/VigiWheels/jetsonNano/ros2_ws/install/usb_cam/share/usb_cam/hook/cmake_prefix_path.dsv'
[1.375s] INFO:colcon.colcon_core.shell:Creating environment hook '/home/moad/VigiWheels/jetsonNano/ros2_ws/install/usb_cam/share/usb_cam/hook/cmake_prefix_path.sh'
[1.376s] Level 1:colcon.colcon_core.environment:checking '/home/moad/VigiWheels/jetsonNano/ros2_ws/install/usb_cam/lib'
[1.376s] Level 1:colcon.colcon_core.shell:create_environment_hook('usb_cam', 'ld_library_path_lib')
[1.383s] INFO:colcon.colcon_core.shell:Creating environment hook '/home/moad/VigiWheels/jetsonNano/ros2_ws/install/usb_cam/share/usb_cam/hook/ld_library_path_lib.ps1'
[1.383s] INFO:colcon.colcon_core.shell:Creating environment descriptor '/home/moad/VigiWheels/jetsonNano/ros2_ws/install/usb_cam/share/usb_cam/hook/ld_library_path_lib.dsv'
[1.384s] INFO:colcon.colcon_core.shell:Creating environment hook '/home/moad/VigiWheels/jetsonNano/ros2_ws/install/usb_cam/share/usb_cam/hook/ld_library_path_lib.sh'
[1.384s] Level 1:colcon.colcon_core.environment:checking '/home/moad/VigiWheels/jetsonNano/ros2_ws/install/usb_cam/bin'
[1.384s] Level 1:colcon.colcon_core.environment:checking '/home/moad/VigiWheels/jetsonNano/ros2_ws/install/usb_cam/lib/pkgconfig/usb_cam.pc'
[1.385s] Level 1:colcon.colcon_core.environment:checking '/home/moad/VigiWheels/jetsonNano/ros2_ws/install/usb_cam/lib/python3.10/site-packages'
[1.385s] Level 1:colcon.colcon_core.environment:checking '/home/moad/VigiWheels/jetsonNano/ros2_ws/install/usb_cam/bin'
[1.393s] INFO:colcon.colcon_core.shell:Creating package script '/home/moad/VigiWheels/jetsonNano/ros2_ws/install/usb_cam/share/usb_cam/package.ps1'
[1.394s] INFO:colcon.colcon_core.shell:Creating package descriptor '/home/moad/VigiWheels/jetsonNano/ros2_ws/install/usb_cam/share/usb_cam/package.dsv'
[1.394s] INFO:colcon.colcon_core.shell:Creating package script '/home/moad/VigiWheels/jetsonNano/ros2_ws/install/usb_cam/share/usb_cam/package.sh'
[1.394s] INFO:colcon.colcon_core.shell:Creating package script '/home/moad/VigiWheels/jetsonNano/ros2_ws/install/usb_cam/share/usb_cam/package.bash'
[1.394s] INFO:colcon.colcon_core.shell:Creating package script '/home/moad/VigiWheels/jetsonNano/ros2_ws/install/usb_cam/share/usb_cam/package.zsh'
[1.395s] Level 1:colcon.colcon_core.environment:create_file_with_runtime_dependencies(/home/moad/VigiWheels/jetsonNano/ros2_ws/install/usb_cam/share/colcon-core/packages/usb_cam)
[1.396s] INFO:colcon.colcon_ros.task.ament_cmake.build:Building ROS package in '/home/moad/VigiWheels/jetsonNano/ros2_ws/src/geicar_start_jetson' with build type 'ament_cmake'
[1.396s] INFO:colcon.colcon_cmake.task.cmake.build:Building CMake package in '/home/moad/VigiWheels/jetsonNano/ros2_ws/src/geicar_start_jetson'
[1.397s] DEBUG:colcon.colcon_core.event_handler.log_command:Invoking command in '/home/moad/VigiWheels/jetsonNano/ros2_ws/src/manometer_detection': PYTHONPATH=/home/moad/VigiWheels/jetsonNano/ros2_ws/build/manometer_detection/prefix_override:/home/moad/VigiWheels/jetsonNano/ros2_ws/install/manometer_detection/lib/python3.10/site-packages:${PYTHONPATH} /usr/bin/python3 setup.py egg_info --egg-base ../../build/manometer_detection build --build-base /home/moad/VigiWheels/jetsonNano/ros2_ws/build/manometer_detection/build install --record /home/moad/VigiWheels/jetsonNano/ros2_ws/build/manometer_detection/install.log --single-version-externally-managed
[1.404s] INFO:colcon.colcon_core.shell:Skip shell extension 'powershell' for command environment: Not usable outside of PowerShell
[1.404s] DEBUG:colcon.colcon_core.shell:Skip shell extension 'dsv' for command environment
[1.427s] Level 1:colcon.colcon_core.environment:create_environment_scripts_only(interfaces)
[1.428s] DEBUG:colcon.colcon_core.event_handler.log_command:Invoked command in '/home/moad/VigiWheels/jetsonNano/ros2_ws/build/interfaces' returned '0': CMAKE_PREFIX_PATH=/home/moad/ros2_ws/install/my_robot_controller:/home/moad/ros2_ws/install/manometer_detection:/opt/ros/humble /usr/bin/cmake --install /home/moad/VigiWheels/jetsonNano/ros2_ws/build/interfaces
[1.436s] Level 1:colcon.colcon_core.environment:checking '/home/moad/VigiWheels/jetsonNano/ros2_ws/install/interfaces' for CMake module files
[1.437s] Level 1:colcon.colcon_core.environment:checking '/home/moad/VigiWheels/jetsonNano/ros2_ws/install/interfaces' for CMake config files
[1.437s] Level 1:colcon.colcon_core.shell:create_environment_hook('interfaces', 'cmake_prefix_path')
[1.444s] INFO:colcon.colcon_core.shell:Creating environment hook '/home/moad/VigiWheels/jetsonNano/ros2_ws/install/interfaces/share/interfaces/hook/cmake_prefix_path.ps1'
[1.445s] INFO:colcon.colcon_core.shell:Creating environment descriptor '/home/moad/VigiWheels/jetsonNano/ros2_ws/install/interfaces/share/interfaces/hook/cmake_prefix_path.dsv'
[1.445s] INFO:colcon.colcon_core.shell:Creating environment hook '/home/moad/VigiWheels/jetsonNano/ros2_ws/install/interfaces/share/interfaces/hook/cmake_prefix_path.sh'
[1.445s] Level 1:colcon.colcon_core.environment:checking '/home/moad/VigiWheels/jetsonNano/ros2_ws/install/interfaces/lib'
[1.445s] Level 1:colcon.colcon_core.shell:create_environment_hook('interfaces', 'ld_library_path_lib')
[1.452s] INFO:colcon.colcon_core.shell:Creating environment hook '/home/moad/VigiWheels/jetsonNano/ros2_ws/install/interfaces/share/interfaces/hook/ld_library_path_lib.ps1'
[1.453s] INFO:colcon.colcon_core.shell:Creating environment descriptor '/home/moad/VigiWheels/jetsonNano/ros2_ws/install/interfaces/share/interfaces/hook/ld_library_path_lib.dsv'
[1.453s] INFO:colcon.colcon_core.shell:Creating environment hook '/home/moad/VigiWheels/jetsonNano/ros2_ws/install/interfaces/share/interfaces/hook/ld_library_path_lib.sh'
[1.453s] Level 1:colcon.colcon_core.environment:checking '/home/moad/VigiWheels/jetsonNano/ros2_ws/install/interfaces/bin'
[1.453s] Level 1:colcon.colcon_core.environment:checking '/home/moad/VigiWheels/jetsonNano/ros2_ws/install/interfaces/lib/pkgconfig/interfaces.pc'
[1.453s] Level 1:colcon.colcon_core.environment:checking '/home/moad/VigiWheels/jetsonNano/ros2_ws/install/interfaces/lib/python3.10/site-packages'
[1.453s] Level 1:colcon.colcon_core.environment:checking '/home/moad/VigiWheels/jetsonNano/ros2_ws/install/interfaces/bin'
[1.461s] INFO:colcon.colcon_core.shell:Creating package script '/home/moad/VigiWheels/jetsonNano/ros2_ws/install/interfaces/share/interfaces/package.ps1'
[1.461s] INFO:colcon.colcon_core.shell:Creating package descriptor '/home/moad/VigiWheels/jetsonNano/ros2_ws/install/interfaces/share/interfaces/package.dsv'
[1.462s] INFO:colcon.colcon_core.shell:Creating package script '/home/moad/VigiWheels/jetsonNano/ros2_ws/install/interfaces/share/interfaces/package.sh'
[1.462s] INFO:colcon.colcon_core.shell:Creating package script '/home/moad/VigiWheels/jetsonNano/ros2_ws/install/interfaces/share/interfaces/package.bash'
[1.462s] INFO:colcon.colcon_core.shell:Creating package script '/home/moad/VigiWheels/jetsonNano/ros2_ws/install/interfaces/share/interfaces/package.zsh'
[1.462s] Level 1:colcon.colcon_core.environment:create_file_with_runtime_dependencies(/home/moad/VigiWheels/jetsonNano/ros2_ws/install/interfaces/share/colcon-core/packages/interfaces)
[1.466s] DEBUG:colcon.colcon_core.event_handler.log_command:Invoking command in '/home/moad/VigiWheels/jetsonNano/ros2_ws/build/geicar_start_jetson': AMENT_PREFIX_PATH=/home/moad/VigiWheels/jetsonNano/ros2_ws/install/usb_cam:/home/moad/VigiWheels/jetsonNano/ros2_ws/install/rplidar_ros:${AMENT_PREFIX_PATH} CMAKE_PREFIX_PATH=/home/moad/VigiWheels/jetsonNano/ros2_ws/install/usb_cam:/home/moad/VigiWheels/jetsonNano/ros2_ws/install/rplidar_ros:/home/moad/ros2_ws/install/my_robot_controller:/home/moad/ros2_ws/install/manometer_detection:/opt/ros/humble LD_LIBRARY_PATH=/home/moad/VigiWheels/jetsonNano/ros2_ws/install/usb_cam/lib:/home/moad/VigiWheels/jetsonNano/ros2_ws/install/rplidar_ros/lib:${LD_LIBRARY_PATH} /usr/bin/cmake --build /home/moad/VigiWheels/jetsonNano/ros2_ws/build/geicar_start_jetson -- -j12 -l12
[1.501s] DEBUG:colcon.colcon_core.event_handler.log_command:Invoked command in '/home/moad/VigiWheels/jetsonNano/ros2_ws/build/geicar_start_jetson' returned '0': AMENT_PREFIX_PATH=/home/moad/VigiWheels/jetsonNano/ros2_ws/install/usb_cam:/home/moad/VigiWheels/jetsonNano/ros2_ws/install/rplidar_ros:${AMENT_PREFIX_PATH} CMAKE_PREFIX_PATH=/home/moad/VigiWheels/jetsonNano/ros2_ws/install/usb_cam:/home/moad/VigiWheels/jetsonNano/ros2_ws/install/rplidar_ros:/home/moad/ros2_ws/install/my_robot_controller:/home/moad/ros2_ws/install/manometer_detection:/opt/ros/humble LD_LIBRARY_PATH=/home/moad/VigiWheels/jetsonNano/ros2_ws/install/usb_cam/lib:/home/moad/VigiWheels/jetsonNano/ros2_ws/install/rplidar_ros/lib:${LD_LIBRARY_PATH} /usr/bin/cmake --build /home/moad/VigiWheels/jetsonNano/ros2_ws/build/geicar_start_jetson -- -j12 -l12
[1.515s] DEBUG:colcon.colcon_core.event_handler.log_command:Invoking command in '/home/moad/VigiWheels/jetsonNano/ros2_ws/build/geicar_start_jetson': AMENT_PREFIX_PATH=/home/moad/VigiWheels/jetsonNano/ros2_ws/install/usb_cam:/home/moad/VigiWheels/jetsonNano/ros2_ws/install/rplidar_ros:${AMENT_PREFIX_PATH} CMAKE_PREFIX_PATH=/home/moad/VigiWheels/jetsonNano/ros2_ws/install/usb_cam:/home/moad/VigiWheels/jetsonNano/ros2_ws/install/rplidar_ros:/home/moad/ros2_ws/install/my_robot_controller:/home/moad/ros2_ws/install/manometer_detection:/opt/ros/humble LD_LIBRARY_PATH=/home/moad/VigiWheels/jetsonNano/ros2_ws/install/usb_cam/lib:/home/moad/VigiWheels/jetsonNano/ros2_ws/install/rplidar_ros/lib:${LD_LIBRARY_PATH} /usr/bin/cmake --install /home/moad/VigiWheels/jetsonNano/ros2_ws/build/geicar_start_jetson
[1.526s] Level 1:colcon.colcon_core.environment:create_environment_scripts_only(geicar_start_jetson)
[1.526s] DEBUG:colcon.colcon_core.event_handler.log_command:Invoked command in '/home/moad/VigiWheels/jetsonNano/ros2_ws/build/geicar_start_jetson' returned '0': AMENT_PREFIX_PATH=/home/moad/VigiWheels/jetsonNano/ros2_ws/install/usb_cam:/home/moad/VigiWheels/jetsonNano/ros2_ws/install/rplidar_ros:${AMENT_PREFIX_PATH} CMAKE_PREFIX_PATH=/home/moad/VigiWheels/jetsonNano/ros2_ws/install/usb_cam:/home/moad/VigiWheels/jetsonNano/ros2_ws/install/rplidar_ros:/home/moad/ros2_ws/install/my_robot_controller:/home/moad/ros2_ws/install/manometer_detection:/opt/ros/humble LD_LIBRARY_PATH=/home/moad/VigiWheels/jetsonNano/ros2_ws/install/usb_cam/lib:/home/moad/VigiWheels/jetsonNano/ros2_ws/install/rplidar_ros/lib:${LD_LIBRARY_PATH} /usr/bin/cmake --install /home/moad/VigiWheels/jetsonNano/ros2_ws/build/geicar_start_jetson
[1.539s] Level 1:colcon.colcon_core.environment:checking '/home/moad/VigiWheels/jetsonNano/ros2_ws/install/geicar_start_jetson' for CMake module files
[1.539s] Level 1:colcon.colcon_core.environment:checking '/home/moad/VigiWheels/jetsonNano/ros2_ws/install/geicar_start_jetson' for CMake config files
[1.539s] Level 1:colcon.colcon_core.shell:create_environment_hook('geicar_start_jetson', 'cmake_prefix_path')
[1.552s] INFO:colcon.colcon_core.shell:Creating environment hook '/home/moad/VigiWheels/jetsonNano/ros2_ws/install/geicar_start_jetson/share/geicar_start_jetson/hook/cmake_prefix_path.ps1'
[1.552s] INFO:colcon.colcon_core.shell:Creating environment descriptor '/home/moad/VigiWheels/jetsonNano/ros2_ws/install/geicar_start_jetson/share/geicar_start_jetson/hook/cmake_prefix_path.dsv'
[1.553s] INFO:colcon.colcon_core.shell:Creating environment hook '/home/moad/VigiWheels/jetsonNano/ros2_ws/install/geicar_start_jetson/share/geicar_start_jetson/hook/cmake_prefix_path.sh'
[1.553s] Level 1:colcon.colcon_core.environment:checking '/home/moad/VigiWheels/jetsonNano/ros2_ws/install/geicar_start_jetson/bin'
[1.553s] Level 1:colcon.colcon_core.environment:checking '/home/moad/VigiWheels/jetsonNano/ros2_ws/install/geicar_start_jetson/lib/pkgconfig/geicar_start_jetson.pc'
[1.553s] Level 1:colcon.colcon_core.environment:checking '/home/moad/VigiWheels/jetsonNano/ros2_ws/install/geicar_start_jetson/lib/python3.10/site-packages'
[1.553s] Level 1:colcon.colcon_core.environment:checking '/home/moad/VigiWheels/jetsonNano/ros2_ws/install/geicar_start_jetson/bin'
[1.561s] INFO:colcon.colcon_core.shell:Creating package script '/home/moad/VigiWheels/jetsonNano/ros2_ws/install/geicar_start_jetson/share/geicar_start_jetson/package.ps1'
[1.562s] INFO:colcon.colcon_core.shell:Creating package descriptor '/home/moad/VigiWheels/jetsonNano/ros2_ws/install/geicar_start_jetson/share/geicar_start_jetson/package.dsv'
[1.562s] INFO:colcon.colcon_core.shell:Creating package script '/home/moad/VigiWheels/jetsonNano/ros2_ws/install/geicar_start_jetson/share/geicar_start_jetson/package.sh'
[1.563s] INFO:colcon.colcon_core.shell:Creating package script '/home/moad/VigiWheels/jetsonNano/ros2_ws/install/geicar_start_jetson/share/geicar_start_jetson/package.bash'
[1.563s] INFO:colcon.colcon_core.shell:Creating package script '/home/moad/VigiWheels/jetsonNano/ros2_ws/install/geicar_start_jetson/share/geicar_start_jetson/package.zsh'
[1.564s] Level 1:colcon.colcon_core.environment:create_file_with_runtime_dependencies(/home/moad/VigiWheels/jetsonNano/ros2_ws/install/geicar_start_jetson/share/colcon-core/packages/geicar_start_jetson)
[1.578s] Level 1:colcon.colcon_core.environment:create_environment_scripts_only(interfaces)
[1.586s] Level 1:colcon.colcon_core.environment:checking '/home/moad/VigiWheels/jetsonNano/ros2_ws/install/interfaces' for CMake module files
[1.586s] Level 1:colcon.colcon_core.environment:checking '/home/moad/VigiWheels/jetsonNano/ros2_ws/install/interfaces' for CMake config files
[1.587s] Level 1:colcon.colcon_core.shell:create_environment_hook('interfaces', 'cmake_prefix_path')
[1.594s] INFO:colcon.colcon_core.shell:Creating environment hook '/home/moad/VigiWheels/jetsonNano/ros2_ws/install/interfaces/share/interfaces/hook/cmake_prefix_path.ps1'
[1.594s] INFO:colcon.colcon_core.shell:Creating environment descriptor '/home/moad/VigiWheels/jetsonNano/ros2_ws/install/interfaces/share/interfaces/hook/cmake_prefix_path.dsv'
[1.594s] INFO:colcon.colcon_core.shell:Creating environment hook '/home/moad/VigiWheels/jetsonNano/ros2_ws/install/interfaces/share/interfaces/hook/cmake_prefix_path.sh'
[1.595s] Level 1:colcon.colcon_core.environment:checking '/home/moad/VigiWheels/jetsonNano/ros2_ws/install/interfaces/lib'
[1.595s] Level 1:colcon.colcon_core.shell:create_environment_hook('interfaces', 'ld_library_path_lib')
[1.602s] INFO:colcon.colcon_core.shell:Creating environment hook '/home/moad/VigiWheels/jetsonNano/ros2_ws/install/interfaces/share/interfaces/hook/ld_library_path_lib.ps1'
[1.602s] INFO:colcon.colcon_core.shell:Creating environment descriptor '/home/moad/VigiWheels/jetsonNano/ros2_ws/install/interfaces/share/interfaces/hook/ld_library_path_lib.dsv'
[1.602s] INFO:colcon.colcon_core.shell:Creating environment hook '/home/moad/VigiWheels/jetsonNano/ros2_ws/install/interfaces/share/interfaces/hook/ld_library_path_lib.sh'
[1.602s] Level 1:colcon.colcon_core.environment:checking '/home/moad/VigiWheels/jetsonNano/ros2_ws/install/interfaces/bin'
[1.602s] Level 1:colcon.colcon_core.environment:checking '/home/moad/VigiWheels/jetsonNano/ros2_ws/install/interfaces/lib/pkgconfig/interfaces.pc'
[1.603s] Level 1:colcon.colcon_core.environment:checking '/home/moad/VigiWheels/jetsonNano/ros2_ws/install/interfaces/lib/python3.10/site-packages'
[1.603s] Level 1:colcon.colcon_core.environment:checking '/home/moad/VigiWheels/jetsonNano/ros2_ws/install/interfaces/bin'
[1.610s] INFO:colcon.colcon_core.shell:Creating package script '/home/moad/VigiWheels/jetsonNano/ros2_ws/install/interfaces/share/interfaces/package.ps1'
[1.610s] INFO:colcon.colcon_core.shell:Creating package descriptor '/home/moad/VigiWheels/jetsonNano/ros2_ws/install/interfaces/share/interfaces/package.dsv'
[1.610s] INFO:colcon.colcon_core.shell:Creating package script '/home/moad/VigiWheels/jetsonNano/ros2_ws/install/interfaces/share/interfaces/package.sh'
[1.611s] INFO:colcon.colcon_core.shell:Creating package script '/home/moad/VigiWheels/jetsonNano/ros2_ws/install/interfaces/share/interfaces/package.bash'
[1.611s] INFO:colcon.colcon_core.shell:Creating package script '/home/moad/VigiWheels/jetsonNano/ros2_ws/install/interfaces/share/interfaces/package.zsh'
[1.611s] Level 1:colcon.colcon_core.environment:create_file_with_runtime_dependencies(/home/moad/VigiWheels/jetsonNano/ros2_ws/install/interfaces/share/colcon-core/packages/interfaces)
[1.611s] INFO:colcon.colcon_ros.task.ament_cmake.build:Building ROS package in '/home/moad/VigiWheels/jetsonNano/ros2_ws/src/system_check_ack' with build type 'ament_cmake'
[1.611s] INFO:colcon.colcon_cmake.task.cmake.build:Building CMake package in '/home/moad/VigiWheels/jetsonNano/ros2_ws/src/system_check_ack'
[1.619s] INFO:colcon.colcon_core.shell:Skip shell extension 'powershell' for command environment: Not usable outside of PowerShell
[1.619s] DEBUG:colcon.colcon_core.shell:Skip shell extension 'dsv' for command environment
[1.653s] Level 1:colcon.colcon_core.environment:create_environment_scripts_only(geicar_start_jetson)
[1.660s] Level 1:colcon.colcon_core.environment:checking '/home/moad/VigiWheels/jetsonNano/ros2_ws/install/geicar_start_jetson' for CMake module files
[1.661s] Level 1:colcon.colcon_core.environment:checking '/home/moad/VigiWheels/jetsonNano/ros2_ws/install/geicar_start_jetson' for CMake config files
[1.661s] Level 1:colcon.colcon_core.shell:create_environment_hook('geicar_start_jetson', 'cmake_prefix_path')
[1.668s] INFO:colcon.colcon_core.shell:Creating environment hook '/home/moad/VigiWheels/jetsonNano/ros2_ws/install/geicar_start_jetson/share/geicar_start_jetson/hook/cmake_prefix_path.ps1'
[1.668s] INFO:colcon.colcon_core.shell:Creating environment descriptor '/home/moad/VigiWheels/jetsonNano/ros2_ws/install/geicar_start_jetson/share/geicar_start_jetson/hook/cmake_prefix_path.dsv'
[1.668s] INFO:colcon.colcon_core.shell:Creating environment hook '/home/moad/VigiWheels/jetsonNano/ros2_ws/install/geicar_start_jetson/share/geicar_start_jetson/hook/cmake_prefix_path.sh'
[1.669s] Level 1:colcon.colcon_core.environment:checking '/home/moad/VigiWheels/jetsonNano/ros2_ws/install/geicar_start_jetson/bin'
[1.669s] Level 1:colcon.colcon_core.environment:checking '/home/moad/VigiWheels/jetsonNano/ros2_ws/install/geicar_start_jetson/lib/pkgconfig/geicar_start_jetson.pc'
[1.669s] Level 1:colcon.colcon_core.environment:checking '/home/moad/VigiWheels/jetsonNano/ros2_ws/install/geicar_start_jetson/lib/python3.10/site-packages'
[1.669s] Level 1:colcon.colcon_core.environment:checking '/home/moad/VigiWheels/jetsonNano/ros2_ws/install/geicar_start_jetson/bin'
[1.676s] INFO:colcon.colcon_core.shell:Creating package script '/home/moad/VigiWheels/jetsonNano/ros2_ws/install/geicar_start_jetson/share/geicar_start_jetson/package.ps1'
[1.676s] INFO:colcon.colcon_core.shell:Creating package descriptor '/home/moad/VigiWheels/jetsonNano/ros2_ws/install/geicar_start_jetson/share/geicar_start_jetson/package.dsv'
[1.677s] INFO:colcon.colcon_core.shell:Creating package script '/home/moad/VigiWheels/jetsonNano/ros2_ws/install/geicar_start_jetson/share/geicar_start_jetson/package.sh'
[1.677s] INFO:colcon.colcon_core.shell:Creating package script '/home/moad/VigiWheels/jetsonNano/ros2_ws/install/geicar_start_jetson/share/geicar_start_jetson/package.bash'
[1.677s] INFO:colcon.colcon_core.shell:Creating package script '/home/moad/VigiWheels/jetsonNano/ros2_ws/install/geicar_start_jetson/share/geicar_start_jetson/package.zsh'
[1.677s] Level 1:colcon.colcon_core.environment:create_file_with_runtime_dependencies(/home/moad/VigiWheels/jetsonNano/ros2_ws/install/geicar_start_jetson/share/colcon-core/packages/geicar_start_jetson)
[1.679s] DEBUG:colcon.colcon_core.event_handler.log_command:Invoked command in '/home/moad/VigiWheels/jetsonNano/ros2_ws/src/manometer_detection' returned '0': PYTHONPATH=/home/moad/VigiWheels/jetsonNano/ros2_ws/build/manometer_detection/prefix_override:/home/moad/VigiWheels/jetsonNano/ros2_ws/install/manometer_detection/lib/python3.10/site-packages:${PYTHONPATH} /usr/bin/python3 setup.py egg_info --egg-base ../../build/manometer_detection build --build-base /home/moad/VigiWheels/jetsonNano/ros2_ws/build/manometer_detection/build install --record /home/moad/VigiWheels/jetsonNano/ros2_ws/build/manometer_detection/install.log --single-version-externally-managed
[1.693s] Level 1:colcon.colcon_core.environment:checking '/home/moad/VigiWheels/jetsonNano/ros2_ws/install/manometer_detection' for CMake module files
[1.693s] Level 1:colcon.colcon_core.environment:checking '/home/moad/VigiWheels/jetsonNano/ros2_ws/install/manometer_detection' for CMake config files
[1.694s] Level 1:colcon.colcon_core.environment:checking '/home/moad/VigiWheels/jetsonNano/ros2_ws/install/manometer_detection/lib'
[1.694s] Level 1:colcon.colcon_core.environment:checking '/home/moad/VigiWheels/jetsonNano/ros2_ws/install/manometer_detection/bin'
[1.694s] Level 1:colcon.colcon_core.environment:checking '/home/moad/VigiWheels/jetsonNano/ros2_ws/install/manometer_detection/lib/pkgconfig/manometer_detection.pc'
[1.694s] Level 1:colcon.colcon_core.environment:checking '/home/moad/VigiWheels/jetsonNano/ros2_ws/install/manometer_detection/lib/python3.10/site-packages'
[1.694s] Level 1:colcon.colcon_core.shell:create_environment_hook('manometer_detection', 'pythonpath')
[1.701s] INFO:colcon.colcon_core.shell:Creating environment hook '/home/moad/VigiWheels/jetsonNano/ros2_ws/install/manometer_detection/share/manometer_detection/hook/pythonpath.ps1'
[1.701s] INFO:colcon.colcon_core.shell:Creating environment descriptor '/home/moad/VigiWheels/jetsonNano/ros2_ws/install/manometer_detection/share/manometer_detection/hook/pythonpath.dsv'
[1.701s] INFO:colcon.colcon_core.shell:Creating environment hook '/home/moad/VigiWheels/jetsonNano/ros2_ws/install/manometer_detection/share/manometer_detection/hook/pythonpath.sh'
[1.701s] Level 1:colcon.colcon_core.environment:checking '/home/moad/VigiWheels/jetsonNano/ros2_ws/install/manometer_detection/bin'
[1.701s] Level 1:colcon.colcon_core.environment:create_environment_scripts_only(manometer_detection)
[1.709s] INFO:colcon.colcon_core.shell:Creating package script '/home/moad/VigiWheels/jetsonNano/ros2_ws/install/manometer_detection/share/manometer_detection/package.ps1'
[1.709s] INFO:colcon.colcon_core.shell:Creating package descriptor '/home/moad/VigiWheels/jetsonNano/ros2_ws/install/manometer_detection/share/manometer_detection/package.dsv'
[1.709s] INFO:colcon.colcon_core.shell:Creating package script '/home/moad/VigiWheels/jetsonNano/ros2_ws/install/manometer_detection/share/manometer_detection/package.sh'
[1.709s] INFO:colcon.colcon_core.shell:Creating package script '/home/moad/VigiWheels/jetsonNano/ros2_ws/install/manometer_detection/share/manometer_detection/package.bash'
[1.709s] INFO:colcon.colcon_core.shell:Creating package script '/home/moad/VigiWheels/jetsonNano/ros2_ws/install/manometer_detection/share/manometer_detection/package.zsh'
[1.710s] Level 1:colcon.colcon_core.environment:create_file_with_runtime_dependencies(/home/moad/VigiWheels/jetsonNano/ros2_ws/install/manometer_detection/share/colcon-core/packages/manometer_detection)
[1.713s] DEBUG:colcon.colcon_core.event_handler.log_command:Invoking command in '/home/moad/VigiWheels/jetsonNano/ros2_ws/build/system_check_ack': AMENT_PREFIX_PATH=/home/moad/VigiWheels/jetsonNano/ros2_ws/install/interfaces:${AMENT_PREFIX_PATH} CMAKE_PREFIX_PATH=/home/moad/VigiWheels/jetsonNano/ros2_ws/install/interfaces:/home/moad/ros2_ws/install/my_robot_controller:/home/moad/ros2_ws/install/manometer_detection:/opt/ros/humble LD_LIBRARY_PATH=/home/moad/VigiWheels/jetsonNano/ros2_ws/install/interfaces/lib:${LD_LIBRARY_PATH} PYTHONPATH=/home/moad/VigiWheels/jetsonNano/ros2_ws/install/interfaces/local/lib/python3.10/dist-packages:${PYTHONPATH} /usr/bin/cmake --build /home/moad/VigiWheels/jetsonNano/ros2_ws/build/system_check_ack -- -j12 -l12
[1.756s] DEBUG:colcon.colcon_core.event_handler.log_command:Invoked command in '/home/moad/VigiWheels/jetsonNano/ros2_ws/build/system_check_ack' returned '0': AMENT_PREFIX_PATH=/home/moad/VigiWheels/jetsonNano/ros2_ws/install/interfaces:${AMENT_PREFIX_PATH} CMAKE_PREFIX_PATH=/home/moad/VigiWheels/jetsonNano/ros2_ws/install/interfaces:/home/moad/ros2_ws/install/my_robot_controller:/home/moad/ros2_ws/install/manometer_detection:/opt/ros/humble LD_LIBRARY_PATH=/home/moad/VigiWheels/jetsonNano/ros2_ws/install/interfaces/lib:${LD_LIBRARY_PATH} PYTHONPATH=/home/moad/VigiWheels/jetsonNano/ros2_ws/install/interfaces/local/lib/python3.10/dist-packages:${PYTHONPATH} /usr/bin/cmake --build /home/moad/VigiWheels/jetsonNano/ros2_ws/build/system_check_ack -- -j12 -l12
[1.772s] DEBUG:colcon.colcon_core.event_handler.log_command:Invoking command in '/home/moad/VigiWheels/jetsonNano/ros2_ws/build/system_check_ack': AMENT_PREFIX_PATH=/home/moad/VigiWheels/jetsonNano/ros2_ws/install/interfaces:${AMENT_PREFIX_PATH} CMAKE_PREFIX_PATH=/home/moad/VigiWheels/jetsonNano/ros2_ws/install/interfaces:/home/moad/ros2_ws/install/my_robot_controller:/home/moad/ros2_ws/install/manometer_detection:/opt/ros/humble LD_LIBRARY_PATH=/home/moad/VigiWheels/jetsonNano/ros2_ws/install/interfaces/lib:${LD_LIBRARY_PATH} PYTHONPATH=/home/moad/VigiWheels/jetsonNano/ros2_ws/install/interfaces/local/lib/python3.10/dist-packages:${PYTHONPATH} /usr/bin/cmake --install /home/moad/VigiWheels/jetsonNano/ros2_ws/build/system_check_ack
[1.778s] Level 1:colcon.colcon_core.environment:create_environment_scripts_only(system_check_ack)
[1.778s] DEBUG:colcon.colcon_core.event_handler.log_command:Invoked command in '/home/moad/VigiWheels/jetsonNano/ros2_ws/build/system_check_ack' returned '0': AMENT_PREFIX_PATH=/home/moad/VigiWheels/jetsonNano/ros2_ws/install/interfaces:${AMENT_PREFIX_PATH} CMAKE_PREFIX_PATH=/home/moad/VigiWheels/jetsonNano/ros2_ws/install/interfaces:/home/moad/ros2_ws/install/my_robot_controller:/home/moad/ros2_ws/install/manometer_detection:/opt/ros/humble LD_LIBRARY_PATH=/home/moad/VigiWheels/jetsonNano/ros2_ws/install/interfaces/lib:${LD_LIBRARY_PATH} PYTHONPATH=/home/moad/VigiWheels/jetsonNano/ros2_ws/install/interfaces/local/lib/python3.10/dist-packages:${PYTHONPATH} /usr/bin/cmake --install /home/moad/VigiWheels/jetsonNano/ros2_ws/build/system_check_ack
[1.786s] Level 1:colcon.colcon_core.environment:checking '/home/moad/VigiWheels/jetsonNano/ros2_ws/install/system_check_ack' for CMake module files
[1.787s] Level 1:colcon.colcon_core.environment:checking '/home/moad/VigiWheels/jetsonNano/ros2_ws/install/system_check_ack' for CMake config files
[1.787s] Level 1:colcon.colcon_core.shell:create_environment_hook('system_check_ack', 'cmake_prefix_path')
[1.794s] INFO:colcon.colcon_core.shell:Creating environment hook '/home/moad/VigiWheels/jetsonNano/ros2_ws/install/system_check_ack/share/system_check_ack/hook/cmake_prefix_path.ps1'
[1.794s] INFO:colcon.colcon_core.shell:Creating environment descriptor '/home/moad/VigiWheels/jetsonNano/ros2_ws/install/system_check_ack/share/system_check_ack/hook/cmake_prefix_path.dsv'
[1.794s] INFO:colcon.colcon_core.shell:Creating environment hook '/home/moad/VigiWheels/jetsonNano/ros2_ws/install/system_check_ack/share/system_check_ack/hook/cmake_prefix_path.sh'
[1.794s] Level 1:colcon.colcon_core.environment:checking '/home/moad/VigiWheels/jetsonNano/ros2_ws/install/system_check_ack/lib'
[1.795s] Level 1:colcon.colcon_core.environment:checking '/home/moad/VigiWheels/jetsonNano/ros2_ws/install/system_check_ack/bin'
[1.795s] Level 1:colcon.colcon_core.environment:checking '/home/moad/VigiWheels/jetsonNano/ros2_ws/install/system_check_ack/lib/pkgconfig/system_check_ack.pc'
[1.795s] Level 1:colcon.colcon_core.environment:checking '/home/moad/VigiWheels/jetsonNano/ros2_ws/install/system_check_ack/lib/python3.10/site-packages'
[1.795s] Level 1:colcon.colcon_core.environment:checking '/home/moad/VigiWheels/jetsonNano/ros2_ws/install/system_check_ack/bin'
[1.802s] INFO:colcon.colcon_core.shell:Creating package script '/home/moad/VigiWheels/jetsonNano/ros2_ws/install/system_check_ack/share/system_check_ack/package.ps1'
[1.802s] INFO:colcon.colcon_core.shell:Creating package descriptor '/home/moad/VigiWheels/jetsonNano/ros2_ws/install/system_check_ack/share/system_check_ack/package.dsv'
[1.802s] INFO:colcon.colcon_core.shell:Creating package script '/home/moad/VigiWheels/jetsonNano/ros2_ws/install/system_check_ack/share/system_check_ack/package.sh'
[1.802s] INFO:colcon.colcon_core.shell:Creating package script '/home/moad/VigiWheels/jetsonNano/ros2_ws/install/system_check_ack/share/system_check_ack/package.bash'
[1.803s] INFO:colcon.colcon_core.shell:Creating package script '/home/moad/VigiWheels/jetsonNano/ros2_ws/install/system_check_ack/share/system_check_ack/package.zsh'
[1.803s] Level 1:colcon.colcon_core.environment:create_file_with_runtime_dependencies(/home/moad/VigiWheels/jetsonNano/ros2_ws/install/system_check_ack/share/colcon-core/packages/system_check_ack)
[1.825s] Level 1:colcon.colcon_core.environment:create_environment_scripts_only(system_check_ack)
[1.832s] Level 1:colcon.colcon_core.environment:checking '/home/moad/VigiWheels/jetsonNano/ros2_ws/install/system_check_ack' for CMake module files
[1.832s] Level 1:colcon.colcon_core.environment:checking '/home/moad/VigiWheels/jetsonNano/ros2_ws/install/system_check_ack' for CMake config files
[1.832s] Level 1:colcon.colcon_core.shell:create_environment_hook('system_check_ack', 'cmake_prefix_path')
[1.839s] INFO:colcon.colcon_core.shell:Creating environment hook '/home/moad/VigiWheels/jetsonNano/ros2_ws/install/system_check_ack/share/system_check_ack/hook/cmake_prefix_path.ps1'
[1.840s] INFO:colcon.colcon_core.shell:Creating environment descriptor '/home/moad/VigiWheels/jetsonNano/ros2_ws/install/system_check_ack/share/system_check_ack/hook/cmake_prefix_path.dsv'
[1.840s] INFO:colcon.colcon_core.shell:Creating environment hook '/home/moad/VigiWheels/jetsonNano/ros2_ws/install/system_check_ack/share/system_check_ack/hook/cmake_prefix_path.sh'
[1.840s] Level 1:colcon.colcon_core.environment:checking '/home/moad/VigiWheels/jetsonNano/ros2_ws/install/system_check_ack/lib'
[1.840s] Level 1:colcon.colcon_core.environment:checking '/home/moad/VigiWheels/jetsonNano/ros2_ws/install/system_check_ack/bin'
[1.840s] Level 1:colcon.colcon_core.environment:checking '/home/moad/VigiWheels/jetsonNano/ros2_ws/install/system_check_ack/lib/pkgconfig/system_check_ack.pc'
[1.840s] Level 1:colcon.colcon_core.environment:checking '/home/moad/VigiWheels/jetsonNano/ros2_ws/install/system_check_ack/lib/python3.10/site-packages'
[1.840s] Level 1:colcon.colcon_core.environment:checking '/home/moad/VigiWheels/jetsonNano/ros2_ws/install/system_check_ack/bin'
[1.848s] INFO:colcon.colcon_core.shell:Creating package script '/home/moad/VigiWheels/jetsonNano/ros2_ws/install/system_check_ack/share/system_check_ack/package.ps1'
[1.848s] INFO:colcon.colcon_core.shell:Creating package descriptor '/home/moad/VigiWheels/jetsonNano/ros2_ws/install/system_check_ack/share/system_check_ack/package.dsv'
[1.848s] INFO:colcon.colcon_core.shell:Creating package script '/home/moad/VigiWheels/jetsonNano/ros2_ws/install/system_check_ack/share/system_check_ack/package.sh'
[1.848s] INFO:colcon.colcon_core.shell:Creating package script '/home/moad/VigiWheels/jetsonNano/ros2_ws/install/system_check_ack/share/system_check_ack/package.bash'
[1.848s] INFO:colcon.colcon_core.shell:Creating package script '/home/moad/VigiWheels/jetsonNano/ros2_ws/install/system_check_ack/share/system_check_ack/package.zsh'
[1.849s] Level 1:colcon.colcon_core.environment:create_file_with_runtime_dependencies(/home/moad/VigiWheels/jetsonNano/ros2_ws/install/system_check_ack/share/colcon-core/packages/system_check_ack)
[1.849s] DEBUG:colcon.colcon_parallel_executor.executor.parallel:closing loop
[1.849s] DEBUG:colcon.colcon_parallel_executor.executor.parallel:loop closed
[1.849s] DEBUG:colcon.colcon_parallel_executor.executor.parallel:run_until_complete finished with '0'
[1.849s] DEBUG:colcon.colcon_core.event_reactor:joining thread
[1.861s] INFO:colcon.colcon_core.plugin_system:Skipping extension 'colcon_notification.desktop_notification.terminal_notifier': Not used on non-Darwin systems
[1.861s] INFO:colcon.colcon_core.plugin_system:Skipping extension 'colcon_notification.desktop_notification.win32': Not used on non-Windows systems
[1.861s] INFO:colcon.colcon_notification.desktop_notification:Sending desktop notification using 'notify2'
[1.874s] DEBUG:colcon.colcon_core.event_reactor:joined thread
[1.882s] INFO:colcon.colcon_core.shell:Creating prefix script '/home/moad/VigiWheels/jetsonNano/ros2_ws/install/local_setup.ps1'
[1.883s] INFO:colcon.colcon_core.shell:Creating prefix util module '/home/moad/VigiWheels/jetsonNano/ros2_ws/install/_local_setup_util_ps1.py'
[1.884s] INFO:colcon.colcon_core.shell:Creating prefix chain script '/home/moad/VigiWheels/jetsonNano/ros2_ws/install/setup.ps1'
[1.892s] INFO:colcon.colcon_core.shell:Creating prefix script '/home/moad/VigiWheels/jetsonNano/ros2_ws/install/local_setup.sh'
[1.892s] INFO:colcon.colcon_core.shell:Creating prefix util module '/home/moad/VigiWheels/jetsonNano/ros2_ws/install/_local_setup_util_sh.py'
[1.893s] INFO:colcon.colcon_core.shell:Creating prefix chain script '/home/moad/VigiWheels/jetsonNano/ros2_ws/install/setup.sh'
[1.900s] INFO:colcon.colcon_core.shell:Creating prefix script '/home/moad/VigiWheels/jetsonNano/ros2_ws/install/local_setup.bash'
[1.901s] INFO:colcon.colcon_core.shell:Creating prefix chain script '/home/moad/VigiWheels/jetsonNano/ros2_ws/install/setup.bash'
[1.908s] INFO:colcon.colcon_core.shell:Creating prefix script '/home/moad/VigiWheels/jetsonNano/ros2_ws/install/local_setup.zsh'
[1.908s] INFO:colcon.colcon_core.shell:Creating prefix chain script '/home/moad/VigiWheels/jetsonNano/ros2_ws/install/setup.zsh'
