[0.056s] Invoking command in '/home/insa/Desktop/VigiWheels2.0/raspberryPI3/ros2_ws/build/uart': CMAKE_PREFIX_PATH=/home/insa/Desktop/VigiWheels2.0/raspberryPI3/ros2_ws/install/interfaces:/home/insa/Desktop/VigiWheels2.0/raspberryPI3/ros2_ws/install/geicar_start:/home/insa/Desktop/VigiWheels2.0/raspberryPI3/ros2_ws/install/uart:/home/insa/Desktop/VigiWheels2.0/raspberryPI3/ros2_ws/install/system_check:/home/insa/Desktop/VigiWheels2.0/raspberryPI3/ros2_ws/install/simulation:/home/insa/Desktop/VigiWheels2.0/raspberryPI3/ros2_ws/install/servo_cam:/home/insa/Desktop/VigiWheels2.0/raspberryPI3/ros2_ws/install/imu_tools:/home/insa/Desktop/VigiWheels2.0/raspberryPI3/ros2_ws/install/rviz_imu_plugin:/home/insa/Desktop/VigiWheels2.0/raspberryPI3/ros2_ws/install/obstacles:/home/insa/Desktop/VigiWheels2.0/raspberryPI3/ros2_ws/install/joystick:/home/insa/Desktop/VigiWheels2.0/raspberryPI3/ros2_ws/install/fire_detection:/home/insa/Desktop/VigiWheels2.0/raspberryPI3/ros2_ws/install/car_control:/home/insa/Desktop/VigiWheels2.0/raspberryPI3/ros2_ws/install/can:/home/insa/Desktop/VigiWheels2.0/raspberryPI3/ros2_ws/install/imu_filter_madgwick:/home/insa/Desktop/VigiWheels2.0/raspberryPI3/ros2_ws/install/imu_complementary_filter:/home/insa/Desktop/VigiWheels2.0/raspberryPI3/ros2_ws/install/carla_msgs:/home/insa/Desktop/VigiWheels/raspberryPI3/ros2_ws/install/geicar_start:/home/insa/Desktop/VigiWheels/raspberryPI3/ros2_ws/install/system_check:/home/insa/Desktop/VigiWheels/raspberryPI3/ros2_ws/install/simulation:/home/insa/Desktop/VigiWheels/raspberryPI3/ros2_ws/install/serial_port:/home/insa/Desktop/VigiWheels/raspberryPI3/ros2_ws/install/imu_tools:/home/insa/Desktop/VigiWheels/raspberryPI3/ros2_ws/install/rviz_imu_plugin:/home/insa/Desktop/VigiWheels/raspberryPI3/ros2_ws/install/joystick:/home/insa/Desktop/VigiWheels/raspberryPI3/ros2_ws/install/fire_detection:/home/insa/Desktop/VigiWheels/raspberryPI3/ros2_ws/install/car_control:/home/insa/Desktop/VigiWheels/raspberryPI3/ros2_ws/install/can:/home/insa/Desktop/VigiWheels/raspberryPI3/ros2_ws/install/interfaces:/home/insa/Desktop/VigiWheels/raspberryPI3/ros2_ws/install/imu_filter_madgwick:/home/insa/Desktop/VigiWheels/raspberryPI3/ros2_ws/install/imu_complementary_filter:/home/insa/Desktop/VigiWheels/raspberryPI3/ros2_ws/install/carla_msgs:/opt/ros/humble LD_LIBRARY_PATH=/home/insa/Desktop/VigiWheels2.0/raspberryPI3/ros2_ws/install/interfaces/lib:/home/insa/Desktop/VigiWheels2.0/raspberryPI3/ros2_ws/install/rviz_imu_plugin/lib:/home/insa/Desktop/VigiWheels2.0/raspberryPI3/ros2_ws/install/imu_filter_madgwick/lib:/home/insa/Desktop/VigiWheels2.0/raspberryPI3/ros2_ws/install/carla_msgs/lib:/home/insa/Desktop/VigiWheels/raspberryPI3/ros2_ws/install/rviz_imu_plugin/lib:/home/insa/Desktop/VigiWheels/raspberryPI3/ros2_ws/install/interfaces/lib:/home/insa/Desktop/VigiWheels/raspberryPI3/ros2_ws/install/imu_filter_madgwick/lib:/home/insa/Desktop/VigiWheels/raspberryPI3/ros2_ws/install/carla_msgs/lib:/usr/lib/x86_64-linux-gnu/gazebo-11/plugins:/opt/ros/humble/opt/rviz_ogre_vendor/lib:/opt/ros/humble/lib/x86_64-linux-gnu:/opt/ros/humble/lib:/usr/local/lustre-v4-IV.2023.293-linux64//esterelv5_21.linux/lib /usr/bin/cmake --build /home/insa/Desktop/VigiWheels2.0/raspberryPI3/ros2_ws/build/uart -- -j8 -l8
[0.087s] [35m[1mConsolidate compiler generated dependencies of target serial_reading_node[0m
[0.087s] [35m[1mConsolidate compiler generated dependencies of target serial_writing_node[0m
[0.100s] [ 75%] Built target serial_reading_node
[0.100s] [ 75%] [32mBuilding CXX object CMakeFiles/serial_writing_node.dir/src/serial_writing.cpp.o[0m
[1.544s] [01m[K/home/insa/Desktop/VigiWheels2.0/raspberryPI3/ros2_ws/src/uart/src/serial_writing.cpp:284:2:[m[K [01;31m[Kerror: [m[Kexpected ‘[01m[K}[m[K’ at end of input
[1.544s]   284 | }
[1.544s]       |  [01;31m[K^[m[K
[1.544s] [01m[K/home/insa/Desktop/VigiWheels2.0/raspberryPI3/ros2_ws/src/uart/src/serial_writing.cpp:27:1:[m[K [01;36m[Knote: [m[Kto match this ‘[01m[K{[m[K’
[1.544s]    27 | [01;36m[K{[m[K
[1.544s]       | [01;36m[K^[m[K
[1.544s] [01m[K/home/insa/Desktop/VigiWheels2.0/raspberryPI3/ros2_ws/src/uart/src/serial_writing.cpp:[m[K In constructor ‘[01m[KSerialWritingNode::SerialWritingNode()[m[K’:
[1.544s] [01m[K/home/insa/Desktop/VigiWheels2.0/raspberryPI3/ros2_ws/src/uart/src/serial_writing.cpp:29:56:[m[K [01;31m[Kerror: [m[Kclass ‘[01m[KSerialWritingNode[m[K’ does not have any field named ‘[01m[Kserial_port_[m[K’
[1.544s]    29 |     SerialWritingNode() : Node("Serial_writing_node"), [01;31m[Kserial_port_[m[K(-1), serial_error_logged_(false)
[1.544s]       |                                                        [01;31m[K^~~~~~~~~~~~[m[K
[1.544s] [01m[K/home/insa/Desktop/VigiWheels2.0/raspberryPI3/ros2_ws/src/uart/src/serial_writing.cpp:29:74:[m[K [01;31m[Kerror: [m[Kclass ‘[01m[KSerialWritingNode[m[K’ does not have any field named ‘[01m[Kserial_error_logged_[m[K’
[1.544s]    29 |     SerialWritingNode() : Node("Serial_writing_node"), serial_port_(-1), [01;31m[Kserial_error_logged_[m[K(false)
[1.544s]       |                                                                          [01;31m[K^~~~~~~~~~~~~~~~~~~~[m[K
[1.550s] [01m[K/home/insa/Desktop/VigiWheels2.0/raspberryPI3/ros2_ws/src/uart/src/serial_writing.cpp:33:9:[m[K [01;31m[Kerror: [m[K‘[01m[KinitSerialPort[m[K’ was not declared in this scope
[1.550s]    33 |         [01;31m[KinitSerialPort[m[K();
[1.550s]       |         [01;31m[K^~~~~~~~~~~~~~[m[K
[1.558s] [01m[K/home/insa/Desktop/VigiWheels2.0/raspberryPI3/ros2_ws/src/uart/src/serial_writing.cpp:35:9:[m[K [01;31m[Kerror: [m[K‘[01m[Ksubscription_emergency_alert[m[K’ was not declared in this scope
[1.558s]    35 |         [01;31m[Ksubscription_emergency_alert[m[K = this->create_subscription<interfaces::msg::EmergencyAlertFire>(
[1.559s]       |         [01;31m[K^~~~~~~~~~~~~~~~~~~~~~~~~~~~[m[K
[1.559s] [01m[K/home/insa/Desktop/VigiWheels2.0/raspberryPI3/ros2_ws/src/uart/src/serial_writing.cpp:36:66:[m[K [01;31m[Kerror: [m[K‘[01m[KemergencyAlertFireCallback[m[K’ is not a member of ‘[01m[KSerialWritingNode[m[K’
[1.559s]    36 |             "emergency_alert", 10, std::bind(&SerialWritingNode::[01;31m[KemergencyAlertFireCallback[m[K, this, std::placeholders::_1));
[1.559s]       |                                                                  [01;31m[K^~~~~~~~~~~~~~~~~~~~~~~~~~[m[K
[1.567s] [01m[K/home/insa/Desktop/VigiWheels2.0/raspberryPI3/ros2_ws/src/uart/src/serial_writing.cpp:38:9:[m[K [01;31m[Kerror: [m[K‘[01m[Ksubscription_servo_cam_order_[m[K’ was not declared in this scope
[1.567s]    38 |         [01;31m[Ksubscription_servo_cam_order_[m[K = this->create_subscription<interfaces::msg::ServoCamOrder>(
[1.567s]       |         [01;31m[K^~~~~~~~~~~~~~~~~~~~~~~~~~~~~[m[K
[1.567s] [01m[K/home/insa/Desktop/VigiWheels2.0/raspberryPI3/ros2_ws/src/uart/src/serial_writing.cpp:39:66:[m[K [01;31m[Kerror: [m[K‘[01m[KsendServoCamOrderCallback[m[K’ is not a member of ‘[01m[KSerialWritingNode[m[K’
[1.567s]    39 |             "servo_cam_order", 10, std::bind(&SerialWritingNode::[01;31m[KsendServoCamOrderCallback[m[K, this, _1));
[1.567s]       |                                                                  [01;31m[K^~~~~~~~~~~~~~~~~~~~~~~~~[m[K
[1.575s] [01m[K/home/insa/Desktop/VigiWheels2.0/raspberryPI3/ros2_ws/src/uart/src/serial_writing.cpp:41:9:[m[K [01;31m[Kerror: [m[K‘[01m[Ksubscription_pressure_alert[m[K’ was not declared in this scope
[1.575s]    41 |         [01;31m[Ksubscription_pressure_alert[m[K = this->create_subscription<interfaces::msg::PressureLevel>(
[1.575s]       |         [01;31m[K^~~~~~~~~~~~~~~~~~~~~~~~~~~[m[K
[1.575s] [01m[K/home/insa/Desktop/VigiWheels2.0/raspberryPI3/ros2_ws/src/uart/src/serial_writing.cpp:42:65:[m[K [01;31m[Kerror: [m[K‘[01m[KalertPressureCallback[m[K’ is not a member of ‘[01m[KSerialWritingNode[m[K’
[1.575s]    42 |             "pressure_level", 10, std::bind(&SerialWritingNode::[01;31m[KalertPressureCallback[m[K, this, std::placeholders::_1));
[1.575s]       |                                                                 [01;31m[K^~~~~~~~~~~~~~~~~~~~~[m[K
[1.575s] [01m[K/home/insa/Desktop/VigiWheels2.0/raspberryPI3/ros2_ws/src/uart/src/serial_writing.cpp:45:5:[m[K [01;31m[Kerror: [m[Kno match for ‘[01m[Koperator~[m[K’ (operand type is ‘[01m[KSerialWritingNode[m[K’)
[1.575s]    45 |     [01;31m[K~SerialWritingNode()[m[K
[1.575s]       |     [01;31m[K^~~~~~~~~~~~~~~~~~~~[m[K
[1.576s] In file included from [01m[K/opt/ros/humble/include/rclcpp/rclcpp/executors.hpp:18[m[K,
[1.576s]                  from [01m[K/opt/ros/humble/include/rclcpp/rclcpp/rclcpp.hpp:155[m[K,
[1.576s]                  from [01m[K/home/insa/Desktop/VigiWheels2.0/raspberryPI3/ros2_ws/src/uart/src/serial_writing.cpp:8[m[K:
[1.576s] [01m[K/usr/include/c++/11/future:160:20:[m[K [01;36m[Knote: [m[Kcandidate: ‘[01m[Kconstexpr std::launch std::operator~(std::launch)[m[K’
[1.576s]   160 |   constexpr launch [01;36m[Koperator[m[K~(launch __x) noexcept
[1.576s]       |                    [01;36m[K^~~~~~~~[m[K
[1.576s] [01m[K/usr/include/c++/11/future:160:37:[m[K [01;36m[Knote: [m[K  no known conversion for argument 1 from ‘[01m[KSerialWritingNode[m[K’ to ‘[01m[Kstd::launch[m[K’
[1.576s]   160 |   constexpr launch operator~([01;36m[Klaunch __x[m[K) noexcept
[1.576s]       |                              [01;36m[K~~~~~~~^~~[m[K
[1.576s] In file included from [01m[K/usr/include/c++/11/ios:42[m[K,
[1.576s]                  from [01m[K/usr/include/c++/11/ostream:38[m[K,
[1.576s]                  from [01m[K/usr/include/c++/11/iostream:39[m[K,
[1.576s]                  from [01m[K/opt/ros/humble/include/rclcpp/rclcpp/executor.hpp:22[m[K,
[1.576s]                  from [01m[K/opt/ros/humble/include/rclcpp/rclcpp/executors/multi_threaded_executor.hpp:25[m[K,
[1.576s]                  from [01m[K/opt/ros/humble/include/rclcpp/rclcpp/executors.hpp:21[m[K,
[1.576s]                  from [01m[K/opt/ros/humble/include/rclcpp/rclcpp/rclcpp.hpp:155[m[K,
[1.576s]                  from [01m[K/home/insa/Desktop/VigiWheels2.0/raspberryPI3/ros2_ws/src/uart/src/serial_writing.cpp:8[m[K:
[1.576s] [01m[K/usr/include/c++/11/bits/ios_base.h:95:3:[m[K [01;36m[Knote: [m[Kcandidate: ‘[01m[Kconstexpr std::_Ios_Fmtflags std::operator~(std::_Ios_Fmtflags)[m[K’
[1.576s]    95 |   [01;36m[Koperator[m[K~(_Ios_Fmtflags __a)
[1.576s]       |   [01;36m[K^~~~~~~~[m[K
[1.576s] [01m[K/usr/include/c++/11/bits/ios_base.h:95:27:[m[K [01;36m[Knote: [m[K  no known conversion for argument 1 from ‘[01m[KSerialWritingNode[m[K’ to ‘[01m[Kstd::_Ios_Fmtflags[m[K’
[1.576s]    95 |   operator~([01;36m[K_Ios_Fmtflags __a[m[K)
[1.576s]       |             [01;36m[K~~~~~~~~~~~~~~^~~[m[K
[1.576s] [01m[K/usr/include/c++/11/bits/ios_base.h:137:3:[m[K [01;36m[Knote: [m[Kcandidate: ‘[01m[Kconstexpr std::_Ios_Openmode std::operator~(std::_Ios_Openmode)[m[K’
[1.576s]   137 |   [01;36m[Koperator[m[K~(_Ios_Openmode __a)
[1.576s]       |   [01;36m[K^~~~~~~~[m[K
[1.576s] [01m[K/usr/include/c++/11/bits/ios_base.h:137:27:[m[K [01;36m[Knote: [m[K  no known conversion for argument 1 from ‘[01m[KSerialWritingNode[m[K’ to ‘[01m[Kstd::_Ios_Openmode[m[K’
[1.576s]   137 |   operator~([01;36m[K_Ios_Openmode __a[m[K)
[1.576s]       |             [01;36m[K~~~~~~~~~~~~~~^~~[m[K
[1.577s] [01m[K/usr/include/c++/11/bits/ios_base.h:177:3:[m[K [01;36m[Knote: [m[Kcandidate: ‘[01m[Kconstexpr std::_Ios_Iostate std::operator~(std::_Ios_Iostate)[m[K’
[1.577s]   177 |   [01;36m[Koperator[m[K~(_Ios_Iostate __a)
[1.577s]       |   [01;36m[K^~~~~~~~[m[K
[1.577s] [01m[K/usr/include/c++/11/bits/ios_base.h:177:26:[m[K [01;36m[Knote: [m[K  no known conversion for argument 1 from ‘[01m[KSerialWritingNode[m[K’ to ‘[01m[Kstd::_Ios_Iostate[m[K’
[1.577s]   177 |   operator~([01;36m[K_Ios_Iostate __a[m[K)
[1.577s]       |             [01;36m[K~~~~~~~~~~~~~^~~[m[K
[1.577s] [01m[K/home/insa/Desktop/VigiWheels2.0/raspberryPI3/ros2_ws/src/uart/src/serial_writing.cpp:50:1:[m[K [01;31m[Kerror: [m[Kexpected primary-expression before ‘[01m[Kprivate[m[K’
[1.577s]    50 | [01;31m[Kprivate[m[K:
[1.577s]       | [01;31m[K^~~~~~~[m[K
[1.577s] [01m[K/home/insa/Desktop/VigiWheels2.0/raspberryPI3/ros2_ws/src/uart/src/serial_writing.cpp:91:5:[m[K [01;31m[Kerror: [m[Ka function-definition is not allowed here before ‘[01m[K{[m[K’ token
[1.577s]    91 |     [01;31m[K{[m[K
[1.577s]       |     [01;31m[K^[m[K
[1.577s] [01m[K/home/insa/Desktop/VigiWheels2.0/raspberryPI3/ros2_ws/src/uart/src/serial_writing.cpp:136:5:[m[K [01;31m[Kerror: [m[Ka function-definition is not allowed here before ‘[01m[K{[m[K’ token
[1.577s]   136 |     [01;31m[K{[m[K
[1.577s]       |     [01;31m[K^[m[K
[1.577s] [01m[K/home/insa/Desktop/VigiWheels2.0/raspberryPI3/ros2_ws/src/uart/src/serial_writing.cpp:148:5:[m[K [01;31m[Kerror: [m[Ka function-definition is not allowed here before ‘[01m[K{[m[K’ token
[1.577s]   148 |     [01;31m[K{[m[K
[1.577s]       |     [01;31m[K^[m[K
[1.577s] [01m[K/home/insa/Desktop/VigiWheels2.0/raspberryPI3/ros2_ws/src/uart/src/serial_writing.cpp:193:5:[m[K [01;31m[Kerror: [m[Ka function-definition is not allowed here before ‘[01m[K{[m[K’ token
[1.577s]   193 |     [01;31m[K{[m[K
[1.577s]       |     [01;31m[K^[m[K
[1.577s] [01m[K/home/insa/Desktop/VigiWheels2.0/raspberryPI3/ros2_ws/src/uart/src/serial_writing.cpp:241:5:[m[K [01;31m[Kerror: [m[Ka function-definition is not allowed here before ‘[01m[K{[m[K’ token
[1.577s]   241 |     [01;31m[K{[m[K
[1.577s]       |     [01;31m[K^[m[K
[1.577s] [01m[K/home/insa/Desktop/VigiWheels2.0/raspberryPI3/ros2_ws/src/uart/src/serial_writing.cpp:246:5:[m[K [01;31m[Kerror: [m[Ka function-definition is not allowed here before ‘[01m[K{[m[K’ token
[1.577s]   246 |     [01;31m[K{[m[K
[1.577s]       |     [01;31m[K^[m[K
[1.654s] [01m[K/home/insa/Desktop/VigiWheels2.0/raspberryPI3/ros2_ws/src/uart/src/serial_writing.cpp:270:9:[m[K [01;35m[Kwarning: [m[Kunused variable ‘[01m[Kserial_port_[m[K’ [[01;35m[K]8;;https://gcc.gnu.org/onlinedocs/gcc/Warning-Options.html#index-Wunused-variable-Wunused-variable]8;;[m[K]
[1.654s]   270 |     int [01;35m[Kserial_port_[m[K;
[1.654s]       |         [01;35m[K^~~~~~~~~~~~[m[K
[1.654s] [01m[K/home/insa/Desktop/VigiWheels2.0/raspberryPI3/ros2_ws/src/uart/src/serial_writing.cpp:271:10:[m[K [01;35m[Kwarning: [m[Kunused variable ‘[01m[Kserial_error_logged_[m[K’ [[01;35m[K]8;;https://gcc.gnu.org/onlinedocs/gcc/Warning-Options.html#index-Wunused-variable-Wunused-variable]8;;[m[K]
[1.654s]   271 |     bool [01;35m[Kserial_error_logged_[m[K;
[1.654s]       |          [01;35m[K^~~~~~~~~~~~~~~~~~~~[m[K
[1.657s] [01m[K/home/insa/Desktop/VigiWheels2.0/raspberryPI3/ros2_ws/src/uart/src/serial_writing.cpp:[m[K At global scope:
[1.657s] [01m[K/home/insa/Desktop/VigiWheels2.0/raspberryPI3/ros2_ws/src/uart/src/serial_writing.cpp:284:2:[m[K [01;31m[Kerror: [m[Kexpected unqualified-id at end of input
[1.657s]   284 | }
[1.657s]       |  [01;31m[K^[m[K
[1.954s] gmake[2]: *** [CMakeFiles/serial_writing_node.dir/build.make:76: CMakeFiles/serial_writing_node.dir/src/serial_writing.cpp.o] Error 1
[1.954s] gmake[1]: *** [CMakeFiles/Makefile2:165: CMakeFiles/serial_writing_node.dir/all] Error 2
[1.954s] gmake: *** [Makefile:146: all] Error 2
[1.956s] Invoked command in '/home/insa/Desktop/VigiWheels2.0/raspberryPI3/ros2_ws/build/uart' returned '2': CMAKE_PREFIX_PATH=/home/insa/Desktop/VigiWheels2.0/raspberryPI3/ros2_ws/install/interfaces:/home/insa/Desktop/VigiWheels2.0/raspberryPI3/ros2_ws/install/geicar_start:/home/insa/Desktop/VigiWheels2.0/raspberryPI3/ros2_ws/install/uart:/home/insa/Desktop/VigiWheels2.0/raspberryPI3/ros2_ws/install/system_check:/home/insa/Desktop/VigiWheels2.0/raspberryPI3/ros2_ws/install/simulation:/home/insa/Desktop/VigiWheels2.0/raspberryPI3/ros2_ws/install/servo_cam:/home/insa/Desktop/VigiWheels2.0/raspberryPI3/ros2_ws/install/imu_tools:/home/insa/Desktop/VigiWheels2.0/raspberryPI3/ros2_ws/install/rviz_imu_plugin:/home/insa/Desktop/VigiWheels2.0/raspberryPI3/ros2_ws/install/obstacles:/home/insa/Desktop/VigiWheels2.0/raspberryPI3/ros2_ws/install/joystick:/home/insa/Desktop/VigiWheels2.0/raspberryPI3/ros2_ws/install/fire_detection:/home/insa/Desktop/VigiWheels2.0/raspberryPI3/ros2_ws/install/car_control:/home/insa/Desktop/VigiWheels2.0/raspberryPI3/ros2_ws/install/can:/home/insa/Desktop/VigiWheels2.0/raspberryPI3/ros2_ws/install/imu_filter_madgwick:/home/insa/Desktop/VigiWheels2.0/raspberryPI3/ros2_ws/install/imu_complementary_filter:/home/insa/Desktop/VigiWheels2.0/raspberryPI3/ros2_ws/install/carla_msgs:/home/insa/Desktop/VigiWheels/raspberryPI3/ros2_ws/install/geicar_start:/home/insa/Desktop/VigiWheels/raspberryPI3/ros2_ws/install/system_check:/home/insa/Desktop/VigiWheels/raspberryPI3/ros2_ws/install/simulation:/home/insa/Desktop/VigiWheels/raspberryPI3/ros2_ws/install/serial_port:/home/insa/Desktop/VigiWheels/raspberryPI3/ros2_ws/install/imu_tools:/home/insa/Desktop/VigiWheels/raspberryPI3/ros2_ws/install/rviz_imu_plugin:/home/insa/Desktop/VigiWheels/raspberryPI3/ros2_ws/install/joystick:/home/insa/Desktop/VigiWheels/raspberryPI3/ros2_ws/install/fire_detection:/home/insa/Desktop/VigiWheels/raspberryPI3/ros2_ws/install/car_control:/home/insa/Desktop/VigiWheels/raspberryPI3/ros2_ws/install/can:/home/insa/Desktop/VigiWheels/raspberryPI3/ros2_ws/install/interfaces:/home/insa/Desktop/VigiWheels/raspberryPI3/ros2_ws/install/imu_filter_madgwick:/home/insa/Desktop/VigiWheels/raspberryPI3/ros2_ws/install/imu_complementary_filter:/home/insa/Desktop/VigiWheels/raspberryPI3/ros2_ws/install/carla_msgs:/opt/ros/humble LD_LIBRARY_PATH=/home/insa/Desktop/VigiWheels2.0/raspberryPI3/ros2_ws/install/interfaces/lib:/home/insa/Desktop/VigiWheels2.0/raspberryPI3/ros2_ws/install/rviz_imu_plugin/lib:/home/insa/Desktop/VigiWheels2.0/raspberryPI3/ros2_ws/install/imu_filter_madgwick/lib:/home/insa/Desktop/VigiWheels2.0/raspberryPI3/ros2_ws/install/carla_msgs/lib:/home/insa/Desktop/VigiWheels/raspberryPI3/ros2_ws/install/rviz_imu_plugin/lib:/home/insa/Desktop/VigiWheels/raspberryPI3/ros2_ws/install/interfaces/lib:/home/insa/Desktop/VigiWheels/raspberryPI3/ros2_ws/install/imu_filter_madgwick/lib:/home/insa/Desktop/VigiWheels/raspberryPI3/ros2_ws/install/carla_msgs/lib:/usr/lib/x86_64-linux-gnu/gazebo-11/plugins:/opt/ros/humble/opt/rviz_ogre_vendor/lib:/opt/ros/humble/lib/x86_64-linux-gnu:/opt/ros/humble/lib:/usr/local/lustre-v4-IV.2023.293-linux64//esterelv5_21.linux/lib /usr/bin/cmake --build /home/insa/Desktop/VigiWheels2.0/raspberryPI3/ros2_ws/build/uart -- -j8 -l8
