[0.312s] Invoking command in '/home/insa/Desktop/3.0/VigiWheels/raspberryPI3/ros2_ws/build/imu_filter_madgwick': CMAKE_PREFIX_PATH=${CMAKE_PREFIX_PATH}:/opt/ros/humble /usr/bin/cmake /home/insa/Desktop/3.0/VigiWheels/raspberryPI3/ros2_ws/src/imu_tools/imu_filter_madgwick -DCMAKE_INSTALL_PREFIX=/home/insa/Desktop/3.0/VigiWheels/raspberryPI3/ros2_ws/install/imu_filter_madgwick
[0.421s] -- The C compiler identification is GNU 11.4.0
[0.506s] -- The CXX compiler identification is GNU 11.4.0
[0.515s] -- Detecting C compiler ABI info
[0.601s] -- Detecting C compiler ABI info - done
[0.610s] -- Check for working C compiler: /usr/bin/cc - skipped
[0.610s] -- Detecting C compile features
[0.611s] -- Detecting C compile features - done
[0.614s] -- Detecting CXX compiler ABI info
[0.723s] -- Detecting CXX compiler ABI info - done
[0.724s] -- Check for working CXX compiler: /usr/bin/c++ - skipped
[0.724s] -- Detecting CXX compile features
[0.724s] -- Detecting CXX compile features - done
[0.728s] -- Found ament_cmake: 1.3.5 (/opt/ros/humble/share/ament_cmake/cmake)
[0.950s] -- Found Python3: /usr/bin/python3.10 (found version "3.10.12") found components: Interpreter 
[1.133s] -- Found rclcpp: 16.0.6 (/opt/ros/humble/share/rclcpp/cmake)
[1.210s] -- Found rosidl_generator_c: 3.1.5 (/opt/ros/humble/share/rosidl_generator_c/cmake)
[1.221s] -- Found rosidl_adapter: 3.1.5 (/opt/ros/humble/share/rosidl_adapter/cmake)
[1.236s] -- Found rosidl_generator_cpp: 3.1.5 (/opt/ros/humble/share/rosidl_generator_cpp/cmake)
[1.264s] -- Using all available rosidl_typesupport_c: rosidl_typesupport_fastrtps_c;rosidl_typesupport_introspection_c
[1.300s] -- Using all available rosidl_typesupport_cpp: rosidl_typesupport_fastrtps_cpp;rosidl_typesupport_introspection_cpp
[1.426s] -- Found rmw_implementation_cmake: 6.1.1 (/opt/ros/humble/share/rmw_implementation_cmake/cmake)
[1.437s] -- Found rmw_fastrtps_cpp: 6.2.4 (/opt/ros/humble/share/rmw_fastrtps_cpp/cmake)
[1.597s] -- Found OpenSSL: /usr/lib/x86_64-linux-gnu/libcrypto.so (found version "3.0.2")  
[1.633s] -- Found FastRTPS: /opt/ros/humble/include  
[1.696s] -- Using RMW implementation 'rmw_fastrtps_cpp' as default
[1.715s] -- Looking for pthread.h
[1.795s] -- Looking for pthread.h - found
[1.795s] -- Performing Test CMAKE_HAVE_LIBC_PTHREAD
[1.874s] -- Performing Test CMAKE_HAVE_LIBC_PTHREAD - Success
[1.875s] -- Found Threads: TRUE  
[2.095s] -- Found rclcpp_components: 16.0.6 (/opt/ros/humble/share/rclcpp_components/cmake)
[2.202s] -- Found geometry_msgs: 4.2.3 (/opt/ros/humble/share/geometry_msgs/cmake)
[2.258s] -- Found tf2_geometry_msgs: 0.25.4 (/opt/ros/humble/share/tf2_geometry_msgs/cmake)
[2.307s] -- Found eigen3_cmake_module: 0.1.1 (/opt/ros/humble/share/eigen3_cmake_module/cmake)
[2.309s] -- Found Eigen3: TRUE (found version "3.4.0") 
[2.309s] -- Ensuring Eigen3 include directory is part of orocos-kdl CMake target
[2.745s] -- Found sensor_msgs: 4.2.3 (/opt/ros/humble/share/sensor_msgs/cmake)
[2.952s] -- Found ament_cmake_gtest: 1.3.5 (/opt/ros/humble/share/ament_cmake_gtest/cmake)
[2.990s] -- Found gtest sources under '/opt/ros/humble/src/gtest_vendor': C++ tests using 'Google Test' will be built
[3.110s] -- Configuring done
[3.164s] -- Generating done
[3.167s] -- Build files have been written to: /home/insa/Desktop/3.0/VigiWheels/raspberryPI3/ros2_ws/build/imu_filter_madgwick
[3.191s] Invoked command in '/home/insa/Desktop/3.0/VigiWheels/raspberryPI3/ros2_ws/build/imu_filter_madgwick' returned '0': CMAKE_PREFIX_PATH=${CMAKE_PREFIX_PATH}:/opt/ros/humble /usr/bin/cmake /home/insa/Desktop/3.0/VigiWheels/raspberryPI3/ros2_ws/src/imu_tools/imu_filter_madgwick -DCMAKE_INSTALL_PREFIX=/home/insa/Desktop/3.0/VigiWheels/raspberryPI3/ros2_ws/install/imu_filter_madgwick
[3.192s] Invoking command in '/home/insa/Desktop/3.0/VigiWheels/raspberryPI3/ros2_ws/build/imu_filter_madgwick': CMAKE_PREFIX_PATH=${CMAKE_PREFIX_PATH}:/opt/ros/humble /usr/bin/cmake --build /home/insa/Desktop/3.0/VigiWheels/raspberryPI3/ros2_ws/build/imu_filter_madgwick -- -j8 -l8
[3.963s] [  7%] [32mBuilding CXX object CMakeFiles/imu_filter_madgwick.dir/src/imu_filter.cpp.o[0m
[3.963s] [ 14%] [32mBuilding CXX object CMakeFiles/imu_filter_madgwick.dir/src/imu_filter_ros.cpp.o[0m
[3.963s] [ 21%] [32mBuilding CXX object CMakeFiles/imu_filter_madgwick.dir/src/stateless_orientation.cpp.o[0m
[3.963s] [ 28%] [32mBuilding CXX object gtest/CMakeFiles/gtest.dir/src/gtest-all.cc.o[0m
[3.963s] [ 35%] [32mBuilding CXX object gtest/CMakeFiles/gtest_main.dir/src/gtest_main.cc.o[0m
[5.976s] [ 42%] [32m[1mLinking CXX static library libgtest_main.a[0m
[6.153s] [ 42%] Built target gtest_main
[16.038s] [ 50%] [32m[1mLinking CXX static library libgtest.a[0m
[16.519s] [ 50%] Built target gtest
[59.760s] [ 57%] [32m[1mLinking CXX shared library libimu_filter_madgwick.so[0m
[61.742s] [ 57%] Built target imu_filter_madgwick
[61.766s] [ 64%] [32mBuilding CXX object CMakeFiles/imu_filter_madgwick_node.dir/src/imu_filter_node.cpp.o[0m
[66.662s] [ 71%] [32m[1mLinking CXX executable imu_filter_madgwick_node[0m
[67.450s] [ 71%] Built target imu_filter_madgwick_node
[67.487s] [ 78%] [32mBuilding CXX object test/CMakeFiles/stateless_orientation_test.dir/stateless_orientation_test.cpp.o[0m
[69.999s] [ 85%] [32m[1mLinking CXX executable stateless_orientation_test[0m
[70.939s] [ 85%] Built target stateless_orientation_test
[70.976s] [ 92%] [32mBuilding CXX object test/CMakeFiles/madgwick_test.dir/madgwick_test.cpp.o[0m
[73.814s] [100%] [32m[1mLinking CXX executable madgwick_test[0m
[74.814s] [100%] Built target madgwick_test
[74.850s] Invoked command in '/home/insa/Desktop/3.0/VigiWheels/raspberryPI3/ros2_ws/build/imu_filter_madgwick' returned '0': CMAKE_PREFIX_PATH=${CMAKE_PREFIX_PATH}:/opt/ros/humble /usr/bin/cmake --build /home/insa/Desktop/3.0/VigiWheels/raspberryPI3/ros2_ws/build/imu_filter_madgwick -- -j8 -l8
[74.965s] Invoking command in '/home/insa/Desktop/3.0/VigiWheels/raspberryPI3/ros2_ws/build/imu_filter_madgwick': CMAKE_PREFIX_PATH=${CMAKE_PREFIX_PATH}:/opt/ros/humble /usr/bin/cmake --install /home/insa/Desktop/3.0/VigiWheels/raspberryPI3/ros2_ws/build/imu_filter_madgwick
[80.042s] -- Install configuration: ""
[80.042s] -- Installing: /home/insa/Desktop/3.0/VigiWheels/raspberryPI3/ros2_ws/install/imu_filter_madgwick/lib/libimu_filter_madgwick.so
[80.043s] -- Set runtime path of "/home/insa/Desktop/3.0/VigiWheels/raspberryPI3/ros2_ws/install/imu_filter_madgwick/lib/libimu_filter_madgwick.so" to ""
[80.043s] -- Installing: /home/insa/Desktop/3.0/VigiWheels/raspberryPI3/ros2_ws/install/imu_filter_madgwick/include
[80.043s] -- Installing: /home/insa/Desktop/3.0/VigiWheels/raspberryPI3/ros2_ws/install/imu_filter_madgwick/include/imu_filter_madgwick
[80.043s] -- Installing: /home/insa/Desktop/3.0/VigiWheels/raspberryPI3/ros2_ws/install/imu_filter_madgwick/include/imu_filter_madgwick/world_frame.h
[80.043s] -- Installing: /home/insa/Desktop/3.0/VigiWheels/raspberryPI3/ros2_ws/install/imu_filter_madgwick/include/imu_filter_madgwick/visibility_control.h
[80.043s] -- Installing: /home/insa/Desktop/3.0/VigiWheels/raspberryPI3/ros2_ws/install/imu_filter_madgwick/include/imu_filter_madgwick/imu_filter_ros.h
[80.043s] -- Installing: /home/insa/Desktop/3.0/VigiWheels/raspberryPI3/ros2_ws/install/imu_filter_madgwick/include/imu_filter_madgwick/base_node.hpp
[80.043s] -- Installing: /home/insa/Desktop/3.0/VigiWheels/raspberryPI3/ros2_ws/install/imu_filter_madgwick/include/imu_filter_madgwick/stateless_orientation.h
[80.044s] -- Installing: /home/insa/Desktop/3.0/VigiWheels/raspberryPI3/ros2_ws/install/imu_filter_madgwick/include/imu_filter_madgwick/imu_filter.h
[80.060s] -- Installing: /home/insa/Desktop/3.0/VigiWheels/raspberryPI3/ros2_ws/install/imu_filter_madgwick/lib/imu_filter_madgwick/imu_filter_madgwick_node
[80.060s] -- Set runtime path of "/home/insa/Desktop/3.0/VigiWheels/raspberryPI3/ros2_ws/install/imu_filter_madgwick/lib/imu_filter_madgwick/imu_filter_madgwick_node" to ""
[80.060s] -- Installing: /home/insa/Desktop/3.0/VigiWheels/raspberryPI3/ros2_ws/install/imu_filter_madgwick/share/imu_filter_madgwick/launch
[80.060s] -- Installing: /home/insa/Desktop/3.0/VigiWheels/raspberryPI3/ros2_ws/install/imu_filter_madgwick/share/imu_filter_madgwick/launch/imu_filter_component.launch.py
[80.061s] -- Installing: /home/insa/Desktop/3.0/VigiWheels/raspberryPI3/ros2_ws/install/imu_filter_madgwick/share/imu_filter_madgwick/launch/imu_filter.launch.py
[80.061s] -- Installing: /home/insa/Desktop/3.0/VigiWheels/raspberryPI3/ros2_ws/install/imu_filter_madgwick/share/imu_filter_madgwick/config
[80.061s] -- Installing: /home/insa/Desktop/3.0/VigiWheels/raspberryPI3/ros2_ws/install/imu_filter_madgwick/share/imu_filter_madgwick/config/imu_filter.yaml
[80.061s] -- Installing: /home/insa/Desktop/3.0/VigiWheels/raspberryPI3/ros2_ws/install/imu_filter_madgwick/share/imu_filter_madgwick/environment/library_path.sh
[80.061s] -- Installing: /home/insa/Desktop/3.0/VigiWheels/raspberryPI3/ros2_ws/install/imu_filter_madgwick/share/imu_filter_madgwick/environment/library_path.dsv
[80.061s] -- Installing: /home/insa/Desktop/3.0/VigiWheels/raspberryPI3/ros2_ws/install/imu_filter_madgwick/share/ament_index/resource_index/package_run_dependencies/imu_filter_madgwick
[80.061s] -- Installing: /home/insa/Desktop/3.0/VigiWheels/raspberryPI3/ros2_ws/install/imu_filter_madgwick/share/ament_index/resource_index/parent_prefix_path/imu_filter_madgwick
[80.061s] -- Installing: /home/insa/Desktop/3.0/VigiWheels/raspberryPI3/ros2_ws/install/imu_filter_madgwick/share/imu_filter_madgwick/environment/ament_prefix_path.sh
[80.061s] -- Installing: /home/insa/Desktop/3.0/VigiWheels/raspberryPI3/ros2_ws/install/imu_filter_madgwick/share/imu_filter_madgwick/environment/ament_prefix_path.dsv
[80.061s] -- Installing: /home/insa/Desktop/3.0/VigiWheels/raspberryPI3/ros2_ws/install/imu_filter_madgwick/share/imu_filter_madgwick/environment/path.sh
[80.061s] -- Installing: /home/insa/Desktop/3.0/VigiWheels/raspberryPI3/ros2_ws/install/imu_filter_madgwick/share/imu_filter_madgwick/environment/path.dsv
[80.061s] -- Installing: /home/insa/Desktop/3.0/VigiWheels/raspberryPI3/ros2_ws/install/imu_filter_madgwick/share/imu_filter_madgwick/local_setup.bash
[80.061s] -- Installing: /home/insa/Desktop/3.0/VigiWheels/raspberryPI3/ros2_ws/install/imu_filter_madgwick/share/imu_filter_madgwick/local_setup.sh
[80.061s] -- Installing: /home/insa/Desktop/3.0/VigiWheels/raspberryPI3/ros2_ws/install/imu_filter_madgwick/share/imu_filter_madgwick/local_setup.zsh
[80.061s] -- Installing: /home/insa/Desktop/3.0/VigiWheels/raspberryPI3/ros2_ws/install/imu_filter_madgwick/share/imu_filter_madgwick/local_setup.dsv
[80.062s] -- Installing: /home/insa/Desktop/3.0/VigiWheels/raspberryPI3/ros2_ws/install/imu_filter_madgwick/share/imu_filter_madgwick/package.dsv
[80.062s] -- Installing: /home/insa/Desktop/3.0/VigiWheels/raspberryPI3/ros2_ws/install/imu_filter_madgwick/share/ament_index/resource_index/packages/imu_filter_madgwick
[80.062s] -- Installing: /home/insa/Desktop/3.0/VigiWheels/raspberryPI3/ros2_ws/install/imu_filter_madgwick/share/ament_index/resource_index/rclcpp_components/imu_filter_madgwick
[80.062s] -- Installing: /home/insa/Desktop/3.0/VigiWheels/raspberryPI3/ros2_ws/install/imu_filter_madgwick/share/imu_filter_madgwick/cmake/ament_cmake_export_include_directories-extras.cmake
[80.062s] -- Installing: /home/insa/Desktop/3.0/VigiWheels/raspberryPI3/ros2_ws/install/imu_filter_madgwick/share/imu_filter_madgwick/cmake/ament_cmake_export_libraries-extras.cmake
[80.062s] -- Installing: /home/insa/Desktop/3.0/VigiWheels/raspberryPI3/ros2_ws/install/imu_filter_madgwick/share/imu_filter_madgwick/cmake/imu_filter_madgwickConfig.cmake
[80.062s] -- Installing: /home/insa/Desktop/3.0/VigiWheels/raspberryPI3/ros2_ws/install/imu_filter_madgwick/share/imu_filter_madgwick/cmake/imu_filter_madgwickConfig-version.cmake
[80.062s] -- Installing: /home/insa/Desktop/3.0/VigiWheels/raspberryPI3/ros2_ws/install/imu_filter_madgwick/share/imu_filter_madgwick/package.xml
[80.153s] Invoked command in '/home/insa/Desktop/3.0/VigiWheels/raspberryPI3/ros2_ws/build/imu_filter_madgwick' returned '0': CMAKE_PREFIX_PATH=${CMAKE_PREFIX_PATH}:/opt/ros/humble /usr/bin/cmake --install /home/insa/Desktop/3.0/VigiWheels/raspberryPI3/ros2_ws/build/imu_filter_madgwick
