[0.306s] Invoking command in '/home/insa/Desktop/VigiWheels2.0/raspberryPI3/ros2_ws/build/fire_detection': CMAKE_PREFIX_PATH=/home/insa/Desktop/VigiWheels2.0/raspberryPI3/ros2_ws/install/interfaces:/home/insa/Desktop/VigiWheels2.0/raspberryPI3/ros2_ws/install/geicar_start:/home/insa/Desktop/VigiWheels2.0/raspberryPI3/ros2_ws/install/uart:/home/insa/Desktop/VigiWheels2.0/raspberryPI3/ros2_ws/install/system_check:/home/insa/Desktop/VigiWheels2.0/raspberryPI3/ros2_ws/install/simulation:/home/insa/Desktop/VigiWheels2.0/raspberryPI3/ros2_ws/install/servo_cam:/home/insa/Desktop/VigiWheels2.0/raspberryPI3/ros2_ws/install/imu_tools:/home/insa/Desktop/VigiWheels2.0/raspberryPI3/ros2_ws/install/rviz_imu_plugin:/home/insa/Desktop/VigiWheels2.0/raspberryPI3/ros2_ws/install/obstacles:/home/insa/Desktop/VigiWheels2.0/raspberryPI3/ros2_ws/install/joystick:/home/insa/Desktop/VigiWheels2.0/raspberryPI3/ros2_ws/install/fire_detection:/home/insa/Desktop/VigiWheels2.0/raspberryPI3/ros2_ws/install/car_control:/home/insa/Desktop/VigiWheels2.0/raspberryPI3/ros2_ws/install/can:/home/insa/Desktop/VigiWheels2.0/raspberryPI3/ros2_ws/install/imu_filter_madgwick:/home/insa/Desktop/VigiWheels2.0/raspberryPI3/ros2_ws/install/imu_complementary_filter:/home/insa/Desktop/VigiWheels2.0/raspberryPI3/ros2_ws/install/carla_msgs:/home/insa/Desktop/VigiWheels/raspberryPI3/ros2_ws/install/geicar_start:/home/insa/Desktop/VigiWheels/raspberryPI3/ros2_ws/install/system_check:/home/insa/Desktop/VigiWheels/raspberryPI3/ros2_ws/install/simulation:/home/insa/Desktop/VigiWheels/raspberryPI3/ros2_ws/install/serial_port:/home/insa/Desktop/VigiWheels/raspberryPI3/ros2_ws/install/imu_tools:/home/insa/Desktop/VigiWheels/raspberryPI3/ros2_ws/install/rviz_imu_plugin:/home/insa/Desktop/VigiWheels/raspberryPI3/ros2_ws/install/joystick:/home/insa/Desktop/VigiWheels/raspberryPI3/ros2_ws/install/fire_detection:/home/insa/Desktop/VigiWheels/raspberryPI3/ros2_ws/install/car_control:/home/insa/Desktop/VigiWheels/raspberryPI3/ros2_ws/install/can:/home/insa/Desktop/VigiWheels/raspberryPI3/ros2_ws/install/interfaces:/home/insa/Desktop/VigiWheels/raspberryPI3/ros2_ws/install/imu_filter_madgwick:/home/insa/Desktop/VigiWheels/raspberryPI3/ros2_ws/install/imu_complementary_filter:/home/insa/Desktop/VigiWheels/raspberryPI3/ros2_ws/install/carla_msgs:/opt/ros/humble LD_LIBRARY_PATH=/home/insa/Desktop/VigiWheels2.0/raspberryPI3/ros2_ws/install/interfaces/lib:/home/insa/Desktop/VigiWheels2.0/raspberryPI3/ros2_ws/install/rviz_imu_plugin/lib:/home/insa/Desktop/VigiWheels2.0/raspberryPI3/ros2_ws/install/imu_filter_madgwick/lib:/home/insa/Desktop/VigiWheels2.0/raspberryPI3/ros2_ws/install/carla_msgs/lib:/home/insa/Desktop/VigiWheels/raspberryPI3/ros2_ws/install/rviz_imu_plugin/lib:/home/insa/Desktop/VigiWheels/raspberryPI3/ros2_ws/install/interfaces/lib:/home/insa/Desktop/VigiWheels/raspberryPI3/ros2_ws/install/imu_filter_madgwick/lib:/home/insa/Desktop/VigiWheels/raspberryPI3/ros2_ws/install/carla_msgs/lib:/usr/lib/x86_64-linux-gnu/gazebo-11/plugins:/opt/ros/humble/opt/rviz_ogre_vendor/lib:/opt/ros/humble/lib/x86_64-linux-gnu:/opt/ros/humble/lib /usr/bin/cmake --build /home/insa/Desktop/VigiWheels2.0/raspberryPI3/ros2_ws/build/fire_detection -- -j8 -l8
[0.377s] [ 50%] [32mBuilding CXX object CMakeFiles/processing_data_fire_node.dir/src/processing_data_fire.cpp.o[0m
[4.965s] [01m[K/home/insa/Desktop/VigiWheels2.0/raspberryPI3/ros2_ws/src/fire_detection/src/processing_data_fire.cpp:66:6:[m[K [01;31m[Kerror: [m[Kexpected ‘[01m[K;[m[K’ after class definition
[4.965s]    66 |     }
[4.965s]       |      [01;31m[K^[m[K
[4.965s]       |      [32m[K;[m[K
[4.972s] [01m[K/home/insa/Desktop/VigiWheels2.0/raspberryPI3/ros2_ws/src/fire_detection/src/processing_data_fire.cpp:[m[K In constructor ‘[01m[KProcessingDataFireNode::ProcessingDataFireNode()[m[K’:
[4.972s] [01m[K/home/insa/Desktop/VigiWheels2.0/raspberryPI3/ros2_ws/src/fire_detection/src/processing_data_fire.cpp:11:67:[m[K [01;31m[Kerror: [m[Kclass ‘[01m[KProcessingDataFireNode[m[K’ does not have any field named ‘[01m[KfireIsDetected[m[K’
[4.972s]    11 |     ProcessingDataFireNode() : Node("processing_data_fire_node"), [01;31m[KfireIsDetected[m[K{false},  FrontRightSensor{false}, FrontLeftSensor{false}, RearRightSensor{false}, RearLeftSensor{false}, RightSmokeSensor{false}, LeftSmokeSensor{false}, window_size_{100}, counter_{0}
[4.972s]       |                                                                   [01;31m[K^~~~~~~~~~~~~~[m[K
[4.972s] [01m[K/home/insa/Desktop/VigiWheels2.0/raspberryPI3/ros2_ws/src/fire_detection/src/processing_data_fire.cpp:11:91:[m[K [01;31m[Kerror: [m[Kclass ‘[01m[KProcessingDataFireNode[m[K’ does not have any field named ‘[01m[KFrontRightSensor[m[K’
[4.972s]    11 |     ProcessingDataFireNode() : Node("processing_data_fire_node"), fireIsDetected{false},  [01;31m[KFrontRightSensor[m[K{false}, FrontLeftSensor{false}, RearRightSensor{false}, RearLeftSensor{false}, RightSmokeSensor{false}, LeftSmokeSensor{false}, window_size_{100}, counter_{0}
[4.972s]       |                                                                                           [01;31m[K^~~~~~~~~~~~~~~~[m[K
[4.972s] [01m[K/home/insa/Desktop/VigiWheels2.0/raspberryPI3/ros2_ws/src/fire_detection/src/processing_data_fire.cpp:11:116:[m[K [01;31m[Kerror: [m[Kclass ‘[01m[KProcessingDataFireNode[m[K’ does not have any field named ‘[01m[KFrontLeftSensor[m[K’
[4.972s]    11 |     ProcessingDataFireNode() : Node("processing_data_fire_node"), fireIsDetected{false},  FrontRightSensor{false}, [01;31m[KFrontLeftSensor[m[K{false}, RearRightSensor{false}, RearLeftSensor{false}, RightSmokeSensor{false}, LeftSmokeSensor{false}, window_size_{100}, counter_{0}
[4.972s]       |                                                                                                                    [01;31m[K^~~~~~~~~~~~~~~[m[K
[4.972s] [01m[K/home/insa/Desktop/VigiWheels2.0/raspberryPI3/ros2_ws/src/fire_detection/src/processing_data_fire.cpp:11:140:[m[K [01;31m[Kerror: [m[Kclass ‘[01m[KProcessingDataFireNode[m[K’ does not have any field named ‘[01m[KRearRightSensor[m[K’
[4.972s]    11 | ode() : Node("processing_data_fire_node"), fireIsDetected{false},  FrontRightSensor{false}, FrontLeftSensor{false}, [01;31m[KRearRightSensor[m[K{false}, RearLeftSensor{false}, RightSmokeSensor{false}, LeftSmokeSensor{false}, window_size_{100}, counter_{0}
[4.972s]       |                                                                                                                     [01;31m[K^~~~~~~~~~~~~~~[m[K
[4.972s] 
[4.972s] [01m[K/home/insa/Desktop/VigiWheels2.0/raspberryPI3/ros2_ws/src/fire_detection/src/processing_data_fire.cpp:11:164:[m[K [01;31m[Kerror: [m[Kclass ‘[01m[KProcessingDataFireNode[m[K’ does not have any field named ‘[01m[KRearLeftSensor[m[K’
[4.973s]    11 | _data_fire_node"), fireIsDetected{false},  FrontRightSensor{false}, FrontLeftSensor{false}, RearRightSensor{false}, [01;31m[KRearLeftSensor[m[K{false}, RightSmokeSensor{false}, LeftSmokeSensor{false}, window_size_{100}, counter_{0}
[4.973s]       |                                                                                                                     [01;31m[K^~~~~~~~~~~~~~[m[K
[4.973s] 
[4.973s] [01m[K/home/insa/Desktop/VigiWheels2.0/raspberryPI3/ros2_ws/src/fire_detection/src/processing_data_fire.cpp:11:187:[m[K [01;31m[Kerror: [m[Kclass ‘[01m[KProcessingDataFireNode[m[K’ does not have any field named ‘[01m[KRightSmokeSensor[m[K’
[4.973s]    11 | IsDetected{false},  FrontRightSensor{false}, FrontLeftSensor{false}, RearRightSensor{false}, RearLeftSensor{false}, [01;31m[KRightSmokeSensor[m[K{false}, LeftSmokeSensor{false}, window_size_{100}, counter_{0}
[4.973s]       |                                                                                                                     [01;31m[K^~~~~~~~~~~~~~~~[m[K
[4.973s] 
[4.973s] [01m[K/home/insa/Desktop/VigiWheels2.0/raspberryPI3/ros2_ws/src/fire_detection/src/processing_data_fire.cpp:11:212:[m[K [01;31m[Kerror: [m[Kclass ‘[01m[KProcessingDataFireNode[m[K’ does not have any field named ‘[01m[KLeftSmokeSensor[m[K’
[4.973s]    11 | RightSensor{false}, FrontLeftSensor{false}, RearRightSensor{false}, RearLeftSensor{false}, RightSmokeSensor{false}, [01;31m[KLeftSmokeSensor[m[K{false}, window_size_{100}, counter_{0}
[4.973s]       |                                                                                                                     [01;31m[K^~~~~~~~~~~~~~~[m[K
[4.973s] 
[4.973s] [01m[K/home/insa/Desktop/VigiWheels2.0/raspberryPI3/ros2_ws/src/fire_detection/src/processing_data_fire.cpp:11:236:[m[K [01;31m[Kerror: [m[Kclass ‘[01m[KProcessingDataFireNode[m[K’ does not have any field named ‘[01m[Kwindow_size_[m[K’
[4.973s]    11 | tLeftSensor{false}, RearRightSensor{false}, RearLeftSensor{false}, RightSmokeSensor{false}, LeftSmokeSensor{false}, [01;31m[Kwindow_size_[m[K{100}, counter_{0}
[4.973s]       |                                                                                                                     [01;31m[K^~~~~~~~~~~~[m[K
[4.973s] 
[4.973s] [01m[K/home/insa/Desktop/VigiWheels2.0/raspberryPI3/ros2_ws/src/fire_detection/src/processing_data_fire.cpp:11:255:[m[K [01;31m[Kerror: [m[Kclass ‘[01m[KProcessingDataFireNode[m[K’ does not have any field named ‘[01m[Kcounter_[m[K’
[4.974s]    11 |  RearRightSensor{false}, RearLeftSensor{false}, RightSmokeSensor{false}, LeftSmokeSensor{false}, window_size_{100}, [01;31m[Kcounter_[m[K{0}
[4.974s]       |                                                                                                                     [01;31m[K^~~~~~~~[m[K
[4.974s] 
[4.985s] [01m[K/home/insa/Desktop/VigiWheels2.0/raspberryPI3/ros2_ws/src/fire_detection/src/processing_data_fire.cpp:14:9:[m[K [01;31m[Kerror: [m[K‘[01m[Kbuffer_[m[K’ was not declared in this scope
[4.985s]    14 |         [01;31m[Kbuffer_[m[K.resize(window_size_, 0);
[4.985s]       |         [01;31m[K^~~~~~~[m[K
[5.012s] [01m[K/home/insa/Desktop/VigiWheels2.0/raspberryPI3/ros2_ws/src/fire_detection/src/processing_data_fire.cpp:14:24:[m[K [01;31m[Kerror: [m[K‘[01m[Kwindow_size_[m[K’ was not declared in this scope
[5.013s]    14 |         buffer_.resize([01;31m[Kwindow_size_[m[K, 0);
[5.013s]       |                        [01;31m[K^~~~~~~~~~~~[m[K
[5.042s] [01m[K/home/insa/Desktop/VigiWheels2.0/raspberryPI3/ros2_ws/src/fire_detection/src/processing_data_fire.cpp:15:9:[m[K [01;31m[Kerror: [m[K‘[01m[Ksubscription_data_fire[m[K’ was not declared in this scope
[5.042s]    15 |         [01;31m[Ksubscription_data_fire[m[K = this->create_subscription<interfaces::msg::FireSensor>("data_fire", 10, std::bind(&ProcessingDataFireNode::dataFireCallBack, this, std::placeholders::_1));
[5.042s]       |         [01;31m[K^~~~~~~~~~~~~~~~~~~~~~[m[K
[5.042s] [01m[K/home/insa/Desktop/VigiWheels2.0/raspberryPI3/ros2_ws/src/fire_detection/src/processing_data_fire.cpp:15:141:[m[K [01;31m[Kerror: [m[K‘[01m[KdataFireCallBack[m[K’ is not a member of ‘[01m[KProcessingDataFireNode[m[K’
[5.043s]    15 | a_fire = this->create_subscription<interfaces::msg::FireSensor>("data_fire", 10, std::bind(&ProcessingDataFireNode::[01;31m[KdataFireCallBack[m[K, this, std::placeholders::_1));
[5.043s]       |                                                                                                                     [01;31m[K^~~~~~~~~~~~~~~~[m[K
[5.043s] 
[5.061s] [01m[K/home/insa/Desktop/VigiWheels2.0/raspberryPI3/ros2_ws/src/fire_detection/src/processing_data_fire.cpp:16:9:[m[K [01;31m[Kerror: [m[K‘[01m[Kpublisher_processing_data[m[K’ was not declared in this scope
[5.062s]    16 |         [01;31m[Kpublisher_processing_data[m[K = this->create_publisher<interfaces::msg::EmergencyAlertFire>("emergency_alert", 10);
[5.062s]       |         [01;31m[K^~~~~~~~~~~~~~~~~~~~~~~~~[m[K
[5.081s] [01m[K/home/insa/Desktop/VigiWheels2.0/raspberryPI3/ros2_ws/src/fire_detection/src/processing_data_fire.cpp:17:9:[m[K [01;31m[Kerror: [m[K‘[01m[Ktimer_proccesing_data[m[K’ was not declared in this scope
[5.081s]    17 |         [01;31m[Ktimer_proccesing_data[m[K = this->create_wall_timer(std::chrono::milliseconds(250), bind(&ProcessingDataFireNode::sendEmergencyAltert, this));
[5.081s]       |         [01;31m[K^~~~~~~~~~~~~~~~~~~~~[m[K
[5.082s] [01m[K/home/insa/Desktop/VigiWheels2.0/raspberryPI3/ros2_ws/src/fire_detection/src/processing_data_fire.cpp:17:119:[m[K [01;31m[Kerror: [m[K‘[01m[KsendEmergencyAltert[m[K’ is not a member of ‘[01m[KProcessingDataFireNode[m[K’
[5.082s]    17 |       timer_proccesing_data = this->create_wall_timer(std::chrono::milliseconds(250), bind(&ProcessingDataFireNode::[01;31m[KsendEmergencyAltert[m[K, this));
[5.082s]       |                                                                                                                     [01;31m[K^~~~~~~~~~~~~~~~~~~[m[K
[5.082s] 
[5.090s] [01m[K/home/insa/Desktop/VigiWheels2.0/raspberryPI3/ros2_ws/src/fire_detection/src/processing_data_fire.cpp:[m[K In member function ‘[01m[Kint ProcessingDataFireNode::processIRSensorData(int)[m[K’:
[5.091s] [01m[K/home/insa/Desktop/VigiWheels2.0/raspberryPI3/ros2_ws/src/fire_detection/src/processing_data_fire.cpp:23:13:[m[K [01;31m[Kerror: [m[K‘[01m[Kcounter_[m[K’ was not declared in this scope
[5.091s]    23 |         if ([01;31m[Kcounter_[m[K < window_size_)
[5.092s]       |             [01;31m[K^~~~~~~~[m[K
[5.100s] [01m[K/home/insa/Desktop/VigiWheels2.0/raspberryPI3/ros2_ws/src/fire_detection/src/processing_data_fire.cpp:23:24:[m[K [01;31m[Kerror: [m[K‘[01m[Kwindow_size_[m[K’ was not declared in this scope
[5.100s]    23 |         if (counter_ < [01;31m[Kwindow_size_[m[K)
[5.100s]       |                        [01;31m[K^~~~~~~~~~~~[m[K
[5.107s] [01m[K/home/insa/Desktop/VigiWheels2.0/raspberryPI3/ros2_ws/src/fire_detection/src/processing_data_fire.cpp:25:13:[m[K [01;31m[Kerror: [m[K‘[01m[Kbuffer_[m[K’ was not declared in this scope
[5.107s]    25 |             [01;31m[Kbuffer_[m[K[counter_] = sensorValue;
[5.107s]       |             [01;31m[K^~~~~~~[m[K
[5.115s] [01m[K/home/insa/Desktop/VigiWheels2.0/raspberryPI3/ros2_ws/src/fire_detection/src/processing_data_fire.cpp:32:13:[m[K [01;31m[Kerror: [m[K‘[01m[Kbuffer_[m[K’ was not declared in this scope
[5.115s]    32 |             [01;31m[Kbuffer_[m[K[counter_ % window_size_] = sensorValue;
[5.115s]       |             [01;31m[K^~~~~~~[m[K
[5.130s] [01m[K/home/insa/Desktop/VigiWheels2.0/raspberryPI3/ros2_ws/src/fire_detection/src/processing_data_fire.cpp:36:36:[m[K [01;31m[Kerror: [m[K‘[01m[KcalculateMovingAverage[m[K’ was not declared in this scope
[5.130s]    36 |             double movingAverage = [01;31m[KcalculateMovingAverage[m[K();
[5.130s]       |                                    [01;31m[K^~~~~~~~~~~~~~~~~~~~~~[m[K
[5.145s] [01m[K/home/insa/Desktop/VigiWheels2.0/raspberryPI3/ros2_ws/src/fire_detection/src/processing_data_fire.cpp:39:40:[m[K [01;31m[Kerror: [m[K‘[01m[KcalculateStandardDeviation[m[K’ was not declared in this scope
[5.145s]    39 |             double standardDeviation = [01;31m[KcalculateStandardDeviation[m[K();
[5.145s]       |                                        [01;31m[K^~~~~~~~~~~~~~~~~~~~~~~~~~[m[K
[5.146s] [01m[K/home/insa/Desktop/VigiWheels2.0/raspberryPI3/ros2_ws/src/fire_detection/src/processing_data_fire.cpp:[m[K At global scope:
[5.146s] [01m[K/home/insa/Desktop/VigiWheels2.0/raspberryPI3/ros2_ws/src/fire_detection/src/processing_data_fire.cpp:68:37:[m[K [01;31m[Kerror: [m[Knon-member function ‘[01m[Kdouble calculateMovingAverage()[m[K’ cannot have cv-qualifier
[5.146s]    68 |     double calculateMovingAverage() [01;31m[Kconst[m[K
[5.146s]       |                                     [01;31m[K^~~~~[m[K
[5.151s] [01m[K/home/insa/Desktop/VigiWheels2.0/raspberryPI3/ros2_ws/src/fire_detection/src/processing_data_fire.cpp:[m[K In function ‘[01m[Kdouble calculateMovingAverage()[m[K’:
[5.151s] [01m[K/home/insa/Desktop/VigiWheels2.0/raspberryPI3/ros2_ws/src/fire_detection/src/processing_data_fire.cpp:71:26:[m[K [01;31m[Kerror: [m[K‘[01m[Kbuffer_[m[K’ was not declared in this scope
[5.152s]    71 |         for (int value : [01;31m[Kbuffer_[m[K) {
[5.152s]       |                          [01;31m[K^~~~~~~[m[K
[5.158s] [01m[K/home/insa/Desktop/VigiWheels2.0/raspberryPI3/ros2_ws/src/fire_detection/src/processing_data_fire.cpp:74:22:[m[K [01;31m[Kerror: [m[K‘[01m[Kwindow_size_[m[K’ was not declared in this scope
[5.158s]    74 |         return sum / [01;31m[Kwindow_size_[m[K;
[5.158s]       |                      [01;31m[K^~~~~~~~~~~~[m[K
[5.158s] [01m[K/home/insa/Desktop/VigiWheels2.0/raspberryPI3/ros2_ws/src/fire_detection/src/processing_data_fire.cpp:[m[K At global scope:
[5.159s] [01m[K/home/insa/Desktop/VigiWheels2.0/raspberryPI3/ros2_ws/src/fire_detection/src/processing_data_fire.cpp:77:41:[m[K [01;31m[Kerror: [m[Knon-member function ‘[01m[Kdouble calculateStandardDeviation()[m[K’ cannot have cv-qualifier
[5.159s]    77 |     double calculateStandardDeviation() [01;31m[Kconst[m[K
[5.159s]       |                                         [01;31m[K^~~~~[m[K
[5.164s] [01m[K/home/insa/Desktop/VigiWheels2.0/raspberryPI3/ros2_ws/src/fire_detection/src/processing_data_fire.cpp:[m[K In function ‘[01m[Kdouble calculateStandardDeviation()[m[K’:
[5.164s] [01m[K/home/insa/Desktop/VigiWheels2.0/raspberryPI3/ros2_ws/src/fire_detection/src/processing_data_fire.cpp:82:26:[m[K [01;31m[Kerror: [m[K‘[01m[Kbuffer_[m[K’ was not declared in this scope
[5.164s]    82 |         for (int value : [01;31m[Kbuffer_[m[K)
[5.164s]       |                          [01;31m[K^~~~~~~[m[K
[5.171s] [01m[K/home/insa/Desktop/VigiWheels2.0/raspberryPI3/ros2_ws/src/fire_detection/src/processing_data_fire.cpp:86:50:[m[K [01;31m[Kerror: [m[K‘[01m[Kwindow_size_[m[K’ was not declared in this scope
[5.171s]    86 |         return std::sqrt(sumSquaredDifferences / [01;31m[Kwindow_size_[m[K);
[5.171s]       |                                                  [01;31m[K^~~~~~~~~~~~[m[K
[5.180s] [01m[K/home/insa/Desktop/VigiWheels2.0/raspberryPI3/ros2_ws/src/fire_detection/src/processing_data_fire.cpp:[m[K In function ‘[01m[Kvoid dataFireCallBack(const FireSensor&)[m[K’:
[5.180s] [01m[K/home/insa/Desktop/VigiWheels2.0/raspberryPI3/ros2_ws/src/fire_detection/src/processing_data_fire.cpp:91:23:[m[K [01;31m[Kerror: [m[K‘[01m[KprocessIRSensorData[m[K’ was not declared in this scope
[5.180s]    91 |         int result1 = [01;31m[KprocessIRSensorData[m[K(msg.ir_sensor1); //Avant Droit
[5.180s]       |                       [01;31m[K^~~~~~~~~~~~~~~~~~~[m[K
[5.190s] [01m[K/home/insa/Desktop/VigiWheels2.0/raspberryPI3/ros2_ws/src/fire_detection/src/processing_data_fire.cpp:95:23:[m[K [01;31m[Kerror: [m[K‘[01m[KprocessSmokeSensorData[m[K’ was not declared in this scope
[5.190s]    95 |         int result5 = [01;31m[KprocessSmokeSensorData[m[K(msg.smoke_sensor1);
[5.190s]       |                       [01;31m[K^~~~~~~~~~~~~~~~~~~~~~[m[K
[5.199s] [01m[K/home/insa/Desktop/VigiWheels2.0/raspberryPI3/ros2_ws/src/fire_detection/src/processing_data_fire.cpp:100:13:[m[K [01;31m[Kerror: [m[K‘[01m[KFrontRightIRSensor[m[K’ was not declared in this scope
[5.199s]   100 |             [01;31m[KFrontRightIRSensor[m[K = true;
[5.199s]       |             [01;31m[K^~~~~~~~~~~~~~~~~~[m[K
[5.206s] [01m[K/home/insa/Desktop/VigiWheels2.0/raspberryPI3/ros2_ws/src/fire_detection/src/processing_data_fire.cpp:101:13:[m[K [01;31m[Kerror: [m[K‘[01m[KfireIsDetected[m[K’ was not declared in this scope
[5.206s]   101 |             [01;31m[KfireIsDetected[m[K = true;
[5.207s]       |             [01;31m[K^~~~~~~~~~~~~~[m[K
[5.215s] [01m[K/home/insa/Desktop/VigiWheels2.0/raspberryPI3/ros2_ws/src/fire_detection/src/processing_data_fire.cpp:105:13:[m[K [01;31m[Kerror: [m[K‘[01m[KFrontLeftIRSensor[m[K’ was not declared in this scope
[5.215s]   105 |             [01;31m[KFrontLeftIRSensor[m[K = true;
[5.216s]       |             [01;31m[K^~~~~~~~~~~~~~~~~[m[K
[5.223s] [01m[K/home/insa/Desktop/VigiWheels2.0/raspberryPI3/ros2_ws/src/fire_detection/src/processing_data_fire.cpp:106:13:[m[K [01;31m[Kerror: [m[K‘[01m[KfireIsDetected[m[K’ was not declared in this scope
[5.223s]   106 |             [01;31m[KfireIsDetected[m[K = true;
[5.223s]       |             [01;31m[K^~~~~~~~~~~~~~[m[K
[5.244s] [01m[K/home/insa/Desktop/VigiWheels2.0/raspberryPI3/ros2_ws/src/fire_detection/src/processing_data_fire.cpp:110:13:[m[K [01;31m[Kerror: [m[K‘[01m[KRearLeftIRSensor[m[K’ was not declared in this scope
[5.244s]   110 |             [01;31m[KRearLeftIRSensor[m[K = true;
[5.244s]       |             [01;31m[K^~~~~~~~~~~~~~~~[m[K
[5.251s] [01m[K/home/insa/Desktop/VigiWheels2.0/raspberryPI3/ros2_ws/src/fire_detection/src/processing_data_fire.cpp:111:13:[m[K [01;31m[Kerror: [m[K‘[01m[KfireIsDetected[m[K’ was not declared in this scope
[5.251s]   111 |             [01;31m[KfireIsDetected[m[K = true;
[5.251s]       |             [01;31m[K^~~~~~~~~~~~~~[m[K
[5.259s] [01m[K/home/insa/Desktop/VigiWheels2.0/raspberryPI3/ros2_ws/src/fire_detection/src/processing_data_fire.cpp:115:13:[m[K [01;31m[Kerror: [m[K‘[01m[KRearRightIRSensor[m[K’ was not declared in this scope
[5.260s]   115 |             [01;31m[KRearRightIRSensor[m[K = true;
[5.260s]       |             [01;31m[K^~~~~~~~~~~~~~~~~[m[K
[5.276s] [01m[K/home/insa/Desktop/VigiWheels2.0/raspberryPI3/ros2_ws/src/fire_detection/src/processing_data_fire.cpp:116:13:[m[K [01;31m[Kerror: [m[K‘[01m[KfireIsDetected[m[K’ was not declared in this scope
[5.276s]   116 |             [01;31m[KfireIsDetected[m[K = true;
[5.276s]       |             [01;31m[K^~~~~~~~~~~~~~[m[K
[5.293s] [01m[K/home/insa/Desktop/VigiWheels2.0/raspberryPI3/ros2_ws/src/fire_detection/src/processing_data_fire.cpp:120:13:[m[K [01;31m[Kerror: [m[K‘[01m[KRightSmokeSensor[m[K’ was not declared in this scope
[5.293s]   120 |             [01;31m[KRightSmokeSensor[m[K = true;
[5.293s]       |             [01;31m[K^~~~~~~~~~~~~~~~[m[K
[5.317s] [01m[K/home/insa/Desktop/VigiWheels2.0/raspberryPI3/ros2_ws/src/fire_detection/src/processing_data_fire.cpp:121:13:[m[K [01;31m[Kerror: [m[K‘[01m[KfireIsDetected[m[K’ was not declared in this scope
[5.317s]   121 |             [01;31m[KfireIsDetected[m[K = true;
[5.317s]       |             [01;31m[K^~~~~~~~~~~~~~[m[K
[5.325s] [01m[K/home/insa/Desktop/VigiWheels2.0/raspberryPI3/ros2_ws/src/fire_detection/src/processing_data_fire.cpp:125:13:[m[K [01;31m[Kerror: [m[K‘[01m[KLeftSmokeSensor[m[K’ was not declared in this scope
[5.325s]   125 |             [01;31m[KLeftSmokeSensor[m[K = true;
[5.325s]       |             [01;31m[K^~~~~~~~~~~~~~~[m[K
[5.343s] [01m[K/home/insa/Desktop/VigiWheels2.0/raspberryPI3/ros2_ws/src/fire_detection/src/processing_data_fire.cpp:126:13:[m[K [01;31m[Kerror: [m[K‘[01m[KfireIsDetected[m[K’ was not declared in this scope
[5.343s]   126 |             [01;31m[KfireIsDetected[m[K = true;
[5.344s]       |             [01;31m[K^~~~~~~~~~~~~~[m[K
[5.356s] [01m[K/home/insa/Desktop/VigiWheels2.0/raspberryPI3/ros2_ws/src/fire_detection/src/processing_data_fire.cpp:130:13:[m[K [01;31m[Kerror: [m[K‘[01m[KfireIsDetected[m[K’ was not declared in this scope
[5.356s]   130 |             [01;31m[KfireIsDetected[m[K = false;
[5.356s]       |             [01;31m[K^~~~~~~~~~~~~~[m[K
[5.370s] [01m[K/home/insa/Desktop/VigiWheels2.0/raspberryPI3/ros2_ws/src/fire_detection/src/processing_data_fire.cpp:[m[K In function ‘[01m[Kvoid sendEmergencyAltert()[m[K’:
[5.370s] [01m[K/home/insa/Desktop/VigiWheels2.0/raspberryPI3/ros2_ws/src/fire_detection/src/processing_data_fire.cpp:137:29:[m[K [01;31m[Kerror: [m[K‘[01m[KfireIsDetected[m[K’ was not declared in this scope
[5.370s]   137 |         msg.fire_detected = [01;31m[KfireIsDetected[m[K;
[5.370s]       |                             [01;31m[K^~~~~~~~~~~~~~[m[K
[5.379s] [01m[K/home/insa/Desktop/VigiWheels2.0/raspberryPI3/ros2_ws/src/fire_detection/src/processing_data_fire.cpp:138:30:[m[K [01;31m[Kerror: [m[K‘[01m[KFrontRightSensor[m[K’ was not declared in this scope
[5.379s]   138 |         msg.ir_front_right = [01;31m[KFrontRightSensor[m[K;
[5.379s]       |                              [01;31m[K^~~~~~~~~~~~~~~~[m[K
[5.402s] [01m[K/home/insa/Desktop/VigiWheels2.0/raspberryPI3/ros2_ws/src/fire_detection/src/processing_data_fire.cpp:139:29:[m[K [01;31m[Kerror: [m[K‘[01m[KFrontLeftSensor[m[K’ was not declared in this scope
[5.402s]   139 |         msg.ir_front_left = [01;31m[KFrontLeftSensor[m[K;
[5.402s]       |                             [01;31m[K^~~~~~~~~~~~~~~[m[K
[5.414s] [01m[K/home/insa/Desktop/VigiWheels2.0/raspberryPI3/ros2_ws/src/fire_detection/src/processing_data_fire.cpp:140:29:[m[K [01;31m[Kerror: [m[K‘[01m[KRearRightSensor[m[K’ was not declared in this scope
[5.414s]   140 |         msg.ir_rear_right = [01;31m[KRearRightSensor[m[K;
[5.414s]       |                             [01;31m[K^~~~~~~~~~~~~~~[m[K
[5.422s] [01m[K/home/insa/Desktop/VigiWheels2.0/raspberryPI3/ros2_ws/src/fire_detection/src/processing_data_fire.cpp:141:28:[m[K [01;31m[Kerror: [m[K‘[01m[KRearLeftSensor[m[K’ was not declared in this scope
[5.422s]   141 |         msg.ir_rear_left = [01;31m[KRearLeftSensor[m[K;
[5.422s]       |                            [01;31m[K^~~~~~~~~~~~~~[m[K
[5.430s] [01m[K/home/insa/Desktop/VigiWheels2.0/raspberryPI3/ros2_ws/src/fire_detection/src/processing_data_fire.cpp:142:27:[m[K [01;31m[Kerror: [m[K‘[01m[KRightSmokeSensor[m[K’ was not declared in this scope
[5.431s]   142 |         msg.smoke_right = [01;31m[KRightSmokeSensor[m[K;
[5.431s]       |                           [01;31m[K^~~~~~~~~~~~~~~~[m[K
[5.438s] [01m[K/home/insa/Desktop/VigiWheels2.0/raspberryPI3/ros2_ws/src/fire_detection/src/processing_data_fire.cpp:143:26:[m[K [01;31m[Kerror: [m[K‘[01m[KLeftSmokeSensor[m[K’ was not declared in this scope
[5.438s]   143 |         msg.smoke_left = [01;31m[KLeftSmokeSensor[m[K;
[5.438s]       |                          [01;31m[K^~~~~~~~~~~~~~~[m[K
[5.448s] [01m[K/home/insa/Desktop/VigiWheels2.0/raspberryPI3/ros2_ws/src/fire_detection/src/processing_data_fire.cpp:144:9:[m[K [01;31m[Kerror: [m[K‘[01m[Kpublisher_processing_data[m[K’ was not declared in this scope
[5.448s]   144 |         [01;31m[Kpublisher_processing_data[m[K->publish(msg);
[5.448s]       |         [01;31m[K^~~~~~~~~~~~~~~~~~~~~~~~~[m[K
[5.516s] [01m[K/home/insa/Desktop/VigiWheels2.0/raspberryPI3/ros2_ws/src/fire_detection/src/processing_data_fire.cpp:[m[K At global scope:
[5.516s] [01m[K/home/insa/Desktop/VigiWheels2.0/raspberryPI3/ros2_ws/src/fire_detection/src/processing_data_fire.cpp:160:1:[m[K [01;31m[Kerror: [m[Kexpected declaration before ‘[01m[K}[m[K’ token
[5.516s]   160 | [01;31m[K}[m[K;
[5.516s]       | [01;31m[K^[m[K
[6.893s] gmake[2]: *** [CMakeFiles/processing_data_fire_node.dir/build.make:76: CMakeFiles/processing_data_fire_node.dir/src/processing_data_fire.cpp.o] Error 1
[6.894s] gmake[1]: *** [CMakeFiles/Makefile2:137: CMakeFiles/processing_data_fire_node.dir/all] Error 2
[6.894s] gmake: *** [Makefile:146: all] Error 2
[6.916s] Invoked command in '/home/insa/Desktop/VigiWheels2.0/raspberryPI3/ros2_ws/build/fire_detection' returned '2': CMAKE_PREFIX_PATH=/home/insa/Desktop/VigiWheels2.0/raspberryPI3/ros2_ws/install/interfaces:/home/insa/Desktop/VigiWheels2.0/raspberryPI3/ros2_ws/install/geicar_start:/home/insa/Desktop/VigiWheels2.0/raspberryPI3/ros2_ws/install/uart:/home/insa/Desktop/VigiWheels2.0/raspberryPI3/ros2_ws/install/system_check:/home/insa/Desktop/VigiWheels2.0/raspberryPI3/ros2_ws/install/simulation:/home/insa/Desktop/VigiWheels2.0/raspberryPI3/ros2_ws/install/servo_cam:/home/insa/Desktop/VigiWheels2.0/raspberryPI3/ros2_ws/install/imu_tools:/home/insa/Desktop/VigiWheels2.0/raspberryPI3/ros2_ws/install/rviz_imu_plugin:/home/insa/Desktop/VigiWheels2.0/raspberryPI3/ros2_ws/install/obstacles:/home/insa/Desktop/VigiWheels2.0/raspberryPI3/ros2_ws/install/joystick:/home/insa/Desktop/VigiWheels2.0/raspberryPI3/ros2_ws/install/fire_detection:/home/insa/Desktop/VigiWheels2.0/raspberryPI3/ros2_ws/install/car_control:/home/insa/Desktop/VigiWheels2.0/raspberryPI3/ros2_ws/install/can:/home/insa/Desktop/VigiWheels2.0/raspberryPI3/ros2_ws/install/imu_filter_madgwick:/home/insa/Desktop/VigiWheels2.0/raspberryPI3/ros2_ws/install/imu_complementary_filter:/home/insa/Desktop/VigiWheels2.0/raspberryPI3/ros2_ws/install/carla_msgs:/home/insa/Desktop/VigiWheels/raspberryPI3/ros2_ws/install/geicar_start:/home/insa/Desktop/VigiWheels/raspberryPI3/ros2_ws/install/system_check:/home/insa/Desktop/VigiWheels/raspberryPI3/ros2_ws/install/simulation:/home/insa/Desktop/VigiWheels/raspberryPI3/ros2_ws/install/serial_port:/home/insa/Desktop/VigiWheels/raspberryPI3/ros2_ws/install/imu_tools:/home/insa/Desktop/VigiWheels/raspberryPI3/ros2_ws/install/rviz_imu_plugin:/home/insa/Desktop/VigiWheels/raspberryPI3/ros2_ws/install/joystick:/home/insa/Desktop/VigiWheels/raspberryPI3/ros2_ws/install/fire_detection:/home/insa/Desktop/VigiWheels/raspberryPI3/ros2_ws/install/car_control:/home/insa/Desktop/VigiWheels/raspberryPI3/ros2_ws/install/can:/home/insa/Desktop/VigiWheels/raspberryPI3/ros2_ws/install/interfaces:/home/insa/Desktop/VigiWheels/raspberryPI3/ros2_ws/install/imu_filter_madgwick:/home/insa/Desktop/VigiWheels/raspberryPI3/ros2_ws/install/imu_complementary_filter:/home/insa/Desktop/VigiWheels/raspberryPI3/ros2_ws/install/carla_msgs:/opt/ros/humble LD_LIBRARY_PATH=/home/insa/Desktop/VigiWheels2.0/raspberryPI3/ros2_ws/install/interfaces/lib:/home/insa/Desktop/VigiWheels2.0/raspberryPI3/ros2_ws/install/rviz_imu_plugin/lib:/home/insa/Desktop/VigiWheels2.0/raspberryPI3/ros2_ws/install/imu_filter_madgwick/lib:/home/insa/Desktop/VigiWheels2.0/raspberryPI3/ros2_ws/install/carla_msgs/lib:/home/insa/Desktop/VigiWheels/raspberryPI3/ros2_ws/install/rviz_imu_plugin/lib:/home/insa/Desktop/VigiWheels/raspberryPI3/ros2_ws/install/interfaces/lib:/home/insa/Desktop/VigiWheels/raspberryPI3/ros2_ws/install/imu_filter_madgwick/lib:/home/insa/Desktop/VigiWheels/raspberryPI3/ros2_ws/install/carla_msgs/lib:/usr/lib/x86_64-linux-gnu/gazebo-11/plugins:/opt/ros/humble/opt/rviz_ogre_vendor/lib:/opt/ros/humble/lib/x86_64-linux-gnu:/opt/ros/humble/lib /usr/bin/cmake --build /home/insa/Desktop/VigiWheels2.0/raspberryPI3/ros2_ws/build/fire_detection -- -j8 -l8
