[0.480s] Invoking command in '/home/moad/VigiWheels/jetsonNano/ros2_ws/src/pressure_level': PYTHONPATH=/home/moad/VigiWheels/jetsonNano/ros2_ws/src/pressure_level/build/pressure_level/prefix_override:/home/moad/VigiWheels/jetsonNano/ros2_ws/src/pressure_level/install/pressure_level/lib/python3.10/site-packages:${PYTHONPATH} /usr/bin/python3 setup.py egg_info --egg-base build/pressure_level build --build-base /home/moad/VigiWheels/jetsonNano/ros2_ws/src/pressure_level/build/pressure_level/build install --record /home/moad/VigiWheels/jetsonNano/ros2_ws/src/pressure_level/build/pressure_level/install.log --single-version-externally-managed
[0.637s] running egg_info
[0.637s] creating build/pressure_level/pressure_level.egg-info
[0.638s] writing build/pressure_level/pressure_level.egg-info/PKG-INFO
[0.638s] writing dependency_links to build/pressure_level/pressure_level.egg-info/dependency_links.txt
[0.638s] writing entry points to build/pressure_level/pressure_level.egg-info/entry_points.txt
[0.638s] writing requirements to build/pressure_level/pressure_level.egg-info/requires.txt
[0.638s] writing top-level names to build/pressure_level/pressure_level.egg-info/top_level.txt
[0.638s] writing manifest file 'build/pressure_level/pressure_level.egg-info/SOURCES.txt'
[0.639s] reading manifest file 'build/pressure_level/pressure_level.egg-info/SOURCES.txt'
[0.639s] writing manifest file 'build/pressure_level/pressure_level.egg-info/SOURCES.txt'
[0.639s] running build
[0.640s] running build_py
[0.640s] creating /home/moad/VigiWheels/jetsonNano/ros2_ws/src/pressure_level/build/pressure_level/build
[0.640s] creating /home/moad/VigiWheels/jetsonNano/ros2_ws/src/pressure_level/build/pressure_level/build/lib
[0.640s] creating /home/moad/VigiWheels/jetsonNano/ros2_ws/src/pressure_level/build/pressure_level/build/lib/pressure_level
[0.640s] copying pressure_level/pressure_level.py -> /home/moad/VigiWheels/jetsonNano/ros2_ws/src/pressure_level/build/pressure_level/build/lib/pressure_level
[0.640s] copying pressure_level/__init__.py -> /home/moad/VigiWheels/jetsonNano/ros2_ws/src/pressure_level/build/pressure_level/build/lib/pressure_level
[0.640s] running install
[0.640s] running install_lib
[0.640s] creating /home/moad/VigiWheels/jetsonNano/ros2_ws/src/pressure_level/install/pressure_level/lib/python3.10/site-packages/pressure_level
[0.640s] copying /home/moad/VigiWheels/jetsonNano/ros2_ws/src/pressure_level/build/pressure_level/build/lib/pressure_level/pressure_level.py -> /home/moad/VigiWheels/jetsonNano/ros2_ws/src/pressure_level/install/pressure_level/lib/python3.10/site-packages/pressure_level
[0.640s] copying /home/moad/VigiWheels/jetsonNano/ros2_ws/src/pressure_level/build/pressure_level/build/lib/pressure_level/__init__.py -> /home/moad/VigiWheels/jetsonNano/ros2_ws/src/pressure_level/install/pressure_level/lib/python3.10/site-packages/pressure_level
[0.640s] byte-compiling /home/moad/VigiWheels/jetsonNano/ros2_ws/src/pressure_level/install/pressure_level/lib/python3.10/site-packages/pressure_level/pressure_level.py to pressure_level.cpython-310.pyc
[0.641s] byte-compiling /home/moad/VigiWheels/jetsonNano/ros2_ws/src/pressure_level/install/pressure_level/lib/python3.10/site-packages/pressure_level/__init__.py to __init__.cpython-310.pyc
[0.641s] running install_data
[0.641s] creating /home/moad/VigiWheels/jetsonNano/ros2_ws/src/pressure_level/install/pressure_level/share/ament_index
[0.641s] creating /home/moad/VigiWheels/jetsonNano/ros2_ws/src/pressure_level/install/pressure_level/share/ament_index/resource_index
[0.641s] creating /home/moad/VigiWheels/jetsonNano/ros2_ws/src/pressure_level/install/pressure_level/share/ament_index/resource_index/packages
[0.641s] copying resource/pressure_level -> /home/moad/VigiWheels/jetsonNano/ros2_ws/src/pressure_level/install/pressure_level/share/ament_index/resource_index/packages
[0.642s] copying package.xml -> /home/moad/VigiWheels/jetsonNano/ros2_ws/src/pressure_level/install/pressure_level/share/pressure_level
[0.642s] running install_egg_info
[0.643s] Copying build/pressure_level/pressure_level.egg-info to /home/moad/VigiWheels/jetsonNano/ros2_ws/src/pressure_level/install/pressure_level/lib/python3.10/site-packages/pressure_level-0.0.0-py3.10.egg-info
[0.643s] running install_scripts
[0.657s] Installing pressure_node script to /home/moad/VigiWheels/jetsonNano/ros2_ws/src/pressure_level/install/pressure_level/lib/pressure_level
[0.657s] writing list of installed files to '/home/moad/VigiWheels/jetsonNano/ros2_ws/src/pressure_level/build/pressure_level/install.log'
[0.676s] Invoked command in '/home/moad/VigiWheels/jetsonNano/ros2_ws/src/pressure_level' returned '0': PYTHONPATH=/home/moad/VigiWheels/jetsonNano/ros2_ws/src/pressure_level/build/pressure_level/prefix_override:/home/moad/VigiWheels/jetsonNano/ros2_ws/src/pressure_level/install/pressure_level/lib/python3.10/site-packages:${PYTHONPATH} /usr/bin/python3 setup.py egg_info --egg-base build/pressure_level build --build-base /home/moad/VigiWheels/jetsonNano/ros2_ws/src/pressure_level/build/pressure_level/build install --record /home/moad/VigiWheels/jetsonNano/ros2_ws/src/pressure_level/build/pressure_level/install.log --single-version-externally-managed
