[0.297s] Invoking command in '/home/insa/Desktop/VigiWheels2.0/raspberryPI3/ros2_ws/build/fire_detection': CMAKE_PREFIX_PATH=/home/insa/Desktop/VigiWheels2.0/raspberryPI3/ros2_ws/install/interfaces:/home/insa/Desktop/VigiWheels2.0/raspberryPI3/ros2_ws/install/geicar_start:/home/insa/Desktop/VigiWheels2.0/raspberryPI3/ros2_ws/install/uart:/home/insa/Desktop/VigiWheels2.0/raspberryPI3/ros2_ws/install/system_check:/home/insa/Desktop/VigiWheels2.0/raspberryPI3/ros2_ws/install/simulation:/home/insa/Desktop/VigiWheels2.0/raspberryPI3/ros2_ws/install/servo_cam:/home/insa/Desktop/VigiWheels2.0/raspberryPI3/ros2_ws/install/imu_tools:/home/insa/Desktop/VigiWheels2.0/raspberryPI3/ros2_ws/install/rviz_imu_plugin:/home/insa/Desktop/VigiWheels2.0/raspberryPI3/ros2_ws/install/obstacles:/home/insa/Desktop/VigiWheels2.0/raspberryPI3/ros2_ws/install/joystick:/home/insa/Desktop/VigiWheels2.0/raspberryPI3/ros2_ws/install/fire_detection:/home/insa/Desktop/VigiWheels2.0/raspberryPI3/ros2_ws/install/car_control:/home/insa/Desktop/VigiWheels2.0/raspberryPI3/ros2_ws/install/can:/home/insa/Desktop/VigiWheels2.0/raspberryPI3/ros2_ws/install/imu_filter_madgwick:/home/insa/Desktop/VigiWheels2.0/raspberryPI3/ros2_ws/install/imu_complementary_filter:/home/insa/Desktop/VigiWheels2.0/raspberryPI3/ros2_ws/install/carla_msgs:/home/insa/Desktop/VigiWheels/raspberryPI3/ros2_ws/install/geicar_start:/home/insa/Desktop/VigiWheels/raspberryPI3/ros2_ws/install/system_check:/home/insa/Desktop/VigiWheels/raspberryPI3/ros2_ws/install/simulation:/home/insa/Desktop/VigiWheels/raspberryPI3/ros2_ws/install/serial_port:/home/insa/Desktop/VigiWheels/raspberryPI3/ros2_ws/install/imu_tools:/home/insa/Desktop/VigiWheels/raspberryPI3/ros2_ws/install/rviz_imu_plugin:/home/insa/Desktop/VigiWheels/raspberryPI3/ros2_ws/install/joystick:/home/insa/Desktop/VigiWheels/raspberryPI3/ros2_ws/install/fire_detection:/home/insa/Desktop/VigiWheels/raspberryPI3/ros2_ws/install/car_control:/home/insa/Desktop/VigiWheels/raspberryPI3/ros2_ws/install/can:/home/insa/Desktop/VigiWheels/raspberryPI3/ros2_ws/install/interfaces:/home/insa/Desktop/VigiWheels/raspberryPI3/ros2_ws/install/imu_filter_madgwick:/home/insa/Desktop/VigiWheels/raspberryPI3/ros2_ws/install/imu_complementary_filter:/home/insa/Desktop/VigiWheels/raspberryPI3/ros2_ws/install/carla_msgs:/opt/ros/humble LD_LIBRARY_PATH=/home/insa/Desktop/VigiWheels2.0/raspberryPI3/ros2_ws/install/interfaces/lib:/home/insa/Desktop/VigiWheels2.0/raspberryPI3/ros2_ws/install/rviz_imu_plugin/lib:/home/insa/Desktop/VigiWheels2.0/raspberryPI3/ros2_ws/install/imu_filter_madgwick/lib:/home/insa/Desktop/VigiWheels2.0/raspberryPI3/ros2_ws/install/carla_msgs/lib:/home/insa/Desktop/VigiWheels/raspberryPI3/ros2_ws/install/rviz_imu_plugin/lib:/home/insa/Desktop/VigiWheels/raspberryPI3/ros2_ws/install/interfaces/lib:/home/insa/Desktop/VigiWheels/raspberryPI3/ros2_ws/install/imu_filter_madgwick/lib:/home/insa/Desktop/VigiWheels/raspberryPI3/ros2_ws/install/carla_msgs/lib:/usr/lib/x86_64-linux-gnu/gazebo-11/plugins:/opt/ros/humble/opt/rviz_ogre_vendor/lib:/opt/ros/humble/lib/x86_64-linux-gnu:/opt/ros/humble/lib /usr/bin/cmake --build /home/insa/Desktop/VigiWheels2.0/raspberryPI3/ros2_ws/build/fire_detection -- -j8 -l8
[0.346s] [35m[1mConsolidate compiler generated dependencies of target processing_data_fire_node[0m
[0.367s] [ 50%] [32mBuilding CXX object CMakeFiles/processing_data_fire_node.dir/src/processing_data_fire.cpp.o[0m
[2.062s] [01m[K/home/insa/Desktop/VigiWheels2.0/raspberryPI3/ros2_ws/src/fire_detection/src/processing_data_fire.cpp:[m[K In constructor ‘[01m[KProcessingDataFireNode::ProcessingDataFireNode()[m[K’:
[2.062s] [01m[K/home/insa/Desktop/VigiWheels2.0/raspberryPI3/ros2_ws/src/fire_detection/src/processing_data_fire.cpp:11:91:[m[K [01;31m[Kerror: [m[Kclass ‘[01m[KProcessingDataFireNode[m[K’ does not have any field named ‘[01m[KFrontRightSensor[m[K’
[2.062s]    11 |     ProcessingDataFireNode() : Node("processing_data_fire_node"), fireIsDetected{false},  [01;31m[KFrontRightSensor[m[K{false}, FrontLeftSensor{false}, RearRightSensor{false}, RearLeftSensor{false}, RightSmokeSensor{false}, LeftSmokeSensor{false}, window_size_{100}, counter_{0}
[2.062s]       |                                                                                           [01;31m[K^~~~~~~~~~~~~~~~[m[K
[2.062s] [01m[K/home/insa/Desktop/VigiWheels2.0/raspberryPI3/ros2_ws/src/fire_detection/src/processing_data_fire.cpp:11:116:[m[K [01;31m[Kerror: [m[Kclass ‘[01m[KProcessingDataFireNode[m[K’ does not have any field named ‘[01m[KFrontLeftSensor[m[K’
[2.062s]    11 |     ProcessingDataFireNode() : Node("processing_data_fire_node"), fireIsDetected{false},  FrontRightSensor{false}, [01;31m[KFrontLeftSensor[m[K{false}, RearRightSensor{false}, RearLeftSensor{false}, RightSmokeSensor{false}, LeftSmokeSensor{false}, window_size_{100}, counter_{0}
[2.062s]       |                                                                                                                    [01;31m[K^~~~~~~~~~~~~~~[m[K
[2.062s] [01m[K/home/insa/Desktop/VigiWheels2.0/raspberryPI3/ros2_ws/src/fire_detection/src/processing_data_fire.cpp:11:140:[m[K [01;31m[Kerror: [m[Kclass ‘[01m[KProcessingDataFireNode[m[K’ does not have any field named ‘[01m[KRearRightSensor[m[K’
[2.062s]    11 | ode() : Node("processing_data_fire_node"), fireIsDetected{false},  FrontRightSensor{false}, FrontLeftSensor{false}, [01;31m[KRearRightSensor[m[K{false}, RearLeftSensor{false}, RightSmokeSensor{false}, LeftSmokeSensor{false}, window_size_{100}, counter_{0}
[2.062s]       |                                                                                                                     [01;31m[K^~~~~~~~~~~~~~~[m[K
[2.062s] 
[2.062s] [01m[K/home/insa/Desktop/VigiWheels2.0/raspberryPI3/ros2_ws/src/fire_detection/src/processing_data_fire.cpp:11:164:[m[K [01;31m[Kerror: [m[Kclass ‘[01m[KProcessingDataFireNode[m[K’ does not have any field named ‘[01m[KRearLeftSensor[m[K’
[2.062s]    11 | _data_fire_node"), fireIsDetected{false},  FrontRightSensor{false}, FrontLeftSensor{false}, RearRightSensor{false}, [01;31m[KRearLeftSensor[m[K{false}, RightSmokeSensor{false}, LeftSmokeSensor{false}, window_size_{100}, counter_{0}
[2.062s]       |                                                                                                                     [01;31m[K^~~~~~~~~~~~~~[m[K
[2.062s] 
[2.086s] [01m[K/home/insa/Desktop/VigiWheels2.0/raspberryPI3/ros2_ws/src/fire_detection/src/processing_data_fire.cpp:[m[K In member function ‘[01m[Kvoid ProcessingDataFireNode::dataFireCallBack(const FireSensor&)[m[K’:
[2.086s] [01m[K/home/insa/Desktop/VigiWheels2.0/raspberryPI3/ros2_ws/src/fire_detection/src/processing_data_fire.cpp:104:13:[m[K [01;31m[Kerror: [m[K‘[01m[KFrontLeftIRSensor[m[K’ was not declared in this scope; did you mean ‘[01m[KFrontLeftiRSensor[m[K’?
[2.086s]   104 |             [01;31m[KFrontLeftIRSensor[m[K = true;
[2.087s]       |             [01;31m[K^~~~~~~~~~~~~~~~~[m[K
[2.087s]       |             [32m[KFrontLeftiRSensor[m[K
[2.091s] [01m[K/home/insa/Desktop/VigiWheels2.0/raspberryPI3/ros2_ws/src/fire_detection/src/processing_data_fire.cpp:[m[K In member function ‘[01m[Kvoid ProcessingDataFireNode::sendEmergencyAltert()[m[K’:
[2.091s] [01m[K/home/insa/Desktop/VigiWheels2.0/raspberryPI3/ros2_ws/src/fire_detection/src/processing_data_fire.cpp:137:30:[m[K [01;31m[Kerror: [m[K‘[01m[KFrontRightSensor[m[K’ was not declared in this scope; did you mean ‘[01m[KFrontRightIRSensor[m[K’?
[2.091s]   137 |         msg.ir_front_right = [01;31m[KFrontRightSensor[m[K;
[2.091s]       |                              [01;31m[K^~~~~~~~~~~~~~~~[m[K
[2.091s]       |                              [32m[KFrontRightIRSensor[m[K
[2.094s] [01m[K/home/insa/Desktop/VigiWheels2.0/raspberryPI3/ros2_ws/src/fire_detection/src/processing_data_fire.cpp:138:29:[m[K [01;31m[Kerror: [m[K‘[01m[KFrontLeftSensor[m[K’ was not declared in this scope; did you mean ‘[01m[KFrontLeftiRSensor[m[K’?
[2.094s]   138 |         msg.ir_front_left = [01;31m[KFrontLeftSensor[m[K;
[2.094s]       |                             [01;31m[K^~~~~~~~~~~~~~~[m[K
[2.094s]       |                             [32m[KFrontLeftiRSensor[m[K
[2.098s] [01m[K/home/insa/Desktop/VigiWheels2.0/raspberryPI3/ros2_ws/src/fire_detection/src/processing_data_fire.cpp:139:29:[m[K [01;31m[Kerror: [m[K‘[01m[KRearRightSensor[m[K’ was not declared in this scope; did you mean ‘[01m[KRearRightIRSensor[m[K’?
[2.098s]   139 |         msg.ir_rear_right = [01;31m[KRearRightSensor[m[K;
[2.098s]       |                             [01;31m[K^~~~~~~~~~~~~~~[m[K
[2.098s]       |                             [32m[KRearRightIRSensor[m[K
[2.101s] [01m[K/home/insa/Desktop/VigiWheels2.0/raspberryPI3/ros2_ws/src/fire_detection/src/processing_data_fire.cpp:140:28:[m[K [01;31m[Kerror: [m[K‘[01m[KRearLeftSensor[m[K’ was not declared in this scope; did you mean ‘[01m[KRearLeftIRSensor[m[K’?
[2.101s]   140 |         msg.ir_rear_left = [01;31m[KRearLeftSensor[m[K;
[2.101s]       |                            [01;31m[K^~~~~~~~~~~~~~[m[K
[2.101s]       |                            [32m[KRearLeftIRSensor[m[K
[3.980s] gmake[2]: *** [CMakeFiles/processing_data_fire_node.dir/build.make:76: CMakeFiles/processing_data_fire_node.dir/src/processing_data_fire.cpp.o] Error 1
[3.981s] gmake[1]: *** [CMakeFiles/Makefile2:137: CMakeFiles/processing_data_fire_node.dir/all] Error 2
[3.981s] gmake: *** [Makefile:146: all] Error 2
[3.983s] Invoked command in '/home/insa/Desktop/VigiWheels2.0/raspberryPI3/ros2_ws/build/fire_detection' returned '2': CMAKE_PREFIX_PATH=/home/insa/Desktop/VigiWheels2.0/raspberryPI3/ros2_ws/install/interfaces:/home/insa/Desktop/VigiWheels2.0/raspberryPI3/ros2_ws/install/geicar_start:/home/insa/Desktop/VigiWheels2.0/raspberryPI3/ros2_ws/install/uart:/home/insa/Desktop/VigiWheels2.0/raspberryPI3/ros2_ws/install/system_check:/home/insa/Desktop/VigiWheels2.0/raspberryPI3/ros2_ws/install/simulation:/home/insa/Desktop/VigiWheels2.0/raspberryPI3/ros2_ws/install/servo_cam:/home/insa/Desktop/VigiWheels2.0/raspberryPI3/ros2_ws/install/imu_tools:/home/insa/Desktop/VigiWheels2.0/raspberryPI3/ros2_ws/install/rviz_imu_plugin:/home/insa/Desktop/VigiWheels2.0/raspberryPI3/ros2_ws/install/obstacles:/home/insa/Desktop/VigiWheels2.0/raspberryPI3/ros2_ws/install/joystick:/home/insa/Desktop/VigiWheels2.0/raspberryPI3/ros2_ws/install/fire_detection:/home/insa/Desktop/VigiWheels2.0/raspberryPI3/ros2_ws/install/car_control:/home/insa/Desktop/VigiWheels2.0/raspberryPI3/ros2_ws/install/can:/home/insa/Desktop/VigiWheels2.0/raspberryPI3/ros2_ws/install/imu_filter_madgwick:/home/insa/Desktop/VigiWheels2.0/raspberryPI3/ros2_ws/install/imu_complementary_filter:/home/insa/Desktop/VigiWheels2.0/raspberryPI3/ros2_ws/install/carla_msgs:/home/insa/Desktop/VigiWheels/raspberryPI3/ros2_ws/install/geicar_start:/home/insa/Desktop/VigiWheels/raspberryPI3/ros2_ws/install/system_check:/home/insa/Desktop/VigiWheels/raspberryPI3/ros2_ws/install/simulation:/home/insa/Desktop/VigiWheels/raspberryPI3/ros2_ws/install/serial_port:/home/insa/Desktop/VigiWheels/raspberryPI3/ros2_ws/install/imu_tools:/home/insa/Desktop/VigiWheels/raspberryPI3/ros2_ws/install/rviz_imu_plugin:/home/insa/Desktop/VigiWheels/raspberryPI3/ros2_ws/install/joystick:/home/insa/Desktop/VigiWheels/raspberryPI3/ros2_ws/install/fire_detection:/home/insa/Desktop/VigiWheels/raspberryPI3/ros2_ws/install/car_control:/home/insa/Desktop/VigiWheels/raspberryPI3/ros2_ws/install/can:/home/insa/Desktop/VigiWheels/raspberryPI3/ros2_ws/install/interfaces:/home/insa/Desktop/VigiWheels/raspberryPI3/ros2_ws/install/imu_filter_madgwick:/home/insa/Desktop/VigiWheels/raspberryPI3/ros2_ws/install/imu_complementary_filter:/home/insa/Desktop/VigiWheels/raspberryPI3/ros2_ws/install/carla_msgs:/opt/ros/humble LD_LIBRARY_PATH=/home/insa/Desktop/VigiWheels2.0/raspberryPI3/ros2_ws/install/interfaces/lib:/home/insa/Desktop/VigiWheels2.0/raspberryPI3/ros2_ws/install/rviz_imu_plugin/lib:/home/insa/Desktop/VigiWheels2.0/raspberryPI3/ros2_ws/install/imu_filter_madgwick/lib:/home/insa/Desktop/VigiWheels2.0/raspberryPI3/ros2_ws/install/carla_msgs/lib:/home/insa/Desktop/VigiWheels/raspberryPI3/ros2_ws/install/rviz_imu_plugin/lib:/home/insa/Desktop/VigiWheels/raspberryPI3/ros2_ws/install/interfaces/lib:/home/insa/Desktop/VigiWheels/raspberryPI3/ros2_ws/install/imu_filter_madgwick/lib:/home/insa/Desktop/VigiWheels/raspberryPI3/ros2_ws/install/carla_msgs/lib:/usr/lib/x86_64-linux-gnu/gazebo-11/plugins:/opt/ros/humble/opt/rviz_ogre_vendor/lib:/opt/ros/humble/lib/x86_64-linux-gnu:/opt/ros/humble/lib /usr/bin/cmake --build /home/insa/Desktop/VigiWheels2.0/raspberryPI3/ros2_ws/build/fire_detection -- -j8 -l8
