-- Found ament_cmake: 1.3.5 (/opt/ros/humble/share/ament_cmake/cmake)
-- Found rclcpp: 16.0.6 (/opt/ros/humble/share/rclcpp/cmake)
-- Found rosidl_generator_c: 3.1.5 (/opt/ros/humble/share/rosidl_generator_c/cmake)
-- Found rosidl_adapter: 3.1.5 (/opt/ros/humble/share/rosidl_adapter/cmake)
-- Found rosidl_generator_cpp: 3.1.5 (/opt/ros/humble/share/rosidl_generator_cpp/cmake)
-- Using all available rosidl_typesupport_c: rosidl_typesupport_fastrtps_c;rosidl_typesupport_introspection_c
-- Using all available rosidl_typesupport_cpp: rosidl_typesupport_fastrtps_cpp;rosidl_typesupport_introspection_cpp
-- Found rmw_implementation_cmake: 6.1.1 (/opt/ros/humble/share/rmw_implementation_cmake/cmake)
-- Found rmw_fastrtps_cpp: 6.2.4 (/opt/ros/humble/share/rmw_fastrtps_cpp/cmake)
-- Using RMW implementation 'rmw_fastrtps_cpp' as default
-- Found sensor_msgs: 4.2.3 (/opt/ros/humble/share/sensor_msgs/cmake)
-- Found interfaces: 0.0.0 (/home/insa/Desktop/VigiWheels/raspberryPI3/ros2_ws/install/interfaces/share/interfaces/cmake)
-- Found ament_lint_auto: 0.12.8 (/opt/ros/humble/share/ament_lint_auto/cmake)
-- Added test 'cppcheck' to perform static code analysis on C / C++ code
-- Configured cppcheck include dirs: $<BUILD_INTERFACE:/home/insa/Desktop/VigiWheels/raspberryPI3/ros2_ws/src/can/include>
-- Configured cppcheck exclude dirs and/or files: 
-- Added test 'lint_cmake' to check CMake code style
-- Added test 'uncrustify' to check C / C++ code style
-- Configured uncrustify additional arguments: 
-- Added test 'xmllint' to check XML markup files
-- Configuring done
-- Generating done
-- Build files have been written to: /home/insa/Desktop/VigiWheels/raspberryPI3/ros2_ws/build/can
[ 25%] [32mBuilding CXX object CMakeFiles/can_rx_node.dir/src/can_rx_node.cpp.o[0m
[ 50%] [32mBuilding CXX object CMakeFiles/can_tx_node.dir/src/can_tx_node.cpp.o[0m
[ 75%] [32m[1mLinking CXX executable can_rx_node[0m
[ 75%] Built target can_rx_node
[100%] [32m[1mLinking CXX executable can_tx_node[0m
[100%] Built target can_tx_node
-- Install configuration: ""
-- Installing: /home/insa/Desktop/VigiWheels/raspberryPI3/ros2_ws/install/can/lib/can/can_rx_node
-- Set runtime path of "/home/insa/Desktop/VigiWheels/raspberryPI3/ros2_ws/install/can/lib/can/can_rx_node" to ""
-- Installing: /home/insa/Desktop/VigiWheels/raspberryPI3/ros2_ws/install/can/lib/can/can_tx_node
-- Set runtime path of "/home/insa/Desktop/VigiWheels/raspberryPI3/ros2_ws/install/can/lib/can/can_tx_node" to ""
-- Installing: /home/insa/Desktop/VigiWheels/raspberryPI3/ros2_ws/install/can/share/ament_index/resource_index/package_run_dependencies/can
-- Installing: /home/insa/Desktop/VigiWheels/raspberryPI3/ros2_ws/install/can/share/ament_index/resource_index/parent_prefix_path/can
-- Installing: /home/insa/Desktop/VigiWheels/raspberryPI3/ros2_ws/install/can/share/can/environment/ament_prefix_path.sh
-- Installing: /home/insa/Desktop/VigiWheels/raspberryPI3/ros2_ws/install/can/share/can/environment/ament_prefix_path.dsv
-- Installing: /home/insa/Desktop/VigiWheels/raspberryPI3/ros2_ws/install/can/share/can/environment/path.sh
-- Installing: /home/insa/Desktop/VigiWheels/raspberryPI3/ros2_ws/install/can/share/can/environment/path.dsv
-- Installing: /home/insa/Desktop/VigiWheels/raspberryPI3/ros2_ws/install/can/share/can/local_setup.bash
-- Installing: /home/insa/Desktop/VigiWheels/raspberryPI3/ros2_ws/install/can/share/can/local_setup.sh
-- Installing: /home/insa/Desktop/VigiWheels/raspberryPI3/ros2_ws/install/can/share/can/local_setup.zsh
-- Installing: /home/insa/Desktop/VigiWheels/raspberryPI3/ros2_ws/install/can/share/can/local_setup.dsv
-- Installing: /home/insa/Desktop/VigiWheels/raspberryPI3/ros2_ws/install/can/share/can/package.dsv
-- Installing: /home/insa/Desktop/VigiWheels/raspberryPI3/ros2_ws/install/can/share/ament_index/resource_index/packages/can
-- Installing: /home/insa/Desktop/VigiWheels/raspberryPI3/ros2_ws/install/can/share/can/cmake/canConfig.cmake
-- Installing: /home/insa/Desktop/VigiWheels/raspberryPI3/ros2_ws/install/can/share/can/cmake/canConfig-version.cmake
-- Installing: /home/insa/Desktop/VigiWheels/raspberryPI3/ros2_ws/install/can/share/can/package.xml
