[0.088s] Invoking command in '/home/insa/Desktop/3.0/VigiWheels/raspberryPI3/ros2_ws/build/rosbridge_library': AMENT_PREFIX_PATH=/home/insa/Desktop/3.0/VigiWheels/raspberryPI3/ros2_ws/install/rosbridge_test_msgs:${AMENT_PREFIX_PATH} CMAKE_PREFIX_PATH=/home/insa/Desktop/3.0/VigiWheels/raspberryPI3/ros2_ws/install/rosbridge_test_msgs:/home/insa/Desktop/VigiWheels2.0/raspberryPI3/ros2_ws/install/geicar_start:/home/insa/Desktop/VigiWheels2.0/raspberryPI3/ros2_ws/install/uart:/home/insa/Desktop/VigiWheels2.0/raspberryPI3/ros2_ws/install/system_check:/home/insa/Desktop/VigiWheels2.0/raspberryPI3/ros2_ws/install/simulation:/home/insa/Desktop/VigiWheels2.0/raspberryPI3/ros2_ws/install/servo_cam:/home/insa/Desktop/VigiWheels2.0/raspberryPI3/ros2_ws/install/imu_tools:/home/insa/Desktop/VigiWheels2.0/raspberryPI3/ros2_ws/install/rviz_imu_plugin:/home/insa/Desktop/VigiWheels2.0/raspberryPI3/ros2_ws/install/pressure_level:/home/insa/Desktop/VigiWheels2.0/raspberryPI3/ros2_ws/install/obstacles:/home/insa/Desktop/VigiWheels2.0/raspberryPI3/ros2_ws/install/joystick:/home/insa/Desktop/VigiWheels2.0/raspberryPI3/ros2_ws/install/fire_detection:/home/insa/Desktop/VigiWheels2.0/raspberryPI3/ros2_ws/install/car_control:/home/insa/Desktop/VigiWheels2.0/raspberryPI3/ros2_ws/install/can:/home/insa/Desktop/VigiWheels2.0/raspberryPI3/ros2_ws/install/interfaces:/home/insa/Desktop/VigiWheels2.0/raspberryPI3/ros2_ws/install/imu_filter_madgwick:/home/insa/Desktop/VigiWheels2.0/raspberryPI3/ros2_ws/install/imu_complementary_filter:/home/insa/Desktop/VigiWheels2.0/raspberryPI3/ros2_ws/install/carla_msgs:/home/insa/Desktop/VigiWheels/raspberryPI3/ros2_ws/install/geicar_start:/home/insa/Desktop/VigiWheels/raspberryPI3/ros2_ws/install/system_check:/home/insa/Desktop/VigiWheels/raspberryPI3/ros2_ws/install/simulation:/home/insa/Desktop/VigiWheels/raspberryPI3/ros2_ws/install/serial_port:/home/insa/Desktop/VigiWheels/raspberryPI3/ros2_ws/install/imu_tools:/home/insa/Desktop/VigiWheels/raspberryPI3/ros2_ws/install/rviz_imu_plugin:/home/insa/Desktop/VigiWheels/raspberryPI3/ros2_ws/install/joystick:/home/insa/Desktop/VigiWheels/raspberryPI3/ros2_ws/install/fire_detection:/home/insa/Desktop/VigiWheels/raspberryPI3/ros2_ws/install/car_control:/home/insa/Desktop/VigiWheels/raspberryPI3/ros2_ws/install/can:/home/insa/Desktop/VigiWheels/raspberryPI3/ros2_ws/install/interfaces:/home/insa/Desktop/VigiWheels/raspberryPI3/ros2_ws/install/imu_filter_madgwick:/home/insa/Desktop/VigiWheels/raspberryPI3/ros2_ws/install/imu_complementary_filter:/home/insa/Desktop/VigiWheels/raspberryPI3/ros2_ws/install/carla_msgs:/opt/ros/humble LD_LIBRARY_PATH=/home/insa/Desktop/3.0/VigiWheels/raspberryPI3/ros2_ws/install/rosbridge_test_msgs/lib:${LD_LIBRARY_PATH} PYTHONPATH=/home/insa/Desktop/3.0/VigiWheels/raspberryPI3/ros2_ws/install/rosbridge_test_msgs/local/lib/python3.10/dist-packages:${PYTHONPATH} /usr/bin/cmake /home/insa/Desktop/3.0/VigiWheels/raspberryPI3/ros2_ws/src/rosbridge_suite/rosbridge_library -DCMAKE_INSTALL_PREFIX=/home/insa/Desktop/3.0/VigiWheels/raspberryPI3/ros2_ws/install/rosbridge_library
[0.144s] -- The C compiler identification is GNU 11.4.0
[0.198s] -- The CXX compiler identification is GNU 11.4.0
[0.207s] -- Detecting C compiler ABI info
[0.287s] -- Detecting C compiler ABI info - done
[0.294s] -- Check for working C compiler: /usr/bin/cc - skipped
[0.295s] -- Detecting C compile features
[0.295s] -- Detecting C compile features - done
[0.298s] -- Detecting CXX compiler ABI info
[0.387s] -- Detecting CXX compiler ABI info - done
[0.395s] -- Check for working CXX compiler: /usr/bin/c++ - skipped
[0.395s] -- Detecting CXX compile features
[0.396s] -- Detecting CXX compile features - done
[0.401s] -- Found ament_cmake_ros: 0.10.0 (/opt/ros/humble/share/ament_cmake_ros/cmake)
[0.652s] -- Found Python3: /usr/bin/python3.10 (found version "3.10.12") found components: Interpreter 
[1.804s] -- Configuring done
[1.807s] -- Generating done
[1.808s] -- Build files have been written to: /home/insa/Desktop/3.0/VigiWheels/raspberryPI3/ros2_ws/build/rosbridge_library
[1.879s] Invoked command in '/home/insa/Desktop/3.0/VigiWheels/raspberryPI3/ros2_ws/build/rosbridge_library' returned '0': AMENT_PREFIX_PATH=/home/insa/Desktop/3.0/VigiWheels/raspberryPI3/ros2_ws/install/rosbridge_test_msgs:${AMENT_PREFIX_PATH} CMAKE_PREFIX_PATH=/home/insa/Desktop/3.0/VigiWheels/raspberryPI3/ros2_ws/install/rosbridge_test_msgs:/home/insa/Desktop/VigiWheels2.0/raspberryPI3/ros2_ws/install/geicar_start:/home/insa/Desktop/VigiWheels2.0/raspberryPI3/ros2_ws/install/uart:/home/insa/Desktop/VigiWheels2.0/raspberryPI3/ros2_ws/install/system_check:/home/insa/Desktop/VigiWheels2.0/raspberryPI3/ros2_ws/install/simulation:/home/insa/Desktop/VigiWheels2.0/raspberryPI3/ros2_ws/install/servo_cam:/home/insa/Desktop/VigiWheels2.0/raspberryPI3/ros2_ws/install/imu_tools:/home/insa/Desktop/VigiWheels2.0/raspberryPI3/ros2_ws/install/rviz_imu_plugin:/home/insa/Desktop/VigiWheels2.0/raspberryPI3/ros2_ws/install/pressure_level:/home/insa/Desktop/VigiWheels2.0/raspberryPI3/ros2_ws/install/obstacles:/home/insa/Desktop/VigiWheels2.0/raspberryPI3/ros2_ws/install/joystick:/home/insa/Desktop/VigiWheels2.0/raspberryPI3/ros2_ws/install/fire_detection:/home/insa/Desktop/VigiWheels2.0/raspberryPI3/ros2_ws/install/car_control:/home/insa/Desktop/VigiWheels2.0/raspberryPI3/ros2_ws/install/can:/home/insa/Desktop/VigiWheels2.0/raspberryPI3/ros2_ws/install/interfaces:/home/insa/Desktop/VigiWheels2.0/raspberryPI3/ros2_ws/install/imu_filter_madgwick:/home/insa/Desktop/VigiWheels2.0/raspberryPI3/ros2_ws/install/imu_complementary_filter:/home/insa/Desktop/VigiWheels2.0/raspberryPI3/ros2_ws/install/carla_msgs:/home/insa/Desktop/VigiWheels/raspberryPI3/ros2_ws/install/geicar_start:/home/insa/Desktop/VigiWheels/raspberryPI3/ros2_ws/install/system_check:/home/insa/Desktop/VigiWheels/raspberryPI3/ros2_ws/install/simulation:/home/insa/Desktop/VigiWheels/raspberryPI3/ros2_ws/install/serial_port:/home/insa/Desktop/VigiWheels/raspberryPI3/ros2_ws/install/imu_tools:/home/insa/Desktop/VigiWheels/raspberryPI3/ros2_ws/install/rviz_imu_plugin:/home/insa/Desktop/VigiWheels/raspberryPI3/ros2_ws/install/joystick:/home/insa/Desktop/VigiWheels/raspberryPI3/ros2_ws/install/fire_detection:/home/insa/Desktop/VigiWheels/raspberryPI3/ros2_ws/install/car_control:/home/insa/Desktop/VigiWheels/raspberryPI3/ros2_ws/install/can:/home/insa/Desktop/VigiWheels/raspberryPI3/ros2_ws/install/interfaces:/home/insa/Desktop/VigiWheels/raspberryPI3/ros2_ws/install/imu_filter_madgwick:/home/insa/Desktop/VigiWheels/raspberryPI3/ros2_ws/install/imu_complementary_filter:/home/insa/Desktop/VigiWheels/raspberryPI3/ros2_ws/install/carla_msgs:/opt/ros/humble LD_LIBRARY_PATH=/home/insa/Desktop/3.0/VigiWheels/raspberryPI3/ros2_ws/install/rosbridge_test_msgs/lib:${LD_LIBRARY_PATH} PYTHONPATH=/home/insa/Desktop/3.0/VigiWheels/raspberryPI3/ros2_ws/install/rosbridge_test_msgs/local/lib/python3.10/dist-packages:${PYTHONPATH} /usr/bin/cmake /home/insa/Desktop/3.0/VigiWheels/raspberryPI3/ros2_ws/src/rosbridge_suite/rosbridge_library -DCMAKE_INSTALL_PREFIX=/home/insa/Desktop/3.0/VigiWheels/raspberryPI3/ros2_ws/install/rosbridge_library
[1.879s] Invoking command in '/home/insa/Desktop/3.0/VigiWheels/raspberryPI3/ros2_ws/build/rosbridge_library': AMENT_PREFIX_PATH=/home/insa/Desktop/3.0/VigiWheels/raspberryPI3/ros2_ws/install/rosbridge_test_msgs:${AMENT_PREFIX_PATH} CMAKE_PREFIX_PATH=/home/insa/Desktop/3.0/VigiWheels/raspberryPI3/ros2_ws/install/rosbridge_test_msgs:/home/insa/Desktop/VigiWheels2.0/raspberryPI3/ros2_ws/install/geicar_start:/home/insa/Desktop/VigiWheels2.0/raspberryPI3/ros2_ws/install/uart:/home/insa/Desktop/VigiWheels2.0/raspberryPI3/ros2_ws/install/system_check:/home/insa/Desktop/VigiWheels2.0/raspberryPI3/ros2_ws/install/simulation:/home/insa/Desktop/VigiWheels2.0/raspberryPI3/ros2_ws/install/servo_cam:/home/insa/Desktop/VigiWheels2.0/raspberryPI3/ros2_ws/install/imu_tools:/home/insa/Desktop/VigiWheels2.0/raspberryPI3/ros2_ws/install/rviz_imu_plugin:/home/insa/Desktop/VigiWheels2.0/raspberryPI3/ros2_ws/install/pressure_level:/home/insa/Desktop/VigiWheels2.0/raspberryPI3/ros2_ws/install/obstacles:/home/insa/Desktop/VigiWheels2.0/raspberryPI3/ros2_ws/install/joystick:/home/insa/Desktop/VigiWheels2.0/raspberryPI3/ros2_ws/install/fire_detection:/home/insa/Desktop/VigiWheels2.0/raspberryPI3/ros2_ws/install/car_control:/home/insa/Desktop/VigiWheels2.0/raspberryPI3/ros2_ws/install/can:/home/insa/Desktop/VigiWheels2.0/raspberryPI3/ros2_ws/install/interfaces:/home/insa/Desktop/VigiWheels2.0/raspberryPI3/ros2_ws/install/imu_filter_madgwick:/home/insa/Desktop/VigiWheels2.0/raspberryPI3/ros2_ws/install/imu_complementary_filter:/home/insa/Desktop/VigiWheels2.0/raspberryPI3/ros2_ws/install/carla_msgs:/home/insa/Desktop/VigiWheels/raspberryPI3/ros2_ws/install/geicar_start:/home/insa/Desktop/VigiWheels/raspberryPI3/ros2_ws/install/system_check:/home/insa/Desktop/VigiWheels/raspberryPI3/ros2_ws/install/simulation:/home/insa/Desktop/VigiWheels/raspberryPI3/ros2_ws/install/serial_port:/home/insa/Desktop/VigiWheels/raspberryPI3/ros2_ws/install/imu_tools:/home/insa/Desktop/VigiWheels/raspberryPI3/ros2_ws/install/rviz_imu_plugin:/home/insa/Desktop/VigiWheels/raspberryPI3/ros2_ws/install/joystick:/home/insa/Desktop/VigiWheels/raspberryPI3/ros2_ws/install/fire_detection:/home/insa/Desktop/VigiWheels/raspberryPI3/ros2_ws/install/car_control:/home/insa/Desktop/VigiWheels/raspberryPI3/ros2_ws/install/can:/home/insa/Desktop/VigiWheels/raspberryPI3/ros2_ws/install/interfaces:/home/insa/Desktop/VigiWheels/raspberryPI3/ros2_ws/install/imu_filter_madgwick:/home/insa/Desktop/VigiWheels/raspberryPI3/ros2_ws/install/imu_complementary_filter:/home/insa/Desktop/VigiWheels/raspberryPI3/ros2_ws/install/carla_msgs:/opt/ros/humble LD_LIBRARY_PATH=/home/insa/Desktop/3.0/VigiWheels/raspberryPI3/ros2_ws/install/rosbridge_test_msgs/lib:${LD_LIBRARY_PATH} PYTHONPATH=/home/insa/Desktop/3.0/VigiWheels/raspberryPI3/ros2_ws/install/rosbridge_test_msgs/local/lib/python3.10/dist-packages:${PYTHONPATH} /usr/bin/cmake --build /home/insa/Desktop/3.0/VigiWheels/raspberryPI3/ros2_ws/build/rosbridge_library -- -j8 -l8
[1.938s] Built target ament_cmake_python_copy_rosbridge_library
[2.154s] running egg_info
[2.154s] creating rosbridge_library.egg-info
[2.154s] writing rosbridge_library.egg-info/PKG-INFO
[2.155s] writing dependency_links to rosbridge_library.egg-info/dependency_links.txt
[2.155s] writing top-level names to rosbridge_library.egg-info/top_level.txt
[2.155s] writing manifest file 'rosbridge_library.egg-info/SOURCES.txt'
[2.159s] reading manifest file 'rosbridge_library.egg-info/SOURCES.txt'
[2.159s] writing manifest file 'rosbridge_library.egg-info/SOURCES.txt'
[2.184s] Built target ament_cmake_python_build_rosbridge_library_egg
[2.195s] Invoked command in '/home/insa/Desktop/3.0/VigiWheels/raspberryPI3/ros2_ws/build/rosbridge_library' returned '0': AMENT_PREFIX_PATH=/home/insa/Desktop/3.0/VigiWheels/raspberryPI3/ros2_ws/install/rosbridge_test_msgs:${AMENT_PREFIX_PATH} CMAKE_PREFIX_PATH=/home/insa/Desktop/3.0/VigiWheels/raspberryPI3/ros2_ws/install/rosbridge_test_msgs:/home/insa/Desktop/VigiWheels2.0/raspberryPI3/ros2_ws/install/geicar_start:/home/insa/Desktop/VigiWheels2.0/raspberryPI3/ros2_ws/install/uart:/home/insa/Desktop/VigiWheels2.0/raspberryPI3/ros2_ws/install/system_check:/home/insa/Desktop/VigiWheels2.0/raspberryPI3/ros2_ws/install/simulation:/home/insa/Desktop/VigiWheels2.0/raspberryPI3/ros2_ws/install/servo_cam:/home/insa/Desktop/VigiWheels2.0/raspberryPI3/ros2_ws/install/imu_tools:/home/insa/Desktop/VigiWheels2.0/raspberryPI3/ros2_ws/install/rviz_imu_plugin:/home/insa/Desktop/VigiWheels2.0/raspberryPI3/ros2_ws/install/pressure_level:/home/insa/Desktop/VigiWheels2.0/raspberryPI3/ros2_ws/install/obstacles:/home/insa/Desktop/VigiWheels2.0/raspberryPI3/ros2_ws/install/joystick:/home/insa/Desktop/VigiWheels2.0/raspberryPI3/ros2_ws/install/fire_detection:/home/insa/Desktop/VigiWheels2.0/raspberryPI3/ros2_ws/install/car_control:/home/insa/Desktop/VigiWheels2.0/raspberryPI3/ros2_ws/install/can:/home/insa/Desktop/VigiWheels2.0/raspberryPI3/ros2_ws/install/interfaces:/home/insa/Desktop/VigiWheels2.0/raspberryPI3/ros2_ws/install/imu_filter_madgwick:/home/insa/Desktop/VigiWheels2.0/raspberryPI3/ros2_ws/install/imu_complementary_filter:/home/insa/Desktop/VigiWheels2.0/raspberryPI3/ros2_ws/install/carla_msgs:/home/insa/Desktop/VigiWheels/raspberryPI3/ros2_ws/install/geicar_start:/home/insa/Desktop/VigiWheels/raspberryPI3/ros2_ws/install/system_check:/home/insa/Desktop/VigiWheels/raspberryPI3/ros2_ws/install/simulation:/home/insa/Desktop/VigiWheels/raspberryPI3/ros2_ws/install/serial_port:/home/insa/Desktop/VigiWheels/raspberryPI3/ros2_ws/install/imu_tools:/home/insa/Desktop/VigiWheels/raspberryPI3/ros2_ws/install/rviz_imu_plugin:/home/insa/Desktop/VigiWheels/raspberryPI3/ros2_ws/install/joystick:/home/insa/Desktop/VigiWheels/raspberryPI3/ros2_ws/install/fire_detection:/home/insa/Desktop/VigiWheels/raspberryPI3/ros2_ws/install/car_control:/home/insa/Desktop/VigiWheels/raspberryPI3/ros2_ws/install/can:/home/insa/Desktop/VigiWheels/raspberryPI3/ros2_ws/install/interfaces:/home/insa/Desktop/VigiWheels/raspberryPI3/ros2_ws/install/imu_filter_madgwick:/home/insa/Desktop/VigiWheels/raspberryPI3/ros2_ws/install/imu_complementary_filter:/home/insa/Desktop/VigiWheels/raspberryPI3/ros2_ws/install/carla_msgs:/opt/ros/humble LD_LIBRARY_PATH=/home/insa/Desktop/3.0/VigiWheels/raspberryPI3/ros2_ws/install/rosbridge_test_msgs/lib:${LD_LIBRARY_PATH} PYTHONPATH=/home/insa/Desktop/3.0/VigiWheels/raspberryPI3/ros2_ws/install/rosbridge_test_msgs/local/lib/python3.10/dist-packages:${PYTHONPATH} /usr/bin/cmake --build /home/insa/Desktop/3.0/VigiWheels/raspberryPI3/ros2_ws/build/rosbridge_library -- -j8 -l8
[2.219s] Invoking command in '/home/insa/Desktop/3.0/VigiWheels/raspberryPI3/ros2_ws/build/rosbridge_library': AMENT_PREFIX_PATH=/home/insa/Desktop/3.0/VigiWheels/raspberryPI3/ros2_ws/install/rosbridge_test_msgs:${AMENT_PREFIX_PATH} CMAKE_PREFIX_PATH=/home/insa/Desktop/3.0/VigiWheels/raspberryPI3/ros2_ws/install/rosbridge_test_msgs:/home/insa/Desktop/VigiWheels2.0/raspberryPI3/ros2_ws/install/geicar_start:/home/insa/Desktop/VigiWheels2.0/raspberryPI3/ros2_ws/install/uart:/home/insa/Desktop/VigiWheels2.0/raspberryPI3/ros2_ws/install/system_check:/home/insa/Desktop/VigiWheels2.0/raspberryPI3/ros2_ws/install/simulation:/home/insa/Desktop/VigiWheels2.0/raspberryPI3/ros2_ws/install/servo_cam:/home/insa/Desktop/VigiWheels2.0/raspberryPI3/ros2_ws/install/imu_tools:/home/insa/Desktop/VigiWheels2.0/raspberryPI3/ros2_ws/install/rviz_imu_plugin:/home/insa/Desktop/VigiWheels2.0/raspberryPI3/ros2_ws/install/pressure_level:/home/insa/Desktop/VigiWheels2.0/raspberryPI3/ros2_ws/install/obstacles:/home/insa/Desktop/VigiWheels2.0/raspberryPI3/ros2_ws/install/joystick:/home/insa/Desktop/VigiWheels2.0/raspberryPI3/ros2_ws/install/fire_detection:/home/insa/Desktop/VigiWheels2.0/raspberryPI3/ros2_ws/install/car_control:/home/insa/Desktop/VigiWheels2.0/raspberryPI3/ros2_ws/install/can:/home/insa/Desktop/VigiWheels2.0/raspberryPI3/ros2_ws/install/interfaces:/home/insa/Desktop/VigiWheels2.0/raspberryPI3/ros2_ws/install/imu_filter_madgwick:/home/insa/Desktop/VigiWheels2.0/raspberryPI3/ros2_ws/install/imu_complementary_filter:/home/insa/Desktop/VigiWheels2.0/raspberryPI3/ros2_ws/install/carla_msgs:/home/insa/Desktop/VigiWheels/raspberryPI3/ros2_ws/install/geicar_start:/home/insa/Desktop/VigiWheels/raspberryPI3/ros2_ws/install/system_check:/home/insa/Desktop/VigiWheels/raspberryPI3/ros2_ws/install/simulation:/home/insa/Desktop/VigiWheels/raspberryPI3/ros2_ws/install/serial_port:/home/insa/Desktop/VigiWheels/raspberryPI3/ros2_ws/install/imu_tools:/home/insa/Desktop/VigiWheels/raspberryPI3/ros2_ws/install/rviz_imu_plugin:/home/insa/Desktop/VigiWheels/raspberryPI3/ros2_ws/install/joystick:/home/insa/Desktop/VigiWheels/raspberryPI3/ros2_ws/install/fire_detection:/home/insa/Desktop/VigiWheels/raspberryPI3/ros2_ws/install/car_control:/home/insa/Desktop/VigiWheels/raspberryPI3/ros2_ws/install/can:/home/insa/Desktop/VigiWheels/raspberryPI3/ros2_ws/install/interfaces:/home/insa/Desktop/VigiWheels/raspberryPI3/ros2_ws/install/imu_filter_madgwick:/home/insa/Desktop/VigiWheels/raspberryPI3/ros2_ws/install/imu_complementary_filter:/home/insa/Desktop/VigiWheels/raspberryPI3/ros2_ws/install/carla_msgs:/opt/ros/humble LD_LIBRARY_PATH=/home/insa/Desktop/3.0/VigiWheels/raspberryPI3/ros2_ws/install/rosbridge_test_msgs/lib:${LD_LIBRARY_PATH} PYTHONPATH=/home/insa/Desktop/3.0/VigiWheels/raspberryPI3/ros2_ws/install/rosbridge_test_msgs/local/lib/python3.10/dist-packages:${PYTHONPATH} /usr/bin/cmake --install /home/insa/Desktop/3.0/VigiWheels/raspberryPI3/ros2_ws/build/rosbridge_library
[2.227s] -- Install configuration: ""
[2.227s] -- Installing: /home/insa/Desktop/3.0/VigiWheels/raspberryPI3/ros2_ws/install/rosbridge_library/share/rosbridge_library/environment/pythonpath.sh
[2.227s] -- Installing: /home/insa/Desktop/3.0/VigiWheels/raspberryPI3/ros2_ws/install/rosbridge_library/share/rosbridge_library/environment/pythonpath.dsv
[2.227s] -- Installing: /home/insa/Desktop/3.0/VigiWheels/raspberryPI3/ros2_ws/install/rosbridge_library/local/lib/python3.10/dist-packages/rosbridge_library-1.3.2-py3.10.egg-info
[2.227s] -- Installing: /home/insa/Desktop/3.0/VigiWheels/raspberryPI3/ros2_ws/install/rosbridge_library/local/lib/python3.10/dist-packages/rosbridge_library-1.3.2-py3.10.egg-info/dependency_links.txt
[2.227s] -- Installing: /home/insa/Desktop/3.0/VigiWheels/raspberryPI3/ros2_ws/install/rosbridge_library/local/lib/python3.10/dist-packages/rosbridge_library-1.3.2-py3.10.egg-info/PKG-INFO
[2.227s] -- Installing: /home/insa/Desktop/3.0/VigiWheels/raspberryPI3/ros2_ws/install/rosbridge_library/local/lib/python3.10/dist-packages/rosbridge_library-1.3.2-py3.10.egg-info/SOURCES.txt
[2.227s] -- Installing: /home/insa/Desktop/3.0/VigiWheels/raspberryPI3/ros2_ws/install/rosbridge_library/local/lib/python3.10/dist-packages/rosbridge_library-1.3.2-py3.10.egg-info/top_level.txt
[2.227s] -- Installing: /home/insa/Desktop/3.0/VigiWheels/raspberryPI3/ros2_ws/install/rosbridge_library/local/lib/python3.10/dist-packages/rosbridge_library
[2.227s] -- Installing: /home/insa/Desktop/3.0/VigiWheels/raspberryPI3/ros2_ws/install/rosbridge_library/local/lib/python3.10/dist-packages/rosbridge_library/protocol.py
[2.228s] -- Installing: /home/insa/Desktop/3.0/VigiWheels/raspberryPI3/ros2_ws/install/rosbridge_library/local/lib/python3.10/dist-packages/rosbridge_library/capabilities
[2.228s] -- Installing: /home/insa/Desktop/3.0/VigiWheels/raspberryPI3/ros2_ws/install/rosbridge_library/local/lib/python3.10/dist-packages/rosbridge_library/capabilities/action_result.py
[2.228s] -- Installing: /home/insa/Desktop/3.0/VigiWheels/raspberryPI3/ros2_ws/install/rosbridge_library/local/lib/python3.10/dist-packages/rosbridge_library/capabilities/defragmentation.py
[2.228s] -- Installing: /home/insa/Desktop/3.0/VigiWheels/raspberryPI3/ros2_ws/install/rosbridge_library/local/lib/python3.10/dist-packages/rosbridge_library/capabilities/service_response.py
[2.228s] -- Installing: /home/insa/Desktop/3.0/VigiWheels/raspberryPI3/ros2_ws/install/rosbridge_library/local/lib/python3.10/dist-packages/rosbridge_library/capabilities/__init__.py
[2.228s] -- Installing: /home/insa/Desktop/3.0/VigiWheels/raspberryPI3/ros2_ws/install/rosbridge_library/local/lib/python3.10/dist-packages/rosbridge_library/capabilities/action_feedback.py
[2.228s] -- Installing: /home/insa/Desktop/3.0/VigiWheels/raspberryPI3/ros2_ws/install/rosbridge_library/local/lib/python3.10/dist-packages/rosbridge_library/capabilities/send_action_goal.py
[2.228s] -- Installing: /home/insa/Desktop/3.0/VigiWheels/raspberryPI3/ros2_ws/install/rosbridge_library/local/lib/python3.10/dist-packages/rosbridge_library/capabilities/advertise_action.py
[2.228s] -- Installing: /home/insa/Desktop/3.0/VigiWheels/raspberryPI3/ros2_ws/install/rosbridge_library/local/lib/python3.10/dist-packages/rosbridge_library/capabilities/fragmentation.py
[2.229s] -- Installing: /home/insa/Desktop/3.0/VigiWheels/raspberryPI3/ros2_ws/install/rosbridge_library/local/lib/python3.10/dist-packages/rosbridge_library/capabilities/advertise.py
[2.229s] -- Installing: /home/insa/Desktop/3.0/VigiWheels/raspberryPI3/ros2_ws/install/rosbridge_library/local/lib/python3.10/dist-packages/rosbridge_library/capabilities/unadvertise_action.py
[2.229s] -- Installing: /home/insa/Desktop/3.0/VigiWheels/raspberryPI3/ros2_ws/install/rosbridge_library/local/lib/python3.10/dist-packages/rosbridge_library/capabilities/call_service.py
[2.229s] -- Installing: /home/insa/Desktop/3.0/VigiWheels/raspberryPI3/ros2_ws/install/rosbridge_library/local/lib/python3.10/dist-packages/rosbridge_library/capabilities/publish.py
[2.229s] -- Installing: /home/insa/Desktop/3.0/VigiWheels/raspberryPI3/ros2_ws/install/rosbridge_library/local/lib/python3.10/dist-packages/rosbridge_library/capabilities/advertise_service.py
[2.229s] -- Installing: /home/insa/Desktop/3.0/VigiWheels/raspberryPI3/ros2_ws/install/rosbridge_library/local/lib/python3.10/dist-packages/rosbridge_library/capabilities/subscribe.py
[2.229s] -- Installing: /home/insa/Desktop/3.0/VigiWheels/raspberryPI3/ros2_ws/install/rosbridge_library/local/lib/python3.10/dist-packages/rosbridge_library/capabilities/unadvertise_service.py
[2.229s] -- Installing: /home/insa/Desktop/3.0/VigiWheels/raspberryPI3/ros2_ws/install/rosbridge_library/local/lib/python3.10/dist-packages/rosbridge_library/__init__.py
[2.229s] -- Installing: /home/insa/Desktop/3.0/VigiWheels/raspberryPI3/ros2_ws/install/rosbridge_library/local/lib/python3.10/dist-packages/rosbridge_library/rosbridge_protocol.py
[2.229s] -- Installing: /home/insa/Desktop/3.0/VigiWheels/raspberryPI3/ros2_ws/install/rosbridge_library/local/lib/python3.10/dist-packages/rosbridge_library/capability.py
[2.229s] -- Installing: /home/insa/Desktop/3.0/VigiWheels/raspberryPI3/ros2_ws/install/rosbridge_library/local/lib/python3.10/dist-packages/rosbridge_library/util
[2.230s] -- Installing: /home/insa/Desktop/3.0/VigiWheels/raspberryPI3/ros2_ws/install/rosbridge_library/local/lib/python3.10/dist-packages/rosbridge_library/util/cbor.py
[2.230s] -- Installing: /home/insa/Desktop/3.0/VigiWheels/raspberryPI3/ros2_ws/install/rosbridge_library/local/lib/python3.10/dist-packages/rosbridge_library/util/__init__.py
[2.230s] -- Installing: /home/insa/Desktop/3.0/VigiWheels/raspberryPI3/ros2_ws/install/rosbridge_library/local/lib/python3.10/dist-packages/rosbridge_library/util/ros.py
[2.230s] -- Installing: /home/insa/Desktop/3.0/VigiWheels/raspberryPI3/ros2_ws/install/rosbridge_library/local/lib/python3.10/dist-packages/rosbridge_library/internal
[2.230s] -- Installing: /home/insa/Desktop/3.0/VigiWheels/raspberryPI3/ros2_ws/install/rosbridge_library/local/lib/python3.10/dist-packages/rosbridge_library/internal/pngcompression.py
[2.230s] -- Installing: /home/insa/Desktop/3.0/VigiWheels/raspberryPI3/ros2_ws/install/rosbridge_library/local/lib/python3.10/dist-packages/rosbridge_library/internal/cbor_conversion.py
[2.230s] -- Installing: /home/insa/Desktop/3.0/VigiWheels/raspberryPI3/ros2_ws/install/rosbridge_library/local/lib/python3.10/dist-packages/rosbridge_library/internal/subscription_modifiers.py
[2.230s] -- Installing: /home/insa/Desktop/3.0/VigiWheels/raspberryPI3/ros2_ws/install/rosbridge_library/local/lib/python3.10/dist-packages/rosbridge_library/internal/outgoing_message.py
[2.230s] -- Installing: /home/insa/Desktop/3.0/VigiWheels/raspberryPI3/ros2_ws/install/rosbridge_library/local/lib/python3.10/dist-packages/rosbridge_library/internal/ros_loader.py
[2.230s] -- Installing: /home/insa/Desktop/3.0/VigiWheels/raspberryPI3/ros2_ws/install/rosbridge_library/local/lib/python3.10/dist-packages/rosbridge_library/internal/__init__.py
[2.230s] -- Installing: /home/insa/Desktop/3.0/VigiWheels/raspberryPI3/ros2_ws/install/rosbridge_library/local/lib/python3.10/dist-packages/rosbridge_library/internal/topics.py
[2.230s] -- Installing: /home/insa/Desktop/3.0/VigiWheels/raspberryPI3/ros2_ws/install/rosbridge_library/local/lib/python3.10/dist-packages/rosbridge_library/internal/message_conversion.py
[2.230s] -- Installing: /home/insa/Desktop/3.0/VigiWheels/raspberryPI3/ros2_ws/install/rosbridge_library/local/lib/python3.10/dist-packages/rosbridge_library/internal/publishers.py
[2.231s] -- Installing: /home/insa/Desktop/3.0/VigiWheels/raspberryPI3/ros2_ws/install/rosbridge_library/local/lib/python3.10/dist-packages/rosbridge_library/internal/services.py
[2.231s] -- Installing: /home/insa/Desktop/3.0/VigiWheels/raspberryPI3/ros2_ws/install/rosbridge_library/local/lib/python3.10/dist-packages/rosbridge_library/internal/subscribers.py
[2.231s] -- Installing: /home/insa/Desktop/3.0/VigiWheels/raspberryPI3/ros2_ws/install/rosbridge_library/local/lib/python3.10/dist-packages/rosbridge_library/internal/exceptions.py
[2.231s] -- Installing: /home/insa/Desktop/3.0/VigiWheels/raspberryPI3/ros2_ws/install/rosbridge_library/local/lib/python3.10/dist-packages/rosbridge_library/internal/actions.py
[2.286s] Listing '/home/insa/Desktop/3.0/VigiWheels/raspberryPI3/ros2_ws/install/rosbridge_library/local/lib/python3.10/dist-packages/rosbridge_library'...
[2.286s] Compiling '/home/insa/Desktop/3.0/VigiWheels/raspberryPI3/ros2_ws/install/rosbridge_library/local/lib/python3.10/dist-packages/rosbridge_library/__init__.py'...
[2.286s] Listing '/home/insa/Desktop/3.0/VigiWheels/raspberryPI3/ros2_ws/install/rosbridge_library/local/lib/python3.10/dist-packages/rosbridge_library/capabilities'...
[2.286s] Compiling '/home/insa/Desktop/3.0/VigiWheels/raspberryPI3/ros2_ws/install/rosbridge_library/local/lib/python3.10/dist-packages/rosbridge_library/capabilities/__init__.py'...
[2.287s] Compiling '/home/insa/Desktop/3.0/VigiWheels/raspberryPI3/ros2_ws/install/rosbridge_library/local/lib/python3.10/dist-packages/rosbridge_library/capabilities/action_feedback.py'...
[2.287s] Compiling '/home/insa/Desktop/3.0/VigiWheels/raspberryPI3/ros2_ws/install/rosbridge_library/local/lib/python3.10/dist-packages/rosbridge_library/capabilities/action_result.py'...
[2.287s] Compiling '/home/insa/Desktop/3.0/VigiWheels/raspberryPI3/ros2_ws/install/rosbridge_library/local/lib/python3.10/dist-packages/rosbridge_library/capabilities/advertise.py'...
[2.287s] Compiling '/home/insa/Desktop/3.0/VigiWheels/raspberryPI3/ros2_ws/install/rosbridge_library/local/lib/python3.10/dist-packages/rosbridge_library/capabilities/advertise_action.py'...
[2.287s] Compiling '/home/insa/Desktop/3.0/VigiWheels/raspberryPI3/ros2_ws/install/rosbridge_library/local/lib/python3.10/dist-packages/rosbridge_library/capabilities/advertise_service.py'...
[2.287s] Compiling '/home/insa/Desktop/3.0/VigiWheels/raspberryPI3/ros2_ws/install/rosbridge_library/local/lib/python3.10/dist-packages/rosbridge_library/capabilities/call_service.py'...
[2.287s] Compiling '/home/insa/Desktop/3.0/VigiWheels/raspberryPI3/ros2_ws/install/rosbridge_library/local/lib/python3.10/dist-packages/rosbridge_library/capabilities/defragmentation.py'...
[2.287s] Compiling '/home/insa/Desktop/3.0/VigiWheels/raspberryPI3/ros2_ws/install/rosbridge_library/local/lib/python3.10/dist-packages/rosbridge_library/capabilities/fragmentation.py'...
[2.287s] Compiling '/home/insa/Desktop/3.0/VigiWheels/raspberryPI3/ros2_ws/install/rosbridge_library/local/lib/python3.10/dist-packages/rosbridge_library/capabilities/publish.py'...
[2.287s] Compiling '/home/insa/Desktop/3.0/VigiWheels/raspberryPI3/ros2_ws/install/rosbridge_library/local/lib/python3.10/dist-packages/rosbridge_library/capabilities/send_action_goal.py'...
[2.287s] Compiling '/home/insa/Desktop/3.0/VigiWheels/raspberryPI3/ros2_ws/install/rosbridge_library/local/lib/python3.10/dist-packages/rosbridge_library/capabilities/service_response.py'...
[2.287s] Compiling '/home/insa/Desktop/3.0/VigiWheels/raspberryPI3/ros2_ws/install/rosbridge_library/local/lib/python3.10/dist-packages/rosbridge_library/capabilities/subscribe.py'...
[2.287s] Compiling '/home/insa/Desktop/3.0/VigiWheels/raspberryPI3/ros2_ws/install/rosbridge_library/local/lib/python3.10/dist-packages/rosbridge_library/capabilities/unadvertise_action.py'...
[2.287s] Compiling '/home/insa/Desktop/3.0/VigiWheels/raspberryPI3/ros2_ws/install/rosbridge_library/local/lib/python3.10/dist-packages/rosbridge_library/capabilities/unadvertise_service.py'...
[2.288s] Compiling '/home/insa/Desktop/3.0/VigiWheels/raspberryPI3/ros2_ws/install/rosbridge_library/local/lib/python3.10/dist-packages/rosbridge_library/capability.py'...
[2.288s] Listing '/home/insa/Desktop/3.0/VigiWheels/raspberryPI3/ros2_ws/install/rosbridge_library/local/lib/python3.10/dist-packages/rosbridge_library/internal'...
[2.288s] Compiling '/home/insa/Desktop/3.0/VigiWheels/raspberryPI3/ros2_ws/install/rosbridge_library/local/lib/python3.10/dist-packages/rosbridge_library/internal/__init__.py'...
[2.288s] Compiling '/home/insa/Desktop/3.0/VigiWheels/raspberryPI3/ros2_ws/install/rosbridge_library/local/lib/python3.10/dist-packages/rosbridge_library/internal/actions.py'...
[2.288s] Compiling '/home/insa/Desktop/3.0/VigiWheels/raspberryPI3/ros2_ws/install/rosbridge_library/local/lib/python3.10/dist-packages/rosbridge_library/internal/cbor_conversion.py'...
[2.288s] Compiling '/home/insa/Desktop/3.0/VigiWheels/raspberryPI3/ros2_ws/install/rosbridge_library/local/lib/python3.10/dist-packages/rosbridge_library/internal/exceptions.py'...
[2.288s] Compiling '/home/insa/Desktop/3.0/VigiWheels/raspberryPI3/ros2_ws/install/rosbridge_library/local/lib/python3.10/dist-packages/rosbridge_library/internal/message_conversion.py'...
[2.288s] Compiling '/home/insa/Desktop/3.0/VigiWheels/raspberryPI3/ros2_ws/install/rosbridge_library/local/lib/python3.10/dist-packages/rosbridge_library/internal/outgoing_message.py'...
[2.288s] Compiling '/home/insa/Desktop/3.0/VigiWheels/raspberryPI3/ros2_ws/install/rosbridge_library/local/lib/python3.10/dist-packages/rosbridge_library/internal/pngcompression.py'...
[2.288s] Compiling '/home/insa/Desktop/3.0/VigiWheels/raspberryPI3/ros2_ws/install/rosbridge_library/local/lib/python3.10/dist-packages/rosbridge_library/internal/publishers.py'...
[2.288s] Compiling '/home/insa/Desktop/3.0/VigiWheels/raspberryPI3/ros2_ws/install/rosbridge_library/local/lib/python3.10/dist-packages/rosbridge_library/internal/ros_loader.py'...
[2.288s] Compiling '/home/insa/Desktop/3.0/VigiWheels/raspberryPI3/ros2_ws/install/rosbridge_library/local/lib/python3.10/dist-packages/rosbridge_library/internal/services.py'...
[2.288s] Compiling '/home/insa/Desktop/3.0/VigiWheels/raspberryPI3/ros2_ws/install/rosbridge_library/local/lib/python3.10/dist-packages/rosbridge_library/internal/subscribers.py'...
[2.288s] Compiling '/home/insa/Desktop/3.0/VigiWheels/raspberryPI3/ros2_ws/install/rosbridge_library/local/lib/python3.10/dist-packages/rosbridge_library/internal/subscription_modifiers.py'...
[2.289s] Compiling '/home/insa/Desktop/3.0/VigiWheels/raspberryPI3/ros2_ws/install/rosbridge_library/local/lib/python3.10/dist-packages/rosbridge_library/internal/topics.py'...
[2.289s] Compiling '/home/insa/Desktop/3.0/VigiWheels/raspberryPI3/ros2_ws/install/rosbridge_library/local/lib/python3.10/dist-packages/rosbridge_library/protocol.py'...
[2.289s] Compiling '/home/insa/Desktop/3.0/VigiWheels/raspberryPI3/ros2_ws/install/rosbridge_library/local/lib/python3.10/dist-packages/rosbridge_library/rosbridge_protocol.py'...
[2.289s] Listing '/home/insa/Desktop/3.0/VigiWheels/raspberryPI3/ros2_ws/install/rosbridge_library/local/lib/python3.10/dist-packages/rosbridge_library/util'...
[2.289s] Compiling '/home/insa/Desktop/3.0/VigiWheels/raspberryPI3/ros2_ws/install/rosbridge_library/local/lib/python3.10/dist-packages/rosbridge_library/util/__init__.py'...
[2.289s] Compiling '/home/insa/Desktop/3.0/VigiWheels/raspberryPI3/ros2_ws/install/rosbridge_library/local/lib/python3.10/dist-packages/rosbridge_library/util/cbor.py'...
[2.289s] Compiling '/home/insa/Desktop/3.0/VigiWheels/raspberryPI3/ros2_ws/install/rosbridge_library/local/lib/python3.10/dist-packages/rosbridge_library/util/ros.py'...
[2.290s] -- Installing: /home/insa/Desktop/3.0/VigiWheels/raspberryPI3/ros2_ws/install/rosbridge_library/share/ament_index/resource_index/package_run_dependencies/rosbridge_library
[2.290s] -- Installing: /home/insa/Desktop/3.0/VigiWheels/raspberryPI3/ros2_ws/install/rosbridge_library/share/ament_index/resource_index/parent_prefix_path/rosbridge_library
[2.290s] -- Installing: /home/insa/Desktop/3.0/VigiWheels/raspberryPI3/ros2_ws/install/rosbridge_library/share/rosbridge_library/environment/ament_prefix_path.sh
[2.290s] -- Installing: /home/insa/Desktop/3.0/VigiWheels/raspberryPI3/ros2_ws/install/rosbridge_library/share/rosbridge_library/environment/ament_prefix_path.dsv
[2.290s] -- Installing: /home/insa/Desktop/3.0/VigiWheels/raspberryPI3/ros2_ws/install/rosbridge_library/share/rosbridge_library/environment/path.sh
[2.290s] -- Installing: /home/insa/Desktop/3.0/VigiWheels/raspberryPI3/ros2_ws/install/rosbridge_library/share/rosbridge_library/environment/path.dsv
[2.290s] -- Installing: /home/insa/Desktop/3.0/VigiWheels/raspberryPI3/ros2_ws/install/rosbridge_library/share/rosbridge_library/local_setup.bash
[2.291s] -- Installing: /home/insa/Desktop/3.0/VigiWheels/raspberryPI3/ros2_ws/install/rosbridge_library/share/rosbridge_library/local_setup.sh
[2.291s] -- Installing: /home/insa/Desktop/3.0/VigiWheels/raspberryPI3/ros2_ws/install/rosbridge_library/share/rosbridge_library/local_setup.zsh
[2.291s] -- Installing: /home/insa/Desktop/3.0/VigiWheels/raspberryPI3/ros2_ws/install/rosbridge_library/share/rosbridge_library/local_setup.dsv
[2.291s] -- Installing: /home/insa/Desktop/3.0/VigiWheels/raspberryPI3/ros2_ws/install/rosbridge_library/share/rosbridge_library/package.dsv
[2.291s] -- Installing: /home/insa/Desktop/3.0/VigiWheels/raspberryPI3/ros2_ws/install/rosbridge_library/share/ament_index/resource_index/packages/rosbridge_library
[2.291s] -- Installing: /home/insa/Desktop/3.0/VigiWheels/raspberryPI3/ros2_ws/install/rosbridge_library/share/rosbridge_library/cmake/rosbridge_libraryConfig.cmake
[2.291s] -- Installing: /home/insa/Desktop/3.0/VigiWheels/raspberryPI3/ros2_ws/install/rosbridge_library/share/rosbridge_library/cmake/rosbridge_libraryConfig-version.cmake
[2.291s] -- Installing: /home/insa/Desktop/3.0/VigiWheels/raspberryPI3/ros2_ws/install/rosbridge_library/share/rosbridge_library/package.xml
[2.293s] Invoked command in '/home/insa/Desktop/3.0/VigiWheels/raspberryPI3/ros2_ws/build/rosbridge_library' returned '0': AMENT_PREFIX_PATH=/home/insa/Desktop/3.0/VigiWheels/raspberryPI3/ros2_ws/install/rosbridge_test_msgs:${AMENT_PREFIX_PATH} CMAKE_PREFIX_PATH=/home/insa/Desktop/3.0/VigiWheels/raspberryPI3/ros2_ws/install/rosbridge_test_msgs:/home/insa/Desktop/VigiWheels2.0/raspberryPI3/ros2_ws/install/geicar_start:/home/insa/Desktop/VigiWheels2.0/raspberryPI3/ros2_ws/install/uart:/home/insa/Desktop/VigiWheels2.0/raspberryPI3/ros2_ws/install/system_check:/home/insa/Desktop/VigiWheels2.0/raspberryPI3/ros2_ws/install/simulation:/home/insa/Desktop/VigiWheels2.0/raspberryPI3/ros2_ws/install/servo_cam:/home/insa/Desktop/VigiWheels2.0/raspberryPI3/ros2_ws/install/imu_tools:/home/insa/Desktop/VigiWheels2.0/raspberryPI3/ros2_ws/install/rviz_imu_plugin:/home/insa/Desktop/VigiWheels2.0/raspberryPI3/ros2_ws/install/pressure_level:/home/insa/Desktop/VigiWheels2.0/raspberryPI3/ros2_ws/install/obstacles:/home/insa/Desktop/VigiWheels2.0/raspberryPI3/ros2_ws/install/joystick:/home/insa/Desktop/VigiWheels2.0/raspberryPI3/ros2_ws/install/fire_detection:/home/insa/Desktop/VigiWheels2.0/raspberryPI3/ros2_ws/install/car_control:/home/insa/Desktop/VigiWheels2.0/raspberryPI3/ros2_ws/install/can:/home/insa/Desktop/VigiWheels2.0/raspberryPI3/ros2_ws/install/interfaces:/home/insa/Desktop/VigiWheels2.0/raspberryPI3/ros2_ws/install/imu_filter_madgwick:/home/insa/Desktop/VigiWheels2.0/raspberryPI3/ros2_ws/install/imu_complementary_filter:/home/insa/Desktop/VigiWheels2.0/raspberryPI3/ros2_ws/install/carla_msgs:/home/insa/Desktop/VigiWheels/raspberryPI3/ros2_ws/install/geicar_start:/home/insa/Desktop/VigiWheels/raspberryPI3/ros2_ws/install/system_check:/home/insa/Desktop/VigiWheels/raspberryPI3/ros2_ws/install/simulation:/home/insa/Desktop/VigiWheels/raspberryPI3/ros2_ws/install/serial_port:/home/insa/Desktop/VigiWheels/raspberryPI3/ros2_ws/install/imu_tools:/home/insa/Desktop/VigiWheels/raspberryPI3/ros2_ws/install/rviz_imu_plugin:/home/insa/Desktop/VigiWheels/raspberryPI3/ros2_ws/install/joystick:/home/insa/Desktop/VigiWheels/raspberryPI3/ros2_ws/install/fire_detection:/home/insa/Desktop/VigiWheels/raspberryPI3/ros2_ws/install/car_control:/home/insa/Desktop/VigiWheels/raspberryPI3/ros2_ws/install/can:/home/insa/Desktop/VigiWheels/raspberryPI3/ros2_ws/install/interfaces:/home/insa/Desktop/VigiWheels/raspberryPI3/ros2_ws/install/imu_filter_madgwick:/home/insa/Desktop/VigiWheels/raspberryPI3/ros2_ws/install/imu_complementary_filter:/home/insa/Desktop/VigiWheels/raspberryPI3/ros2_ws/install/carla_msgs:/opt/ros/humble LD_LIBRARY_PATH=/home/insa/Desktop/3.0/VigiWheels/raspberryPI3/ros2_ws/install/rosbridge_test_msgs/lib:${LD_LIBRARY_PATH} PYTHONPATH=/home/insa/Desktop/3.0/VigiWheels/raspberryPI3/ros2_ws/install/rosbridge_test_msgs/local/lib/python3.10/dist-packages:${PYTHONPATH} /usr/bin/cmake --install /home/insa/Desktop/3.0/VigiWheels/raspberryPI3/ros2_ws/build/rosbridge_library
