[1.065s] DEBUG:colcon:Command line arguments: ['/usr/bin/colcon', 'list', '-p', '--base-paths', '/home/moad/VigiWheels/jetsonNano/ros2_ws']
[1.065s] DEBUG:colcon:Parsed command line arguments: Namespace(log_base=None, log_level=None, verb_name='list', build_base='build', ignore_user_meta=False, metas=['./colcon.meta'], base_paths=['/home/moad/VigiWheels/jetsonNano/ros2_ws'], packages_ignore=None, packages_ignore_regex=None, paths=None, packages_up_to=None, packages_up_to_regex=None, packages_above=None, packages_above_and_dependencies=None, packages_above_depth=None, packages_select_by_dep=None, packages_skip_by_dep=None, packages_skip_up_to=None, packages_select_build_failed=False, packages_skip_build_finished=False, packages_select_test_failures=False, packages_skip_test_passed=False, packages_select=None, packages_skip=None, packages_select_regex=None, packages_skip_regex=None, packages_start=None, packages_end=None, allow_overriding=[], topological_order=False, names_only=False, paths_only=True, topological_graph=False, topological_graph_dot=False, topological_graph_density=False, topological_graph_legend=False, topological_graph_dot_cluster=False, topological_graph_dot_include_skipped=False, verb_parser=<colcon_defaults.argument_parser.defaults.DefaultArgumentsDecorator object at 0x7fbceb8795d0>, verb_extension=<colcon_package_information.verb.list.ListVerb object at 0x7fbceb7eb5e0>, main=<bound method ListVerb.main of <colcon_package_information.verb.list.ListVerb object at 0x7fbceb7eb5e0>>)
[1.125s] Level 1:colcon.colcon_core.package_discovery:discover_packages(colcon_meta) check parameters
[1.125s] Level 1:colcon.colcon_core.package_discovery:discover_packages(recursive) check parameters
[1.126s] Level 1:colcon.colcon_core.package_discovery:discover_packages(ignore) check parameters
[1.126s] Level 1:colcon.colcon_core.package_discovery:discover_packages(path) check parameters
[1.126s] Level 1:colcon.colcon_core.package_discovery:discover_packages(recursive) discover
[1.126s] INFO:colcon.colcon_core.package_discovery:Crawling recursively for packages in '/home/moad/VigiWheels/jetsonNano/ros2_ws'
[1.126s] Level 1:colcon.colcon_core.package_identification:_identify(/home/moad/VigiWheels/jetsonNano/ros2_ws) by extensions ['ignore', 'ignore_ament_install']
[1.126s] Level 1:colcon.colcon_core.package_identification:_identify(/home/moad/VigiWheels/jetsonNano/ros2_ws) by extension 'ignore'
[1.126s] Level 1:colcon.colcon_core.package_identification:_identify(/home/moad/VigiWheels/jetsonNano/ros2_ws) by extension 'ignore_ament_install'
[1.126s] Level 1:colcon.colcon_core.package_identification:_identify(/home/moad/VigiWheels/jetsonNano/ros2_ws) by extensions ['colcon_pkg']
[1.126s] Level 1:colcon.colcon_core.package_identification:_identify(/home/moad/VigiWheels/jetsonNano/ros2_ws) by extension 'colcon_pkg'
[1.126s] Level 1:colcon.colcon_core.package_identification:_identify(/home/moad/VigiWheels/jetsonNano/ros2_ws) by extensions ['colcon_meta']
[1.126s] Level 1:colcon.colcon_core.package_identification:_identify(/home/moad/VigiWheels/jetsonNano/ros2_ws) by extension 'colcon_meta'
[1.126s] Level 1:colcon.colcon_core.package_identification:_identify(/home/moad/VigiWheels/jetsonNano/ros2_ws) by extensions ['ros']
[1.126s] Level 1:colcon.colcon_core.package_identification:_identify(/home/moad/VigiWheels/jetsonNano/ros2_ws) by extension 'ros'
[1.140s] Level 1:colcon.colcon_core.package_identification:_identify(/home/moad/VigiWheels/jetsonNano/ros2_ws) by extensions ['cmake', 'python']
[1.140s] Level 1:colcon.colcon_core.package_identification:_identify(/home/moad/VigiWheels/jetsonNano/ros2_ws) by extension 'cmake'
[1.140s] Level 1:colcon.colcon_core.package_identification:_identify(/home/moad/VigiWheels/jetsonNano/ros2_ws) by extension 'python'
[1.141s] Level 1:colcon.colcon_core.package_identification:_identify(/home/moad/VigiWheels/jetsonNano/ros2_ws) by extensions ['python_setup_py']
[1.141s] Level 1:colcon.colcon_core.package_identification:_identify(/home/moad/VigiWheels/jetsonNano/ros2_ws) by extension 'python_setup_py'
[1.141s] Level 1:colcon.colcon_core.package_identification:_identify(/home/moad/VigiWheels/jetsonNano/ros2_ws/log) by extensions ['ignore', 'ignore_ament_install']
[1.141s] Level 1:colcon.colcon_core.package_identification:_identify(/home/moad/VigiWheels/jetsonNano/ros2_ws/log) by extension 'ignore'
[1.141s] Level 1:colcon.colcon_core.package_identification:_identify(/home/moad/VigiWheels/jetsonNano/ros2_ws/log) ignored
[1.141s] Level 1:colcon.colcon_core.package_identification:_identify(/home/moad/VigiWheels/jetsonNano/ros2_ws/src) by extensions ['ignore', 'ignore_ament_install']
[1.141s] Level 1:colcon.colcon_core.package_identification:_identify(/home/moad/VigiWheels/jetsonNano/ros2_ws/src) by extension 'ignore'
[1.141s] Level 1:colcon.colcon_core.package_identification:_identify(/home/moad/VigiWheels/jetsonNano/ros2_ws/src) by extension 'ignore_ament_install'
[1.141s] Level 1:colcon.colcon_core.package_identification:_identify(/home/moad/VigiWheels/jetsonNano/ros2_ws/src) by extensions ['colcon_pkg']
[1.141s] Level 1:colcon.colcon_core.package_identification:_identify(/home/moad/VigiWheels/jetsonNano/ros2_ws/src) by extension 'colcon_pkg'
[1.142s] Level 1:colcon.colcon_core.package_identification:_identify(/home/moad/VigiWheels/jetsonNano/ros2_ws/src) by extensions ['colcon_meta']
[1.142s] Level 1:colcon.colcon_core.package_identification:_identify(/home/moad/VigiWheels/jetsonNano/ros2_ws/src) by extension 'colcon_meta'
[1.142s] Level 1:colcon.colcon_core.package_identification:_identify(/home/moad/VigiWheels/jetsonNano/ros2_ws/src) by extensions ['ros']
[1.142s] Level 1:colcon.colcon_core.package_identification:_identify(/home/moad/VigiWheels/jetsonNano/ros2_ws/src) by extension 'ros'
[1.142s] Level 1:colcon.colcon_core.package_identification:_identify(/home/moad/VigiWheels/jetsonNano/ros2_ws/src) by extensions ['cmake', 'python']
[1.142s] Level 1:colcon.colcon_core.package_identification:_identify(/home/moad/VigiWheels/jetsonNano/ros2_ws/src) by extension 'cmake'
[1.142s] Level 1:colcon.colcon_core.package_identification:_identify(/home/moad/VigiWheels/jetsonNano/ros2_ws/src) by extension 'python'
[1.142s] Level 1:colcon.colcon_core.package_identification:_identify(/home/moad/VigiWheels/jetsonNano/ros2_ws/src) by extensions ['python_setup_py']
[1.142s] Level 1:colcon.colcon_core.package_identification:_identify(/home/moad/VigiWheels/jetsonNano/ros2_ws/src) by extension 'python_setup_py'
[1.142s] Level 1:colcon.colcon_core.package_identification:_identify(/home/moad/VigiWheels/jetsonNano/ros2_ws/src/geicar_start_jetson) by extensions ['ignore', 'ignore_ament_install']
[1.142s] Level 1:colcon.colcon_core.package_identification:_identify(/home/moad/VigiWheels/jetsonNano/ros2_ws/src/geicar_start_jetson) by extension 'ignore'
[1.142s] Level 1:colcon.colcon_core.package_identification:_identify(/home/moad/VigiWheels/jetsonNano/ros2_ws/src/geicar_start_jetson) by extension 'ignore_ament_install'
[1.142s] Level 1:colcon.colcon_core.package_identification:_identify(/home/moad/VigiWheels/jetsonNano/ros2_ws/src/geicar_start_jetson) by extensions ['colcon_pkg']
[1.142s] Level 1:colcon.colcon_core.package_identification:_identify(/home/moad/VigiWheels/jetsonNano/ros2_ws/src/geicar_start_jetson) by extension 'colcon_pkg'
[1.142s] Level 1:colcon.colcon_core.package_identification:_identify(/home/moad/VigiWheels/jetsonNano/ros2_ws/src/geicar_start_jetson) by extensions ['colcon_meta']
[1.142s] Level 1:colcon.colcon_core.package_identification:_identify(/home/moad/VigiWheels/jetsonNano/ros2_ws/src/geicar_start_jetson) by extension 'colcon_meta'
[1.143s] Level 1:colcon.colcon_core.package_identification:_identify(/home/moad/VigiWheels/jetsonNano/ros2_ws/src/geicar_start_jetson) by extensions ['ros']
[1.143s] Level 1:colcon.colcon_core.package_identification:_identify(/home/moad/VigiWheels/jetsonNano/ros2_ws/src/geicar_start_jetson) by extension 'ros'
[1.147s] DEBUG:colcon.colcon_core.package_identification:Package '/home/moad/VigiWheels/jetsonNano/ros2_ws/src/geicar_start_jetson' with type 'ros.ament_cmake' and name 'geicar_start_jetson'
[1.147s] Level 1:colcon.colcon_core.package_identification:_identify(/home/moad/VigiWheels/jetsonNano/ros2_ws/src/interfaces) by extensions ['ignore', 'ignore_ament_install']
[1.147s] Level 1:colcon.colcon_core.package_identification:_identify(/home/moad/VigiWheels/jetsonNano/ros2_ws/src/interfaces) by extension 'ignore'
[1.147s] Level 1:colcon.colcon_core.package_identification:_identify(/home/moad/VigiWheels/jetsonNano/ros2_ws/src/interfaces) by extension 'ignore_ament_install'
[1.147s] Level 1:colcon.colcon_core.package_identification:_identify(/home/moad/VigiWheels/jetsonNano/ros2_ws/src/interfaces) by extensions ['colcon_pkg']
[1.147s] Level 1:colcon.colcon_core.package_identification:_identify(/home/moad/VigiWheels/jetsonNano/ros2_ws/src/interfaces) by extension 'colcon_pkg'
[1.147s] Level 1:colcon.colcon_core.package_identification:_identify(/home/moad/VigiWheels/jetsonNano/ros2_ws/src/interfaces) by extensions ['colcon_meta']
[1.147s] Level 1:colcon.colcon_core.package_identification:_identify(/home/moad/VigiWheels/jetsonNano/ros2_ws/src/interfaces) by extension 'colcon_meta'
[1.147s] Level 1:colcon.colcon_core.package_identification:_identify(/home/moad/VigiWheels/jetsonNano/ros2_ws/src/interfaces) by extensions ['ros']
[1.147s] Level 1:colcon.colcon_core.package_identification:_identify(/home/moad/VigiWheels/jetsonNano/ros2_ws/src/interfaces) by extension 'ros'
[1.148s] DEBUG:colcon.colcon_core.package_identification:Package '/home/moad/VigiWheels/jetsonNano/ros2_ws/src/interfaces' with type 'ros.ament_cmake' and name 'interfaces'
[1.148s] Level 1:colcon.colcon_core.package_identification:_identify(/home/moad/VigiWheels/jetsonNano/ros2_ws/src/manometer_detection) by extensions ['ignore', 'ignore_ament_install']
[1.149s] Level 1:colcon.colcon_core.package_identification:_identify(/home/moad/VigiWheels/jetsonNano/ros2_ws/src/manometer_detection) by extension 'ignore'
[1.149s] Level 1:colcon.colcon_core.package_identification:_identify(/home/moad/VigiWheels/jetsonNano/ros2_ws/src/manometer_detection) by extension 'ignore_ament_install'
[1.149s] Level 1:colcon.colcon_core.package_identification:_identify(/home/moad/VigiWheels/jetsonNano/ros2_ws/src/manometer_detection) by extensions ['colcon_pkg']
[1.149s] Level 1:colcon.colcon_core.package_identification:_identify(/home/moad/VigiWheels/jetsonNano/ros2_ws/src/manometer_detection) by extension 'colcon_pkg'
[1.149s] Level 1:colcon.colcon_core.package_identification:_identify(/home/moad/VigiWheels/jetsonNano/ros2_ws/src/manometer_detection) by extensions ['colcon_meta']
[1.149s] Level 1:colcon.colcon_core.package_identification:_identify(/home/moad/VigiWheels/jetsonNano/ros2_ws/src/manometer_detection) by extension 'colcon_meta'
[1.149s] Level 1:colcon.colcon_core.package_identification:_identify(/home/moad/VigiWheels/jetsonNano/ros2_ws/src/manometer_detection) by extensions ['ros']
[1.149s] Level 1:colcon.colcon_core.package_identification:_identify(/home/moad/VigiWheels/jetsonNano/ros2_ws/src/manometer_detection) by extension 'ros'
[1.150s] DEBUG:colcon.colcon_core.package_identification:Package '/home/moad/VigiWheels/jetsonNano/ros2_ws/src/manometer_detection' with type 'ros.ament_python' and name 'manometer_detection'
[1.150s] Level 1:colcon.colcon_core.package_identification:_identify(/home/moad/VigiWheels/jetsonNano/ros2_ws/src/rplidar_ros2) by extensions ['ignore', 'ignore_ament_install']
[1.150s] Level 1:colcon.colcon_core.package_identification:_identify(/home/moad/VigiWheels/jetsonNano/ros2_ws/src/rplidar_ros2) by extension 'ignore'
[1.150s] Level 1:colcon.colcon_core.package_identification:_identify(/home/moad/VigiWheels/jetsonNano/ros2_ws/src/rplidar_ros2) by extension 'ignore_ament_install'
[1.150s] Level 1:colcon.colcon_core.package_identification:_identify(/home/moad/VigiWheels/jetsonNano/ros2_ws/src/rplidar_ros2) by extensions ['colcon_pkg']
[1.150s] Level 1:colcon.colcon_core.package_identification:_identify(/home/moad/VigiWheels/jetsonNano/ros2_ws/src/rplidar_ros2) by extension 'colcon_pkg'
[1.150s] Level 1:colcon.colcon_core.package_identification:_identify(/home/moad/VigiWheels/jetsonNano/ros2_ws/src/rplidar_ros2) by extensions ['colcon_meta']
[1.150s] Level 1:colcon.colcon_core.package_identification:_identify(/home/moad/VigiWheels/jetsonNano/ros2_ws/src/rplidar_ros2) by extension 'colcon_meta'
[1.151s] Level 1:colcon.colcon_core.package_identification:_identify(/home/moad/VigiWheels/jetsonNano/ros2_ws/src/rplidar_ros2) by extensions ['ros']
[1.151s] Level 1:colcon.colcon_core.package_identification:_identify(/home/moad/VigiWheels/jetsonNano/ros2_ws/src/rplidar_ros2) by extension 'ros'
[1.151s] DEBUG:colcon.colcon_core.package_identification:Package '/home/moad/VigiWheels/jetsonNano/ros2_ws/src/rplidar_ros2' with type 'ros.ament_cmake' and name 'rplidar_ros'
[1.152s] Level 1:colcon.colcon_core.package_identification:_identify(/home/moad/VigiWheels/jetsonNano/ros2_ws/src/system_check_ack) by extensions ['ignore', 'ignore_ament_install']
[1.152s] Level 1:colcon.colcon_core.package_identification:_identify(/home/moad/VigiWheels/jetsonNano/ros2_ws/src/system_check_ack) by extension 'ignore'
[1.152s] Level 1:colcon.colcon_core.package_identification:_identify(/home/moad/VigiWheels/jetsonNano/ros2_ws/src/system_check_ack) by extension 'ignore_ament_install'
[1.152s] Level 1:colcon.colcon_core.package_identification:_identify(/home/moad/VigiWheels/jetsonNano/ros2_ws/src/system_check_ack) by extensions ['colcon_pkg']
[1.152s] Level 1:colcon.colcon_core.package_identification:_identify(/home/moad/VigiWheels/jetsonNano/ros2_ws/src/system_check_ack) by extension 'colcon_pkg'
[1.152s] Level 1:colcon.colcon_core.package_identification:_identify(/home/moad/VigiWheels/jetsonNano/ros2_ws/src/system_check_ack) by extensions ['colcon_meta']
[1.152s] Level 1:colcon.colcon_core.package_identification:_identify(/home/moad/VigiWheels/jetsonNano/ros2_ws/src/system_check_ack) by extension 'colcon_meta'
[1.152s] Level 1:colcon.colcon_core.package_identification:_identify(/home/moad/VigiWheels/jetsonNano/ros2_ws/src/system_check_ack) by extensions ['ros']
[1.152s] Level 1:colcon.colcon_core.package_identification:_identify(/home/moad/VigiWheels/jetsonNano/ros2_ws/src/system_check_ack) by extension 'ros'
[1.153s] DEBUG:colcon.colcon_core.package_identification:Package '/home/moad/VigiWheels/jetsonNano/ros2_ws/src/system_check_ack' with type 'ros.ament_cmake' and name 'system_check_ack'
[1.153s] Level 1:colcon.colcon_core.package_identification:_identify(/home/moad/VigiWheels/jetsonNano/ros2_ws/src/usb_cam) by extensions ['ignore', 'ignore_ament_install']
[1.153s] Level 1:colcon.colcon_core.package_identification:_identify(/home/moad/VigiWheels/jetsonNano/ros2_ws/src/usb_cam) by extension 'ignore'
[1.153s] Level 1:colcon.colcon_core.package_identification:_identify(/home/moad/VigiWheels/jetsonNano/ros2_ws/src/usb_cam) by extension 'ignore_ament_install'
[1.153s] Level 1:colcon.colcon_core.package_identification:_identify(/home/moad/VigiWheels/jetsonNano/ros2_ws/src/usb_cam) by extensions ['colcon_pkg']
[1.153s] Level 1:colcon.colcon_core.package_identification:_identify(/home/moad/VigiWheels/jetsonNano/ros2_ws/src/usb_cam) by extension 'colcon_pkg'
[1.153s] Level 1:colcon.colcon_core.package_identification:_identify(/home/moad/VigiWheels/jetsonNano/ros2_ws/src/usb_cam) by extensions ['colcon_meta']
[1.153s] Level 1:colcon.colcon_core.package_identification:_identify(/home/moad/VigiWheels/jetsonNano/ros2_ws/src/usb_cam) by extension 'colcon_meta'
[1.153s] Level 1:colcon.colcon_core.package_identification:_identify(/home/moad/VigiWheels/jetsonNano/ros2_ws/src/usb_cam) by extensions ['ros']
[1.153s] Level 1:colcon.colcon_core.package_identification:_identify(/home/moad/VigiWheels/jetsonNano/ros2_ws/src/usb_cam) by extension 'ros'
[1.154s] DEBUG:colcon.colcon_core.package_identification:Package '/home/moad/VigiWheels/jetsonNano/ros2_ws/src/usb_cam' with type 'ros.ament_cmake' and name 'usb_cam'
[1.154s] Level 1:colcon.colcon_core.package_discovery:discover_packages(recursive) using defaults
