[0.167s] Invoking command in '/home/moad/VigiWheels/jetsonNano/ros2_ws/src/build/interfaces': CMAKE_PREFIX_PATH=/home/moad/ros2_ws/install/my_robot_controller:/home/moad/ros2_ws/install/manometer_detection:/opt/ros/humble /usr/bin/cmake /home/moad/VigiWheels/jetsonNano/ros2_ws/src/interfaces -DCMAKE_INSTALL_PREFIX=/home/moad/VigiWheels/jetsonNano/ros2_ws/src/install/interfaces
[0.241s] -- The C compiler identification is GNU 11.4.0
[0.303s] -- The CXX compiler identification is GNU 11.4.0
[0.314s] -- Detecting C compiler ABI info
[0.374s] -- Detecting C compiler ABI info - done
[0.384s] -- Check for working C compiler: /usr/bin/cc - skipped
[0.384s] -- Detecting C compile features
[0.384s] -- Detecting C compile features - done
[0.388s] -- Detecting CXX compiler ABI info
[0.457s] -- Detecting CXX compiler ABI info - done
[0.467s] -- Check for working CXX compiler: /usr/bin/c++ - skipped
[0.467s] -- Detecting CXX compile features
[0.468s] -- Detecting CXX compile features - done
[0.472s] -- Found ament_cmake: 1.3.6 (/opt/ros/humble/share/ament_cmake/cmake)
[0.645s] -- Found Python3: /usr/bin/python3.10 (found version "3.10.12") found components: Interpreter 
[0.738s] -- Found rclcpp: 16.0.7 (/opt/ros/humble/share/rclcpp/cmake)
[0.797s] -- Found rosidl_generator_c: 3.1.5 (/opt/ros/humble/share/rosidl_generator_c/cmake)
[0.804s] -- Found rosidl_adapter: 3.1.5 (/opt/ros/humble/share/rosidl_adapter/cmake)
[0.816s] -- Found rosidl_generator_cpp: 3.1.5 (/opt/ros/humble/share/rosidl_generator_cpp/cmake)
[0.837s] -- Using all available rosidl_typesupport_c: rosidl_typesupport_fastrtps_c;rosidl_typesupport_introspection_c
[0.864s] -- Using all available rosidl_typesupport_cpp: rosidl_typesupport_fastrtps_cpp;rosidl_typesupport_introspection_cpp
[0.939s] -- Found rmw_implementation_cmake: 6.1.1 (/opt/ros/humble/share/rmw_implementation_cmake/cmake)
[0.942s] -- Found rmw_fastrtps_cpp: 6.2.5 (/opt/ros/humble/share/rmw_fastrtps_cpp/cmake)
[1.031s] -- Found OpenSSL: /usr/lib/x86_64-linux-gnu/libcrypto.so (found version "3.0.2")  
[1.060s] -- Found FastRTPS: /opt/ros/humble/include  
[1.111s] -- Using RMW implementation 'rmw_fastrtps_cpp' as default
[1.122s] -- Looking for pthread.h
[1.181s] -- Looking for pthread.h - found
[1.182s] -- Performing Test CMAKE_HAVE_LIBC_PTHREAD
[1.229s] -- Performing Test CMAKE_HAVE_LIBC_PTHREAD - Success
[1.230s] -- Found Threads: TRUE  
[1.339s] -- Found rosidl_default_generators: 1.2.0 (/opt/ros/humble/share/rosidl_default_generators/cmake)
[1.549s] -- Found ament_cmake_ros: 0.10.0 (/opt/ros/humble/share/ament_cmake_ros/cmake)
[1.836s] -- Using all available rosidl_typesupport_c: rosidl_typesupport_fastrtps_c;rosidl_typesupport_introspection_c
[1.983s] -- Using all available rosidl_typesupport_cpp: rosidl_typesupport_fastrtps_cpp;rosidl_typesupport_introspection_cpp
[2.011s] -- Found PythonInterp: /usr/bin/python3 (found suitable version "3.10.12", minimum required is "3.6") 
[2.013s] -- Found python_cmake_module: 0.10.0 (/opt/ros/humble/share/python_cmake_module/cmake)
[2.049s] -- Found PythonLibs: /usr/lib/x86_64-linux-gnu/libpython3.10.so (found suitable version "3.10.12", minimum required is "3.5") 
[2.049s] -- Using PYTHON_EXECUTABLE: /usr/bin/python3
[2.049s] -- Using PYTHON_INCLUDE_DIRS: /usr/include/python3.10
[2.049s] -- Using PYTHON_LIBRARIES: /usr/lib/x86_64-linux-gnu/libpython3.10.so
[2.078s] -- Found PythonExtra: .so  
[2.124s] -- Found ament_lint_auto: 0.12.9 (/opt/ros/humble/share/ament_lint_auto/cmake)
[2.152s] -- Added test 'lint_cmake' to check CMake code style
[2.154s] -- Added test 'xmllint' to check XML markup files
[2.157s] -- Configuring done
[2.207s] -- Generating done
[2.211s] -- Build files have been written to: /home/moad/VigiWheels/jetsonNano/ros2_ws/src/build/interfaces
[2.228s] Invoked command in '/home/moad/VigiWheels/jetsonNano/ros2_ws/src/build/interfaces' returned '0': CMAKE_PREFIX_PATH=/home/moad/ros2_ws/install/my_robot_controller:/home/moad/ros2_ws/install/manometer_detection:/opt/ros/humble /usr/bin/cmake /home/moad/VigiWheels/jetsonNano/ros2_ws/src/interfaces -DCMAKE_INSTALL_PREFIX=/home/moad/VigiWheels/jetsonNano/ros2_ws/src/install/interfaces
[2.229s] Invoking command in '/home/moad/VigiWheels/jetsonNano/ros2_ws/src/build/interfaces': CMAKE_PREFIX_PATH=/home/moad/ros2_ws/install/my_robot_controller:/home/moad/ros2_ws/install/manometer_detection:/opt/ros/humble /usr/bin/cmake --build /home/moad/VigiWheels/jetsonNano/ros2_ws/src/build/interfaces -- -j12 -l12
[2.280s] [  1%] [34m[1mGenerating C code for ROS interfaces[0m
[2.296s] [  2%] [34m[1mGenerating C++ code for ROS interfaces[0m
[2.302s] [  2%] Built target ament_cmake_python_copy_interfaces
[2.640s] running egg_info
[2.640s] creating interfaces.egg-info
[2.640s] writing interfaces.egg-info/PKG-INFO
[2.641s] writing dependency_links to interfaces.egg-info/dependency_links.txt
[2.641s] writing top-level names to interfaces.egg-info/top_level.txt
[2.641s] writing manifest file 'interfaces.egg-info/SOURCES.txt'
[2.644s] reading manifest file 'interfaces.egg-info/SOURCES.txt'
[2.645s] writing manifest file 'interfaces.egg-info/SOURCES.txt'
[2.687s] [  2%] Built target ament_cmake_python_build_interfaces_egg
[3.544s] [  2%] Built target interfaces__cpp
[3.551s] [  3%] [34m[1mGenerating C++ type support dispatch for ROS interfaces[0m
[3.555s] [  5%] [34m[1mGenerating C++ type support for eProsima Fast-RTPS[0m
[3.555s] [  5%] [34m[1mGenerating C++ introspection for ROS interfaces[0m
[3.717s] [  6%] [32mBuilding C object CMakeFiles/interfaces__rosidl_generator_c.dir/rosidl_generator_c/interfaces/msg/detail/steering_calibration__functions.c.o[0m
[3.717s] [  8%] [32mBuilding C object CMakeFiles/interfaces__rosidl_generator_c.dir/rosidl_generator_c/interfaces/msg/detail/joystick_order__functions.c.o[0m
[3.718s] [ 10%] [32mBuilding C object CMakeFiles/interfaces__rosidl_generator_c.dir/rosidl_generator_c/interfaces/msg/detail/general_data__functions.c.o[0m
[3.718s] [ 10%] [32mBuilding C object CMakeFiles/interfaces__rosidl_generator_c.dir/rosidl_generator_c/interfaces/msg/detail/motors_order__functions.c.o[0m
[3.724s] [ 11%] [32mBuilding C object CMakeFiles/interfaces__rosidl_generator_c.dir/rosidl_generator_c/interfaces/msg/detail/ultrasonic__functions.c.o[0m
[3.726s] [ 12%] [32mBuilding C object CMakeFiles/interfaces__rosidl_generator_c.dir/rosidl_generator_c/interfaces/msg/detail/gnss__functions.c.o[0m
[3.728s] [ 13%] [32mBuilding C object CMakeFiles/interfaces__rosidl_generator_c.dir/rosidl_generator_c/interfaces/msg/detail/system_check__functions.c.o[0m
[3.731s] [ 14%] [32mBuilding C object CMakeFiles/interfaces__rosidl_generator_c.dir/rosidl_generator_c/interfaces/msg/detail/motors_feedback__functions.c.o[0m
[3.823s] [ 16%] [32m[1mLinking C shared library libinterfaces__rosidl_generator_c.so[0m
[3.864s] [ 16%] Built target interfaces__rosidl_generator_c
[3.876s] [ 18%] [34m[1mGenerating C introspection for ROS interfaces[0m
[3.876s] [ 18%] [34m[1mGenerating C type support for eProsima Fast-RTPS[0m
[3.877s] [ 19%] [34m[1mGenerating C type support dispatch for ROS interfaces[0m
[4.217s] [ 21%] [32mBuilding CXX object CMakeFiles/interfaces__rosidl_typesupport_cpp.dir/rosidl_typesupport_cpp/interfaces/msg/motors_order__type_support.cpp.o[0m
[4.218s] [ 21%] [32mBuilding CXX object CMakeFiles/interfaces__rosidl_typesupport_cpp.dir/rosidl_typesupport_cpp/interfaces/msg/joystick_order__type_support.cpp.o[0m
[4.223s] [ 22%] [32mBuilding CXX object CMakeFiles/interfaces__rosidl_typesupport_cpp.dir/rosidl_typesupport_cpp/interfaces/msg/steering_calibration__type_support.cpp.o[0m
[4.227s] [ 24%] [32mBuilding CXX object CMakeFiles/interfaces__rosidl_typesupport_cpp.dir/rosidl_typesupport_cpp/interfaces/msg/motors_feedback__type_support.cpp.o[0m
[4.227s] [ 25%] [32mBuilding CXX object CMakeFiles/interfaces__rosidl_typesupport_cpp.dir/rosidl_typesupport_cpp/interfaces/msg/general_data__type_support.cpp.o[0m
[4.236s] [ 26%] [32mBuilding CXX object CMakeFiles/interfaces__rosidl_typesupport_cpp.dir/rosidl_typesupport_cpp/interfaces/msg/ultrasonic__type_support.cpp.o[0m
[4.286s] [ 27%] [32mBuilding CXX object CMakeFiles/interfaces__rosidl_typesupport_cpp.dir/rosidl_typesupport_cpp/interfaces/msg/gnss__type_support.cpp.o[0m
[4.527s] [ 28%] [32mBuilding CXX object CMakeFiles/interfaces__rosidl_typesupport_cpp.dir/rosidl_typesupport_cpp/interfaces/msg/system_check__type_support.cpp.o[0m
[4.822s] [ 29%] [32mBuilding CXX object CMakeFiles/interfaces__rosidl_typesupport_fastrtps_cpp.dir/rosidl_typesupport_fastrtps_cpp/interfaces/msg/detail/dds_fastrtps/motors_order__type_support.cpp.o[0m
[4.831s] [ 31%] [32mBuilding CXX object CMakeFiles/interfaces__rosidl_typesupport_fastrtps_cpp.dir/rosidl_typesupport_fastrtps_cpp/interfaces/msg/detail/dds_fastrtps/joystick_order__type_support.cpp.o[0m
[4.843s] [ 32%] [32mBuilding CXX object CMakeFiles/interfaces__rosidl_typesupport_fastrtps_cpp.dir/rosidl_typesupport_fastrtps_cpp/interfaces/msg/detail/dds_fastrtps/motors_feedback__type_support.cpp.o[0m
[4.892s] [ 33%] [32mBuilding CXX object CMakeFiles/interfaces__rosidl_typesupport_fastrtps_cpp.dir/rosidl_typesupport_fastrtps_cpp/interfaces/msg/detail/dds_fastrtps/ultrasonic__type_support.cpp.o[0m
[4.907s] [ 34%] [32m[1mLinking CXX shared library libinterfaces__rosidl_typesupport_cpp.so[0m
[4.915s] [ 35%] [32mBuilding CXX object CMakeFiles/interfaces__rosidl_typesupport_fastrtps_cpp.dir/rosidl_typesupport_fastrtps_cpp/interfaces/msg/detail/dds_fastrtps/steering_calibration__type_support.cpp.o[0m
[4.925s] [ 36%] [32mBuilding CXX object CMakeFiles/interfaces__rosidl_typesupport_fastrtps_cpp.dir/rosidl_typesupport_fastrtps_cpp/interfaces/msg/detail/dds_fastrtps/general_data__type_support.cpp.o[0m
[4.942s] [ 37%] [32mBuilding CXX object CMakeFiles/interfaces__rosidl_typesupport_fastrtps_cpp.dir/rosidl_typesupport_fastrtps_cpp/interfaces/msg/detail/dds_fastrtps/gnss__type_support.cpp.o[0m
[5.002s] [ 37%] Built target interfaces__rosidl_typesupport_cpp
[5.065s] [ 39%] [32mBuilding CXX object CMakeFiles/interfaces__rosidl_typesupport_fastrtps_cpp.dir/rosidl_typesupport_fastrtps_cpp/interfaces/msg/detail/dds_fastrtps/system_check__type_support.cpp.o[0m
[5.095s] [ 40%] [32mBuilding CXX object CMakeFiles/interfaces__rosidl_typesupport_c.dir/rosidl_typesupport_c/interfaces/msg/joystick_order__type_support.cpp.o[0m
[5.164s] [ 41%] [32mBuilding CXX object CMakeFiles/interfaces__rosidl_typesupport_c.dir/rosidl_typesupport_c/interfaces/msg/motors_order__type_support.cpp.o[0m
[5.234s] [ 42%] [32mBuilding CXX object CMakeFiles/interfaces__rosidl_typesupport_c.dir/rosidl_typesupport_c/interfaces/msg/motors_feedback__type_support.cpp.o[0m
[5.279s] [ 43%] [32mBuilding CXX object CMakeFiles/interfaces__rosidl_typesupport_introspection_cpp.dir/rosidl_typesupport_introspection_cpp/interfaces/msg/detail/joystick_order__type_support.cpp.o[0m
[5.286s] [ 44%] [32mBuilding CXX object CMakeFiles/interfaces__rosidl_typesupport_c.dir/rosidl_typesupport_c/interfaces/msg/general_data__type_support.cpp.o[0m
[5.376s] [ 45%] [32mBuilding CXX object CMakeFiles/interfaces__rosidl_typesupport_c.dir/rosidl_typesupport_c/interfaces/msg/ultrasonic__type_support.cpp.o[0m
[5.385s] [ 47%] [32mBuilding CXX object CMakeFiles/interfaces__rosidl_typesupport_c.dir/rosidl_typesupport_c/interfaces/msg/steering_calibration__type_support.cpp.o[0m
[5.390s] [ 48%] [32mBuilding CXX object CMakeFiles/interfaces__rosidl_typesupport_c.dir/rosidl_typesupport_c/interfaces/msg/gnss__type_support.cpp.o[0m
[5.394s] [ 49%] [32mBuilding CXX object CMakeFiles/interfaces__rosidl_typesupport_introspection_cpp.dir/rosidl_typesupport_introspection_cpp/interfaces/msg/detail/motors_order__type_support.cpp.o[0m
[5.430s] [ 50%] [32mBuilding C object CMakeFiles/interfaces__rosidl_typesupport_introspection_c.dir/rosidl_typesupport_introspection_c/interfaces/msg/detail/joystick_order__type_support.c.o[0m
[5.430s] [ 51%] [32mBuilding CXX object CMakeFiles/interfaces__rosidl_typesupport_c.dir/rosidl_typesupport_c/interfaces/msg/system_check__type_support.cpp.o[0m
[5.453s] [ 52%] [32mBuilding CXX object CMakeFiles/interfaces__rosidl_typesupport_introspection_cpp.dir/rosidl_typesupport_introspection_cpp/interfaces/msg/detail/motors_feedback__type_support.cpp.o[0m
[5.477s] [ 54%] [32mBuilding CXX object CMakeFiles/interfaces__rosidl_typesupport_introspection_cpp.dir/rosidl_typesupport_introspection_cpp/interfaces/msg/detail/general_data__type_support.cpp.o[0m
[5.484s] [ 55%] [32mBuilding CXX object CMakeFiles/interfaces__rosidl_typesupport_fastrtps_c.dir/rosidl_typesupport_fastrtps_c/interfaces/msg/detail/joystick_order__type_support_c.cpp.o[0m
[5.489s] [ 56%] [32mBuilding C object CMakeFiles/interfaces__rosidl_typesupport_introspection_c.dir/rosidl_typesupport_introspection_c/interfaces/msg/detail/motors_order__type_support.c.o[0m
[5.515s] [ 57%] [32m[1mLinking CXX shared library libinterfaces__rosidl_typesupport_c.so[0m
[5.518s] [ 58%] [32mBuilding CXX object CMakeFiles/interfaces__rosidl_typesupport_introspection_cpp.dir/rosidl_typesupport_introspection_cpp/interfaces/msg/detail/steering_calibration__type_support.cpp.o[0m
[5.546s] [ 59%] [32mBuilding CXX object CMakeFiles/interfaces__rosidl_typesupport_introspection_cpp.dir/rosidl_typesupport_introspection_cpp/interfaces/msg/detail/ultrasonic__type_support.cpp.o[0m
[5.582s] [ 60%] [32mBuilding C object CMakeFiles/interfaces__rosidl_typesupport_introspection_c.dir/rosidl_typesupport_introspection_c/interfaces/msg/detail/motors_feedback__type_support.c.o[0m
[5.648s] [ 60%] Built target interfaces__rosidl_typesupport_c
[5.654s] [ 62%] [32mBuilding C object CMakeFiles/interfaces__rosidl_typesupport_introspection_c.dir/rosidl_typesupport_introspection_c/interfaces/msg/detail/general_data__type_support.c.o[0m
[5.670s] [ 63%] [32mBuilding CXX object CMakeFiles/interfaces__rosidl_typesupport_fastrtps_c.dir/rosidl_typesupport_fastrtps_c/interfaces/msg/detail/motors_order__type_support_c.cpp.o[0m
[5.684s] [ 64%] [32mBuilding CXX object CMakeFiles/interfaces__rosidl_typesupport_fastrtps_c.dir/rosidl_typesupport_fastrtps_c/interfaces/msg/detail/motors_feedback__type_support_c.cpp.o[0m
[5.770s] [ 65%] [32mBuilding C object CMakeFiles/interfaces__rosidl_typesupport_introspection_c.dir/rosidl_typesupport_introspection_c/interfaces/msg/detail/steering_calibration__type_support.c.o[0m
[5.800s] [ 66%] [32mBuilding CXX object CMakeFiles/interfaces__rosidl_typesupport_introspection_cpp.dir/rosidl_typesupport_introspection_cpp/interfaces/msg/detail/gnss__type_support.cpp.o[0m
[5.878s] [ 67%] [32mBuilding CXX object CMakeFiles/interfaces__rosidl_typesupport_fastrtps_c.dir/rosidl_typesupport_fastrtps_c/interfaces/msg/detail/general_data__type_support_c.cpp.o[0m
[5.880s] [ 68%] [32mBuilding CXX object CMakeFiles/interfaces__rosidl_typesupport_introspection_cpp.dir/rosidl_typesupport_introspection_cpp/interfaces/msg/detail/system_check__type_support.cpp.o[0m
[5.891s] [ 70%] [32mBuilding C object CMakeFiles/interfaces__rosidl_typesupport_introspection_c.dir/rosidl_typesupport_introspection_c/interfaces/msg/detail/ultrasonic__type_support.c.o[0m
[5.961s] [ 72%] [32m[1mLinking CXX shared library libinterfaces__rosidl_typesupport_fastrtps_cpp.so[0m
[5.962s] [ 72%] [32mBuilding C object CMakeFiles/interfaces__rosidl_typesupport_introspection_c.dir/rosidl_typesupport_introspection_c/interfaces/msg/detail/gnss__type_support.c.o[0m
[5.963s] [ 73%] [32mBuilding C object CMakeFiles/interfaces__rosidl_typesupport_introspection_c.dir/rosidl_typesupport_introspection_c/interfaces/msg/detail/system_check__type_support.c.o[0m
[6.016s] [ 74%] [32mBuilding CXX object CMakeFiles/interfaces__rosidl_typesupport_fastrtps_c.dir/rosidl_typesupport_fastrtps_c/interfaces/msg/detail/steering_calibration__type_support_c.cpp.o[0m
[6.033s] [ 75%] [32mBuilding CXX object CMakeFiles/interfaces__rosidl_typesupport_fastrtps_c.dir/rosidl_typesupport_fastrtps_c/interfaces/msg/detail/ultrasonic__type_support_c.cpp.o[0m
[6.053s] [ 77%] [32m[1mLinking C shared library libinterfaces__rosidl_typesupport_introspection_c.so[0m
[6.068s] [ 78%] [32mBuilding CXX object CMakeFiles/interfaces__rosidl_typesupport_fastrtps_c.dir/rosidl_typesupport_fastrtps_c/interfaces/msg/detail/gnss__type_support_c.cpp.o[0m
[6.129s] [ 78%] Built target interfaces__rosidl_typesupport_fastrtps_cpp
[6.155s] [ 79%] [32mBuilding CXX object CMakeFiles/interfaces__rosidl_typesupport_fastrtps_c.dir/rosidl_typesupport_fastrtps_c/interfaces/msg/detail/system_check__type_support_c.cpp.o[0m
[6.165s] [ 79%] Built target interfaces__rosidl_typesupport_introspection_c
[6.454s] [ 80%] [32m[1mLinking CXX shared library libinterfaces__rosidl_typesupport_introspection_cpp.so[0m
[6.535s] [ 81%] [32m[1mLinking CXX shared library libinterfaces__rosidl_typesupport_fastrtps_c.so[0m
[6.538s] [ 81%] Built target interfaces__rosidl_typesupport_introspection_cpp
[6.591s] [ 81%] Built target interfaces__rosidl_typesupport_fastrtps_c
[6.605s] [ 81%] Built target interfaces
[6.617s] [ 82%] [34m[1mGenerating Python code for ROS interfaces[0m
[7.808s] [ 82%] Built target interfaces__py
[7.824s] [ 83%] [32mBuilding C object CMakeFiles/interfaces__rosidl_generator_py.dir/rosidl_generator_py/interfaces/msg/_motors_feedback_s.c.o[0m
[7.825s] [ 85%] [32mBuilding C object CMakeFiles/interfaces__rosidl_generator_py.dir/rosidl_generator_py/interfaces/msg/_ultrasonic_s.c.o[0m
[7.825s] [ 87%] [32mBuilding C object CMakeFiles/interfaces__rosidl_generator_py.dir/rosidl_generator_py/interfaces/msg/_general_data_s.c.o[0m
[7.825s] [ 87%] [32mBuilding C object CMakeFiles/interfaces__rosidl_generator_py.dir/rosidl_generator_py/interfaces/msg/_joystick_order_s.c.o[0m
[7.826s] [ 88%] [32mBuilding C object CMakeFiles/interfaces__rosidl_generator_py.dir/rosidl_generator_py/interfaces/msg/_system_check_s.c.o[0m
[7.828s] [ 90%] [32mBuilding C object CMakeFiles/interfaces__rosidl_generator_py.dir/rosidl_generator_py/interfaces/msg/_motors_order_s.c.o[0m
[7.828s] [ 90%] [32mBuilding C object CMakeFiles/interfaces__rosidl_generator_py.dir/rosidl_generator_py/interfaces/msg/_gnss_s.c.o[0m
[7.828s] [ 91%] [32mBuilding C object CMakeFiles/interfaces__rosidl_generator_py.dir/rosidl_generator_py/interfaces/msg/_steering_calibration_s.c.o[0m
[7.960s] [ 93%] [32m[1mLinking C shared library rosidl_generator_py/interfaces/libinterfaces__rosidl_generator_py.so[0m
[7.989s] [ 93%] Built target interfaces__rosidl_generator_py
[8.003s] [ 94%] [32mBuilding C object CMakeFiles/interfaces__rosidl_typesupport_c__pyext.dir/rosidl_generator_py/interfaces/_interfaces_s.ep.rosidl_typesupport_c.c.o[0m
[8.011s] [ 96%] [32mBuilding C object CMakeFiles/interfaces__rosidl_typesupport_fastrtps_c__pyext.dir/rosidl_generator_py/interfaces/_interfaces_s.ep.rosidl_typesupport_fastrtps_c.c.o[0m
[8.011s] [ 96%] [32mBuilding C object CMakeFiles/interfaces__rosidl_typesupport_introspection_c__pyext.dir/rosidl_generator_py/interfaces/_interfaces_s.ep.rosidl_typesupport_introspection_c.c.o[0m
[8.073s] [ 97%] [32m[1mLinking C shared library rosidl_generator_py/interfaces/interfaces_s__rosidl_typesupport_c.cpython-310-x86_64-linux-gnu.so[0m
[8.106s] [ 97%] Built target interfaces__rosidl_typesupport_c__pyext
[8.127s] [ 98%] [32m[1mLinking C shared library rosidl_generator_py/interfaces/interfaces_s__rosidl_typesupport_fastrtps_c.cpython-310-x86_64-linux-gnu.so[0m
[8.132s] [100%] [32m[1mLinking C shared library rosidl_generator_py/interfaces/interfaces_s__rosidl_typesupport_introspection_c.cpython-310-x86_64-linux-gnu.so[0m
[8.154s] [100%] Built target interfaces__rosidl_typesupport_fastrtps_c__pyext
[8.162s] [100%] Built target interfaces__rosidl_typesupport_introspection_c__pyext
[8.175s] Invoked command in '/home/moad/VigiWheels/jetsonNano/ros2_ws/src/build/interfaces' returned '0': CMAKE_PREFIX_PATH=/home/moad/ros2_ws/install/my_robot_controller:/home/moad/ros2_ws/install/manometer_detection:/opt/ros/humble /usr/bin/cmake --build /home/moad/VigiWheels/jetsonNano/ros2_ws/src/build/interfaces -- -j12 -l12
[8.272s] Invoking command in '/home/moad/VigiWheels/jetsonNano/ros2_ws/src/build/interfaces': CMAKE_PREFIX_PATH=/home/moad/ros2_ws/install/my_robot_controller:/home/moad/ros2_ws/install/manometer_detection:/opt/ros/humble /usr/bin/cmake --install /home/moad/VigiWheels/jetsonNano/ros2_ws/src/build/interfaces
[8.277s] -- Install configuration: ""
[8.278s] -- Installing: /home/moad/VigiWheels/jetsonNano/ros2_ws/src/install/interfaces/share/ament_index/resource_index/rosidl_interfaces/interfaces
[8.278s] -- Installing: /home/moad/VigiWheels/jetsonNano/ros2_ws/src/install/interfaces/include/interfaces/interfaces
[8.278s] -- Installing: /home/moad/VigiWheels/jetsonNano/ros2_ws/src/install/interfaces/include/interfaces/interfaces/msg
[8.278s] -- Installing: /home/moad/VigiWheels/jetsonNano/ros2_ws/src/install/interfaces/include/interfaces/interfaces/msg/gnss.h
[8.278s] -- Installing: /home/moad/VigiWheels/jetsonNano/ros2_ws/src/install/interfaces/include/interfaces/interfaces/msg/system_check.h
[8.278s] -- Installing: /home/moad/VigiWheels/jetsonNano/ros2_ws/src/install/interfaces/include/interfaces/interfaces/msg/motors_feedback.h
[8.278s] -- Installing: /home/moad/VigiWheels/jetsonNano/ros2_ws/src/install/interfaces/include/interfaces/interfaces/msg/rosidl_generator_c__visibility_control.h
[8.278s] -- Installing: /home/moad/VigiWheels/jetsonNano/ros2_ws/src/install/interfaces/include/interfaces/interfaces/msg/joystick_order.h
[8.278s] -- Installing: /home/moad/VigiWheels/jetsonNano/ros2_ws/src/install/interfaces/include/interfaces/interfaces/msg/motors_order.h
[8.278s] -- Installing: /home/moad/VigiWheels/jetsonNano/ros2_ws/src/install/interfaces/include/interfaces/interfaces/msg/steering_calibration.h
[8.279s] -- Installing: /home/moad/VigiWheels/jetsonNano/ros2_ws/src/install/interfaces/include/interfaces/interfaces/msg/detail
[8.279s] -- Installing: /home/moad/VigiWheels/jetsonNano/ros2_ws/src/install/interfaces/include/interfaces/interfaces/msg/detail/general_data__type_support.h
[8.279s] -- Installing: /home/moad/VigiWheels/jetsonNano/ros2_ws/src/install/interfaces/include/interfaces/interfaces/msg/detail/gnss__struct.h
[8.279s] -- Installing: /home/moad/VigiWheels/jetsonNano/ros2_ws/src/install/interfaces/include/interfaces/interfaces/msg/detail/motors_order__functions.h
[8.279s] -- Installing: /home/moad/VigiWheels/jetsonNano/ros2_ws/src/install/interfaces/include/interfaces/interfaces/msg/detail/system_check__type_support.h
[8.279s] -- Installing: /home/moad/VigiWheels/jetsonNano/ros2_ws/src/install/interfaces/include/interfaces/interfaces/msg/detail/motors_feedback__functions.h
[8.279s] -- Installing: /home/moad/VigiWheels/jetsonNano/ros2_ws/src/install/interfaces/include/interfaces/interfaces/msg/detail/motors_feedback__functions.c
[8.279s] -- Installing: /home/moad/VigiWheels/jetsonNano/ros2_ws/src/install/interfaces/include/interfaces/interfaces/msg/detail/motors_order__struct.h
[8.279s] -- Installing: /home/moad/VigiWheels/jetsonNano/ros2_ws/src/install/interfaces/include/interfaces/interfaces/msg/detail/gnss__type_support.h
[8.279s] -- Installing: /home/moad/VigiWheels/jetsonNano/ros2_ws/src/install/interfaces/include/interfaces/interfaces/msg/detail/motors_feedback__struct.h
[8.279s] -- Installing: /home/moad/VigiWheels/jetsonNano/ros2_ws/src/install/interfaces/include/interfaces/interfaces/msg/detail/steering_calibration__type_support.h
[8.280s] -- Installing: /home/moad/VigiWheels/jetsonNano/ros2_ws/src/install/interfaces/include/interfaces/interfaces/msg/detail/steering_calibration__struct.h
[8.280s] -- Installing: /home/moad/VigiWheels/jetsonNano/ros2_ws/src/install/interfaces/include/interfaces/interfaces/msg/detail/system_check__functions.c
[8.280s] -- Installing: /home/moad/VigiWheels/jetsonNano/ros2_ws/src/install/interfaces/include/interfaces/interfaces/msg/detail/system_check__functions.h
[8.280s] -- Installing: /home/moad/VigiWheels/jetsonNano/ros2_ws/src/install/interfaces/include/interfaces/interfaces/msg/detail/gnss__functions.c
[8.280s] -- Installing: /home/moad/VigiWheels/jetsonNano/ros2_ws/src/install/interfaces/include/interfaces/interfaces/msg/detail/motors_order__type_support.h
[8.280s] -- Installing: /home/moad/VigiWheels/jetsonNano/ros2_ws/src/install/interfaces/include/interfaces/interfaces/msg/detail/gnss__functions.h
[8.280s] -- Installing: /home/moad/VigiWheels/jetsonNano/ros2_ws/src/install/interfaces/include/interfaces/interfaces/msg/detail/general_data__functions.c
[8.280s] -- Installing: /home/moad/VigiWheels/jetsonNano/ros2_ws/src/install/interfaces/include/interfaces/interfaces/msg/detail/steering_calibration__functions.h
[8.281s] -- Installing: /home/moad/VigiWheels/jetsonNano/ros2_ws/src/install/interfaces/include/interfaces/interfaces/msg/detail/motors_feedback__type_support.h
[8.281s] -- Installing: /home/moad/VigiWheels/jetsonNano/ros2_ws/src/install/interfaces/include/interfaces/interfaces/msg/detail/ultrasonic__struct.h
[8.281s] -- Installing: /home/moad/VigiWheels/jetsonNano/ros2_ws/src/install/interfaces/include/interfaces/interfaces/msg/detail/motors_order__functions.c
[8.281s] -- Installing: /home/moad/VigiWheels/jetsonNano/ros2_ws/src/install/interfaces/include/interfaces/interfaces/msg/detail/general_data__functions.h
[8.281s] -- Installing: /home/moad/VigiWheels/jetsonNano/ros2_ws/src/install/interfaces/include/interfaces/interfaces/msg/detail/steering_calibration__functions.c
[8.281s] -- Installing: /home/moad/VigiWheels/jetsonNano/ros2_ws/src/install/interfaces/include/interfaces/interfaces/msg/detail/ultrasonic__functions.c
[8.281s] -- Installing: /home/moad/VigiWheels/jetsonNano/ros2_ws/src/install/interfaces/include/interfaces/interfaces/msg/detail/ultrasonic__type_support.h
[8.281s] -- Installing: /home/moad/VigiWheels/jetsonNano/ros2_ws/src/install/interfaces/include/interfaces/interfaces/msg/detail/joystick_order__type_support.h
[8.281s] -- Installing: /home/moad/VigiWheels/jetsonNano/ros2_ws/src/install/interfaces/include/interfaces/interfaces/msg/detail/system_check__struct.h
[8.281s] -- Installing: /home/moad/VigiWheels/jetsonNano/ros2_ws/src/install/interfaces/include/interfaces/interfaces/msg/detail/joystick_order__functions.h
[8.281s] -- Installing: /home/moad/VigiWheels/jetsonNano/ros2_ws/src/install/interfaces/include/interfaces/interfaces/msg/detail/ultrasonic__functions.h
[8.281s] -- Installing: /home/moad/VigiWheels/jetsonNano/ros2_ws/src/install/interfaces/include/interfaces/interfaces/msg/detail/joystick_order__functions.c
[8.281s] -- Installing: /home/moad/VigiWheels/jetsonNano/ros2_ws/src/install/interfaces/include/interfaces/interfaces/msg/detail/general_data__struct.h
[8.282s] -- Installing: /home/moad/VigiWheels/jetsonNano/ros2_ws/src/install/interfaces/include/interfaces/interfaces/msg/detail/joystick_order__struct.h
[8.282s] -- Installing: /home/moad/VigiWheels/jetsonNano/ros2_ws/src/install/interfaces/include/interfaces/interfaces/msg/general_data.h
[8.282s] -- Installing: /home/moad/VigiWheels/jetsonNano/ros2_ws/src/install/interfaces/include/interfaces/interfaces/msg/ultrasonic.h
[8.282s] -- Installing: /home/moad/VigiWheels/jetsonNano/ros2_ws/src/install/interfaces/share/interfaces/environment/library_path.sh
[8.282s] -- Installing: /home/moad/VigiWheels/jetsonNano/ros2_ws/src/install/interfaces/share/interfaces/environment/library_path.dsv
[8.282s] -- Installing: /home/moad/VigiWheels/jetsonNano/ros2_ws/src/install/interfaces/lib/libinterfaces__rosidl_generator_c.so
[8.282s] -- Set runtime path of "/home/moad/VigiWheels/jetsonNano/ros2_ws/src/install/interfaces/lib/libinterfaces__rosidl_generator_c.so" to ""
[8.282s] -- Up-to-date: /home/moad/VigiWheels/jetsonNano/ros2_ws/src/install/interfaces/include/interfaces/interfaces
[8.282s] -- Up-to-date: /home/moad/VigiWheels/jetsonNano/ros2_ws/src/install/interfaces/include/interfaces/interfaces/msg
[8.282s] -- Installing: /home/moad/VigiWheels/jetsonNano/ros2_ws/src/install/interfaces/include/interfaces/interfaces/msg/rosidl_typesupport_fastrtps_c__visibility_control.h
[8.283s] -- Up-to-date: /home/moad/VigiWheels/jetsonNano/ros2_ws/src/install/interfaces/include/interfaces/interfaces/msg/detail
[8.283s] -- Installing: /home/moad/VigiWheels/jetsonNano/ros2_ws/src/install/interfaces/include/interfaces/interfaces/msg/detail/gnss__rosidl_typesupport_fastrtps_c.h
[8.283s] -- Installing: /home/moad/VigiWheels/jetsonNano/ros2_ws/src/install/interfaces/include/interfaces/interfaces/msg/detail/ultrasonic__rosidl_typesupport_fastrtps_c.h
[8.283s] -- Installing: /home/moad/VigiWheels/jetsonNano/ros2_ws/src/install/interfaces/include/interfaces/interfaces/msg/detail/system_check__rosidl_typesupport_fastrtps_c.h
[8.283s] -- Installing: /home/moad/VigiWheels/jetsonNano/ros2_ws/src/install/interfaces/include/interfaces/interfaces/msg/detail/general_data__rosidl_typesupport_fastrtps_c.h
[8.283s] -- Installing: /home/moad/VigiWheels/jetsonNano/ros2_ws/src/install/interfaces/include/interfaces/interfaces/msg/detail/steering_calibration__rosidl_typesupport_fastrtps_c.h
[8.283s] -- Installing: /home/moad/VigiWheels/jetsonNano/ros2_ws/src/install/interfaces/include/interfaces/interfaces/msg/detail/motors_order__rosidl_typesupport_fastrtps_c.h
[8.283s] -- Installing: /home/moad/VigiWheels/jetsonNano/ros2_ws/src/install/interfaces/include/interfaces/interfaces/msg/detail/joystick_order__rosidl_typesupport_fastrtps_c.h
[8.283s] -- Installing: /home/moad/VigiWheels/jetsonNano/ros2_ws/src/install/interfaces/include/interfaces/interfaces/msg/detail/motors_feedback__rosidl_typesupport_fastrtps_c.h
[8.283s] -- Installing: /home/moad/VigiWheels/jetsonNano/ros2_ws/src/install/interfaces/lib/libinterfaces__rosidl_typesupport_fastrtps_c.so
[8.283s] -- Set runtime path of "/home/moad/VigiWheels/jetsonNano/ros2_ws/src/install/interfaces/lib/libinterfaces__rosidl_typesupport_fastrtps_c.so" to ""
[8.283s] -- Up-to-date: /home/moad/VigiWheels/jetsonNano/ros2_ws/src/install/interfaces/include/interfaces/interfaces
[8.283s] -- Up-to-date: /home/moad/VigiWheels/jetsonNano/ros2_ws/src/install/interfaces/include/interfaces/interfaces/msg
[8.284s] -- Installing: /home/moad/VigiWheels/jetsonNano/ros2_ws/src/install/interfaces/include/interfaces/interfaces/msg/gnss.hpp
[8.284s] -- Installing: /home/moad/VigiWheels/jetsonNano/ros2_ws/src/install/interfaces/include/interfaces/interfaces/msg/steering_calibration.hpp
[8.284s] -- Installing: /home/moad/VigiWheels/jetsonNano/ros2_ws/src/install/interfaces/include/interfaces/interfaces/msg/general_data.hpp
[8.284s] -- Installing: /home/moad/VigiWheels/jetsonNano/ros2_ws/src/install/interfaces/include/interfaces/interfaces/msg/system_check.hpp
[8.284s] -- Installing: /home/moad/VigiWheels/jetsonNano/ros2_ws/src/install/interfaces/include/interfaces/interfaces/msg/joystick_order.hpp
[8.284s] -- Installing: /home/moad/VigiWheels/jetsonNano/ros2_ws/src/install/interfaces/include/interfaces/interfaces/msg/motors_order.hpp
[8.284s] -- Up-to-date: /home/moad/VigiWheels/jetsonNano/ros2_ws/src/install/interfaces/include/interfaces/interfaces/msg/detail
[8.284s] -- Installing: /home/moad/VigiWheels/jetsonNano/ros2_ws/src/install/interfaces/include/interfaces/interfaces/msg/detail/motors_order__traits.hpp
[8.284s] -- Installing: /home/moad/VigiWheels/jetsonNano/ros2_ws/src/install/interfaces/include/interfaces/interfaces/msg/detail/joystick_order__builder.hpp
[8.284s] -- Installing: /home/moad/VigiWheels/jetsonNano/ros2_ws/src/install/interfaces/include/interfaces/interfaces/msg/detail/gnss__traits.hpp
[8.284s] -- Installing: /home/moad/VigiWheels/jetsonNano/ros2_ws/src/install/interfaces/include/interfaces/interfaces/msg/detail/ultrasonic__struct.hpp
[8.284s] -- Installing: /home/moad/VigiWheels/jetsonNano/ros2_ws/src/install/interfaces/include/interfaces/interfaces/msg/detail/joystick_order__traits.hpp
[8.284s] -- Installing: /home/moad/VigiWheels/jetsonNano/ros2_ws/src/install/interfaces/include/interfaces/interfaces/msg/detail/motors_feedback__builder.hpp
[8.285s] -- Installing: /home/moad/VigiWheels/jetsonNano/ros2_ws/src/install/interfaces/include/interfaces/interfaces/msg/detail/motors_order__struct.hpp
[8.285s] -- Installing: /home/moad/VigiWheels/jetsonNano/ros2_ws/src/install/interfaces/include/interfaces/interfaces/msg/detail/gnss__builder.hpp
[8.285s] -- Installing: /home/moad/VigiWheels/jetsonNano/ros2_ws/src/install/interfaces/include/interfaces/interfaces/msg/detail/gnss__struct.hpp
[8.285s] -- Installing: /home/moad/VigiWheels/jetsonNano/ros2_ws/src/install/interfaces/include/interfaces/interfaces/msg/detail/general_data__struct.hpp
[8.285s] -- Installing: /home/moad/VigiWheels/jetsonNano/ros2_ws/src/install/interfaces/include/interfaces/interfaces/msg/detail/steering_calibration__builder.hpp
[8.285s] -- Installing: /home/moad/VigiWheels/jetsonNano/ros2_ws/src/install/interfaces/include/interfaces/interfaces/msg/detail/system_check__struct.hpp
[8.285s] -- Installing: /home/moad/VigiWheels/jetsonNano/ros2_ws/src/install/interfaces/include/interfaces/interfaces/msg/detail/general_data__builder.hpp
[8.285s] -- Installing: /home/moad/VigiWheels/jetsonNano/ros2_ws/src/install/interfaces/include/interfaces/interfaces/msg/detail/general_data__traits.hpp
[8.285s] -- Installing: /home/moad/VigiWheels/jetsonNano/ros2_ws/src/install/interfaces/include/interfaces/interfaces/msg/detail/steering_calibration__traits.hpp
[8.285s] -- Installing: /home/moad/VigiWheels/jetsonNano/ros2_ws/src/install/interfaces/include/interfaces/interfaces/msg/detail/motors_order__builder.hpp
[8.286s] -- Installing: /home/moad/VigiWheels/jetsonNano/ros2_ws/src/install/interfaces/include/interfaces/interfaces/msg/detail/system_check__traits.hpp
[8.286s] -- Installing: /home/moad/VigiWheels/jetsonNano/ros2_ws/src/install/interfaces/include/interfaces/interfaces/msg/detail/motors_feedback__struct.hpp
[8.286s] -- Installing: /home/moad/VigiWheels/jetsonNano/ros2_ws/src/install/interfaces/include/interfaces/interfaces/msg/detail/ultrasonic__traits.hpp
[8.286s] -- Installing: /home/moad/VigiWheels/jetsonNano/ros2_ws/src/install/interfaces/include/interfaces/interfaces/msg/detail/system_check__builder.hpp
[8.286s] -- Installing: /home/moad/VigiWheels/jetsonNano/ros2_ws/src/install/interfaces/include/interfaces/interfaces/msg/detail/motors_feedback__traits.hpp
[8.286s] -- Installing: /home/moad/VigiWheels/jetsonNano/ros2_ws/src/install/interfaces/include/interfaces/interfaces/msg/detail/ultrasonic__builder.hpp
[8.286s] -- Installing: /home/moad/VigiWheels/jetsonNano/ros2_ws/src/install/interfaces/include/interfaces/interfaces/msg/detail/steering_calibration__struct.hpp
[8.286s] -- Installing: /home/moad/VigiWheels/jetsonNano/ros2_ws/src/install/interfaces/include/interfaces/interfaces/msg/detail/joystick_order__struct.hpp
[8.286s] -- Installing: /home/moad/VigiWheels/jetsonNano/ros2_ws/src/install/interfaces/include/interfaces/interfaces/msg/ultrasonic.hpp
[8.286s] -- Installing: /home/moad/VigiWheels/jetsonNano/ros2_ws/src/install/interfaces/include/interfaces/interfaces/msg/motors_feedback.hpp
[8.286s] -- Up-to-date: /home/moad/VigiWheels/jetsonNano/ros2_ws/src/install/interfaces/include/interfaces/interfaces
[8.286s] -- Up-to-date: /home/moad/VigiWheels/jetsonNano/ros2_ws/src/install/interfaces/include/interfaces/interfaces/msg
[8.287s] -- Up-to-date: /home/moad/VigiWheels/jetsonNano/ros2_ws/src/install/interfaces/include/interfaces/interfaces/msg/detail
[8.287s] -- Installing: /home/moad/VigiWheels/jetsonNano/ros2_ws/src/install/interfaces/include/interfaces/interfaces/msg/detail/motors_feedback__rosidl_typesupport_fastrtps_cpp.hpp
[8.287s] -- Installing: /home/moad/VigiWheels/jetsonNano/ros2_ws/src/install/interfaces/include/interfaces/interfaces/msg/detail/steering_calibration__rosidl_typesupport_fastrtps_cpp.hpp
[8.287s] -- Installing: /home/moad/VigiWheels/jetsonNano/ros2_ws/src/install/interfaces/include/interfaces/interfaces/msg/detail/motors_order__rosidl_typesupport_fastrtps_cpp.hpp
[8.287s] -- Installing: /home/moad/VigiWheels/jetsonNano/ros2_ws/src/install/interfaces/include/interfaces/interfaces/msg/detail/dds_fastrtps
[8.287s] -- Installing: /home/moad/VigiWheels/jetsonNano/ros2_ws/src/install/interfaces/include/interfaces/interfaces/msg/detail/system_check__rosidl_typesupport_fastrtps_cpp.hpp
[8.287s] -- Installing: /home/moad/VigiWheels/jetsonNano/ros2_ws/src/install/interfaces/include/interfaces/interfaces/msg/detail/general_data__rosidl_typesupport_fastrtps_cpp.hpp
[8.287s] -- Installing: /home/moad/VigiWheels/jetsonNano/ros2_ws/src/install/interfaces/include/interfaces/interfaces/msg/detail/gnss__rosidl_typesupport_fastrtps_cpp.hpp
[8.287s] -- Installing: /home/moad/VigiWheels/jetsonNano/ros2_ws/src/install/interfaces/include/interfaces/interfaces/msg/detail/joystick_order__rosidl_typesupport_fastrtps_cpp.hpp
[8.287s] -- Installing: /home/moad/VigiWheels/jetsonNano/ros2_ws/src/install/interfaces/include/interfaces/interfaces/msg/detail/ultrasonic__rosidl_typesupport_fastrtps_cpp.hpp
[8.287s] -- Installing: /home/moad/VigiWheels/jetsonNano/ros2_ws/src/install/interfaces/include/interfaces/interfaces/msg/rosidl_typesupport_fastrtps_cpp__visibility_control.h
[8.287s] -- Installing: /home/moad/VigiWheels/jetsonNano/ros2_ws/src/install/interfaces/lib/libinterfaces__rosidl_typesupport_fastrtps_cpp.so
[8.287s] -- Set runtime path of "/home/moad/VigiWheels/jetsonNano/ros2_ws/src/install/interfaces/lib/libinterfaces__rosidl_typesupport_fastrtps_cpp.so" to ""
[8.288s] -- Up-to-date: /home/moad/VigiWheels/jetsonNano/ros2_ws/src/install/interfaces/include/interfaces/interfaces
[8.288s] -- Up-to-date: /home/moad/VigiWheels/jetsonNano/ros2_ws/src/install/interfaces/include/interfaces/interfaces/msg
[8.288s] -- Up-to-date: /home/moad/VigiWheels/jetsonNano/ros2_ws/src/install/interfaces/include/interfaces/interfaces/msg/detail
[8.288s] -- Installing: /home/moad/VigiWheels/jetsonNano/ros2_ws/src/install/interfaces/include/interfaces/interfaces/msg/detail/gnss__rosidl_typesupport_introspection_c.h
[8.288s] -- Installing: /home/moad/VigiWheels/jetsonNano/ros2_ws/src/install/interfaces/include/interfaces/interfaces/msg/detail/motors_order__type_support.c
[8.288s] -- Installing: /home/moad/VigiWheels/jetsonNano/ros2_ws/src/install/interfaces/include/interfaces/interfaces/msg/detail/motors_feedback__type_support.c
[8.288s] -- Installing: /home/moad/VigiWheels/jetsonNano/ros2_ws/src/install/interfaces/include/interfaces/interfaces/msg/detail/system_check__type_support.c
[8.288s] -- Installing: /home/moad/VigiWheels/jetsonNano/ros2_ws/src/install/interfaces/include/interfaces/interfaces/msg/detail/joystick_order__rosidl_typesupport_introspection_c.h
[8.288s] -- Installing: /home/moad/VigiWheels/jetsonNano/ros2_ws/src/install/interfaces/include/interfaces/interfaces/msg/detail/general_data__type_support.c
[8.288s] -- Installing: /home/moad/VigiWheels/jetsonNano/ros2_ws/src/install/interfaces/include/interfaces/interfaces/msg/detail/joystick_order__type_support.c
[8.288s] -- Installing: /home/moad/VigiWheels/jetsonNano/ros2_ws/src/install/interfaces/include/interfaces/interfaces/msg/detail/system_check__rosidl_typesupport_introspection_c.h
[8.288s] -- Installing: /home/moad/VigiWheels/jetsonNano/ros2_ws/src/install/interfaces/include/interfaces/interfaces/msg/detail/general_data__rosidl_typesupport_introspection_c.h
[8.288s] -- Installing: /home/moad/VigiWheels/jetsonNano/ros2_ws/src/install/interfaces/include/interfaces/interfaces/msg/detail/ultrasonic__type_support.c
[8.288s] -- Installing: /home/moad/VigiWheels/jetsonNano/ros2_ws/src/install/interfaces/include/interfaces/interfaces/msg/detail/motors_order__rosidl_typesupport_introspection_c.h
[8.289s] -- Installing: /home/moad/VigiWheels/jetsonNano/ros2_ws/src/install/interfaces/include/interfaces/interfaces/msg/detail/ultrasonic__rosidl_typesupport_introspection_c.h
[8.289s] -- Installing: /home/moad/VigiWheels/jetsonNano/ros2_ws/src/install/interfaces/include/interfaces/interfaces/msg/detail/steering_calibration__rosidl_typesupport_introspection_c.h
[8.289s] -- Installing: /home/moad/VigiWheels/jetsonNano/ros2_ws/src/install/interfaces/include/interfaces/interfaces/msg/detail/gnss__type_support.c
[8.289s] -- Installing: /home/moad/VigiWheels/jetsonNano/ros2_ws/src/install/interfaces/include/interfaces/interfaces/msg/detail/motors_feedback__rosidl_typesupport_introspection_c.h
[8.289s] -- Installing: /home/moad/VigiWheels/jetsonNano/ros2_ws/src/install/interfaces/include/interfaces/interfaces/msg/detail/steering_calibration__type_support.c
[8.289s] -- Installing: /home/moad/VigiWheels/jetsonNano/ros2_ws/src/install/interfaces/include/interfaces/interfaces/msg/rosidl_typesupport_introspection_c__visibility_control.h
[8.289s] -- Installing: /home/moad/VigiWheels/jetsonNano/ros2_ws/src/install/interfaces/lib/libinterfaces__rosidl_typesupport_introspection_c.so
[8.289s] -- Set runtime path of "/home/moad/VigiWheels/jetsonNano/ros2_ws/src/install/interfaces/lib/libinterfaces__rosidl_typesupport_introspection_c.so" to ""
[8.289s] -- Installing: /home/moad/VigiWheels/jetsonNano/ros2_ws/src/install/interfaces/lib/libinterfaces__rosidl_typesupport_c.so
[8.289s] -- Set runtime path of "/home/moad/VigiWheels/jetsonNano/ros2_ws/src/install/interfaces/lib/libinterfaces__rosidl_typesupport_c.so" to ""
[8.289s] -- Up-to-date: /home/moad/VigiWheels/jetsonNano/ros2_ws/src/install/interfaces/include/interfaces/interfaces
[8.289s] -- Up-to-date: /home/moad/VigiWheels/jetsonNano/ros2_ws/src/install/interfaces/include/interfaces/interfaces/msg
[8.289s] -- Up-to-date: /home/moad/VigiWheels/jetsonNano/ros2_ws/src/install/interfaces/include/interfaces/interfaces/msg/detail
[8.290s] -- Installing: /home/moad/VigiWheels/jetsonNano/ros2_ws/src/install/interfaces/include/interfaces/interfaces/msg/detail/general_data__rosidl_typesupport_introspection_cpp.hpp
[8.290s] -- Installing: /home/moad/VigiWheels/jetsonNano/ros2_ws/src/install/interfaces/include/interfaces/interfaces/msg/detail/ultrasonic__type_support.cpp
[8.290s] -- Installing: /home/moad/VigiWheels/jetsonNano/ros2_ws/src/install/interfaces/include/interfaces/interfaces/msg/detail/steering_calibration__type_support.cpp
[8.290s] -- Installing: /home/moad/VigiWheels/jetsonNano/ros2_ws/src/install/interfaces/include/interfaces/interfaces/msg/detail/joystick_order__type_support.cpp
[8.290s] -- Installing: /home/moad/VigiWheels/jetsonNano/ros2_ws/src/install/interfaces/include/interfaces/interfaces/msg/detail/motors_feedback__type_support.cpp
[8.290s] -- Installing: /home/moad/VigiWheels/jetsonNano/ros2_ws/src/install/interfaces/include/interfaces/interfaces/msg/detail/gnss__type_support.cpp
[8.290s] -- Installing: /home/moad/VigiWheels/jetsonNano/ros2_ws/src/install/interfaces/include/interfaces/interfaces/msg/detail/system_check__type_support.cpp
[8.290s] -- Installing: /home/moad/VigiWheels/jetsonNano/ros2_ws/src/install/interfaces/include/interfaces/interfaces/msg/detail/motors_feedback__rosidl_typesupport_introspection_cpp.hpp
[8.290s] -- Installing: /home/moad/VigiWheels/jetsonNano/ros2_ws/src/install/interfaces/include/interfaces/interfaces/msg/detail/steering_calibration__rosidl_typesupport_introspection_cpp.hpp
[8.290s] -- Installing: /home/moad/VigiWheels/jetsonNano/ros2_ws/src/install/interfaces/include/interfaces/interfaces/msg/detail/gnss__rosidl_typesupport_introspection_cpp.hpp
[8.290s] -- Installing: /home/moad/VigiWheels/jetsonNano/ros2_ws/src/install/interfaces/include/interfaces/interfaces/msg/detail/motors_order__rosidl_typesupport_introspection_cpp.hpp
[8.290s] -- Installing: /home/moad/VigiWheels/jetsonNano/ros2_ws/src/install/interfaces/include/interfaces/interfaces/msg/detail/system_check__rosidl_typesupport_introspection_cpp.hpp
[8.290s] -- Installing: /home/moad/VigiWheels/jetsonNano/ros2_ws/src/install/interfaces/include/interfaces/interfaces/msg/detail/general_data__type_support.cpp
[8.290s] -- Installing: /home/moad/VigiWheels/jetsonNano/ros2_ws/src/install/interfaces/include/interfaces/interfaces/msg/detail/ultrasonic__rosidl_typesupport_introspection_cpp.hpp
[8.291s] -- Installing: /home/moad/VigiWheels/jetsonNano/ros2_ws/src/install/interfaces/include/interfaces/interfaces/msg/detail/joystick_order__rosidl_typesupport_introspection_cpp.hpp
[8.291s] -- Installing: /home/moad/VigiWheels/jetsonNano/ros2_ws/src/install/interfaces/include/interfaces/interfaces/msg/detail/motors_order__type_support.cpp
[8.291s] -- Installing: /home/moad/VigiWheels/jetsonNano/ros2_ws/src/install/interfaces/lib/libinterfaces__rosidl_typesupport_introspection_cpp.so
[8.291s] -- Set runtime path of "/home/moad/VigiWheels/jetsonNano/ros2_ws/src/install/interfaces/lib/libinterfaces__rosidl_typesupport_introspection_cpp.so" to ""
[8.291s] -- Installing: /home/moad/VigiWheels/jetsonNano/ros2_ws/src/install/interfaces/lib/libinterfaces__rosidl_typesupport_cpp.so
[8.291s] -- Set runtime path of "/home/moad/VigiWheels/jetsonNano/ros2_ws/src/install/interfaces/lib/libinterfaces__rosidl_typesupport_cpp.so" to ""
[8.291s] -- Installing: /home/moad/VigiWheels/jetsonNano/ros2_ws/src/install/interfaces/share/interfaces/environment/pythonpath.sh
[8.291s] -- Installing: /home/moad/VigiWheels/jetsonNano/ros2_ws/src/install/interfaces/share/interfaces/environment/pythonpath.dsv
[8.291s] -- Installing: /home/moad/VigiWheels/jetsonNano/ros2_ws/src/install/interfaces/local/lib/python3.10/dist-packages/interfaces-0.0.0-py3.10.egg-info
[8.291s] -- Installing: /home/moad/VigiWheels/jetsonNano/ros2_ws/src/install/interfaces/local/lib/python3.10/dist-packages/interfaces-0.0.0-py3.10.egg-info/SOURCES.txt
[8.291s] -- Installing: /home/moad/VigiWheels/jetsonNano/ros2_ws/src/install/interfaces/local/lib/python3.10/dist-packages/interfaces-0.0.0-py3.10.egg-info/dependency_links.txt
[8.291s] -- Installing: /home/moad/VigiWheels/jetsonNano/ros2_ws/src/install/interfaces/local/lib/python3.10/dist-packages/interfaces-0.0.0-py3.10.egg-info/top_level.txt
[8.291s] -- Installing: /home/moad/VigiWheels/jetsonNano/ros2_ws/src/install/interfaces/local/lib/python3.10/dist-packages/interfaces-0.0.0-py3.10.egg-info/PKG-INFO
[8.292s] -- Installing: /home/moad/VigiWheels/jetsonNano/ros2_ws/src/install/interfaces/local/lib/python3.10/dist-packages/interfaces
[8.292s] -- Installing: /home/moad/VigiWheels/jetsonNano/ros2_ws/src/install/interfaces/local/lib/python3.10/dist-packages/interfaces/interfaces_s__rosidl_typesupport_fastrtps_c.cpython-310-x86_64-linux-gnu.so
[8.292s] -- Installing: /home/moad/VigiWheels/jetsonNano/ros2_ws/src/install/interfaces/local/lib/python3.10/dist-packages/interfaces/_interfaces_s.ep.rosidl_typesupport_c.c
[8.292s] -- Installing: /home/moad/VigiWheels/jetsonNano/ros2_ws/src/install/interfaces/local/lib/python3.10/dist-packages/interfaces/interfaces_s__rosidl_typesupport_introspection_c.cpython-310-x86_64-linux-gnu.so
[8.292s] -- Installing: /home/moad/VigiWheels/jetsonNano/ros2_ws/src/install/interfaces/local/lib/python3.10/dist-packages/interfaces/_interfaces_s.ep.rosidl_typesupport_fastrtps_c.c
[8.292s] -- Installing: /home/moad/VigiWheels/jetsonNano/ros2_ws/src/install/interfaces/local/lib/python3.10/dist-packages/interfaces/_interfaces_s.ep.rosidl_typesupport_introspection_c.c
[8.292s] -- Installing: /home/moad/VigiWheels/jetsonNano/ros2_ws/src/install/interfaces/local/lib/python3.10/dist-packages/interfaces/msg
[8.292s] -- Installing: /home/moad/VigiWheels/jetsonNano/ros2_ws/src/install/interfaces/local/lib/python3.10/dist-packages/interfaces/msg/_steering_calibration_s.c
[8.292s] -- Installing: /home/moad/VigiWheels/jetsonNano/ros2_ws/src/install/interfaces/local/lib/python3.10/dist-packages/interfaces/msg/_ultrasonic_s.c
[8.292s] -- Installing: /home/moad/VigiWheels/jetsonNano/ros2_ws/src/install/interfaces/local/lib/python3.10/dist-packages/interfaces/msg/_gnss_s.c
[8.292s] -- Installing: /home/moad/VigiWheels/jetsonNano/ros2_ws/src/install/interfaces/local/lib/python3.10/dist-packages/interfaces/msg/_motors_order_s.c
[8.292s] -- Installing: /home/moad/VigiWheels/jetsonNano/ros2_ws/src/install/interfaces/local/lib/python3.10/dist-packages/interfaces/msg/_general_data.py
[8.292s] -- Installing: /home/moad/VigiWheels/jetsonNano/ros2_ws/src/install/interfaces/local/lib/python3.10/dist-packages/interfaces/msg/_motors_feedback.py
[8.293s] -- Installing: /home/moad/VigiWheels/jetsonNano/ros2_ws/src/install/interfaces/local/lib/python3.10/dist-packages/interfaces/msg/_system_check_s.c
[8.293s] -- Installing: /home/moad/VigiWheels/jetsonNano/ros2_ws/src/install/interfaces/local/lib/python3.10/dist-packages/interfaces/msg/_gnss.py
[8.293s] -- Installing: /home/moad/VigiWheels/jetsonNano/ros2_ws/src/install/interfaces/local/lib/python3.10/dist-packages/interfaces/msg/_ultrasonic.py
[8.293s] -- Installing: /home/moad/VigiWheels/jetsonNano/ros2_ws/src/install/interfaces/local/lib/python3.10/dist-packages/interfaces/msg/__init__.py
[8.293s] -- Installing: /home/moad/VigiWheels/jetsonNano/ros2_ws/src/install/interfaces/local/lib/python3.10/dist-packages/interfaces/msg/_joystick_order_s.c
[8.293s] -- Installing: /home/moad/VigiWheels/jetsonNano/ros2_ws/src/install/interfaces/local/lib/python3.10/dist-packages/interfaces/msg/_system_check.py
[8.293s] -- Installing: /home/moad/VigiWheels/jetsonNano/ros2_ws/src/install/interfaces/local/lib/python3.10/dist-packages/interfaces/msg/_motors_order.py
[8.293s] -- Installing: /home/moad/VigiWheels/jetsonNano/ros2_ws/src/install/interfaces/local/lib/python3.10/dist-packages/interfaces/msg/_motors_feedback_s.c
[8.293s] -- Installing: /home/moad/VigiWheels/jetsonNano/ros2_ws/src/install/interfaces/local/lib/python3.10/dist-packages/interfaces/msg/_joystick_order.py
[8.293s] -- Installing: /home/moad/VigiWheels/jetsonNano/ros2_ws/src/install/interfaces/local/lib/python3.10/dist-packages/interfaces/msg/_general_data_s.c
[8.293s] -- Installing: /home/moad/VigiWheels/jetsonNano/ros2_ws/src/install/interfaces/local/lib/python3.10/dist-packages/interfaces/msg/_steering_calibration.py
[8.293s] -- Installing: /home/moad/VigiWheels/jetsonNano/ros2_ws/src/install/interfaces/local/lib/python3.10/dist-packages/interfaces/interfaces_s__rosidl_typesupport_c.cpython-310-x86_64-linux-gnu.so
[8.293s] -- Installing: /home/moad/VigiWheels/jetsonNano/ros2_ws/src/install/interfaces/local/lib/python3.10/dist-packages/interfaces/__init__.py
[8.293s] -- Installing: /home/moad/VigiWheels/jetsonNano/ros2_ws/src/install/interfaces/local/lib/python3.10/dist-packages/interfaces/libinterfaces__rosidl_generator_py.so
[8.329s] Listing '/home/moad/VigiWheels/jetsonNano/ros2_ws/src/install/interfaces/local/lib/python3.10/dist-packages/interfaces'...
[8.329s] Compiling '/home/moad/VigiWheels/jetsonNano/ros2_ws/src/install/interfaces/local/lib/python3.10/dist-packages/interfaces/__init__.py'...
[8.329s] Listing '/home/moad/VigiWheels/jetsonNano/ros2_ws/src/install/interfaces/local/lib/python3.10/dist-packages/interfaces/msg'...
[8.329s] Compiling '/home/moad/VigiWheels/jetsonNano/ros2_ws/src/install/interfaces/local/lib/python3.10/dist-packages/interfaces/msg/__init__.py'...
[8.330s] Compiling '/home/moad/VigiWheels/jetsonNano/ros2_ws/src/install/interfaces/local/lib/python3.10/dist-packages/interfaces/msg/_general_data.py'...
[8.330s] Compiling '/home/moad/VigiWheels/jetsonNano/ros2_ws/src/install/interfaces/local/lib/python3.10/dist-packages/interfaces/msg/_gnss.py'...
[8.330s] Compiling '/home/moad/VigiWheels/jetsonNano/ros2_ws/src/install/interfaces/local/lib/python3.10/dist-packages/interfaces/msg/_joystick_order.py'...
[8.330s] Compiling '/home/moad/VigiWheels/jetsonNano/ros2_ws/src/install/interfaces/local/lib/python3.10/dist-packages/interfaces/msg/_motors_feedback.py'...
[8.330s] Compiling '/home/moad/VigiWheels/jetsonNano/ros2_ws/src/install/interfaces/local/lib/python3.10/dist-packages/interfaces/msg/_motors_order.py'...
[8.330s] Compiling '/home/moad/VigiWheels/jetsonNano/ros2_ws/src/install/interfaces/local/lib/python3.10/dist-packages/interfaces/msg/_steering_calibration.py'...
[8.330s] Compiling '/home/moad/VigiWheels/jetsonNano/ros2_ws/src/install/interfaces/local/lib/python3.10/dist-packages/interfaces/msg/_system_check.py'...
[8.330s] Compiling '/home/moad/VigiWheels/jetsonNano/ros2_ws/src/install/interfaces/local/lib/python3.10/dist-packages/interfaces/msg/_ultrasonic.py'...
[8.333s] -- Installing: /home/moad/VigiWheels/jetsonNano/ros2_ws/src/install/interfaces/local/lib/python3.10/dist-packages/interfaces/interfaces_s__rosidl_typesupport_fastrtps_c.cpython-310-x86_64-linux-gnu.so
[8.333s] -- Set runtime path of "/home/moad/VigiWheels/jetsonNano/ros2_ws/src/install/interfaces/local/lib/python3.10/dist-packages/interfaces/interfaces_s__rosidl_typesupport_fastrtps_c.cpython-310-x86_64-linux-gnu.so" to ""
[8.333s] -- Installing: /home/moad/VigiWheels/jetsonNano/ros2_ws/src/install/interfaces/local/lib/python3.10/dist-packages/interfaces/interfaces_s__rosidl_typesupport_introspection_c.cpython-310-x86_64-linux-gnu.so
[8.333s] -- Set runtime path of "/home/moad/VigiWheels/jetsonNano/ros2_ws/src/install/interfaces/local/lib/python3.10/dist-packages/interfaces/interfaces_s__rosidl_typesupport_introspection_c.cpython-310-x86_64-linux-gnu.so" to ""
[8.334s] -- Installing: /home/moad/VigiWheels/jetsonNano/ros2_ws/src/install/interfaces/local/lib/python3.10/dist-packages/interfaces/interfaces_s__rosidl_typesupport_c.cpython-310-x86_64-linux-gnu.so
[8.334s] -- Set runtime path of "/home/moad/VigiWheels/jetsonNano/ros2_ws/src/install/interfaces/local/lib/python3.10/dist-packages/interfaces/interfaces_s__rosidl_typesupport_c.cpython-310-x86_64-linux-gnu.so" to ""
[8.334s] -- Installing: /home/moad/VigiWheels/jetsonNano/ros2_ws/src/install/interfaces/lib/libinterfaces__rosidl_generator_py.so
[8.335s] -- Set runtime path of "/home/moad/VigiWheels/jetsonNano/ros2_ws/src/install/interfaces/lib/libinterfaces__rosidl_generator_py.so" to ""
[8.335s] -- Installing: /home/moad/VigiWheels/jetsonNano/ros2_ws/src/install/interfaces/share/interfaces/msg/JoystickOrder.idl
[8.335s] -- Installing: /home/moad/VigiWheels/jetsonNano/ros2_ws/src/install/interfaces/share/interfaces/msg/MotorsOrder.idl
[8.335s] -- Installing: /home/moad/VigiWheels/jetsonNano/ros2_ws/src/install/interfaces/share/interfaces/msg/MotorsFeedback.idl
[8.335s] -- Installing: /home/moad/VigiWheels/jetsonNano/ros2_ws/src/install/interfaces/share/interfaces/msg/GeneralData.idl
[8.335s] -- Installing: /home/moad/VigiWheels/jetsonNano/ros2_ws/src/install/interfaces/share/interfaces/msg/SteeringCalibration.idl
[8.335s] -- Installing: /home/moad/VigiWheels/jetsonNano/ros2_ws/src/install/interfaces/share/interfaces/msg/Ultrasonic.idl
[8.335s] -- Installing: /home/moad/VigiWheels/jetsonNano/ros2_ws/src/install/interfaces/share/interfaces/msg/Gnss.idl
[8.335s] -- Installing: /home/moad/VigiWheels/jetsonNano/ros2_ws/src/install/interfaces/share/interfaces/msg/SystemCheck.idl
[8.335s] -- Installing: /home/moad/VigiWheels/jetsonNano/ros2_ws/src/install/interfaces/share/interfaces/msg/JoystickOrder.msg
[8.336s] -- Installing: /home/moad/VigiWheels/jetsonNano/ros2_ws/src/install/interfaces/share/interfaces/msg/MotorsOrder.msg
[8.336s] -- Installing: /home/moad/VigiWheels/jetsonNano/ros2_ws/src/install/interfaces/share/interfaces/msg/MotorsFeedback.msg
[8.336s] -- Installing: /home/moad/VigiWheels/jetsonNano/ros2_ws/src/install/interfaces/share/interfaces/msg/GeneralData.msg
[8.336s] -- Installing: /home/moad/VigiWheels/jetsonNano/ros2_ws/src/install/interfaces/share/interfaces/msg/SteeringCalibration.msg
[8.336s] -- Installing: /home/moad/VigiWheels/jetsonNano/ros2_ws/src/install/interfaces/share/interfaces/msg/Ultrasonic.msg
[8.336s] -- Installing: /home/moad/VigiWheels/jetsonNano/ros2_ws/src/install/interfaces/share/interfaces/msg/Gnss.msg
[8.336s] -- Installing: /home/moad/VigiWheels/jetsonNano/ros2_ws/src/install/interfaces/share/interfaces/msg/SystemCheck.msg
[8.336s] -- Installing: /home/moad/VigiWheels/jetsonNano/ros2_ws/src/install/interfaces/share/ament_index/resource_index/package_run_dependencies/interfaces
[8.336s] -- Installing: /home/moad/VigiWheels/jetsonNano/ros2_ws/src/install/interfaces/share/ament_index/resource_index/parent_prefix_path/interfaces
[8.336s] -- Installing: /home/moad/VigiWheels/jetsonNano/ros2_ws/src/install/interfaces/share/interfaces/environment/ament_prefix_path.sh
[8.336s] -- Installing: /home/moad/VigiWheels/jetsonNano/ros2_ws/src/install/interfaces/share/interfaces/environment/ament_prefix_path.dsv
[8.336s] -- Installing: /home/moad/VigiWheels/jetsonNano/ros2_ws/src/install/interfaces/share/interfaces/environment/path.sh
[8.336s] -- Installing: /home/moad/VigiWheels/jetsonNano/ros2_ws/src/install/interfaces/share/interfaces/environment/path.dsv
[8.337s] -- Installing: /home/moad/VigiWheels/jetsonNano/ros2_ws/src/install/interfaces/share/interfaces/local_setup.bash
[8.337s] -- Installing: /home/moad/VigiWheels/jetsonNano/ros2_ws/src/install/interfaces/share/interfaces/local_setup.sh
[8.337s] -- Installing: /home/moad/VigiWheels/jetsonNano/ros2_ws/src/install/interfaces/share/interfaces/local_setup.zsh
[8.337s] -- Installing: /home/moad/VigiWheels/jetsonNano/ros2_ws/src/install/interfaces/share/interfaces/local_setup.dsv
[8.337s] -- Installing: /home/moad/VigiWheels/jetsonNano/ros2_ws/src/install/interfaces/share/interfaces/package.dsv
[8.337s] -- Installing: /home/moad/VigiWheels/jetsonNano/ros2_ws/src/install/interfaces/share/ament_index/resource_index/packages/interfaces
[8.337s] -- Installing: /home/moad/VigiWheels/jetsonNano/ros2_ws/src/install/interfaces/share/interfaces/cmake/export_interfaces__rosidl_generator_cExport.cmake
[8.337s] -- Installing: /home/moad/VigiWheels/jetsonNano/ros2_ws/src/install/interfaces/share/interfaces/cmake/export_interfaces__rosidl_generator_cExport-noconfig.cmake
[8.337s] -- Installing: /home/moad/VigiWheels/jetsonNano/ros2_ws/src/install/interfaces/share/interfaces/cmake/export_interfaces__rosidl_typesupport_fastrtps_cExport.cmake
[8.337s] -- Installing: /home/moad/VigiWheels/jetsonNano/ros2_ws/src/install/interfaces/share/interfaces/cmake/export_interfaces__rosidl_typesupport_fastrtps_cExport-noconfig.cmake
[8.337s] -- Installing: /home/moad/VigiWheels/jetsonNano/ros2_ws/src/install/interfaces/share/interfaces/cmake/export_interfaces__rosidl_generator_cppExport.cmake
[8.338s] -- Installing: /home/moad/VigiWheels/jetsonNano/ros2_ws/src/install/interfaces/share/interfaces/cmake/export_interfaces__rosidl_typesupport_fastrtps_cppExport.cmake
[8.338s] -- Installing: /home/moad/VigiWheels/jetsonNano/ros2_ws/src/install/interfaces/share/interfaces/cmake/export_interfaces__rosidl_typesupport_fastrtps_cppExport-noconfig.cmake
[8.338s] -- Installing: /home/moad/VigiWheels/jetsonNano/ros2_ws/src/install/interfaces/share/interfaces/cmake/interfaces__rosidl_typesupport_introspection_cExport.cmake
[8.338s] -- Installing: /home/moad/VigiWheels/jetsonNano/ros2_ws/src/install/interfaces/share/interfaces/cmake/interfaces__rosidl_typesupport_introspection_cExport-noconfig.cmake
[8.338s] -- Installing: /home/moad/VigiWheels/jetsonNano/ros2_ws/src/install/interfaces/share/interfaces/cmake/interfaces__rosidl_typesupport_cExport.cmake
[8.338s] -- Installing: /home/moad/VigiWheels/jetsonNano/ros2_ws/src/install/interfaces/share/interfaces/cmake/interfaces__rosidl_typesupport_cExport-noconfig.cmake
[8.338s] -- Installing: /home/moad/VigiWheels/jetsonNano/ros2_ws/src/install/interfaces/share/interfaces/cmake/interfaces__rosidl_typesupport_introspection_cppExport.cmake
[8.338s] -- Installing: /home/moad/VigiWheels/jetsonNano/ros2_ws/src/install/interfaces/share/interfaces/cmake/interfaces__rosidl_typesupport_introspection_cppExport-noconfig.cmake
[8.338s] -- Installing: /home/moad/VigiWheels/jetsonNano/ros2_ws/src/install/interfaces/share/interfaces/cmake/interfaces__rosidl_typesupport_cppExport.cmake
[8.338s] -- Installing: /home/moad/VigiWheels/jetsonNano/ros2_ws/src/install/interfaces/share/interfaces/cmake/interfaces__rosidl_typesupport_cppExport-noconfig.cmake
[8.338s] -- Installing: /home/moad/VigiWheels/jetsonNano/ros2_ws/src/install/interfaces/share/interfaces/cmake/export_interfaces__rosidl_generator_pyExport.cmake
[8.338s] -- Installing: /home/moad/VigiWheels/jetsonNano/ros2_ws/src/install/interfaces/share/interfaces/cmake/export_interfaces__rosidl_generator_pyExport-noconfig.cmake
[8.338s] -- Installing: /home/moad/VigiWheels/jetsonNano/ros2_ws/src/install/interfaces/share/interfaces/cmake/rosidl_cmake-extras.cmake
[8.339s] -- Installing: /home/moad/VigiWheels/jetsonNano/ros2_ws/src/install/interfaces/share/interfaces/cmake/ament_cmake_export_include_directories-extras.cmake
[8.339s] -- Installing: /home/moad/VigiWheels/jetsonNano/ros2_ws/src/install/interfaces/share/interfaces/cmake/ament_cmake_export_libraries-extras.cmake
[8.339s] -- Installing: /home/moad/VigiWheels/jetsonNano/ros2_ws/src/install/interfaces/share/interfaces/cmake/ament_cmake_export_targets-extras.cmake
[8.339s] -- Installing: /home/moad/VigiWheels/jetsonNano/ros2_ws/src/install/interfaces/share/interfaces/cmake/rosidl_cmake_export_typesupport_targets-extras.cmake
[8.339s] -- Installing: /home/moad/VigiWheels/jetsonNano/ros2_ws/src/install/interfaces/share/interfaces/cmake/ament_cmake_export_dependencies-extras.cmake
[8.339s] -- Installing: /home/moad/VigiWheels/jetsonNano/ros2_ws/src/install/interfaces/share/interfaces/cmake/rosidl_cmake_export_typesupport_libraries-extras.cmake
[8.339s] -- Installing: /home/moad/VigiWheels/jetsonNano/ros2_ws/src/install/interfaces/share/interfaces/cmake/interfacesConfig.cmake
[8.339s] -- Installing: /home/moad/VigiWheels/jetsonNano/ros2_ws/src/install/interfaces/share/interfaces/cmake/interfacesConfig-version.cmake
[8.339s] -- Installing: /home/moad/VigiWheels/jetsonNano/ros2_ws/src/install/interfaces/share/interfaces/package.xml
[8.340s] Invoked command in '/home/moad/VigiWheels/jetsonNano/ros2_ws/src/build/interfaces' returned '0': CMAKE_PREFIX_PATH=/home/moad/ros2_ws/install/my_robot_controller:/home/moad/ros2_ws/install/manometer_detection:/opt/ros/humble /usr/bin/cmake --install /home/moad/VigiWheels/jetsonNano/ros2_ws/src/build/interfaces
