[0.146s] Invoking command in '/home/insa/Desktop/VigiWheels2.0/raspberryPI3/ros2_ws/build/carla_msgs': CMAKE_PREFIX_PATH=${CMAKE_PREFIX_PATH}:/opt/ros/humble /usr/bin/cmake --build /home/insa/Desktop/VigiWheels2.0/raspberryPI3/ros2_ws/build/carla_msgs -- -j8 -l8
[0.197s] [  6%] Built target carla_msgs__cpp
[0.197s] [ 12%] Built target carla_msgs__rosidl_generator_c
[0.203s] [ 12%] Built target ament_cmake_python_copy_carla_msgs
[0.228s] [ 32%] Built target carla_msgs__rosidl_typesupport_introspection_cpp
[0.228s] [ 32%] Built target carla_msgs__rosidl_typesupport_cpp
[0.232s] [ 41%] Built target carla_msgs__rosidl_typesupport_fastrtps_cpp
[0.237s] [ 51%] Built target carla_msgs__rosidl_typesupport_introspection_c
[0.240s] [ 61%] Built target carla_msgs__rosidl_typesupport_fastrtps_c
[0.249s] [ 70%] Built target carla_msgs__rosidl_typesupport_c
[0.272s] [ 70%] Built target carla_msgs
[0.293s] [ 74%] Built target carla_msgs__py
[0.317s] [ 80%] Built target carla_msgs__rosidl_generator_py
[0.341s] [ 87%] Built target carla_msgs__rosidl_typesupport_introspection_c__pyext
[0.342s] [ 93%] Built target carla_msgs__rosidl_typesupport_fastrtps_c__pyext
[0.343s] [100%] Built target carla_msgs__rosidl_typesupport_c__pyext
[0.484s] running egg_info
[0.484s] writing carla_msgs.egg-info/PKG-INFO
[0.484s] writing dependency_links to carla_msgs.egg-info/dependency_links.txt
[0.484s] writing top-level names to carla_msgs.egg-info/top_level.txt
[0.485s] reading manifest file 'carla_msgs.egg-info/SOURCES.txt'
[0.486s] writing manifest file 'carla_msgs.egg-info/SOURCES.txt'
[0.504s] [100%] Built target ament_cmake_python_build_carla_msgs_egg
