[0.142s] Invoking command in '/home/insa/Desktop/VigiWheels2.0/raspberryPI3/build/servo_cam': AMENT_PREFIX_PATH=/home/insa/Desktop/VigiWheels2.0/raspberryPI3/install/interfaces:${AMENT_PREFIX_PATH} CMAKE_PREFIX_PATH=/home/insa/Desktop/VigiWheels2.0/raspberryPI3/install/interfaces:/home/insa/Desktop/VigiWheels2.0/raspberryPI3/ros2_ws/install/geicar_start:/home/insa/Desktop/VigiWheels2.0/raspberryPI3/ros2_ws/install/uart:/home/insa/Desktop/VigiWheels2.0/raspberryPI3/ros2_ws/install/system_check:/home/insa/Desktop/VigiWheels2.0/raspberryPI3/ros2_ws/install/simulation:/home/insa/Desktop/VigiWheels2.0/raspberryPI3/ros2_ws/install/servo_cam:/home/insa/Desktop/VigiWheels2.0/raspberryPI3/ros2_ws/install/imu_tools:/home/insa/Desktop/VigiWheels2.0/raspberryPI3/ros2_ws/install/rviz_imu_plugin:/home/insa/Desktop/VigiWheels2.0/raspberryPI3/ros2_ws/install/pressure_level:/home/insa/Desktop/VigiWheels2.0/raspberryPI3/ros2_ws/install/obstacles:/home/insa/Desktop/VigiWheels2.0/raspberryPI3/ros2_ws/install/joystick:/home/insa/Desktop/VigiWheels2.0/raspberryPI3/ros2_ws/install/fire_detection:/home/insa/Desktop/VigiWheels2.0/raspberryPI3/ros2_ws/install/car_control:/home/insa/Desktop/VigiWheels2.0/raspberryPI3/ros2_ws/install/can:/home/insa/Desktop/VigiWheels2.0/raspberryPI3/ros2_ws/install/interfaces:/home/insa/Desktop/VigiWheels2.0/raspberryPI3/ros2_ws/install/imu_filter_madgwick:/home/insa/Desktop/VigiWheels2.0/raspberryPI3/ros2_ws/install/imu_complementary_filter:/home/insa/Desktop/VigiWheels2.0/raspberryPI3/ros2_ws/install/carla_msgs:/home/insa/Desktop/VigiWheels/raspberryPI3/ros2_ws/install/geicar_start:/home/insa/Desktop/VigiWheels/raspberryPI3/ros2_ws/install/system_check:/home/insa/Desktop/VigiWheels/raspberryPI3/ros2_ws/install/simulation:/home/insa/Desktop/VigiWheels/raspberryPI3/ros2_ws/install/serial_port:/home/insa/Desktop/VigiWheels/raspberryPI3/ros2_ws/install/imu_tools:/home/insa/Desktop/VigiWheels/raspberryPI3/ros2_ws/install/rviz_imu_plugin:/home/insa/Desktop/VigiWheels/raspberryPI3/ros2_ws/install/joystick:/home/insa/Desktop/VigiWheels/raspberryPI3/ros2_ws/install/fire_detection:/home/insa/Desktop/VigiWheels/raspberryPI3/ros2_ws/install/car_control:/home/insa/Desktop/VigiWheels/raspberryPI3/ros2_ws/install/can:/home/insa/Desktop/VigiWheels/raspberryPI3/ros2_ws/install/interfaces:/home/insa/Desktop/VigiWheels/raspberryPI3/ros2_ws/install/imu_filter_madgwick:/home/insa/Desktop/VigiWheels/raspberryPI3/ros2_ws/install/imu_complementary_filter:/home/insa/Desktop/VigiWheels/raspberryPI3/ros2_ws/install/carla_msgs:/opt/ros/humble LD_LIBRARY_PATH=/home/insa/Desktop/VigiWheels2.0/raspberryPI3/install/interfaces/lib:${LD_LIBRARY_PATH} PYTHONPATH=/home/insa/Desktop/VigiWheels2.0/raspberryPI3/install/interfaces/local/lib/python3.10/dist-packages:${PYTHONPATH} /usr/bin/cmake /home/insa/Desktop/VigiWheels2.0/raspberryPI3/ros2_ws/src/servo_cam -DCMAKE_INSTALL_PREFIX=/home/insa/Desktop/VigiWheels2.0/raspberryPI3/install/servo_cam
[3.464s] -- The C compiler identification is GNU 11.4.0
[3.464s] -- The CXX compiler identification is GNU 11.4.0
[3.464s] -- Detecting C compiler ABI info
[3.464s] -- Detecting C compiler ABI info - done
[3.464s] -- Check for working C compiler: /usr/bin/cc - skipped
[3.464s] -- Detecting C compile features
[3.464s] -- Detecting C compile features - done
[3.467s] -- Detecting CXX compiler ABI info
[3.467s] -- Detecting CXX compiler ABI info - done
[3.467s] -- Check for working CXX compiler: /usr/bin/c++ - skipped
[3.467s] -- Detecting CXX compile features
[3.467s] -- Detecting CXX compile features - done
[3.467s] -- Found ament_cmake: 1.3.5 (/opt/ros/humble/share/ament_cmake/cmake)
[3.467s] -- Found Python3: /usr/bin/python3.10 (found version "3.10.12") found components: Interpreter 
[3.467s] -- Found rclcpp: 16.0.6 (/opt/ros/humble/share/rclcpp/cmake)
[3.468s] -- Found rosidl_generator_c: 3.1.5 (/opt/ros/humble/share/rosidl_generator_c/cmake)
[3.468s] -- Found rosidl_adapter: 3.1.5 (/opt/ros/humble/share/rosidl_adapter/cmake)
[3.468s] -- Found rosidl_generator_cpp: 3.1.5 (/opt/ros/humble/share/rosidl_generator_cpp/cmake)
[3.468s] -- Using all available rosidl_typesupport_c: rosidl_typesupport_fastrtps_c;rosidl_typesupport_introspection_c
[3.468s] -- Using all available rosidl_typesupport_cpp: rosidl_typesupport_fastrtps_cpp;rosidl_typesupport_introspection_cpp
[3.468s] -- Found rmw_implementation_cmake: 6.1.1 (/opt/ros/humble/share/rmw_implementation_cmake/cmake)
[3.468s] -- Found rmw_fastrtps_cpp: 6.2.4 (/opt/ros/humble/share/rmw_fastrtps_cpp/cmake)
[3.468s] -- Found OpenSSL: /usr/lib/x86_64-linux-gnu/libcrypto.so (found version "3.0.2")  
[3.468s] -- Found FastRTPS: /opt/ros/humble/include  
[3.468s] -- Using RMW implementation 'rmw_fastrtps_cpp' as default
[3.468s] -- Looking for pthread.h
[3.468s] -- Looking for pthread.h - found
[3.468s] -- Performing Test CMAKE_HAVE_LIBC_PTHREAD
[3.469s] -- Performing Test CMAKE_HAVE_LIBC_PTHREAD - Success
[3.469s] -- Found Threads: TRUE  
[3.469s] -- Found interfaces: 0.0.0 (/home/insa/Desktop/VigiWheels2.0/raspberryPI3/install/interfaces/share/interfaces/cmake)
[3.469s] -- Found sensor_msgs: 4.2.3 (/opt/ros/humble/share/sensor_msgs/cmake)
[3.469s] -- Found std_srvs: 4.2.3 (/opt/ros/humble/share/std_srvs/cmake)
[3.469s] -- Found ament_lint_auto: 0.12.8 (/opt/ros/humble/share/ament_lint_auto/cmake)
[3.471s] -- Added test 'cppcheck' to perform static code analysis on C / C++ code
[3.471s] -- Configured cppcheck include dirs: $<BUILD_INTERFACE:/home/insa/Desktop/VigiWheels2.0/raspberryPI3/ros2_ws/src/servo_cam/include>
[3.471s] -- Configured cppcheck exclude dirs and/or files: 
[3.472s] -- Added test 'lint_cmake' to check CMake code style
[3.474s] -- Added test 'uncrustify' to check C / C++ code style
[3.474s] -- Configured uncrustify additional arguments: 
[3.476s] -- Added test 'xmllint' to check XML markup files
[3.480s] -- Configuring done
[3.498s] -- Generating done
[3.501s] -- Build files have been written to: /home/insa/Desktop/VigiWheels2.0/raspberryPI3/build/servo_cam
[3.522s] Invoked command in '/home/insa/Desktop/VigiWheels2.0/raspberryPI3/build/servo_cam' returned '0': AMENT_PREFIX_PATH=/home/insa/Desktop/VigiWheels2.0/raspberryPI3/install/interfaces:${AMENT_PREFIX_PATH} CMAKE_PREFIX_PATH=/home/insa/Desktop/VigiWheels2.0/raspberryPI3/install/interfaces:/home/insa/Desktop/VigiWheels2.0/raspberryPI3/ros2_ws/install/geicar_start:/home/insa/Desktop/VigiWheels2.0/raspberryPI3/ros2_ws/install/uart:/home/insa/Desktop/VigiWheels2.0/raspberryPI3/ros2_ws/install/system_check:/home/insa/Desktop/VigiWheels2.0/raspberryPI3/ros2_ws/install/simulation:/home/insa/Desktop/VigiWheels2.0/raspberryPI3/ros2_ws/install/servo_cam:/home/insa/Desktop/VigiWheels2.0/raspberryPI3/ros2_ws/install/imu_tools:/home/insa/Desktop/VigiWheels2.0/raspberryPI3/ros2_ws/install/rviz_imu_plugin:/home/insa/Desktop/VigiWheels2.0/raspberryPI3/ros2_ws/install/pressure_level:/home/insa/Desktop/VigiWheels2.0/raspberryPI3/ros2_ws/install/obstacles:/home/insa/Desktop/VigiWheels2.0/raspberryPI3/ros2_ws/install/joystick:/home/insa/Desktop/VigiWheels2.0/raspberryPI3/ros2_ws/install/fire_detection:/home/insa/Desktop/VigiWheels2.0/raspberryPI3/ros2_ws/install/car_control:/home/insa/Desktop/VigiWheels2.0/raspberryPI3/ros2_ws/install/can:/home/insa/Desktop/VigiWheels2.0/raspberryPI3/ros2_ws/install/interfaces:/home/insa/Desktop/VigiWheels2.0/raspberryPI3/ros2_ws/install/imu_filter_madgwick:/home/insa/Desktop/VigiWheels2.0/raspberryPI3/ros2_ws/install/imu_complementary_filter:/home/insa/Desktop/VigiWheels2.0/raspberryPI3/ros2_ws/install/carla_msgs:/home/insa/Desktop/VigiWheels/raspberryPI3/ros2_ws/install/geicar_start:/home/insa/Desktop/VigiWheels/raspberryPI3/ros2_ws/install/system_check:/home/insa/Desktop/VigiWheels/raspberryPI3/ros2_ws/install/simulation:/home/insa/Desktop/VigiWheels/raspberryPI3/ros2_ws/install/serial_port:/home/insa/Desktop/VigiWheels/raspberryPI3/ros2_ws/install/imu_tools:/home/insa/Desktop/VigiWheels/raspberryPI3/ros2_ws/install/rviz_imu_plugin:/home/insa/Desktop/VigiWheels/raspberryPI3/ros2_ws/install/joystick:/home/insa/Desktop/VigiWheels/raspberryPI3/ros2_ws/install/fire_detection:/home/insa/Desktop/VigiWheels/raspberryPI3/ros2_ws/install/car_control:/home/insa/Desktop/VigiWheels/raspberryPI3/ros2_ws/install/can:/home/insa/Desktop/VigiWheels/raspberryPI3/ros2_ws/install/interfaces:/home/insa/Desktop/VigiWheels/raspberryPI3/ros2_ws/install/imu_filter_madgwick:/home/insa/Desktop/VigiWheels/raspberryPI3/ros2_ws/install/imu_complementary_filter:/home/insa/Desktop/VigiWheels/raspberryPI3/ros2_ws/install/carla_msgs:/opt/ros/humble LD_LIBRARY_PATH=/home/insa/Desktop/VigiWheels2.0/raspberryPI3/install/interfaces/lib:${LD_LIBRARY_PATH} PYTHONPATH=/home/insa/Desktop/VigiWheels2.0/raspberryPI3/install/interfaces/local/lib/python3.10/dist-packages:${PYTHONPATH} /usr/bin/cmake /home/insa/Desktop/VigiWheels2.0/raspberryPI3/ros2_ws/src/servo_cam -DCMAKE_INSTALL_PREFIX=/home/insa/Desktop/VigiWheels2.0/raspberryPI3/install/servo_cam
[3.523s] Invoking command in '/home/insa/Desktop/VigiWheels2.0/raspberryPI3/build/servo_cam': AMENT_PREFIX_PATH=/home/insa/Desktop/VigiWheels2.0/raspberryPI3/install/interfaces:${AMENT_PREFIX_PATH} CMAKE_PREFIX_PATH=/home/insa/Desktop/VigiWheels2.0/raspberryPI3/install/interfaces:/home/insa/Desktop/VigiWheels2.0/raspberryPI3/ros2_ws/install/geicar_start:/home/insa/Desktop/VigiWheels2.0/raspberryPI3/ros2_ws/install/uart:/home/insa/Desktop/VigiWheels2.0/raspberryPI3/ros2_ws/install/system_check:/home/insa/Desktop/VigiWheels2.0/raspberryPI3/ros2_ws/install/simulation:/home/insa/Desktop/VigiWheels2.0/raspberryPI3/ros2_ws/install/servo_cam:/home/insa/Desktop/VigiWheels2.0/raspberryPI3/ros2_ws/install/imu_tools:/home/insa/Desktop/VigiWheels2.0/raspberryPI3/ros2_ws/install/rviz_imu_plugin:/home/insa/Desktop/VigiWheels2.0/raspberryPI3/ros2_ws/install/pressure_level:/home/insa/Desktop/VigiWheels2.0/raspberryPI3/ros2_ws/install/obstacles:/home/insa/Desktop/VigiWheels2.0/raspberryPI3/ros2_ws/install/joystick:/home/insa/Desktop/VigiWheels2.0/raspberryPI3/ros2_ws/install/fire_detection:/home/insa/Desktop/VigiWheels2.0/raspberryPI3/ros2_ws/install/car_control:/home/insa/Desktop/VigiWheels2.0/raspberryPI3/ros2_ws/install/can:/home/insa/Desktop/VigiWheels2.0/raspberryPI3/ros2_ws/install/interfaces:/home/insa/Desktop/VigiWheels2.0/raspberryPI3/ros2_ws/install/imu_filter_madgwick:/home/insa/Desktop/VigiWheels2.0/raspberryPI3/ros2_ws/install/imu_complementary_filter:/home/insa/Desktop/VigiWheels2.0/raspberryPI3/ros2_ws/install/carla_msgs:/home/insa/Desktop/VigiWheels/raspberryPI3/ros2_ws/install/geicar_start:/home/insa/Desktop/VigiWheels/raspberryPI3/ros2_ws/install/system_check:/home/insa/Desktop/VigiWheels/raspberryPI3/ros2_ws/install/simulation:/home/insa/Desktop/VigiWheels/raspberryPI3/ros2_ws/install/serial_port:/home/insa/Desktop/VigiWheels/raspberryPI3/ros2_ws/install/imu_tools:/home/insa/Desktop/VigiWheels/raspberryPI3/ros2_ws/install/rviz_imu_plugin:/home/insa/Desktop/VigiWheels/raspberryPI3/ros2_ws/install/joystick:/home/insa/Desktop/VigiWheels/raspberryPI3/ros2_ws/install/fire_detection:/home/insa/Desktop/VigiWheels/raspberryPI3/ros2_ws/install/car_control:/home/insa/Desktop/VigiWheels/raspberryPI3/ros2_ws/install/can:/home/insa/Desktop/VigiWheels/raspberryPI3/ros2_ws/install/interfaces:/home/insa/Desktop/VigiWheels/raspberryPI3/ros2_ws/install/imu_filter_madgwick:/home/insa/Desktop/VigiWheels/raspberryPI3/ros2_ws/install/imu_complementary_filter:/home/insa/Desktop/VigiWheels/raspberryPI3/ros2_ws/install/carla_msgs:/opt/ros/humble LD_LIBRARY_PATH=/home/insa/Desktop/VigiWheels2.0/raspberryPI3/install/interfaces/lib:${LD_LIBRARY_PATH} PYTHONPATH=/home/insa/Desktop/VigiWheels2.0/raspberryPI3/install/interfaces/local/lib/python3.10/dist-packages:${PYTHONPATH} /usr/bin/cmake --build /home/insa/Desktop/VigiWheels2.0/raspberryPI3/build/servo_cam -- -j8 -l8
[12.037s] [ 50%] [32mBuilding CXX object CMakeFiles/servo_cam.dir/src/servo_cam_node.cpp.o[0m
[19.084s] [100%] [32m[1mLinking CXX executable servo_cam[0m
[19.751s] [100%] Built target servo_cam
