[0.384s] Invoking command in '/home/insa/Desktop/VigiWheels/raspberryPI3/ros2_ws/build/joystick': CMAKE_PREFIX_PATH=/home/insa/Desktop/VigiWheels/raspberryPI3/ros2_ws/install/interfaces:/home/insa/Desktop/VigiWheels/raspberryPI3/ros2_ws/install/fire_detection:/home/insa/ros2_ws/install/my_fire_pkg:/home/insa/ros2_ws/install/demo_sensor_pkg:/home/insa/ros2_ws/install/my_robot_interfaces:/home/insa/ros2_ws/install/my_cpp_pkg:/home/insa/ros2_ws/install/johann_cpp_pkg:/opt/ros/humble /usr/bin/cmake /home/insa/Desktop/VigiWheels/raspberryPI3/ros2_ws/src/joystick -DCMAKE_INSTALL_PREFIX=/home/insa/Desktop/VigiWheels/raspberryPI3/ros2_ws/install/joystick
[23.992s] -- The C compiler identification is GNU 11.4.0
[23.993s] -- The CXX compiler identification is GNU 11.4.0
[23.993s] -- Detecting C compiler ABI info
[23.994s] -- Detecting C compiler ABI info - done
[23.994s] -- Check for working C compiler: /usr/bin/cc - skipped
[23.994s] -- Detecting C compile features
[23.994s] -- Detecting C compile features - done
[23.994s] -- Detecting CXX compiler ABI info
[23.994s] -- Detecting CXX compiler ABI info - done
[23.994s] -- Check for working CXX compiler: /usr/bin/c++ - skipped
[23.994s] -- Detecting CXX compile features
[23.994s] -- Detecting CXX compile features - done
[23.994s] -- Found ament_cmake: 1.3.5 (/opt/ros/humble/share/ament_cmake/cmake)
[23.994s] -- Found Python3: /usr/bin/python3.10 (found version "3.10.12") found components: Interpreter 
[23.994s] -- Found rclcpp: 16.0.6 (/opt/ros/humble/share/rclcpp/cmake)
[23.994s] -- Found rosidl_generator_c: 3.1.5 (/opt/ros/humble/share/rosidl_generator_c/cmake)
[23.994s] -- Found rosidl_adapter: 3.1.5 (/opt/ros/humble/share/rosidl_adapter/cmake)
[23.995s] -- Found rosidl_generator_cpp: 3.1.5 (/opt/ros/humble/share/rosidl_generator_cpp/cmake)
[23.995s] -- Using all available rosidl_typesupport_c: rosidl_typesupport_fastrtps_c;rosidl_typesupport_introspection_c
[23.995s] -- Using all available rosidl_typesupport_cpp: rosidl_typesupport_fastrtps_cpp;rosidl_typesupport_introspection_cpp
[23.995s] -- Found rmw_implementation_cmake: 6.1.1 (/opt/ros/humble/share/rmw_implementation_cmake/cmake)
[23.995s] -- Found rmw_fastrtps_cpp: 6.2.4 (/opt/ros/humble/share/rmw_fastrtps_cpp/cmake)
[23.995s] -- Found OpenSSL: /usr/lib/x86_64-linux-gnu/libcrypto.so (found version "3.0.2")  
[23.995s] -- Found FastRTPS: /opt/ros/humble/include  
[23.995s] -- Using RMW implementation 'rmw_fastrtps_cpp' as default
[23.995s] -- Looking for pthread.h
[23.995s] -- Looking for pthread.h - found
[23.995s] -- Performing Test CMAKE_HAVE_LIBC_PTHREAD
[23.995s] -- Performing Test CMAKE_HAVE_LIBC_PTHREAD - Success
[23.995s] -- Found Threads: TRUE  
[23.995s] -- Found rclpy: 3.3.10 (/opt/ros/humble/share/rclpy/cmake)
[23.995s] -- Found interfaces: 0.0.0 (/home/insa/Desktop/VigiWheels/raspberryPI3/ros2_ws/install/interfaces/share/interfaces/cmake)
[23.996s] -- Found sensor_msgs: 4.2.3 (/opt/ros/humble/share/sensor_msgs/cmake)
[23.996s] -- Found ament_lint_auto: 0.12.8 (/opt/ros/humble/share/ament_lint_auto/cmake)
[23.996s] -- Added test 'copyright' to check source files copyright and LICENSE
[23.996s] -- Added test 'cppcheck' to perform static code analysis on C / C++ code
[23.996s] -- Configured cppcheck include dirs: /home/insa/Desktop/VigiWheels/raspberryPI3/ros2_ws/src/joystick/include
[23.996s] -- Configured cppcheck exclude dirs and/or files: 
[23.996s] -- Added test 'cpplint' to check C / C++ code against the Google style
[23.996s] -- Configured cpplint exclude dirs and/or files: 
[23.996s] -- Added test 'flake8' to check Python code syntax and style conventions
[23.996s] -- Added test 'lint_cmake' to check CMake code style
[23.996s] -- Added test 'pep257' to check Python code against some of the docstring style conventions in PEP 257
[23.996s] -- Added test 'uncrustify' to check C / C++ code style
[23.996s] -- Configured uncrustify additional arguments: 
[23.996s] -- Added test 'xmllint' to check XML markup files
[23.996s] -- Configuring done
[23.996s] -- Generating done
[23.997s] -- Build files have been written to: /home/insa/Desktop/VigiWheels/raspberryPI3/ros2_ws/build/joystick
[24.003s] Invoked command in '/home/insa/Desktop/VigiWheels/raspberryPI3/ros2_ws/build/joystick' returned '0': CMAKE_PREFIX_PATH=/home/insa/Desktop/VigiWheels/raspberryPI3/ros2_ws/install/interfaces:/home/insa/Desktop/VigiWheels/raspberryPI3/ros2_ws/install/fire_detection:/home/insa/ros2_ws/install/my_fire_pkg:/home/insa/ros2_ws/install/demo_sensor_pkg:/home/insa/ros2_ws/install/my_robot_interfaces:/home/insa/ros2_ws/install/my_cpp_pkg:/home/insa/ros2_ws/install/johann_cpp_pkg:/opt/ros/humble /usr/bin/cmake /home/insa/Desktop/VigiWheels/raspberryPI3/ros2_ws/src/joystick -DCMAKE_INSTALL_PREFIX=/home/insa/Desktop/VigiWheels/raspberryPI3/ros2_ws/install/joystick
[24.004s] Invoking command in '/home/insa/Desktop/VigiWheels/raspberryPI3/ros2_ws/build/joystick': CMAKE_PREFIX_PATH=/home/insa/Desktop/VigiWheels/raspberryPI3/ros2_ws/install/interfaces:/home/insa/Desktop/VigiWheels/raspberryPI3/ros2_ws/install/fire_detection:/home/insa/ros2_ws/install/my_fire_pkg:/home/insa/ros2_ws/install/demo_sensor_pkg:/home/insa/ros2_ws/install/my_robot_interfaces:/home/insa/ros2_ws/install/my_cpp_pkg:/home/insa/ros2_ws/install/johann_cpp_pkg:/opt/ros/humble /usr/bin/cmake --build /home/insa/Desktop/VigiWheels/raspberryPI3/ros2_ws/build/joystick -- -j8 -l8
[24.116s] [ 50%] [32mBuilding CXX object CMakeFiles/joystick_to_cmd.dir/src/joystick_to_cmd_node.cpp.o[0m
[24.130s] [ 50%] Built target ament_cmake_python_copy_joystick
[24.743s] running egg_info
[24.744s] creating joystick.egg-info
[24.744s] writing joystick.egg-info/PKG-INFO
[24.745s] writing dependency_links to joystick.egg-info/dependency_links.txt
[24.745s] writing top-level names to joystick.egg-info/top_level.txt
[24.745s] writing manifest file 'joystick.egg-info/SOURCES.txt'
[24.752s] reading manifest file 'joystick.egg-info/SOURCES.txt'
[24.753s] writing manifest file 'joystick.egg-info/SOURCES.txt'
[24.820s] [ 50%] Built target ament_cmake_python_build_joystick_egg
[34.370s] [100%] [32m[1mLinking CXX executable joystick_to_cmd[0m
[34.737s] [100%] Built target joystick_to_cmd
[34.745s] Invoked command in '/home/insa/Desktop/VigiWheels/raspberryPI3/ros2_ws/build/joystick' returned '0': CMAKE_PREFIX_PATH=/home/insa/Desktop/VigiWheels/raspberryPI3/ros2_ws/install/interfaces:/home/insa/Desktop/VigiWheels/raspberryPI3/ros2_ws/install/fire_detection:/home/insa/ros2_ws/install/my_fire_pkg:/home/insa/ros2_ws/install/demo_sensor_pkg:/home/insa/ros2_ws/install/my_robot_interfaces:/home/insa/ros2_ws/install/my_cpp_pkg:/home/insa/ros2_ws/install/johann_cpp_pkg:/opt/ros/humble /usr/bin/cmake --build /home/insa/Desktop/VigiWheels/raspberryPI3/ros2_ws/build/joystick -- -j8 -l8
[34.765s] Invoking command in '/home/insa/Desktop/VigiWheels/raspberryPI3/ros2_ws/build/joystick': CMAKE_PREFIX_PATH=/home/insa/Desktop/VigiWheels/raspberryPI3/ros2_ws/install/interfaces:/home/insa/Desktop/VigiWheels/raspberryPI3/ros2_ws/install/fire_detection:/home/insa/ros2_ws/install/my_fire_pkg:/home/insa/ros2_ws/install/demo_sensor_pkg:/home/insa/ros2_ws/install/my_robot_interfaces:/home/insa/ros2_ws/install/my_cpp_pkg:/home/insa/ros2_ws/install/johann_cpp_pkg:/opt/ros/humble /usr/bin/cmake --install /home/insa/Desktop/VigiWheels/raspberryPI3/ros2_ws/build/joystick
[34.772s] -- Install configuration: ""
[34.772s] -- Installing: /home/insa/Desktop/VigiWheels/raspberryPI3/ros2_ws/install/joystick/lib/joystick/joystick_to_cmd
[34.775s] -- Set runtime path of "/home/insa/Desktop/VigiWheels/raspberryPI3/ros2_ws/install/joystick/lib/joystick/joystick_to_cmd" to ""
[34.775s] -- Installing: /home/insa/Desktop/VigiWheels/raspberryPI3/ros2_ws/install/joystick/share/joystick/environment/pythonpath.sh
[34.775s] -- Installing: /home/insa/Desktop/VigiWheels/raspberryPI3/ros2_ws/install/joystick/share/joystick/environment/pythonpath.dsv
[34.775s] -- Installing: /home/insa/Desktop/VigiWheels/raspberryPI3/ros2_ws/install/joystick/local/lib/python3.10/dist-packages/joystick-0.0.0-py3.10.egg-info
[34.775s] -- Installing: /home/insa/Desktop/VigiWheels/raspberryPI3/ros2_ws/install/joystick/local/lib/python3.10/dist-packages/joystick-0.0.0-py3.10.egg-info/dependency_links.txt
[34.775s] -- Installing: /home/insa/Desktop/VigiWheels/raspberryPI3/ros2_ws/install/joystick/local/lib/python3.10/dist-packages/joystick-0.0.0-py3.10.egg-info/PKG-INFO
[34.775s] -- Installing: /home/insa/Desktop/VigiWheels/raspberryPI3/ros2_ws/install/joystick/local/lib/python3.10/dist-packages/joystick-0.0.0-py3.10.egg-info/SOURCES.txt
[34.775s] -- Installing: /home/insa/Desktop/VigiWheels/raspberryPI3/ros2_ws/install/joystick/local/lib/python3.10/dist-packages/joystick-0.0.0-py3.10.egg-info/top_level.txt
[34.776s] -- Installing: /home/insa/Desktop/VigiWheels/raspberryPI3/ros2_ws/install/joystick/local/lib/python3.10/dist-packages/joystick
[34.776s] -- Installing: /home/insa/Desktop/VigiWheels/raspberryPI3/ros2_ws/install/joystick/local/lib/python3.10/dist-packages/joystick/LICENSE
[34.776s] -- Installing: /home/insa/Desktop/VigiWheels/raspberryPI3/ros2_ws/install/joystick/local/lib/python3.10/dist-packages/joystick/resource
[34.776s] -- Installing: /home/insa/Desktop/VigiWheels/raspberryPI3/ros2_ws/install/joystick/local/lib/python3.10/dist-packages/joystick/resource/joystick_ros2
[34.776s] -- Installing: /home/insa/Desktop/VigiWheels/raspberryPI3/ros2_ws/install/joystick/local/lib/python3.10/dist-packages/joystick/__init__.py
[34.776s] -- Installing: /home/insa/Desktop/VigiWheels/raspberryPI3/ros2_ws/install/joystick/local/lib/python3.10/dist-packages/joystick/input_example.py
[34.776s] -- Installing: /home/insa/Desktop/VigiWheels/raspberryPI3/ros2_ws/install/joystick/local/lib/python3.10/dist-packages/joystick/README.md
[34.776s] -- Installing: /home/insa/Desktop/VigiWheels/raspberryPI3/ros2_ws/install/joystick/local/lib/python3.10/dist-packages/joystick/inputs.py
[34.776s] -- Installing: /home/insa/Desktop/VigiWheels/raspberryPI3/ros2_ws/install/joystick/local/lib/python3.10/dist-packages/joystick/package.xml
[34.776s] -- Installing: /home/insa/Desktop/VigiWheels/raspberryPI3/ros2_ws/install/joystick/local/lib/python3.10/dist-packages/joystick/CONTRIBUTING.md
[34.776s] -- Installing: /home/insa/Desktop/VigiWheels/raspberryPI3/ros2_ws/install/joystick/local/lib/python3.10/dist-packages/joystick/joystick_ros2.py
[34.776s] -- Installing: /home/insa/Desktop/VigiWheels/raspberryPI3/ros2_ws/install/joystick/local/lib/python3.10/dist-packages/joystick/images
[34.776s] -- Installing: /home/insa/Desktop/VigiWheels/raspberryPI3/ros2_ws/install/joystick/local/lib/python3.10/dist-packages/joystick/images/mac_settings.png
[34.832s] Listing '/home/insa/Desktop/VigiWheels/raspberryPI3/ros2_ws/install/joystick/local/lib/python3.10/dist-packages/joystick'...
[34.832s] Compiling '/home/insa/Desktop/VigiWheels/raspberryPI3/ros2_ws/install/joystick/local/lib/python3.10/dist-packages/joystick/__init__.py'...
[34.832s] Listing '/home/insa/Desktop/VigiWheels/raspberryPI3/ros2_ws/install/joystick/local/lib/python3.10/dist-packages/joystick/images'...
[34.832s] Compiling '/home/insa/Desktop/VigiWheels/raspberryPI3/ros2_ws/install/joystick/local/lib/python3.10/dist-packages/joystick/input_example.py'...
[34.832s] Compiling '/home/insa/Desktop/VigiWheels/raspberryPI3/ros2_ws/install/joystick/local/lib/python3.10/dist-packages/joystick/inputs.py'...
[34.832s] Compiling '/home/insa/Desktop/VigiWheels/raspberryPI3/ros2_ws/install/joystick/local/lib/python3.10/dist-packages/joystick/joystick_ros2.py'...
[34.832s] Listing '/home/insa/Desktop/VigiWheels/raspberryPI3/ros2_ws/install/joystick/local/lib/python3.10/dist-packages/joystick/resource'...
[34.836s] -- Installing: /home/insa/Desktop/VigiWheels/raspberryPI3/ros2_ws/install/joystick/lib/joystick/joystick_ros2.py
[34.836s] -- Installing: /home/insa/Desktop/VigiWheels/raspberryPI3/ros2_ws/install/joystick/lib/joystick/inputs.py
[34.836s] -- Installing: /home/insa/Desktop/VigiWheels/raspberryPI3/ros2_ws/install/joystick/share/ament_index/resource_index/package_run_dependencies/joystick
[34.836s] -- Installing: /home/insa/Desktop/VigiWheels/raspberryPI3/ros2_ws/install/joystick/share/ament_index/resource_index/parent_prefix_path/joystick
[34.836s] -- Installing: /home/insa/Desktop/VigiWheels/raspberryPI3/ros2_ws/install/joystick/share/joystick/environment/ament_prefix_path.sh
[34.836s] -- Installing: /home/insa/Desktop/VigiWheels/raspberryPI3/ros2_ws/install/joystick/share/joystick/environment/ament_prefix_path.dsv
[34.836s] -- Installing: /home/insa/Desktop/VigiWheels/raspberryPI3/ros2_ws/install/joystick/share/joystick/environment/path.sh
[34.836s] -- Installing: /home/insa/Desktop/VigiWheels/raspberryPI3/ros2_ws/install/joystick/share/joystick/environment/path.dsv
[34.836s] -- Installing: /home/insa/Desktop/VigiWheels/raspberryPI3/ros2_ws/install/joystick/share/joystick/local_setup.bash
[34.836s] -- Installing: /home/insa/Desktop/VigiWheels/raspberryPI3/ros2_ws/install/joystick/share/joystick/local_setup.sh
[34.837s] -- Installing: /home/insa/Desktop/VigiWheels/raspberryPI3/ros2_ws/install/joystick/share/joystick/local_setup.zsh
[34.837s] -- Installing: /home/insa/Desktop/VigiWheels/raspberryPI3/ros2_ws/install/joystick/share/joystick/local_setup.dsv
[34.837s] -- Installing: /home/insa/Desktop/VigiWheels/raspberryPI3/ros2_ws/install/joystick/share/joystick/package.dsv
[34.837s] -- Installing: /home/insa/Desktop/VigiWheels/raspberryPI3/ros2_ws/install/joystick/share/ament_index/resource_index/packages/joystick
[34.837s] -- Installing: /home/insa/Desktop/VigiWheels/raspberryPI3/ros2_ws/install/joystick/share/joystick/cmake/joystickConfig.cmake
[34.837s] -- Installing: /home/insa/Desktop/VigiWheels/raspberryPI3/ros2_ws/install/joystick/share/joystick/cmake/joystickConfig-version.cmake
[34.837s] -- Installing: /home/insa/Desktop/VigiWheels/raspberryPI3/ros2_ws/install/joystick/share/joystick/package.xml
[34.839s] Invoked command in '/home/insa/Desktop/VigiWheels/raspberryPI3/ros2_ws/build/joystick' returned '0': CMAKE_PREFIX_PATH=/home/insa/Desktop/VigiWheels/raspberryPI3/ros2_ws/install/interfaces:/home/insa/Desktop/VigiWheels/raspberryPI3/ros2_ws/install/fire_detection:/home/insa/ros2_ws/install/my_fire_pkg:/home/insa/ros2_ws/install/demo_sensor_pkg:/home/insa/ros2_ws/install/my_robot_interfaces:/home/insa/ros2_ws/install/my_cpp_pkg:/home/insa/ros2_ws/install/johann_cpp_pkg:/opt/ros/humble /usr/bin/cmake --install /home/insa/Desktop/VigiWheels/raspberryPI3/ros2_ws/build/joystick
