[35m[1mConsolidate compiler generated dependencies of target car_control_node[0m
[100%] Built target car_control_node
-- Install configuration: ""
-- Installing: /home/insa/Desktop/VigiWheels2.0/raspberryPI3/install/car_control/lib/car_control/car_control_node
-- Set runtime path of "/home/insa/Desktop/VigiWheels2.0/raspberryPI3/install/car_control/lib/car_control/car_control_node" to ""
-- Installing: /home/insa/Desktop/VigiWheels2.0/raspberryPI3/install/car_control/share/ament_index/resource_index/package_run_dependencies/car_control
-- Installing: /home/insa/Desktop/VigiWheels2.0/raspberryPI3/install/car_control/share/ament_index/resource_index/parent_prefix_path/car_control
-- Installing: /home/insa/Desktop/VigiWheels2.0/raspberryPI3/install/car_control/share/car_control/environment/ament_prefix_path.sh
-- Installing: /home/insa/Desktop/VigiWheels2.0/raspberryPI3/install/car_control/share/car_control/environment/ament_prefix_path.dsv
-- Installing: /home/insa/Desktop/VigiWheels2.0/raspberryPI3/install/car_control/share/car_control/environment/path.sh
-- Installing: /home/insa/Desktop/VigiWheels2.0/raspberryPI3/install/car_control/share/car_control/environment/path.dsv
-- Installing: /home/insa/Desktop/VigiWheels2.0/raspberryPI3/install/car_control/share/car_control/local_setup.bash
-- Installing: /home/insa/Desktop/VigiWheels2.0/raspberryPI3/install/car_control/share/car_control/local_setup.sh
-- Installing: /home/insa/Desktop/VigiWheels2.0/raspberryPI3/install/car_control/share/car_control/local_setup.zsh
-- Installing: /home/insa/Desktop/VigiWheels2.0/raspberryPI3/install/car_control/share/car_control/local_setup.dsv
-- Installing: /home/insa/Desktop/VigiWheels2.0/raspberryPI3/install/car_control/share/car_control/package.dsv
-- Installing: /home/insa/Desktop/VigiWheels2.0/raspberryPI3/install/car_control/share/ament_index/resource_index/packages/car_control
-- Installing: /home/insa/Desktop/VigiWheels2.0/raspberryPI3/install/car_control/share/car_control/cmake/ament_cmake_export_include_directories-extras.cmake
-- Installing: /home/insa/Desktop/VigiWheels2.0/raspberryPI3/install/car_control/share/car_control/cmake/car_controlConfig.cmake
-- Installing: /home/insa/Desktop/VigiWheels2.0/raspberryPI3/install/car_control/share/car_control/cmake/car_controlConfig-version.cmake
-- Installing: /home/insa/Desktop/VigiWheels2.0/raspberryPI3/install/car_control/share/car_control/package.xml
