-- Found ament_cmake: 1.3.5 (/opt/ros/humble/share/ament_cmake/cmake)
-- Found rclcpp: 16.0.6 (/opt/ros/humble/share/rclcpp/cmake)
-- Found rosidl_generator_c: 3.1.5 (/opt/ros/humble/share/rosidl_generator_c/cmake)
-- Found rosidl_adapter: 3.1.5 (/opt/ros/humble/share/rosidl_adapter/cmake)
-- Found rosidl_generator_cpp: 3.1.5 (/opt/ros/humble/share/rosidl_generator_cpp/cmake)
-- Using all available rosidl_typesupport_c: rosidl_typesupport_fastrtps_c;rosidl_typesupport_introspection_c
-- Using all available rosidl_typesupport_cpp: rosidl_typesupport_fastrtps_cpp;rosidl_typesupport_introspection_cpp
-- Found rmw_implementation_cmake: 6.1.1 (/opt/ros/humble/share/rmw_implementation_cmake/cmake)
-- Found rmw_fastrtps_cpp: 6.2.4 (/opt/ros/humble/share/rmw_fastrtps_cpp/cmake)
-- Using RMW implementation 'rmw_fastrtps_cpp' as default
-- Found interfaces: 0.0.0 (/home/insa/Desktop/VigiWheels/raspberryPI3/ros2_ws/install/interfaces/share/interfaces/cmake)
-- Found sensor_msgs: 4.2.3 (/opt/ros/humble/share/sensor_msgs/cmake)
-- Found std_srvs: 4.2.3 (/opt/ros/humble/share/std_srvs/cmake)
-- Found ament_lint_auto: 0.12.8 (/opt/ros/humble/share/ament_lint_auto/cmake)
-- Added test 'cppcheck' to perform static code analysis on C / C++ code
-- Configured cppcheck include dirs: $<BUILD_INTERFACE:/home/insa/Desktop/VigiWheels/raspberryPI3/ros2_ws/src/car_control/include>
-- Configured cppcheck exclude dirs and/or files: 
-- Added test 'lint_cmake' to check CMake code style
-- Added test 'uncrustify' to check C / C++ code style
-- Configured uncrustify additional arguments: 
-- Added test 'xmllint' to check XML markup files
-- Configuring done
-- Generating done
-- Build files have been written to: /home/insa/Desktop/VigiWheels/raspberryPI3/ros2_ws/build/car_control
[35m[1mConsolidate compiler generated dependencies of target car_control_node[0m
[ 25%] [32mBuilding CXX object CMakeFiles/car_control_node.dir/src/car_control_node.cpp.o[0m
[ 50%] [32m[1mLinking CXX executable car_control_node[0m
[100%] Built target car_control_node
-- Install configuration: ""
-- Installing: /home/insa/Desktop/VigiWheels/raspberryPI3/ros2_ws/install/car_control/lib/car_control/car_control_node
-- Set runtime path of "/home/insa/Desktop/VigiWheels/raspberryPI3/ros2_ws/install/car_control/lib/car_control/car_control_node" to ""
-- Installing: /home/insa/Desktop/VigiWheels/raspberryPI3/ros2_ws/install/car_control/share/ament_index/resource_index/package_run_dependencies/car_control
-- Installing: /home/insa/Desktop/VigiWheels/raspberryPI3/ros2_ws/install/car_control/share/ament_index/resource_index/parent_prefix_path/car_control
-- Installing: /home/insa/Desktop/VigiWheels/raspberryPI3/ros2_ws/install/car_control/share/car_control/environment/ament_prefix_path.sh
-- Installing: /home/insa/Desktop/VigiWheels/raspberryPI3/ros2_ws/install/car_control/share/car_control/environment/ament_prefix_path.dsv
-- Installing: /home/insa/Desktop/VigiWheels/raspberryPI3/ros2_ws/install/car_control/share/car_control/environment/path.sh
-- Installing: /home/insa/Desktop/VigiWheels/raspberryPI3/ros2_ws/install/car_control/share/car_control/environment/path.dsv
-- Installing: /home/insa/Desktop/VigiWheels/raspberryPI3/ros2_ws/install/car_control/share/car_control/local_setup.bash
-- Installing: /home/insa/Desktop/VigiWheels/raspberryPI3/ros2_ws/install/car_control/share/car_control/local_setup.sh
-- Installing: /home/insa/Desktop/VigiWheels/raspberryPI3/ros2_ws/install/car_control/share/car_control/local_setup.zsh
-- Installing: /home/insa/Desktop/VigiWheels/raspberryPI3/ros2_ws/install/car_control/share/car_control/local_setup.dsv
-- Installing: /home/insa/Desktop/VigiWheels/raspberryPI3/ros2_ws/install/car_control/share/car_control/package.dsv
-- Installing: /home/insa/Desktop/VigiWheels/raspberryPI3/ros2_ws/install/car_control/share/ament_index/resource_index/packages/car_control
-- Installing: /home/insa/Desktop/VigiWheels/raspberryPI3/ros2_ws/install/car_control/share/car_control/cmake/ament_cmake_export_include_directories-extras.cmake
-- Installing: /home/insa/Desktop/VigiWheels/raspberryPI3/ros2_ws/install/car_control/share/car_control/cmake/car_controlConfig.cmake
-- Installing: /home/insa/Desktop/VigiWheels/raspberryPI3/ros2_ws/install/car_control/share/car_control/cmake/car_controlConfig-version.cmake
-- Installing: /home/insa/Desktop/VigiWheels/raspberryPI3/ros2_ws/install/car_control/share/car_control/package.xml
