[0.799s] Invoking command in '/home/insa/Desktop/VigiWheels/raspberryPI3/ros2_ws/build/car_control': CMAKE_PREFIX_PATH=/home/insa/Desktop/VigiWheels/raspberryPI3/ros2_ws/install/interfaces:/home/insa/Desktop/VigiWheels/raspberryPI3/ros2_ws/install/fire_detection:/home/insa/ros2_ws/install/my_fire_pkg:/home/insa/ros2_ws/install/demo_sensor_pkg:/home/insa/ros2_ws/install/my_robot_interfaces:/home/insa/ros2_ws/install/my_cpp_pkg:/home/insa/ros2_ws/install/johann_cpp_pkg:/opt/ros/humble /usr/bin/cmake --build /home/insa/Desktop/VigiWheels/raspberryPI3/ros2_ws/build/car_control -- -j8 -l8
[0.912s] -- Found ament_cmake: 1.3.5 (/opt/ros/humble/share/ament_cmake/cmake)
[1.533s] -- Found rclcpp: 16.0.6 (/opt/ros/humble/share/rclcpp/cmake)
[1.613s] -- Found rosidl_generator_c: 3.1.5 (/opt/ros/humble/share/rosidl_generator_c/cmake)
[1.616s] -- Found rosidl_adapter: 3.1.5 (/opt/ros/humble/share/rosidl_adapter/cmake)
[1.640s] -- Found rosidl_generator_cpp: 3.1.5 (/opt/ros/humble/share/rosidl_generator_cpp/cmake)
[1.676s] -- Using all available rosidl_typesupport_c: rosidl_typesupport_fastrtps_c;rosidl_typesupport_introspection_c
[1.713s] -- Using all available rosidl_typesupport_cpp: rosidl_typesupport_fastrtps_cpp;rosidl_typesupport_introspection_cpp
[1.865s] -- Found rmw_implementation_cmake: 6.1.1 (/opt/ros/humble/share/rmw_implementation_cmake/cmake)
[1.867s] -- Found rmw_fastrtps_cpp: 6.2.4 (/opt/ros/humble/share/rmw_fastrtps_cpp/cmake)
[2.280s] -- Using RMW implementation 'rmw_fastrtps_cpp' as default
[2.687s] -- Found interfaces: 0.0.0 (/home/insa/Desktop/VigiWheels/raspberryPI3/ros2_ws/install/interfaces/share/interfaces/cmake)
[2.741s] -- Found sensor_msgs: 4.2.3 (/opt/ros/humble/share/sensor_msgs/cmake)
[3.089s] -- Found std_srvs: 4.2.3 (/opt/ros/humble/share/std_srvs/cmake)
[3.140s] -- Found ament_lint_auto: 0.12.8 (/opt/ros/humble/share/ament_lint_auto/cmake)
[3.337s] -- Added test 'cppcheck' to perform static code analysis on C / C++ code
[3.338s] -- Configured cppcheck include dirs: $<BUILD_INTERFACE:/home/insa/Desktop/VigiWheels/raspberryPI3/ros2_ws/src/car_control/include>
[3.338s] -- Configured cppcheck exclude dirs and/or files: 
[3.338s] -- Added test 'lint_cmake' to check CMake code style
[3.339s] -- Added test 'uncrustify' to check C / C++ code style
[3.339s] -- Configured uncrustify additional arguments: 
[3.339s] -- Added test 'xmllint' to check XML markup files
[3.345s] -- Configuring done
[3.372s] -- Generating done
[3.374s] -- Build files have been written to: /home/insa/Desktop/VigiWheels/raspberryPI3/ros2_ws/build/car_control
[3.522s] [35m[1mConsolidate compiler generated dependencies of target car_control_node[0m
[3.596s] [ 25%] [32mBuilding CXX object CMakeFiles/car_control_node.dir/src/car_control_node.cpp.o[0m
[27.141s] [ 50%] [32m[1mLinking CXX executable car_control_node[0m
[29.071s] [100%] Built target car_control_node
[29.175s] Invoked command in '/home/insa/Desktop/VigiWheels/raspberryPI3/ros2_ws/build/car_control' returned '0': CMAKE_PREFIX_PATH=/home/insa/Desktop/VigiWheels/raspberryPI3/ros2_ws/install/interfaces:/home/insa/Desktop/VigiWheels/raspberryPI3/ros2_ws/install/fire_detection:/home/insa/ros2_ws/install/my_fire_pkg:/home/insa/ros2_ws/install/demo_sensor_pkg:/home/insa/ros2_ws/install/my_robot_interfaces:/home/insa/ros2_ws/install/my_cpp_pkg:/home/insa/ros2_ws/install/johann_cpp_pkg:/opt/ros/humble /usr/bin/cmake --build /home/insa/Desktop/VigiWheels/raspberryPI3/ros2_ws/build/car_control -- -j8 -l8
[29.620s] Invoking command in '/home/insa/Desktop/VigiWheels/raspberryPI3/ros2_ws/build/car_control': CMAKE_PREFIX_PATH=/home/insa/Desktop/VigiWheels/raspberryPI3/ros2_ws/install/interfaces:/home/insa/Desktop/VigiWheels/raspberryPI3/ros2_ws/install/fire_detection:/home/insa/ros2_ws/install/my_fire_pkg:/home/insa/ros2_ws/install/demo_sensor_pkg:/home/insa/ros2_ws/install/my_robot_interfaces:/home/insa/ros2_ws/install/my_cpp_pkg:/home/insa/ros2_ws/install/johann_cpp_pkg:/opt/ros/humble /usr/bin/cmake --install /home/insa/Desktop/VigiWheels/raspberryPI3/ros2_ws/build/car_control
[29.655s] -- Install configuration: ""
[29.655s] -- Installing: /home/insa/Desktop/VigiWheels/raspberryPI3/ros2_ws/install/car_control/lib/car_control/car_control_node
[29.665s] -- Set runtime path of "/home/insa/Desktop/VigiWheels/raspberryPI3/ros2_ws/install/car_control/lib/car_control/car_control_node" to ""
[29.665s] -- Installing: /home/insa/Desktop/VigiWheels/raspberryPI3/ros2_ws/install/car_control/share/ament_index/resource_index/package_run_dependencies/car_control
[29.666s] -- Installing: /home/insa/Desktop/VigiWheels/raspberryPI3/ros2_ws/install/car_control/share/ament_index/resource_index/parent_prefix_path/car_control
[29.667s] -- Installing: /home/insa/Desktop/VigiWheels/raspberryPI3/ros2_ws/install/car_control/share/car_control/environment/ament_prefix_path.sh
[29.667s] -- Installing: /home/insa/Desktop/VigiWheels/raspberryPI3/ros2_ws/install/car_control/share/car_control/environment/ament_prefix_path.dsv
[29.669s] -- Installing: /home/insa/Desktop/VigiWheels/raspberryPI3/ros2_ws/install/car_control/share/car_control/environment/path.sh
[29.670s] -- Installing: /home/insa/Desktop/VigiWheels/raspberryPI3/ros2_ws/install/car_control/share/car_control/environment/path.dsv
[29.705s] -- Installing: /home/insa/Desktop/VigiWheels/raspberryPI3/ros2_ws/install/car_control/share/car_control/local_setup.bash
[29.718s] -- Installing: /home/insa/Desktop/VigiWheels/raspberryPI3/ros2_ws/install/car_control/share/car_control/local_setup.sh
[29.718s] -- Installing: /home/insa/Desktop/VigiWheels/raspberryPI3/ros2_ws/install/car_control/share/car_control/local_setup.zsh
[29.718s] -- Installing: /home/insa/Desktop/VigiWheels/raspberryPI3/ros2_ws/install/car_control/share/car_control/local_setup.dsv
[29.719s] -- Installing: /home/insa/Desktop/VigiWheels/raspberryPI3/ros2_ws/install/car_control/share/car_control/package.dsv
[29.719s] -- Installing: /home/insa/Desktop/VigiWheels/raspberryPI3/ros2_ws/install/car_control/share/ament_index/resource_index/packages/car_control
[29.719s] -- Installing: /home/insa/Desktop/VigiWheels/raspberryPI3/ros2_ws/install/car_control/share/car_control/cmake/ament_cmake_export_include_directories-extras.cmake
[29.719s] -- Installing: /home/insa/Desktop/VigiWheels/raspberryPI3/ros2_ws/install/car_control/share/car_control/cmake/car_controlConfig.cmake
[29.719s] -- Installing: /home/insa/Desktop/VigiWheels/raspberryPI3/ros2_ws/install/car_control/share/car_control/cmake/car_controlConfig-version.cmake
[29.719s] -- Installing: /home/insa/Desktop/VigiWheels/raspberryPI3/ros2_ws/install/car_control/share/car_control/package.xml
[29.817s] Invoked command in '/home/insa/Desktop/VigiWheels/raspberryPI3/ros2_ws/build/car_control' returned '0': CMAKE_PREFIX_PATH=/home/insa/Desktop/VigiWheels/raspberryPI3/ros2_ws/install/interfaces:/home/insa/Desktop/VigiWheels/raspberryPI3/ros2_ws/install/fire_detection:/home/insa/ros2_ws/install/my_fire_pkg:/home/insa/ros2_ws/install/demo_sensor_pkg:/home/insa/ros2_ws/install/my_robot_interfaces:/home/insa/ros2_ws/install/my_cpp_pkg:/home/insa/ros2_ws/install/johann_cpp_pkg:/opt/ros/humble /usr/bin/cmake --install /home/insa/Desktop/VigiWheels/raspberryPI3/ros2_ws/build/car_control
