[0.675s] Invoking command in '/home/insa/Desktop/VigiWheels2.0/raspberryPI3/ros2_ws/build/uart': CMAKE_PREFIX_PATH=${CMAKE_PREFIX_PATH}:/opt/ros/humble /usr/bin/cmake /home/insa/Desktop/VigiWheels2.0/raspberryPI3/ros2_ws/src/uart -DCMAKE_INSTALL_PREFIX=/home/insa/Desktop/VigiWheels2.0/raspberryPI3/ros2_ws/install/uart
[3.122s] -- The C compiler identification is GNU 11.4.0
[3.123s] -- The CXX compiler identification is GNU 11.4.0
[3.123s] -- Detecting C compiler ABI info
[3.123s] -- Detecting C compiler ABI info - done
[3.123s] -- Check for working C compiler: /usr/bin/cc - skipped
[3.123s] -- Detecting C compile features
[3.124s] -- Detecting C compile features - done
[3.124s] -- Detecting CXX compiler ABI info
[3.124s] -- Detecting CXX compiler ABI info - done
[3.124s] -- Check for working CXX compiler: /usr/bin/c++ - skipped
[3.125s] -- Detecting CXX compile features
[3.125s] -- Detecting CXX compile features - done
[3.125s] -- Found ament_cmake: 1.3.5 (/opt/ros/humble/share/ament_cmake/cmake)
[3.125s] -- Found Python3: /usr/bin/python3.10 (found version "3.10.12") found components: Interpreter 
[3.125s] -- Found rclcpp: 16.0.6 (/opt/ros/humble/share/rclcpp/cmake)
[3.125s] -- Found rosidl_generator_c: 3.1.5 (/opt/ros/humble/share/rosidl_generator_c/cmake)
[3.126s] -- Found rosidl_adapter: 3.1.5 (/opt/ros/humble/share/rosidl_adapter/cmake)
[3.126s] -- Found rosidl_generator_cpp: 3.1.5 (/opt/ros/humble/share/rosidl_generator_cpp/cmake)
[3.126s] -- Using all available rosidl_typesupport_c: rosidl_typesupport_fastrtps_c;rosidl_typesupport_introspection_c
[3.126s] -- Using all available rosidl_typesupport_cpp: rosidl_typesupport_fastrtps_cpp;rosidl_typesupport_introspection_cpp
[3.126s] -- Found rmw_implementation_cmake: 6.1.1 (/opt/ros/humble/share/rmw_implementation_cmake/cmake)
[3.126s] -- Found rmw_fastrtps_cpp: 6.2.4 (/opt/ros/humble/share/rmw_fastrtps_cpp/cmake)
[3.192s] -- Found OpenSSL: /usr/lib/x86_64-linux-gnu/libcrypto.so (found version "3.0.2")  
[3.262s] -- Found FastRTPS: /opt/ros/humble/include  
[3.377s] -- Using RMW implementation 'rmw_fastrtps_cpp' as default
[3.399s] -- Looking for pthread.h
[3.523s] -- Looking for pthread.h - found
[3.524s] -- Performing Test CMAKE_HAVE_LIBC_PTHREAD
[3.636s] -- Performing Test CMAKE_HAVE_LIBC_PTHREAD - Success
[3.638s] -- Found Threads: TRUE  
[4.019s] -- Found interfaces: 0.0.0 (/home/insa/Desktop/VigiWheels2.0/raspberryPI3/ros2_ws/install/interfaces/share/interfaces/cmake)
[4.175s] -- Configuring done
[4.201s] -- Generating done
[4.205s] -- Build files have been written to: /home/insa/Desktop/VigiWheels2.0/raspberryPI3/ros2_ws/build/uart
[4.234s] Invoked command in '/home/insa/Desktop/VigiWheels2.0/raspberryPI3/ros2_ws/build/uart' returned '0': CMAKE_PREFIX_PATH=${CMAKE_PREFIX_PATH}:/opt/ros/humble /usr/bin/cmake /home/insa/Desktop/VigiWheels2.0/raspberryPI3/ros2_ws/src/uart -DCMAKE_INSTALL_PREFIX=/home/insa/Desktop/VigiWheels2.0/raspberryPI3/ros2_ws/install/uart
[4.235s] Invoking command in '/home/insa/Desktop/VigiWheels2.0/raspberryPI3/ros2_ws/build/uart': CMAKE_PREFIX_PATH=${CMAKE_PREFIX_PATH}:/opt/ros/humble /usr/bin/cmake --build /home/insa/Desktop/VigiWheels2.0/raspberryPI3/ros2_ws/build/uart -- -j8 -l8
[4.343s] [ 25%] [32mBuilding CXX object CMakeFiles/serial_reading_node.dir/src/serial_reading.cpp.o[0m
[4.374s] [ 50%] [32mBuilding CXX object CMakeFiles/serial_writing_node.dir/src/serial_writing.cpp.o[0m
[14.934s] [ 75%] [32m[1mLinking CXX executable serial_reading_node[0m
[15.275s] [ 75%] Built target serial_reading_node
[26.350s] [100%] [32m[1mLinking CXX executable serial_writing_node[0m
[27.151s] [100%] Built target serial_writing_node
[27.169s] Invoked command in '/home/insa/Desktop/VigiWheels2.0/raspberryPI3/ros2_ws/build/uart' returned '0': CMAKE_PREFIX_PATH=${CMAKE_PREFIX_PATH}:/opt/ros/humble /usr/bin/cmake --build /home/insa/Desktop/VigiWheels2.0/raspberryPI3/ros2_ws/build/uart -- -j8 -l8
[27.213s] Invoking command in '/home/insa/Desktop/VigiWheels2.0/raspberryPI3/ros2_ws/build/uart': CMAKE_PREFIX_PATH=${CMAKE_PREFIX_PATH}:/opt/ros/humble /usr/bin/cmake --install /home/insa/Desktop/VigiWheels2.0/raspberryPI3/ros2_ws/build/uart
[27.225s] -- Install configuration: ""
[27.226s] -- Installing: /home/insa/Desktop/VigiWheels2.0/raspberryPI3/ros2_ws/install/uart/lib/uart/serial_reading_node
[27.227s] -- Set runtime path of "/home/insa/Desktop/VigiWheels2.0/raspberryPI3/ros2_ws/install/uart/lib/uart/serial_reading_node" to ""
[27.227s] -- Installing: /home/insa/Desktop/VigiWheels2.0/raspberryPI3/ros2_ws/install/uart/lib/uart/serial_writing_node
[27.234s] -- Set runtime path of "/home/insa/Desktop/VigiWheels2.0/raspberryPI3/ros2_ws/install/uart/lib/uart/serial_writing_node" to ""
[27.234s] -- Installing: /home/insa/Desktop/VigiWheels2.0/raspberryPI3/ros2_ws/install/uart/share/ament_index/resource_index/package_run_dependencies/uart
[27.234s] -- Installing: /home/insa/Desktop/VigiWheels2.0/raspberryPI3/ros2_ws/install/uart/share/ament_index/resource_index/parent_prefix_path/uart
[27.234s] -- Installing: /home/insa/Desktop/VigiWheels2.0/raspberryPI3/ros2_ws/install/uart/share/uart/environment/ament_prefix_path.sh
[27.235s] -- Installing: /home/insa/Desktop/VigiWheels2.0/raspberryPI3/ros2_ws/install/uart/share/uart/environment/ament_prefix_path.dsv
[27.235s] -- Installing: /home/insa/Desktop/VigiWheels2.0/raspberryPI3/ros2_ws/install/uart/share/uart/environment/path.sh
[27.235s] -- Installing: /home/insa/Desktop/VigiWheels2.0/raspberryPI3/ros2_ws/install/uart/share/uart/environment/path.dsv
[27.235s] -- Installing: /home/insa/Desktop/VigiWheels2.0/raspberryPI3/ros2_ws/install/uart/share/uart/local_setup.bash
[27.235s] -- Installing: /home/insa/Desktop/VigiWheels2.0/raspberryPI3/ros2_ws/install/uart/share/uart/local_setup.sh
[27.236s] -- Installing: /home/insa/Desktop/VigiWheels2.0/raspberryPI3/ros2_ws/install/uart/share/uart/local_setup.zsh
[27.236s] -- Installing: /home/insa/Desktop/VigiWheels2.0/raspberryPI3/ros2_ws/install/uart/share/uart/local_setup.dsv
[27.236s] -- Installing: /home/insa/Desktop/VigiWheels2.0/raspberryPI3/ros2_ws/install/uart/share/uart/package.dsv
[27.236s] -- Installing: /home/insa/Desktop/VigiWheels2.0/raspberryPI3/ros2_ws/install/uart/share/ament_index/resource_index/packages/uart
[27.236s] -- Installing: /home/insa/Desktop/VigiWheels2.0/raspberryPI3/ros2_ws/install/uart/share/uart/cmake/uartConfig.cmake
[27.237s] -- Installing: /home/insa/Desktop/VigiWheels2.0/raspberryPI3/ros2_ws/install/uart/share/uart/cmake/uartConfig-version.cmake
[27.237s] -- Installing: /home/insa/Desktop/VigiWheels2.0/raspberryPI3/ros2_ws/install/uart/share/uart/package.xml
[27.240s] Invoked command in '/home/insa/Desktop/VigiWheels2.0/raspberryPI3/ros2_ws/build/uart' returned '0': CMAKE_PREFIX_PATH=${CMAKE_PREFIX_PATH}:/opt/ros/humble /usr/bin/cmake --install /home/insa/Desktop/VigiWheels2.0/raspberryPI3/ros2_ws/build/uart
