[35m[1mConsolidate compiler generated dependencies of target serial_reading_node[0m
[ 50%] Built target processing_data_fire_node
[ 75%] [32mBuilding CXX object CMakeFiles/serial_reading_node.dir/src/serial_reading.cpp.o[0m
[01m[K/home/insa/Desktop/VigiWheels/raspberryPI3/ros2_ws/src/fire_detection/src/serial_reading.cpp:[m[K In member function ‘[01m[Kint SerialReadingNode::serialCommunication()[m[K’:
[01m[K/home/insa/Desktop/VigiWheels/raspberryPI3/ros2_ws/src/fire_detection/src/serial_reading.cpp:139:68:[m[K [01;35m[Kwarning: [m[Kformat ‘[01m[K%hhd[m[K’ expects argument of type ‘[01m[Ksigned char*[m[K’, but argument 4 has type ‘[01m[Kbool*[m[K’ [[01;35m[K]8;;https://gcc.gnu.org/onlinedocs/gcc/Warning-Options.html#index-Wformat=-Wformat=]8;;[m[K]
  139 |                     sscanf(frame_buf, "IR_SENSOR1=%d|IR_SENSOR2=[01;35m[K%hhd[m[K|IR_SENSOR3=%d|IR_SENSOR4=%hhd|SMOKE_SENSOR1=%d|SMOKE_SENSOR2=%d",&ir_sensor1_value, [32m[K&ir_sensor2_value[m[K, &ir_sensor3_value, &ir_sensor4_value, &smoke_sensor1_value, &smoke_sensor2_value);
      |                                                                 [01;35m[K~~~^[m[K                                                                                     [32m[K~~~~~~~~~~~~~~~~~[m[K
      |                                                                    [01;35m[K|[m[K                                                                                     [32m[K|[m[K
      |                                                                    [01;35m[Ksigned char*[m[K                                                                          [32m[Kbool*[m[K
[01m[K/home/insa/Desktop/VigiWheels/raspberryPI3/ros2_ws/src/fire_detection/src/serial_reading.cpp:139:98:[m[K [01;35m[Kwarning: [m[Kformat ‘[01m[K%hhd[m[K’ expects argument of type ‘[01m[Ksigned char*[m[K’, but argument 6 has type ‘[01m[Kbool*[m[K’ [[01;35m[K]8;;https://gcc.gnu.org/onlinedocs/gcc/Warning-Options.html#index-Wformat=-Wformat=]8;;[m[K]
  139 |                     sscanf(frame_buf, "IR_SENSOR1=%d|IR_SENSOR2=%hhd|IR_SENSOR3=%d|IR_SENSOR4=[01;35m[K%hhd[m[K|SMOKE_SENSOR1=%d|SMOKE_SENSOR2=%d",&ir_sensor1_value, &ir_sensor2_value, &ir_sensor3_value, [32m[K&ir_sensor4_value[m[K, &smoke_sensor1_value, &smoke_sensor2_value);
      |                                                                                               [01;35m[K~~~^[m[K                                                                                             [32m[K~~~~~~~~~~~~~~~~~[m[K
      |                                                                                                  [01;35m[K|[m[K                                                                                             [32m[K|[m[K
      |                                                                                                  [01;35m[Ksigned char*[m[K                                                                                  [32m[Kbool*[m[K
[100%] [32m[1mLinking CXX executable serial_reading_node[0m
[100%] Built target serial_reading_node
-- Install configuration: ""
-- Installing: /home/insa/Desktop/VigiWheels/raspberryPI3/ros2_ws/install/fire_detection/lib/fire_detection/serial_reading_node
-- Set runtime path of "/home/insa/Desktop/VigiWheels/raspberryPI3/ros2_ws/install/fire_detection/lib/fire_detection/serial_reading_node" to ""
-- Up-to-date: /home/insa/Desktop/VigiWheels/raspberryPI3/ros2_ws/install/fire_detection/lib/fire_detection/processing_data_fire_node
-- Up-to-date: /home/insa/Desktop/VigiWheels/raspberryPI3/ros2_ws/install/fire_detection/share/ament_index/resource_index/package_run_dependencies/fire_detection
-- Up-to-date: /home/insa/Desktop/VigiWheels/raspberryPI3/ros2_ws/install/fire_detection/share/ament_index/resource_index/parent_prefix_path/fire_detection
-- Up-to-date: /home/insa/Desktop/VigiWheels/raspberryPI3/ros2_ws/install/fire_detection/share/fire_detection/environment/ament_prefix_path.sh
-- Up-to-date: /home/insa/Desktop/VigiWheels/raspberryPI3/ros2_ws/install/fire_detection/share/fire_detection/environment/ament_prefix_path.dsv
-- Up-to-date: /home/insa/Desktop/VigiWheels/raspberryPI3/ros2_ws/install/fire_detection/share/fire_detection/environment/path.sh
-- Up-to-date: /home/insa/Desktop/VigiWheels/raspberryPI3/ros2_ws/install/fire_detection/share/fire_detection/environment/path.dsv
-- Up-to-date: /home/insa/Desktop/VigiWheels/raspberryPI3/ros2_ws/install/fire_detection/share/fire_detection/local_setup.bash
-- Up-to-date: /home/insa/Desktop/VigiWheels/raspberryPI3/ros2_ws/install/fire_detection/share/fire_detection/local_setup.sh
-- Up-to-date: /home/insa/Desktop/VigiWheels/raspberryPI3/ros2_ws/install/fire_detection/share/fire_detection/local_setup.zsh
-- Up-to-date: /home/insa/Desktop/VigiWheels/raspberryPI3/ros2_ws/install/fire_detection/share/fire_detection/local_setup.dsv
-- Installing: /home/insa/Desktop/VigiWheels/raspberryPI3/ros2_ws/install/fire_detection/share/fire_detection/package.dsv
-- Up-to-date: /home/insa/Desktop/VigiWheels/raspberryPI3/ros2_ws/install/fire_detection/share/ament_index/resource_index/packages/fire_detection
-- Up-to-date: /home/insa/Desktop/VigiWheels/raspberryPI3/ros2_ws/install/fire_detection/share/fire_detection/cmake/fire_detectionConfig.cmake
-- Up-to-date: /home/insa/Desktop/VigiWheels/raspberryPI3/ros2_ws/install/fire_detection/share/fire_detection/cmake/fire_detectionConfig-version.cmake
-- Up-to-date: /home/insa/Desktop/VigiWheels/raspberryPI3/ros2_ws/install/fire_detection/share/fire_detection/package.xml
