-- The C compiler identification is GNU 11.4.0
-- The CXX compiler identification is GNU 11.4.0
-- Detecting C compiler ABI info
-- Detecting C compiler ABI info - done
-- Check for working C compiler: /usr/bin/cc - skipped
-- Detecting C compile features
-- Detecting C compile features - done
-- Detecting CXX compiler ABI info
-- Detecting CXX compiler ABI info - done
-- Check for working CXX compiler: /usr/bin/c++ - skipped
-- Detecting CXX compile features
-- Detecting CXX compile features - done
-- Found ament_cmake: 1.3.5 (/opt/ros/humble/share/ament_cmake/cmake)
-- Found Python3: /usr/bin/python3.10 (found version "3.10.12") found components: Interpreter 
-- Found rclcpp: 16.0.6 (/opt/ros/humble/share/rclcpp/cmake)
-- Found rosidl_generator_c: 3.1.5 (/opt/ros/humble/share/rosidl_generator_c/cmake)
-- Found rosidl_adapter: 3.1.5 (/opt/ros/humble/share/rosidl_adapter/cmake)
-- Found rosidl_generator_cpp: 3.1.5 (/opt/ros/humble/share/rosidl_generator_cpp/cmake)
-- Using all available rosidl_typesupport_c: rosidl_typesupport_fastrtps_c;rosidl_typesupport_introspection_c
-- Using all available rosidl_typesupport_cpp: rosidl_typesupport_fastrtps_cpp;rosidl_typesupport_introspection_cpp
-- Found rmw_implementation_cmake: 6.1.1 (/opt/ros/humble/share/rmw_implementation_cmake/cmake)
-- Found rmw_fastrtps_cpp: 6.2.4 (/opt/ros/humble/share/rmw_fastrtps_cpp/cmake)
-- Found OpenSSL: /usr/lib/x86_64-linux-gnu/libcrypto.so (found version "3.0.2")  
-- Found FastRTPS: /opt/ros/humble/include  
-- Using RMW implementation 'rmw_fastrtps_cpp' as default
-- Looking for pthread.h
-- Looking for pthread.h - found
-- Performing Test CMAKE_HAVE_LIBC_PTHREAD
-- Performing Test CMAKE_HAVE_LIBC_PTHREAD - Success
-- Found Threads: TRUE  
-- Found interfaces: 0.0.0 (/home/insa/Desktop/VigiWheels2.0/raspberryPI3/install/interfaces/share/interfaces/cmake)
-- Configuring done
-- Generating done
-- Build files have been written to: /home/insa/Desktop/VigiWheels2.0/raspberryPI3/build/fire_detection
[ 50%] [32mBuilding CXX object CMakeFiles/processing_data_fire_node.dir/src/processing_data_fire.cpp.o[0m
[01m[K/home/insa/Desktop/VigiWheels2.0/raspberryPI3/ros2_ws/src/fire_detection/src/processing_data_fire.cpp:[m[K In constructor ‘[01m[KProcessingDataFireNode::ProcessingDataFireNode()[m[K’:
[01m[K/home/insa/Desktop/VigiWheels2.0/raspberryPI3/ros2_ws/src/fire_detection/src/processing_data_fire.cpp:14:9:[m[K [01;31m[Kerror: [m[K‘[01m[Kbuffer_[m[K’ was not declared in this scope
   14 |         [01;31m[Kbuffer_[m[K.resize(window_size_, 0);
      |         [01;31m[K^~~~~~~[m[K
[01m[K/home/insa/Desktop/VigiWheels2.0/raspberryPI3/ros2_ws/src/fire_detection/src/processing_data_fire.cpp:14:24:[m[K [01;31m[Kerror: [m[K‘[01m[Kwindow_size_[m[K’ was not declared in this scope
   14 |         buffer_.resize([01;31m[Kwindow_size_[m[K, 0);
      |                        [01;31m[K^~~~~~~~~~~~[m[K
gmake[2]: *** [CMakeFiles/processing_data_fire_node.dir/build.make:76: CMakeFiles/processing_data_fire_node.dir/src/processing_data_fire.cpp.o] Error 1
gmake[1]: *** [CMakeFiles/Makefile2:137: CMakeFiles/processing_data_fire_node.dir/all] Error 2
gmake: *** [Makefile:146: all] Error 2
