[35m[1mConsolidate compiler generated dependencies of target serial_writing_node[0m
[ 50%] Built target serial_reading_node
[ 75%] [32mBuilding CXX object CMakeFiles/serial_writing_node.dir/src/serial_writing.cpp.o[0m
[01m[K/home/insa/Desktop/VigiWheels2.0/raspberryPI3/ros2_ws/src/uart/src/serial_writing.cpp:[m[K In member function ‘[01m[Kvoid SerialWritingNode::alertPressureCallback(const PressureLevel&)[m[K’:
[01m[K/home/insa/Desktop/VigiWheels2.0/raspberryPI3/ros2_ws/src/uart/src/serial_writing.cpp:204:45:[m[K [01;35m[Kwarning: [m[Kformat ‘[01m[K%s[m[K’ expects argument of type ‘[01m[Kchar*[m[K’, but argument 4 has type ‘[01m[Kconst _level_type[m[K’ {aka ‘[01m[Kconst std::__cxx11::basic_string<char>[m[K’} [[01;35m[K]8;;https://gcc.gnu.org/onlinedocs/gcc/Warning-Options.html#index-Wformat=-Wformat=]8;;[m[K]
  204 |         snprintf(tx, sizeof(tx), "#presure=[01;35m[K%s[m[K\n", msg.level);
      |                                            [01;35m[K~^[m[K
      |                                             [01;35m[K|[m[K
      |                                             [01;35m[Kchar*[m[K
[01m[K/home/insa/Desktop/VigiWheels2.0/raspberryPI3/ros2_ws/src/uart/src/serial_writing.cpp:204:46:[m[K [01;35m[Kwarning: [m[K‘[01m[K
   [m[K’ directive output truncated writing 1 byte into a region of size 0 [[01;35m[K]8;;https://gcc.gnu.org/onlinedocs/gcc/Warning-Options.html#index-Wformat-truncation=-Wformat-truncation=]8;;[m[K]
  204 |         snprintf(tx, sizeof(tx), "#presure=%s[01;35m[K\n[m[K", msg.level);
      |                                              [01;35m[K^~[m[K
[01m[K/home/insa/Desktop/VigiWheels2.0/raspberryPI3/ros2_ws/src/uart/src/serial_writing.cpp:204:17:[m[K [01;36m[Knote: [m[K‘[01m[Ksnprintf[m[K’ output 11 or more bytes into a destination of size 9
  204 |         [01;36m[Ksnprintf(tx, sizeof(tx), "#presure=%s\n", msg.level)[m[K;
      |         [01;36m[K~~~~~~~~^~~~~~~~~~~~~~~~~~~~~~~~~~~~~~~~~~~~~~~~~~~~[m[K
[100%] [32m[1mLinking CXX executable serial_writing_node[0m
[100%] Built target serial_writing_node
-- Install configuration: ""
-- Up-to-date: /home/insa/Desktop/VigiWheels2.0/raspberryPI3/ros2_ws/install/uart/lib/uart/serial_reading_node
-- Installing: /home/insa/Desktop/VigiWheels2.0/raspberryPI3/ros2_ws/install/uart/lib/uart/serial_writing_node
-- Set runtime path of "/home/insa/Desktop/VigiWheels2.0/raspberryPI3/ros2_ws/install/uart/lib/uart/serial_writing_node" to ""
-- Up-to-date: /home/insa/Desktop/VigiWheels2.0/raspberryPI3/ros2_ws/install/uart/share/ament_index/resource_index/package_run_dependencies/uart
-- Up-to-date: /home/insa/Desktop/VigiWheels2.0/raspberryPI3/ros2_ws/install/uart/share/ament_index/resource_index/parent_prefix_path/uart
-- Up-to-date: /home/insa/Desktop/VigiWheels2.0/raspberryPI3/ros2_ws/install/uart/share/uart/environment/ament_prefix_path.sh
-- Up-to-date: /home/insa/Desktop/VigiWheels2.0/raspberryPI3/ros2_ws/install/uart/share/uart/environment/ament_prefix_path.dsv
-- Up-to-date: /home/insa/Desktop/VigiWheels2.0/raspberryPI3/ros2_ws/install/uart/share/uart/environment/path.sh
-- Up-to-date: /home/insa/Desktop/VigiWheels2.0/raspberryPI3/ros2_ws/install/uart/share/uart/environment/path.dsv
-- Up-to-date: /home/insa/Desktop/VigiWheels2.0/raspberryPI3/ros2_ws/install/uart/share/uart/local_setup.bash
-- Up-to-date: /home/insa/Desktop/VigiWheels2.0/raspberryPI3/ros2_ws/install/uart/share/uart/local_setup.sh
-- Up-to-date: /home/insa/Desktop/VigiWheels2.0/raspberryPI3/ros2_ws/install/uart/share/uart/local_setup.zsh
-- Up-to-date: /home/insa/Desktop/VigiWheels2.0/raspberryPI3/ros2_ws/install/uart/share/uart/local_setup.dsv
-- Installing: /home/insa/Desktop/VigiWheels2.0/raspberryPI3/ros2_ws/install/uart/share/uart/package.dsv
-- Up-to-date: /home/insa/Desktop/VigiWheels2.0/raspberryPI3/ros2_ws/install/uart/share/ament_index/resource_index/packages/uart
-- Up-to-date: /home/insa/Desktop/VigiWheels2.0/raspberryPI3/ros2_ws/install/uart/share/uart/cmake/uartConfig.cmake
-- Up-to-date: /home/insa/Desktop/VigiWheels2.0/raspberryPI3/ros2_ws/install/uart/share/uart/cmake/uartConfig-version.cmake
-- Up-to-date: /home/insa/Desktop/VigiWheels2.0/raspberryPI3/ros2_ws/install/uart/share/uart/package.xml
