-- The C compiler identification is GNU 11.4.0
-- The CXX compiler identification is GNU 11.4.0
-- Detecting C compiler ABI info
-- Detecting C compiler ABI info - done
-- Check for working C compiler: /usr/bin/cc - skipped
-- Detecting C compile features
-- Detecting C compile features - done
-- Detecting CXX compiler ABI info
-- Detecting CXX compiler ABI info - done
-- Check for working CXX compiler: /usr/bin/c++ - skipped
-- Detecting CXX compile features
-- Detecting CXX compile features - done
-- Found ament_cmake: 1.3.5 (/opt/ros/humble/share/ament_cmake/cmake)
-- Found Python3: /usr/bin/python3.10 (found version "3.10.12") found components: Interpreter 
-- Found rclcpp: 16.0.6 (/opt/ros/humble/share/rclcpp/cmake)
-- Found rosidl_generator_c: 3.1.5 (/opt/ros/humble/share/rosidl_generator_c/cmake)
-- Found rosidl_adapter: 3.1.5 (/opt/ros/humble/share/rosidl_adapter/cmake)
-- Found rosidl_generator_cpp: 3.1.5 (/opt/ros/humble/share/rosidl_generator_cpp/cmake)
-- Using all available rosidl_typesupport_c: rosidl_typesupport_fastrtps_c;rosidl_typesupport_introspection_c
-- Using all available rosidl_typesupport_cpp: rosidl_typesupport_fastrtps_cpp;rosidl_typesupport_introspection_cpp
-- Found rmw_implementation_cmake: 6.1.1 (/opt/ros/humble/share/rmw_implementation_cmake/cmake)
-- Found rmw_fastrtps_cpp: 6.2.4 (/opt/ros/humble/share/rmw_fastrtps_cpp/cmake)
-- Found OpenSSL: /usr/lib/x86_64-linux-gnu/libcrypto.so (found version "3.0.2")  
-- Found FastRTPS: /opt/ros/humble/include  
-- Using RMW implementation 'rmw_fastrtps_cpp' as default
-- Looking for pthread.h
-- Looking for pthread.h - found
-- Performing Test CMAKE_HAVE_LIBC_PTHREAD
-- Performing Test CMAKE_HAVE_LIBC_PTHREAD - Success
-- Found Threads: TRUE  
-- Found rclpy: 3.3.10 (/opt/ros/humble/share/rclpy/cmake)
-- Found interfaces: 0.0.0 (/home/insa/Desktop/3.0/VigiWheels/raspberryPI3/ros2_ws/install/interfaces/share/interfaces/cmake)
-- Found sensor_msgs: 4.2.3 (/opt/ros/humble/share/sensor_msgs/cmake)
-- Found ament_lint_auto: 0.12.8 (/opt/ros/humble/share/ament_lint_auto/cmake)
-- Added test 'copyright' to check source files copyright and LICENSE
-- Added test 'cppcheck' to perform static code analysis on C / C++ code
-- Configured cppcheck include dirs: /home/insa/Desktop/3.0/VigiWheels/raspberryPI3/ros2_ws/src/joystick/include
-- Configured cppcheck exclude dirs and/or files: 
-- Added test 'cpplint' to check C / C++ code against the Google style
-- Configured cpplint exclude dirs and/or files: 
-- Added test 'flake8' to check Python code syntax and style conventions
-- Added test 'lint_cmake' to check CMake code style
-- Added test 'pep257' to check Python code against some of the docstring style conventions in PEP 257
-- Added test 'uncrustify' to check C / C++ code style
-- Configured uncrustify additional arguments: 
-- Added test 'xmllint' to check XML markup files
-- Configuring done
-- Generating done
-- Build files have been written to: /home/insa/Desktop/3.0/VigiWheels/raspberryPI3/ros2_ws/build/joystick
[ 50%] [32mBuilding CXX object CMakeFiles/joystick_to_cmd.dir/src/joystick_to_cmd_node.cpp.o[0m
[100%] [32m[1mLinking CXX executable joystick_to_cmd[0m
[100%] Built target joystick_to_cmd
[100%] Built target ament_cmake_python_copy_joystick
running egg_info
creating joystick.egg-info
writing joystick.egg-info/PKG-INFO
writing dependency_links to joystick.egg-info/dependency_links.txt
writing top-level names to joystick.egg-info/top_level.txt
writing manifest file 'joystick.egg-info/SOURCES.txt'
reading manifest file 'joystick.egg-info/SOURCES.txt'
writing manifest file 'joystick.egg-info/SOURCES.txt'
[100%] Built target ament_cmake_python_build_joystick_egg
-- Install configuration: ""
-- Installing: /home/insa/Desktop/3.0/VigiWheels/raspberryPI3/ros2_ws/install/joystick/lib/joystick/joystick_to_cmd
-- Set runtime path of "/home/insa/Desktop/3.0/VigiWheels/raspberryPI3/ros2_ws/install/joystick/lib/joystick/joystick_to_cmd" to ""
-- Installing: /home/insa/Desktop/3.0/VigiWheels/raspberryPI3/ros2_ws/install/joystick/share/joystick/environment/pythonpath.sh
-- Installing: /home/insa/Desktop/3.0/VigiWheels/raspberryPI3/ros2_ws/install/joystick/share/joystick/environment/pythonpath.dsv
-- Installing: /home/insa/Desktop/3.0/VigiWheels/raspberryPI3/ros2_ws/install/joystick/local/lib/python3.10/dist-packages/joystick-0.0.0-py3.10.egg-info
-- Installing: /home/insa/Desktop/3.0/VigiWheels/raspberryPI3/ros2_ws/install/joystick/local/lib/python3.10/dist-packages/joystick-0.0.0-py3.10.egg-info/dependency_links.txt
-- Installing: /home/insa/Desktop/3.0/VigiWheels/raspberryPI3/ros2_ws/install/joystick/local/lib/python3.10/dist-packages/joystick-0.0.0-py3.10.egg-info/PKG-INFO
-- Installing: /home/insa/Desktop/3.0/VigiWheels/raspberryPI3/ros2_ws/install/joystick/local/lib/python3.10/dist-packages/joystick-0.0.0-py3.10.egg-info/SOURCES.txt
-- Installing: /home/insa/Desktop/3.0/VigiWheels/raspberryPI3/ros2_ws/install/joystick/local/lib/python3.10/dist-packages/joystick-0.0.0-py3.10.egg-info/top_level.txt
-- Installing: /home/insa/Desktop/3.0/VigiWheels/raspberryPI3/ros2_ws/install/joystick/local/lib/python3.10/dist-packages/joystick
-- Installing: /home/insa/Desktop/3.0/VigiWheels/raspberryPI3/ros2_ws/install/joystick/local/lib/python3.10/dist-packages/joystick/LICENSE
-- Installing: /home/insa/Desktop/3.0/VigiWheels/raspberryPI3/ros2_ws/install/joystick/local/lib/python3.10/dist-packages/joystick/resource
-- Installing: /home/insa/Desktop/3.0/VigiWheels/raspberryPI3/ros2_ws/install/joystick/local/lib/python3.10/dist-packages/joystick/resource/joystick_ros2
-- Installing: /home/insa/Desktop/3.0/VigiWheels/raspberryPI3/ros2_ws/install/joystick/local/lib/python3.10/dist-packages/joystick/__init__.py
-- Installing: /home/insa/Desktop/3.0/VigiWheels/raspberryPI3/ros2_ws/install/joystick/local/lib/python3.10/dist-packages/joystick/input_example.py
-- Installing: /home/insa/Desktop/3.0/VigiWheels/raspberryPI3/ros2_ws/install/joystick/local/lib/python3.10/dist-packages/joystick/README.md
-- Installing: /home/insa/Desktop/3.0/VigiWheels/raspberryPI3/ros2_ws/install/joystick/local/lib/python3.10/dist-packages/joystick/inputs.py
-- Installing: /home/insa/Desktop/3.0/VigiWheels/raspberryPI3/ros2_ws/install/joystick/local/lib/python3.10/dist-packages/joystick/package.xml
-- Installing: /home/insa/Desktop/3.0/VigiWheels/raspberryPI3/ros2_ws/install/joystick/local/lib/python3.10/dist-packages/joystick/CONTRIBUTING.md
-- Installing: /home/insa/Desktop/3.0/VigiWheels/raspberryPI3/ros2_ws/install/joystick/local/lib/python3.10/dist-packages/joystick/joystick_ros2.py
-- Installing: /home/insa/Desktop/3.0/VigiWheels/raspberryPI3/ros2_ws/install/joystick/local/lib/python3.10/dist-packages/joystick/images
-- Installing: /home/insa/Desktop/3.0/VigiWheels/raspberryPI3/ros2_ws/install/joystick/local/lib/python3.10/dist-packages/joystick/images/mac_settings.png
Listing '/home/insa/Desktop/3.0/VigiWheels/raspberryPI3/ros2_ws/install/joystick/local/lib/python3.10/dist-packages/joystick'...
Compiling '/home/insa/Desktop/3.0/VigiWheels/raspberryPI3/ros2_ws/install/joystick/local/lib/python3.10/dist-packages/joystick/__init__.py'...
Listing '/home/insa/Desktop/3.0/VigiWheels/raspberryPI3/ros2_ws/install/joystick/local/lib/python3.10/dist-packages/joystick/images'...
Compiling '/home/insa/Desktop/3.0/VigiWheels/raspberryPI3/ros2_ws/install/joystick/local/lib/python3.10/dist-packages/joystick/input_example.py'...
Compiling '/home/insa/Desktop/3.0/VigiWheels/raspberryPI3/ros2_ws/install/joystick/local/lib/python3.10/dist-packages/joystick/inputs.py'...
Compiling '/home/insa/Desktop/3.0/VigiWheels/raspberryPI3/ros2_ws/install/joystick/local/lib/python3.10/dist-packages/joystick/joystick_ros2.py'...
Listing '/home/insa/Desktop/3.0/VigiWheels/raspberryPI3/ros2_ws/install/joystick/local/lib/python3.10/dist-packages/joystick/resource'...
-- Installing: /home/insa/Desktop/3.0/VigiWheels/raspberryPI3/ros2_ws/install/joystick/lib/joystick/joystick_ros2.py
-- Installing: /home/insa/Desktop/3.0/VigiWheels/raspberryPI3/ros2_ws/install/joystick/lib/joystick/inputs.py
-- Installing: /home/insa/Desktop/3.0/VigiWheels/raspberryPI3/ros2_ws/install/joystick/share/ament_index/resource_index/package_run_dependencies/joystick
-- Installing: /home/insa/Desktop/3.0/VigiWheels/raspberryPI3/ros2_ws/install/joystick/share/ament_index/resource_index/parent_prefix_path/joystick
-- Installing: /home/insa/Desktop/3.0/VigiWheels/raspberryPI3/ros2_ws/install/joystick/share/joystick/environment/ament_prefix_path.sh
-- Installing: /home/insa/Desktop/3.0/VigiWheels/raspberryPI3/ros2_ws/install/joystick/share/joystick/environment/ament_prefix_path.dsv
-- Installing: /home/insa/Desktop/3.0/VigiWheels/raspberryPI3/ros2_ws/install/joystick/share/joystick/environment/path.sh
-- Installing: /home/insa/Desktop/3.0/VigiWheels/raspberryPI3/ros2_ws/install/joystick/share/joystick/environment/path.dsv
-- Installing: /home/insa/Desktop/3.0/VigiWheels/raspberryPI3/ros2_ws/install/joystick/share/joystick/local_setup.bash
-- Installing: /home/insa/Desktop/3.0/VigiWheels/raspberryPI3/ros2_ws/install/joystick/share/joystick/local_setup.sh
-- Installing: /home/insa/Desktop/3.0/VigiWheels/raspberryPI3/ros2_ws/install/joystick/share/joystick/local_setup.zsh
-- Installing: /home/insa/Desktop/3.0/VigiWheels/raspberryPI3/ros2_ws/install/joystick/share/joystick/local_setup.dsv
-- Installing: /home/insa/Desktop/3.0/VigiWheels/raspberryPI3/ros2_ws/install/joystick/share/joystick/package.dsv
-- Installing: /home/insa/Desktop/3.0/VigiWheels/raspberryPI3/ros2_ws/install/joystick/share/ament_index/resource_index/packages/joystick
-- Installing: /home/insa/Desktop/3.0/VigiWheels/raspberryPI3/ros2_ws/install/joystick/share/joystick/cmake/joystickConfig.cmake
-- Installing: /home/insa/Desktop/3.0/VigiWheels/raspberryPI3/ros2_ws/install/joystick/share/joystick/cmake/joystickConfig-version.cmake
-- Installing: /home/insa/Desktop/3.0/VigiWheels/raspberryPI3/ros2_ws/install/joystick/share/joystick/package.xml
