[0.497s] Invoking command in '/home/insa/Desktop/VigiWheels2.0/raspberryPI3/ros2_ws/build/obstacles': CMAKE_PREFIX_PATH=${CMAKE_PREFIX_PATH}:/opt/ros/humble /usr/bin/cmake /home/insa/Desktop/VigiWheels2.0/raspberryPI3/ros2_ws/src/obstacles -DCMAKE_INSTALL_PREFIX=/home/insa/Desktop/VigiWheels2.0/raspberryPI3/ros2_ws/install/obstacles
[7.000s] -- The C compiler identification is GNU 11.4.0
[7.000s] -- The CXX compiler identification is GNU 11.4.0
[7.000s] -- Detecting C compiler ABI info
[7.001s] -- Detecting C compiler ABI info - done
[7.001s] -- Check for working C compiler: /usr/bin/cc - skipped
[7.001s] -- Detecting C compile features
[7.001s] -- Detecting C compile features - done
[7.001s] -- Detecting CXX compiler ABI info
[7.001s] -- Detecting CXX compiler ABI info - done
[7.002s] -- Check for working CXX compiler: /usr/bin/c++ - skipped
[7.002s] -- Detecting CXX compile features
[7.002s] -- Detecting CXX compile features - done
[7.002s] -- Found ament_cmake: 1.3.5 (/opt/ros/humble/share/ament_cmake/cmake)
[7.002s] -- Found Python3: /usr/bin/python3.10 (found version "3.10.12") found components: Interpreter 
[7.002s] -- Found rclcpp: 16.0.6 (/opt/ros/humble/share/rclcpp/cmake)
[7.003s] -- Found rosidl_generator_c: 3.1.5 (/opt/ros/humble/share/rosidl_generator_c/cmake)
[7.003s] -- Found rosidl_adapter: 3.1.5 (/opt/ros/humble/share/rosidl_adapter/cmake)
[7.003s] -- Found rosidl_generator_cpp: 3.1.5 (/opt/ros/humble/share/rosidl_generator_cpp/cmake)
[7.003s] -- Using all available rosidl_typesupport_c: rosidl_typesupport_fastrtps_c;rosidl_typesupport_introspection_c
[7.003s] -- Using all available rosidl_typesupport_cpp: rosidl_typesupport_fastrtps_cpp;rosidl_typesupport_introspection_cpp
[7.003s] -- Found rmw_implementation_cmake: 6.1.1 (/opt/ros/humble/share/rmw_implementation_cmake/cmake)
[7.004s] -- Found rmw_fastrtps_cpp: 6.2.4 (/opt/ros/humble/share/rmw_fastrtps_cpp/cmake)
[7.004s] -- Found OpenSSL: /usr/lib/x86_64-linux-gnu/libcrypto.so (found version "3.0.2")  
[7.004s] -- Found FastRTPS: /opt/ros/humble/include  
[7.004s] -- Using RMW implementation 'rmw_fastrtps_cpp' as default
[7.004s] -- Looking for pthread.h
[7.004s] -- Looking for pthread.h - found
[7.005s] -- Performing Test CMAKE_HAVE_LIBC_PTHREAD
[7.005s] -- Performing Test CMAKE_HAVE_LIBC_PTHREAD - Success
[7.005s] -- Found Threads: TRUE  
[7.005s] -- Found interfaces: 0.0.0 (/home/insa/Desktop/VigiWheels2.0/raspberryPI3/ros2_ws/install/interfaces/share/interfaces/cmake)
[7.005s] -- Found sensor_msgs: 4.2.3 (/opt/ros/humble/share/sensor_msgs/cmake)
[7.036s] -- Found std_srvs: 4.2.3 (/opt/ros/humble/share/std_srvs/cmake)
[7.108s] -- Found ament_lint_auto: 0.12.8 (/opt/ros/humble/share/ament_lint_auto/cmake)
[7.582s] -- Added test 'cppcheck' to perform static code analysis on C / C++ code
[7.583s] -- Configured cppcheck include dirs: $<BUILD_INTERFACE:/home/insa/Desktop/VigiWheels2.0/raspberryPI3/ros2_ws/src/obstacles/include>
[7.583s] -- Configured cppcheck exclude dirs and/or files: 
[7.585s] -- Added test 'lint_cmake' to check CMake code style
[7.589s] -- Added test 'uncrustify' to check C / C++ code style
[7.589s] -- Configured uncrustify additional arguments: 
[7.592s] -- Added test 'xmllint' to check XML markup files
[7.597s] -- Configuring done
[7.630s] -- Generating done
[7.637s] -- Build files have been written to: /home/insa/Desktop/VigiWheels2.0/raspberryPI3/ros2_ws/build/obstacles
[7.667s] Invoked command in '/home/insa/Desktop/VigiWheels2.0/raspberryPI3/ros2_ws/build/obstacles' returned '0': CMAKE_PREFIX_PATH=${CMAKE_PREFIX_PATH}:/opt/ros/humble /usr/bin/cmake /home/insa/Desktop/VigiWheels2.0/raspberryPI3/ros2_ws/src/obstacles -DCMAKE_INSTALL_PREFIX=/home/insa/Desktop/VigiWheels2.0/raspberryPI3/ros2_ws/install/obstacles
[7.689s] Invoking command in '/home/insa/Desktop/VigiWheels2.0/raspberryPI3/ros2_ws/build/obstacles': CMAKE_PREFIX_PATH=${CMAKE_PREFIX_PATH}:/opt/ros/humble /usr/bin/cmake --build /home/insa/Desktop/VigiWheels2.0/raspberryPI3/ros2_ws/build/obstacles -- -j8 -l8
[7.892s] [ 50%] [32mBuilding CXX object CMakeFiles/obstacles.dir/src/obstacles_node.cpp.o[0m
[39.692s] [100%] [32m[1mLinking CXX executable obstacles[0m
[41.017s] [100%] Built target obstacles
[41.044s] Invoked command in '/home/insa/Desktop/VigiWheels2.0/raspberryPI3/ros2_ws/build/obstacles' returned '0': CMAKE_PREFIX_PATH=${CMAKE_PREFIX_PATH}:/opt/ros/humble /usr/bin/cmake --build /home/insa/Desktop/VigiWheels2.0/raspberryPI3/ros2_ws/build/obstacles -- -j8 -l8
[41.362s] Invoking command in '/home/insa/Desktop/VigiWheels2.0/raspberryPI3/ros2_ws/build/obstacles': CMAKE_PREFIX_PATH=${CMAKE_PREFIX_PATH}:/opt/ros/humble /usr/bin/cmake --install /home/insa/Desktop/VigiWheels2.0/raspberryPI3/ros2_ws/build/obstacles
[41.568s] -- Install configuration: ""
[41.568s] -- Installing: /home/insa/Desktop/VigiWheels2.0/raspberryPI3/ros2_ws/install/obstacles/lib/obstacles/obstacles
[41.568s] -- Set runtime path of "/home/insa/Desktop/VigiWheels2.0/raspberryPI3/ros2_ws/install/obstacles/lib/obstacles/obstacles" to ""
[41.569s] -- Installing: /home/insa/Desktop/VigiWheels2.0/raspberryPI3/ros2_ws/install/obstacles/share/ament_index/resource_index/package_run_dependencies/obstacles
[41.569s] -- Installing: /home/insa/Desktop/VigiWheels2.0/raspberryPI3/ros2_ws/install/obstacles/share/ament_index/resource_index/parent_prefix_path/obstacles
[41.569s] -- Installing: /home/insa/Desktop/VigiWheels2.0/raspberryPI3/ros2_ws/install/obstacles/share/obstacles/environment/ament_prefix_path.sh
[41.569s] -- Installing: /home/insa/Desktop/VigiWheels2.0/raspberryPI3/ros2_ws/install/obstacles/share/obstacles/environment/ament_prefix_path.dsv
[41.569s] -- Installing: /home/insa/Desktop/VigiWheels2.0/raspberryPI3/ros2_ws/install/obstacles/share/obstacles/environment/path.sh
[41.569s] -- Installing: /home/insa/Desktop/VigiWheels2.0/raspberryPI3/ros2_ws/install/obstacles/share/obstacles/environment/path.dsv
[41.569s] -- Installing: /home/insa/Desktop/VigiWheels2.0/raspberryPI3/ros2_ws/install/obstacles/share/obstacles/local_setup.bash
[41.570s] -- Installing: /home/insa/Desktop/VigiWheels2.0/raspberryPI3/ros2_ws/install/obstacles/share/obstacles/local_setup.sh
[41.570s] -- Installing: /home/insa/Desktop/VigiWheels2.0/raspberryPI3/ros2_ws/install/obstacles/share/obstacles/local_setup.zsh
[41.570s] -- Installing: /home/insa/Desktop/VigiWheels2.0/raspberryPI3/ros2_ws/install/obstacles/share/obstacles/local_setup.dsv
[41.570s] -- Installing: /home/insa/Desktop/VigiWheels2.0/raspberryPI3/ros2_ws/install/obstacles/share/obstacles/package.dsv
[41.570s] -- Installing: /home/insa/Desktop/VigiWheels2.0/raspberryPI3/ros2_ws/install/obstacles/share/ament_index/resource_index/packages/obstacles
[41.570s] -- Installing: /home/insa/Desktop/VigiWheels2.0/raspberryPI3/ros2_ws/install/obstacles/share/obstacles/cmake/ament_cmake_export_include_directories-extras.cmake
[41.571s] -- Installing: /home/insa/Desktop/VigiWheels2.0/raspberryPI3/ros2_ws/install/obstacles/share/obstacles/cmake/obstaclesConfig.cmake
[41.571s] -- Installing: /home/insa/Desktop/VigiWheels2.0/raspberryPI3/ros2_ws/install/obstacles/share/obstacles/cmake/obstaclesConfig-version.cmake
[41.571s] -- Installing: /home/insa/Desktop/VigiWheels2.0/raspberryPI3/ros2_ws/install/obstacles/share/obstacles/package.xml
[41.981s] Invoked command in '/home/insa/Desktop/VigiWheels2.0/raspberryPI3/ros2_ws/build/obstacles' returned '0': CMAKE_PREFIX_PATH=${CMAKE_PREFIX_PATH}:/opt/ros/humble /usr/bin/cmake --install /home/insa/Desktop/VigiWheels2.0/raspberryPI3/ros2_ws/build/obstacles
