running egg_info
creating ../build/manometer_detection/manometer_detection.egg-info
writing ../build/manometer_detection/manometer_detection.egg-info/PKG-INFO
writing dependency_links to ../build/manometer_detection/manometer_detection.egg-info/dependency_links.txt
writing entry points to ../build/manometer_detection/manometer_detection.egg-info/entry_points.txt
writing requirements to ../build/manometer_detection/manometer_detection.egg-info/requires.txt
writing top-level names to ../build/manometer_detection/manometer_detection.egg-info/top_level.txt
writing manifest file '../build/manometer_detection/manometer_detection.egg-info/SOURCES.txt'
reading manifest file '../build/manometer_detection/manometer_detection.egg-info/SOURCES.txt'
writing manifest file '../build/manometer_detection/manometer_detection.egg-info/SOURCES.txt'
running build
running build_py
creating /home/moad/VigiWheels/jetsonNano/ros2_ws/src/build/manometer_detection/build
creating /home/moad/VigiWheels/jetsonNano/ros2_ws/src/build/manometer_detection/build/lib
creating /home/moad/VigiWheels/jetsonNano/ros2_ws/src/build/manometer_detection/build/lib/manometer_detection
copying manometer_detection/__init__.py -> /home/moad/VigiWheels/jetsonNano/ros2_ws/src/build/manometer_detection/build/lib/manometer_detection
running install
running install_lib
creating /home/moad/VigiWheels/jetsonNano/ros2_ws/src/install/manometer_detection/lib/python3.10/site-packages/manometer_detection
copying /home/moad/VigiWheels/jetsonNano/ros2_ws/src/build/manometer_detection/build/lib/manometer_detection/__init__.py -> /home/moad/VigiWheels/jetsonNano/ros2_ws/src/install/manometer_detection/lib/python3.10/site-packages/manometer_detection
byte-compiling /home/moad/VigiWheels/jetsonNano/ros2_ws/src/install/manometer_detection/lib/python3.10/site-packages/manometer_detection/__init__.py to __init__.cpython-310.pyc
running install_data
creating /home/moad/VigiWheels/jetsonNano/ros2_ws/src/install/manometer_detection/share/ament_index
creating /home/moad/VigiWheels/jetsonNano/ros2_ws/src/install/manometer_detection/share/ament_index/resource_index
creating /home/moad/VigiWheels/jetsonNano/ros2_ws/src/install/manometer_detection/share/ament_index/resource_index/packages
copying resource/manometer_detection -> /home/moad/VigiWheels/jetsonNano/ros2_ws/src/install/manometer_detection/share/ament_index/resource_index/packages
copying package.xml -> /home/moad/VigiWheels/jetsonNano/ros2_ws/src/install/manometer_detection/share/manometer_detection
running install_egg_info
Copying ../build/manometer_detection/manometer_detection.egg-info to /home/moad/VigiWheels/jetsonNano/ros2_ws/src/install/manometer_detection/lib/python3.10/site-packages/manometer_detection-0.0.0-py3.10.egg-info
running install_scripts
writing list of installed files to '/home/moad/VigiWheels/jetsonNano/ros2_ws/src/build/manometer_detection/install.log'
