[0.613s] Invoking command in '/home/moad/VigiWheels/jetsonNano/ros2_ws/src/manometer_detection': PYTHONPATH=/home/moad/VigiWheels/jetsonNano/ros2_ws/src/build/manometer_detection/prefix_override:/home/moad/VigiWheels/jetsonNano/ros2_ws/src/install/manometer_detection/lib/python3.10/site-packages:${PYTHONPATH} /usr/bin/python3 setup.py egg_info --egg-base ../build/manometer_detection build --build-base /home/moad/VigiWheels/jetsonNano/ros2_ws/src/build/manometer_detection/build install --record /home/moad/VigiWheels/jetsonNano/ros2_ws/src/build/manometer_detection/install.log --single-version-externally-managed
[0.765s] running egg_info
[0.766s] creating ../build/manometer_detection/manometer_detection.egg-info
[0.766s] writing ../build/manometer_detection/manometer_detection.egg-info/PKG-INFO
[0.766s] writing dependency_links to ../build/manometer_detection/manometer_detection.egg-info/dependency_links.txt
[0.766s] writing entry points to ../build/manometer_detection/manometer_detection.egg-info/entry_points.txt
[0.766s] writing requirements to ../build/manometer_detection/manometer_detection.egg-info/requires.txt
[0.766s] writing top-level names to ../build/manometer_detection/manometer_detection.egg-info/top_level.txt
[0.766s] writing manifest file '../build/manometer_detection/manometer_detection.egg-info/SOURCES.txt'
[0.767s] reading manifest file '../build/manometer_detection/manometer_detection.egg-info/SOURCES.txt'
[0.768s] writing manifest file '../build/manometer_detection/manometer_detection.egg-info/SOURCES.txt'
[0.768s] running build
[0.768s] running build_py
[0.768s] creating /home/moad/VigiWheels/jetsonNano/ros2_ws/src/build/manometer_detection/build
[0.768s] creating /home/moad/VigiWheels/jetsonNano/ros2_ws/src/build/manometer_detection/build/lib
[0.768s] creating /home/moad/VigiWheels/jetsonNano/ros2_ws/src/build/manometer_detection/build/lib/manometer_detection
[0.768s] copying manometer_detection/__init__.py -> /home/moad/VigiWheels/jetsonNano/ros2_ws/src/build/manometer_detection/build/lib/manometer_detection
[0.768s] running install
[0.768s] running install_lib
[0.768s] creating /home/moad/VigiWheels/jetsonNano/ros2_ws/src/install/manometer_detection/lib/python3.10/site-packages/manometer_detection
[0.769s] copying /home/moad/VigiWheels/jetsonNano/ros2_ws/src/build/manometer_detection/build/lib/manometer_detection/__init__.py -> /home/moad/VigiWheels/jetsonNano/ros2_ws/src/install/manometer_detection/lib/python3.10/site-packages/manometer_detection
[0.769s] byte-compiling /home/moad/VigiWheels/jetsonNano/ros2_ws/src/install/manometer_detection/lib/python3.10/site-packages/manometer_detection/__init__.py to __init__.cpython-310.pyc
[0.769s] running install_data
[0.769s] creating /home/moad/VigiWheels/jetsonNano/ros2_ws/src/install/manometer_detection/share/ament_index
[0.769s] creating /home/moad/VigiWheels/jetsonNano/ros2_ws/src/install/manometer_detection/share/ament_index/resource_index
[0.769s] creating /home/moad/VigiWheels/jetsonNano/ros2_ws/src/install/manometer_detection/share/ament_index/resource_index/packages
[0.769s] copying resource/manometer_detection -> /home/moad/VigiWheels/jetsonNano/ros2_ws/src/install/manometer_detection/share/ament_index/resource_index/packages
[0.769s] copying package.xml -> /home/moad/VigiWheels/jetsonNano/ros2_ws/src/install/manometer_detection/share/manometer_detection
[0.770s] running install_egg_info
[0.770s] Copying ../build/manometer_detection/manometer_detection.egg-info to /home/moad/VigiWheels/jetsonNano/ros2_ws/src/install/manometer_detection/lib/python3.10/site-packages/manometer_detection-0.0.0-py3.10.egg-info
[0.771s] running install_scripts
[0.785s] writing list of installed files to '/home/moad/VigiWheels/jetsonNano/ros2_ws/src/build/manometer_detection/install.log'
[0.803s] Invoked command in '/home/moad/VigiWheels/jetsonNano/ros2_ws/src/manometer_detection' returned '0': PYTHONPATH=/home/moad/VigiWheels/jetsonNano/ros2_ws/src/build/manometer_detection/prefix_override:/home/moad/VigiWheels/jetsonNano/ros2_ws/src/install/manometer_detection/lib/python3.10/site-packages:${PYTHONPATH} /usr/bin/python3 setup.py egg_info --egg-base ../build/manometer_detection build --build-base /home/moad/VigiWheels/jetsonNano/ros2_ws/src/build/manometer_detection/build install --record /home/moad/VigiWheels/jetsonNano/ros2_ws/src/build/manometer_detection/install.log --single-version-externally-managed
