[01m[K/home/insa/Desktop/VigiWheels/raspberryPI3/ros2_ws/src/fire_detection/src/serial_reading.cpp:23:16:[m[K [01;31m[Kerror: [m[K‘[01m[Kcreate_wall_timer[m[K’ is not a type
   23 |         timer_([01;31m[Kcreate_wall_timer[m[K(std::chrono::milliseconds(250), std::bind(&SerialReadingNode::serialCommunication, this)));
      |                [01;31m[K^~~~~~~~~~~~~~~~~[m[K
[01m[K/home/insa/Desktop/VigiWheels/raspberryPI3/ros2_ws/src/fire_detection/src/serial_reading.cpp:23:59:[m[K [01;31m[Kerror: [m[Kexpected unqualified-id before ‘[01m[K([m[K’ token
   23 | mer(std::chrono::milliseconds[01;31m[K([m[K250), std::bind(&SerialReadingNode::serialCommunication, this)));
      |                              [01;31m[K^[m[K

[01m[K/home/insa/Desktop/VigiWheels/raspberryPI3/ros2_ws/src/fire_detection/src/serial_reading.cpp:23:59:[m[K [01;31m[Kerror: [m[Kexpected ‘[01m[K)[m[K’ before ‘[01m[K([m[K’ token
   23 | mer[34m[K([m[Kstd::chrono::milliseconds[01;31m[K([m[K250), std::bind(&SerialReadingNode::serialCommunication, this)));
      |    [34m[K~[m[K                         [01;31m[K^[m[K
      |                              [32m[K)[m[K
[01m[K/home/insa/Desktop/VigiWheels/raspberryPI3/ros2_ws/src/fire_detection/src/serial_reading.cpp:23:59:[m[K [01;31m[Kerror: [m[Kexpected ‘[01m[K)[m[K’ before ‘[01m[K([m[K’ token
   23 | mer(std::chrono::milliseconds[01;31m[K([m[K250), std::bind(&SerialReadingNode::serialCommunication, this)));
      |                              [01;31m[K^[m[K
      |                              [32m[K)[m[K
[01m[K/home/insa/Desktop/VigiWheels/raspberryPI3/ros2_ws/src/fire_detection/src/serial_reading.cpp:23:60:[m[K [01;31m[Kerror: [m[Kexpected identifier before numeric constant
   23 | er(std::chrono::milliseconds([01;31m[K250[m[K), std::bind(&SerialReadingNode::serialCommunication, this)));
      |                              [01;31m[K^~~[m[K

[01m[K/home/insa/Desktop/VigiWheels/raspberryPI3/ros2_ws/src/fire_detection/src/serial_reading.cpp:23:60:[m[K [01;31m[Kerror: [m[Kexpected ‘[01m[K,[m[K’ or ‘[01m[K...[m[K’ before numeric constant
[01m[K/home/insa/Desktop/VigiWheels/raspberryPI3/ros2_ws/src/fire_detection/src/serial_reading.cpp:23:9:[m[K [01;31m[Kerror: [m[KISO C++ forbids declaration of ‘[01m[Ktimer_[m[K’ with no type [[01;31m[K]8;;https://gcc.gnu.org/onlinedocs/gcc/Warning-Options.html#index-fpermissive-fpermissive]8;;[m[K]
   23 |         [01;31m[Ktimer_[m[K(create_wall_timer(std::chrono::milliseconds(250), std::bind(&SerialReadingNode::serialCommunication, this)));
      |         [01;31m[K^~~~~~[m[K
[01m[K/home/insa/Desktop/VigiWheels/raspberryPI3/ros2_ws/src/fire_detection/src/serial_reading.cpp:23:63:[m[K [01;31m[Kerror: [m[K‘[01m[Ktimer_[m[K’ declared as function returning a function
   23 | std::chrono::milliseconds(250[01;31m[K)[m[K, std::bind(&SerialReadingNode::serialCommunication, this)));
      |                              [01;31m[K^[m[K

[01m[K/home/insa/Desktop/VigiWheels/raspberryPI3/ros2_ws/src/fire_detection/src/serial_reading.cpp:23:76:[m[K [01;31m[Kerror: [m[Kexpected identifier before ‘[01m[K&[m[K’ token
   23 | milliseconds(250), std::bind([01;31m[K&[m[KSerialReadingNode::serialCommunication, this)));
      |                              [01;31m[K^[m[K

[01m[K/home/insa/Desktop/VigiWheels/raspberryPI3/ros2_ws/src/fire_detection/src/serial_reading.cpp:23:77:[m[K [01;31m[Kerror: [m[Kexpected ‘[01m[K,[m[K’ or ‘[01m[K...[m[K’
   23 | illiseconds(250), std::bind(&[01;31m[KSerialReadingNode[m[K::serialCommunication, this)));
      |                              [01;31m[K^~~~~~~~~~~~~~~~~[m[K

[01m[K/home/insa/Desktop/VigiWheels/raspberryPI3/ros2_ws/src/fire_detection/src/serial_reading.cpp:23:66:[m[K [01;31m[Kerror: [m[KISO C++ forbids declaration of ‘[01m[Kbind[m[K’ with no type [[01;31m[K]8;;https://gcc.gnu.org/onlinedocs/gcc/Warning-Options.html#index-fpermissive-fpermissive]8;;[m[K]
   23 | ::chrono::milliseconds(250), [01;31m[Kstd[m[K::bind(&SerialReadingNode::serialCommunication, this)));
      |                              [01;31m[K^~~[m[K

[01m[K/home/insa/Desktop/VigiWheels/raspberryPI3/ros2_ws/src/fire_detection/src/serial_reading.cpp:23:66:[m[K [01;31m[Kerror: [m[Kinvalid use of ‘[01m[K::[m[K’
[01m[K/home/insa/Desktop/VigiWheels/raspberryPI3/ros2_ws/src/fire_detection/src/serial_reading.cpp:23:121:[m[K [01;31m[Kerror: [m[Kexpected ‘[01m[K;[m[K’ at end of member declaration
   23 | adingNode::serialCommunication, this[01;31m[K)[m[K));
      |                                     [01;31m[K^[m[K
      |                                      [32m[K;[m[K
[01m[K/home/insa/Desktop/VigiWheels/raspberryPI3/ros2_ws/src/fire_detection/src/serial_reading.cpp:23:122:[m[K [01;31m[Kerror: [m[Kexpected unqualified-id before ‘[01m[K)[m[K’ token
   23 | adingNode::serialCommunication, this)[01;31m[K)[m[K);
      |                                      [01;31m[K^[m[K

[01m[K/home/insa/Desktop/VigiWheels/raspberryPI3/ros2_ws/src/fire_detection/src/serial_reading.cpp:24:5:[m[K [01;31m[Kerror: [m[Kexpected unqualified-id before ‘[01m[K{[m[K’ token
   24 |     [01;31m[K{[m[K
      |     [01;31m[K^[m[K
[01m[K/home/insa/Desktop/VigiWheels/raspberryPI3/ros2_ws/src/fire_detection/src/serial_reading.cpp:[m[K In constructor ‘[01m[KSerialReadingNode::SerialReadingNode()[m[K’:
[01m[K/home/insa/Desktop/VigiWheels/raspberryPI3/ros2_ws/src/fire_detection/src/serial_reading.cpp:22:9:[m[K [01;31m[Kerror: [m[Kexpected ‘[01m[K{[m[K’ before ‘[01m[Kpublisher_[m[K’
   22 |         [01;31m[Kpublisher_[m[K(create_publisher<interfaces::msg::FireSensor>("data_fire", 10));
      |         [01;31m[K^~~~~~~~~~[m[K
[01m[K/home/insa/Desktop/VigiWheels/raspberryPI3/ros2_ws/src/fire_detection/src/serial_reading.cpp:[m[K In member function ‘[01m[Kint SerialReadingNode::serialCommunication()[m[K’:
[01m[K/home/insa/Desktop/VigiWheels/raspberryPI3/ros2_ws/src/fire_detection/src/serial_reading.cpp:144:33:[m[K [01;31m[Kerror: [m[K‘[01m[Kusing element_type = struct interfaces::msg::FireSensor_<std::allocator<void> >[m[K’ {aka ‘[01m[Kstruct interfaces::msg::FireSensor_<std::allocator<void> >[m[K’} has no member named ‘[01m[Kpublish[m[K’
  144 |                  publisher_->[01;31m[Kpublish[m[K(msg);
      |                              [01;31m[K^~~~~~~[m[K

gmake[2]: *** [CMakeFiles/serial_reading_node.dir/build.make:76: CMakeFiles/serial_reading_node.dir/src/serial_reading.cpp.o] Error 1
gmake[1]: *** [CMakeFiles/Makefile2:139: CMakeFiles/serial_reading_node.dir/all] Error 2
gmake: *** [Makefile:146: all] Error 2
