[0.989s] DEBUG:colcon:Command line arguments: ['/usr/bin/colcon', 'build', '--packages-select', 'fire_detection']
[0.989s] DEBUG:colcon:Parsed command line arguments: Namespace(log_base=None, log_level=None, verb_name='build', build_base='build', install_base='install', merge_install=False, symlink_install=False, test_result_base=None, continue_on_error=False, executor='parallel', parallel_workers=8, event_handlers=None, ignore_user_meta=False, metas=['./colcon.meta'], base_paths=['.'], packages_ignore=None, packages_ignore_regex=None, paths=None, packages_up_to=None, packages_up_to_regex=None, packages_above=None, packages_above_and_dependencies=None, packages_above_depth=None, packages_select_by_dep=None, packages_skip_by_dep=None, packages_skip_up_to=None, packages_select_build_failed=False, packages_skip_build_finished=False, packages_select_test_failures=False, packages_skip_test_passed=False, packages_select=['fire_detection'], packages_skip=None, packages_select_regex=None, packages_skip_regex=None, packages_start=None, packages_end=None, allow_overriding=[], cmake_args=None, cmake_target=None, cmake_target_skip_unavailable=False, cmake_clean_cache=False, cmake_clean_first=False, cmake_force_configure=False, ament_cmake_args=None, catkin_cmake_args=None, catkin_skip_building_tests=False, verb_parser=<colcon_defaults.argument_parser.defaults.DefaultArgumentsDecorator object at 0x7fc68a1cd090>, verb_extension=<colcon_core.verb.build.BuildVerb object at 0x7fc68a1cc2e0>, main=<bound method BuildVerb.main of <colcon_core.verb.build.BuildVerb object at 0x7fc68a1cc2e0>>)
[1.033s] Level 1:colcon.colcon_core.package_discovery:discover_packages(colcon_meta) check parameters
[1.033s] Level 1:colcon.colcon_core.package_discovery:discover_packages(recursive) check parameters
[1.033s] Level 1:colcon.colcon_core.package_discovery:discover_packages(ignore) check parameters
[1.033s] Level 1:colcon.colcon_core.package_discovery:discover_packages(path) check parameters
[1.033s] Level 1:colcon.colcon_core.package_discovery:discover_packages(colcon_meta) discover
[1.033s] Level 1:colcon.colcon_core.package_discovery:discover_packages(recursive) discover
[1.033s] INFO:colcon.colcon_core.package_discovery:Crawling recursively for packages in '/home/insa/Desktop/VigiWheels/raspberryPI3/ros2_ws'
[1.033s] Level 1:colcon.colcon_core.package_identification:_identify(.) by extensions ['ignore', 'ignore_ament_install']
[1.033s] Level 1:colcon.colcon_core.package_identification:_identify(.) by extension 'ignore'
[1.033s] Level 1:colcon.colcon_core.package_identification:_identify(.) by extension 'ignore_ament_install'
[1.033s] Level 1:colcon.colcon_core.package_identification:_identify(.) by extensions ['colcon_pkg']
[1.033s] Level 1:colcon.colcon_core.package_identification:_identify(.) by extension 'colcon_pkg'
[1.033s] Level 1:colcon.colcon_core.package_identification:_identify(.) by extensions ['colcon_meta']
[1.033s] Level 1:colcon.colcon_core.package_identification:_identify(.) by extension 'colcon_meta'
[1.033s] Level 1:colcon.colcon_core.package_identification:_identify(.) by extensions ['ros']
[1.033s] Level 1:colcon.colcon_core.package_identification:_identify(.) by extension 'ros'
[1.045s] Level 1:colcon.colcon_core.package_identification:_identify(.) by extensions ['cmake', 'python']
[1.045s] Level 1:colcon.colcon_core.package_identification:_identify(.) by extension 'cmake'
[1.045s] Level 1:colcon.colcon_core.package_identification:_identify(.) by extension 'python'
[1.045s] Level 1:colcon.colcon_core.package_identification:_identify(.) by extensions ['python_setup_py']
[1.045s] Level 1:colcon.colcon_core.package_identification:_identify(.) by extension 'python_setup_py'
[1.045s] Level 1:colcon.colcon_core.package_identification:_identify(build) by extensions ['ignore', 'ignore_ament_install']
[1.045s] Level 1:colcon.colcon_core.package_identification:_identify(build) by extension 'ignore'
[1.045s] Level 1:colcon.colcon_core.package_identification:_identify(build) ignored
[1.045s] Level 1:colcon.colcon_core.package_identification:_identify(install) by extensions ['ignore', 'ignore_ament_install']
[1.046s] Level 1:colcon.colcon_core.package_identification:_identify(install) by extension 'ignore'
[1.046s] Level 1:colcon.colcon_core.package_identification:_identify(install) ignored
[1.046s] Level 1:colcon.colcon_core.package_identification:_identify(log) by extensions ['ignore', 'ignore_ament_install']
[1.046s] Level 1:colcon.colcon_core.package_identification:_identify(log) by extension 'ignore'
[1.046s] Level 1:colcon.colcon_core.package_identification:_identify(log) ignored
[1.046s] Level 1:colcon.colcon_core.package_identification:_identify(src) by extensions ['ignore', 'ignore_ament_install']
[1.046s] Level 1:colcon.colcon_core.package_identification:_identify(src) by extension 'ignore'
[1.046s] Level 1:colcon.colcon_core.package_identification:_identify(src) by extension 'ignore_ament_install'
[1.046s] Level 1:colcon.colcon_core.package_identification:_identify(src) by extensions ['colcon_pkg']
[1.046s] Level 1:colcon.colcon_core.package_identification:_identify(src) by extension 'colcon_pkg'
[1.046s] Level 1:colcon.colcon_core.package_identification:_identify(src) by extensions ['colcon_meta']
[1.046s] Level 1:colcon.colcon_core.package_identification:_identify(src) by extension 'colcon_meta'
[1.046s] Level 1:colcon.colcon_core.package_identification:_identify(src) by extensions ['ros']
[1.046s] Level 1:colcon.colcon_core.package_identification:_identify(src) by extension 'ros'
[1.046s] Level 1:colcon.colcon_core.package_identification:_identify(src) by extensions ['cmake', 'python']
[1.046s] Level 1:colcon.colcon_core.package_identification:_identify(src) by extension 'cmake'
[1.047s] Level 1:colcon.colcon_core.package_identification:_identify(src) by extension 'python'
[1.047s] Level 1:colcon.colcon_core.package_identification:_identify(src) by extensions ['python_setup_py']
[1.047s] Level 1:colcon.colcon_core.package_identification:_identify(src) by extension 'python_setup_py'
[1.047s] Level 1:colcon.colcon_core.package_identification:_identify(src/can) by extensions ['ignore', 'ignore_ament_install']
[1.047s] Level 1:colcon.colcon_core.package_identification:_identify(src/can) by extension 'ignore'
[1.047s] Level 1:colcon.colcon_core.package_identification:_identify(src/can) by extension 'ignore_ament_install'
[1.047s] Level 1:colcon.colcon_core.package_identification:_identify(src/can) by extensions ['colcon_pkg']
[1.047s] Level 1:colcon.colcon_core.package_identification:_identify(src/can) by extension 'colcon_pkg'
[1.047s] Level 1:colcon.colcon_core.package_identification:_identify(src/can) by extensions ['colcon_meta']
[1.047s] Level 1:colcon.colcon_core.package_identification:_identify(src/can) by extension 'colcon_meta'
[1.047s] Level 1:colcon.colcon_core.package_identification:_identify(src/can) by extensions ['ros']
[1.047s] Level 1:colcon.colcon_core.package_identification:_identify(src/can) by extension 'ros'
[1.050s] DEBUG:colcon.colcon_core.package_identification:Package 'src/can' with type 'ros.ament_cmake' and name 'can'
[1.050s] Level 1:colcon.colcon_core.package_identification:_identify(src/car_control) by extensions ['ignore', 'ignore_ament_install']
[1.050s] Level 1:colcon.colcon_core.package_identification:_identify(src/car_control) by extension 'ignore'
[1.050s] Level 1:colcon.colcon_core.package_identification:_identify(src/car_control) by extension 'ignore_ament_install'
[1.050s] Level 1:colcon.colcon_core.package_identification:_identify(src/car_control) by extensions ['colcon_pkg']
[1.050s] Level 1:colcon.colcon_core.package_identification:_identify(src/car_control) by extension 'colcon_pkg'
[1.050s] Level 1:colcon.colcon_core.package_identification:_identify(src/car_control) by extensions ['colcon_meta']
[1.050s] Level 1:colcon.colcon_core.package_identification:_identify(src/car_control) by extension 'colcon_meta'
[1.050s] Level 1:colcon.colcon_core.package_identification:_identify(src/car_control) by extensions ['ros']
[1.050s] Level 1:colcon.colcon_core.package_identification:_identify(src/car_control) by extension 'ros'
[1.051s] DEBUG:colcon.colcon_core.package_identification:Package 'src/car_control' with type 'ros.ament_cmake' and name 'car_control'
[1.051s] Level 1:colcon.colcon_core.package_identification:_identify(src/carla_msgs) by extensions ['ignore', 'ignore_ament_install']
[1.051s] Level 1:colcon.colcon_core.package_identification:_identify(src/carla_msgs) by extension 'ignore'
[1.051s] Level 1:colcon.colcon_core.package_identification:_identify(src/carla_msgs) by extension 'ignore_ament_install'
[1.051s] Level 1:colcon.colcon_core.package_identification:_identify(src/carla_msgs) by extensions ['colcon_pkg']
[1.051s] Level 1:colcon.colcon_core.package_identification:_identify(src/carla_msgs) by extension 'colcon_pkg'
[1.051s] Level 1:colcon.colcon_core.package_identification:_identify(src/carla_msgs) by extensions ['colcon_meta']
[1.051s] Level 1:colcon.colcon_core.package_identification:_identify(src/carla_msgs) by extension 'colcon_meta'
[1.051s] Level 1:colcon.colcon_core.package_identification:_identify(src/carla_msgs) by extensions ['ros']
[1.051s] Level 1:colcon.colcon_core.package_identification:_identify(src/carla_msgs) by extension 'ros'
[1.052s] DEBUG:colcon.colcon_core.package_identification:Package 'src/carla_msgs' with type 'ros.ament_cmake' and name 'carla_msgs'
[1.052s] Level 1:colcon.colcon_core.package_identification:_identify(src/fire_detection) by extensions ['ignore', 'ignore_ament_install']
[1.052s] Level 1:colcon.colcon_core.package_identification:_identify(src/fire_detection) by extension 'ignore'
[1.052s] Level 1:colcon.colcon_core.package_identification:_identify(src/fire_detection) by extension 'ignore_ament_install'
[1.052s] Level 1:colcon.colcon_core.package_identification:_identify(src/fire_detection) by extensions ['colcon_pkg']
[1.052s] Level 1:colcon.colcon_core.package_identification:_identify(src/fire_detection) by extension 'colcon_pkg'
[1.052s] Level 1:colcon.colcon_core.package_identification:_identify(src/fire_detection) by extensions ['colcon_meta']
[1.052s] Level 1:colcon.colcon_core.package_identification:_identify(src/fire_detection) by extension 'colcon_meta'
[1.052s] Level 1:colcon.colcon_core.package_identification:_identify(src/fire_detection) by extensions ['ros']
[1.052s] Level 1:colcon.colcon_core.package_identification:_identify(src/fire_detection) by extension 'ros'
[1.053s] DEBUG:colcon.colcon_core.package_identification:Package 'src/fire_detection' with type 'ros.ament_cmake' and name 'fire_detection'
[1.053s] Level 1:colcon.colcon_core.package_identification:_identify(src/geicar_start) by extensions ['ignore', 'ignore_ament_install']
[1.053s] Level 1:colcon.colcon_core.package_identification:_identify(src/geicar_start) by extension 'ignore'
[1.053s] Level 1:colcon.colcon_core.package_identification:_identify(src/geicar_start) by extension 'ignore_ament_install'
[1.053s] Level 1:colcon.colcon_core.package_identification:_identify(src/geicar_start) by extensions ['colcon_pkg']
[1.053s] Level 1:colcon.colcon_core.package_identification:_identify(src/geicar_start) by extension 'colcon_pkg'
[1.053s] Level 1:colcon.colcon_core.package_identification:_identify(src/geicar_start) by extensions ['colcon_meta']
[1.053s] Level 1:colcon.colcon_core.package_identification:_identify(src/geicar_start) by extension 'colcon_meta'
[1.053s] Level 1:colcon.colcon_core.package_identification:_identify(src/geicar_start) by extensions ['ros']
[1.053s] Level 1:colcon.colcon_core.package_identification:_identify(src/geicar_start) by extension 'ros'
[1.054s] DEBUG:colcon.colcon_core.package_identification:Package 'src/geicar_start' with type 'ros.ament_cmake' and name 'geicar_start'
[1.054s] Level 1:colcon.colcon_core.package_identification:_identify(src/imu_tools) by extensions ['ignore', 'ignore_ament_install']
[1.054s] Level 1:colcon.colcon_core.package_identification:_identify(src/imu_tools) by extension 'ignore'
[1.054s] Level 1:colcon.colcon_core.package_identification:_identify(src/imu_tools) by extension 'ignore_ament_install'
[1.054s] Level 1:colcon.colcon_core.package_identification:_identify(src/imu_tools) by extensions ['colcon_pkg']
[1.054s] Level 1:colcon.colcon_core.package_identification:_identify(src/imu_tools) by extension 'colcon_pkg'
[1.054s] Level 1:colcon.colcon_core.package_identification:_identify(src/imu_tools) by extensions ['colcon_meta']
[1.054s] Level 1:colcon.colcon_core.package_identification:_identify(src/imu_tools) by extension 'colcon_meta'
[1.054s] Level 1:colcon.colcon_core.package_identification:_identify(src/imu_tools) by extensions ['ros']
[1.054s] Level 1:colcon.colcon_core.package_identification:_identify(src/imu_tools) by extension 'ros'
[1.054s] Level 1:colcon.colcon_core.package_identification:_identify(src/imu_tools) by extensions ['cmake', 'python']
[1.054s] Level 1:colcon.colcon_core.package_identification:_identify(src/imu_tools) by extension 'cmake'
[1.055s] Level 1:colcon.colcon_core.package_identification:_identify(src/imu_tools) by extension 'python'
[1.055s] Level 1:colcon.colcon_core.package_identification:_identify(src/imu_tools) by extensions ['python_setup_py']
[1.055s] Level 1:colcon.colcon_core.package_identification:_identify(src/imu_tools) by extension 'python_setup_py'
[1.055s] Level 1:colcon.colcon_core.package_identification:_identify(src/imu_tools/imu_complementary_filter) by extensions ['ignore', 'ignore_ament_install']
[1.055s] Level 1:colcon.colcon_core.package_identification:_identify(src/imu_tools/imu_complementary_filter) by extension 'ignore'
[1.055s] Level 1:colcon.colcon_core.package_identification:_identify(src/imu_tools/imu_complementary_filter) by extension 'ignore_ament_install'
[1.055s] Level 1:colcon.colcon_core.package_identification:_identify(src/imu_tools/imu_complementary_filter) by extensions ['colcon_pkg']
[1.055s] Level 1:colcon.colcon_core.package_identification:_identify(src/imu_tools/imu_complementary_filter) by extension 'colcon_pkg'
[1.055s] Level 1:colcon.colcon_core.package_identification:_identify(src/imu_tools/imu_complementary_filter) by extensions ['colcon_meta']
[1.055s] Level 1:colcon.colcon_core.package_identification:_identify(src/imu_tools/imu_complementary_filter) by extension 'colcon_meta'
[1.055s] Level 1:colcon.colcon_core.package_identification:_identify(src/imu_tools/imu_complementary_filter) by extensions ['ros']
[1.055s] Level 1:colcon.colcon_core.package_identification:_identify(src/imu_tools/imu_complementary_filter) by extension 'ros'
[1.056s] DEBUG:colcon.colcon_core.package_identification:Package 'src/imu_tools/imu_complementary_filter' with type 'ros.ament_cmake' and name 'imu_complementary_filter'
[1.056s] Level 1:colcon.colcon_core.package_identification:_identify(src/imu_tools/imu_filter_madgwick) by extensions ['ignore', 'ignore_ament_install']
[1.056s] Level 1:colcon.colcon_core.package_identification:_identify(src/imu_tools/imu_filter_madgwick) by extension 'ignore'
[1.056s] Level 1:colcon.colcon_core.package_identification:_identify(src/imu_tools/imu_filter_madgwick) by extension 'ignore_ament_install'
[1.056s] Level 1:colcon.colcon_core.package_identification:_identify(src/imu_tools/imu_filter_madgwick) by extensions ['colcon_pkg']
[1.056s] Level 1:colcon.colcon_core.package_identification:_identify(src/imu_tools/imu_filter_madgwick) by extension 'colcon_pkg'
[1.056s] Level 1:colcon.colcon_core.package_identification:_identify(src/imu_tools/imu_filter_madgwick) by extensions ['colcon_meta']
[1.056s] Level 1:colcon.colcon_core.package_identification:_identify(src/imu_tools/imu_filter_madgwick) by extension 'colcon_meta'
[1.056s] Level 1:colcon.colcon_core.package_identification:_identify(src/imu_tools/imu_filter_madgwick) by extensions ['ros']
[1.056s] Level 1:colcon.colcon_core.package_identification:_identify(src/imu_tools/imu_filter_madgwick) by extension 'ros'
[1.057s] DEBUG:colcon.colcon_core.package_identification:Package 'src/imu_tools/imu_filter_madgwick' with type 'ros.ament_cmake' and name 'imu_filter_madgwick'
[1.057s] Level 1:colcon.colcon_core.package_identification:_identify(src/imu_tools/imu_tools) by extensions ['ignore', 'ignore_ament_install']
[1.057s] Level 1:colcon.colcon_core.package_identification:_identify(src/imu_tools/imu_tools) by extension 'ignore'
[1.057s] Level 1:colcon.colcon_core.package_identification:_identify(src/imu_tools/imu_tools) by extension 'ignore_ament_install'
[1.057s] Level 1:colcon.colcon_core.package_identification:_identify(src/imu_tools/imu_tools) by extensions ['colcon_pkg']
[1.058s] Level 1:colcon.colcon_core.package_identification:_identify(src/imu_tools/imu_tools) by extension 'colcon_pkg'
[1.058s] Level 1:colcon.colcon_core.package_identification:_identify(src/imu_tools/imu_tools) by extensions ['colcon_meta']
[1.058s] Level 1:colcon.colcon_core.package_identification:_identify(src/imu_tools/imu_tools) by extension 'colcon_meta'
[1.058s] Level 1:colcon.colcon_core.package_identification:_identify(src/imu_tools/imu_tools) by extensions ['ros']
[1.058s] Level 1:colcon.colcon_core.package_identification:_identify(src/imu_tools/imu_tools) by extension 'ros'
[1.058s] DEBUG:colcon.colcon_core.package_identification:Package 'src/imu_tools/imu_tools' with type 'ros.ament_cmake' and name 'imu_tools'
[1.058s] Level 1:colcon.colcon_core.package_identification:_identify(src/imu_tools/rviz_imu_plugin) by extensions ['ignore', 'ignore_ament_install']
[1.058s] Level 1:colcon.colcon_core.package_identification:_identify(src/imu_tools/rviz_imu_plugin) by extension 'ignore'
[1.058s] Level 1:colcon.colcon_core.package_identification:_identify(src/imu_tools/rviz_imu_plugin) by extension 'ignore_ament_install'
[1.058s] Level 1:colcon.colcon_core.package_identification:_identify(src/imu_tools/rviz_imu_plugin) by extensions ['colcon_pkg']
[1.058s] Level 1:colcon.colcon_core.package_identification:_identify(src/imu_tools/rviz_imu_plugin) by extension 'colcon_pkg'
[1.058s] Level 1:colcon.colcon_core.package_identification:_identify(src/imu_tools/rviz_imu_plugin) by extensions ['colcon_meta']
[1.058s] Level 1:colcon.colcon_core.package_identification:_identify(src/imu_tools/rviz_imu_plugin) by extension 'colcon_meta'
[1.059s] Level 1:colcon.colcon_core.package_identification:_identify(src/imu_tools/rviz_imu_plugin) by extensions ['ros']
[1.059s] Level 1:colcon.colcon_core.package_identification:_identify(src/imu_tools/rviz_imu_plugin) by extension 'ros'
[1.060s] DEBUG:colcon.colcon_core.package_identification:Package 'src/imu_tools/rviz_imu_plugin' with type 'ros.ament_cmake' and name 'rviz_imu_plugin'
[1.060s] Level 1:colcon.colcon_core.package_identification:_identify(src/interfaces) by extensions ['ignore', 'ignore_ament_install']
[1.060s] Level 1:colcon.colcon_core.package_identification:_identify(src/interfaces) by extension 'ignore'
[1.060s] Level 1:colcon.colcon_core.package_identification:_identify(src/interfaces) by extension 'ignore_ament_install'
[1.060s] Level 1:colcon.colcon_core.package_identification:_identify(src/interfaces) by extensions ['colcon_pkg']
[1.060s] Level 1:colcon.colcon_core.package_identification:_identify(src/interfaces) by extension 'colcon_pkg'
[1.060s] Level 1:colcon.colcon_core.package_identification:_identify(src/interfaces) by extensions ['colcon_meta']
[1.060s] Level 1:colcon.colcon_core.package_identification:_identify(src/interfaces) by extension 'colcon_meta'
[1.060s] Level 1:colcon.colcon_core.package_identification:_identify(src/interfaces) by extensions ['ros']
[1.060s] Level 1:colcon.colcon_core.package_identification:_identify(src/interfaces) by extension 'ros'
[1.061s] DEBUG:colcon.colcon_core.package_identification:Package 'src/interfaces' with type 'ros.ament_cmake' and name 'interfaces'
[1.061s] Level 1:colcon.colcon_core.package_identification:_identify(src/joystick) by extensions ['ignore', 'ignore_ament_install']
[1.061s] Level 1:colcon.colcon_core.package_identification:_identify(src/joystick) by extension 'ignore'
[1.061s] Level 1:colcon.colcon_core.package_identification:_identify(src/joystick) by extension 'ignore_ament_install'
[1.061s] Level 1:colcon.colcon_core.package_identification:_identify(src/joystick) by extensions ['colcon_pkg']
[1.061s] Level 1:colcon.colcon_core.package_identification:_identify(src/joystick) by extension 'colcon_pkg'
[1.061s] Level 1:colcon.colcon_core.package_identification:_identify(src/joystick) by extensions ['colcon_meta']
[1.061s] Level 1:colcon.colcon_core.package_identification:_identify(src/joystick) by extension 'colcon_meta'
[1.061s] Level 1:colcon.colcon_core.package_identification:_identify(src/joystick) by extensions ['ros']
[1.061s] Level 1:colcon.colcon_core.package_identification:_identify(src/joystick) by extension 'ros'
[1.062s] DEBUG:colcon.colcon_core.package_identification:Package 'src/joystick' with type 'ros.ament_cmake' and name 'joystick'
[1.062s] Level 1:colcon.colcon_core.package_identification:_identify(src/simulation) by extensions ['ignore', 'ignore_ament_install']
[1.062s] Level 1:colcon.colcon_core.package_identification:_identify(src/simulation) by extension 'ignore'
[1.062s] Level 1:colcon.colcon_core.package_identification:_identify(src/simulation) by extension 'ignore_ament_install'
[1.062s] Level 1:colcon.colcon_core.package_identification:_identify(src/simulation) by extensions ['colcon_pkg']
[1.062s] Level 1:colcon.colcon_core.package_identification:_identify(src/simulation) by extension 'colcon_pkg'
[1.062s] Level 1:colcon.colcon_core.package_identification:_identify(src/simulation) by extensions ['colcon_meta']
[1.062s] Level 1:colcon.colcon_core.package_identification:_identify(src/simulation) by extension 'colcon_meta'
[1.062s] Level 1:colcon.colcon_core.package_identification:_identify(src/simulation) by extensions ['ros']
[1.062s] Level 1:colcon.colcon_core.package_identification:_identify(src/simulation) by extension 'ros'
[1.063s] DEBUG:colcon.colcon_core.package_identification:Package 'src/simulation' with type 'ros.ament_cmake' and name 'simulation'
[1.063s] Level 1:colcon.colcon_core.package_identification:_identify(src/system_check) by extensions ['ignore', 'ignore_ament_install']
[1.063s] Level 1:colcon.colcon_core.package_identification:_identify(src/system_check) by extension 'ignore'
[1.063s] Level 1:colcon.colcon_core.package_identification:_identify(src/system_check) by extension 'ignore_ament_install'
[1.063s] Level 1:colcon.colcon_core.package_identification:_identify(src/system_check) by extensions ['colcon_pkg']
[1.063s] Level 1:colcon.colcon_core.package_identification:_identify(src/system_check) by extension 'colcon_pkg'
[1.063s] Level 1:colcon.colcon_core.package_identification:_identify(src/system_check) by extensions ['colcon_meta']
[1.063s] Level 1:colcon.colcon_core.package_identification:_identify(src/system_check) by extension 'colcon_meta'
[1.063s] Level 1:colcon.colcon_core.package_identification:_identify(src/system_check) by extensions ['ros']
[1.063s] Level 1:colcon.colcon_core.package_identification:_identify(src/system_check) by extension 'ros'
[1.064s] DEBUG:colcon.colcon_core.package_identification:Package 'src/system_check' with type 'ros.ament_cmake' and name 'system_check'
[1.064s] Level 1:colcon.colcon_core.package_discovery:discover_packages(recursive) using defaults
[1.064s] Level 1:colcon.colcon_core.package_discovery:discover_packages(ignore) discover
[1.064s] Level 1:colcon.colcon_core.package_discovery:discover_packages(ignore) using defaults
[1.064s] Level 1:colcon.colcon_core.package_discovery:discover_packages(path) discover
[1.064s] Level 1:colcon.colcon_core.package_discovery:discover_packages(path) using defaults
[1.126s] INFO:colcon.colcon_core.package_selection:Skipping not selected package 'carla_msgs' in 'src/carla_msgs'
[1.126s] INFO:colcon.colcon_core.package_selection:Skipping not selected package 'imu_complementary_filter' in 'src/imu_tools/imu_complementary_filter'
[1.126s] INFO:colcon.colcon_core.package_selection:Skipping not selected package 'imu_filter_madgwick' in 'src/imu_tools/imu_filter_madgwick'
[1.127s] INFO:colcon.colcon_core.package_selection:Skipping not selected package 'interfaces' in 'src/interfaces'
[1.127s] INFO:colcon.colcon_core.package_selection:Skipping not selected package 'rviz_imu_plugin' in 'src/imu_tools/rviz_imu_plugin'
[1.127s] INFO:colcon.colcon_core.package_selection:Skipping not selected package 'can' in 'src/can'
[1.127s] INFO:colcon.colcon_core.package_selection:Skipping not selected package 'car_control' in 'src/car_control'
[1.127s] INFO:colcon.colcon_core.package_selection:Skipping not selected package 'imu_tools' in 'src/imu_tools/imu_tools'
[1.127s] INFO:colcon.colcon_core.package_selection:Skipping not selected package 'joystick' in 'src/joystick'
[1.127s] INFO:colcon.colcon_core.package_selection:Skipping not selected package 'simulation' in 'src/simulation'
[1.127s] INFO:colcon.colcon_core.package_selection:Skipping not selected package 'system_check' in 'src/system_check'
[1.127s] INFO:colcon.colcon_core.package_selection:Skipping not selected package 'geicar_start' in 'src/geicar_start'
[1.153s] Level 1:colcon.colcon_core.package_discovery:discover_packages(prefix_path) check parameters
[1.153s] Level 1:colcon.colcon_core.package_discovery:discover_packages(prefix_path) discover
[1.181s] DEBUG:colcon.colcon_installed_package_information.package_discovery:Found 2 installed packages in /home/insa/Desktop/VigiWheels/raspberryPI3/ros2_ws/install
[1.195s] DEBUG:colcon.colcon_installed_package_information.package_discovery:Found 5 installed packages in /home/insa/ros2_ws/install
[1.209s] DEBUG:colcon.colcon_installed_package_information.package_discovery:Found 388 installed packages in /opt/ros/humble
[1.211s] Level 1:colcon.colcon_core.package_discovery:discover_packages(prefix_path) using defaults
[1.316s] Level 5:colcon.colcon_core.verb:set package 'fire_detection' build argument 'cmake_args' from command line to 'None'
[1.316s] Level 5:colcon.colcon_core.verb:set package 'fire_detection' build argument 'cmake_target' from command line to 'None'
[1.316s] Level 5:colcon.colcon_core.verb:set package 'fire_detection' build argument 'cmake_target_skip_unavailable' from command line to 'False'
[1.316s] Level 5:colcon.colcon_core.verb:set package 'fire_detection' build argument 'cmake_clean_cache' from command line to 'False'
[1.316s] Level 5:colcon.colcon_core.verb:set package 'fire_detection' build argument 'cmake_clean_first' from command line to 'False'
[1.316s] Level 5:colcon.colcon_core.verb:set package 'fire_detection' build argument 'cmake_force_configure' from command line to 'False'
[1.316s] Level 5:colcon.colcon_core.verb:set package 'fire_detection' build argument 'ament_cmake_args' from command line to 'None'
[1.316s] Level 5:colcon.colcon_core.verb:set package 'fire_detection' build argument 'catkin_cmake_args' from command line to 'None'
[1.316s] Level 5:colcon.colcon_core.verb:set package 'fire_detection' build argument 'catkin_skip_building_tests' from command line to 'False'
[1.316s] DEBUG:colcon.colcon_core.verb:Building package 'fire_detection' with the following arguments: {'ament_cmake_args': None, 'build_base': '/home/insa/Desktop/VigiWheels/raspberryPI3/ros2_ws/build/fire_detection', 'catkin_cmake_args': None, 'catkin_skip_building_tests': False, 'cmake_args': None, 'cmake_clean_cache': False, 'cmake_clean_first': False, 'cmake_force_configure': False, 'cmake_target': None, 'cmake_target_skip_unavailable': False, 'install_base': '/home/insa/Desktop/VigiWheels/raspberryPI3/ros2_ws/install/fire_detection', 'merge_install': False, 'path': '/home/insa/Desktop/VigiWheels/raspberryPI3/ros2_ws/src/fire_detection', 'symlink_install': False, 'test_result_base': None}
[1.329s] INFO:colcon.colcon_core.executor:Executing jobs using 'parallel' executor
[1.343s] DEBUG:colcon.colcon_parallel_executor.executor.parallel:run_until_complete
[1.343s] INFO:colcon.colcon_ros.task.ament_cmake.build:Building ROS package in '/home/insa/Desktop/VigiWheels/raspberryPI3/ros2_ws/src/fire_detection' with build type 'ament_cmake'
[1.343s] INFO:colcon.colcon_cmake.task.cmake.build:Building CMake package in '/home/insa/Desktop/VigiWheels/raspberryPI3/ros2_ws/src/fire_detection'
[1.357s] INFO:colcon.colcon_core.plugin_system:Skipping extension 'colcon_core.shell.bat': Not used on non-Windows systems
[1.358s] INFO:colcon.colcon_core.shell:Skip shell extension 'powershell' for command environment: Not usable outside of PowerShell
[1.358s] DEBUG:colcon.colcon_core.shell:Skip shell extension 'dsv' for command environment
[1.418s] DEBUG:colcon.colcon_core.event_handler.log_command:Invoking command in '/home/insa/Desktop/VigiWheels/raspberryPI3/ros2_ws/build/fire_detection': CMAKE_PREFIX_PATH=/home/insa/Desktop/VigiWheels/raspberryPI3/ros2_ws/install/interfaces:/home/insa/Desktop/VigiWheels/raspberryPI3/ros2_ws/install/fire_detection:/home/insa/ros2_ws/install/my_fire_pkg:/home/insa/ros2_ws/install/demo_sensor_pkg:/home/insa/ros2_ws/install/my_robot_interfaces:/home/insa/ros2_ws/install/my_cpp_pkg:/home/insa/ros2_ws/install/johann_cpp_pkg:/opt/ros/humble /usr/bin/cmake --build /home/insa/Desktop/VigiWheels/raspberryPI3/ros2_ws/build/fire_detection -- -j8 -l8
[9.064s] DEBUG:colcon.colcon_core.event_handler.log_command:Invoked command in '/home/insa/Desktop/VigiWheels/raspberryPI3/ros2_ws/build/fire_detection' returned '2': CMAKE_PREFIX_PATH=/home/insa/Desktop/VigiWheels/raspberryPI3/ros2_ws/install/interfaces:/home/insa/Desktop/VigiWheels/raspberryPI3/ros2_ws/install/fire_detection:/home/insa/ros2_ws/install/my_fire_pkg:/home/insa/ros2_ws/install/demo_sensor_pkg:/home/insa/ros2_ws/install/my_robot_interfaces:/home/insa/ros2_ws/install/my_cpp_pkg:/home/insa/ros2_ws/install/johann_cpp_pkg:/opt/ros/humble /usr/bin/cmake --build /home/insa/Desktop/VigiWheels/raspberryPI3/ros2_ws/build/fire_detection -- -j8 -l8
[9.105s] Level 1:colcon.colcon_core.environment:create_environment_scripts_only(fire_detection)
[9.117s] Level 1:colcon.colcon_core.environment:checking '/home/insa/Desktop/VigiWheels/raspberryPI3/ros2_ws/install/fire_detection' for CMake module files
[9.117s] Level 1:colcon.colcon_core.environment:checking '/home/insa/Desktop/VigiWheels/raspberryPI3/ros2_ws/install/fire_detection' for CMake config files
[9.118s] Level 1:colcon.colcon_core.shell:create_environment_hook('fire_detection', 'cmake_prefix_path')
[9.128s] INFO:colcon.colcon_core.shell:Creating environment hook '/home/insa/Desktop/VigiWheels/raspberryPI3/ros2_ws/install/fire_detection/share/fire_detection/hook/cmake_prefix_path.ps1'
[9.129s] INFO:colcon.colcon_core.shell:Creating environment descriptor '/home/insa/Desktop/VigiWheels/raspberryPI3/ros2_ws/install/fire_detection/share/fire_detection/hook/cmake_prefix_path.dsv'
[9.129s] INFO:colcon.colcon_core.shell:Creating environment hook '/home/insa/Desktop/VigiWheels/raspberryPI3/ros2_ws/install/fire_detection/share/fire_detection/hook/cmake_prefix_path.sh'
[9.130s] Level 1:colcon.colcon_core.environment:checking '/home/insa/Desktop/VigiWheels/raspberryPI3/ros2_ws/install/fire_detection/lib'
[9.130s] Level 1:colcon.colcon_core.environment:checking '/home/insa/Desktop/VigiWheels/raspberryPI3/ros2_ws/install/fire_detection/bin'
[9.130s] Level 1:colcon.colcon_core.environment:checking '/home/insa/Desktop/VigiWheels/raspberryPI3/ros2_ws/install/fire_detection/lib/pkgconfig/fire_detection.pc'
[9.130s] Level 1:colcon.colcon_core.environment:checking '/home/insa/Desktop/VigiWheels/raspberryPI3/ros2_ws/install/fire_detection/lib/python3.10/site-packages'
[9.130s] Level 1:colcon.colcon_core.environment:checking '/home/insa/Desktop/VigiWheels/raspberryPI3/ros2_ws/install/fire_detection/bin'
[9.141s] INFO:colcon.colcon_core.shell:Creating package script '/home/insa/Desktop/VigiWheels/raspberryPI3/ros2_ws/install/fire_detection/share/fire_detection/package.ps1'
[9.141s] INFO:colcon.colcon_core.shell:Creating package descriptor '/home/insa/Desktop/VigiWheels/raspberryPI3/ros2_ws/install/fire_detection/share/fire_detection/package.dsv'
[9.142s] INFO:colcon.colcon_core.shell:Creating package script '/home/insa/Desktop/VigiWheels/raspberryPI3/ros2_ws/install/fire_detection/share/fire_detection/package.sh'
[9.142s] INFO:colcon.colcon_core.shell:Creating package script '/home/insa/Desktop/VigiWheels/raspberryPI3/ros2_ws/install/fire_detection/share/fire_detection/package.bash'
[9.143s] INFO:colcon.colcon_core.shell:Creating package script '/home/insa/Desktop/VigiWheels/raspberryPI3/ros2_ws/install/fire_detection/share/fire_detection/package.zsh'
[9.143s] Level 1:colcon.colcon_core.environment:create_file_with_runtime_dependencies(/home/insa/Desktop/VigiWheels/raspberryPI3/ros2_ws/install/fire_detection/share/colcon-core/packages/fire_detection)
[9.154s] DEBUG:colcon.colcon_parallel_executor.executor.parallel:closing loop
[9.154s] DEBUG:colcon.colcon_parallel_executor.executor.parallel:loop closed
[9.154s] DEBUG:colcon.colcon_parallel_executor.executor.parallel:run_until_complete finished with '2'
[9.154s] DEBUG:colcon.colcon_core.event_reactor:joining thread
[9.170s] INFO:colcon.colcon_core.plugin_system:Skipping extension 'colcon_notification.desktop_notification.terminal_notifier': Not used on non-Darwin systems
[9.170s] INFO:colcon.colcon_core.plugin_system:Skipping extension 'colcon_notification.desktop_notification.win32': Not used on non-Windows systems
[9.170s] INFO:colcon.colcon_notification.desktop_notification:Sending desktop notification using 'notify2'
[9.179s] DEBUG:colcon.colcon_core.event_reactor:joined thread
[9.190s] INFO:colcon.colcon_core.shell:Creating prefix script '/home/insa/Desktop/VigiWheels/raspberryPI3/ros2_ws/install/local_setup.ps1'
[9.191s] INFO:colcon.colcon_core.shell:Creating prefix util module '/home/insa/Desktop/VigiWheels/raspberryPI3/ros2_ws/install/_local_setup_util_ps1.py'
[9.192s] INFO:colcon.colcon_core.shell:Creating prefix chain script '/home/insa/Desktop/VigiWheels/raspberryPI3/ros2_ws/install/setup.ps1'
[9.203s] INFO:colcon.colcon_core.shell:Creating prefix script '/home/insa/Desktop/VigiWheels/raspberryPI3/ros2_ws/install/local_setup.sh'
[9.203s] INFO:colcon.colcon_core.shell:Creating prefix util module '/home/insa/Desktop/VigiWheels/raspberryPI3/ros2_ws/install/_local_setup_util_sh.py'
[9.204s] INFO:colcon.colcon_core.shell:Creating prefix chain script '/home/insa/Desktop/VigiWheels/raspberryPI3/ros2_ws/install/setup.sh'
[9.215s] INFO:colcon.colcon_core.shell:Creating prefix script '/home/insa/Desktop/VigiWheels/raspberryPI3/ros2_ws/install/local_setup.bash'
[9.215s] INFO:colcon.colcon_core.shell:Creating prefix chain script '/home/insa/Desktop/VigiWheels/raspberryPI3/ros2_ws/install/setup.bash'
[9.226s] INFO:colcon.colcon_core.shell:Creating prefix script '/home/insa/Desktop/VigiWheels/raspberryPI3/ros2_ws/install/local_setup.zsh'
[9.227s] INFO:colcon.colcon_core.shell:Creating prefix chain script '/home/insa/Desktop/VigiWheels/raspberryPI3/ros2_ws/install/setup.zsh'
