2023-11-24 11:15:26,716 [INFO] Activator:176 - 


2023-11-24 11:15:26,717 [INFO] Activator:177 - !SESSION log4j initialized
2023-11-24 11:15:28,047 [INFO] LogOutputStream:77 - [STDOUT_REDIRECT] 
2023-11-24 11:15:29,657 [INFO] ApplicationProperties:184 - Using Application install path: /opt/st/stm32cubeide_1.14.0/plugins/com.st.stm32cube.common.mx_6.10.0.202311202037
2023-11-24 11:15:29,691 [INFO] DbMcusXml:78 - Set database path to: /opt/st/stm32cubeide_1.14.0/plugins/com.st.stm32cube.common.mx_6.10.0.202311202037//db//mcu/
2023-11-24 11:15:29,691 [INFO] ApiDb:274 - Set plugin database path to: /opt/st/stm32cubeide_1.14.0/plugins/com.st.stm32cube.common.mx_6.10.0.202311202037//db//plugins/boardmanager/
2023-11-24 11:15:29,692 [WARN] ApiDb:259 - Overriding images path with different value:  => /opt/st/stm32cubeide_1.14.0/plugins/com.st.stm32cube.common.mx_6.10.0.202311202037//db//plugins/mcufinder/images/
2023-11-24 11:15:29,698 [INFO] ApiDb:250 - Set database path to: /home/insa/.stmcufinder/plugins/mcufinder//mcu/
2023-11-24 11:15:29,699 [INFO] DbMcusAds:125 - Set database path to: /home/insa/.stmcufinder/plugins/mcufinder//mcu/
2023-11-24 11:15:29,702 [INFO] CrossReferenceDbSqlite:203 - Set database path to: /home/insa/.stmcufinder/plugins/mcufinder//mcu/cs/
2023-11-24 11:15:29,871 [INFO] RulesReader:64 - Compatibility file has been processed (297 Rules)
2023-11-24 11:15:29,913 [INFO] DbMcusXml:78 - Set database path to: /opt/st/stm32cubeide_1.14.0/plugins/com.st.stm32cube.common.mx_6.10.0.202311202037//db//mcu/
2023-11-24 11:15:29,913 [INFO] ApiDb:274 - Set plugin database path to: /opt/st/stm32cubeide_1.14.0/plugins/com.st.stm32cube.common.mx_6.10.0.202311202037//db//plugins/boardmanager/
2023-11-24 11:15:29,913 [INFO] ApiDb:261 - Set plugin images path to: /opt/st/stm32cubeide_1.14.0/plugins/com.st.stm32cube.common.mx_6.10.0.202311202037//db//plugins/mcufinder/images/
2023-11-24 11:15:29,913 [WARN] DbFile:41 - Overriding database path with different value: /home/insa/.stmcufinder/plugins/mcufinder/ => /home/insa/.stmcufinder/plugins/mcufinder
2023-11-24 11:15:29,913 [INFO] ApiDb:250 - Set database path to: /home/insa/.stmcufinder/plugins/mcufinder//mcu/
2023-11-24 11:15:29,913 [WARN] DbFile:41 - Overriding database path with different value: /home/insa/.stmcufinder/plugins/mcufinder/ => /home/insa/.stmcufinder/plugins/mcufinder
2023-11-24 11:15:29,913 [INFO] DbMcusAds:125 - Set database path to: /home/insa/.stmcufinder/plugins/mcufinder//mcu/
2023-11-24 11:15:29,913 [WARN] DbFile:41 - Overriding database path with different value: /home/insa/.stmcufinder/plugins/mcufinder/ => /home/insa/.stmcufinder/plugins/mcufinder
2023-11-24 11:15:29,913 [WARN] DbFile:41 - Overriding database path with different value: /home/insa/.stmcufinder/plugins/mcufinder/ => /home/insa/.stmcufinder/plugins/mcufinder
2023-11-24 11:15:29,913 [INFO] CrossReferenceDbSqlite:203 - Set database path to: /home/insa/.stmcufinder/plugins/mcufinder//mcu/cs/
2023-11-24 11:15:29,963 [INFO] MainPanel:264 - HeapMemory: 268435456
2023-11-24 11:15:30,039 [INFO] DbMcusXml:78 - Set database path to: /opt/st/stm32cubeide_1.14.0/plugins/com.st.stm32cube.common.mx_6.10.0.202311202037//db//mcu/
2023-11-24 11:15:30,039 [INFO] ApiDb:274 - Set plugin database path to: /opt/st/stm32cubeide_1.14.0/plugins/com.st.stm32cube.common.mx_6.10.0.202311202037//db//plugins/boardmanager/
2023-11-24 11:15:30,039 [INFO] ApiDb:261 - Set plugin images path to: /opt/st/stm32cubeide_1.14.0/plugins/com.st.stm32cube.common.mx_6.10.0.202311202037//db//plugins/mcufinder/images/
2023-11-24 11:15:30,039 [WARN] DbFile:41 - Overriding database path with different value: /home/insa/.stmcufinder/plugins/mcufinder/ => /home/insa/.stmcufinder/plugins/mcufinder
2023-11-24 11:15:30,040 [INFO] ApiDb:250 - Set database path to: /home/insa/.stmcufinder/plugins/mcufinder//mcu/
2023-11-24 11:15:30,040 [WARN] DbFile:41 - Overriding database path with different value: /home/insa/.stmcufinder/plugins/mcufinder/ => /home/insa/.stmcufinder/plugins/mcufinder
2023-11-24 11:15:30,040 [INFO] DbMcusAds:125 - Set database path to: /home/insa/.stmcufinder/plugins/mcufinder//mcu/
2023-11-24 11:15:30,040 [WARN] DbFile:41 - Overriding database path with different value: /home/insa/.stmcufinder/plugins/mcufinder/ => /home/insa/.stmcufinder/plugins/mcufinder
2023-11-24 11:15:30,040 [WARN] DbFile:41 - Overriding database path with different value: /home/insa/.stmcufinder/plugins/mcufinder/ => /home/insa/.stmcufinder/plugins/mcufinder
2023-11-24 11:15:30,040 [INFO] CrossReferenceDbSqlite:203 - Set database path to: /home/insa/.stmcufinder/plugins/mcufinder//mcu/cs/
2023-11-24 11:15:30,049 [INFO] ApplicationProperties:184 - Using Application install path: /opt/st/stm32cubeide_1.14.0/plugins/com.st.stm32cube.common.mx_6.10.0.202311202037
2023-11-24 11:15:30,051 [INFO] PluginManage:196 - Search for loadable plugins [exclusion list=, ]
2023-11-24 11:15:30,051 [INFO] PluginManage:310 - Check plugin analytics
2023-11-24 11:15:30,186 [INFO] AnalyticsPlugin:253 - Accepted Software Licenses: 
2023-11-24 11:15:30,186 [INFO] AnalyticsPlugin:255 - Accepted CMSIS Pack Licenses: 
2023-11-24 11:15:30,186 [INFO] AnalyticsPlugin:257 - Accepted Firmware Licenses: FW.F4.1.27.0,FW.L4.1.18.0
2023-11-24 11:15:30,188 [INFO] PluginManage:359 - Loaded plugin analytics (category:tool,tabindex:-1)
2023-11-24 11:15:30,188 [INFO] PluginManage:310 - Check plugin cadmodel
2023-11-24 11:15:30,204 [INFO] CADModel:105 - Init CAD model plugin
2023-11-24 11:15:30,204 [INFO] PluginManage:359 - Loaded plugin cadmodel (category:power,tabindex:5)
2023-11-24 11:15:30,204 [INFO] PluginManage:310 - Check plugin clock
2023-11-24 11:15:30,211 [INFO] PluginManage:359 - Loaded plugin clock (category:base,tabindex:2)
2023-11-24 11:15:30,211 [INFO] PluginManage:310 - Check plugin ddr
2023-11-24 11:15:30,212 [INFO] PluginManage:359 - Loaded plugin ddr (category:tool,tabindex:6)
2023-11-24 11:15:30,212 [INFO] PluginManage:310 - Check plugin filemanager
2023-11-24 11:15:30,329 [INFO] PluginManage:359 - Loaded plugin filemanager (category:base,tabindex:10)
2023-11-24 11:15:30,329 [INFO] PluginManage:310 - Check plugin ipmanager
2023-11-24 11:15:30,332 [INFO] PluginManage:359 - Loaded plugin ipmanager (category:base,tabindex:5)
2023-11-24 11:15:30,333 [INFO] PluginManage:310 - Check plugin lpbam
2023-11-24 11:15:30,338 [INFO] PluginManage:359 - Loaded plugin lpbam (category:base,tabindex:0)
2023-11-24 11:15:30,338 [INFO] PluginManage:310 - Check plugin memorymap
2023-11-24 11:15:30,344 [INFO] PluginManage:359 - Loaded plugin memorymap (category:base,tabindex:4)
2023-11-24 11:15:30,344 [INFO] PluginManage:310 - Check plugin pinoutandconfiguration
2023-11-24 11:15:30,348 [INFO] PluginManage:359 - Loaded plugin pinoutandconfiguration (category:base,tabindex:1)
2023-11-24 11:15:30,348 [INFO] PluginManage:310 - Check plugin pinoutconfig
2023-11-24 11:15:30,443 [WARN] SupportedApi:132 - Cannot load RTOS API schema: s4s-elt-must-match.1: The content of 'definitions' must match (annotation?, (simpleType | complexType)?, (unique | key | keyref)*)). A problem was found starting at: attribute.
2023-11-24 11:15:30,532 [INFO] PluginManage:359 - Loaded plugin pinoutconfig (category:base,tabindex:0)
2023-11-24 11:15:30,533 [INFO] PluginManage:310 - Check plugin power
2023-11-24 11:15:30,537 [INFO] PluginManage:359 - Loaded plugin power (category:power,tabindex:4)
2023-11-24 11:15:30,537 [INFO] PluginManage:310 - Check plugin projectmanager
2023-11-24 11:15:30,545 [INFO] PluginManage:359 - Loaded plugin projectmanager (category:projectmanager,tabindex:3)
2023-11-24 11:15:30,546 [INFO] PluginManage:310 - Check plugin thirdparty
2023-11-24 11:15:30,614 [INFO] PluginManage:359 - Loaded plugin thirdparty (category:base,tabindex:-1)
2023-11-24 11:15:30,614 [WARN] IntegrityCheckThread:84 - waiting for thirdparty lock release [integrity check]
2023-11-24 11:15:30,614 [INFO] PluginManage:310 - Check plugin tools
2023-11-24 11:15:30,614 [INFO] IntegrityCheckThread:86 - entering critical section [integrity check]
2023-11-24 11:15:30,614 [INFO] ThirdPartyUpdaterWithRetryManager:70 - Updater plugin not ready yet. [1/15]
2023-11-24 11:15:30,615 [INFO] PluginManage:359 - Loaded plugin tools (category:base,tabindex:7)
2023-11-24 11:15:30,615 [INFO] PluginManage:310 - Check plugin tutovideos
2023-11-24 11:15:30,709 [INFO] PluginManage:359 - Loaded plugin tutovideos (category:base,tabindex:-1)
2023-11-24 11:15:30,709 [INFO] PluginManage:310 - Check plugin updater
2023-11-24 11:15:30,717 [INFO] PluginManage:359 - Loaded plugin updater (category:base,tabindex:12)
2023-11-24 11:15:30,717 [INFO] PluginManage:310 - Check plugin userauth
2023-11-24 11:15:30,721 [INFO] UserAuth:114 - Init User Auth plugin
2023-11-24 11:15:30,721 [INFO] PluginManage:359 - Loaded plugin userauth (category:base,tabindex:14)
2023-11-24 11:15:30,722 [INFO] PluginManage:283 - PluginManage : Loaded plugins [17]
2023-11-24 11:15:30,857 [INFO] PinOutPanel:1499 - setPackage(No Configuration,No Configuration)
2023-11-24 11:15:30,920 [INFO] CADModel:165 - CPN selected for project level
2023-11-24 11:15:30,921 [INFO] CADModel:114 - Register for checkConnection events
2023-11-24 11:15:30,930 [INFO] IPUIPlugin:80 - create IPUIPlugin
2023-11-24 11:15:30,930 [INFO] PluginManager:220 - loadIPPluginJar : add spi
2023-11-24 11:15:30,945 [INFO] IPUIPlugin:80 - create IPUIPlugin
2023-11-24 11:15:30,946 [INFO] PluginManager:220 - loadIPPluginJar : add i3c
2023-11-24 11:15:30,948 [INFO] IPUIPlugin:80 - create IPUIPlugin
2023-11-24 11:15:30,948 [INFO] PluginManager:220 - loadIPPluginJar : add ltdc
2023-11-24 11:15:30,953 [INFO] IPUIPlugin:80 - create IPUIPlugin
2023-11-24 11:15:30,954 [INFO] PluginManager:220 - loadIPPluginJar : add gic
2023-11-24 11:15:30,956 [INFO] IPUIPlugin:80 - create IPUIPlugin
2023-11-24 11:15:30,956 [INFO] PluginManager:220 - loadIPPluginJar : add dfsdm
2023-11-24 11:15:30,958 [INFO] IPUIPlugin:80 - create IPUIPlugin
2023-11-24 11:15:30,958 [INFO] PluginManager:220 - loadIPPluginJar : add nvic
2023-11-24 11:15:30,962 [INFO] IPUIPlugin:80 - create IPUIPlugin
2023-11-24 11:15:30,962 [INFO] PluginManager:220 - loadIPPluginJar : add mdma
2023-11-24 11:15:30,964 [INFO] IPUIPlugin:80 - create IPUIPlugin
2023-11-24 11:15:30,964 [INFO] PluginManager:220 - loadIPPluginJar : add cryp
2023-11-24 11:15:30,965 [INFO] IPUIPlugin:80 - create IPUIPlugin
2023-11-24 11:15:30,966 [INFO] PluginManager:220 - loadIPPluginJar : add comp
2023-11-24 11:15:30,966 [INFO] IPUIPlugin:80 - create IPUIPlugin
2023-11-24 11:15:30,966 [INFO] PluginManager:220 - loadIPPluginJar : add fatfs
2023-11-24 11:15:30,968 [INFO] IPUIPlugin:80 - create IPUIPlugin
2023-11-24 11:15:30,968 [INFO] PluginManager:220 - loadIPPluginJar : add lorawan
2023-11-24 11:15:30,970 [INFO] IPUIPlugin:80 - create IPUIPlugin
2023-11-24 11:15:30,971 [INFO] PluginManager:220 - loadIPPluginJar : add dma3
2023-11-24 11:15:30,990 [INFO] IPUIPlugin:80 - create IPUIPlugin
2023-11-24 11:15:30,991 [INFO] PluginManager:220 - loadIPPluginJar : add freertos
2023-11-24 11:15:30,993 [INFO] IPUIPlugin:80 - create IPUIPlugin
2023-11-24 11:15:30,993 [INFO] PluginManager:220 - loadIPPluginJar : add hash
2023-11-24 11:15:30,997 [INFO] IPUIPlugin:80 - create IPUIPlugin
2023-11-24 11:15:30,997 [INFO] PluginManager:220 - loadIPPluginJar : add sai
2023-11-24 11:15:31,000 [INFO] IPUIPlugin:80 - create IPUIPlugin
2023-11-24 11:15:31,000 [INFO] PluginManager:220 - loadIPPluginJar : add opamp
2023-11-24 11:15:31,002 [INFO] IPUIPlugin:80 - create IPUIPlugin
2023-11-24 11:15:31,002 [INFO] PluginManager:220 - loadIPPluginJar : add touchsensing
2023-11-24 11:15:31,004 [INFO] IPUIPlugin:80 - create IPUIPlugin
2023-11-24 11:15:31,004 [INFO] PluginManager:220 - loadIPPluginJar : add ucpd
2023-11-24 11:15:31,005 [INFO] IPUIPlugin:80 - create IPUIPlugin
2023-11-24 11:15:31,005 [INFO] PluginManager:220 - loadIPPluginJar : add tsc
2023-11-24 11:15:31,006 [INFO] IPUIPlugin:80 - create IPUIPlugin
2023-11-24 11:15:31,006 [INFO] PluginManager:220 - loadIPPluginJar : add gtzc
2023-11-24 11:15:31,008 [INFO] IPUIPlugin:80 - create IPUIPlugin
2023-11-24 11:15:31,008 [INFO] PluginManager:220 - loadIPPluginJar : add usart
2023-11-24 11:15:31,012 [INFO] IPUIPlugin:80 - create IPUIPlugin
2023-11-24 11:15:31,012 [INFO] PluginManager:220 - loadIPPluginJar : add fmc
2023-11-24 11:15:31,033 [INFO] IPUIPlugin:80 - create IPUIPlugin
2023-11-24 11:15:31,036 [INFO] PluginManager:220 - loadIPPluginJar : add plateformsettings
2023-11-24 11:15:31,037 [INFO] IPUIPlugin:80 - create IPUIPlugin
2023-11-24 11:15:31,037 [INFO] PluginManager:220 - loadIPPluginJar : add genericplugin
2023-11-24 11:15:31,039 [INFO] IPUIPlugin:80 - create IPUIPlugin
2023-11-24 11:15:31,039 [INFO] PluginManager:220 - loadIPPluginJar : add resmgrutility
2023-11-24 11:15:31,040 [INFO] IPUIPlugin:80 - create IPUIPlugin
2023-11-24 11:15:31,040 [INFO] PluginManager:220 - loadIPPluginJar : add quadspi
2023-11-24 11:15:31,041 [INFO] IPUIPlugin:80 - create IPUIPlugin
2023-11-24 11:15:31,041 [INFO] PluginManager:220 - loadIPPluginJar : add tim
2023-11-24 11:15:31,047 [INFO] IPUIPlugin:80 - create IPUIPlugin
2023-11-24 11:15:31,048 [INFO] PluginManager:220 - loadIPPluginJar : add linkedlist
2023-11-24 11:15:31,050 [INFO] IPUIPlugin:80 - create IPUIPlugin
2023-11-24 11:15:31,050 [INFO] PluginManager:220 - loadIPPluginJar : add i2s
2023-11-24 11:15:31,057 [INFO] IPUIPlugin:80 - create IPUIPlugin
2023-11-24 11:15:31,057 [INFO] PluginManager:220 - loadIPPluginJar : add dma
2023-11-24 11:15:31,060 [INFO] IPUIPlugin:80 - create IPUIPlugin
2023-11-24 11:15:31,060 [INFO] PluginManager:220 - loadIPPluginJar : add ipddr
2023-11-24 11:15:31,065 [INFO] IPUIPlugin:80 - create IPUIPlugin
2023-11-24 11:15:31,065 [INFO] PluginManager:220 - loadIPPluginJar : add gpio
2023-11-24 11:15:31,067 [INFO] IPUIPlugin:80 - create IPUIPlugin
2023-11-24 11:15:31,067 [INFO] PluginManager:220 - loadIPPluginJar : add gfxmmu
2023-11-24 11:15:31,070 [INFO] IPUIPlugin:80 - create IPUIPlugin
2023-11-24 11:15:31,070 [INFO] PluginManager:220 - loadIPPluginJar : add aes
2023-11-24 11:15:31,072 [INFO] IPUIPlugin:80 - create IPUIPlugin
2023-11-24 11:15:31,072 [INFO] PluginManager:220 - loadIPPluginJar : add tracer_emb
2023-11-24 11:15:31,074 [INFO] IPUIPlugin:80 - create IPUIPlugin
2023-11-24 11:15:31,074 [INFO] PluginManager:220 - loadIPPluginJar : add i2c
2023-11-24 11:15:31,079 [INFO] IPUIPlugin:80 - create IPUIPlugin
2023-11-24 11:15:31,079 [INFO] PluginManager:220 - loadIPPluginJar : add stm32_wpan
2023-11-24 11:15:31,081 [INFO] IPUIPlugin:80 - create IPUIPlugin
2023-11-24 11:15:31,081 [INFO] PluginManager:220 - loadIPPluginJar : add ts
2023-11-24 11:15:31,085 [INFO] IPUIPlugin:80 - create IPUIPlugin
2023-11-24 11:15:31,085 [INFO] PluginManager:220 - loadIPPluginJar : add can
2023-11-24 11:15:31,091 [INFO] IPUIPlugin:80 - create IPUIPlugin
2023-11-24 11:15:31,091 [INFO] PluginManager:220 - loadIPPluginJar : add adc
2023-11-24 11:15:31,093 [INFO] IPUIPlugin:80 - create IPUIPlugin
2023-11-24 11:15:31,094 [INFO] PluginManager:220 - loadIPPluginJar : add usbx
2023-11-24 11:15:31,096 [INFO] IPUIPlugin:80 - create IPUIPlugin
2023-11-24 11:15:31,096 [INFO] PluginManager:220 - loadIPPluginJar : add pdm2pcm
2023-11-24 11:15:31,099 [INFO] IPUIPlugin:80 - create IPUIPlugin
2023-11-24 11:15:31,099 [INFO] PluginManager:220 - loadIPPluginJar : add openamp
2023-11-24 11:15:31,214 [INFO] CADModel:165 - CPN selected for project level
2023-11-24 11:15:31,214 [INFO] CADModel:114 - Register for checkConnection events
2023-11-24 11:15:31,215 [FATAL] Updater:308 - Updater called before beeing initialized
2023-11-24 11:15:31,215 [ERROR] CADModel:125 - Updater not yet initialized, retry later 
2023-11-24 11:15:31,318 [INFO] CADModel:165 - CPN selected for project level
2023-11-24 11:15:31,318 [INFO] CADModel:114 - Register for checkConnection events
2023-11-24 11:15:31,318 [FATAL] Updater:308 - Updater called before beeing initialized
2023-11-24 11:15:31,319 [ERROR] CADModel:125 - Updater not yet initialized, retry later 
2023-11-24 11:15:31,322 [FATAL] Updater:308 - Updater called before beeing initialized
2023-11-24 11:15:31,412 [FATAL] Updater:308 - Updater called before beeing initialized
2023-11-24 11:15:31,417 [INFO] DbMcusAds:53 - JSON generation date=Tue Mar 07 09:50:55 CET 2023 (1678179055335)
2023-11-24 11:15:31,417 [FATAL] Updater:308 - Updater called before beeing initialized
2023-11-24 11:15:31,448 [WARN] DetailPanel:346 - Failed to get advertising image, set to default
2023-11-24 11:15:31,513 [FATAL] Updater:308 - Updater called before beeing initialized
2023-11-24 11:15:31,514 [FATAL] Updater:308 - Updater called before beeing initialized
2023-11-24 11:15:31,515 [FATAL] Updater:308 - Updater called before beeing initialized
2023-11-24 11:15:31,515 [WARN] DetailPanel:346 - Failed to get advertising image, set to default
2023-11-24 11:15:31,515 [FATAL] Updater:308 - Updater called before beeing initialized
2023-11-24 11:15:31,539 [ERROR] Updater:1120 - MainUpdater not yet initialized. External WinMGr cannot be set.
2023-11-24 11:15:31,540 [INFO] Updater:1056 - Updater Version found : 6.10.0
2023-11-24 11:15:31,554 [INFO] ApplicationProperties:184 - Using Application install path: /opt/st/stm32cubeide_1.14.0/plugins/com.st.stm32cube.common.mx_6.10.0.202311202037
2023-11-24 11:15:31,921 [INFO] MainUpdater:2873 - connection check result : 10
2023-11-24 11:15:31,922 [INFO] MainUpdater:290 - Updater Check For Update Now.
2023-11-24 11:15:31,923 [INFO] MicroXplorer:498 - Change Database Version : DB.6.0.100
2023-11-24 11:15:31,930 [INFO] McuFinderGlobals:63 - Set McuFinder mode to 2 (CubeIDE integrated)
2023-11-24 11:15:32,137 [INFO] UserAuth:404 - Internet connection configuration mode: 1
2023-11-24 11:15:32,137 [INFO] CheckServerUpdateThread:120 - End of CheckServer Thread
2023-11-24 11:15:32,143 [INFO] JxBrowserEngine:152 - Initiate JxBrowser Engine with user profile folder
2023-11-24 11:15:32,534 [INFO] WebApp:161 - Instantiating new browser for Auth
2023-11-24 11:15:32,920 [INFO] WebApp:780 - Register for checkConnection events
2023-11-24 11:15:32,920 [INFO] WebApp:414 - Apply proxy settings
2023-11-24 11:15:32,921 [INFO] WebApp:499 - Chromium requires no authentication
2023-11-24 11:15:32,925 [INFO] WebApp:442 - Direct internet connection detected
2023-11-24 11:15:33,016 [INFO] WebApp:192 - Starting web application
2023-11-24 11:15:33,016 [INFO] WebApp:544 - Web application path used /opt/st/stm32cubeide_1.14.0/plugins/com.st.stm32cube.common.mx_6.10.0.202311202037/db/plugins/mcufinder/reactClient1/index.html
2023-11-24 11:15:33,707 [WARN] PackLoader:240 - Cannot read IP mode file for STMicroelectronics.X-CUBE-SMBUS.2.1.0
2023-11-24 11:15:33,743 [WARN] PackLoader:240 - Cannot read IP mode file for STMicroelectronics.X-CUBE-AZRTOS-F7.1.1.0
2023-11-24 11:15:33,755 [WARN] PackLoader:240 - Cannot read IP mode file for STMicroelectronics.FP-SNS-MOTENV1.4.3.2
2023-11-24 11:15:33,765 [WARN] PackLoader:240 - Cannot read IP mode file for STMicroelectronics.FP-SNS-FLIGHT1.5.0.2
2023-11-24 11:15:33,777 [WARN] PackLoader:240 - Cannot read IP mode file for STMicroelectronics.X-CUBE-DISPLAY.3.0.0
2023-11-24 11:15:33,792 [WARN] PackLoader:240 - Cannot read IP mode file for STMicroelectronics.X-CUBE-BLE1.7.0.0
2023-11-24 11:15:33,814 [WARN] PackLoader:240 - Cannot read IP mode file for emotas.I-CUBE-CANOPEN.1.3.0
2023-11-24 11:15:33,819 [WARN] PackLoader:240 - Cannot read IP mode file for STMicroelectronics.X-CUBE-TOUCHGFX.4.22.1
2023-11-24 11:15:33,822 [WARN] PackLoader:240 - Cannot read IP mode file for STMicroelectronics.FP-SNS-SMARTAG2.1.2.0
2023-11-24 11:15:33,849 [INFO] LogOutputStream:77 - [STDOUT_REDIRECT] 1 : Invalid condition id : UX_CORESTACK_Condition cause : null
2023-11-24 11:15:33,850 [INFO] LogOutputStream:77 - [STDOUT_REDIRECT] 1 : Invalid condition id : UX_CORESTACK_Condition cause : null
2023-11-24 11:15:33,850 [INFO] LogOutputStream:77 - [STDOUT_REDIRECT] 1 : Invalid condition id : UX_CORESTACK_Condition cause : null
2023-11-24 11:15:33,850 [INFO] LogOutputStream:77 - [STDOUT_REDIRECT] 1 : Invalid condition id : UX_CORESTACK_Condition cause : null
2023-11-24 11:15:33,851 [INFO] LogOutputStream:77 - [STDOUT_REDIRECT] 1 : Invalid condition id : UX_CORESTACK_Condition cause : null
2023-11-24 11:15:33,863 [WARN] PackLoader:240 - Cannot read IP mode file for STMicroelectronics.X-CUBE-AZRTOS-WL.2.0.0
2023-11-24 11:15:33,872 [WARN] PackLoader:240 - Cannot read IP mode file for WES.I-CUBE-Cesium.1.3.0
2023-11-24 11:15:33,877 [WARN] PackLoader:240 - Cannot read IP mode file for STMicroelectronics.X-CUBE-BLE2.3.3.0
2023-11-24 11:15:33,883 [WARN] PackLoader:240 - Cannot read IP mode file for STMicroelectronics.X-CUBE-ALGOBUILD.1.3.0
2023-11-24 11:15:33,903 [WARN] PackLoader:240 - Cannot read IP mode file for STMicroelectronics.X-CUBE-AZRTOS-G0.1.1.0
2023-11-24 11:15:33,909 [WARN] PackLoader:240 - Cannot read IP mode file for STMicroelectronics.X-CUBE-NFC4.3.0.0
2023-11-24 11:15:33,934 [WARN] PackLoader:240 - Cannot read IP mode file for STMicroelectronics.X-CUBE-BLEMGR.3.0.0
2023-11-24 11:15:33,954 [WARN] PackLoader:240 - Cannot read IP mode file for STMicroelectronics.FP-ATR-SIGFOX1.3.2.0
2023-11-24 11:15:33,958 [WARN] PackLoader:240 - Cannot read IP mode file for STMicroelectronics.X-CUBE-GNSS1.6.0.0
2023-11-24 11:15:33,991 [WARN] PackLoader:240 - Cannot read IP mode file for STMicroelectronics.X-CUBE-AZRTOS-F4.1.1.0
2023-11-24 11:15:34,005 [WARN] PackLoader:240 - Cannot read IP mode file for wolfSSL.I-CUBE-wolfSSL.5.6.4
2023-11-24 11:15:34,013 [WARN] PackLoader:240 - Cannot read IP mode file for STMicroelectronics.X-CUBE-AZRTOS-L5.2.0.0
2023-11-24 11:15:34,017 [WARN] PackLoader:240 - Cannot read IP mode file for STMicroelectronics.X-CUBE-EEPRMA1.4.2.0
2023-11-24 11:15:34,020 [WARN] PackLoader:240 - Cannot read IP mode file for ITTIA_DB.I-CUBE-ITTIADB.8.8.0
2023-11-24 11:15:34,046 [WARN] ConditionMgr:438 - getConditionDescription Invalid condition id : UX DEVICE CLASS RTOS Condition cause : null
2023-11-24 11:15:34,046 [WARN] ConditionMgr:438 - getConditionDescription Invalid condition id : UX DEVICE CLASS RTOS Condition cause : null
2023-11-24 11:15:34,048 [WARN] PackLoader:240 - Cannot read IP mode file for STMicroelectronics.X-CUBE-AZRTOS-H7.3.1.0
2023-11-24 11:15:34,049 [WARN] ConditionMgr:1039 - genDependencies : Invalid condition id : UX DEVICE CLASS RTOS Condition cause : null
2023-11-24 11:15:34,049 [WARN] ConditionMgr:1039 - genDependencies : Invalid condition id : UX DEVICE CLASS RTOS Condition cause : null
2023-11-24 11:15:34,049 [WARN] ConditionMgr:1039 - genDependencies : Invalid condition id : UX DEVICE CLASS RTOS Condition cause : null
2023-11-24 11:15:34,049 [WARN] ConditionMgr:1039 - genDependencies : Invalid condition id : UX DEVICE CLASS RTOS Condition cause : null
2023-11-24 11:15:34,049 [WARN] ConditionMgr:1039 - genDependencies : Invalid condition id : UX DEVICE CLASS RTOS Condition cause : null
2023-11-24 11:15:34,074 [WARN] PackLoader:240 - Cannot read IP mode file for STMicroelectronics.X-CUBE-NFC7.1.0.1
2023-11-24 11:15:34,079 [WARN] PackLoader:240 - Cannot read IP mode file for STMicroelectronics.X-CUBE-NFC6.3.0.0
2023-11-24 11:15:34,082 [WARN] PackLoader:240 - Cannot read IP mode file for STMicroelectronics.X-CUBE-AI.8.1.0
2023-11-24 11:15:34,107 [WARN] ConditionMgr:438 - getConditionDescription Invalid condition id : LAN8742 Phy interface Condition cause : null
2023-11-24 11:15:34,107 [WARN] PackLoader:240 - Cannot read IP mode file for STMicroelectronics.X-CUBE-AZRTOS-L4.2.0.0
2023-11-24 11:15:34,108 [WARN] ConditionMgr:1039 - genDependencies : Invalid condition id : LAN8742 Phy interface Condition cause : null
2023-11-24 11:15:34,108 [WARN] ConditionMgr:1039 - genDependencies : Invalid condition id : LAN8742 Phy interface Condition cause : null
2023-11-24 11:15:34,109 [WARN] ConditionMgr:1039 - genDependencies : Invalid condition id : LAN8742 Phy interface Condition cause : null
2023-11-24 11:15:34,114 [WARN] PackLoader:240 - Cannot read IP mode file for STMicroelectronics.X-CUBE-SFXS2LP1.4.0.0
2023-11-24 11:15:34,119 [WARN] PackLoader:240 - Cannot read IP mode file for STMicroelectronics.X-CUBE-ISPU.1.1.0
2023-11-24 11:15:34,144 [WARN] ConditionMgr:438 - getConditionDescription Invalid condition id : UX DEVICE CLASS RTOS Condition cause : null
2023-11-24 11:15:34,145 [WARN] ConditionMgr:438 - getConditionDescription Invalid condition id : UX DEVICE CLASS RTOS Condition cause : null
2023-11-24 11:15:34,146 [WARN] PackLoader:240 - Cannot read IP mode file for STMicroelectronics.X-CUBE-AZRTOS-WB.2.0.0
2023-11-24 11:15:34,147 [WARN] ConditionMgr:1039 - genDependencies : Invalid condition id : UX DEVICE CLASS RTOS Condition cause : null
2023-11-24 11:15:34,147 [WARN] ConditionMgr:1039 - genDependencies : Invalid condition id : UX DEVICE CLASS RTOS Condition cause : null
2023-11-24 11:15:34,147 [WARN] ConditionMgr:1039 - genDependencies : Invalid condition id : UX DEVICE CLASS RTOS Condition cause : null
2023-11-24 11:15:34,147 [WARN] ConditionMgr:1039 - genDependencies : Invalid condition id : UX DEVICE CLASS RTOS Condition cause : null
2023-11-24 11:15:34,148 [WARN] ConditionMgr:1039 - genDependencies : Invalid condition id : UX DEVICE CLASS RTOS Condition cause : null
2023-11-24 11:15:34,178 [WARN] PackLoader:240 - Cannot read IP mode file for STMicroelectronics.X-CUBE-SUBG2.5.0.0
2023-11-24 11:15:34,200 [WARN] PackLoader:240 - Cannot read IP mode file for STMicroelectronics.X-CUBE-TOF1.3.3.1
2023-11-24 11:15:34,236 [WARN] PackLoader:240 - Cannot read IP mode file for STMicroelectronics.X-CUBE-AZRTOS-G4.2.0.0
2023-11-24 11:15:34,246 [WARN] PackLoader:240 - Cannot read IP mode file for Infineon.AIROC-Wi-Fi-Bluetooth-STM32.1.5.1
2023-11-24 11:15:34,270 [WARN] PackLoader:240 - Cannot read IP mode file for STMicroelectronics.FP-SNS-MOTENVWB1.1.3.0
2023-11-24 11:15:34,314 [WARN] PackLoader:240 - Cannot read IP mode file for STMicroelectronics.X-CUBE-MEMS1.10.0.0
2023-11-24 11:15:34,512 [WARN] PackLoader:240 - Cannot read IP mode file for STMicroelectronics.X-CUBE-FREERTOS.1.1.0
2023-11-24 11:15:34,529 [WARN] PackLoader:240 - Cannot read IP mode file for portGmbH.I-Cube-SoM-uGOAL.1.1.0
2023-11-24 11:15:34,541 [WARN] PackLoader:240 - Cannot read IP mode file for STMicroelectronics.X-CUBE-ALS.1.0.1
2023-11-24 11:15:34,544 [WARN] PackLoader:240 - Cannot read IP mode file for STMicroelectronics.FP-ATR-ASTRA1.2.0.0
2023-11-24 11:15:34,544 [INFO] ThirdParty:978 - Integrity check success = true
2023-11-24 11:15:34,544 [INFO] IntegrityCheckThread:100 - exiting critical section [integrity check]
2023-11-24 11:15:34,544 [INFO] IntegrityCheckThread:103 - End integrity checks thread
2023-11-24 11:15:53,321 [ERROR] LogOutputStream:75 - [STDERR_REDIRECT] SLF4J: Failed to load class "org.slf4j.impl.StaticLoggerBinder".
2023-11-24 11:15:53,322 [ERROR] LogOutputStream:75 - [STDERR_REDIRECT] SLF4J: Defaulting to no-operation (NOP) logger implementation
2023-11-24 11:15:53,322 [ERROR] LogOutputStream:75 - [STDERR_REDIRECT] SLF4J: See http://www.slf4j.org/codes.html#StaticLoggerBinder for further details.
2023-11-24 11:16:48,719 [ERROR] LogOutputStream:75 - [STDERR_REDIRECT] 
