[0.089s] Invoking command in '/home/insa/Desktop/VigiWheels/raspberryPI3/ros2_ws/build/serial_port': CMAKE_PREFIX_PATH=/home/insa/Desktop/VigiWheels/raspberryPI3/ros2_ws/install/interfaces:/home/insa/Desktop/VigiWheels/raspberryPI3/ros2_ws/install/geicar_start:/home/insa/Desktop/VigiWheels/raspberryPI3/ros2_ws/install/system_check:/home/insa/Desktop/VigiWheels/raspberryPI3/ros2_ws/install/simulation:/home/insa/Desktop/VigiWheels/raspberryPI3/ros2_ws/install/serial_port:/home/insa/Desktop/VigiWheels/raspberryPI3/ros2_ws/install/imu_tools:/home/insa/Desktop/VigiWheels/raspberryPI3/ros2_ws/install/rviz_imu_plugin:/home/insa/Desktop/VigiWheels/raspberryPI3/ros2_ws/install/joystick:/home/insa/Desktop/VigiWheels/raspberryPI3/ros2_ws/install/fire_detection:/home/insa/Desktop/VigiWheels/raspberryPI3/ros2_ws/install/car_control:/home/insa/Desktop/VigiWheels/raspberryPI3/ros2_ws/install/can:/home/insa/Desktop/VigiWheels/raspberryPI3/ros2_ws/install/imu_filter_madgwick:/home/insa/Desktop/VigiWheels/raspberryPI3/ros2_ws/install/imu_complementary_filter:/home/insa/Desktop/VigiWheels/raspberryPI3/ros2_ws/install/carla_msgs:/home/insa/ros2_ws/install/my_fire_pkg:/home/insa/ros2_ws/install/demo_sensor_pkg:/home/insa/ros2_ws/install/my_robot_interfaces:/home/insa/ros2_ws/install/my_cpp_pkg:/home/insa/ros2_ws/install/johann_cpp_pkg:/opt/ros/humble LD_LIBRARY_PATH=/home/insa/Desktop/VigiWheels/raspberryPI3/ros2_ws/install/interfaces/lib:/home/insa/Desktop/VigiWheels/raspberryPI3/ros2_ws/install/rviz_imu_plugin/lib:/home/insa/Desktop/VigiWheels/raspberryPI3/ros2_ws/install/imu_filter_madgwick/lib:/home/insa/Desktop/VigiWheels/raspberryPI3/ros2_ws/install/carla_msgs/lib:/home/insa/ros2_ws/install/my_robot_interfaces/lib:/usr/lib/x86_64-linux-gnu/gazebo-11/plugins:/opt/ros/humble/opt/rviz_ogre_vendor/lib:/opt/ros/humble/lib/x86_64-linux-gnu:/opt/ros/humble/lib /usr/bin/cmake --build /home/insa/Desktop/VigiWheels/raspberryPI3/ros2_ws/build/serial_port -- -j8 -l8
[0.137s] [35m[1mConsolidate compiler generated dependencies of target serial_reading_node[0m
[0.151s] [ 50%] Built target serial_writing_node
[0.156s] [ 75%] [32mBuilding CXX object CMakeFiles/serial_reading_node.dir/src/serial_reading.cpp.o[0m
[2.616s] In file included from [01m[K/opt/ros/humble/include/rclcpp/rclcpp/client.hpp:40[m[K,
[2.617s]                  from [01m[K/opt/ros/humble/include/rclcpp/rclcpp/callback_group.hpp:24[m[K,
[2.617s]                  from [01m[K/opt/ros/humble/include/rclcpp/rclcpp/any_executable.hpp:20[m[K,
[2.617s]                  from [01m[K/opt/ros/humble/include/rclcpp/rclcpp/memory_strategy.hpp:25[m[K,
[2.617s]                  from [01m[K/opt/ros/humble/include/rclcpp/rclcpp/memory_strategies.hpp:18[m[K,
[2.617s]                  from [01m[K/opt/ros/humble/include/rclcpp/rclcpp/executor_options.hpp:20[m[K,
[2.617s]                  from [01m[K/opt/ros/humble/include/rclcpp/rclcpp/executor.hpp:37[m[K,
[2.617s]                  from [01m[K/opt/ros/humble/include/rclcpp/rclcpp/executors/multi_threaded_executor.hpp:25[m[K,
[2.617s]                  from [01m[K/opt/ros/humble/include/rclcpp/rclcpp/executors.hpp:21[m[K,
[2.617s]                  from [01m[K/opt/ros/humble/include/rclcpp/rclcpp/rclcpp.hpp:155[m[K,
[2.617s]                  from [01m[K/home/insa/Desktop/VigiWheels/raspberryPI3/ros2_ws/src/serial_port/src/serial_reading.cpp:7[m[K:
[2.617s] [01m[K/home/insa/Desktop/VigiWheels/raspberryPI3/ros2_ws/src/serial_port/src/serial_reading.cpp:[m[K In member function ‘[01m[Kvoid SerialReadingNode::receiveDataFire()[m[K’:
[2.617s] [01m[K/home/insa/Desktop/VigiWheels/raspberryPI3/ros2_ws/src/serial_port/src/serial_reading.cpp:167:9:[m[K [01;31m[Kerror: [m[Kstatic assertion failed: First argument to logging macros must be an rclcpp::Logger
[2.618s]   167 |         [01;31m[KRCLCPP_INFO[m[K("Data received : %s\n", frame_buf);
[2.618s]       |         [01;31m[K^~~~~~~~~~~[m[K
[2.618s] In file included from [01m[K/opt/ros/humble/include/rclcpp/rclcpp/logging.hpp:24[m[K,
[2.618s]                  from [01m[K/opt/ros/humble/include/rclcpp/rclcpp/client.hpp:40[m[K,
[2.618s]                  from [01m[K/opt/ros/humble/include/rclcpp/rclcpp/callback_group.hpp:24[m[K,
[2.618s]                  from [01m[K/opt/ros/humble/include/rclcpp/rclcpp/any_executable.hpp:20[m[K,
[2.618s]                  from [01m[K/opt/ros/humble/include/rclcpp/rclcpp/memory_strategy.hpp:25[m[K,
[2.618s]                  from [01m[K/opt/ros/humble/include/rclcpp/rclcpp/memory_strategies.hpp:18[m[K,
[2.618s]                  from [01m[K/opt/ros/humble/include/rclcpp/rclcpp/executor_options.hpp:20[m[K,
[2.618s]                  from [01m[K/opt/ros/humble/include/rclcpp/rclcpp/executor.hpp:37[m[K,
[2.618s]                  from [01m[K/opt/ros/humble/include/rclcpp/rclcpp/executors/multi_threaded_executor.hpp:25[m[K,
[2.618s]                  from [01m[K/opt/ros/humble/include/rclcpp/rclcpp/executors.hpp:21[m[K,
[2.618s]                  from [01m[K/opt/ros/humble/include/rclcpp/rclcpp/rclcpp.hpp:155[m[K,
[2.618s]                  from [01m[K/home/insa/Desktop/VigiWheels/raspberryPI3/ros2_ws/src/serial_port/src/serial_reading.cpp:7[m[K:
[2.618s] [01m[K/home/insa/Desktop/VigiWheels/raspberryPI3/ros2_ws/src/serial_port/src/serial_reading.cpp:167:9:[m[K [01;31m[Kerror: [m[Krequest for member ‘[01m[Kget_name[m[K’ in ‘[01m[K("Data received : %s\012")[m[K’, which is of non-class type ‘[01m[Kconst char [20][m[K’
[2.618s]   167 |         [01;31m[KRCLCPP_INFO[m[K("Data received : %s\n", frame_buf);
[2.618s]       |         [01;31m[K^~~~~~~~~~~[m[K
[2.618s] [01m[K/home/insa/Desktop/VigiWheels/raspberryPI3/ros2_ws/src/serial_port/src/serial_reading.cpp:167:9:[m[K [01;31m[Kerror: [m[Krequest for member ‘[01m[Kget_name[m[K’ in ‘[01m[K("Data received : %s\012")[m[K’, which is of non-class type ‘[01m[Kconst char [20][m[K’
[2.619s]   167 |         [01;31m[KRCLCPP_INFO[m[K("Data received : %s\n", frame_buf);
[2.619s]       |         [01;31m[K^~~~~~~~~~~[m[K
[3.505s] gmake[2]: *** [CMakeFiles/serial_reading_node.dir/build.make:76: CMakeFiles/serial_reading_node.dir/src/serial_reading.cpp.o] Error 1
[3.506s] gmake[1]: *** [CMakeFiles/Makefile2:139: CMakeFiles/serial_reading_node.dir/all] Error 2
[3.506s] gmake: *** [Makefile:146: all] Error 2
[3.508s] Invoked command in '/home/insa/Desktop/VigiWheels/raspberryPI3/ros2_ws/build/serial_port' returned '2': CMAKE_PREFIX_PATH=/home/insa/Desktop/VigiWheels/raspberryPI3/ros2_ws/install/interfaces:/home/insa/Desktop/VigiWheels/raspberryPI3/ros2_ws/install/geicar_start:/home/insa/Desktop/VigiWheels/raspberryPI3/ros2_ws/install/system_check:/home/insa/Desktop/VigiWheels/raspberryPI3/ros2_ws/install/simulation:/home/insa/Desktop/VigiWheels/raspberryPI3/ros2_ws/install/serial_port:/home/insa/Desktop/VigiWheels/raspberryPI3/ros2_ws/install/imu_tools:/home/insa/Desktop/VigiWheels/raspberryPI3/ros2_ws/install/rviz_imu_plugin:/home/insa/Desktop/VigiWheels/raspberryPI3/ros2_ws/install/joystick:/home/insa/Desktop/VigiWheels/raspberryPI3/ros2_ws/install/fire_detection:/home/insa/Desktop/VigiWheels/raspberryPI3/ros2_ws/install/car_control:/home/insa/Desktop/VigiWheels/raspberryPI3/ros2_ws/install/can:/home/insa/Desktop/VigiWheels/raspberryPI3/ros2_ws/install/imu_filter_madgwick:/home/insa/Desktop/VigiWheels/raspberryPI3/ros2_ws/install/imu_complementary_filter:/home/insa/Desktop/VigiWheels/raspberryPI3/ros2_ws/install/carla_msgs:/home/insa/ros2_ws/install/my_fire_pkg:/home/insa/ros2_ws/install/demo_sensor_pkg:/home/insa/ros2_ws/install/my_robot_interfaces:/home/insa/ros2_ws/install/my_cpp_pkg:/home/insa/ros2_ws/install/johann_cpp_pkg:/opt/ros/humble LD_LIBRARY_PATH=/home/insa/Desktop/VigiWheels/raspberryPI3/ros2_ws/install/interfaces/lib:/home/insa/Desktop/VigiWheels/raspberryPI3/ros2_ws/install/rviz_imu_plugin/lib:/home/insa/Desktop/VigiWheels/raspberryPI3/ros2_ws/install/imu_filter_madgwick/lib:/home/insa/Desktop/VigiWheels/raspberryPI3/ros2_ws/install/carla_msgs/lib:/home/insa/ros2_ws/install/my_robot_interfaces/lib:/usr/lib/x86_64-linux-gnu/gazebo-11/plugins:/opt/ros/humble/opt/rviz_ogre_vendor/lib:/opt/ros/humble/lib/x86_64-linux-gnu:/opt/ros/humble/lib /usr/bin/cmake --build /home/insa/Desktop/VigiWheels/raspberryPI3/ros2_ws/build/serial_port -- -j8 -l8
