[0.214s] Invoking command in '/home/insa/Desktop/3.0/VigiWheels/raspberryPI3/ros2_ws/build/carla_msgs': CMAKE_PREFIX_PATH=${CMAKE_PREFIX_PATH}:/opt/ros/humble /usr/bin/cmake /home/insa/Desktop/3.0/VigiWheels/raspberryPI3/ros2_ws/src/carla_msgs -DCMAKE_INSTALL_PREFIX=/home/insa/Desktop/3.0/VigiWheels/raspberryPI3/ros2_ws/install/carla_msgs
[0.320s] -- The C compiler identification is GNU 11.4.0
[0.403s] -- The CXX compiler identification is GNU 11.4.0
[0.413s] -- Detecting C compiler ABI info
[0.501s] -- Detecting C compiler ABI info - done
[0.510s] -- Check for working C compiler: /usr/bin/cc - skipped
[0.510s] -- Detecting C compile features
[0.511s] -- Detecting C compile features - done
[0.514s] -- Detecting CXX compiler ABI info
[0.621s] -- Detecting CXX compiler ABI info - done
[0.622s] -- Check for working CXX compiler: /usr/bin/c++ - skipped
[0.622s] -- Detecting CXX compile features
[0.622s] -- Detecting CXX compile features - done
[0.625s] -- Found ament_cmake: 1.3.5 (/opt/ros/humble/share/ament_cmake/cmake)
[0.840s] -- Found Python3: /usr/bin/python3.10 (found version "3.10.12") found components: Interpreter 
[1.031s] -- Found rclcpp: 16.0.6 (/opt/ros/humble/share/rclcpp/cmake)
[1.096s] -- Found rosidl_generator_c: 3.1.5 (/opt/ros/humble/share/rosidl_generator_c/cmake)
[1.102s] -- Found rosidl_adapter: 3.1.5 (/opt/ros/humble/share/rosidl_adapter/cmake)
[1.117s] -- Found rosidl_generator_cpp: 3.1.5 (/opt/ros/humble/share/rosidl_generator_cpp/cmake)
[1.162s] -- Using all available rosidl_typesupport_c: rosidl_typesupport_fastrtps_c;rosidl_typesupport_introspection_c
[1.199s] -- Using all available rosidl_typesupport_cpp: rosidl_typesupport_fastrtps_cpp;rosidl_typesupport_introspection_cpp
[1.324s] -- Found rmw_implementation_cmake: 6.1.1 (/opt/ros/humble/share/rmw_implementation_cmake/cmake)
[1.341s] -- Found rmw_fastrtps_cpp: 6.2.4 (/opt/ros/humble/share/rmw_fastrtps_cpp/cmake)
[1.494s] -- Found OpenSSL: /usr/lib/x86_64-linux-gnu/libcrypto.so (found version "3.0.2")  
[1.530s] -- Found FastRTPS: /opt/ros/humble/include  
[1.591s] -- Using RMW implementation 'rmw_fastrtps_cpp' as default
[1.613s] -- Looking for pthread.h
[1.689s] -- Looking for pthread.h - found
[1.690s] -- Performing Test CMAKE_HAVE_LIBC_PTHREAD
[1.775s] -- Performing Test CMAKE_HAVE_LIBC_PTHREAD - Success
[1.776s] -- Found Threads: TRUE  
[1.988s] -- Found rosidl_default_generators: 1.2.0 (/opt/ros/humble/share/rosidl_default_generators/cmake)
[2.330s] -- Found ament_cmake_ros: 0.10.0 (/opt/ros/humble/share/ament_cmake_ros/cmake)
[2.883s] -- Using all available rosidl_typesupport_c: rosidl_typesupport_fastrtps_c;rosidl_typesupport_introspection_c
[3.168s] -- Using all available rosidl_typesupport_cpp: rosidl_typesupport_fastrtps_cpp;rosidl_typesupport_introspection_cpp
[3.224s] -- Found PythonInterp: /usr/bin/python3 (found suitable version "3.10.12", minimum required is "3.6") 
[3.228s] -- Found python_cmake_module: 0.10.0 (/opt/ros/humble/share/python_cmake_module/cmake)
[3.263s] -- Found PythonLibs: /usr/lib/x86_64-linux-gnu/libpython3.10.so (found suitable version "3.10.12", minimum required is "3.5") 
[3.264s] -- Using PYTHON_EXECUTABLE: /usr/bin/python3
[3.264s] -- Using PYTHON_INCLUDE_DIRS: /usr/include/python3.10
[3.264s] -- Using PYTHON_LIBRARIES: /usr/lib/x86_64-linux-gnu/libpython3.10.so
[3.294s] -- Found PythonExtra: .so  
[3.552s] -- Found ament_lint_auto: 0.12.8 (/opt/ros/humble/share/ament_lint_auto/cmake)
[3.683s] -- Added test 'lint_cmake' to check CMake code style
[3.686s] -- Added test 'xmllint' to check XML markup files
[3.690s] -- Configuring done
[3.767s] -- Generating done
[3.772s] -- Build files have been written to: /home/insa/Desktop/3.0/VigiWheels/raspberryPI3/ros2_ws/build/carla_msgs
[3.819s] Invoked command in '/home/insa/Desktop/3.0/VigiWheels/raspberryPI3/ros2_ws/build/carla_msgs' returned '0': CMAKE_PREFIX_PATH=${CMAKE_PREFIX_PATH}:/opt/ros/humble /usr/bin/cmake /home/insa/Desktop/3.0/VigiWheels/raspberryPI3/ros2_ws/src/carla_msgs -DCMAKE_INSTALL_PREFIX=/home/insa/Desktop/3.0/VigiWheels/raspberryPI3/ros2_ws/install/carla_msgs
[3.819s] Invoking command in '/home/insa/Desktop/3.0/VigiWheels/raspberryPI3/ros2_ws/build/carla_msgs': CMAKE_PREFIX_PATH=${CMAKE_PREFIX_PATH}:/opt/ros/humble /usr/bin/cmake --build /home/insa/Desktop/3.0/VigiWheels/raspberryPI3/ros2_ws/build/carla_msgs -- -j8 -l8
[4.115s] [  3%] [34m[1mGenerating C code for ROS interfaces[0m
[4.133s] [  3%] Built target ament_cmake_python_copy_carla_msgs
[4.136s] [  6%] [34m[1mGenerating C++ code for ROS interfaces[0m
[4.957s] [  6%] Built target carla_msgs__cpp
[5.010s] [  9%] [34m[1mGenerating C++ type support dispatch for ROS interfaces[0m
[5.051s] [ 12%] [34m[1mGenerating C++ type support for eProsima Fast-RTPS[0m
[5.076s] running egg_info
[5.077s] creating carla_msgs.egg-info
[5.077s] writing carla_msgs.egg-info/PKG-INFO
[5.078s] writing dependency_links to carla_msgs.egg-info/dependency_links.txt
[5.078s] writing top-level names to carla_msgs.egg-info/top_level.txt
[5.078s] writing manifest file 'carla_msgs.egg-info/SOURCES.txt'
[5.082s] reading manifest file 'carla_msgs.egg-info/SOURCES.txt'
[5.083s] writing manifest file 'carla_msgs.egg-info/SOURCES.txt'
[5.097s] [ 16%] [34m[1mGenerating C++ introspection for ROS interfaces[0m
[5.175s] [ 16%] Built target ament_cmake_python_build_carla_msgs_egg
[5.726s] [ 19%] [32mBuilding CXX object CMakeFiles/carla_msgs__rosidl_typesupport_introspection_cpp.dir/rosidl_typesupport_introspection_cpp/carla_msgs/msg/detail/carla_ego_vehicle_control__type_support.cpp.o[0m
[5.866s] [ 22%] [32mBuilding C object CMakeFiles/carla_msgs__rosidl_generator_c.dir/rosidl_generator_c/carla_msgs/msg/detail/carla_ego_vehicle_control__functions.c.o[0m
[6.082s] [ 25%] [32m[1mLinking C shared library libcarla_msgs__rosidl_generator_c.so[0m
[6.157s] [ 29%] [32mBuilding CXX object CMakeFiles/carla_msgs__rosidl_typesupport_fastrtps_cpp.dir/rosidl_typesupport_fastrtps_cpp/carla_msgs/msg/detail/dds_fastrtps/carla_ego_vehicle_control__type_support.cpp.o[0m
[6.274s] [ 29%] Built target carla_msgs__rosidl_generator_c
[6.287s] [ 32%] [32mBuilding CXX object CMakeFiles/carla_msgs__rosidl_typesupport_cpp.dir/rosidl_typesupport_cpp/carla_msgs/msg/carla_ego_vehicle_control__type_support.cpp.o[0m
[6.340s] [ 35%] [34m[1mGenerating C type support for eProsima Fast-RTPS[0m
[6.366s] [ 38%] [34m[1mGenerating C introspection for ROS interfaces[0m
[6.375s] [ 41%] [34m[1mGenerating C type support dispatch for ROS interfaces[0m
[6.796s] [ 45%] [32m[1mLinking CXX shared library libcarla_msgs__rosidl_typesupport_fastrtps_cpp.so[0m
[6.827s] [ 48%] [32m[1mLinking CXX shared library libcarla_msgs__rosidl_typesupport_introspection_cpp.so[0m
[7.042s] [ 51%] [32m[1mLinking CXX shared library libcarla_msgs__rosidl_typesupport_cpp.so[0m
[7.153s] [ 51%] Built target carla_msgs__rosidl_typesupport_introspection_cpp
[7.169s] [ 51%] Built target carla_msgs__rosidl_typesupport_fastrtps_cpp
[7.219s] [ 51%] Built target carla_msgs__rosidl_typesupport_cpp
[7.465s] [ 54%] [32mBuilding C object CMakeFiles/carla_msgs__rosidl_typesupport_introspection_c.dir/rosidl_typesupport_introspection_c/carla_msgs/msg/detail/carla_ego_vehicle_control__type_support.c.o[0m
[7.507s] [ 58%] [32mBuilding CXX object CMakeFiles/carla_msgs__rosidl_typesupport_c.dir/rosidl_typesupport_c/carla_msgs/msg/carla_ego_vehicle_control__type_support.cpp.o[0m
[7.587s] [ 61%] [32m[1mLinking C shared library libcarla_msgs__rosidl_typesupport_introspection_c.so[0m
[7.634s] [ 64%] [32m[1mLinking CXX shared library libcarla_msgs__rosidl_typesupport_c.so[0m
[7.715s] [ 67%] [32mBuilding CXX object CMakeFiles/carla_msgs__rosidl_typesupport_fastrtps_c.dir/rosidl_typesupport_fastrtps_c/carla_msgs/msg/detail/carla_ego_vehicle_control__type_support_c.cpp.o[0m
[7.760s] [ 67%] Built target carla_msgs__rosidl_typesupport_introspection_c
[7.775s] [ 67%] Built target carla_msgs__rosidl_typesupport_c
[8.754s] [ 70%] [32m[1mLinking CXX shared library libcarla_msgs__rosidl_typesupport_fastrtps_c.so[0m
[9.091s] [ 70%] Built target carla_msgs__rosidl_typesupport_fastrtps_c
[9.237s] [ 70%] Built target carla_msgs
[9.415s] [ 74%] [34m[1mGenerating Python code for ROS interfaces[0m
[12.315s] [ 74%] Built target carla_msgs__py
[12.570s] [ 77%] [32mBuilding C object CMakeFiles/carla_msgs__rosidl_generator_py.dir/rosidl_generator_py/carla_msgs/msg/_carla_ego_vehicle_control_s.c.o[0m
[13.243s] [ 80%] [32m[1mLinking C shared library rosidl_generator_py/carla_msgs/libcarla_msgs__rosidl_generator_py.so[0m
[13.524s] [ 80%] Built target carla_msgs__rosidl_generator_py
[13.754s] [ 83%] [32mBuilding C object CMakeFiles/carla_msgs__rosidl_typesupport_fastrtps_c__pyext.dir/rosidl_generator_py/carla_msgs/_carla_msgs_s.ep.rosidl_typesupport_fastrtps_c.c.o[0m
[13.755s] [ 87%] [32mBuilding C object CMakeFiles/carla_msgs__rosidl_typesupport_introspection_c__pyext.dir/rosidl_generator_py/carla_msgs/_carla_msgs_s.ep.rosidl_typesupport_introspection_c.c.o[0m
[13.781s] [ 90%] [32mBuilding C object CMakeFiles/carla_msgs__rosidl_typesupport_c__pyext.dir/rosidl_generator_py/carla_msgs/_carla_msgs_s.ep.rosidl_typesupport_c.c.o[0m
[14.258s] [ 93%] [32m[1mLinking C shared library rosidl_generator_py/carla_msgs/carla_msgs_s__rosidl_typesupport_c.cpython-310-x86_64-linux-gnu.so[0m
[14.450s] [ 96%] [32m[1mLinking C shared library rosidl_generator_py/carla_msgs/carla_msgs_s__rosidl_typesupport_introspection_c.cpython-310-x86_64-linux-gnu.so[0m
[14.454s] [100%] [32m[1mLinking C shared library rosidl_generator_py/carla_msgs/carla_msgs_s__rosidl_typesupport_fastrtps_c.cpython-310-x86_64-linux-gnu.so[0m
[14.495s] [100%] Built target carla_msgs__rosidl_typesupport_c__pyext
[14.648s] [100%] Built target carla_msgs__rosidl_typesupport_introspection_c__pyext
[14.679s] [100%] Built target carla_msgs__rosidl_typesupport_fastrtps_c__pyext
[14.747s] Invoked command in '/home/insa/Desktop/3.0/VigiWheels/raspberryPI3/ros2_ws/build/carla_msgs' returned '0': CMAKE_PREFIX_PATH=${CMAKE_PREFIX_PATH}:/opt/ros/humble /usr/bin/cmake --build /home/insa/Desktop/3.0/VigiWheels/raspberryPI3/ros2_ws/build/carla_msgs -- -j8 -l8
[16.532s] Invoking command in '/home/insa/Desktop/3.0/VigiWheels/raspberryPI3/ros2_ws/build/carla_msgs': CMAKE_PREFIX_PATH=${CMAKE_PREFIX_PATH}:/opt/ros/humble /usr/bin/cmake --install /home/insa/Desktop/3.0/VigiWheels/raspberryPI3/ros2_ws/build/carla_msgs
[57.900s] -- Install configuration: ""
[57.900s] -- Installing: /home/insa/Desktop/3.0/VigiWheels/raspberryPI3/ros2_ws/install/carla_msgs/share/ament_index/resource_index/rosidl_interfaces/carla_msgs
[57.900s] -- Installing: /home/insa/Desktop/3.0/VigiWheels/raspberryPI3/ros2_ws/install/carla_msgs/include/carla_msgs/carla_msgs
[57.900s] -- Installing: /home/insa/Desktop/3.0/VigiWheels/raspberryPI3/ros2_ws/install/carla_msgs/include/carla_msgs/carla_msgs/msg
[57.900s] -- Installing: /home/insa/Desktop/3.0/VigiWheels/raspberryPI3/ros2_ws/install/carla_msgs/include/carla_msgs/carla_msgs/msg/rosidl_generator_c__visibility_control.h
[57.901s] -- Installing: /home/insa/Desktop/3.0/VigiWheels/raspberryPI3/ros2_ws/install/carla_msgs/include/carla_msgs/carla_msgs/msg/detail
[57.901s] -- Installing: /home/insa/Desktop/3.0/VigiWheels/raspberryPI3/ros2_ws/install/carla_msgs/include/carla_msgs/carla_msgs/msg/detail/carla_ego_vehicle_control__struct.h
[57.901s] -- Installing: /home/insa/Desktop/3.0/VigiWheels/raspberryPI3/ros2_ws/install/carla_msgs/include/carla_msgs/carla_msgs/msg/detail/carla_ego_vehicle_control__functions.c
[57.901s] -- Installing: /home/insa/Desktop/3.0/VigiWheels/raspberryPI3/ros2_ws/install/carla_msgs/include/carla_msgs/carla_msgs/msg/detail/carla_ego_vehicle_control__functions.h
[57.901s] -- Installing: /home/insa/Desktop/3.0/VigiWheels/raspberryPI3/ros2_ws/install/carla_msgs/include/carla_msgs/carla_msgs/msg/detail/carla_ego_vehicle_control__type_support.h
[57.901s] -- Installing: /home/insa/Desktop/3.0/VigiWheels/raspberryPI3/ros2_ws/install/carla_msgs/include/carla_msgs/carla_msgs/msg/carla_ego_vehicle_control.h
[57.901s] -- Installing: /home/insa/Desktop/3.0/VigiWheels/raspberryPI3/ros2_ws/install/carla_msgs/share/carla_msgs/environment/library_path.sh
[57.901s] -- Installing: /home/insa/Desktop/3.0/VigiWheels/raspberryPI3/ros2_ws/install/carla_msgs/share/carla_msgs/environment/library_path.dsv
[57.901s] -- Installing: /home/insa/Desktop/3.0/VigiWheels/raspberryPI3/ros2_ws/install/carla_msgs/lib/libcarla_msgs__rosidl_generator_c.so
[57.901s] -- Set runtime path of "/home/insa/Desktop/3.0/VigiWheels/raspberryPI3/ros2_ws/install/carla_msgs/lib/libcarla_msgs__rosidl_generator_c.so" to ""
[57.901s] -- Up-to-date: /home/insa/Desktop/3.0/VigiWheels/raspberryPI3/ros2_ws/install/carla_msgs/include/carla_msgs/carla_msgs
[57.901s] -- Up-to-date: /home/insa/Desktop/3.0/VigiWheels/raspberryPI3/ros2_ws/install/carla_msgs/include/carla_msgs/carla_msgs/msg
[57.902s] -- Up-to-date: /home/insa/Desktop/3.0/VigiWheels/raspberryPI3/ros2_ws/install/carla_msgs/include/carla_msgs/carla_msgs/msg/detail
[57.902s] -- Installing: /home/insa/Desktop/3.0/VigiWheels/raspberryPI3/ros2_ws/install/carla_msgs/include/carla_msgs/carla_msgs/msg/detail/carla_ego_vehicle_control__rosidl_typesupport_fastrtps_c.h
[57.902s] -- Installing: /home/insa/Desktop/3.0/VigiWheels/raspberryPI3/ros2_ws/install/carla_msgs/include/carla_msgs/carla_msgs/msg/rosidl_typesupport_fastrtps_c__visibility_control.h
[57.902s] -- Installing: /home/insa/Desktop/3.0/VigiWheels/raspberryPI3/ros2_ws/install/carla_msgs/lib/libcarla_msgs__rosidl_typesupport_fastrtps_c.so
[57.902s] -- Set runtime path of "/home/insa/Desktop/3.0/VigiWheels/raspberryPI3/ros2_ws/install/carla_msgs/lib/libcarla_msgs__rosidl_typesupport_fastrtps_c.so" to ""
[57.907s] -- Up-to-date: /home/insa/Desktop/3.0/VigiWheels/raspberryPI3/ros2_ws/install/carla_msgs/include/carla_msgs/carla_msgs
[57.907s] -- Up-to-date: /home/insa/Desktop/3.0/VigiWheels/raspberryPI3/ros2_ws/install/carla_msgs/include/carla_msgs/carla_msgs/msg
[57.907s] -- Up-to-date: /home/insa/Desktop/3.0/VigiWheels/raspberryPI3/ros2_ws/install/carla_msgs/include/carla_msgs/carla_msgs/msg/detail
[57.907s] -- Installing: /home/insa/Desktop/3.0/VigiWheels/raspberryPI3/ros2_ws/install/carla_msgs/include/carla_msgs/carla_msgs/msg/detail/carla_ego_vehicle_control__struct.hpp
[57.907s] -- Installing: /home/insa/Desktop/3.0/VigiWheels/raspberryPI3/ros2_ws/install/carla_msgs/include/carla_msgs/carla_msgs/msg/detail/carla_ego_vehicle_control__traits.hpp
[57.908s] -- Installing: /home/insa/Desktop/3.0/VigiWheels/raspberryPI3/ros2_ws/install/carla_msgs/include/carla_msgs/carla_msgs/msg/detail/carla_ego_vehicle_control__builder.hpp
[57.908s] -- Installing: /home/insa/Desktop/3.0/VigiWheels/raspberryPI3/ros2_ws/install/carla_msgs/include/carla_msgs/carla_msgs/msg/carla_ego_vehicle_control.hpp
[57.908s] -- Up-to-date: /home/insa/Desktop/3.0/VigiWheels/raspberryPI3/ros2_ws/install/carla_msgs/include/carla_msgs/carla_msgs
[57.908s] -- Up-to-date: /home/insa/Desktop/3.0/VigiWheels/raspberryPI3/ros2_ws/install/carla_msgs/include/carla_msgs/carla_msgs/msg
[57.908s] -- Installing: /home/insa/Desktop/3.0/VigiWheels/raspberryPI3/ros2_ws/install/carla_msgs/include/carla_msgs/carla_msgs/msg/rosidl_typesupport_fastrtps_cpp__visibility_control.h
[57.908s] -- Up-to-date: /home/insa/Desktop/3.0/VigiWheels/raspberryPI3/ros2_ws/install/carla_msgs/include/carla_msgs/carla_msgs/msg/detail
[57.908s] -- Installing: /home/insa/Desktop/3.0/VigiWheels/raspberryPI3/ros2_ws/install/carla_msgs/include/carla_msgs/carla_msgs/msg/detail/carla_ego_vehicle_control__rosidl_typesupport_fastrtps_cpp.hpp
[57.908s] -- Installing: /home/insa/Desktop/3.0/VigiWheels/raspberryPI3/ros2_ws/install/carla_msgs/include/carla_msgs/carla_msgs/msg/detail/dds_fastrtps
[57.908s] -- Installing: /home/insa/Desktop/3.0/VigiWheels/raspberryPI3/ros2_ws/install/carla_msgs/lib/libcarla_msgs__rosidl_typesupport_fastrtps_cpp.so
[57.908s] -- Set runtime path of "/home/insa/Desktop/3.0/VigiWheels/raspberryPI3/ros2_ws/install/carla_msgs/lib/libcarla_msgs__rosidl_typesupport_fastrtps_cpp.so" to ""
[57.908s] -- Up-to-date: /home/insa/Desktop/3.0/VigiWheels/raspberryPI3/ros2_ws/install/carla_msgs/include/carla_msgs/carla_msgs
[57.908s] -- Up-to-date: /home/insa/Desktop/3.0/VigiWheels/raspberryPI3/ros2_ws/install/carla_msgs/include/carla_msgs/carla_msgs/msg
[57.909s] -- Installing: /home/insa/Desktop/3.0/VigiWheels/raspberryPI3/ros2_ws/install/carla_msgs/include/carla_msgs/carla_msgs/msg/rosidl_typesupport_introspection_c__visibility_control.h
[57.909s] -- Up-to-date: /home/insa/Desktop/3.0/VigiWheels/raspberryPI3/ros2_ws/install/carla_msgs/include/carla_msgs/carla_msgs/msg/detail
[57.909s] -- Installing: /home/insa/Desktop/3.0/VigiWheels/raspberryPI3/ros2_ws/install/carla_msgs/include/carla_msgs/carla_msgs/msg/detail/carla_ego_vehicle_control__rosidl_typesupport_introspection_c.h
[57.909s] -- Installing: /home/insa/Desktop/3.0/VigiWheels/raspberryPI3/ros2_ws/install/carla_msgs/include/carla_msgs/carla_msgs/msg/detail/carla_ego_vehicle_control__type_support.c
[57.909s] -- Installing: /home/insa/Desktop/3.0/VigiWheels/raspberryPI3/ros2_ws/install/carla_msgs/lib/libcarla_msgs__rosidl_typesupport_introspection_c.so
[57.909s] -- Set runtime path of "/home/insa/Desktop/3.0/VigiWheels/raspberryPI3/ros2_ws/install/carla_msgs/lib/libcarla_msgs__rosidl_typesupport_introspection_c.so" to ""
[57.909s] -- Installing: /home/insa/Desktop/3.0/VigiWheels/raspberryPI3/ros2_ws/install/carla_msgs/lib/libcarla_msgs__rosidl_typesupport_c.so
[57.909s] -- Set runtime path of "/home/insa/Desktop/3.0/VigiWheels/raspberryPI3/ros2_ws/install/carla_msgs/lib/libcarla_msgs__rosidl_typesupport_c.so" to ""
[57.909s] -- Up-to-date: /home/insa/Desktop/3.0/VigiWheels/raspberryPI3/ros2_ws/install/carla_msgs/include/carla_msgs/carla_msgs
[57.909s] -- Up-to-date: /home/insa/Desktop/3.0/VigiWheels/raspberryPI3/ros2_ws/install/carla_msgs/include/carla_msgs/carla_msgs/msg
[57.909s] -- Up-to-date: /home/insa/Desktop/3.0/VigiWheels/raspberryPI3/ros2_ws/install/carla_msgs/include/carla_msgs/carla_msgs/msg/detail
[57.910s] -- Installing: /home/insa/Desktop/3.0/VigiWheels/raspberryPI3/ros2_ws/install/carla_msgs/include/carla_msgs/carla_msgs/msg/detail/carla_ego_vehicle_control__type_support.cpp
[57.910s] -- Installing: /home/insa/Desktop/3.0/VigiWheels/raspberryPI3/ros2_ws/install/carla_msgs/include/carla_msgs/carla_msgs/msg/detail/carla_ego_vehicle_control__rosidl_typesupport_introspection_cpp.hpp
[57.910s] -- Installing: /home/insa/Desktop/3.0/VigiWheels/raspberryPI3/ros2_ws/install/carla_msgs/lib/libcarla_msgs__rosidl_typesupport_introspection_cpp.so
[57.910s] -- Set runtime path of "/home/insa/Desktop/3.0/VigiWheels/raspberryPI3/ros2_ws/install/carla_msgs/lib/libcarla_msgs__rosidl_typesupport_introspection_cpp.so" to ""
[57.910s] -- Installing: /home/insa/Desktop/3.0/VigiWheels/raspberryPI3/ros2_ws/install/carla_msgs/lib/libcarla_msgs__rosidl_typesupport_cpp.so
[57.910s] -- Set runtime path of "/home/insa/Desktop/3.0/VigiWheels/raspberryPI3/ros2_ws/install/carla_msgs/lib/libcarla_msgs__rosidl_typesupport_cpp.so" to ""
[57.910s] -- Installing: /home/insa/Desktop/3.0/VigiWheels/raspberryPI3/ros2_ws/install/carla_msgs/share/carla_msgs/environment/pythonpath.sh
[57.911s] -- Installing: /home/insa/Desktop/3.0/VigiWheels/raspberryPI3/ros2_ws/install/carla_msgs/share/carla_msgs/environment/pythonpath.dsv
[57.911s] -- Installing: /home/insa/Desktop/3.0/VigiWheels/raspberryPI3/ros2_ws/install/carla_msgs/local/lib/python3.10/dist-packages/carla_msgs-0.0.0-py3.10.egg-info
[57.911s] -- Installing: /home/insa/Desktop/3.0/VigiWheels/raspberryPI3/ros2_ws/install/carla_msgs/local/lib/python3.10/dist-packages/carla_msgs-0.0.0-py3.10.egg-info/dependency_links.txt
[57.911s] -- Installing: /home/insa/Desktop/3.0/VigiWheels/raspberryPI3/ros2_ws/install/carla_msgs/local/lib/python3.10/dist-packages/carla_msgs-0.0.0-py3.10.egg-info/PKG-INFO
[57.911s] -- Installing: /home/insa/Desktop/3.0/VigiWheels/raspberryPI3/ros2_ws/install/carla_msgs/local/lib/python3.10/dist-packages/carla_msgs-0.0.0-py3.10.egg-info/SOURCES.txt
[57.911s] -- Installing: /home/insa/Desktop/3.0/VigiWheels/raspberryPI3/ros2_ws/install/carla_msgs/local/lib/python3.10/dist-packages/carla_msgs-0.0.0-py3.10.egg-info/top_level.txt
[57.911s] -- Installing: /home/insa/Desktop/3.0/VigiWheels/raspberryPI3/ros2_ws/install/carla_msgs/local/lib/python3.10/dist-packages/carla_msgs
[57.911s] -- Installing: /home/insa/Desktop/3.0/VigiWheels/raspberryPI3/ros2_ws/install/carla_msgs/local/lib/python3.10/dist-packages/carla_msgs/carla_msgs_s__rosidl_typesupport_fastrtps_c.cpython-310-x86_64-linux-gnu.so
[57.911s] -- Installing: /home/insa/Desktop/3.0/VigiWheels/raspberryPI3/ros2_ws/install/carla_msgs/local/lib/python3.10/dist-packages/carla_msgs/libcarla_msgs__rosidl_generator_py.so
[57.911s] -- Installing: /home/insa/Desktop/3.0/VigiWheels/raspberryPI3/ros2_ws/install/carla_msgs/local/lib/python3.10/dist-packages/carla_msgs/__init__.py
[57.912s] -- Installing: /home/insa/Desktop/3.0/VigiWheels/raspberryPI3/ros2_ws/install/carla_msgs/local/lib/python3.10/dist-packages/carla_msgs/_carla_msgs_s.ep.rosidl_typesupport_introspection_c.c
[57.912s] -- Installing: /home/insa/Desktop/3.0/VigiWheels/raspberryPI3/ros2_ws/install/carla_msgs/local/lib/python3.10/dist-packages/carla_msgs/carla_msgs_s__rosidl_typesupport_introspection_c.cpython-310-x86_64-linux-gnu.so
[57.912s] -- Installing: /home/insa/Desktop/3.0/VigiWheels/raspberryPI3/ros2_ws/install/carla_msgs/local/lib/python3.10/dist-packages/carla_msgs/_carla_msgs_s.ep.rosidl_typesupport_fastrtps_c.c
[57.912s] -- Installing: /home/insa/Desktop/3.0/VigiWheels/raspberryPI3/ros2_ws/install/carla_msgs/local/lib/python3.10/dist-packages/carla_msgs/msg
[57.912s] -- Installing: /home/insa/Desktop/3.0/VigiWheels/raspberryPI3/ros2_ws/install/carla_msgs/local/lib/python3.10/dist-packages/carla_msgs/msg/_carla_ego_vehicle_control_s.c
[57.912s] -- Installing: /home/insa/Desktop/3.0/VigiWheels/raspberryPI3/ros2_ws/install/carla_msgs/local/lib/python3.10/dist-packages/carla_msgs/msg/__init__.py
[57.912s] -- Installing: /home/insa/Desktop/3.0/VigiWheels/raspberryPI3/ros2_ws/install/carla_msgs/local/lib/python3.10/dist-packages/carla_msgs/msg/_carla_ego_vehicle_control.py
[57.912s] -- Installing: /home/insa/Desktop/3.0/VigiWheels/raspberryPI3/ros2_ws/install/carla_msgs/local/lib/python3.10/dist-packages/carla_msgs/_carla_msgs_s.ep.rosidl_typesupport_c.c
[57.912s] -- Installing: /home/insa/Desktop/3.0/VigiWheels/raspberryPI3/ros2_ws/install/carla_msgs/local/lib/python3.10/dist-packages/carla_msgs/carla_msgs_s__rosidl_typesupport_c.cpython-310-x86_64-linux-gnu.so
[57.912s] Listing '/home/insa/Desktop/3.0/VigiWheels/raspberryPI3/ros2_ws/install/carla_msgs/local/lib/python3.10/dist-packages/carla_msgs'...
[57.912s] Compiling '/home/insa/Desktop/3.0/VigiWheels/raspberryPI3/ros2_ws/install/carla_msgs/local/lib/python3.10/dist-packages/carla_msgs/__init__.py'...
[57.912s] Listing '/home/insa/Desktop/3.0/VigiWheels/raspberryPI3/ros2_ws/install/carla_msgs/local/lib/python3.10/dist-packages/carla_msgs/msg'...
[57.912s] Compiling '/home/insa/Desktop/3.0/VigiWheels/raspberryPI3/ros2_ws/install/carla_msgs/local/lib/python3.10/dist-packages/carla_msgs/msg/__init__.py'...
[57.913s] Compiling '/home/insa/Desktop/3.0/VigiWheels/raspberryPI3/ros2_ws/install/carla_msgs/local/lib/python3.10/dist-packages/carla_msgs/msg/_carla_ego_vehicle_control.py'...
[57.913s] -- Installing: /home/insa/Desktop/3.0/VigiWheels/raspberryPI3/ros2_ws/install/carla_msgs/local/lib/python3.10/dist-packages/carla_msgs/carla_msgs_s__rosidl_typesupport_fastrtps_c.cpython-310-x86_64-linux-gnu.so
[57.913s] -- Set runtime path of "/home/insa/Desktop/3.0/VigiWheels/raspberryPI3/ros2_ws/install/carla_msgs/local/lib/python3.10/dist-packages/carla_msgs/carla_msgs_s__rosidl_typesupport_fastrtps_c.cpython-310-x86_64-linux-gnu.so" to ""
[57.913s] -- Installing: /home/insa/Desktop/3.0/VigiWheels/raspberryPI3/ros2_ws/install/carla_msgs/local/lib/python3.10/dist-packages/carla_msgs/carla_msgs_s__rosidl_typesupport_introspection_c.cpython-310-x86_64-linux-gnu.so
[57.913s] -- Set runtime path of "/home/insa/Desktop/3.0/VigiWheels/raspberryPI3/ros2_ws/install/carla_msgs/local/lib/python3.10/dist-packages/carla_msgs/carla_msgs_s__rosidl_typesupport_introspection_c.cpython-310-x86_64-linux-gnu.so" to ""
[57.913s] -- Installing: /home/insa/Desktop/3.0/VigiWheels/raspberryPI3/ros2_ws/install/carla_msgs/local/lib/python3.10/dist-packages/carla_msgs/carla_msgs_s__rosidl_typesupport_c.cpython-310-x86_64-linux-gnu.so
[57.913s] -- Set runtime path of "/home/insa/Desktop/3.0/VigiWheels/raspberryPI3/ros2_ws/install/carla_msgs/local/lib/python3.10/dist-packages/carla_msgs/carla_msgs_s__rosidl_typesupport_c.cpython-310-x86_64-linux-gnu.so" to ""
[57.913s] -- Installing: /home/insa/Desktop/3.0/VigiWheels/raspberryPI3/ros2_ws/install/carla_msgs/lib/libcarla_msgs__rosidl_generator_py.so
[57.913s] -- Set runtime path of "/home/insa/Desktop/3.0/VigiWheels/raspberryPI3/ros2_ws/install/carla_msgs/lib/libcarla_msgs__rosidl_generator_py.so" to ""
[57.913s] -- Installing: /home/insa/Desktop/3.0/VigiWheels/raspberryPI3/ros2_ws/install/carla_msgs/share/carla_msgs/msg/CarlaEgoVehicleControl.idl
[57.913s] -- Installing: /home/insa/Desktop/3.0/VigiWheels/raspberryPI3/ros2_ws/install/carla_msgs/share/carla_msgs/msg/CarlaEgoVehicleControl.msg
[57.914s] -- Installing: /home/insa/Desktop/3.0/VigiWheels/raspberryPI3/ros2_ws/install/carla_msgs/share/ament_index/resource_index/package_run_dependencies/carla_msgs
[57.914s] -- Installing: /home/insa/Desktop/3.0/VigiWheels/raspberryPI3/ros2_ws/install/carla_msgs/share/ament_index/resource_index/parent_prefix_path/carla_msgs
[57.914s] -- Installing: /home/insa/Desktop/3.0/VigiWheels/raspberryPI3/ros2_ws/install/carla_msgs/share/carla_msgs/environment/ament_prefix_path.sh
[57.914s] -- Installing: /home/insa/Desktop/3.0/VigiWheels/raspberryPI3/ros2_ws/install/carla_msgs/share/carla_msgs/environment/ament_prefix_path.dsv
[57.914s] -- Installing: /home/insa/Desktop/3.0/VigiWheels/raspberryPI3/ros2_ws/install/carla_msgs/share/carla_msgs/environment/path.sh
[57.914s] -- Installing: /home/insa/Desktop/3.0/VigiWheels/raspberryPI3/ros2_ws/install/carla_msgs/share/carla_msgs/environment/path.dsv
[57.914s] -- Installing: /home/insa/Desktop/3.0/VigiWheels/raspberryPI3/ros2_ws/install/carla_msgs/share/carla_msgs/local_setup.bash
[57.914s] -- Installing: /home/insa/Desktop/3.0/VigiWheels/raspberryPI3/ros2_ws/install/carla_msgs/share/carla_msgs/local_setup.sh
[57.914s] -- Installing: /home/insa/Desktop/3.0/VigiWheels/raspberryPI3/ros2_ws/install/carla_msgs/share/carla_msgs/local_setup.zsh
[57.914s] -- Installing: /home/insa/Desktop/3.0/VigiWheels/raspberryPI3/ros2_ws/install/carla_msgs/share/carla_msgs/local_setup.dsv
[57.914s] -- Installing: /home/insa/Desktop/3.0/VigiWheels/raspberryPI3/ros2_ws/install/carla_msgs/share/carla_msgs/package.dsv
[57.915s] -- Installing: /home/insa/Desktop/3.0/VigiWheels/raspberryPI3/ros2_ws/install/carla_msgs/share/ament_index/resource_index/packages/carla_msgs
[57.915s] -- Installing: /home/insa/Desktop/3.0/VigiWheels/raspberryPI3/ros2_ws/install/carla_msgs/share/carla_msgs/cmake/export_carla_msgs__rosidl_generator_cExport.cmake
[57.915s] -- Installing: /home/insa/Desktop/3.0/VigiWheels/raspberryPI3/ros2_ws/install/carla_msgs/share/carla_msgs/cmake/export_carla_msgs__rosidl_generator_cExport-noconfig.cmake
[57.915s] -- Installing: /home/insa/Desktop/3.0/VigiWheels/raspberryPI3/ros2_ws/install/carla_msgs/share/carla_msgs/cmake/export_carla_msgs__rosidl_typesupport_fastrtps_cExport.cmake
[57.915s] -- Installing: /home/insa/Desktop/3.0/VigiWheels/raspberryPI3/ros2_ws/install/carla_msgs/share/carla_msgs/cmake/export_carla_msgs__rosidl_typesupport_fastrtps_cExport-noconfig.cmake
[57.915s] -- Installing: /home/insa/Desktop/3.0/VigiWheels/raspberryPI3/ros2_ws/install/carla_msgs/share/carla_msgs/cmake/export_carla_msgs__rosidl_generator_cppExport.cmake
[57.915s] -- Installing: /home/insa/Desktop/3.0/VigiWheels/raspberryPI3/ros2_ws/install/carla_msgs/share/carla_msgs/cmake/export_carla_msgs__rosidl_typesupport_fastrtps_cppExport.cmake
[57.915s] -- Installing: /home/insa/Desktop/3.0/VigiWheels/raspberryPI3/ros2_ws/install/carla_msgs/share/carla_msgs/cmake/export_carla_msgs__rosidl_typesupport_fastrtps_cppExport-noconfig.cmake
[57.915s] -- Installing: /home/insa/Desktop/3.0/VigiWheels/raspberryPI3/ros2_ws/install/carla_msgs/share/carla_msgs/cmake/carla_msgs__rosidl_typesupport_introspection_cExport.cmake
[57.915s] -- Installing: /home/insa/Desktop/3.0/VigiWheels/raspberryPI3/ros2_ws/install/carla_msgs/share/carla_msgs/cmake/carla_msgs__rosidl_typesupport_introspection_cExport-noconfig.cmake
[57.915s] -- Installing: /home/insa/Desktop/3.0/VigiWheels/raspberryPI3/ros2_ws/install/carla_msgs/share/carla_msgs/cmake/carla_msgs__rosidl_typesupport_cExport.cmake
[57.916s] -- Installing: /home/insa/Desktop/3.0/VigiWheels/raspberryPI3/ros2_ws/install/carla_msgs/share/carla_msgs/cmake/carla_msgs__rosidl_typesupport_cExport-noconfig.cmake
[57.917s] -- Installing: /home/insa/Desktop/3.0/VigiWheels/raspberryPI3/ros2_ws/install/carla_msgs/share/carla_msgs/cmake/carla_msgs__rosidl_typesupport_introspection_cppExport.cmake
[57.917s] -- Installing: /home/insa/Desktop/3.0/VigiWheels/raspberryPI3/ros2_ws/install/carla_msgs/share/carla_msgs/cmake/carla_msgs__rosidl_typesupport_introspection_cppExport-noconfig.cmake
[57.917s] -- Installing: /home/insa/Desktop/3.0/VigiWheels/raspberryPI3/ros2_ws/install/carla_msgs/share/carla_msgs/cmake/carla_msgs__rosidl_typesupport_cppExport.cmake
[57.917s] -- Installing: /home/insa/Desktop/3.0/VigiWheels/raspberryPI3/ros2_ws/install/carla_msgs/share/carla_msgs/cmake/carla_msgs__rosidl_typesupport_cppExport-noconfig.cmake
[57.917s] -- Installing: /home/insa/Desktop/3.0/VigiWheels/raspberryPI3/ros2_ws/install/carla_msgs/share/carla_msgs/cmake/export_carla_msgs__rosidl_generator_pyExport.cmake
[57.917s] -- Installing: /home/insa/Desktop/3.0/VigiWheels/raspberryPI3/ros2_ws/install/carla_msgs/share/carla_msgs/cmake/export_carla_msgs__rosidl_generator_pyExport-noconfig.cmake
[57.918s] -- Installing: /home/insa/Desktop/3.0/VigiWheels/raspberryPI3/ros2_ws/install/carla_msgs/share/carla_msgs/cmake/rosidl_cmake-extras.cmake
[57.918s] -- Installing: /home/insa/Desktop/3.0/VigiWheels/raspberryPI3/ros2_ws/install/carla_msgs/share/carla_msgs/cmake/ament_cmake_export_dependencies-extras.cmake
[57.934s] -- Installing: /home/insa/Desktop/3.0/VigiWheels/raspberryPI3/ros2_ws/install/carla_msgs/share/carla_msgs/cmake/ament_cmake_export_include_directories-extras.cmake
[57.934s] -- Installing: /home/insa/Desktop/3.0/VigiWheels/raspberryPI3/ros2_ws/install/carla_msgs/share/carla_msgs/cmake/ament_cmake_export_libraries-extras.cmake
[57.934s] -- Installing: /home/insa/Desktop/3.0/VigiWheels/raspberryPI3/ros2_ws/install/carla_msgs/share/carla_msgs/cmake/ament_cmake_export_targets-extras.cmake
[57.934s] -- Installing: /home/insa/Desktop/3.0/VigiWheels/raspberryPI3/ros2_ws/install/carla_msgs/share/carla_msgs/cmake/rosidl_cmake_export_typesupport_targets-extras.cmake
[57.934s] -- Installing: /home/insa/Desktop/3.0/VigiWheels/raspberryPI3/ros2_ws/install/carla_msgs/share/carla_msgs/cmake/rosidl_cmake_export_typesupport_libraries-extras.cmake
[57.934s] -- Installing: /home/insa/Desktop/3.0/VigiWheels/raspberryPI3/ros2_ws/install/carla_msgs/share/carla_msgs/cmake/carla_msgsConfig.cmake
[57.934s] -- Installing: /home/insa/Desktop/3.0/VigiWheels/raspberryPI3/ros2_ws/install/carla_msgs/share/carla_msgs/cmake/carla_msgsConfig-version.cmake
[57.934s] -- Installing: /home/insa/Desktop/3.0/VigiWheels/raspberryPI3/ros2_ws/install/carla_msgs/share/carla_msgs/package.xml
[58.108s] Invoked command in '/home/insa/Desktop/3.0/VigiWheels/raspberryPI3/ros2_ws/build/carla_msgs' returned '0': CMAKE_PREFIX_PATH=${CMAKE_PREFIX_PATH}:/opt/ros/humble /usr/bin/cmake --install /home/insa/Desktop/3.0/VigiWheels/raspberryPI3/ros2_ws/build/carla_msgs
