[0.230s] Invoking command in '/home/insa/Desktop/VigiWheels2.0/raspberryPI3/ros2_ws/build/interfaces': CMAKE_PREFIX_PATH=${CMAKE_PREFIX_PATH}:/opt/ros/humble /usr/bin/cmake --build /home/insa/Desktop/VigiWheels2.0/raspberryPI3/ros2_ws/build/interfaces -- -j8 -l8
[0.286s] -- Found ament_cmake: 1.3.5 (/opt/ros/humble/share/ament_cmake/cmake)
[0.517s] -- Found rclcpp: 16.0.6 (/opt/ros/humble/share/rclcpp/cmake)
[0.545s] -- Found rosidl_generator_c: 3.1.5 (/opt/ros/humble/share/rosidl_generator_c/cmake)
[0.547s] -- Found rosidl_adapter: 3.1.5 (/opt/ros/humble/share/rosidl_adapter/cmake)
[0.579s] -- Found rosidl_generator_cpp: 3.1.5 (/opt/ros/humble/share/rosidl_generator_cpp/cmake)
[0.590s] -- Using all available rosidl_typesupport_c: rosidl_typesupport_fastrtps_c;rosidl_typesupport_introspection_c
[0.602s] -- Using all available rosidl_typesupport_cpp: rosidl_typesupport_fastrtps_cpp;rosidl_typesupport_introspection_cpp
[0.667s] -- Found rmw_implementation_cmake: 6.1.1 (/opt/ros/humble/share/rmw_implementation_cmake/cmake)
[0.669s] -- Found rmw_fastrtps_cpp: 6.2.4 (/opt/ros/humble/share/rmw_fastrtps_cpp/cmake)
[0.764s] -- Using RMW implementation 'rmw_fastrtps_cpp' as default
[0.889s] -- Found rosidl_default_generators: 1.2.0 (/opt/ros/humble/share/rosidl_default_generators/cmake)
[1.122s] -- Found ament_cmake_ros: 0.10.0 (/opt/ros/humble/share/ament_cmake_ros/cmake)
[1.324s] -- Using all available rosidl_typesupport_c: rosidl_typesupport_fastrtps_c;rosidl_typesupport_introspection_c
[1.402s] -- Using all available rosidl_typesupport_cpp: rosidl_typesupport_fastrtps_cpp;rosidl_typesupport_introspection_cpp
[1.417s] -- Found python_cmake_module: 0.10.0 (/opt/ros/humble/share/python_cmake_module/cmake)
[1.433s] -- Using PYTHON_EXECUTABLE: /usr/bin/python3
[1.434s] -- Using PYTHON_INCLUDE_DIRS: /usr/include/python3.10
[1.434s] -- Using PYTHON_LIBRARIES: /usr/lib/x86_64-linux-gnu/libpython3.10.so
[1.448s] -- Found ament_lint_auto: 0.12.8 (/opt/ros/humble/share/ament_lint_auto/cmake)
[1.458s] -- Added test 'lint_cmake' to check CMake code style
[1.458s] -- Added test 'xmllint' to check XML markup files
[1.460s] -- Configuring done
[1.557s] -- Generating done
[1.559s] -- Build files have been written to: /home/insa/Desktop/VigiWheels2.0/raspberryPI3/ros2_ws/build/interfaces
[1.582s] [35m[1mConsolidate compiler generated dependencies of target interfaces__rosidl_generator_c[0m
[1.587s] [  0%] Built target interfaces__cpp
[1.592s] [ 12%] Built target interfaces__rosidl_generator_c
[1.599s] [35m[1mConsolidate compiler generated dependencies of target interfaces__rosidl_typesupport_cpp[0m
[1.600s] [35m[1mConsolidate compiler generated dependencies of target interfaces__rosidl_typesupport_fastrtps_cpp[0m
[1.600s] [35m[1mConsolidate compiler generated dependencies of target interfaces__rosidl_typesupport_introspection_cpp[0m
[1.602s] [ 12%] Built target ament_cmake_python_copy_interfaces
[1.605s] [35m[1mConsolidate compiler generated dependencies of target interfaces__rosidl_typesupport_c[0m
[1.606s] [35m[1mConsolidate compiler generated dependencies of target interfaces__rosidl_typesupport_introspection_c[0m
[1.607s] [35m[1mConsolidate compiler generated dependencies of target interfaces__rosidl_typesupport_fastrtps_c[0m
[1.618s] [ 35%] Built target interfaces__rosidl_typesupport_c
[1.619s] [ 36%] Built target interfaces__rosidl_typesupport_cpp
[1.622s] [ 50%] Built target interfaces__rosidl_typesupport_introspection_c
[1.622s] [ 60%] Built target interfaces__rosidl_typesupport_fastrtps_cpp
[1.623s] [ 72%] Built target interfaces__rosidl_typesupport_introspection_cpp
[1.627s] [ 84%] Built target interfaces__rosidl_typesupport_fastrtps_c
[1.643s] [ 84%] Built target interfaces
[1.658s] [ 85%] Built target interfaces__py
[1.669s] [35m[1mConsolidate compiler generated dependencies of target interfaces__rosidl_generator_py[0m
[1.683s] [ 96%] Built target interfaces__rosidl_generator_py
[1.692s] [35m[1mConsolidate compiler generated dependencies of target interfaces__rosidl_typesupport_introspection_c__pyext[0m
[1.692s] [35m[1mConsolidate compiler generated dependencies of target interfaces__rosidl_typesupport_c__pyext[0m
[1.692s] [35m[1mConsolidate compiler generated dependencies of target interfaces__rosidl_typesupport_fastrtps_c__pyext[0m
[1.701s] [ 99%] Built target interfaces__rosidl_typesupport_c__pyext
[1.701s] [ 99%] Built target interfaces__rosidl_typesupport_fastrtps_c__pyext
[1.701s] [100%] Built target interfaces__rosidl_typesupport_introspection_c__pyext
[1.775s] running egg_info
[1.775s] writing interfaces.egg-info/PKG-INFO
[1.775s] writing dependency_links to interfaces.egg-info/dependency_links.txt
[1.775s] writing top-level names to interfaces.egg-info/top_level.txt
[1.777s] reading manifest file 'interfaces.egg-info/SOURCES.txt'
[1.777s] writing manifest file 'interfaces.egg-info/SOURCES.txt'
[1.794s] [100%] Built target ament_cmake_python_build_interfaces_egg
[1.802s] Invoked command in '/home/insa/Desktop/VigiWheels2.0/raspberryPI3/ros2_ws/build/interfaces' returned '0': CMAKE_PREFIX_PATH=${CMAKE_PREFIX_PATH}:/opt/ros/humble /usr/bin/cmake --build /home/insa/Desktop/VigiWheels2.0/raspberryPI3/ros2_ws/build/interfaces -- -j8 -l8
[2.191s] Invoking command in '/home/insa/Desktop/VigiWheels2.0/raspberryPI3/ros2_ws/build/interfaces': CMAKE_PREFIX_PATH=${CMAKE_PREFIX_PATH}:/opt/ros/humble /usr/bin/cmake --install /home/insa/Desktop/VigiWheels2.0/raspberryPI3/ros2_ws/build/interfaces
[2.199s] -- Install configuration: ""
[2.205s] -- Up-to-date: /home/insa/Desktop/VigiWheels2.0/raspberryPI3/ros2_ws/install/interfaces/share/ament_index/resource_index/rosidl_interfaces/interfaces
[2.205s] -- Up-to-date: /home/insa/Desktop/VigiWheels2.0/raspberryPI3/ros2_ws/install/interfaces/include/interfaces/interfaces
[2.205s] -- Up-to-date: /home/insa/Desktop/VigiWheels2.0/raspberryPI3/ros2_ws/install/interfaces/include/interfaces/interfaces/msg
[2.206s] -- Up-to-date: /home/insa/Desktop/VigiWheels2.0/raspberryPI3/ros2_ws/install/interfaces/include/interfaces/interfaces/msg/system_check.h
[2.206s] -- Up-to-date: /home/insa/Desktop/VigiWheels2.0/raspberryPI3/ros2_ws/install/interfaces/include/interfaces/interfaces/msg/servo_cam_order.h
[2.206s] -- Up-to-date: /home/insa/Desktop/VigiWheels2.0/raspberryPI3/ros2_ws/install/interfaces/include/interfaces/interfaces/msg/fire_sensor.h
[2.206s] -- Up-to-date: /home/insa/Desktop/VigiWheels2.0/raspberryPI3/ros2_ws/install/interfaces/include/interfaces/interfaces/msg/motors_feedback.h
[2.206s] -- Up-to-date: /home/insa/Desktop/VigiWheels2.0/raspberryPI3/ros2_ws/install/interfaces/include/interfaces/interfaces/msg/manometer_info.h
[2.206s] -- Up-to-date: /home/insa/Desktop/VigiWheels2.0/raspberryPI3/ros2_ws/install/interfaces/include/interfaces/interfaces/msg/rosidl_generator_c__visibility_control.h
[2.206s] -- Up-to-date: /home/insa/Desktop/VigiWheels2.0/raspberryPI3/ros2_ws/install/interfaces/include/interfaces/interfaces/msg/steering_calibration.h
[2.206s] -- Up-to-date: /home/insa/Desktop/VigiWheels2.0/raspberryPI3/ros2_ws/install/interfaces/include/interfaces/interfaces/msg/general_data.h
[2.206s] -- Up-to-date: /home/insa/Desktop/VigiWheels2.0/raspberryPI3/ros2_ws/install/interfaces/include/interfaces/interfaces/msg/ultrasonic.h
[2.206s] -- Up-to-date: /home/insa/Desktop/VigiWheels2.0/raspberryPI3/ros2_ws/install/interfaces/include/interfaces/interfaces/msg/emergency_alert_fire.h
[2.206s] -- Up-to-date: /home/insa/Desktop/VigiWheels2.0/raspberryPI3/ros2_ws/install/interfaces/include/interfaces/interfaces/msg/detail
[2.206s] -- Up-to-date: /home/insa/Desktop/VigiWheels2.0/raspberryPI3/ros2_ws/install/interfaces/include/interfaces/interfaces/msg/detail/gnss__functions.h
[2.206s] -- Up-to-date: /home/insa/Desktop/VigiWheels2.0/raspberryPI3/ros2_ws/install/interfaces/include/interfaces/interfaces/msg/detail/cam_pos_order__type_support.h
[2.206s] -- Up-to-date: /home/insa/Desktop/VigiWheels2.0/raspberryPI3/ros2_ws/install/interfaces/include/interfaces/interfaces/msg/detail/motors_order__functions.c
[2.206s] -- Up-to-date: /home/insa/Desktop/VigiWheels2.0/raspberryPI3/ros2_ws/install/interfaces/include/interfaces/interfaces/msg/detail/obstacles_order__struct.h
[2.206s] -- Up-to-date: /home/insa/Desktop/VigiWheels2.0/raspberryPI3/ros2_ws/install/interfaces/include/interfaces/interfaces/msg/detail/fire_sensor__functions.h
[2.206s] -- Up-to-date: /home/insa/Desktop/VigiWheels2.0/raspberryPI3/ros2_ws/install/interfaces/include/interfaces/interfaces/msg/detail/servo_cam_order__type_support.h
[2.206s] -- Up-to-date: /home/insa/Desktop/VigiWheels2.0/raspberryPI3/ros2_ws/install/interfaces/include/interfaces/interfaces/msg/detail/ultrasonic__type_support.h
[2.207s] -- Up-to-date: /home/insa/Desktop/VigiWheels2.0/raspberryPI3/ros2_ws/install/interfaces/include/interfaces/interfaces/msg/detail/joystick_order__struct.h
[2.207s] -- Up-to-date: /home/insa/Desktop/VigiWheels2.0/raspberryPI3/ros2_ws/install/interfaces/include/interfaces/interfaces/msg/detail/obstacles_order__functions.h
[2.207s] -- Up-to-date: /home/insa/Desktop/VigiWheels2.0/raspberryPI3/ros2_ws/install/interfaces/include/interfaces/interfaces/msg/detail/cam_pos_order__struct.h
[2.207s] -- Up-to-date: /home/insa/Desktop/VigiWheels2.0/raspberryPI3/ros2_ws/install/interfaces/include/interfaces/interfaces/msg/detail/fire_sensor__functions.c
[2.207s] -- Up-to-date: /home/insa/Desktop/VigiWheels2.0/raspberryPI3/ros2_ws/install/interfaces/include/interfaces/interfaces/msg/detail/emergency_alert_fire__functions.c
[2.207s] -- Up-to-date: /home/insa/Desktop/VigiWheels2.0/raspberryPI3/ros2_ws/install/interfaces/include/interfaces/interfaces/msg/detail/system_check__functions.h
[2.207s] -- Up-to-date: /home/insa/Desktop/VigiWheels2.0/raspberryPI3/ros2_ws/install/interfaces/include/interfaces/interfaces/msg/detail/general_data__struct.h
[2.207s] -- Up-to-date: /home/insa/Desktop/VigiWheels2.0/raspberryPI3/ros2_ws/install/interfaces/include/interfaces/interfaces/msg/detail/joystick_order__type_support.h
[2.207s] -- Up-to-date: /home/insa/Desktop/VigiWheels2.0/raspberryPI3/ros2_ws/install/interfaces/include/interfaces/interfaces/msg/detail/emergency_alert_fire__type_support.h
[2.207s] -- Up-to-date: /home/insa/Desktop/VigiWheels2.0/raspberryPI3/ros2_ws/install/interfaces/include/interfaces/interfaces/msg/detail/cam_pos_order__functions.h
[2.207s] -- Up-to-date: /home/insa/Desktop/VigiWheels2.0/raspberryPI3/ros2_ws/install/interfaces/include/interfaces/interfaces/msg/detail/gnss__type_support.h
[2.207s] -- Up-to-date: /home/insa/Desktop/VigiWheels2.0/raspberryPI3/ros2_ws/install/interfaces/include/interfaces/interfaces/msg/detail/steering_calibration__struct.h
[2.207s] -- Up-to-date: /home/insa/Desktop/VigiWheels2.0/raspberryPI3/ros2_ws/install/interfaces/include/interfaces/interfaces/msg/detail/ultrasonic__functions.h
[2.207s] -- Up-to-date: /home/insa/Desktop/VigiWheels2.0/raspberryPI3/ros2_ws/install/interfaces/include/interfaces/interfaces/msg/detail/manometer_info__struct.h
[2.207s] -- Up-to-date: /home/insa/Desktop/VigiWheels2.0/raspberryPI3/ros2_ws/install/interfaces/include/interfaces/interfaces/msg/detail/motors_order__type_support.h
[2.207s] -- Up-to-date: /home/insa/Desktop/VigiWheels2.0/raspberryPI3/ros2_ws/install/interfaces/include/interfaces/interfaces/msg/detail/fire_sensor__struct.h
[2.207s] -- Up-to-date: /home/insa/Desktop/VigiWheels2.0/raspberryPI3/ros2_ws/install/interfaces/include/interfaces/interfaces/msg/detail/servo_cam_order__struct.h
[2.207s] -- Up-to-date: /home/insa/Desktop/VigiWheels2.0/raspberryPI3/ros2_ws/install/interfaces/include/interfaces/interfaces/msg/detail/system_check__functions.c
[2.207s] -- Up-to-date: /home/insa/Desktop/VigiWheels2.0/raspberryPI3/ros2_ws/install/interfaces/include/interfaces/interfaces/msg/detail/manometer_info__functions.h
[2.207s] -- Up-to-date: /home/insa/Desktop/VigiWheels2.0/raspberryPI3/ros2_ws/install/interfaces/include/interfaces/interfaces/msg/detail/steering_calibration__functions.h
[2.207s] -- Up-to-date: /home/insa/Desktop/VigiWheels2.0/raspberryPI3/ros2_ws/install/interfaces/include/interfaces/interfaces/msg/detail/manometer_info__functions.c
[2.207s] -- Up-to-date: /home/insa/Desktop/VigiWheels2.0/raspberryPI3/ros2_ws/install/interfaces/include/interfaces/interfaces/msg/detail/system_check__type_support.h
[2.208s] -- Up-to-date: /home/insa/Desktop/VigiWheels2.0/raspberryPI3/ros2_ws/install/interfaces/include/interfaces/interfaces/msg/detail/gnss__struct.h
[2.208s] -- Up-to-date: /home/insa/Desktop/VigiWheels2.0/raspberryPI3/ros2_ws/install/interfaces/include/interfaces/interfaces/msg/detail/system_check__struct.h
[2.208s] -- Up-to-date: /home/insa/Desktop/VigiWheels2.0/raspberryPI3/ros2_ws/install/interfaces/include/interfaces/interfaces/msg/detail/ultrasonic__struct.h
[2.208s] -- Up-to-date: /home/insa/Desktop/VigiWheels2.0/raspberryPI3/ros2_ws/install/interfaces/include/interfaces/interfaces/msg/detail/steering_calibration__functions.c
[2.208s] -- Up-to-date: /home/insa/Desktop/VigiWheels2.0/raspberryPI3/ros2_ws/install/interfaces/include/interfaces/interfaces/msg/detail/motors_order__functions.h
[2.208s] -- Up-to-date: /home/insa/Desktop/VigiWheels2.0/raspberryPI3/ros2_ws/install/interfaces/include/interfaces/interfaces/msg/detail/joystick_order__functions.c
[2.208s] -- Up-to-date: /home/insa/Desktop/VigiWheels2.0/raspberryPI3/ros2_ws/install/interfaces/include/interfaces/interfaces/msg/detail/manometer_info__type_support.h
[2.208s] -- Up-to-date: /home/insa/Desktop/VigiWheels2.0/raspberryPI3/ros2_ws/install/interfaces/include/interfaces/interfaces/msg/detail/general_data__type_support.h
[2.208s] -- Up-to-date: /home/insa/Desktop/VigiWheels2.0/raspberryPI3/ros2_ws/install/interfaces/include/interfaces/interfaces/msg/detail/emergency_alert_fire__struct.h
[2.208s] -- Up-to-date: /home/insa/Desktop/VigiWheels2.0/raspberryPI3/ros2_ws/install/interfaces/include/interfaces/interfaces/msg/detail/motors_order__struct.h
[2.208s] -- Up-to-date: /home/insa/Desktop/VigiWheels2.0/raspberryPI3/ros2_ws/install/interfaces/include/interfaces/interfaces/msg/detail/servo_cam_order__functions.c
[2.208s] -- Up-to-date: /home/insa/Desktop/VigiWheels2.0/raspberryPI3/ros2_ws/install/interfaces/include/interfaces/interfaces/msg/detail/motors_feedback__functions.h
[2.208s] -- Up-to-date: /home/insa/Desktop/VigiWheels2.0/raspberryPI3/ros2_ws/install/interfaces/include/interfaces/interfaces/msg/detail/obstacles_order__functions.c
[2.208s] -- Up-to-date: /home/insa/Desktop/VigiWheels2.0/raspberryPI3/ros2_ws/install/interfaces/include/interfaces/interfaces/msg/detail/general_data__functions.h
[2.208s] -- Up-to-date: /home/insa/Desktop/VigiWheels2.0/raspberryPI3/ros2_ws/install/interfaces/include/interfaces/interfaces/msg/detail/joystick_order__functions.h
[2.208s] -- Up-to-date: /home/insa/Desktop/VigiWheels2.0/raspberryPI3/ros2_ws/install/interfaces/include/interfaces/interfaces/msg/detail/motors_feedback__struct.h
[2.208s] -- Up-to-date: /home/insa/Desktop/VigiWheels2.0/raspberryPI3/ros2_ws/install/interfaces/include/interfaces/interfaces/msg/detail/steering_calibration__type_support.h
[2.208s] -- Up-to-date: /home/insa/Desktop/VigiWheels2.0/raspberryPI3/ros2_ws/install/interfaces/include/interfaces/interfaces/msg/detail/obstacles_order__type_support.h
[2.208s] -- Up-to-date: /home/insa/Desktop/VigiWheels2.0/raspberryPI3/ros2_ws/install/interfaces/include/interfaces/interfaces/msg/detail/general_data__functions.c
[2.208s] -- Up-to-date: /home/insa/Desktop/VigiWheels2.0/raspberryPI3/ros2_ws/install/interfaces/include/interfaces/interfaces/msg/detail/servo_cam_order__functions.h
[2.208s] -- Up-to-date: /home/insa/Desktop/VigiWheels2.0/raspberryPI3/ros2_ws/install/interfaces/include/interfaces/interfaces/msg/detail/motors_feedback__functions.c
[2.208s] -- Up-to-date: /home/insa/Desktop/VigiWheels2.0/raspberryPI3/ros2_ws/install/interfaces/include/interfaces/interfaces/msg/detail/emergency_alert_fire__functions.h
[2.208s] -- Up-to-date: /home/insa/Desktop/VigiWheels2.0/raspberryPI3/ros2_ws/install/interfaces/include/interfaces/interfaces/msg/detail/ultrasonic__functions.c
[2.208s] -- Up-to-date: /home/insa/Desktop/VigiWheels2.0/raspberryPI3/ros2_ws/install/interfaces/include/interfaces/interfaces/msg/detail/cam_pos_order__functions.c
[2.208s] -- Up-to-date: /home/insa/Desktop/VigiWheels2.0/raspberryPI3/ros2_ws/install/interfaces/include/interfaces/interfaces/msg/detail/motors_feedback__type_support.h
[2.208s] -- Up-to-date: /home/insa/Desktop/VigiWheels2.0/raspberryPI3/ros2_ws/install/interfaces/include/interfaces/interfaces/msg/detail/fire_sensor__type_support.h
[2.209s] -- Up-to-date: /home/insa/Desktop/VigiWheels2.0/raspberryPI3/ros2_ws/install/interfaces/include/interfaces/interfaces/msg/detail/gnss__functions.c
[2.209s] -- Up-to-date: /home/insa/Desktop/VigiWheels2.0/raspberryPI3/ros2_ws/install/interfaces/include/interfaces/interfaces/msg/joystick_order.h
[2.209s] -- Up-to-date: /home/insa/Desktop/VigiWheels2.0/raspberryPI3/ros2_ws/install/interfaces/include/interfaces/interfaces/msg/cam_pos_order.h
[2.209s] -- Up-to-date: /home/insa/Desktop/VigiWheels2.0/raspberryPI3/ros2_ws/install/interfaces/include/interfaces/interfaces/msg/gnss.h
[2.209s] -- Up-to-date: /home/insa/Desktop/VigiWheels2.0/raspberryPI3/ros2_ws/install/interfaces/include/interfaces/interfaces/msg/obstacles_order.h
[2.209s] -- Up-to-date: /home/insa/Desktop/VigiWheels2.0/raspberryPI3/ros2_ws/install/interfaces/include/interfaces/interfaces/msg/motors_order.h
[2.209s] -- Up-to-date: /home/insa/Desktop/VigiWheels2.0/raspberryPI3/ros2_ws/install/interfaces/share/interfaces/environment/library_path.sh
[2.209s] -- Installing: /home/insa/Desktop/VigiWheels2.0/raspberryPI3/ros2_ws/install/interfaces/share/interfaces/environment/library_path.dsv
[2.209s] -- Up-to-date: /home/insa/Desktop/VigiWheels2.0/raspberryPI3/ros2_ws/install/interfaces/lib/libinterfaces__rosidl_generator_c.so
[2.209s] -- Up-to-date: /home/insa/Desktop/VigiWheels2.0/raspberryPI3/ros2_ws/install/interfaces/include/interfaces/interfaces
[2.209s] -- Up-to-date: /home/insa/Desktop/VigiWheels2.0/raspberryPI3/ros2_ws/install/interfaces/include/interfaces/interfaces/msg
[2.209s] -- Up-to-date: /home/insa/Desktop/VigiWheels2.0/raspberryPI3/ros2_ws/install/interfaces/include/interfaces/interfaces/msg/detail
[2.209s] -- Up-to-date: /home/insa/Desktop/VigiWheels2.0/raspberryPI3/ros2_ws/install/interfaces/include/interfaces/interfaces/msg/detail/steering_calibration__rosidl_typesupport_fastrtps_c.h
[2.209s] -- Up-to-date: /home/insa/Desktop/VigiWheels2.0/raspberryPI3/ros2_ws/install/interfaces/include/interfaces/interfaces/msg/detail/joystick_order__rosidl_typesupport_fastrtps_c.h
[2.209s] -- Up-to-date: /home/insa/Desktop/VigiWheels2.0/raspberryPI3/ros2_ws/install/interfaces/include/interfaces/interfaces/msg/detail/motors_feedback__rosidl_typesupport_fastrtps_c.h
[2.209s] -- Up-to-date: /home/insa/Desktop/VigiWheels2.0/raspberryPI3/ros2_ws/install/interfaces/include/interfaces/interfaces/msg/detail/general_data__rosidl_typesupport_fastrtps_c.h
[2.209s] -- Up-to-date: /home/insa/Desktop/VigiWheels2.0/raspberryPI3/ros2_ws/install/interfaces/include/interfaces/interfaces/msg/detail/gnss__rosidl_typesupport_fastrtps_c.h
[2.209s] -- Up-to-date: /home/insa/Desktop/VigiWheels2.0/raspberryPI3/ros2_ws/install/interfaces/include/interfaces/interfaces/msg/detail/manometer_info__rosidl_typesupport_fastrtps_c.h
[2.209s] -- Up-to-date: /home/insa/Desktop/VigiWheels2.0/raspberryPI3/ros2_ws/install/interfaces/include/interfaces/interfaces/msg/detail/fire_sensor__rosidl_typesupport_fastrtps_c.h
[2.209s] -- Up-to-date: /home/insa/Desktop/VigiWheels2.0/raspberryPI3/ros2_ws/install/interfaces/include/interfaces/interfaces/msg/detail/emergency_alert_fire__rosidl_typesupport_fastrtps_c.h
[2.209s] -- Up-to-date: /home/insa/Desktop/VigiWheels2.0/raspberryPI3/ros2_ws/install/interfaces/include/interfaces/interfaces/msg/detail/servo_cam_order__rosidl_typesupport_fastrtps_c.h
[2.209s] -- Up-to-date: /home/insa/Desktop/VigiWheels2.0/raspberryPI3/ros2_ws/install/interfaces/include/interfaces/interfaces/msg/detail/motors_order__rosidl_typesupport_fastrtps_c.h
[2.209s] -- Up-to-date: /home/insa/Desktop/VigiWheels2.0/raspberryPI3/ros2_ws/install/interfaces/include/interfaces/interfaces/msg/detail/ultrasonic__rosidl_typesupport_fastrtps_c.h
[2.209s] -- Up-to-date: /home/insa/Desktop/VigiWheels2.0/raspberryPI3/ros2_ws/install/interfaces/include/interfaces/interfaces/msg/detail/cam_pos_order__rosidl_typesupport_fastrtps_c.h
[2.210s] -- Up-to-date: /home/insa/Desktop/VigiWheels2.0/raspberryPI3/ros2_ws/install/interfaces/include/interfaces/interfaces/msg/detail/obstacles_order__rosidl_typesupport_fastrtps_c.h
[2.210s] -- Up-to-date: /home/insa/Desktop/VigiWheels2.0/raspberryPI3/ros2_ws/install/interfaces/include/interfaces/interfaces/msg/detail/system_check__rosidl_typesupport_fastrtps_c.h
[2.210s] -- Up-to-date: /home/insa/Desktop/VigiWheels2.0/raspberryPI3/ros2_ws/install/interfaces/include/interfaces/interfaces/msg/rosidl_typesupport_fastrtps_c__visibility_control.h
[2.210s] -- Up-to-date: /home/insa/Desktop/VigiWheels2.0/raspberryPI3/ros2_ws/install/interfaces/lib/libinterfaces__rosidl_typesupport_fastrtps_c.so
[2.210s] -- Up-to-date: /home/insa/Desktop/VigiWheels2.0/raspberryPI3/ros2_ws/install/interfaces/include/interfaces/interfaces
[2.210s] -- Up-to-date: /home/insa/Desktop/VigiWheels2.0/raspberryPI3/ros2_ws/install/interfaces/include/interfaces/interfaces/msg
[2.210s] -- Up-to-date: /home/insa/Desktop/VigiWheels2.0/raspberryPI3/ros2_ws/install/interfaces/include/interfaces/interfaces/msg/emergency_alert_fire.hpp
[2.210s] -- Up-to-date: /home/insa/Desktop/VigiWheels2.0/raspberryPI3/ros2_ws/install/interfaces/include/interfaces/interfaces/msg/motors_order.hpp
[2.210s] -- Up-to-date: /home/insa/Desktop/VigiWheels2.0/raspberryPI3/ros2_ws/install/interfaces/include/interfaces/interfaces/msg/fire_sensor.hpp
[2.210s] -- Up-to-date: /home/insa/Desktop/VigiWheels2.0/raspberryPI3/ros2_ws/install/interfaces/include/interfaces/interfaces/msg/servo_cam_order.hpp
[2.210s] -- Up-to-date: /home/insa/Desktop/VigiWheels2.0/raspberryPI3/ros2_ws/install/interfaces/include/interfaces/interfaces/msg/ultrasonic.hpp
[2.210s] -- Up-to-date: /home/insa/Desktop/VigiWheels2.0/raspberryPI3/ros2_ws/install/interfaces/include/interfaces/interfaces/msg/motors_feedback.hpp
[2.210s] -- Up-to-date: /home/insa/Desktop/VigiWheels2.0/raspberryPI3/ros2_ws/install/interfaces/include/interfaces/interfaces/msg/general_data.hpp
[2.210s] -- Up-to-date: /home/insa/Desktop/VigiWheels2.0/raspberryPI3/ros2_ws/install/interfaces/include/interfaces/interfaces/msg/cam_pos_order.hpp
[2.210s] -- Up-to-date: /home/insa/Desktop/VigiWheels2.0/raspberryPI3/ros2_ws/install/interfaces/include/interfaces/interfaces/msg/gnss.hpp
[2.210s] -- Up-to-date: /home/insa/Desktop/VigiWheels2.0/raspberryPI3/ros2_ws/install/interfaces/include/interfaces/interfaces/msg/system_check.hpp
[2.210s] -- Up-to-date: /home/insa/Desktop/VigiWheels2.0/raspberryPI3/ros2_ws/install/interfaces/include/interfaces/interfaces/msg/joystick_order.hpp
[2.210s] -- Up-to-date: /home/insa/Desktop/VigiWheels2.0/raspberryPI3/ros2_ws/install/interfaces/include/interfaces/interfaces/msg/detail
[2.210s] -- Up-to-date: /home/insa/Desktop/VigiWheels2.0/raspberryPI3/ros2_ws/install/interfaces/include/interfaces/interfaces/msg/detail/gnss__struct.hpp
[2.210s] -- Up-to-date: /home/insa/Desktop/VigiWheels2.0/raspberryPI3/ros2_ws/install/interfaces/include/interfaces/interfaces/msg/detail/motors_order__builder.hpp
[2.210s] -- Up-to-date: /home/insa/Desktop/VigiWheels2.0/raspberryPI3/ros2_ws/install/interfaces/include/interfaces/interfaces/msg/detail/motors_order__struct.hpp
[2.211s] -- Up-to-date: /home/insa/Desktop/VigiWheels2.0/raspberryPI3/ros2_ws/install/interfaces/include/interfaces/interfaces/msg/detail/manometer_info__traits.hpp
[2.211s] -- Up-to-date: /home/insa/Desktop/VigiWheels2.0/raspberryPI3/ros2_ws/install/interfaces/include/interfaces/interfaces/msg/detail/steering_calibration__traits.hpp
[2.211s] -- Up-to-date: /home/insa/Desktop/VigiWheels2.0/raspberryPI3/ros2_ws/install/interfaces/include/interfaces/interfaces/msg/detail/motors_feedback__traits.hpp
[2.211s] -- Up-to-date: /home/insa/Desktop/VigiWheels2.0/raspberryPI3/ros2_ws/install/interfaces/include/interfaces/interfaces/msg/detail/fire_sensor__struct.hpp
[2.211s] -- Up-to-date: /home/insa/Desktop/VigiWheels2.0/raspberryPI3/ros2_ws/install/interfaces/include/interfaces/interfaces/msg/detail/servo_cam_order__traits.hpp
[2.211s] -- Up-to-date: /home/insa/Desktop/VigiWheels2.0/raspberryPI3/ros2_ws/install/interfaces/include/interfaces/interfaces/msg/detail/system_check__traits.hpp
[2.211s] -- Up-to-date: /home/insa/Desktop/VigiWheels2.0/raspberryPI3/ros2_ws/install/interfaces/include/interfaces/interfaces/msg/detail/general_data__builder.hpp
[2.211s] -- Up-to-date: /home/insa/Desktop/VigiWheels2.0/raspberryPI3/ros2_ws/install/interfaces/include/interfaces/interfaces/msg/detail/fire_sensor__traits.hpp
[2.211s] -- Up-to-date: /home/insa/Desktop/VigiWheels2.0/raspberryPI3/ros2_ws/install/interfaces/include/interfaces/interfaces/msg/detail/joystick_order__builder.hpp
[2.211s] -- Up-to-date: /home/insa/Desktop/VigiWheels2.0/raspberryPI3/ros2_ws/install/interfaces/include/interfaces/interfaces/msg/detail/steering_calibration__struct.hpp
[2.211s] -- Up-to-date: /home/insa/Desktop/VigiWheels2.0/raspberryPI3/ros2_ws/install/interfaces/include/interfaces/interfaces/msg/detail/joystick_order__struct.hpp
[2.211s] -- Up-to-date: /home/insa/Desktop/VigiWheels2.0/raspberryPI3/ros2_ws/install/interfaces/include/interfaces/interfaces/msg/detail/cam_pos_order__builder.hpp
[2.211s] -- Up-to-date: /home/insa/Desktop/VigiWheels2.0/raspberryPI3/ros2_ws/install/interfaces/include/interfaces/interfaces/msg/detail/gnss__builder.hpp
[2.211s] -- Up-to-date: /home/insa/Desktop/VigiWheels2.0/raspberryPI3/ros2_ws/install/interfaces/include/interfaces/interfaces/msg/detail/manometer_info__builder.hpp
[2.211s] -- Up-to-date: /home/insa/Desktop/VigiWheels2.0/raspberryPI3/ros2_ws/install/interfaces/include/interfaces/interfaces/msg/detail/steering_calibration__builder.hpp
[2.211s] -- Up-to-date: /home/insa/Desktop/VigiWheels2.0/raspberryPI3/ros2_ws/install/interfaces/include/interfaces/interfaces/msg/detail/obstacles_order__traits.hpp
[2.212s] -- Up-to-date: /home/insa/Desktop/VigiWheels2.0/raspberryPI3/ros2_ws/install/interfaces/include/interfaces/interfaces/msg/detail/motors_feedback__builder.hpp
[2.212s] -- Up-to-date: /home/insa/Desktop/VigiWheels2.0/raspberryPI3/ros2_ws/install/interfaces/include/interfaces/interfaces/msg/detail/fire_sensor__builder.hpp
[2.212s] -- Up-to-date: /home/insa/Desktop/VigiWheels2.0/raspberryPI3/ros2_ws/install/interfaces/include/interfaces/interfaces/msg/detail/joystick_order__traits.hpp
[2.212s] -- Up-to-date: /home/insa/Desktop/VigiWheels2.0/raspberryPI3/ros2_ws/install/interfaces/include/interfaces/interfaces/msg/detail/servo_cam_order__builder.hpp
[2.212s] -- Up-to-date: /home/insa/Desktop/VigiWheels2.0/raspberryPI3/ros2_ws/install/interfaces/include/interfaces/interfaces/msg/detail/system_check__struct.hpp
[2.212s] -- Up-to-date: /home/insa/Desktop/VigiWheels2.0/raspberryPI3/ros2_ws/install/interfaces/include/interfaces/interfaces/msg/detail/ultrasonic__struct.hpp
[2.212s] -- Up-to-date: /home/insa/Desktop/VigiWheels2.0/raspberryPI3/ros2_ws/install/interfaces/include/interfaces/interfaces/msg/detail/emergency_alert_fire__builder.hpp
[2.212s] -- Up-to-date: /home/insa/Desktop/VigiWheels2.0/raspberryPI3/ros2_ws/install/interfaces/include/interfaces/interfaces/msg/detail/general_data__traits.hpp
[2.212s] -- Up-to-date: /home/insa/Desktop/VigiWheels2.0/raspberryPI3/ros2_ws/install/interfaces/include/interfaces/interfaces/msg/detail/servo_cam_order__struct.hpp
[2.212s] -- Up-to-date: /home/insa/Desktop/VigiWheels2.0/raspberryPI3/ros2_ws/install/interfaces/include/interfaces/interfaces/msg/detail/obstacles_order__struct.hpp
[2.212s] -- Up-to-date: /home/insa/Desktop/VigiWheels2.0/raspberryPI3/ros2_ws/install/interfaces/include/interfaces/interfaces/msg/detail/emergency_alert_fire__struct.hpp
[2.212s] -- Up-to-date: /home/insa/Desktop/VigiWheels2.0/raspberryPI3/ros2_ws/install/interfaces/include/interfaces/interfaces/msg/detail/obstacles_order__builder.hpp
[2.212s] -- Up-to-date: /home/insa/Desktop/VigiWheels2.0/raspberryPI3/ros2_ws/install/interfaces/include/interfaces/interfaces/msg/detail/gnss__traits.hpp
[2.212s] -- Up-to-date: /home/insa/Desktop/VigiWheels2.0/raspberryPI3/ros2_ws/install/interfaces/include/interfaces/interfaces/msg/detail/emergency_alert_fire__traits.hpp
[2.212s] -- Up-to-date: /home/insa/Desktop/VigiWheels2.0/raspberryPI3/ros2_ws/install/interfaces/include/interfaces/interfaces/msg/detail/cam_pos_order__struct.hpp
[2.212s] -- Up-to-date: /home/insa/Desktop/VigiWheels2.0/raspberryPI3/ros2_ws/install/interfaces/include/interfaces/interfaces/msg/detail/ultrasonic__builder.hpp
[2.212s] -- Up-to-date: /home/insa/Desktop/VigiWheels2.0/raspberryPI3/ros2_ws/install/interfaces/include/interfaces/interfaces/msg/detail/general_data__struct.hpp
[2.212s] -- Up-to-date: /home/insa/Desktop/VigiWheels2.0/raspberryPI3/ros2_ws/install/interfaces/include/interfaces/interfaces/msg/detail/system_check__builder.hpp
[2.212s] -- Up-to-date: /home/insa/Desktop/VigiWheels2.0/raspberryPI3/ros2_ws/install/interfaces/include/interfaces/interfaces/msg/detail/motors_order__traits.hpp
[2.212s] -- Up-to-date: /home/insa/Desktop/VigiWheels2.0/raspberryPI3/ros2_ws/install/interfaces/include/interfaces/interfaces/msg/detail/motors_feedback__struct.hpp
[2.212s] -- Up-to-date: /home/insa/Desktop/VigiWheels2.0/raspberryPI3/ros2_ws/install/interfaces/include/interfaces/interfaces/msg/detail/ultrasonic__traits.hpp
[2.212s] -- Up-to-date: /home/insa/Desktop/VigiWheels2.0/raspberryPI3/ros2_ws/install/interfaces/include/interfaces/interfaces/msg/detail/cam_pos_order__traits.hpp
[2.212s] -- Up-to-date: /home/insa/Desktop/VigiWheels2.0/raspberryPI3/ros2_ws/install/interfaces/include/interfaces/interfaces/msg/detail/manometer_info__struct.hpp
[2.212s] -- Up-to-date: /home/insa/Desktop/VigiWheels2.0/raspberryPI3/ros2_ws/install/interfaces/include/interfaces/interfaces/msg/steering_calibration.hpp
[2.212s] -- Up-to-date: /home/insa/Desktop/VigiWheels2.0/raspberryPI3/ros2_ws/install/interfaces/include/interfaces/interfaces/msg/obstacles_order.hpp
[2.213s] -- Up-to-date: /home/insa/Desktop/VigiWheels2.0/raspberryPI3/ros2_ws/install/interfaces/include/interfaces/interfaces/msg/manometer_info.hpp
[2.213s] -- Up-to-date: /home/insa/Desktop/VigiWheels2.0/raspberryPI3/ros2_ws/install/interfaces/include/interfaces/interfaces
[2.213s] -- Up-to-date: /home/insa/Desktop/VigiWheels2.0/raspberryPI3/ros2_ws/install/interfaces/include/interfaces/interfaces/msg
[2.213s] -- Up-to-date: /home/insa/Desktop/VigiWheels2.0/raspberryPI3/ros2_ws/install/interfaces/include/interfaces/interfaces/msg/rosidl_typesupport_fastrtps_cpp__visibility_control.h
[2.213s] -- Up-to-date: /home/insa/Desktop/VigiWheels2.0/raspberryPI3/ros2_ws/install/interfaces/include/interfaces/interfaces/msg/detail
[2.213s] -- Up-to-date: /home/insa/Desktop/VigiWheels2.0/raspberryPI3/ros2_ws/install/interfaces/include/interfaces/interfaces/msg/detail/system_check__rosidl_typesupport_fastrtps_cpp.hpp
[2.213s] -- Up-to-date: /home/insa/Desktop/VigiWheels2.0/raspberryPI3/ros2_ws/install/interfaces/include/interfaces/interfaces/msg/detail/emergency_alert_fire__rosidl_typesupport_fastrtps_cpp.hpp
[2.213s] -- Up-to-date: /home/insa/Desktop/VigiWheels2.0/raspberryPI3/ros2_ws/install/interfaces/include/interfaces/interfaces/msg/detail/obstacles_order__rosidl_typesupport_fastrtps_cpp.hpp
[2.213s] -- Up-to-date: /home/insa/Desktop/VigiWheels2.0/raspberryPI3/ros2_ws/install/interfaces/include/interfaces/interfaces/msg/detail/motors_feedback__rosidl_typesupport_fastrtps_cpp.hpp
[2.213s] -- Up-to-date: /home/insa/Desktop/VigiWheels2.0/raspberryPI3/ros2_ws/install/interfaces/include/interfaces/interfaces/msg/detail/motors_order__rosidl_typesupport_fastrtps_cpp.hpp
[2.213s] -- Up-to-date: /home/insa/Desktop/VigiWheels2.0/raspberryPI3/ros2_ws/install/interfaces/include/interfaces/interfaces/msg/detail/gnss__rosidl_typesupport_fastrtps_cpp.hpp
[2.213s] -- Up-to-date: /home/insa/Desktop/VigiWheels2.0/raspberryPI3/ros2_ws/install/interfaces/include/interfaces/interfaces/msg/detail/joystick_order__rosidl_typesupport_fastrtps_cpp.hpp
[2.213s] -- Up-to-date: /home/insa/Desktop/VigiWheels2.0/raspberryPI3/ros2_ws/install/interfaces/include/interfaces/interfaces/msg/detail/general_data__rosidl_typesupport_fastrtps_cpp.hpp
[2.213s] -- Up-to-date: /home/insa/Desktop/VigiWheels2.0/raspberryPI3/ros2_ws/install/interfaces/include/interfaces/interfaces/msg/detail/cam_pos_order__rosidl_typesupport_fastrtps_cpp.hpp
[2.213s] -- Up-to-date: /home/insa/Desktop/VigiWheels2.0/raspberryPI3/ros2_ws/install/interfaces/include/interfaces/interfaces/msg/detail/dds_fastrtps
[2.213s] -- Up-to-date: /home/insa/Desktop/VigiWheels2.0/raspberryPI3/ros2_ws/install/interfaces/include/interfaces/interfaces/msg/detail/fire_sensor__rosidl_typesupport_fastrtps_cpp.hpp
[2.213s] -- Up-to-date: /home/insa/Desktop/VigiWheels2.0/raspberryPI3/ros2_ws/install/interfaces/include/interfaces/interfaces/msg/detail/steering_calibration__rosidl_typesupport_fastrtps_cpp.hpp
[2.213s] -- Up-to-date: /home/insa/Desktop/VigiWheels2.0/raspberryPI3/ros2_ws/install/interfaces/include/interfaces/interfaces/msg/detail/servo_cam_order__rosidl_typesupport_fastrtps_cpp.hpp
[2.213s] -- Up-to-date: /home/insa/Desktop/VigiWheels2.0/raspberryPI3/ros2_ws/install/interfaces/include/interfaces/interfaces/msg/detail/ultrasonic__rosidl_typesupport_fastrtps_cpp.hpp
[2.213s] -- Up-to-date: /home/insa/Desktop/VigiWheels2.0/raspberryPI3/ros2_ws/install/interfaces/include/interfaces/interfaces/msg/detail/manometer_info__rosidl_typesupport_fastrtps_cpp.hpp
[2.213s] -- Up-to-date: /home/insa/Desktop/VigiWheels2.0/raspberryPI3/ros2_ws/install/interfaces/lib/libinterfaces__rosidl_typesupport_fastrtps_cpp.so
[2.213s] -- Up-to-date: /home/insa/Desktop/VigiWheels2.0/raspberryPI3/ros2_ws/install/interfaces/include/interfaces/interfaces
[2.213s] -- Up-to-date: /home/insa/Desktop/VigiWheels2.0/raspberryPI3/ros2_ws/install/interfaces/include/interfaces/interfaces/msg
[2.213s] -- Up-to-date: /home/insa/Desktop/VigiWheels2.0/raspberryPI3/ros2_ws/install/interfaces/include/interfaces/interfaces/msg/rosidl_typesupport_introspection_c__visibility_control.h
[2.213s] -- Up-to-date: /home/insa/Desktop/VigiWheels2.0/raspberryPI3/ros2_ws/install/interfaces/include/interfaces/interfaces/msg/detail
[2.214s] -- Up-to-date: /home/insa/Desktop/VigiWheels2.0/raspberryPI3/ros2_ws/install/interfaces/include/interfaces/interfaces/msg/detail/motors_order__type_support.c
[2.214s] -- Up-to-date: /home/insa/Desktop/VigiWheels2.0/raspberryPI3/ros2_ws/install/interfaces/include/interfaces/interfaces/msg/detail/cam_pos_order__type_support.c
[2.214s] -- Up-to-date: /home/insa/Desktop/VigiWheels2.0/raspberryPI3/ros2_ws/install/interfaces/include/interfaces/interfaces/msg/detail/motors_order__rosidl_typesupport_introspection_c.h
[2.214s] -- Up-to-date: /home/insa/Desktop/VigiWheels2.0/raspberryPI3/ros2_ws/install/interfaces/include/interfaces/interfaces/msg/detail/fire_sensor__type_support.c
[2.214s] -- Up-to-date: /home/insa/Desktop/VigiWheels2.0/raspberryPI3/ros2_ws/install/interfaces/include/interfaces/interfaces/msg/detail/servo_cam_order__type_support.c
[2.214s] -- Up-to-date: /home/insa/Desktop/VigiWheels2.0/raspberryPI3/ros2_ws/install/interfaces/include/interfaces/interfaces/msg/detail/emergency_alert_fire__rosidl_typesupport_introspection_c.h
[2.214s] -- Up-to-date: /home/insa/Desktop/VigiWheels2.0/raspberryPI3/ros2_ws/install/interfaces/include/interfaces/interfaces/msg/detail/steering_calibration__type_support.c
[2.214s] -- Up-to-date: /home/insa/Desktop/VigiWheels2.0/raspberryPI3/ros2_ws/install/interfaces/include/interfaces/interfaces/msg/detail/gnss__rosidl_typesupport_introspection_c.h
[2.214s] -- Up-to-date: /home/insa/Desktop/VigiWheels2.0/raspberryPI3/ros2_ws/install/interfaces/include/interfaces/interfaces/msg/detail/joystick_order__type_support.c
[2.214s] -- Up-to-date: /home/insa/Desktop/VigiWheels2.0/raspberryPI3/ros2_ws/install/interfaces/include/interfaces/interfaces/msg/detail/general_data__rosidl_typesupport_introspection_c.h
[2.214s] -- Up-to-date: /home/insa/Desktop/VigiWheels2.0/raspberryPI3/ros2_ws/install/interfaces/include/interfaces/interfaces/msg/detail/emergency_alert_fire__type_support.c
[2.214s] -- Up-to-date: /home/insa/Desktop/VigiWheels2.0/raspberryPI3/ros2_ws/install/interfaces/include/interfaces/interfaces/msg/detail/cam_pos_order__rosidl_typesupport_introspection_c.h
[2.214s] -- Up-to-date: /home/insa/Desktop/VigiWheels2.0/raspberryPI3/ros2_ws/install/interfaces/include/interfaces/interfaces/msg/detail/motors_feedback__rosidl_typesupport_introspection_c.h
[2.214s] -- Up-to-date: /home/insa/Desktop/VigiWheels2.0/raspberryPI3/ros2_ws/install/interfaces/include/interfaces/interfaces/msg/detail/system_check__rosidl_typesupport_introspection_c.h
[2.214s] -- Up-to-date: /home/insa/Desktop/VigiWheels2.0/raspberryPI3/ros2_ws/install/interfaces/include/interfaces/interfaces/msg/detail/steering_calibration__rosidl_typesupport_introspection_c.h
[2.214s] -- Up-to-date: /home/insa/Desktop/VigiWheels2.0/raspberryPI3/ros2_ws/install/interfaces/include/interfaces/interfaces/msg/detail/obstacles_order__rosidl_typesupport_introspection_c.h
[2.214s] -- Up-to-date: /home/insa/Desktop/VigiWheels2.0/raspberryPI3/ros2_ws/install/interfaces/include/interfaces/interfaces/msg/detail/joystick_order__rosidl_typesupport_introspection_c.h
[2.214s] -- Up-to-date: /home/insa/Desktop/VigiWheels2.0/raspberryPI3/ros2_ws/install/interfaces/include/interfaces/interfaces/msg/detail/obstacles_order__type_support.c
[2.214s] -- Up-to-date: /home/insa/Desktop/VigiWheels2.0/raspberryPI3/ros2_ws/install/interfaces/include/interfaces/interfaces/msg/detail/manometer_info__type_support.c
[2.214s] -- Up-to-date: /home/insa/Desktop/VigiWheels2.0/raspberryPI3/ros2_ws/install/interfaces/include/interfaces/interfaces/msg/detail/manometer_info__rosidl_typesupport_introspection_c.h
[2.214s] -- Up-to-date: /home/insa/Desktop/VigiWheels2.0/raspberryPI3/ros2_ws/install/interfaces/include/interfaces/interfaces/msg/detail/motors_feedback__type_support.c
[2.214s] -- Up-to-date: /home/insa/Desktop/VigiWheels2.0/raspberryPI3/ros2_ws/install/interfaces/include/interfaces/interfaces/msg/detail/general_data__type_support.c
[2.214s] -- Up-to-date: /home/insa/Desktop/VigiWheels2.0/raspberryPI3/ros2_ws/install/interfaces/include/interfaces/interfaces/msg/detail/fire_sensor__rosidl_typesupport_introspection_c.h
[2.214s] -- Up-to-date: /home/insa/Desktop/VigiWheels2.0/raspberryPI3/ros2_ws/install/interfaces/include/interfaces/interfaces/msg/detail/system_check__type_support.c
[2.214s] -- Up-to-date: /home/insa/Desktop/VigiWheels2.0/raspberryPI3/ros2_ws/install/interfaces/include/interfaces/interfaces/msg/detail/gnss__type_support.c
[2.215s] -- Up-to-date: /home/insa/Desktop/VigiWheels2.0/raspberryPI3/ros2_ws/install/interfaces/include/interfaces/interfaces/msg/detail/ultrasonic__type_support.c
[2.215s] -- Up-to-date: /home/insa/Desktop/VigiWheels2.0/raspberryPI3/ros2_ws/install/interfaces/include/interfaces/interfaces/msg/detail/ultrasonic__rosidl_typesupport_introspection_c.h
[2.215s] -- Up-to-date: /home/insa/Desktop/VigiWheels2.0/raspberryPI3/ros2_ws/install/interfaces/include/interfaces/interfaces/msg/detail/servo_cam_order__rosidl_typesupport_introspection_c.h
[2.216s] -- Up-to-date: /home/insa/Desktop/VigiWheels2.0/raspberryPI3/ros2_ws/install/interfaces/lib/libinterfaces__rosidl_typesupport_introspection_c.so
[2.217s] -- Up-to-date: /home/insa/Desktop/VigiWheels2.0/raspberryPI3/ros2_ws/install/interfaces/lib/libinterfaces__rosidl_typesupport_c.so
[2.217s] -- Up-to-date: /home/insa/Desktop/VigiWheels2.0/raspberryPI3/ros2_ws/install/interfaces/include/interfaces/interfaces
[2.217s] -- Up-to-date: /home/insa/Desktop/VigiWheels2.0/raspberryPI3/ros2_ws/install/interfaces/include/interfaces/interfaces/msg
[2.217s] -- Up-to-date: /home/insa/Desktop/VigiWheels2.0/raspberryPI3/ros2_ws/install/interfaces/include/interfaces/interfaces/msg/detail
[2.217s] -- Up-to-date: /home/insa/Desktop/VigiWheels2.0/raspberryPI3/ros2_ws/install/interfaces/include/interfaces/interfaces/msg/detail/general_data__rosidl_typesupport_introspection_cpp.hpp
[2.217s] -- Up-to-date: /home/insa/Desktop/VigiWheels2.0/raspberryPI3/ros2_ws/install/interfaces/include/interfaces/interfaces/msg/detail/steering_calibration__type_support.cpp
[2.217s] -- Up-to-date: /home/insa/Desktop/VigiWheels2.0/raspberryPI3/ros2_ws/install/interfaces/include/interfaces/interfaces/msg/detail/cam_pos_order__type_support.cpp
[2.217s] -- Up-to-date: /home/insa/Desktop/VigiWheels2.0/raspberryPI3/ros2_ws/install/interfaces/include/interfaces/interfaces/msg/detail/emergency_alert_fire__rosidl_typesupport_introspection_cpp.hpp
[2.217s] -- Up-to-date: /home/insa/Desktop/VigiWheels2.0/raspberryPI3/ros2_ws/install/interfaces/include/interfaces/interfaces/msg/detail/fire_sensor__rosidl_typesupport_introspection_cpp.hpp
[2.217s] -- Up-to-date: /home/insa/Desktop/VigiWheels2.0/raspberryPI3/ros2_ws/install/interfaces/include/interfaces/interfaces/msg/detail/emergency_alert_fire__type_support.cpp
[2.217s] -- Up-to-date: /home/insa/Desktop/VigiWheels2.0/raspberryPI3/ros2_ws/install/interfaces/include/interfaces/interfaces/msg/detail/servo_cam_order__type_support.cpp
[2.217s] -- Up-to-date: /home/insa/Desktop/VigiWheels2.0/raspberryPI3/ros2_ws/install/interfaces/include/interfaces/interfaces/msg/detail/manometer_info__rosidl_typesupport_introspection_cpp.hpp
[2.217s] -- Up-to-date: /home/insa/Desktop/VigiWheels2.0/raspberryPI3/ros2_ws/install/interfaces/include/interfaces/interfaces/msg/detail/obstacles_order__rosidl_typesupport_introspection_cpp.hpp
[2.217s] -- Up-to-date: /home/insa/Desktop/VigiWheels2.0/raspberryPI3/ros2_ws/install/interfaces/include/interfaces/interfaces/msg/detail/joystick_order__type_support.cpp
[2.217s] -- Up-to-date: /home/insa/Desktop/VigiWheels2.0/raspberryPI3/ros2_ws/install/interfaces/include/interfaces/interfaces/msg/detail/general_data__type_support.cpp
[2.218s] -- Up-to-date: /home/insa/Desktop/VigiWheels2.0/raspberryPI3/ros2_ws/install/interfaces/include/interfaces/interfaces/msg/detail/obstacles_order__type_support.cpp
[2.218s] -- Up-to-date: /home/insa/Desktop/VigiWheels2.0/raspberryPI3/ros2_ws/install/interfaces/include/interfaces/interfaces/msg/detail/motors_order__rosidl_typesupport_introspection_cpp.hpp
[2.218s] -- Up-to-date: /home/insa/Desktop/VigiWheels2.0/raspberryPI3/ros2_ws/install/interfaces/include/interfaces/interfaces/msg/detail/system_check__type_support.cpp
[2.218s] -- Up-to-date: /home/insa/Desktop/VigiWheels2.0/raspberryPI3/ros2_ws/install/interfaces/include/interfaces/interfaces/msg/detail/fire_sensor__type_support.cpp
[2.218s] -- Up-to-date: /home/insa/Desktop/VigiWheels2.0/raspberryPI3/ros2_ws/install/interfaces/include/interfaces/interfaces/msg/detail/manometer_info__type_support.cpp
[2.218s] -- Up-to-date: /home/insa/Desktop/VigiWheels2.0/raspberryPI3/ros2_ws/install/interfaces/include/interfaces/interfaces/msg/detail/gnss__rosidl_typesupport_introspection_cpp.hpp
[2.218s] -- Up-to-date: /home/insa/Desktop/VigiWheels2.0/raspberryPI3/ros2_ws/install/interfaces/include/interfaces/interfaces/msg/detail/servo_cam_order__rosidl_typesupport_introspection_cpp.hpp
[2.218s] -- Up-to-date: /home/insa/Desktop/VigiWheels2.0/raspberryPI3/ros2_ws/install/interfaces/include/interfaces/interfaces/msg/detail/motors_order__type_support.cpp
[2.218s] -- Up-to-date: /home/insa/Desktop/VigiWheels2.0/raspberryPI3/ros2_ws/install/interfaces/include/interfaces/interfaces/msg/detail/system_check__rosidl_typesupport_introspection_cpp.hpp
[2.218s] -- Up-to-date: /home/insa/Desktop/VigiWheels2.0/raspberryPI3/ros2_ws/install/interfaces/include/interfaces/interfaces/msg/detail/motors_feedback__rosidl_typesupport_introspection_cpp.hpp
[2.218s] -- Up-to-date: /home/insa/Desktop/VigiWheels2.0/raspberryPI3/ros2_ws/install/interfaces/include/interfaces/interfaces/msg/detail/steering_calibration__rosidl_typesupport_introspection_cpp.hpp
[2.218s] -- Up-to-date: /home/insa/Desktop/VigiWheels2.0/raspberryPI3/ros2_ws/install/interfaces/include/interfaces/interfaces/msg/detail/motors_feedback__type_support.cpp
[2.218s] -- Up-to-date: /home/insa/Desktop/VigiWheels2.0/raspberryPI3/ros2_ws/install/interfaces/include/interfaces/interfaces/msg/detail/gnss__type_support.cpp
[2.218s] -- Up-to-date: /home/insa/Desktop/VigiWheels2.0/raspberryPI3/ros2_ws/install/interfaces/include/interfaces/interfaces/msg/detail/cam_pos_order__rosidl_typesupport_introspection_cpp.hpp
[2.218s] -- Up-to-date: /home/insa/Desktop/VigiWheels2.0/raspberryPI3/ros2_ws/install/interfaces/include/interfaces/interfaces/msg/detail/joystick_order__rosidl_typesupport_introspection_cpp.hpp
[2.218s] -- Up-to-date: /home/insa/Desktop/VigiWheels2.0/raspberryPI3/ros2_ws/install/interfaces/include/interfaces/interfaces/msg/detail/ultrasonic__type_support.cpp
[2.218s] -- Up-to-date: /home/insa/Desktop/VigiWheels2.0/raspberryPI3/ros2_ws/install/interfaces/include/interfaces/interfaces/msg/detail/ultrasonic__rosidl_typesupport_introspection_cpp.hpp
[2.218s] -- Up-to-date: /home/insa/Desktop/VigiWheels2.0/raspberryPI3/ros2_ws/install/interfaces/lib/libinterfaces__rosidl_typesupport_introspection_cpp.so
[2.218s] -- Up-to-date: /home/insa/Desktop/VigiWheels2.0/raspberryPI3/ros2_ws/install/interfaces/lib/libinterfaces__rosidl_typesupport_cpp.so
[2.218s] -- Up-to-date: /home/insa/Desktop/VigiWheels2.0/raspberryPI3/ros2_ws/install/interfaces/share/interfaces/environment/pythonpath.sh
[2.218s] -- Installing: /home/insa/Desktop/VigiWheels2.0/raspberryPI3/ros2_ws/install/interfaces/share/interfaces/environment/pythonpath.dsv
[2.219s] -- Up-to-date: /home/insa/Desktop/VigiWheels2.0/raspberryPI3/ros2_ws/install/interfaces/local/lib/python3.10/dist-packages/interfaces-0.0.0-py3.10.egg-info
[2.219s] -- Installing: /home/insa/Desktop/VigiWheels2.0/raspberryPI3/ros2_ws/install/interfaces/local/lib/python3.10/dist-packages/interfaces-0.0.0-py3.10.egg-info/dependency_links.txt
[2.219s] -- Installing: /home/insa/Desktop/VigiWheels2.0/raspberryPI3/ros2_ws/install/interfaces/local/lib/python3.10/dist-packages/interfaces-0.0.0-py3.10.egg-info/PKG-INFO
[2.219s] -- Installing: /home/insa/Desktop/VigiWheels2.0/raspberryPI3/ros2_ws/install/interfaces/local/lib/python3.10/dist-packages/interfaces-0.0.0-py3.10.egg-info/SOURCES.txt
[2.219s] -- Installing: /home/insa/Desktop/VigiWheels2.0/raspberryPI3/ros2_ws/install/interfaces/local/lib/python3.10/dist-packages/interfaces-0.0.0-py3.10.egg-info/top_level.txt
[2.219s] -- Up-to-date: /home/insa/Desktop/VigiWheels2.0/raspberryPI3/ros2_ws/install/interfaces/local/lib/python3.10/dist-packages/interfaces
[2.219s] -- Up-to-date: /home/insa/Desktop/VigiWheels2.0/raspberryPI3/ros2_ws/install/interfaces/local/lib/python3.10/dist-packages/interfaces/libinterfaces__rosidl_generator_py.so
[2.219s] -- Up-to-date: /home/insa/Desktop/VigiWheels2.0/raspberryPI3/ros2_ws/install/interfaces/local/lib/python3.10/dist-packages/interfaces/interfaces_s__rosidl_typesupport_introspection_c.cpython-310-x86_64-linux-gnu.so
[2.219s] -- Up-to-date: /home/insa/Desktop/VigiWheels2.0/raspberryPI3/ros2_ws/install/interfaces/local/lib/python3.10/dist-packages/interfaces/_interfaces_s.ep.rosidl_typesupport_fastrtps_c.c
[2.219s] -- Up-to-date: /home/insa/Desktop/VigiWheels2.0/raspberryPI3/ros2_ws/install/interfaces/local/lib/python3.10/dist-packages/interfaces/_interfaces_s.ep.rosidl_typesupport_c.c
[2.219s] -- Up-to-date: /home/insa/Desktop/VigiWheels2.0/raspberryPI3/ros2_ws/install/interfaces/local/lib/python3.10/dist-packages/interfaces/interfaces_s__rosidl_typesupport_fastrtps_c.cpython-310-x86_64-linux-gnu.so
[2.219s] -- Installing: /home/insa/Desktop/VigiWheels2.0/raspberryPI3/ros2_ws/install/interfaces/local/lib/python3.10/dist-packages/interfaces/__init__.py
[2.219s] -- Up-to-date: /home/insa/Desktop/VigiWheels2.0/raspberryPI3/ros2_ws/install/interfaces/local/lib/python3.10/dist-packages/interfaces/msg
[2.219s] -- Up-to-date: /home/insa/Desktop/VigiWheels2.0/raspberryPI3/ros2_ws/install/interfaces/local/lib/python3.10/dist-packages/interfaces/msg/_emergency_alert_fire_s.c
[2.219s] -- Up-to-date: /home/insa/Desktop/VigiWheels2.0/raspberryPI3/ros2_ws/install/interfaces/local/lib/python3.10/dist-packages/interfaces/msg/_cam_pos_order_s.c
[2.219s] -- Up-to-date: /home/insa/Desktop/VigiWheels2.0/raspberryPI3/ros2_ws/install/interfaces/local/lib/python3.10/dist-packages/interfaces/msg/_gnss.py
[2.219s] -- Up-to-date: /home/insa/Desktop/VigiWheels2.0/raspberryPI3/ros2_ws/install/interfaces/local/lib/python3.10/dist-packages/interfaces/msg/_general_data.py
[2.219s] -- Up-to-date: /home/insa/Desktop/VigiWheels2.0/raspberryPI3/ros2_ws/install/interfaces/local/lib/python3.10/dist-packages/interfaces/msg/_steering_calibration.py
[2.219s] -- Up-to-date: /home/insa/Desktop/VigiWheels2.0/raspberryPI3/ros2_ws/install/interfaces/local/lib/python3.10/dist-packages/interfaces/msg/_motors_feedback.py
[2.219s] -- Up-to-date: /home/insa/Desktop/VigiWheels2.0/raspberryPI3/ros2_ws/install/interfaces/local/lib/python3.10/dist-packages/interfaces/msg/_emergency_alert_fire.py
[2.219s] -- Up-to-date: /home/insa/Desktop/VigiWheels2.0/raspberryPI3/ros2_ws/install/interfaces/local/lib/python3.10/dist-packages/interfaces/msg/_ultrasonic.py
[2.219s] -- Up-to-date: /home/insa/Desktop/VigiWheels2.0/raspberryPI3/ros2_ws/install/interfaces/local/lib/python3.10/dist-packages/interfaces/msg/_manometer_info.py
[2.219s] -- Up-to-date: /home/insa/Desktop/VigiWheels2.0/raspberryPI3/ros2_ws/install/interfaces/local/lib/python3.10/dist-packages/interfaces/msg/_steering_calibration_s.c
[2.219s] -- Up-to-date: /home/insa/Desktop/VigiWheels2.0/raspberryPI3/ros2_ws/install/interfaces/local/lib/python3.10/dist-packages/interfaces/msg/__init__.py
[2.220s] -- Up-to-date: /home/insa/Desktop/VigiWheels2.0/raspberryPI3/ros2_ws/install/interfaces/local/lib/python3.10/dist-packages/interfaces/msg/_motors_feedback_s.c
[2.220s] -- Up-to-date: /home/insa/Desktop/VigiWheels2.0/raspberryPI3/ros2_ws/install/interfaces/local/lib/python3.10/dist-packages/interfaces/msg/_motors_order_s.c
[2.220s] -- Up-to-date: /home/insa/Desktop/VigiWheels2.0/raspberryPI3/ros2_ws/install/interfaces/local/lib/python3.10/dist-packages/interfaces/msg/_obstacles_order_s.c
[2.220s] -- Up-to-date: /home/insa/Desktop/VigiWheels2.0/raspberryPI3/ros2_ws/install/interfaces/local/lib/python3.10/dist-packages/interfaces/msg/_cam_pos_order.py
[2.220s] -- Up-to-date: /home/insa/Desktop/VigiWheels2.0/raspberryPI3/ros2_ws/install/interfaces/local/lib/python3.10/dist-packages/interfaces/msg/_motors_order.py
[2.220s] -- Up-to-date: /home/insa/Desktop/VigiWheels2.0/raspberryPI3/ros2_ws/install/interfaces/local/lib/python3.10/dist-packages/interfaces/msg/_joystick_order_s.c
[2.220s] -- Up-to-date: /home/insa/Desktop/VigiWheels2.0/raspberryPI3/ros2_ws/install/interfaces/local/lib/python3.10/dist-packages/interfaces/msg/_system_check.py
[2.220s] -- Up-to-date: /home/insa/Desktop/VigiWheels2.0/raspberryPI3/ros2_ws/install/interfaces/local/lib/python3.10/dist-packages/interfaces/msg/_fire_sensor_s.c
[2.220s] -- Up-to-date: /home/insa/Desktop/VigiWheels2.0/raspberryPI3/ros2_ws/install/interfaces/local/lib/python3.10/dist-packages/interfaces/msg/_manometer_info_s.c
[2.220s] -- Up-to-date: /home/insa/Desktop/VigiWheels2.0/raspberryPI3/ros2_ws/install/interfaces/local/lib/python3.10/dist-packages/interfaces/msg/_system_check_s.c
[2.220s] -- Up-to-date: /home/insa/Desktop/VigiWheels2.0/raspberryPI3/ros2_ws/install/interfaces/local/lib/python3.10/dist-packages/interfaces/msg/_gnss_s.c
[2.220s] -- Up-to-date: /home/insa/Desktop/VigiWheels2.0/raspberryPI3/ros2_ws/install/interfaces/local/lib/python3.10/dist-packages/interfaces/msg/_servo_cam_order_s.c
[2.220s] -- Up-to-date: /home/insa/Desktop/VigiWheels2.0/raspberryPI3/ros2_ws/install/interfaces/local/lib/python3.10/dist-packages/interfaces/msg/_general_data_s.c
[2.220s] -- Up-to-date: /home/insa/Desktop/VigiWheels2.0/raspberryPI3/ros2_ws/install/interfaces/local/lib/python3.10/dist-packages/interfaces/msg/_servo_cam_order.py
[2.220s] -- Up-to-date: /home/insa/Desktop/VigiWheels2.0/raspberryPI3/ros2_ws/install/interfaces/local/lib/python3.10/dist-packages/interfaces/msg/_obstacles_order.py
[2.220s] -- Up-to-date: /home/insa/Desktop/VigiWheels2.0/raspberryPI3/ros2_ws/install/interfaces/local/lib/python3.10/dist-packages/interfaces/msg/_fire_sensor.py
[2.220s] -- Up-to-date: /home/insa/Desktop/VigiWheels2.0/raspberryPI3/ros2_ws/install/interfaces/local/lib/python3.10/dist-packages/interfaces/msg/_ultrasonic_s.c
[2.220s] -- Up-to-date: /home/insa/Desktop/VigiWheels2.0/raspberryPI3/ros2_ws/install/interfaces/local/lib/python3.10/dist-packages/interfaces/msg/_joystick_order.py
[2.220s] -- Up-to-date: /home/insa/Desktop/VigiWheels2.0/raspberryPI3/ros2_ws/install/interfaces/local/lib/python3.10/dist-packages/interfaces/_interfaces_s.ep.rosidl_typesupport_introspection_c.c
[2.220s] -- Up-to-date: /home/insa/Desktop/VigiWheels2.0/raspberryPI3/ros2_ws/install/interfaces/local/lib/python3.10/dist-packages/interfaces/interfaces_s__rosidl_typesupport_c.cpython-310-x86_64-linux-gnu.so
[2.247s] Listing '/home/insa/Desktop/VigiWheels2.0/raspberryPI3/ros2_ws/install/interfaces/local/lib/python3.10/dist-packages/interfaces'...
[2.247s] Compiling '/home/insa/Desktop/VigiWheels2.0/raspberryPI3/ros2_ws/install/interfaces/local/lib/python3.10/dist-packages/interfaces/__init__.py'...
[2.247s] Listing '/home/insa/Desktop/VigiWheels2.0/raspberryPI3/ros2_ws/install/interfaces/local/lib/python3.10/dist-packages/interfaces/msg'...
[2.250s] -- Up-to-date: /home/insa/Desktop/VigiWheels2.0/raspberryPI3/ros2_ws/install/interfaces/local/lib/python3.10/dist-packages/interfaces/interfaces_s__rosidl_typesupport_fastrtps_c.cpython-310-x86_64-linux-gnu.so
[2.251s] -- Up-to-date: /home/insa/Desktop/VigiWheels2.0/raspberryPI3/ros2_ws/install/interfaces/local/lib/python3.10/dist-packages/interfaces/interfaces_s__rosidl_typesupport_introspection_c.cpython-310-x86_64-linux-gnu.so
[2.251s] -- Up-to-date: /home/insa/Desktop/VigiWheels2.0/raspberryPI3/ros2_ws/install/interfaces/local/lib/python3.10/dist-packages/interfaces/interfaces_s__rosidl_typesupport_c.cpython-310-x86_64-linux-gnu.so
[2.251s] -- Up-to-date: /home/insa/Desktop/VigiWheels2.0/raspberryPI3/ros2_ws/install/interfaces/lib/libinterfaces__rosidl_generator_py.so
[2.252s] -- Up-to-date: /home/insa/Desktop/VigiWheels2.0/raspberryPI3/ros2_ws/install/interfaces/share/interfaces/msg/JoystickOrder.idl
[2.252s] -- Up-to-date: /home/insa/Desktop/VigiWheels2.0/raspberryPI3/ros2_ws/install/interfaces/share/interfaces/msg/MotorsOrder.idl
[2.252s] -- Up-to-date: /home/insa/Desktop/VigiWheels2.0/raspberryPI3/ros2_ws/install/interfaces/share/interfaces/msg/MotorsFeedback.idl
[2.252s] -- Up-to-date: /home/insa/Desktop/VigiWheels2.0/raspberryPI3/ros2_ws/install/interfaces/share/interfaces/msg/GeneralData.idl
[2.252s] -- Up-to-date: /home/insa/Desktop/VigiWheels2.0/raspberryPI3/ros2_ws/install/interfaces/share/interfaces/msg/SteeringCalibration.idl
[2.252s] -- Up-to-date: /home/insa/Desktop/VigiWheels2.0/raspberryPI3/ros2_ws/install/interfaces/share/interfaces/msg/Ultrasonic.idl
[2.252s] -- Up-to-date: /home/insa/Desktop/VigiWheels2.0/raspberryPI3/ros2_ws/install/interfaces/share/interfaces/msg/Gnss.idl
[2.252s] -- Up-to-date: /home/insa/Desktop/VigiWheels2.0/raspberryPI3/ros2_ws/install/interfaces/share/interfaces/msg/SystemCheck.idl
[2.252s] -- Up-to-date: /home/insa/Desktop/VigiWheels2.0/raspberryPI3/ros2_ws/install/interfaces/share/interfaces/msg/ManometerInfo.idl
[2.252s] -- Up-to-date: /home/insa/Desktop/VigiWheels2.0/raspberryPI3/ros2_ws/install/interfaces/share/interfaces/msg/ObstaclesOrder.idl
[2.252s] -- Up-to-date: /home/insa/Desktop/VigiWheels2.0/raspberryPI3/ros2_ws/install/interfaces/share/interfaces/msg/ServoCamOrder.idl
[2.252s] -- Up-to-date: /home/insa/Desktop/VigiWheels2.0/raspberryPI3/ros2_ws/install/interfaces/share/interfaces/msg/CamPosOrder.idl
[2.252s] -- Up-to-date: /home/insa/Desktop/VigiWheels2.0/raspberryPI3/ros2_ws/install/interfaces/share/interfaces/msg/FireSensor.idl
[2.252s] -- Up-to-date: /home/insa/Desktop/VigiWheels2.0/raspberryPI3/ros2_ws/install/interfaces/share/interfaces/msg/EmergencyAlertFire.idl
[2.252s] -- Up-to-date: /home/insa/Desktop/VigiWheels2.0/raspberryPI3/ros2_ws/install/interfaces/share/interfaces/msg/JoystickOrder.msg
[2.252s] -- Up-to-date: /home/insa/Desktop/VigiWheels2.0/raspberryPI3/ros2_ws/install/interfaces/share/interfaces/msg/MotorsOrder.msg
[2.253s] -- Up-to-date: /home/insa/Desktop/VigiWheels2.0/raspberryPI3/ros2_ws/install/interfaces/share/interfaces/msg/MotorsFeedback.msg
[2.253s] -- Up-to-date: /home/insa/Desktop/VigiWheels2.0/raspberryPI3/ros2_ws/install/interfaces/share/interfaces/msg/GeneralData.msg
[2.253s] -- Up-to-date: /home/insa/Desktop/VigiWheels2.0/raspberryPI3/ros2_ws/install/interfaces/share/interfaces/msg/SteeringCalibration.msg
[2.253s] -- Up-to-date: /home/insa/Desktop/VigiWheels2.0/raspberryPI3/ros2_ws/install/interfaces/share/interfaces/msg/Ultrasonic.msg
[2.253s] -- Up-to-date: /home/insa/Desktop/VigiWheels2.0/raspberryPI3/ros2_ws/install/interfaces/share/interfaces/msg/Gnss.msg
[2.253s] -- Up-to-date: /home/insa/Desktop/VigiWheels2.0/raspberryPI3/ros2_ws/install/interfaces/share/interfaces/msg/SystemCheck.msg
[2.253s] -- Up-to-date: /home/insa/Desktop/VigiWheels2.0/raspberryPI3/ros2_ws/install/interfaces/share/interfaces/msg/ManometerInfo.msg
[2.253s] -- Up-to-date: /home/insa/Desktop/VigiWheels2.0/raspberryPI3/ros2_ws/install/interfaces/share/interfaces/msg/ObstaclesOrder.msg
[2.253s] -- Up-to-date: /home/insa/Desktop/VigiWheels2.0/raspberryPI3/ros2_ws/install/interfaces/share/interfaces/msg/ServoCamOrder.msg
[2.253s] -- Up-to-date: /home/insa/Desktop/VigiWheels2.0/raspberryPI3/ros2_ws/install/interfaces/share/interfaces/msg/CamPosOrder.msg
[2.253s] -- Up-to-date: /home/insa/Desktop/VigiWheels2.0/raspberryPI3/ros2_ws/install/interfaces/share/interfaces/msg/FireSensor.msg
[2.253s] -- Installing: /home/insa/Desktop/VigiWheels2.0/raspberryPI3/ros2_ws/install/interfaces/share/interfaces/msg/EmergencyAlertFire.msg
[2.253s] -- Up-to-date: /home/insa/Desktop/VigiWheels2.0/raspberryPI3/ros2_ws/install/interfaces/share/ament_index/resource_index/package_run_dependencies/interfaces
[2.253s] -- Up-to-date: /home/insa/Desktop/VigiWheels2.0/raspberryPI3/ros2_ws/install/interfaces/share/ament_index/resource_index/parent_prefix_path/interfaces
[2.253s] -- Up-to-date: /home/insa/Desktop/VigiWheels2.0/raspberryPI3/ros2_ws/install/interfaces/share/interfaces/environment/ament_prefix_path.sh
[2.253s] -- Installing: /home/insa/Desktop/VigiWheels2.0/raspberryPI3/ros2_ws/install/interfaces/share/interfaces/environment/ament_prefix_path.dsv
[2.253s] -- Up-to-date: /home/insa/Desktop/VigiWheels2.0/raspberryPI3/ros2_ws/install/interfaces/share/interfaces/environment/path.sh
[2.253s] -- Installing: /home/insa/Desktop/VigiWheels2.0/raspberryPI3/ros2_ws/install/interfaces/share/interfaces/environment/path.dsv
[2.253s] -- Up-to-date: /home/insa/Desktop/VigiWheels2.0/raspberryPI3/ros2_ws/install/interfaces/share/interfaces/local_setup.bash
[2.253s] -- Up-to-date: /home/insa/Desktop/VigiWheels2.0/raspberryPI3/ros2_ws/install/interfaces/share/interfaces/local_setup.sh
[2.253s] -- Up-to-date: /home/insa/Desktop/VigiWheels2.0/raspberryPI3/ros2_ws/install/interfaces/share/interfaces/local_setup.zsh
[2.253s] -- Installing: /home/insa/Desktop/VigiWheels2.0/raspberryPI3/ros2_ws/install/interfaces/share/interfaces/local_setup.dsv
[2.254s] -- Installing: /home/insa/Desktop/VigiWheels2.0/raspberryPI3/ros2_ws/install/interfaces/share/interfaces/package.dsv
[2.254s] -- Up-to-date: /home/insa/Desktop/VigiWheels2.0/raspberryPI3/ros2_ws/install/interfaces/share/ament_index/resource_index/packages/interfaces
[2.254s] -- Up-to-date: /home/insa/Desktop/VigiWheels2.0/raspberryPI3/ros2_ws/install/interfaces/share/interfaces/cmake/export_interfaces__rosidl_generator_cExport.cmake
[2.254s] -- Up-to-date: /home/insa/Desktop/VigiWheels2.0/raspberryPI3/ros2_ws/install/interfaces/share/interfaces/cmake/export_interfaces__rosidl_generator_cExport-noconfig.cmake
[2.254s] -- Up-to-date: /home/insa/Desktop/VigiWheels2.0/raspberryPI3/ros2_ws/install/interfaces/share/interfaces/cmake/export_interfaces__rosidl_typesupport_fastrtps_cExport.cmake
[2.254s] -- Up-to-date: /home/insa/Desktop/VigiWheels2.0/raspberryPI3/ros2_ws/install/interfaces/share/interfaces/cmake/export_interfaces__rosidl_typesupport_fastrtps_cExport-noconfig.cmake
[2.254s] -- Up-to-date: /home/insa/Desktop/VigiWheels2.0/raspberryPI3/ros2_ws/install/interfaces/share/interfaces/cmake/export_interfaces__rosidl_generator_cppExport.cmake
[2.254s] -- Up-to-date: /home/insa/Desktop/VigiWheels2.0/raspberryPI3/ros2_ws/install/interfaces/share/interfaces/cmake/export_interfaces__rosidl_typesupport_fastrtps_cppExport.cmake
[2.254s] -- Up-to-date: /home/insa/Desktop/VigiWheels2.0/raspberryPI3/ros2_ws/install/interfaces/share/interfaces/cmake/export_interfaces__rosidl_typesupport_fastrtps_cppExport-noconfig.cmake
[2.254s] -- Up-to-date: /home/insa/Desktop/VigiWheels2.0/raspberryPI3/ros2_ws/install/interfaces/share/interfaces/cmake/interfaces__rosidl_typesupport_introspection_cExport.cmake
[2.254s] -- Up-to-date: /home/insa/Desktop/VigiWheels2.0/raspberryPI3/ros2_ws/install/interfaces/share/interfaces/cmake/interfaces__rosidl_typesupport_introspection_cExport-noconfig.cmake
[2.254s] -- Up-to-date: /home/insa/Desktop/VigiWheels2.0/raspberryPI3/ros2_ws/install/interfaces/share/interfaces/cmake/interfaces__rosidl_typesupport_cExport.cmake
[2.254s] -- Up-to-date: /home/insa/Desktop/VigiWheels2.0/raspberryPI3/ros2_ws/install/interfaces/share/interfaces/cmake/interfaces__rosidl_typesupport_cExport-noconfig.cmake
[2.254s] -- Up-to-date: /home/insa/Desktop/VigiWheels2.0/raspberryPI3/ros2_ws/install/interfaces/share/interfaces/cmake/interfaces__rosidl_typesupport_introspection_cppExport.cmake
[2.254s] -- Up-to-date: /home/insa/Desktop/VigiWheels2.0/raspberryPI3/ros2_ws/install/interfaces/share/interfaces/cmake/interfaces__rosidl_typesupport_introspection_cppExport-noconfig.cmake
[2.254s] -- Up-to-date: /home/insa/Desktop/VigiWheels2.0/raspberryPI3/ros2_ws/install/interfaces/share/interfaces/cmake/interfaces__rosidl_typesupport_cppExport.cmake
[2.254s] -- Up-to-date: /home/insa/Desktop/VigiWheels2.0/raspberryPI3/ros2_ws/install/interfaces/share/interfaces/cmake/interfaces__rosidl_typesupport_cppExport-noconfig.cmake
[2.255s] -- Up-to-date: /home/insa/Desktop/VigiWheels2.0/raspberryPI3/ros2_ws/install/interfaces/share/interfaces/cmake/export_interfaces__rosidl_generator_pyExport.cmake
[2.255s] -- Up-to-date: /home/insa/Desktop/VigiWheels2.0/raspberryPI3/ros2_ws/install/interfaces/share/interfaces/cmake/export_interfaces__rosidl_generator_pyExport-noconfig.cmake
[2.255s] -- Up-to-date: /home/insa/Desktop/VigiWheels2.0/raspberryPI3/ros2_ws/install/interfaces/share/interfaces/cmake/rosidl_cmake-extras.cmake
[2.255s] -- Up-to-date: /home/insa/Desktop/VigiWheels2.0/raspberryPI3/ros2_ws/install/interfaces/share/interfaces/cmake/ament_cmake_export_include_directories-extras.cmake
[2.255s] -- Up-to-date: /home/insa/Desktop/VigiWheels2.0/raspberryPI3/ros2_ws/install/interfaces/share/interfaces/cmake/ament_cmake_export_libraries-extras.cmake
[2.255s] -- Up-to-date: /home/insa/Desktop/VigiWheels2.0/raspberryPI3/ros2_ws/install/interfaces/share/interfaces/cmake/ament_cmake_export_targets-extras.cmake
[2.255s] -- Up-to-date: /home/insa/Desktop/VigiWheels2.0/raspberryPI3/ros2_ws/install/interfaces/share/interfaces/cmake/rosidl_cmake_export_typesupport_targets-extras.cmake
[2.255s] -- Up-to-date: /home/insa/Desktop/VigiWheels2.0/raspberryPI3/ros2_ws/install/interfaces/share/interfaces/cmake/ament_cmake_export_dependencies-extras.cmake
[2.255s] -- Up-to-date: /home/insa/Desktop/VigiWheels2.0/raspberryPI3/ros2_ws/install/interfaces/share/interfaces/cmake/rosidl_cmake_export_typesupport_libraries-extras.cmake
[2.255s] -- Up-to-date: /home/insa/Desktop/VigiWheels2.0/raspberryPI3/ros2_ws/install/interfaces/share/interfaces/cmake/interfacesConfig.cmake
[2.255s] -- Up-to-date: /home/insa/Desktop/VigiWheels2.0/raspberryPI3/ros2_ws/install/interfaces/share/interfaces/cmake/interfacesConfig-version.cmake
[2.255s] -- Up-to-date: /home/insa/Desktop/VigiWheels2.0/raspberryPI3/ros2_ws/install/interfaces/share/interfaces/package.xml
[2.257s] Invoked command in '/home/insa/Desktop/VigiWheels2.0/raspberryPI3/ros2_ws/build/interfaces' returned '0': CMAKE_PREFIX_PATH=${CMAKE_PREFIX_PATH}:/opt/ros/humble /usr/bin/cmake --install /home/insa/Desktop/VigiWheels2.0/raspberryPI3/ros2_ws/build/interfaces
