[0.632s] DEBUG:colcon:Command line arguments: ['/usr/bin/colcon', 'build', '--packages-select', 'uart']
[0.632s] DEBUG:colcon:Parsed command line arguments: Namespace(log_base=None, log_level=None, verb_name='build', build_base='build', install_base='install', merge_install=False, symlink_install=False, test_result_base=None, continue_on_error=False, executor='parallel', parallel_workers=8, event_handlers=None, ignore_user_meta=False, metas=['./colcon.meta'], base_paths=['.'], packages_ignore=None, packages_ignore_regex=None, paths=None, packages_up_to=None, packages_up_to_regex=None, packages_above=None, packages_above_and_dependencies=None, packages_above_depth=None, packages_select_by_dep=None, packages_skip_by_dep=None, packages_skip_up_to=None, packages_select_build_failed=False, packages_skip_build_finished=False, packages_select_test_failures=False, packages_skip_test_passed=False, packages_select=['uart'], packages_skip=None, packages_select_regex=None, packages_skip_regex=None, packages_start=None, packages_end=None, allow_overriding=[], cmake_args=None, cmake_target=None, cmake_target_skip_unavailable=False, cmake_clean_cache=False, cmake_clean_first=False, cmake_force_configure=False, ament_cmake_args=None, catkin_cmake_args=None, catkin_skip_building_tests=False, verb_parser=<colcon_defaults.argument_parser.defaults.DefaultArgumentsDecorator object at 0x7f59585ac6d0>, verb_extension=<colcon_core.verb.build.BuildVerb object at 0x7f59585acbb0>, main=<bound method BuildVerb.main of <colcon_core.verb.build.BuildVerb object at 0x7f59585acbb0>>)
[0.661s] Level 1:colcon.colcon_core.package_discovery:discover_packages(colcon_meta) check parameters
[0.661s] Level 1:colcon.colcon_core.package_discovery:discover_packages(recursive) check parameters
[0.661s] Level 1:colcon.colcon_core.package_discovery:discover_packages(ignore) check parameters
[0.661s] Level 1:colcon.colcon_core.package_discovery:discover_packages(path) check parameters
[0.661s] Level 1:colcon.colcon_core.package_discovery:discover_packages(colcon_meta) discover
[0.661s] Level 1:colcon.colcon_core.package_discovery:discover_packages(recursive) discover
[0.661s] INFO:colcon.colcon_core.package_discovery:Crawling recursively for packages in '/home/insa/Desktop/VigiWheels2.0/raspberryPI3/ros2_ws'
[0.661s] Level 1:colcon.colcon_core.package_identification:_identify(.) by extensions ['ignore', 'ignore_ament_install']
[0.661s] Level 1:colcon.colcon_core.package_identification:_identify(.) by extension 'ignore'
[0.661s] Level 1:colcon.colcon_core.package_identification:_identify(.) by extension 'ignore_ament_install'
[0.661s] Level 1:colcon.colcon_core.package_identification:_identify(.) by extensions ['colcon_pkg']
[0.661s] Level 1:colcon.colcon_core.package_identification:_identify(.) by extension 'colcon_pkg'
[0.661s] Level 1:colcon.colcon_core.package_identification:_identify(.) by extensions ['colcon_meta']
[0.661s] Level 1:colcon.colcon_core.package_identification:_identify(.) by extension 'colcon_meta'
[0.661s] Level 1:colcon.colcon_core.package_identification:_identify(.) by extensions ['ros']
[0.661s] Level 1:colcon.colcon_core.package_identification:_identify(.) by extension 'ros'
[0.668s] Level 1:colcon.colcon_core.package_identification:_identify(.) by extensions ['cmake', 'python']
[0.668s] Level 1:colcon.colcon_core.package_identification:_identify(.) by extension 'cmake'
[0.668s] Level 1:colcon.colcon_core.package_identification:_identify(.) by extension 'python'
[0.668s] Level 1:colcon.colcon_core.package_identification:_identify(.) by extensions ['python_setup_py']
[0.668s] Level 1:colcon.colcon_core.package_identification:_identify(.) by extension 'python_setup_py'
[0.669s] Level 1:colcon.colcon_core.package_identification:_identify(build) by extensions ['ignore', 'ignore_ament_install']
[0.669s] Level 1:colcon.colcon_core.package_identification:_identify(build) by extension 'ignore'
[0.669s] Level 1:colcon.colcon_core.package_identification:_identify(build) ignored
[0.669s] Level 1:colcon.colcon_core.package_identification:_identify(install) by extensions ['ignore', 'ignore_ament_install']
[0.669s] Level 1:colcon.colcon_core.package_identification:_identify(install) by extension 'ignore'
[0.669s] Level 1:colcon.colcon_core.package_identification:_identify(install) ignored
[0.669s] Level 1:colcon.colcon_core.package_identification:_identify(log) by extensions ['ignore', 'ignore_ament_install']
[0.669s] Level 1:colcon.colcon_core.package_identification:_identify(log) by extension 'ignore'
[0.669s] Level 1:colcon.colcon_core.package_identification:_identify(log) ignored
[0.669s] Level 1:colcon.colcon_core.package_identification:_identify(src) by extensions ['ignore', 'ignore_ament_install']
[0.669s] Level 1:colcon.colcon_core.package_identification:_identify(src) by extension 'ignore'
[0.669s] Level 1:colcon.colcon_core.package_identification:_identify(src) by extension 'ignore_ament_install'
[0.669s] Level 1:colcon.colcon_core.package_identification:_identify(src) by extensions ['colcon_pkg']
[0.669s] Level 1:colcon.colcon_core.package_identification:_identify(src) by extension 'colcon_pkg'
[0.669s] Level 1:colcon.colcon_core.package_identification:_identify(src) by extensions ['colcon_meta']
[0.669s] Level 1:colcon.colcon_core.package_identification:_identify(src) by extension 'colcon_meta'
[0.669s] Level 1:colcon.colcon_core.package_identification:_identify(src) by extensions ['ros']
[0.669s] Level 1:colcon.colcon_core.package_identification:_identify(src) by extension 'ros'
[0.669s] Level 1:colcon.colcon_core.package_identification:_identify(src) by extensions ['cmake', 'python']
[0.669s] Level 1:colcon.colcon_core.package_identification:_identify(src) by extension 'cmake'
[0.669s] Level 1:colcon.colcon_core.package_identification:_identify(src) by extension 'python'
[0.669s] Level 1:colcon.colcon_core.package_identification:_identify(src) by extensions ['python_setup_py']
[0.669s] Level 1:colcon.colcon_core.package_identification:_identify(src) by extension 'python_setup_py'
[0.669s] Level 1:colcon.colcon_core.package_identification:_identify(src/can) by extensions ['ignore', 'ignore_ament_install']
[0.670s] Level 1:colcon.colcon_core.package_identification:_identify(src/can) by extension 'ignore'
[0.670s] Level 1:colcon.colcon_core.package_identification:_identify(src/can) by extension 'ignore_ament_install'
[0.670s] Level 1:colcon.colcon_core.package_identification:_identify(src/can) by extensions ['colcon_pkg']
[0.670s] Level 1:colcon.colcon_core.package_identification:_identify(src/can) by extension 'colcon_pkg'
[0.670s] Level 1:colcon.colcon_core.package_identification:_identify(src/can) by extensions ['colcon_meta']
[0.670s] Level 1:colcon.colcon_core.package_identification:_identify(src/can) by extension 'colcon_meta'
[0.670s] Level 1:colcon.colcon_core.package_identification:_identify(src/can) by extensions ['ros']
[0.670s] Level 1:colcon.colcon_core.package_identification:_identify(src/can) by extension 'ros'
[0.671s] DEBUG:colcon.colcon_core.package_identification:Package 'src/can' with type 'ros.ament_cmake' and name 'can'
[0.672s] Level 1:colcon.colcon_core.package_identification:_identify(src/car_control) by extensions ['ignore', 'ignore_ament_install']
[0.672s] Level 1:colcon.colcon_core.package_identification:_identify(src/car_control) by extension 'ignore'
[0.672s] Level 1:colcon.colcon_core.package_identification:_identify(src/car_control) by extension 'ignore_ament_install'
[0.672s] Level 1:colcon.colcon_core.package_identification:_identify(src/car_control) by extensions ['colcon_pkg']
[0.672s] Level 1:colcon.colcon_core.package_identification:_identify(src/car_control) by extension 'colcon_pkg'
[0.672s] Level 1:colcon.colcon_core.package_identification:_identify(src/car_control) by extensions ['colcon_meta']
[0.672s] Level 1:colcon.colcon_core.package_identification:_identify(src/car_control) by extension 'colcon_meta'
[0.672s] Level 1:colcon.colcon_core.package_identification:_identify(src/car_control) by extensions ['ros']
[0.672s] Level 1:colcon.colcon_core.package_identification:_identify(src/car_control) by extension 'ros'
[0.672s] DEBUG:colcon.colcon_core.package_identification:Package 'src/car_control' with type 'ros.ament_cmake' and name 'car_control'
[0.672s] Level 1:colcon.colcon_core.package_identification:_identify(src/carla_msgs) by extensions ['ignore', 'ignore_ament_install']
[0.672s] Level 1:colcon.colcon_core.package_identification:_identify(src/carla_msgs) by extension 'ignore'
[0.672s] Level 1:colcon.colcon_core.package_identification:_identify(src/carla_msgs) by extension 'ignore_ament_install'
[0.672s] Level 1:colcon.colcon_core.package_identification:_identify(src/carla_msgs) by extensions ['colcon_pkg']
[0.672s] Level 1:colcon.colcon_core.package_identification:_identify(src/carla_msgs) by extension 'colcon_pkg'
[0.672s] Level 1:colcon.colcon_core.package_identification:_identify(src/carla_msgs) by extensions ['colcon_meta']
[0.672s] Level 1:colcon.colcon_core.package_identification:_identify(src/carla_msgs) by extension 'colcon_meta'
[0.672s] Level 1:colcon.colcon_core.package_identification:_identify(src/carla_msgs) by extensions ['ros']
[0.673s] Level 1:colcon.colcon_core.package_identification:_identify(src/carla_msgs) by extension 'ros'
[0.673s] DEBUG:colcon.colcon_core.package_identification:Package 'src/carla_msgs' with type 'ros.ament_cmake' and name 'carla_msgs'
[0.673s] Level 1:colcon.colcon_core.package_identification:_identify(src/fire_detection) by extensions ['ignore', 'ignore_ament_install']
[0.673s] Level 1:colcon.colcon_core.package_identification:_identify(src/fire_detection) by extension 'ignore'
[0.673s] Level 1:colcon.colcon_core.package_identification:_identify(src/fire_detection) by extension 'ignore_ament_install'
[0.673s] Level 1:colcon.colcon_core.package_identification:_identify(src/fire_detection) by extensions ['colcon_pkg']
[0.673s] Level 1:colcon.colcon_core.package_identification:_identify(src/fire_detection) by extension 'colcon_pkg'
[0.673s] Level 1:colcon.colcon_core.package_identification:_identify(src/fire_detection) by extensions ['colcon_meta']
[0.673s] Level 1:colcon.colcon_core.package_identification:_identify(src/fire_detection) by extension 'colcon_meta'
[0.673s] Level 1:colcon.colcon_core.package_identification:_identify(src/fire_detection) by extensions ['ros']
[0.673s] Level 1:colcon.colcon_core.package_identification:_identify(src/fire_detection) by extension 'ros'
[0.673s] DEBUG:colcon.colcon_core.package_identification:Package 'src/fire_detection' with type 'ros.ament_cmake' and name 'fire_detection'
[0.673s] Level 1:colcon.colcon_core.package_identification:_identify(src/geicar_start) by extensions ['ignore', 'ignore_ament_install']
[0.674s] Level 1:colcon.colcon_core.package_identification:_identify(src/geicar_start) by extension 'ignore'
[0.674s] Level 1:colcon.colcon_core.package_identification:_identify(src/geicar_start) by extension 'ignore_ament_install'
[0.674s] Level 1:colcon.colcon_core.package_identification:_identify(src/geicar_start) by extensions ['colcon_pkg']
[0.674s] Level 1:colcon.colcon_core.package_identification:_identify(src/geicar_start) by extension 'colcon_pkg'
[0.674s] Level 1:colcon.colcon_core.package_identification:_identify(src/geicar_start) by extensions ['colcon_meta']
[0.674s] Level 1:colcon.colcon_core.package_identification:_identify(src/geicar_start) by extension 'colcon_meta'
[0.674s] Level 1:colcon.colcon_core.package_identification:_identify(src/geicar_start) by extensions ['ros']
[0.674s] Level 1:colcon.colcon_core.package_identification:_identify(src/geicar_start) by extension 'ros'
[0.674s] DEBUG:colcon.colcon_core.package_identification:Package 'src/geicar_start' with type 'ros.ament_cmake' and name 'geicar_start'
[0.674s] Level 1:colcon.colcon_core.package_identification:_identify(src/imu_tools) by extensions ['ignore', 'ignore_ament_install']
[0.675s] Level 1:colcon.colcon_core.package_identification:_identify(src/imu_tools) by extension 'ignore'
[0.675s] Level 1:colcon.colcon_core.package_identification:_identify(src/imu_tools) by extension 'ignore_ament_install'
[0.675s] Level 1:colcon.colcon_core.package_identification:_identify(src/imu_tools) by extensions ['colcon_pkg']
[0.675s] Level 1:colcon.colcon_core.package_identification:_identify(src/imu_tools) by extension 'colcon_pkg'
[0.675s] Level 1:colcon.colcon_core.package_identification:_identify(src/imu_tools) by extensions ['colcon_meta']
[0.675s] Level 1:colcon.colcon_core.package_identification:_identify(src/imu_tools) by extension 'colcon_meta'
[0.675s] Level 1:colcon.colcon_core.package_identification:_identify(src/imu_tools) by extensions ['ros']
[0.675s] Level 1:colcon.colcon_core.package_identification:_identify(src/imu_tools) by extension 'ros'
[0.675s] Level 1:colcon.colcon_core.package_identification:_identify(src/imu_tools) by extensions ['cmake', 'python']
[0.675s] Level 1:colcon.colcon_core.package_identification:_identify(src/imu_tools) by extension 'cmake'
[0.675s] Level 1:colcon.colcon_core.package_identification:_identify(src/imu_tools) by extension 'python'
[0.675s] Level 1:colcon.colcon_core.package_identification:_identify(src/imu_tools) by extensions ['python_setup_py']
[0.675s] Level 1:colcon.colcon_core.package_identification:_identify(src/imu_tools) by extension 'python_setup_py'
[0.675s] Level 1:colcon.colcon_core.package_identification:_identify(src/imu_tools/imu_complementary_filter) by extensions ['ignore', 'ignore_ament_install']
[0.675s] Level 1:colcon.colcon_core.package_identification:_identify(src/imu_tools/imu_complementary_filter) by extension 'ignore'
[0.675s] Level 1:colcon.colcon_core.package_identification:_identify(src/imu_tools/imu_complementary_filter) by extension 'ignore_ament_install'
[0.675s] Level 1:colcon.colcon_core.package_identification:_identify(src/imu_tools/imu_complementary_filter) by extensions ['colcon_pkg']
[0.675s] Level 1:colcon.colcon_core.package_identification:_identify(src/imu_tools/imu_complementary_filter) by extension 'colcon_pkg'
[0.675s] Level 1:colcon.colcon_core.package_identification:_identify(src/imu_tools/imu_complementary_filter) by extensions ['colcon_meta']
[0.675s] Level 1:colcon.colcon_core.package_identification:_identify(src/imu_tools/imu_complementary_filter) by extension 'colcon_meta'
[0.675s] Level 1:colcon.colcon_core.package_identification:_identify(src/imu_tools/imu_complementary_filter) by extensions ['ros']
[0.675s] Level 1:colcon.colcon_core.package_identification:_identify(src/imu_tools/imu_complementary_filter) by extension 'ros'
[0.675s] DEBUG:colcon.colcon_core.package_identification:Package 'src/imu_tools/imu_complementary_filter' with type 'ros.ament_cmake' and name 'imu_complementary_filter'
[0.675s] Level 1:colcon.colcon_core.package_identification:_identify(src/imu_tools/imu_filter_madgwick) by extensions ['ignore', 'ignore_ament_install']
[0.675s] Level 1:colcon.colcon_core.package_identification:_identify(src/imu_tools/imu_filter_madgwick) by extension 'ignore'
[0.676s] Level 1:colcon.colcon_core.package_identification:_identify(src/imu_tools/imu_filter_madgwick) by extension 'ignore_ament_install'
[0.676s] Level 1:colcon.colcon_core.package_identification:_identify(src/imu_tools/imu_filter_madgwick) by extensions ['colcon_pkg']
[0.676s] Level 1:colcon.colcon_core.package_identification:_identify(src/imu_tools/imu_filter_madgwick) by extension 'colcon_pkg'
[0.676s] Level 1:colcon.colcon_core.package_identification:_identify(src/imu_tools/imu_filter_madgwick) by extensions ['colcon_meta']
[0.676s] Level 1:colcon.colcon_core.package_identification:_identify(src/imu_tools/imu_filter_madgwick) by extension 'colcon_meta'
[0.676s] Level 1:colcon.colcon_core.package_identification:_identify(src/imu_tools/imu_filter_madgwick) by extensions ['ros']
[0.676s] Level 1:colcon.colcon_core.package_identification:_identify(src/imu_tools/imu_filter_madgwick) by extension 'ros'
[0.676s] DEBUG:colcon.colcon_core.package_identification:Package 'src/imu_tools/imu_filter_madgwick' with type 'ros.ament_cmake' and name 'imu_filter_madgwick'
[0.676s] Level 1:colcon.colcon_core.package_identification:_identify(src/imu_tools/imu_tools) by extensions ['ignore', 'ignore_ament_install']
[0.676s] Level 1:colcon.colcon_core.package_identification:_identify(src/imu_tools/imu_tools) by extension 'ignore'
[0.676s] Level 1:colcon.colcon_core.package_identification:_identify(src/imu_tools/imu_tools) by extension 'ignore_ament_install'
[0.676s] Level 1:colcon.colcon_core.package_identification:_identify(src/imu_tools/imu_tools) by extensions ['colcon_pkg']
[0.676s] Level 1:colcon.colcon_core.package_identification:_identify(src/imu_tools/imu_tools) by extension 'colcon_pkg'
[0.676s] Level 1:colcon.colcon_core.package_identification:_identify(src/imu_tools/imu_tools) by extensions ['colcon_meta']
[0.676s] Level 1:colcon.colcon_core.package_identification:_identify(src/imu_tools/imu_tools) by extension 'colcon_meta'
[0.677s] Level 1:colcon.colcon_core.package_identification:_identify(src/imu_tools/imu_tools) by extensions ['ros']
[0.677s] Level 1:colcon.colcon_core.package_identification:_identify(src/imu_tools/imu_tools) by extension 'ros'
[0.677s] DEBUG:colcon.colcon_core.package_identification:Package 'src/imu_tools/imu_tools' with type 'ros.ament_cmake' and name 'imu_tools'
[0.677s] Level 1:colcon.colcon_core.package_identification:_identify(src/imu_tools/rviz_imu_plugin) by extensions ['ignore', 'ignore_ament_install']
[0.677s] Level 1:colcon.colcon_core.package_identification:_identify(src/imu_tools/rviz_imu_plugin) by extension 'ignore'
[0.677s] Level 1:colcon.colcon_core.package_identification:_identify(src/imu_tools/rviz_imu_plugin) by extension 'ignore_ament_install'
[0.677s] Level 1:colcon.colcon_core.package_identification:_identify(src/imu_tools/rviz_imu_plugin) by extensions ['colcon_pkg']
[0.677s] Level 1:colcon.colcon_core.package_identification:_identify(src/imu_tools/rviz_imu_plugin) by extension 'colcon_pkg'
[0.677s] Level 1:colcon.colcon_core.package_identification:_identify(src/imu_tools/rviz_imu_plugin) by extensions ['colcon_meta']
[0.677s] Level 1:colcon.colcon_core.package_identification:_identify(src/imu_tools/rviz_imu_plugin) by extension 'colcon_meta'
[0.677s] Level 1:colcon.colcon_core.package_identification:_identify(src/imu_tools/rviz_imu_plugin) by extensions ['ros']
[0.677s] Level 1:colcon.colcon_core.package_identification:_identify(src/imu_tools/rviz_imu_plugin) by extension 'ros'
[0.678s] DEBUG:colcon.colcon_core.package_identification:Package 'src/imu_tools/rviz_imu_plugin' with type 'ros.ament_cmake' and name 'rviz_imu_plugin'
[0.678s] Level 1:colcon.colcon_core.package_identification:_identify(src/interfaces) by extensions ['ignore', 'ignore_ament_install']
[0.678s] Level 1:colcon.colcon_core.package_identification:_identify(src/interfaces) by extension 'ignore'
[0.678s] Level 1:colcon.colcon_core.package_identification:_identify(src/interfaces) by extension 'ignore_ament_install'
[0.678s] Level 1:colcon.colcon_core.package_identification:_identify(src/interfaces) by extensions ['colcon_pkg']
[0.678s] Level 1:colcon.colcon_core.package_identification:_identify(src/interfaces) by extension 'colcon_pkg'
[0.678s] Level 1:colcon.colcon_core.package_identification:_identify(src/interfaces) by extensions ['colcon_meta']
[0.678s] Level 1:colcon.colcon_core.package_identification:_identify(src/interfaces) by extension 'colcon_meta'
[0.678s] Level 1:colcon.colcon_core.package_identification:_identify(src/interfaces) by extensions ['ros']
[0.678s] Level 1:colcon.colcon_core.package_identification:_identify(src/interfaces) by extension 'ros'
[0.678s] DEBUG:colcon.colcon_core.package_identification:Package 'src/interfaces' with type 'ros.ament_cmake' and name 'interfaces'
[0.678s] Level 1:colcon.colcon_core.package_identification:_identify(src/joystick) by extensions ['ignore', 'ignore_ament_install']
[0.678s] Level 1:colcon.colcon_core.package_identification:_identify(src/joystick) by extension 'ignore'
[0.678s] Level 1:colcon.colcon_core.package_identification:_identify(src/joystick) by extension 'ignore_ament_install'
[0.678s] Level 1:colcon.colcon_core.package_identification:_identify(src/joystick) by extensions ['colcon_pkg']
[0.678s] Level 1:colcon.colcon_core.package_identification:_identify(src/joystick) by extension 'colcon_pkg'
[0.679s] Level 1:colcon.colcon_core.package_identification:_identify(src/joystick) by extensions ['colcon_meta']
[0.679s] Level 1:colcon.colcon_core.package_identification:_identify(src/joystick) by extension 'colcon_meta'
[0.679s] Level 1:colcon.colcon_core.package_identification:_identify(src/joystick) by extensions ['ros']
[0.679s] Level 1:colcon.colcon_core.package_identification:_identify(src/joystick) by extension 'ros'
[0.679s] DEBUG:colcon.colcon_core.package_identification:Package 'src/joystick' with type 'ros.ament_cmake' and name 'joystick'
[0.679s] Level 1:colcon.colcon_core.package_identification:_identify(src/obstacles) by extensions ['ignore', 'ignore_ament_install']
[0.679s] Level 1:colcon.colcon_core.package_identification:_identify(src/obstacles) by extension 'ignore'
[0.679s] Level 1:colcon.colcon_core.package_identification:_identify(src/obstacles) by extension 'ignore_ament_install'
[0.679s] Level 1:colcon.colcon_core.package_identification:_identify(src/obstacles) by extensions ['colcon_pkg']
[0.679s] Level 1:colcon.colcon_core.package_identification:_identify(src/obstacles) by extension 'colcon_pkg'
[0.679s] Level 1:colcon.colcon_core.package_identification:_identify(src/obstacles) by extensions ['colcon_meta']
[0.679s] Level 1:colcon.colcon_core.package_identification:_identify(src/obstacles) by extension 'colcon_meta'
[0.679s] Level 1:colcon.colcon_core.package_identification:_identify(src/obstacles) by extensions ['ros']
[0.679s] Level 1:colcon.colcon_core.package_identification:_identify(src/obstacles) by extension 'ros'
[0.680s] DEBUG:colcon.colcon_core.package_identification:Package 'src/obstacles' with type 'ros.ament_cmake' and name 'obstacles'
[0.680s] Level 1:colcon.colcon_core.package_identification:_identify(src/pressure_level) by extensions ['ignore', 'ignore_ament_install']
[0.680s] Level 1:colcon.colcon_core.package_identification:_identify(src/pressure_level) by extension 'ignore'
[0.680s] Level 1:colcon.colcon_core.package_identification:_identify(src/pressure_level) by extension 'ignore_ament_install'
[0.680s] Level 1:colcon.colcon_core.package_identification:_identify(src/pressure_level) by extensions ['colcon_pkg']
[0.680s] Level 1:colcon.colcon_core.package_identification:_identify(src/pressure_level) by extension 'colcon_pkg'
[0.680s] Level 1:colcon.colcon_core.package_identification:_identify(src/pressure_level) by extensions ['colcon_meta']
[0.680s] Level 1:colcon.colcon_core.package_identification:_identify(src/pressure_level) by extension 'colcon_meta'
[0.680s] Level 1:colcon.colcon_core.package_identification:_identify(src/pressure_level) by extensions ['ros']
[0.680s] Level 1:colcon.colcon_core.package_identification:_identify(src/pressure_level) by extension 'ros'
[0.680s] DEBUG:colcon.colcon_core.package_identification:Package 'src/pressure_level' with type 'ros.ament_cmake' and name 'pressure_level'
[0.680s] Level 1:colcon.colcon_core.package_identification:_identify(src/servo_cam) by extensions ['ignore', 'ignore_ament_install']
[0.680s] Level 1:colcon.colcon_core.package_identification:_identify(src/servo_cam) by extension 'ignore'
[0.680s] Level 1:colcon.colcon_core.package_identification:_identify(src/servo_cam) by extension 'ignore_ament_install'
[0.680s] Level 1:colcon.colcon_core.package_identification:_identify(src/servo_cam) by extensions ['colcon_pkg']
[0.681s] Level 1:colcon.colcon_core.package_identification:_identify(src/servo_cam) by extension 'colcon_pkg'
[0.681s] Level 1:colcon.colcon_core.package_identification:_identify(src/servo_cam) by extensions ['colcon_meta']
[0.681s] Level 1:colcon.colcon_core.package_identification:_identify(src/servo_cam) by extension 'colcon_meta'
[0.681s] Level 1:colcon.colcon_core.package_identification:_identify(src/servo_cam) by extensions ['ros']
[0.681s] Level 1:colcon.colcon_core.package_identification:_identify(src/servo_cam) by extension 'ros'
[0.681s] DEBUG:colcon.colcon_core.package_identification:Package 'src/servo_cam' with type 'ros.ament_cmake' and name 'servo_cam'
[0.681s] Level 1:colcon.colcon_core.package_identification:_identify(src/simulation) by extensions ['ignore', 'ignore_ament_install']
[0.681s] Level 1:colcon.colcon_core.package_identification:_identify(src/simulation) by extension 'ignore'
[0.681s] Level 1:colcon.colcon_core.package_identification:_identify(src/simulation) by extension 'ignore_ament_install'
[0.681s] Level 1:colcon.colcon_core.package_identification:_identify(src/simulation) by extensions ['colcon_pkg']
[0.681s] Level 1:colcon.colcon_core.package_identification:_identify(src/simulation) by extension 'colcon_pkg'
[0.681s] Level 1:colcon.colcon_core.package_identification:_identify(src/simulation) by extensions ['colcon_meta']
[0.681s] Level 1:colcon.colcon_core.package_identification:_identify(src/simulation) by extension 'colcon_meta'
[0.682s] Level 1:colcon.colcon_core.package_identification:_identify(src/simulation) by extensions ['ros']
[0.682s] Level 1:colcon.colcon_core.package_identification:_identify(src/simulation) by extension 'ros'
[0.682s] DEBUG:colcon.colcon_core.package_identification:Package 'src/simulation' with type 'ros.ament_cmake' and name 'simulation'
[0.682s] Level 1:colcon.colcon_core.package_identification:_identify(src/system_check) by extensions ['ignore', 'ignore_ament_install']
[0.682s] Level 1:colcon.colcon_core.package_identification:_identify(src/system_check) by extension 'ignore'
[0.682s] Level 1:colcon.colcon_core.package_identification:_identify(src/system_check) by extension 'ignore_ament_install'
[0.682s] Level 1:colcon.colcon_core.package_identification:_identify(src/system_check) by extensions ['colcon_pkg']
[0.682s] Level 1:colcon.colcon_core.package_identification:_identify(src/system_check) by extension 'colcon_pkg'
[0.682s] Level 1:colcon.colcon_core.package_identification:_identify(src/system_check) by extensions ['colcon_meta']
[0.682s] Level 1:colcon.colcon_core.package_identification:_identify(src/system_check) by extension 'colcon_meta'
[0.682s] Level 1:colcon.colcon_core.package_identification:_identify(src/system_check) by extensions ['ros']
[0.682s] Level 1:colcon.colcon_core.package_identification:_identify(src/system_check) by extension 'ros'
[0.683s] DEBUG:colcon.colcon_core.package_identification:Package 'src/system_check' with type 'ros.ament_cmake' and name 'system_check'
[0.683s] Level 1:colcon.colcon_core.package_identification:_identify(src/uart) by extensions ['ignore', 'ignore_ament_install']
[0.683s] Level 1:colcon.colcon_core.package_identification:_identify(src/uart) by extension 'ignore'
[0.683s] Level 1:colcon.colcon_core.package_identification:_identify(src/uart) by extension 'ignore_ament_install'
[0.683s] Level 1:colcon.colcon_core.package_identification:_identify(src/uart) by extensions ['colcon_pkg']
[0.683s] Level 1:colcon.colcon_core.package_identification:_identify(src/uart) by extension 'colcon_pkg'
[0.683s] Level 1:colcon.colcon_core.package_identification:_identify(src/uart) by extensions ['colcon_meta']
[0.683s] Level 1:colcon.colcon_core.package_identification:_identify(src/uart) by extension 'colcon_meta'
[0.683s] Level 1:colcon.colcon_core.package_identification:_identify(src/uart) by extensions ['ros']
[0.683s] Level 1:colcon.colcon_core.package_identification:_identify(src/uart) by extension 'ros'
[0.683s] DEBUG:colcon.colcon_core.package_identification:Package 'src/uart' with type 'ros.ament_cmake' and name 'uart'
[0.683s] Level 1:colcon.colcon_core.package_discovery:discover_packages(recursive) using defaults
[0.683s] Level 1:colcon.colcon_core.package_discovery:discover_packages(ignore) discover
[0.683s] Level 1:colcon.colcon_core.package_discovery:discover_packages(ignore) using defaults
[0.683s] Level 1:colcon.colcon_core.package_discovery:discover_packages(path) discover
[0.683s] Level 1:colcon.colcon_core.package_discovery:discover_packages(path) using defaults
[0.724s] INFO:colcon.colcon_core.package_selection:Skipping not selected package 'carla_msgs' in 'src/carla_msgs'
[0.724s] INFO:colcon.colcon_core.package_selection:Skipping not selected package 'imu_complementary_filter' in 'src/imu_tools/imu_complementary_filter'
[0.724s] INFO:colcon.colcon_core.package_selection:Skipping not selected package 'imu_filter_madgwick' in 'src/imu_tools/imu_filter_madgwick'
[0.724s] INFO:colcon.colcon_core.package_selection:Skipping not selected package 'interfaces' in 'src/interfaces'
[0.724s] INFO:colcon.colcon_core.package_selection:Skipping not selected package 'rviz_imu_plugin' in 'src/imu_tools/rviz_imu_plugin'
[0.724s] INFO:colcon.colcon_core.package_selection:Skipping not selected package 'can' in 'src/can'
[0.724s] INFO:colcon.colcon_core.package_selection:Skipping not selected package 'car_control' in 'src/car_control'
[0.724s] INFO:colcon.colcon_core.package_selection:Skipping not selected package 'fire_detection' in 'src/fire_detection'
[0.724s] INFO:colcon.colcon_core.package_selection:Skipping not selected package 'imu_tools' in 'src/imu_tools/imu_tools'
[0.724s] INFO:colcon.colcon_core.package_selection:Skipping not selected package 'joystick' in 'src/joystick'
[0.724s] INFO:colcon.colcon_core.package_selection:Skipping not selected package 'obstacles' in 'src/obstacles'
[0.724s] INFO:colcon.colcon_core.package_selection:Skipping not selected package 'pressure_level' in 'src/pressure_level'
[0.724s] INFO:colcon.colcon_core.package_selection:Skipping not selected package 'servo_cam' in 'src/servo_cam'
[0.724s] INFO:colcon.colcon_core.package_selection:Skipping not selected package 'simulation' in 'src/simulation'
[0.724s] INFO:colcon.colcon_core.package_selection:Skipping not selected package 'system_check' in 'src/system_check'
[0.724s] INFO:colcon.colcon_core.package_selection:Skipping not selected package 'geicar_start' in 'src/geicar_start'
[0.741s] Level 1:colcon.colcon_core.package_discovery:discover_packages(prefix_path) check parameters
[0.741s] Level 1:colcon.colcon_core.package_discovery:discover_packages(prefix_path) discover
[0.768s] DEBUG:colcon.colcon_installed_package_information.package_discovery:Found 17 installed packages in /home/insa/Desktop/VigiWheels2.0/raspberryPI3/ros2_ws/install
[0.777s] DEBUG:colcon.colcon_installed_package_information.package_discovery:Found 14 installed packages in /home/insa/Desktop/VigiWheels/raspberryPI3/ros2_ws/install
[0.787s] DEBUG:colcon.colcon_installed_package_information.package_discovery:Found 388 installed packages in /opt/ros/humble
[0.788s] Level 1:colcon.colcon_core.package_discovery:discover_packages(prefix_path) using defaults
[0.843s] WARNING:colcon.colcon_core.package_selection:Some selected packages are already built in one or more underlay workspaces:
	'uart' is in: /home/insa/Desktop/VigiWheels2.0/raspberryPI3/ros2_ws/install/uart
If a package in a merged underlay workspace is overridden and it installs headers, then all packages in the overlay must sort their include directories by workspace order. Failure to do so may result in build failures or undefined behavior at run time.
If the overridden package is used by another package in any underlay, then the overriding package in the overlay must be API and ABI compatible or undefined behavior at run time may occur.

If you understand the risks and want to override a package anyways, add the following to the command line:
	--allow-overriding uart

This may be promoted to an error in a future release of colcon-override-check.
[0.853s] Level 5:colcon.colcon_core.verb:set package 'uart' build argument 'cmake_args' from command line to 'None'
[0.853s] Level 5:colcon.colcon_core.verb:set package 'uart' build argument 'cmake_target' from command line to 'None'
[0.853s] Level 5:colcon.colcon_core.verb:set package 'uart' build argument 'cmake_target_skip_unavailable' from command line to 'False'
[0.853s] Level 5:colcon.colcon_core.verb:set package 'uart' build argument 'cmake_clean_cache' from command line to 'False'
[0.853s] Level 5:colcon.colcon_core.verb:set package 'uart' build argument 'cmake_clean_first' from command line to 'False'
[0.853s] Level 5:colcon.colcon_core.verb:set package 'uart' build argument 'cmake_force_configure' from command line to 'False'
[0.853s] Level 5:colcon.colcon_core.verb:set package 'uart' build argument 'ament_cmake_args' from command line to 'None'
[0.853s] Level 5:colcon.colcon_core.verb:set package 'uart' build argument 'catkin_cmake_args' from command line to 'None'
[0.853s] Level 5:colcon.colcon_core.verb:set package 'uart' build argument 'catkin_skip_building_tests' from command line to 'False'
[0.853s] DEBUG:colcon.colcon_core.verb:Building package 'uart' with the following arguments: {'ament_cmake_args': None, 'build_base': '/home/insa/Desktop/VigiWheels2.0/raspberryPI3/ros2_ws/build/uart', 'catkin_cmake_args': None, 'catkin_skip_building_tests': False, 'cmake_args': None, 'cmake_clean_cache': False, 'cmake_clean_first': False, 'cmake_force_configure': False, 'cmake_target': None, 'cmake_target_skip_unavailable': False, 'install_base': '/home/insa/Desktop/VigiWheels2.0/raspberryPI3/ros2_ws/install/uart', 'merge_install': False, 'path': '/home/insa/Desktop/VigiWheels2.0/raspberryPI3/ros2_ws/src/uart', 'symlink_install': False, 'test_result_base': None}
[0.861s] INFO:colcon.colcon_core.executor:Executing jobs using 'parallel' executor
[0.871s] DEBUG:colcon.colcon_parallel_executor.executor.parallel:run_until_complete
[0.871s] INFO:colcon.colcon_ros.task.ament_cmake.build:Building ROS package in '/home/insa/Desktop/VigiWheels2.0/raspberryPI3/ros2_ws/src/uart' with build type 'ament_cmake'
[0.871s] INFO:colcon.colcon_cmake.task.cmake.build:Building CMake package in '/home/insa/Desktop/VigiWheels2.0/raspberryPI3/ros2_ws/src/uart'
[0.881s] INFO:colcon.colcon_core.plugin_system:Skipping extension 'colcon_core.shell.bat': Not used on non-Windows systems
[0.881s] INFO:colcon.colcon_core.shell:Skip shell extension 'powershell' for command environment: Not usable outside of PowerShell
[0.881s] DEBUG:colcon.colcon_core.shell:Skip shell extension 'dsv' for command environment
[0.928s] DEBUG:colcon.colcon_core.event_handler.log_command:Invoking command in '/home/insa/Desktop/VigiWheels2.0/raspberryPI3/ros2_ws/build/uart': CMAKE_PREFIX_PATH=/home/insa/Desktop/VigiWheels2.0/raspberryPI3/ros2_ws/install/interfaces:/home/insa/Desktop/VigiWheels2.0/raspberryPI3/ros2_ws/install/geicar_start:/home/insa/Desktop/VigiWheels2.0/raspberryPI3/ros2_ws/install/uart:/home/insa/Desktop/VigiWheels2.0/raspberryPI3/ros2_ws/install/system_check:/home/insa/Desktop/VigiWheels2.0/raspberryPI3/ros2_ws/install/simulation:/home/insa/Desktop/VigiWheels2.0/raspberryPI3/ros2_ws/install/servo_cam:/home/insa/Desktop/VigiWheels2.0/raspberryPI3/ros2_ws/install/imu_tools:/home/insa/Desktop/VigiWheels2.0/raspberryPI3/ros2_ws/install/rviz_imu_plugin:/home/insa/Desktop/VigiWheels2.0/raspberryPI3/ros2_ws/install/obstacles:/home/insa/Desktop/VigiWheels2.0/raspberryPI3/ros2_ws/install/joystick:/home/insa/Desktop/VigiWheels2.0/raspberryPI3/ros2_ws/install/fire_detection:/home/insa/Desktop/VigiWheels2.0/raspberryPI3/ros2_ws/install/car_control:/home/insa/Desktop/VigiWheels2.0/raspberryPI3/ros2_ws/install/can:/home/insa/Desktop/VigiWheels2.0/raspberryPI3/ros2_ws/install/imu_filter_madgwick:/home/insa/Desktop/VigiWheels2.0/raspberryPI3/ros2_ws/install/imu_complementary_filter:/home/insa/Desktop/VigiWheels2.0/raspberryPI3/ros2_ws/install/carla_msgs:/home/insa/Desktop/VigiWheels/raspberryPI3/ros2_ws/install/geicar_start:/home/insa/Desktop/VigiWheels/raspberryPI3/ros2_ws/install/system_check:/home/insa/Desktop/VigiWheels/raspberryPI3/ros2_ws/install/simulation:/home/insa/Desktop/VigiWheels/raspberryPI3/ros2_ws/install/serial_port:/home/insa/Desktop/VigiWheels/raspberryPI3/ros2_ws/install/imu_tools:/home/insa/Desktop/VigiWheels/raspberryPI3/ros2_ws/install/rviz_imu_plugin:/home/insa/Desktop/VigiWheels/raspberryPI3/ros2_ws/install/joystick:/home/insa/Desktop/VigiWheels/raspberryPI3/ros2_ws/install/fire_detection:/home/insa/Desktop/VigiWheels/raspberryPI3/ros2_ws/install/car_control:/home/insa/Desktop/VigiWheels/raspberryPI3/ros2_ws/install/can:/home/insa/Desktop/VigiWheels/raspberryPI3/ros2_ws/install/interfaces:/home/insa/Desktop/VigiWheels/raspberryPI3/ros2_ws/install/imu_filter_madgwick:/home/insa/Desktop/VigiWheels/raspberryPI3/ros2_ws/install/imu_complementary_filter:/home/insa/Desktop/VigiWheels/raspberryPI3/ros2_ws/install/carla_msgs:/opt/ros/humble LD_LIBRARY_PATH=/home/insa/Desktop/VigiWheels2.0/raspberryPI3/ros2_ws/install/interfaces/lib:/home/insa/Desktop/VigiWheels2.0/raspberryPI3/ros2_ws/install/rviz_imu_plugin/lib:/home/insa/Desktop/VigiWheels2.0/raspberryPI3/ros2_ws/install/imu_filter_madgwick/lib:/home/insa/Desktop/VigiWheels2.0/raspberryPI3/ros2_ws/install/carla_msgs/lib:/home/insa/Desktop/VigiWheels/raspberryPI3/ros2_ws/install/rviz_imu_plugin/lib:/home/insa/Desktop/VigiWheels/raspberryPI3/ros2_ws/install/interfaces/lib:/home/insa/Desktop/VigiWheels/raspberryPI3/ros2_ws/install/imu_filter_madgwick/lib:/home/insa/Desktop/VigiWheels/raspberryPI3/ros2_ws/install/carla_msgs/lib:/usr/lib/x86_64-linux-gnu/gazebo-11/plugins:/opt/ros/humble/opt/rviz_ogre_vendor/lib:/opt/ros/humble/lib/x86_64-linux-gnu:/opt/ros/humble/lib:/usr/local/lustre-v4-IV.2023.293-linux64//esterelv5_21.linux/lib /usr/bin/cmake --build /home/insa/Desktop/VigiWheels2.0/raspberryPI3/ros2_ws/build/uart -- -j8 -l8
[10.059s] DEBUG:colcon.colcon_core.event_handler.log_command:Invoked command in '/home/insa/Desktop/VigiWheels2.0/raspberryPI3/ros2_ws/build/uart' returned '0': CMAKE_PREFIX_PATH=/home/insa/Desktop/VigiWheels2.0/raspberryPI3/ros2_ws/install/interfaces:/home/insa/Desktop/VigiWheels2.0/raspberryPI3/ros2_ws/install/geicar_start:/home/insa/Desktop/VigiWheels2.0/raspberryPI3/ros2_ws/install/uart:/home/insa/Desktop/VigiWheels2.0/raspberryPI3/ros2_ws/install/system_check:/home/insa/Desktop/VigiWheels2.0/raspberryPI3/ros2_ws/install/simulation:/home/insa/Desktop/VigiWheels2.0/raspberryPI3/ros2_ws/install/servo_cam:/home/insa/Desktop/VigiWheels2.0/raspberryPI3/ros2_ws/install/imu_tools:/home/insa/Desktop/VigiWheels2.0/raspberryPI3/ros2_ws/install/rviz_imu_plugin:/home/insa/Desktop/VigiWheels2.0/raspberryPI3/ros2_ws/install/obstacles:/home/insa/Desktop/VigiWheels2.0/raspberryPI3/ros2_ws/install/joystick:/home/insa/Desktop/VigiWheels2.0/raspberryPI3/ros2_ws/install/fire_detection:/home/insa/Desktop/VigiWheels2.0/raspberryPI3/ros2_ws/install/car_control:/home/insa/Desktop/VigiWheels2.0/raspberryPI3/ros2_ws/install/can:/home/insa/Desktop/VigiWheels2.0/raspberryPI3/ros2_ws/install/imu_filter_madgwick:/home/insa/Desktop/VigiWheels2.0/raspberryPI3/ros2_ws/install/imu_complementary_filter:/home/insa/Desktop/VigiWheels2.0/raspberryPI3/ros2_ws/install/carla_msgs:/home/insa/Desktop/VigiWheels/raspberryPI3/ros2_ws/install/geicar_start:/home/insa/Desktop/VigiWheels/raspberryPI3/ros2_ws/install/system_check:/home/insa/Desktop/VigiWheels/raspberryPI3/ros2_ws/install/simulation:/home/insa/Desktop/VigiWheels/raspberryPI3/ros2_ws/install/serial_port:/home/insa/Desktop/VigiWheels/raspberryPI3/ros2_ws/install/imu_tools:/home/insa/Desktop/VigiWheels/raspberryPI3/ros2_ws/install/rviz_imu_plugin:/home/insa/Desktop/VigiWheels/raspberryPI3/ros2_ws/install/joystick:/home/insa/Desktop/VigiWheels/raspberryPI3/ros2_ws/install/fire_detection:/home/insa/Desktop/VigiWheels/raspberryPI3/ros2_ws/install/car_control:/home/insa/Desktop/VigiWheels/raspberryPI3/ros2_ws/install/can:/home/insa/Desktop/VigiWheels/raspberryPI3/ros2_ws/install/interfaces:/home/insa/Desktop/VigiWheels/raspberryPI3/ros2_ws/install/imu_filter_madgwick:/home/insa/Desktop/VigiWheels/raspberryPI3/ros2_ws/install/imu_complementary_filter:/home/insa/Desktop/VigiWheels/raspberryPI3/ros2_ws/install/carla_msgs:/opt/ros/humble LD_LIBRARY_PATH=/home/insa/Desktop/VigiWheels2.0/raspberryPI3/ros2_ws/install/interfaces/lib:/home/insa/Desktop/VigiWheels2.0/raspberryPI3/ros2_ws/install/rviz_imu_plugin/lib:/home/insa/Desktop/VigiWheels2.0/raspberryPI3/ros2_ws/install/imu_filter_madgwick/lib:/home/insa/Desktop/VigiWheels2.0/raspberryPI3/ros2_ws/install/carla_msgs/lib:/home/insa/Desktop/VigiWheels/raspberryPI3/ros2_ws/install/rviz_imu_plugin/lib:/home/insa/Desktop/VigiWheels/raspberryPI3/ros2_ws/install/interfaces/lib:/home/insa/Desktop/VigiWheels/raspberryPI3/ros2_ws/install/imu_filter_madgwick/lib:/home/insa/Desktop/VigiWheels/raspberryPI3/ros2_ws/install/carla_msgs/lib:/usr/lib/x86_64-linux-gnu/gazebo-11/plugins:/opt/ros/humble/opt/rviz_ogre_vendor/lib:/opt/ros/humble/lib/x86_64-linux-gnu:/opt/ros/humble/lib:/usr/local/lustre-v4-IV.2023.293-linux64//esterelv5_21.linux/lib /usr/bin/cmake --build /home/insa/Desktop/VigiWheels2.0/raspberryPI3/ros2_ws/build/uart -- -j8 -l8
[10.089s] DEBUG:colcon.colcon_core.event_handler.log_command:Invoking command in '/home/insa/Desktop/VigiWheels2.0/raspberryPI3/ros2_ws/build/uart': CMAKE_PREFIX_PATH=/home/insa/Desktop/VigiWheels2.0/raspberryPI3/ros2_ws/install/interfaces:/home/insa/Desktop/VigiWheels2.0/raspberryPI3/ros2_ws/install/geicar_start:/home/insa/Desktop/VigiWheels2.0/raspberryPI3/ros2_ws/install/uart:/home/insa/Desktop/VigiWheels2.0/raspberryPI3/ros2_ws/install/system_check:/home/insa/Desktop/VigiWheels2.0/raspberryPI3/ros2_ws/install/simulation:/home/insa/Desktop/VigiWheels2.0/raspberryPI3/ros2_ws/install/servo_cam:/home/insa/Desktop/VigiWheels2.0/raspberryPI3/ros2_ws/install/imu_tools:/home/insa/Desktop/VigiWheels2.0/raspberryPI3/ros2_ws/install/rviz_imu_plugin:/home/insa/Desktop/VigiWheels2.0/raspberryPI3/ros2_ws/install/obstacles:/home/insa/Desktop/VigiWheels2.0/raspberryPI3/ros2_ws/install/joystick:/home/insa/Desktop/VigiWheels2.0/raspberryPI3/ros2_ws/install/fire_detection:/home/insa/Desktop/VigiWheels2.0/raspberryPI3/ros2_ws/install/car_control:/home/insa/Desktop/VigiWheels2.0/raspberryPI3/ros2_ws/install/can:/home/insa/Desktop/VigiWheels2.0/raspberryPI3/ros2_ws/install/imu_filter_madgwick:/home/insa/Desktop/VigiWheels2.0/raspberryPI3/ros2_ws/install/imu_complementary_filter:/home/insa/Desktop/VigiWheels2.0/raspberryPI3/ros2_ws/install/carla_msgs:/home/insa/Desktop/VigiWheels/raspberryPI3/ros2_ws/install/geicar_start:/home/insa/Desktop/VigiWheels/raspberryPI3/ros2_ws/install/system_check:/home/insa/Desktop/VigiWheels/raspberryPI3/ros2_ws/install/simulation:/home/insa/Desktop/VigiWheels/raspberryPI3/ros2_ws/install/serial_port:/home/insa/Desktop/VigiWheels/raspberryPI3/ros2_ws/install/imu_tools:/home/insa/Desktop/VigiWheels/raspberryPI3/ros2_ws/install/rviz_imu_plugin:/home/insa/Desktop/VigiWheels/raspberryPI3/ros2_ws/install/joystick:/home/insa/Desktop/VigiWheels/raspberryPI3/ros2_ws/install/fire_detection:/home/insa/Desktop/VigiWheels/raspberryPI3/ros2_ws/install/car_control:/home/insa/Desktop/VigiWheels/raspberryPI3/ros2_ws/install/can:/home/insa/Desktop/VigiWheels/raspberryPI3/ros2_ws/install/interfaces:/home/insa/Desktop/VigiWheels/raspberryPI3/ros2_ws/install/imu_filter_madgwick:/home/insa/Desktop/VigiWheels/raspberryPI3/ros2_ws/install/imu_complementary_filter:/home/insa/Desktop/VigiWheels/raspberryPI3/ros2_ws/install/carla_msgs:/opt/ros/humble LD_LIBRARY_PATH=/home/insa/Desktop/VigiWheels2.0/raspberryPI3/ros2_ws/install/interfaces/lib:/home/insa/Desktop/VigiWheels2.0/raspberryPI3/ros2_ws/install/rviz_imu_plugin/lib:/home/insa/Desktop/VigiWheels2.0/raspberryPI3/ros2_ws/install/imu_filter_madgwick/lib:/home/insa/Desktop/VigiWheels2.0/raspberryPI3/ros2_ws/install/carla_msgs/lib:/home/insa/Desktop/VigiWheels/raspberryPI3/ros2_ws/install/rviz_imu_plugin/lib:/home/insa/Desktop/VigiWheels/raspberryPI3/ros2_ws/install/interfaces/lib:/home/insa/Desktop/VigiWheels/raspberryPI3/ros2_ws/install/imu_filter_madgwick/lib:/home/insa/Desktop/VigiWheels/raspberryPI3/ros2_ws/install/carla_msgs/lib:/usr/lib/x86_64-linux-gnu/gazebo-11/plugins:/opt/ros/humble/opt/rviz_ogre_vendor/lib:/opt/ros/humble/lib/x86_64-linux-gnu:/opt/ros/humble/lib:/usr/local/lustre-v4-IV.2023.293-linux64//esterelv5_21.linux/lib /usr/bin/cmake --install /home/insa/Desktop/VigiWheels2.0/raspberryPI3/ros2_ws/build/uart
[10.104s] Level 1:colcon.colcon_core.environment:create_environment_scripts_only(uart)
[10.104s] DEBUG:colcon.colcon_core.event_handler.log_command:Invoked command in '/home/insa/Desktop/VigiWheels2.0/raspberryPI3/ros2_ws/build/uart' returned '0': CMAKE_PREFIX_PATH=/home/insa/Desktop/VigiWheels2.0/raspberryPI3/ros2_ws/install/interfaces:/home/insa/Desktop/VigiWheels2.0/raspberryPI3/ros2_ws/install/geicar_start:/home/insa/Desktop/VigiWheels2.0/raspberryPI3/ros2_ws/install/uart:/home/insa/Desktop/VigiWheels2.0/raspberryPI3/ros2_ws/install/system_check:/home/insa/Desktop/VigiWheels2.0/raspberryPI3/ros2_ws/install/simulation:/home/insa/Desktop/VigiWheels2.0/raspberryPI3/ros2_ws/install/servo_cam:/home/insa/Desktop/VigiWheels2.0/raspberryPI3/ros2_ws/install/imu_tools:/home/insa/Desktop/VigiWheels2.0/raspberryPI3/ros2_ws/install/rviz_imu_plugin:/home/insa/Desktop/VigiWheels2.0/raspberryPI3/ros2_ws/install/obstacles:/home/insa/Desktop/VigiWheels2.0/raspberryPI3/ros2_ws/install/joystick:/home/insa/Desktop/VigiWheels2.0/raspberryPI3/ros2_ws/install/fire_detection:/home/insa/Desktop/VigiWheels2.0/raspberryPI3/ros2_ws/install/car_control:/home/insa/Desktop/VigiWheels2.0/raspberryPI3/ros2_ws/install/can:/home/insa/Desktop/VigiWheels2.0/raspberryPI3/ros2_ws/install/imu_filter_madgwick:/home/insa/Desktop/VigiWheels2.0/raspberryPI3/ros2_ws/install/imu_complementary_filter:/home/insa/Desktop/VigiWheels2.0/raspberryPI3/ros2_ws/install/carla_msgs:/home/insa/Desktop/VigiWheels/raspberryPI3/ros2_ws/install/geicar_start:/home/insa/Desktop/VigiWheels/raspberryPI3/ros2_ws/install/system_check:/home/insa/Desktop/VigiWheels/raspberryPI3/ros2_ws/install/simulation:/home/insa/Desktop/VigiWheels/raspberryPI3/ros2_ws/install/serial_port:/home/insa/Desktop/VigiWheels/raspberryPI3/ros2_ws/install/imu_tools:/home/insa/Desktop/VigiWheels/raspberryPI3/ros2_ws/install/rviz_imu_plugin:/home/insa/Desktop/VigiWheels/raspberryPI3/ros2_ws/install/joystick:/home/insa/Desktop/VigiWheels/raspberryPI3/ros2_ws/install/fire_detection:/home/insa/Desktop/VigiWheels/raspberryPI3/ros2_ws/install/car_control:/home/insa/Desktop/VigiWheels/raspberryPI3/ros2_ws/install/can:/home/insa/Desktop/VigiWheels/raspberryPI3/ros2_ws/install/interfaces:/home/insa/Desktop/VigiWheels/raspberryPI3/ros2_ws/install/imu_filter_madgwick:/home/insa/Desktop/VigiWheels/raspberryPI3/ros2_ws/install/imu_complementary_filter:/home/insa/Desktop/VigiWheels/raspberryPI3/ros2_ws/install/carla_msgs:/opt/ros/humble LD_LIBRARY_PATH=/home/insa/Desktop/VigiWheels2.0/raspberryPI3/ros2_ws/install/interfaces/lib:/home/insa/Desktop/VigiWheels2.0/raspberryPI3/ros2_ws/install/rviz_imu_plugin/lib:/home/insa/Desktop/VigiWheels2.0/raspberryPI3/ros2_ws/install/imu_filter_madgwick/lib:/home/insa/Desktop/VigiWheels2.0/raspberryPI3/ros2_ws/install/carla_msgs/lib:/home/insa/Desktop/VigiWheels/raspberryPI3/ros2_ws/install/rviz_imu_plugin/lib:/home/insa/Desktop/VigiWheels/raspberryPI3/ros2_ws/install/interfaces/lib:/home/insa/Desktop/VigiWheels/raspberryPI3/ros2_ws/install/imu_filter_madgwick/lib:/home/insa/Desktop/VigiWheels/raspberryPI3/ros2_ws/install/carla_msgs/lib:/usr/lib/x86_64-linux-gnu/gazebo-11/plugins:/opt/ros/humble/opt/rviz_ogre_vendor/lib:/opt/ros/humble/lib/x86_64-linux-gnu:/opt/ros/humble/lib:/usr/local/lustre-v4-IV.2023.293-linux64//esterelv5_21.linux/lib /usr/bin/cmake --install /home/insa/Desktop/VigiWheels2.0/raspberryPI3/ros2_ws/build/uart
[10.115s] Level 1:colcon.colcon_core.environment:checking '/home/insa/Desktop/VigiWheels2.0/raspberryPI3/ros2_ws/install/uart' for CMake module files
[10.115s] Level 1:colcon.colcon_core.environment:checking '/home/insa/Desktop/VigiWheels2.0/raspberryPI3/ros2_ws/install/uart' for CMake config files
[10.115s] Level 1:colcon.colcon_core.shell:create_environment_hook('uart', 'cmake_prefix_path')
[10.125s] INFO:colcon.colcon_core.shell:Creating environment hook '/home/insa/Desktop/VigiWheels2.0/raspberryPI3/ros2_ws/install/uart/share/uart/hook/cmake_prefix_path.ps1'
[10.125s] INFO:colcon.colcon_core.shell:Creating environment descriptor '/home/insa/Desktop/VigiWheels2.0/raspberryPI3/ros2_ws/install/uart/share/uart/hook/cmake_prefix_path.dsv'
[10.126s] INFO:colcon.colcon_core.shell:Creating environment hook '/home/insa/Desktop/VigiWheels2.0/raspberryPI3/ros2_ws/install/uart/share/uart/hook/cmake_prefix_path.sh'
[10.126s] Level 1:colcon.colcon_core.environment:checking '/home/insa/Desktop/VigiWheels2.0/raspberryPI3/ros2_ws/install/uart/lib'
[10.126s] Level 1:colcon.colcon_core.environment:checking '/home/insa/Desktop/VigiWheels2.0/raspberryPI3/ros2_ws/install/uart/bin'
[10.126s] Level 1:colcon.colcon_core.environment:checking '/home/insa/Desktop/VigiWheels2.0/raspberryPI3/ros2_ws/install/uart/lib/pkgconfig/uart.pc'
[10.127s] Level 1:colcon.colcon_core.environment:checking '/home/insa/Desktop/VigiWheels2.0/raspberryPI3/ros2_ws/install/uart/lib/python3.10/site-packages'
[10.127s] Level 1:colcon.colcon_core.environment:checking '/home/insa/Desktop/VigiWheels2.0/raspberryPI3/ros2_ws/install/uart/bin'
[10.136s] INFO:colcon.colcon_core.shell:Creating package script '/home/insa/Desktop/VigiWheels2.0/raspberryPI3/ros2_ws/install/uart/share/uart/package.ps1'
[10.136s] INFO:colcon.colcon_core.shell:Creating package descriptor '/home/insa/Desktop/VigiWheels2.0/raspberryPI3/ros2_ws/install/uart/share/uart/package.dsv'
[10.136s] INFO:colcon.colcon_core.shell:Creating package script '/home/insa/Desktop/VigiWheels2.0/raspberryPI3/ros2_ws/install/uart/share/uart/package.sh'
[10.137s] INFO:colcon.colcon_core.shell:Creating package script '/home/insa/Desktop/VigiWheels2.0/raspberryPI3/ros2_ws/install/uart/share/uart/package.bash'
[10.137s] INFO:colcon.colcon_core.shell:Creating package script '/home/insa/Desktop/VigiWheels2.0/raspberryPI3/ros2_ws/install/uart/share/uart/package.zsh'
[10.138s] Level 1:colcon.colcon_core.environment:create_file_with_runtime_dependencies(/home/insa/Desktop/VigiWheels2.0/raspberryPI3/ros2_ws/install/uart/share/colcon-core/packages/uart)
[10.173s] Level 1:colcon.colcon_core.environment:create_environment_scripts_only(uart)
[10.182s] Level 1:colcon.colcon_core.environment:checking '/home/insa/Desktop/VigiWheels2.0/raspberryPI3/ros2_ws/install/uart' for CMake module files
[10.182s] Level 1:colcon.colcon_core.environment:checking '/home/insa/Desktop/VigiWheels2.0/raspberryPI3/ros2_ws/install/uart' for CMake config files
[10.182s] Level 1:colcon.colcon_core.shell:create_environment_hook('uart', 'cmake_prefix_path')
[10.191s] INFO:colcon.colcon_core.shell:Creating environment hook '/home/insa/Desktop/VigiWheels2.0/raspberryPI3/ros2_ws/install/uart/share/uart/hook/cmake_prefix_path.ps1'
[10.192s] INFO:colcon.colcon_core.shell:Creating environment descriptor '/home/insa/Desktop/VigiWheels2.0/raspberryPI3/ros2_ws/install/uart/share/uart/hook/cmake_prefix_path.dsv'
[10.192s] INFO:colcon.colcon_core.shell:Creating environment hook '/home/insa/Desktop/VigiWheels2.0/raspberryPI3/ros2_ws/install/uart/share/uart/hook/cmake_prefix_path.sh'
[10.192s] Level 1:colcon.colcon_core.environment:checking '/home/insa/Desktop/VigiWheels2.0/raspberryPI3/ros2_ws/install/uart/lib'
[10.192s] Level 1:colcon.colcon_core.environment:checking '/home/insa/Desktop/VigiWheels2.0/raspberryPI3/ros2_ws/install/uart/bin'
[10.192s] Level 1:colcon.colcon_core.environment:checking '/home/insa/Desktop/VigiWheels2.0/raspberryPI3/ros2_ws/install/uart/lib/pkgconfig/uart.pc'
[10.193s] Level 1:colcon.colcon_core.environment:checking '/home/insa/Desktop/VigiWheels2.0/raspberryPI3/ros2_ws/install/uart/lib/python3.10/site-packages'
[10.193s] Level 1:colcon.colcon_core.environment:checking '/home/insa/Desktop/VigiWheels2.0/raspberryPI3/ros2_ws/install/uart/bin'
[10.202s] INFO:colcon.colcon_core.shell:Creating package script '/home/insa/Desktop/VigiWheels2.0/raspberryPI3/ros2_ws/install/uart/share/uart/package.ps1'
[10.202s] INFO:colcon.colcon_core.shell:Creating package descriptor '/home/insa/Desktop/VigiWheels2.0/raspberryPI3/ros2_ws/install/uart/share/uart/package.dsv'
[10.202s] INFO:colcon.colcon_core.shell:Creating package script '/home/insa/Desktop/VigiWheels2.0/raspberryPI3/ros2_ws/install/uart/share/uart/package.sh'
[10.203s] INFO:colcon.colcon_core.shell:Creating package script '/home/insa/Desktop/VigiWheels2.0/raspberryPI3/ros2_ws/install/uart/share/uart/package.bash'
[10.203s] INFO:colcon.colcon_core.shell:Creating package script '/home/insa/Desktop/VigiWheels2.0/raspberryPI3/ros2_ws/install/uart/share/uart/package.zsh'
[10.203s] Level 1:colcon.colcon_core.environment:create_file_with_runtime_dependencies(/home/insa/Desktop/VigiWheels2.0/raspberryPI3/ros2_ws/install/uart/share/colcon-core/packages/uart)
[10.203s] DEBUG:colcon.colcon_parallel_executor.executor.parallel:closing loop
[10.204s] DEBUG:colcon.colcon_parallel_executor.executor.parallel:loop closed
[10.204s] DEBUG:colcon.colcon_parallel_executor.executor.parallel:run_until_complete finished with '0'
[10.204s] DEBUG:colcon.colcon_core.event_reactor:joining thread
[10.218s] INFO:colcon.colcon_core.plugin_system:Skipping extension 'colcon_notification.desktop_notification.terminal_notifier': Not used on non-Darwin systems
[10.218s] INFO:colcon.colcon_core.plugin_system:Skipping extension 'colcon_notification.desktop_notification.win32': Not used on non-Windows systems
[10.218s] INFO:colcon.colcon_notification.desktop_notification:Sending desktop notification using 'notify2'
[10.223s] DEBUG:colcon.colcon_core.event_reactor:joined thread
[10.233s] INFO:colcon.colcon_core.shell:Creating prefix script '/home/insa/Desktop/VigiWheels2.0/raspberryPI3/ros2_ws/install/local_setup.ps1'
[10.234s] INFO:colcon.colcon_core.shell:Creating prefix util module '/home/insa/Desktop/VigiWheels2.0/raspberryPI3/ros2_ws/install/_local_setup_util_ps1.py'
[10.234s] INFO:colcon.colcon_core.shell:Creating prefix chain script '/home/insa/Desktop/VigiWheels2.0/raspberryPI3/ros2_ws/install/setup.ps1'
[10.245s] INFO:colcon.colcon_core.shell:Creating prefix script '/home/insa/Desktop/VigiWheels2.0/raspberryPI3/ros2_ws/install/local_setup.sh'
[10.245s] INFO:colcon.colcon_core.shell:Creating prefix util module '/home/insa/Desktop/VigiWheels2.0/raspberryPI3/ros2_ws/install/_local_setup_util_sh.py'
[10.246s] INFO:colcon.colcon_core.shell:Creating prefix chain script '/home/insa/Desktop/VigiWheels2.0/raspberryPI3/ros2_ws/install/setup.sh'
[10.256s] INFO:colcon.colcon_core.shell:Creating prefix script '/home/insa/Desktop/VigiWheels2.0/raspberryPI3/ros2_ws/install/local_setup.bash'
[10.256s] INFO:colcon.colcon_core.shell:Creating prefix chain script '/home/insa/Desktop/VigiWheels2.0/raspberryPI3/ros2_ws/install/setup.bash'
[10.266s] INFO:colcon.colcon_core.shell:Creating prefix script '/home/insa/Desktop/VigiWheels2.0/raspberryPI3/ros2_ws/install/local_setup.zsh'
[10.266s] INFO:colcon.colcon_core.shell:Creating prefix chain script '/home/insa/Desktop/VigiWheels2.0/raspberryPI3/ros2_ws/install/setup.zsh'
