[0.139s] Invoking command in '/home/insa/Desktop/VigiWheels2.0/raspberryPI3/ros2_ws/build/carla_msgs': CMAKE_PREFIX_PATH=${CMAKE_PREFIX_PATH}:/opt/ros/humble /usr/bin/cmake --build /home/insa/Desktop/VigiWheels2.0/raspberryPI3/ros2_ws/build/carla_msgs -- -j8 -l8
[0.171s] [  3%] [34m[1mGenerating C code for ROS interfaces[0m
[0.184s] [  6%] [34m[1mGenerating C++ code for ROS interfaces[0m
[0.207s] [  6%] Built target ament_cmake_python_copy_carla_msgs
[0.793s] running egg_info
[0.794s] creating carla_msgs.egg-info
[0.794s] writing carla_msgs.egg-info/PKG-INFO
[0.794s] writing dependency_links to carla_msgs.egg-info/dependency_links.txt
[0.794s] writing top-level names to carla_msgs.egg-info/top_level.txt
[0.795s] writing manifest file 'carla_msgs.egg-info/SOURCES.txt'
[0.800s] reading manifest file 'carla_msgs.egg-info/SOURCES.txt'
[0.801s] writing manifest file 'carla_msgs.egg-info/SOURCES.txt'
[0.865s] [  6%] Built target ament_cmake_python_build_carla_msgs_egg
[1.161s] [  6%] Built target carla_msgs__cpp
[1.178s] [  9%] [34m[1mGenerating C++ type support dispatch for ROS interfaces[0m
[1.181s] [ 12%] [34m[1mGenerating C++ type support for eProsima Fast-RTPS[0m
[1.187s] [ 16%] [34m[1mGenerating C++ introspection for ROS interfaces[0m
[1.236s] [ 19%] [32mBuilding C object CMakeFiles/carla_msgs__rosidl_generator_c.dir/rosidl_generator_c/carla_msgs/msg/detail/carla_ego_vehicle_control__functions.c.o[0m
[1.323s] [ 22%] [32m[1mLinking C shared library libcarla_msgs__rosidl_generator_c.so[0m
[1.477s] [ 22%] Built target carla_msgs__rosidl_generator_c
[1.559s] [ 25%] [34m[1mGenerating C type support for eProsima Fast-RTPS[0m
[1.586s] [ 29%] [34m[1mGenerating C introspection for ROS interfaces[0m
[1.608s] [ 32%] [34m[1mGenerating C type support dispatch for ROS interfaces[0m
[2.208s] [ 35%] [32mBuilding CXX object CMakeFiles/carla_msgs__rosidl_typesupport_cpp.dir/rosidl_typesupport_cpp/carla_msgs/msg/carla_ego_vehicle_control__type_support.cpp.o[0m
[2.254s] [ 38%] [32mBuilding CXX object CMakeFiles/carla_msgs__rosidl_typesupport_fastrtps_cpp.dir/rosidl_typesupport_fastrtps_cpp/carla_msgs/msg/detail/dds_fastrtps/carla_ego_vehicle_control__type_support.cpp.o[0m
[2.255s] [ 41%] [32mBuilding CXX object CMakeFiles/carla_msgs__rosidl_typesupport_introspection_cpp.dir/rosidl_typesupport_introspection_cpp/carla_msgs/msg/detail/carla_ego_vehicle_control__type_support.cpp.o[0m
[2.387s] [ 45%] [32mBuilding C object CMakeFiles/carla_msgs__rosidl_typesupport_introspection_c.dir/rosidl_typesupport_introspection_c/carla_msgs/msg/detail/carla_ego_vehicle_control__type_support.c.o[0m
[2.560s] [ 48%] [32m[1mLinking C shared library libcarla_msgs__rosidl_typesupport_introspection_c.so[0m
[2.702s] [ 48%] Built target carla_msgs__rosidl_typesupport_introspection_c
[2.884s] [ 51%] [32m[1mLinking CXX shared library libcarla_msgs__rosidl_typesupport_introspection_cpp.so[0m
[2.966s] [ 54%] [32m[1mLinking CXX shared library libcarla_msgs__rosidl_typesupport_cpp.so[0m
[2.992s] [ 58%] [32mBuilding CXX object CMakeFiles/carla_msgs__rosidl_typesupport_fastrtps_c.dir/rosidl_typesupport_fastrtps_c/carla_msgs/msg/detail/carla_ego_vehicle_control__type_support_c.cpp.o[0m
[2.994s] [ 61%] [32mBuilding CXX object CMakeFiles/carla_msgs__rosidl_typesupport_c.dir/rosidl_typesupport_c/carla_msgs/msg/carla_ego_vehicle_control__type_support.cpp.o[0m
[3.131s] [ 64%] [32m[1mLinking CXX shared library libcarla_msgs__rosidl_typesupport_c.so[0m
[3.141s] [ 64%] Built target carla_msgs__rosidl_typesupport_introspection_cpp
[3.151s] [ 64%] Built target carla_msgs__rosidl_typesupport_cpp
[3.320s] [ 64%] Built target carla_msgs__rosidl_typesupport_c
[3.327s] [ 67%] [32m[1mLinking CXX shared library libcarla_msgs__rosidl_typesupport_fastrtps_cpp.so[0m
[3.597s] [ 67%] Built target carla_msgs__rosidl_typesupport_fastrtps_cpp
[4.095s] [ 70%] [32m[1mLinking CXX shared library libcarla_msgs__rosidl_typesupport_fastrtps_c.so[0m
[4.399s] [ 70%] Built target carla_msgs__rosidl_typesupport_fastrtps_c
[4.550s] [ 70%] Built target carla_msgs
[4.698s] [ 74%] [34m[1mGenerating Python code for ROS interfaces[0m
[5.888s] [ 74%] Built target carla_msgs__py
[5.994s] [ 77%] [32mBuilding C object CMakeFiles/carla_msgs__rosidl_generator_py.dir/rosidl_generator_py/carla_msgs/msg/_carla_ego_vehicle_control_s.c.o[0m
[6.338s] [ 80%] [32m[1mLinking C shared library rosidl_generator_py/carla_msgs/libcarla_msgs__rosidl_generator_py.so[0m
[6.502s] [ 80%] Built target carla_msgs__rosidl_generator_py
[6.610s] [ 83%] [32mBuilding C object CMakeFiles/carla_msgs__rosidl_typesupport_fastrtps_c__pyext.dir/rosidl_generator_py/carla_msgs/_carla_msgs_s.ep.rosidl_typesupport_fastrtps_c.c.o[0m
[6.660s] [ 87%] [32mBuilding C object CMakeFiles/carla_msgs__rosidl_typesupport_c__pyext.dir/rosidl_generator_py/carla_msgs/_carla_msgs_s.ep.rosidl_typesupport_c.c.o[0m
[6.660s] [ 90%] [32mBuilding C object CMakeFiles/carla_msgs__rosidl_typesupport_introspection_c__pyext.dir/rosidl_generator_py/carla_msgs/_carla_msgs_s.ep.rosidl_typesupport_introspection_c.c.o[0m
[6.839s] [ 93%] [32m[1mLinking C shared library rosidl_generator_py/carla_msgs/carla_msgs_s__rosidl_typesupport_fastrtps_c.cpython-310-x86_64-linux-gnu.so[0m
[6.874s] [ 96%] [32m[1mLinking C shared library rosidl_generator_py/carla_msgs/carla_msgs_s__rosidl_typesupport_c.cpython-310-x86_64-linux-gnu.so[0m
[6.891s] [ 96%] Built target carla_msgs__rosidl_typesupport_fastrtps_c__pyext
[6.946s] [ 96%] Built target carla_msgs__rosidl_typesupport_c__pyext
[6.958s] [100%] [32m[1mLinking C shared library rosidl_generator_py/carla_msgs/carla_msgs_s__rosidl_typesupport_introspection_c.cpython-310-x86_64-linux-gnu.so[0m
[7.154s] [100%] Built target carla_msgs__rosidl_typesupport_introspection_c__pyext
