[0.075s] Invoking command in '/home/insa/Desktop/VigiWheels2.0/raspberryPI3/ros2_ws/build/joystick': CMAKE_PREFIX_PATH=/home/insa/Desktop/VigiWheels2.0/raspberryPI3/ros2_ws/install/interfaces:/home/insa/Desktop/VigiWheels2.0/raspberryPI3/ros2_ws/install/geicar_start:/home/insa/Desktop/VigiWheels2.0/raspberryPI3/ros2_ws/install/uart:/home/insa/Desktop/VigiWheels2.0/raspberryPI3/ros2_ws/install/system_check:/home/insa/Desktop/VigiWheels2.0/raspberryPI3/ros2_ws/install/simulation:/home/insa/Desktop/VigiWheels2.0/raspberryPI3/ros2_ws/install/servo_cam:/home/insa/Desktop/VigiWheels2.0/raspberryPI3/ros2_ws/install/imu_tools:/home/insa/Desktop/VigiWheels2.0/raspberryPI3/ros2_ws/install/rviz_imu_plugin:/home/insa/Desktop/VigiWheels2.0/raspberryPI3/ros2_ws/install/obstacles:/home/insa/Desktop/VigiWheels2.0/raspberryPI3/ros2_ws/install/joystick:/home/insa/Desktop/VigiWheels2.0/raspberryPI3/ros2_ws/install/fire_detection:/home/insa/Desktop/VigiWheels2.0/raspberryPI3/ros2_ws/install/car_control:/home/insa/Desktop/VigiWheels2.0/raspberryPI3/ros2_ws/install/can:/home/insa/Desktop/VigiWheels2.0/raspberryPI3/ros2_ws/install/imu_filter_madgwick:/home/insa/Desktop/VigiWheels2.0/raspberryPI3/ros2_ws/install/imu_complementary_filter:/home/insa/Desktop/VigiWheels2.0/raspberryPI3/ros2_ws/install/carla_msgs:/home/insa/Desktop/VigiWheels/raspberryPI3/ros2_ws/install/geicar_start:/home/insa/Desktop/VigiWheels/raspberryPI3/ros2_ws/install/system_check:/home/insa/Desktop/VigiWheels/raspberryPI3/ros2_ws/install/simulation:/home/insa/Desktop/VigiWheels/raspberryPI3/ros2_ws/install/serial_port:/home/insa/Desktop/VigiWheels/raspberryPI3/ros2_ws/install/imu_tools:/home/insa/Desktop/VigiWheels/raspberryPI3/ros2_ws/install/rviz_imu_plugin:/home/insa/Desktop/VigiWheels/raspberryPI3/ros2_ws/install/joystick:/home/insa/Desktop/VigiWheels/raspberryPI3/ros2_ws/install/fire_detection:/home/insa/Desktop/VigiWheels/raspberryPI3/ros2_ws/install/car_control:/home/insa/Desktop/VigiWheels/raspberryPI3/ros2_ws/install/can:/home/insa/Desktop/VigiWheels/raspberryPI3/ros2_ws/install/interfaces:/home/insa/Desktop/VigiWheels/raspberryPI3/ros2_ws/install/imu_filter_madgwick:/home/insa/Desktop/VigiWheels/raspberryPI3/ros2_ws/install/imu_complementary_filter:/home/insa/Desktop/VigiWheels/raspberryPI3/ros2_ws/install/carla_msgs:/opt/ros/humble LD_LIBRARY_PATH=/home/insa/Desktop/VigiWheels2.0/raspberryPI3/ros2_ws/install/interfaces/lib:/home/insa/Desktop/VigiWheels2.0/raspberryPI3/ros2_ws/install/rviz_imu_plugin/lib:/home/insa/Desktop/VigiWheels2.0/raspberryPI3/ros2_ws/install/imu_filter_madgwick/lib:/home/insa/Desktop/VigiWheels2.0/raspberryPI3/ros2_ws/install/carla_msgs/lib:/home/insa/Desktop/VigiWheels/raspberryPI3/ros2_ws/install/rviz_imu_plugin/lib:/home/insa/Desktop/VigiWheels/raspberryPI3/ros2_ws/install/interfaces/lib:/home/insa/Desktop/VigiWheels/raspberryPI3/ros2_ws/install/imu_filter_madgwick/lib:/home/insa/Desktop/VigiWheels/raspberryPI3/ros2_ws/install/carla_msgs/lib:/usr/lib/x86_64-linux-gnu/gazebo-11/plugins:/opt/ros/humble/opt/rviz_ogre_vendor/lib:/opt/ros/humble/lib/x86_64-linux-gnu:/opt/ros/humble/lib:/usr/local/lustre-v4-IV.2023.293-linux64//esterelv5_21.linux/lib /usr/bin/cmake --build /home/insa/Desktop/VigiWheels2.0/raspberryPI3/ros2_ws/build/joystick -- -j8 -l8
[18.844s] -- Found ament_cmake: 1.3.5 (/opt/ros/humble/share/ament_cmake/cmake)
[18.844s] -- Found rclcpp: 16.0.6 (/opt/ros/humble/share/rclcpp/cmake)
[18.844s] -- Found rosidl_generator_c: 3.1.5 (/opt/ros/humble/share/rosidl_generator_c/cmake)
[18.845s] -- Found rosidl_adapter: 3.1.5 (/opt/ros/humble/share/rosidl_adapter/cmake)
[18.845s] -- Found rosidl_generator_cpp: 3.1.5 (/opt/ros/humble/share/rosidl_generator_cpp/cmake)
[18.845s] -- Using all available rosidl_typesupport_c: rosidl_typesupport_fastrtps_c;rosidl_typesupport_introspection_c
[18.845s] -- Using all available rosidl_typesupport_cpp: rosidl_typesupport_fastrtps_cpp;rosidl_typesupport_introspection_cpp
[18.845s] -- Found rmw_implementation_cmake: 6.1.1 (/opt/ros/humble/share/rmw_implementation_cmake/cmake)
[18.845s] -- Found rmw_fastrtps_cpp: 6.2.4 (/opt/ros/humble/share/rmw_fastrtps_cpp/cmake)
[18.845s] -- Using RMW implementation 'rmw_fastrtps_cpp' as default
[18.845s] -- Found rclpy: 3.3.10 (/opt/ros/humble/share/rclpy/cmake)
[18.845s] -- Found interfaces: 0.0.0 (/home/insa/Desktop/VigiWheels2.0/raspberryPI3/ros2_ws/install/interfaces/share/interfaces/cmake)
[18.847s] -- Found sensor_msgs: 4.2.3 (/opt/ros/humble/share/sensor_msgs/cmake)
[18.848s] -- Found ament_lint_auto: 0.12.8 (/opt/ros/humble/share/ament_lint_auto/cmake)
[18.848s] -- Added test 'copyright' to check source files copyright and LICENSE
[18.848s] -- Added test 'cppcheck' to perform static code analysis on C / C++ code
[18.848s] -- Configured cppcheck include dirs: /home/insa/Desktop/VigiWheels2.0/raspberryPI3/ros2_ws/src/joystick/include
[18.848s] -- Configured cppcheck exclude dirs and/or files: 
[18.848s] -- Added test 'cpplint' to check C / C++ code against the Google style
[18.848s] -- Configured cpplint exclude dirs and/or files: 
[18.848s] -- Added test 'flake8' to check Python code syntax and style conventions
[18.848s] -- Added test 'lint_cmake' to check CMake code style
[18.848s] -- Added test 'pep257' to check Python code against some of the docstring style conventions in PEP 257
[18.848s] -- Added test 'uncrustify' to check C / C++ code style
[18.848s] -- Configured uncrustify additional arguments: 
[18.849s] -- Added test 'xmllint' to check XML markup files
[18.849s] -- Configuring done
[18.849s] -- Generating done
[18.849s] -- Build files have been written to: /home/insa/Desktop/VigiWheels2.0/raspberryPI3/ros2_ws/build/joystick
[18.849s] [35m[1mConsolidate compiler generated dependencies of target joystick_to_cmd[0m
[18.849s] [ 50%] [32mBuilding CXX object CMakeFiles/joystick_to_cmd.dir/src/joystick_to_cmd_node.cpp.o[0m
[18.849s] [ 50%] Built target ament_cmake_python_copy_joystick
[18.849s] running egg_info
[18.849s] writing joystick.egg-info/PKG-INFO
[18.849s] writing dependency_links to joystick.egg-info/dependency_links.txt
[18.849s] writing top-level names to joystick.egg-info/top_level.txt
[18.849s] reading manifest file 'joystick.egg-info/SOURCES.txt'
[18.849s] writing manifest file 'joystick.egg-info/SOURCES.txt'
[18.849s] [ 50%] Built target ament_cmake_python_build_joystick_egg
[18.850s] [100%] [32m[1mLinking CXX executable joystick_to_cmd[0m
[19.123s] [100%] Built target joystick_to_cmd
[19.133s] Invoked command in '/home/insa/Desktop/VigiWheels2.0/raspberryPI3/ros2_ws/build/joystick' returned '0': CMAKE_PREFIX_PATH=/home/insa/Desktop/VigiWheels2.0/raspberryPI3/ros2_ws/install/interfaces:/home/insa/Desktop/VigiWheels2.0/raspberryPI3/ros2_ws/install/geicar_start:/home/insa/Desktop/VigiWheels2.0/raspberryPI3/ros2_ws/install/uart:/home/insa/Desktop/VigiWheels2.0/raspberryPI3/ros2_ws/install/system_check:/home/insa/Desktop/VigiWheels2.0/raspberryPI3/ros2_ws/install/simulation:/home/insa/Desktop/VigiWheels2.0/raspberryPI3/ros2_ws/install/servo_cam:/home/insa/Desktop/VigiWheels2.0/raspberryPI3/ros2_ws/install/imu_tools:/home/insa/Desktop/VigiWheels2.0/raspberryPI3/ros2_ws/install/rviz_imu_plugin:/home/insa/Desktop/VigiWheels2.0/raspberryPI3/ros2_ws/install/obstacles:/home/insa/Desktop/VigiWheels2.0/raspberryPI3/ros2_ws/install/joystick:/home/insa/Desktop/VigiWheels2.0/raspberryPI3/ros2_ws/install/fire_detection:/home/insa/Desktop/VigiWheels2.0/raspberryPI3/ros2_ws/install/car_control:/home/insa/Desktop/VigiWheels2.0/raspberryPI3/ros2_ws/install/can:/home/insa/Desktop/VigiWheels2.0/raspberryPI3/ros2_ws/install/imu_filter_madgwick:/home/insa/Desktop/VigiWheels2.0/raspberryPI3/ros2_ws/install/imu_complementary_filter:/home/insa/Desktop/VigiWheels2.0/raspberryPI3/ros2_ws/install/carla_msgs:/home/insa/Desktop/VigiWheels/raspberryPI3/ros2_ws/install/geicar_start:/home/insa/Desktop/VigiWheels/raspberryPI3/ros2_ws/install/system_check:/home/insa/Desktop/VigiWheels/raspberryPI3/ros2_ws/install/simulation:/home/insa/Desktop/VigiWheels/raspberryPI3/ros2_ws/install/serial_port:/home/insa/Desktop/VigiWheels/raspberryPI3/ros2_ws/install/imu_tools:/home/insa/Desktop/VigiWheels/raspberryPI3/ros2_ws/install/rviz_imu_plugin:/home/insa/Desktop/VigiWheels/raspberryPI3/ros2_ws/install/joystick:/home/insa/Desktop/VigiWheels/raspberryPI3/ros2_ws/install/fire_detection:/home/insa/Desktop/VigiWheels/raspberryPI3/ros2_ws/install/car_control:/home/insa/Desktop/VigiWheels/raspberryPI3/ros2_ws/install/can:/home/insa/Desktop/VigiWheels/raspberryPI3/ros2_ws/install/interfaces:/home/insa/Desktop/VigiWheels/raspberryPI3/ros2_ws/install/imu_filter_madgwick:/home/insa/Desktop/VigiWheels/raspberryPI3/ros2_ws/install/imu_complementary_filter:/home/insa/Desktop/VigiWheels/raspberryPI3/ros2_ws/install/carla_msgs:/opt/ros/humble LD_LIBRARY_PATH=/home/insa/Desktop/VigiWheels2.0/raspberryPI3/ros2_ws/install/interfaces/lib:/home/insa/Desktop/VigiWheels2.0/raspberryPI3/ros2_ws/install/rviz_imu_plugin/lib:/home/insa/Desktop/VigiWheels2.0/raspberryPI3/ros2_ws/install/imu_filter_madgwick/lib:/home/insa/Desktop/VigiWheels2.0/raspberryPI3/ros2_ws/install/carla_msgs/lib:/home/insa/Desktop/VigiWheels/raspberryPI3/ros2_ws/install/rviz_imu_plugin/lib:/home/insa/Desktop/VigiWheels/raspberryPI3/ros2_ws/install/interfaces/lib:/home/insa/Desktop/VigiWheels/raspberryPI3/ros2_ws/install/imu_filter_madgwick/lib:/home/insa/Desktop/VigiWheels/raspberryPI3/ros2_ws/install/carla_msgs/lib:/usr/lib/x86_64-linux-gnu/gazebo-11/plugins:/opt/ros/humble/opt/rviz_ogre_vendor/lib:/opt/ros/humble/lib/x86_64-linux-gnu:/opt/ros/humble/lib:/usr/local/lustre-v4-IV.2023.293-linux64//esterelv5_21.linux/lib /usr/bin/cmake --build /home/insa/Desktop/VigiWheels2.0/raspberryPI3/ros2_ws/build/joystick -- -j8 -l8
[19.330s] Invoking command in '/home/insa/Desktop/VigiWheels2.0/raspberryPI3/ros2_ws/build/joystick': CMAKE_PREFIX_PATH=/home/insa/Desktop/VigiWheels2.0/raspberryPI3/ros2_ws/install/interfaces:/home/insa/Desktop/VigiWheels2.0/raspberryPI3/ros2_ws/install/geicar_start:/home/insa/Desktop/VigiWheels2.0/raspberryPI3/ros2_ws/install/uart:/home/insa/Desktop/VigiWheels2.0/raspberryPI3/ros2_ws/install/system_check:/home/insa/Desktop/VigiWheels2.0/raspberryPI3/ros2_ws/install/simulation:/home/insa/Desktop/VigiWheels2.0/raspberryPI3/ros2_ws/install/servo_cam:/home/insa/Desktop/VigiWheels2.0/raspberryPI3/ros2_ws/install/imu_tools:/home/insa/Desktop/VigiWheels2.0/raspberryPI3/ros2_ws/install/rviz_imu_plugin:/home/insa/Desktop/VigiWheels2.0/raspberryPI3/ros2_ws/install/obstacles:/home/insa/Desktop/VigiWheels2.0/raspberryPI3/ros2_ws/install/joystick:/home/insa/Desktop/VigiWheels2.0/raspberryPI3/ros2_ws/install/fire_detection:/home/insa/Desktop/VigiWheels2.0/raspberryPI3/ros2_ws/install/car_control:/home/insa/Desktop/VigiWheels2.0/raspberryPI3/ros2_ws/install/can:/home/insa/Desktop/VigiWheels2.0/raspberryPI3/ros2_ws/install/imu_filter_madgwick:/home/insa/Desktop/VigiWheels2.0/raspberryPI3/ros2_ws/install/imu_complementary_filter:/home/insa/Desktop/VigiWheels2.0/raspberryPI3/ros2_ws/install/carla_msgs:/home/insa/Desktop/VigiWheels/raspberryPI3/ros2_ws/install/geicar_start:/home/insa/Desktop/VigiWheels/raspberryPI3/ros2_ws/install/system_check:/home/insa/Desktop/VigiWheels/raspberryPI3/ros2_ws/install/simulation:/home/insa/Desktop/VigiWheels/raspberryPI3/ros2_ws/install/serial_port:/home/insa/Desktop/VigiWheels/raspberryPI3/ros2_ws/install/imu_tools:/home/insa/Desktop/VigiWheels/raspberryPI3/ros2_ws/install/rviz_imu_plugin:/home/insa/Desktop/VigiWheels/raspberryPI3/ros2_ws/install/joystick:/home/insa/Desktop/VigiWheels/raspberryPI3/ros2_ws/install/fire_detection:/home/insa/Desktop/VigiWheels/raspberryPI3/ros2_ws/install/car_control:/home/insa/Desktop/VigiWheels/raspberryPI3/ros2_ws/install/can:/home/insa/Desktop/VigiWheels/raspberryPI3/ros2_ws/install/interfaces:/home/insa/Desktop/VigiWheels/raspberryPI3/ros2_ws/install/imu_filter_madgwick:/home/insa/Desktop/VigiWheels/raspberryPI3/ros2_ws/install/imu_complementary_filter:/home/insa/Desktop/VigiWheels/raspberryPI3/ros2_ws/install/carla_msgs:/opt/ros/humble LD_LIBRARY_PATH=/home/insa/Desktop/VigiWheels2.0/raspberryPI3/ros2_ws/install/interfaces/lib:/home/insa/Desktop/VigiWheels2.0/raspberryPI3/ros2_ws/install/rviz_imu_plugin/lib:/home/insa/Desktop/VigiWheels2.0/raspberryPI3/ros2_ws/install/imu_filter_madgwick/lib:/home/insa/Desktop/VigiWheels2.0/raspberryPI3/ros2_ws/install/carla_msgs/lib:/home/insa/Desktop/VigiWheels/raspberryPI3/ros2_ws/install/rviz_imu_plugin/lib:/home/insa/Desktop/VigiWheels/raspberryPI3/ros2_ws/install/interfaces/lib:/home/insa/Desktop/VigiWheels/raspberryPI3/ros2_ws/install/imu_filter_madgwick/lib:/home/insa/Desktop/VigiWheels/raspberryPI3/ros2_ws/install/carla_msgs/lib:/usr/lib/x86_64-linux-gnu/gazebo-11/plugins:/opt/ros/humble/opt/rviz_ogre_vendor/lib:/opt/ros/humble/lib/x86_64-linux-gnu:/opt/ros/humble/lib:/usr/local/lustre-v4-IV.2023.293-linux64//esterelv5_21.linux/lib /usr/bin/cmake --install /home/insa/Desktop/VigiWheels2.0/raspberryPI3/ros2_ws/build/joystick
[19.477s] -- Install configuration: ""
[19.478s] -- Installing: /home/insa/Desktop/VigiWheels2.0/raspberryPI3/ros2_ws/install/joystick/lib/joystick/joystick_to_cmd
[19.478s] -- Set runtime path of "/home/insa/Desktop/VigiWheels2.0/raspberryPI3/ros2_ws/install/joystick/lib/joystick/joystick_to_cmd" to ""
[19.478s] -- Up-to-date: /home/insa/Desktop/VigiWheels2.0/raspberryPI3/ros2_ws/install/joystick/share/joystick/environment/pythonpath.sh
[19.478s] -- Installing: /home/insa/Desktop/VigiWheels2.0/raspberryPI3/ros2_ws/install/joystick/share/joystick/environment/pythonpath.dsv
[19.478s] -- Up-to-date: /home/insa/Desktop/VigiWheels2.0/raspberryPI3/ros2_ws/install/joystick/local/lib/python3.10/dist-packages/joystick-0.0.0-py3.10.egg-info
[19.478s] -- Installing: /home/insa/Desktop/VigiWheels2.0/raspberryPI3/ros2_ws/install/joystick/local/lib/python3.10/dist-packages/joystick-0.0.0-py3.10.egg-info/dependency_links.txt
[19.478s] -- Installing: /home/insa/Desktop/VigiWheels2.0/raspberryPI3/ros2_ws/install/joystick/local/lib/python3.10/dist-packages/joystick-0.0.0-py3.10.egg-info/PKG-INFO
[19.478s] -- Installing: /home/insa/Desktop/VigiWheels2.0/raspberryPI3/ros2_ws/install/joystick/local/lib/python3.10/dist-packages/joystick-0.0.0-py3.10.egg-info/SOURCES.txt
[19.478s] -- Installing: /home/insa/Desktop/VigiWheels2.0/raspberryPI3/ros2_ws/install/joystick/local/lib/python3.10/dist-packages/joystick-0.0.0-py3.10.egg-info/top_level.txt
[19.478s] -- Up-to-date: /home/insa/Desktop/VigiWheels2.0/raspberryPI3/ros2_ws/install/joystick/local/lib/python3.10/dist-packages/joystick
[19.479s] -- Up-to-date: /home/insa/Desktop/VigiWheels2.0/raspberryPI3/ros2_ws/install/joystick/local/lib/python3.10/dist-packages/joystick/LICENSE
[19.479s] -- Up-to-date: /home/insa/Desktop/VigiWheels2.0/raspberryPI3/ros2_ws/install/joystick/local/lib/python3.10/dist-packages/joystick/resource
[19.479s] -- Up-to-date: /home/insa/Desktop/VigiWheels2.0/raspberryPI3/ros2_ws/install/joystick/local/lib/python3.10/dist-packages/joystick/resource/joystick_ros2
[19.479s] -- Up-to-date: /home/insa/Desktop/VigiWheels2.0/raspberryPI3/ros2_ws/install/joystick/local/lib/python3.10/dist-packages/joystick/__init__.py
[19.479s] -- Up-to-date: /home/insa/Desktop/VigiWheels2.0/raspberryPI3/ros2_ws/install/joystick/local/lib/python3.10/dist-packages/joystick/input_example.py
[19.479s] -- Up-to-date: /home/insa/Desktop/VigiWheels2.0/raspberryPI3/ros2_ws/install/joystick/local/lib/python3.10/dist-packages/joystick/README.md
[19.479s] -- Up-to-date: /home/insa/Desktop/VigiWheels2.0/raspberryPI3/ros2_ws/install/joystick/local/lib/python3.10/dist-packages/joystick/inputs.py
[19.479s] -- Up-to-date: /home/insa/Desktop/VigiWheels2.0/raspberryPI3/ros2_ws/install/joystick/local/lib/python3.10/dist-packages/joystick/package.xml
[19.479s] -- Up-to-date: /home/insa/Desktop/VigiWheels2.0/raspberryPI3/ros2_ws/install/joystick/local/lib/python3.10/dist-packages/joystick/CONTRIBUTING.md
[19.479s] -- Up-to-date: /home/insa/Desktop/VigiWheels2.0/raspberryPI3/ros2_ws/install/joystick/local/lib/python3.10/dist-packages/joystick/joystick_ros2.py
[19.479s] -- Up-to-date: /home/insa/Desktop/VigiWheels2.0/raspberryPI3/ros2_ws/install/joystick/local/lib/python3.10/dist-packages/joystick/images
[19.479s] -- Up-to-date: /home/insa/Desktop/VigiWheels2.0/raspberryPI3/ros2_ws/install/joystick/local/lib/python3.10/dist-packages/joystick/images/mac_settings.png
[19.480s] Listing '/home/insa/Desktop/VigiWheels2.0/raspberryPI3/ros2_ws/install/joystick/local/lib/python3.10/dist-packages/joystick'...
[19.480s] Listing '/home/insa/Desktop/VigiWheels2.0/raspberryPI3/ros2_ws/install/joystick/local/lib/python3.10/dist-packages/joystick/images'...
[19.480s] Listing '/home/insa/Desktop/VigiWheels2.0/raspberryPI3/ros2_ws/install/joystick/local/lib/python3.10/dist-packages/joystick/resource'...
[19.480s] -- Up-to-date: /home/insa/Desktop/VigiWheels2.0/raspberryPI3/ros2_ws/install/joystick/lib/joystick/joystick_ros2.py
[19.480s] -- Up-to-date: /home/insa/Desktop/VigiWheels2.0/raspberryPI3/ros2_ws/install/joystick/lib/joystick/inputs.py
[19.480s] -- Up-to-date: /home/insa/Desktop/VigiWheels2.0/raspberryPI3/ros2_ws/install/joystick/share/ament_index/resource_index/package_run_dependencies/joystick
[19.480s] -- Installing: /home/insa/Desktop/VigiWheels2.0/raspberryPI3/ros2_ws/install/joystick/share/ament_index/resource_index/parent_prefix_path/joystick
[19.480s] -- Up-to-date: /home/insa/Desktop/VigiWheels2.0/raspberryPI3/ros2_ws/install/joystick/share/joystick/environment/ament_prefix_path.sh
[19.480s] -- Installing: /home/insa/Desktop/VigiWheels2.0/raspberryPI3/ros2_ws/install/joystick/share/joystick/environment/ament_prefix_path.dsv
[19.480s] -- Up-to-date: /home/insa/Desktop/VigiWheels2.0/raspberryPI3/ros2_ws/install/joystick/share/joystick/environment/path.sh
[19.480s] -- Installing: /home/insa/Desktop/VigiWheels2.0/raspberryPI3/ros2_ws/install/joystick/share/joystick/environment/path.dsv
[19.480s] -- Up-to-date: /home/insa/Desktop/VigiWheels2.0/raspberryPI3/ros2_ws/install/joystick/share/joystick/local_setup.bash
[19.481s] -- Up-to-date: /home/insa/Desktop/VigiWheels2.0/raspberryPI3/ros2_ws/install/joystick/share/joystick/local_setup.sh
[19.481s] -- Up-to-date: /home/insa/Desktop/VigiWheels2.0/raspberryPI3/ros2_ws/install/joystick/share/joystick/local_setup.zsh
[19.481s] -- Installing: /home/insa/Desktop/VigiWheels2.0/raspberryPI3/ros2_ws/install/joystick/share/joystick/local_setup.dsv
[19.481s] -- Installing: /home/insa/Desktop/VigiWheels2.0/raspberryPI3/ros2_ws/install/joystick/share/joystick/package.dsv
[19.481s] -- Up-to-date: /home/insa/Desktop/VigiWheels2.0/raspberryPI3/ros2_ws/install/joystick/share/ament_index/resource_index/packages/joystick
[19.481s] -- Up-to-date: /home/insa/Desktop/VigiWheels2.0/raspberryPI3/ros2_ws/install/joystick/share/joystick/cmake/joystickConfig.cmake
[19.481s] -- Up-to-date: /home/insa/Desktop/VigiWheels2.0/raspberryPI3/ros2_ws/install/joystick/share/joystick/cmake/joystickConfig-version.cmake
[19.481s] -- Up-to-date: /home/insa/Desktop/VigiWheels2.0/raspberryPI3/ros2_ws/install/joystick/share/joystick/package.xml
[19.802s] Invoked command in '/home/insa/Desktop/VigiWheels2.0/raspberryPI3/ros2_ws/build/joystick' returned '0': CMAKE_PREFIX_PATH=/home/insa/Desktop/VigiWheels2.0/raspberryPI3/ros2_ws/install/interfaces:/home/insa/Desktop/VigiWheels2.0/raspberryPI3/ros2_ws/install/geicar_start:/home/insa/Desktop/VigiWheels2.0/raspberryPI3/ros2_ws/install/uart:/home/insa/Desktop/VigiWheels2.0/raspberryPI3/ros2_ws/install/system_check:/home/insa/Desktop/VigiWheels2.0/raspberryPI3/ros2_ws/install/simulation:/home/insa/Desktop/VigiWheels2.0/raspberryPI3/ros2_ws/install/servo_cam:/home/insa/Desktop/VigiWheels2.0/raspberryPI3/ros2_ws/install/imu_tools:/home/insa/Desktop/VigiWheels2.0/raspberryPI3/ros2_ws/install/rviz_imu_plugin:/home/insa/Desktop/VigiWheels2.0/raspberryPI3/ros2_ws/install/obstacles:/home/insa/Desktop/VigiWheels2.0/raspberryPI3/ros2_ws/install/joystick:/home/insa/Desktop/VigiWheels2.0/raspberryPI3/ros2_ws/install/fire_detection:/home/insa/Desktop/VigiWheels2.0/raspberryPI3/ros2_ws/install/car_control:/home/insa/Desktop/VigiWheels2.0/raspberryPI3/ros2_ws/install/can:/home/insa/Desktop/VigiWheels2.0/raspberryPI3/ros2_ws/install/imu_filter_madgwick:/home/insa/Desktop/VigiWheels2.0/raspberryPI3/ros2_ws/install/imu_complementary_filter:/home/insa/Desktop/VigiWheels2.0/raspberryPI3/ros2_ws/install/carla_msgs:/home/insa/Desktop/VigiWheels/raspberryPI3/ros2_ws/install/geicar_start:/home/insa/Desktop/VigiWheels/raspberryPI3/ros2_ws/install/system_check:/home/insa/Desktop/VigiWheels/raspberryPI3/ros2_ws/install/simulation:/home/insa/Desktop/VigiWheels/raspberryPI3/ros2_ws/install/serial_port:/home/insa/Desktop/VigiWheels/raspberryPI3/ros2_ws/install/imu_tools:/home/insa/Desktop/VigiWheels/raspberryPI3/ros2_ws/install/rviz_imu_plugin:/home/insa/Desktop/VigiWheels/raspberryPI3/ros2_ws/install/joystick:/home/insa/Desktop/VigiWheels/raspberryPI3/ros2_ws/install/fire_detection:/home/insa/Desktop/VigiWheels/raspberryPI3/ros2_ws/install/car_control:/home/insa/Desktop/VigiWheels/raspberryPI3/ros2_ws/install/can:/home/insa/Desktop/VigiWheels/raspberryPI3/ros2_ws/install/interfaces:/home/insa/Desktop/VigiWheels/raspberryPI3/ros2_ws/install/imu_filter_madgwick:/home/insa/Desktop/VigiWheels/raspberryPI3/ros2_ws/install/imu_complementary_filter:/home/insa/Desktop/VigiWheels/raspberryPI3/ros2_ws/install/carla_msgs:/opt/ros/humble LD_LIBRARY_PATH=/home/insa/Desktop/VigiWheels2.0/raspberryPI3/ros2_ws/install/interfaces/lib:/home/insa/Desktop/VigiWheels2.0/raspberryPI3/ros2_ws/install/rviz_imu_plugin/lib:/home/insa/Desktop/VigiWheels2.0/raspberryPI3/ros2_ws/install/imu_filter_madgwick/lib:/home/insa/Desktop/VigiWheels2.0/raspberryPI3/ros2_ws/install/carla_msgs/lib:/home/insa/Desktop/VigiWheels/raspberryPI3/ros2_ws/install/rviz_imu_plugin/lib:/home/insa/Desktop/VigiWheels/raspberryPI3/ros2_ws/install/interfaces/lib:/home/insa/Desktop/VigiWheels/raspberryPI3/ros2_ws/install/imu_filter_madgwick/lib:/home/insa/Desktop/VigiWheels/raspberryPI3/ros2_ws/install/carla_msgs/lib:/usr/lib/x86_64-linux-gnu/gazebo-11/plugins:/opt/ros/humble/opt/rviz_ogre_vendor/lib:/opt/ros/humble/lib/x86_64-linux-gnu:/opt/ros/humble/lib:/usr/local/lustre-v4-IV.2023.293-linux64//esterelv5_21.linux/lib /usr/bin/cmake --install /home/insa/Desktop/VigiWheels2.0/raspberryPI3/ros2_ws/build/joystick
