[0.050s] Invoking command in '/home/insa/Desktop/VigiWheels/raspberryPI3/ros2_ws/build/fire_detection': CMAKE_PREFIX_PATH=/home/insa/Desktop/VigiWheels/raspberryPI3/ros2_ws/install/interfaces:/home/insa/Desktop/VigiWheels/raspberryPI3/ros2_ws/install/fire_detection:/home/insa/ros2_ws/install/my_fire_pkg:/home/insa/ros2_ws/install/demo_sensor_pkg:/home/insa/ros2_ws/install/my_robot_interfaces:/home/insa/ros2_ws/install/my_cpp_pkg:/home/insa/ros2_ws/install/johann_cpp_pkg:/opt/ros/humble /usr/bin/cmake --build /home/insa/Desktop/VigiWheels/raspberryPI3/ros2_ws/build/fire_detection -- -j8 -l8
[0.079s] [35m[1mConsolidate compiler generated dependencies of target serial_writing_node[0m
[0.091s] [ 33%] Built target processing_data_fire_node
[0.092s] [ 66%] Built target serial_reading_node
[0.097s] [ 83%] [32mBuilding CXX object CMakeFiles/serial_writing_node.dir/src/serial_writing.cpp.o[0m
[5.362s] [100%] [32m[1mLinking CXX executable serial_writing_node[0m
[5.602s] [100%] Built target serial_writing_node
[5.609s] Invoked command in '/home/insa/Desktop/VigiWheels/raspberryPI3/ros2_ws/build/fire_detection' returned '0': CMAKE_PREFIX_PATH=/home/insa/Desktop/VigiWheels/raspberryPI3/ros2_ws/install/interfaces:/home/insa/Desktop/VigiWheels/raspberryPI3/ros2_ws/install/fire_detection:/home/insa/ros2_ws/install/my_fire_pkg:/home/insa/ros2_ws/install/demo_sensor_pkg:/home/insa/ros2_ws/install/my_robot_interfaces:/home/insa/ros2_ws/install/my_cpp_pkg:/home/insa/ros2_ws/install/johann_cpp_pkg:/opt/ros/humble /usr/bin/cmake --build /home/insa/Desktop/VigiWheels/raspberryPI3/ros2_ws/build/fire_detection -- -j8 -l8
[5.636s] Invoking command in '/home/insa/Desktop/VigiWheels/raspberryPI3/ros2_ws/build/fire_detection': CMAKE_PREFIX_PATH=/home/insa/Desktop/VigiWheels/raspberryPI3/ros2_ws/install/interfaces:/home/insa/Desktop/VigiWheels/raspberryPI3/ros2_ws/install/fire_detection:/home/insa/ros2_ws/install/my_fire_pkg:/home/insa/ros2_ws/install/demo_sensor_pkg:/home/insa/ros2_ws/install/my_robot_interfaces:/home/insa/ros2_ws/install/my_cpp_pkg:/home/insa/ros2_ws/install/johann_cpp_pkg:/opt/ros/humble /usr/bin/cmake --install /home/insa/Desktop/VigiWheels/raspberryPI3/ros2_ws/build/fire_detection
[5.640s] -- Install configuration: ""
[5.640s] -- Up-to-date: /home/insa/Desktop/VigiWheels/raspberryPI3/ros2_ws/install/fire_detection/lib/fire_detection/serial_reading_node
[5.640s] -- Up-to-date: /home/insa/Desktop/VigiWheels/raspberryPI3/ros2_ws/install/fire_detection/lib/fire_detection/processing_data_fire_node
[5.640s] -- Installing: /home/insa/Desktop/VigiWheels/raspberryPI3/ros2_ws/install/fire_detection/lib/fire_detection/serial_writing_node
[5.642s] -- Set runtime path of "/home/insa/Desktop/VigiWheels/raspberryPI3/ros2_ws/install/fire_detection/lib/fire_detection/serial_writing_node" to ""
[5.642s] -- Up-to-date: /home/insa/Desktop/VigiWheels/raspberryPI3/ros2_ws/install/fire_detection/share/ament_index/resource_index/package_run_dependencies/fire_detection
[5.643s] -- Up-to-date: /home/insa/Desktop/VigiWheels/raspberryPI3/ros2_ws/install/fire_detection/share/ament_index/resource_index/parent_prefix_path/fire_detection
[5.643s] -- Up-to-date: /home/insa/Desktop/VigiWheels/raspberryPI3/ros2_ws/install/fire_detection/share/fire_detection/environment/ament_prefix_path.sh
[5.643s] -- Up-to-date: /home/insa/Desktop/VigiWheels/raspberryPI3/ros2_ws/install/fire_detection/share/fire_detection/environment/ament_prefix_path.dsv
[5.643s] -- Up-to-date: /home/insa/Desktop/VigiWheels/raspberryPI3/ros2_ws/install/fire_detection/share/fire_detection/environment/path.sh
[5.643s] -- Up-to-date: /home/insa/Desktop/VigiWheels/raspberryPI3/ros2_ws/install/fire_detection/share/fire_detection/environment/path.dsv
[5.643s] -- Up-to-date: /home/insa/Desktop/VigiWheels/raspberryPI3/ros2_ws/install/fire_detection/share/fire_detection/local_setup.bash
[5.643s] -- Up-to-date: /home/insa/Desktop/VigiWheels/raspberryPI3/ros2_ws/install/fire_detection/share/fire_detection/local_setup.sh
[5.643s] -- Up-to-date: /home/insa/Desktop/VigiWheels/raspberryPI3/ros2_ws/install/fire_detection/share/fire_detection/local_setup.zsh
[5.643s] -- Up-to-date: /home/insa/Desktop/VigiWheels/raspberryPI3/ros2_ws/install/fire_detection/share/fire_detection/local_setup.dsv
[5.643s] -- Installing: /home/insa/Desktop/VigiWheels/raspberryPI3/ros2_ws/install/fire_detection/share/fire_detection/package.dsv
[5.643s] -- Up-to-date: /home/insa/Desktop/VigiWheels/raspberryPI3/ros2_ws/install/fire_detection/share/ament_index/resource_index/packages/fire_detection
[5.643s] -- Up-to-date: /home/insa/Desktop/VigiWheels/raspberryPI3/ros2_ws/install/fire_detection/share/fire_detection/cmake/fire_detectionConfig.cmake
[5.643s] -- Up-to-date: /home/insa/Desktop/VigiWheels/raspberryPI3/ros2_ws/install/fire_detection/share/fire_detection/cmake/fire_detectionConfig-version.cmake
[5.643s] -- Up-to-date: /home/insa/Desktop/VigiWheels/raspberryPI3/ros2_ws/install/fire_detection/share/fire_detection/package.xml
[5.644s] Invoked command in '/home/insa/Desktop/VigiWheels/raspberryPI3/ros2_ws/build/fire_detection' returned '0': CMAKE_PREFIX_PATH=/home/insa/Desktop/VigiWheels/raspberryPI3/ros2_ws/install/interfaces:/home/insa/Desktop/VigiWheels/raspberryPI3/ros2_ws/install/fire_detection:/home/insa/ros2_ws/install/my_fire_pkg:/home/insa/ros2_ws/install/demo_sensor_pkg:/home/insa/ros2_ws/install/my_robot_interfaces:/home/insa/ros2_ws/install/my_cpp_pkg:/home/insa/ros2_ws/install/johann_cpp_pkg:/opt/ros/humble /usr/bin/cmake --install /home/insa/Desktop/VigiWheels/raspberryPI3/ros2_ws/build/fire_detection
