[0.508s] Invoking command in '/home/moad/VigiWheels/jetsonNano/ros2_ws/src/pressure_level': CMAKE_PREFIX_PATH=/home/moad/VigiWheels/jetsonNano/ros2_ws/install/interfaces:/home/moad/VigiWheels/jetsonNano/ros2_ws/install/geicar_start_jetson:/home/moad/VigiWheels/jetsonNano/ros2_ws/install/usb_cam:/home/moad/VigiWheels/jetsonNano/ros2_ws/install/system_check_ack:/home/moad/VigiWheels/jetsonNano/ros2_ws/install/rplidar_ros:/home/moad/ros2_ws/install/manometer_interfaces LD_LIBRARY_PATH=/home/moad/VigiWheels/jetsonNano/ros2_ws/install/interfaces/lib:/home/moad/VigiWheels/jetsonNano/ros2_ws/install/usb_cam/lib:/home/moad/VigiWheels/jetsonNano/ros2_ws/install/rplidar_ros/lib:/home/moad/ros2_ws/install/manometer_interfaces/lib:/opt/ros/humble/opt/rviz_ogre_vendor/lib:/opt/ros/humble/lib/x86_64-linux-gnu:/opt/ros/humble/lib PYTHONPATH=/home/moad/VigiWheels/jetsonNano/ros2_ws/build/pressure_level/prefix_override:/home/moad/VigiWheels/jetsonNano/ros2_ws/install/pressure_level/lib/python3.10/site-packages:${PYTHONPATH} /usr/bin/python3 setup.py egg_info --egg-base ../../build/pressure_level build --build-base /home/moad/VigiWheels/jetsonNano/ros2_ws/build/pressure_level/build install --record /home/moad/VigiWheels/jetsonNano/ros2_ws/build/pressure_level/install.log --single-version-externally-managed
[0.656s] running egg_info
[0.656s] writing ../../build/pressure_level/pressure_level.egg-info/PKG-INFO
[0.657s] writing dependency_links to ../../build/pressure_level/pressure_level.egg-info/dependency_links.txt
[0.657s] writing entry points to ../../build/pressure_level/pressure_level.egg-info/entry_points.txt
[0.657s] writing requirements to ../../build/pressure_level/pressure_level.egg-info/requires.txt
[0.657s] writing top-level names to ../../build/pressure_level/pressure_level.egg-info/top_level.txt
[0.658s] reading manifest file '../../build/pressure_level/pressure_level.egg-info/SOURCES.txt'
[0.658s] writing manifest file '../../build/pressure_level/pressure_level.egg-info/SOURCES.txt'
[0.658s] running build
[0.658s] running build_py
[0.658s] running install
[0.659s] running install_lib
[0.659s] running install_data
[0.659s] running install_egg_info
[0.660s] removing '/home/moad/VigiWheels/jetsonNano/ros2_ws/install/pressure_level/lib/python3.10/site-packages/pressure_level-0.0.0-py3.10.egg-info' (and everything under it)
[0.660s] Copying ../../build/pressure_level/pressure_level.egg-info to /home/moad/VigiWheels/jetsonNano/ros2_ws/install/pressure_level/lib/python3.10/site-packages/pressure_level-0.0.0-py3.10.egg-info
[0.661s] running install_scripts
[0.674s] Installing pressure_node script to /home/moad/VigiWheels/jetsonNano/ros2_ws/install/pressure_level/lib/pressure_level
[0.674s] writing list of installed files to '/home/moad/VigiWheels/jetsonNano/ros2_ws/build/pressure_level/install.log'
[0.690s] Invoked command in '/home/moad/VigiWheels/jetsonNano/ros2_ws/src/pressure_level' returned '0': CMAKE_PREFIX_PATH=/home/moad/VigiWheels/jetsonNano/ros2_ws/install/interfaces:/home/moad/VigiWheels/jetsonNano/ros2_ws/install/geicar_start_jetson:/home/moad/VigiWheels/jetsonNano/ros2_ws/install/usb_cam:/home/moad/VigiWheels/jetsonNano/ros2_ws/install/system_check_ack:/home/moad/VigiWheels/jetsonNano/ros2_ws/install/rplidar_ros:/home/moad/ros2_ws/install/manometer_interfaces LD_LIBRARY_PATH=/home/moad/VigiWheels/jetsonNano/ros2_ws/install/interfaces/lib:/home/moad/VigiWheels/jetsonNano/ros2_ws/install/usb_cam/lib:/home/moad/VigiWheels/jetsonNano/ros2_ws/install/rplidar_ros/lib:/home/moad/ros2_ws/install/manometer_interfaces/lib:/opt/ros/humble/opt/rviz_ogre_vendor/lib:/opt/ros/humble/lib/x86_64-linux-gnu:/opt/ros/humble/lib PYTHONPATH=/home/moad/VigiWheels/jetsonNano/ros2_ws/build/pressure_level/prefix_override:/home/moad/VigiWheels/jetsonNano/ros2_ws/install/pressure_level/lib/python3.10/site-packages:${PYTHONPATH} /usr/bin/python3 setup.py egg_info --egg-base ../../build/pressure_level build --build-base /home/moad/VigiWheels/jetsonNano/ros2_ws/build/pressure_level/build install --record /home/moad/VigiWheels/jetsonNano/ros2_ws/build/pressure_level/install.log --single-version-externally-managed
