[0.269s] Invoking command in '/home/insa/Desktop/3.0/VigiWheels/raspberryPI3/ros2_ws/build/rosbridge_msgs': CMAKE_PREFIX_PATH=${CMAKE_PREFIX_PATH}:/opt/ros/humble /usr/bin/cmake /home/insa/Desktop/3.0/VigiWheels/raspberryPI3/ros2_ws/src/rosbridge_suite/rosbridge_msgs -DCMAKE_INSTALL_PREFIX=/home/insa/Desktop/3.0/VigiWheels/raspberryPI3/ros2_ws/install/rosbridge_msgs
[0.376s] -- The C compiler identification is GNU 11.4.0
[0.459s] -- The CXX compiler identification is GNU 11.4.0
[0.469s] -- Detecting C compiler ABI info
[0.554s] -- Detecting C compiler ABI info - done
[0.563s] -- Check for working C compiler: /usr/bin/cc - skipped
[0.564s] -- Detecting C compile features
[0.565s] -- Detecting C compile features - done
[0.568s] -- Detecting CXX compiler ABI info
[0.676s] -- Detecting CXX compiler ABI info - done
[0.677s] -- Check for working CXX compiler: /usr/bin/c++ - skipped
[0.677s] -- Detecting CXX compile features
[0.677s] -- Detecting CXX compile features - done
[0.681s] -- Found ament_cmake_ros: 0.10.0 (/opt/ros/humble/share/ament_cmake_ros/cmake)
[0.913s] -- Found Python3: /usr/bin/python3.10 (found version "3.10.12") found components: Interpreter 
[1.080s] -- Found builtin_interfaces: 1.2.1 (/opt/ros/humble/share/builtin_interfaces/cmake)
[1.137s] -- Found rosidl_generator_c: 3.1.5 (/opt/ros/humble/share/rosidl_generator_c/cmake)
[1.148s] -- Found rosidl_adapter: 3.1.5 (/opt/ros/humble/share/rosidl_adapter/cmake)
[1.171s] -- Found rosidl_generator_cpp: 3.1.5 (/opt/ros/humble/share/rosidl_generator_cpp/cmake)
[1.218s] -- Using all available rosidl_typesupport_c: rosidl_typesupport_fastrtps_c;rosidl_typesupport_introspection_c
[1.255s] -- Using all available rosidl_typesupport_cpp: rosidl_typesupport_fastrtps_cpp;rosidl_typesupport_introspection_cpp
[1.287s] -- Found rosidl_default_generators: 1.2.0 (/opt/ros/humble/share/rosidl_default_generators/cmake)
[1.939s] -- Using all available rosidl_typesupport_c: rosidl_typesupport_fastrtps_c;rosidl_typesupport_introspection_c
[2.084s] -- Using all available rosidl_typesupport_cpp: rosidl_typesupport_fastrtps_cpp;rosidl_typesupport_introspection_cpp
[2.131s] -- Found PythonInterp: /usr/bin/python3 (found suitable version "3.10.12", minimum required is "3.6") 
[2.135s] -- Found python_cmake_module: 0.10.0 (/opt/ros/humble/share/python_cmake_module/cmake)
[2.172s] -- Found PythonLibs: /usr/lib/x86_64-linux-gnu/libpython3.10.so (found suitable version "3.10.12", minimum required is "3.5") 
[2.172s] -- Using PYTHON_EXECUTABLE: /usr/bin/python3
[2.172s] -- Using PYTHON_INCLUDE_DIRS: /usr/include/python3.10
[2.173s] -- Using PYTHON_LIBRARIES: /usr/lib/x86_64-linux-gnu/libpython3.10.so
[2.197s] -- Found PythonExtra: .so  
[2.289s] -- Configuring done
[2.324s] -- Generating done
[2.327s] -- Build files have been written to: /home/insa/Desktop/3.0/VigiWheels/raspberryPI3/ros2_ws/build/rosbridge_msgs
[2.340s] Invoked command in '/home/insa/Desktop/3.0/VigiWheels/raspberryPI3/ros2_ws/build/rosbridge_msgs' returned '0': CMAKE_PREFIX_PATH=${CMAKE_PREFIX_PATH}:/opt/ros/humble /usr/bin/cmake /home/insa/Desktop/3.0/VigiWheels/raspberryPI3/ros2_ws/src/rosbridge_suite/rosbridge_msgs -DCMAKE_INSTALL_PREFIX=/home/insa/Desktop/3.0/VigiWheels/raspberryPI3/ros2_ws/install/rosbridge_msgs
[2.341s] Invoking command in '/home/insa/Desktop/3.0/VigiWheels/raspberryPI3/ros2_ws/build/rosbridge_msgs': CMAKE_PREFIX_PATH=${CMAKE_PREFIX_PATH}:/opt/ros/humble /usr/bin/cmake --build /home/insa/Desktop/3.0/VigiWheels/raspberryPI3/ros2_ws/build/rosbridge_msgs -- -j8 -l8
[3.030s] [  2%] [34m[1mGenerating C code for ROS interfaces[0m
[3.030s] [  5%] [34m[1mGenerating C++ code for ROS interfaces[0m
[3.030s] [  5%] Built target ament_cmake_python_copy_rosbridge_msgs
[3.030s] [  5%] Built target rosbridge_msgs__cpp
[3.030s] [  7%] [34m[1mGenerating C++ type support dispatch for ROS interfaces[0m
[3.030s] running egg_info
[3.030s] creating rosbridge_msgs.egg-info
[3.030s] writing rosbridge_msgs.egg-info/PKG-INFO
[3.031s] writing dependency_links to rosbridge_msgs.egg-info/dependency_links.txt
[3.031s] writing top-level names to rosbridge_msgs.egg-info/top_level.txt
[3.031s] writing manifest file 'rosbridge_msgs.egg-info/SOURCES.txt'
[3.031s] reading manifest file 'rosbridge_msgs.egg-info/SOURCES.txt'
[3.031s] writing manifest file 'rosbridge_msgs.egg-info/SOURCES.txt'
[3.044s] [ 10%] [34m[1mGenerating C++ introspection for ROS interfaces[0m
[3.052s] [ 12%] [34m[1mGenerating C++ type support for eProsima Fast-RTPS[0m
[3.085s] [ 15%] [32mBuilding C object CMakeFiles/rosbridge_msgs__rosidl_generator_c.dir/rosidl_generator_c/rosbridge_msgs/msg/detail/connected_clients__functions.c.o[0m
[3.095s] [ 15%] Built target ament_cmake_python_build_rosbridge_msgs_egg
[3.110s] [ 17%] [32mBuilding C object CMakeFiles/rosbridge_msgs__rosidl_generator_c.dir/rosidl_generator_c/rosbridge_msgs/msg/detail/connected_client__functions.c.o[0m
[3.250s] [ 20%] [32m[1mLinking C shared library librosbridge_msgs__rosidl_generator_c.so[0m
[3.366s] [ 20%] Built target rosbridge_msgs__rosidl_generator_c
[3.427s] [ 23%] [34m[1mGenerating C type support for eProsima Fast-RTPS[0m
[3.478s] [ 28%] [34m[1mGenerating C type support dispatch for ROS interfaces[0m
[3.478s] [ 28%] [34m[1mGenerating C introspection for ROS interfaces[0m
[3.502s] [ 30%] [32mBuilding CXX object CMakeFiles/rosbridge_msgs__rosidl_typesupport_cpp.dir/rosidl_typesupport_cpp/rosbridge_msgs/msg/connected_client__type_support.cpp.o[0m
[3.503s] [ 33%] [32mBuilding CXX object CMakeFiles/rosbridge_msgs__rosidl_typesupport_cpp.dir/rosidl_typesupport_cpp/rosbridge_msgs/msg/connected_clients__type_support.cpp.o[0m
[3.726s] [ 35%] [32mBuilding CXX object CMakeFiles/rosbridge_msgs__rosidl_typesupport_fastrtps_cpp.dir/rosidl_typesupport_fastrtps_cpp/rosbridge_msgs/msg/detail/dds_fastrtps/connected_client__type_support.cpp.o[0m
[3.774s] [ 38%] [32mBuilding CXX object CMakeFiles/rosbridge_msgs__rosidl_typesupport_fastrtps_cpp.dir/rosidl_typesupport_fastrtps_cpp/rosbridge_msgs/msg/detail/dds_fastrtps/connected_clients__type_support.cpp.o[0m
[3.990s] [ 41%] [32mBuilding CXX object CMakeFiles/rosbridge_msgs__rosidl_typesupport_c.dir/rosidl_typesupport_c/rosbridge_msgs/msg/connected_client__type_support.cpp.o[0m
[4.050s] [ 43%] [32mBuilding CXX object CMakeFiles/rosbridge_msgs__rosidl_typesupport_c.dir/rosidl_typesupport_c/rosbridge_msgs/msg/connected_clients__type_support.cpp.o[0m
[4.094s] [ 46%] [32mBuilding CXX object CMakeFiles/rosbridge_msgs__rosidl_typesupport_introspection_cpp.dir/rosidl_typesupport_introspection_cpp/rosbridge_msgs/msg/detail/connected_client__type_support.cpp.o[0m
[4.095s] [ 48%] [32mBuilding CXX object CMakeFiles/rosbridge_msgs__rosidl_typesupport_introspection_cpp.dir/rosidl_typesupport_introspection_cpp/rosbridge_msgs/msg/detail/connected_clients__type_support.cpp.o[0m
[4.241s] [ 51%] [32m[1mLinking CXX shared library librosbridge_msgs__rosidl_typesupport_c.so[0m
[4.436s] [ 51%] Built target rosbridge_msgs__rosidl_typesupport_c
[4.523s] [ 53%] [32m[1mLinking CXX shared library librosbridge_msgs__rosidl_typesupport_cpp.so[0m
[4.624s] [ 56%] [32mBuilding CXX object CMakeFiles/rosbridge_msgs__rosidl_typesupport_fastrtps_c.dir/rosidl_typesupport_fastrtps_c/rosbridge_msgs/msg/detail/connected_client__type_support_c.cpp.o[0m
[4.631s] [ 58%] [32mBuilding C object CMakeFiles/rosbridge_msgs__rosidl_typesupport_introspection_c.dir/rosidl_typesupport_introspection_c/rosbridge_msgs/msg/detail/connected_client__type_support.c.o[0m
[4.655s] [ 61%] [32mBuilding CXX object CMakeFiles/rosbridge_msgs__rosidl_typesupport_fastrtps_c.dir/rosidl_typesupport_fastrtps_c/rosbridge_msgs/msg/detail/connected_clients__type_support_c.cpp.o[0m
[4.787s] [ 61%] Built target rosbridge_msgs__rosidl_typesupport_cpp
[4.859s] [ 64%] [32mBuilding C object CMakeFiles/rosbridge_msgs__rosidl_typesupport_introspection_c.dir/rosidl_typesupport_introspection_c/rosbridge_msgs/msg/detail/connected_clients__type_support.c.o[0m
[5.066s] [ 66%] [32m[1mLinking C shared library librosbridge_msgs__rosidl_typesupport_introspection_c.so[0m
[5.247s] [ 66%] Built target rosbridge_msgs__rosidl_typesupport_introspection_c
[5.260s] [ 69%] [32m[1mLinking CXX shared library librosbridge_msgs__rosidl_typesupport_fastrtps_cpp.so[0m
[5.538s] [ 69%] Built target rosbridge_msgs__rosidl_typesupport_fastrtps_cpp
[5.774s] [ 71%] [32m[1mLinking CXX shared library librosbridge_msgs__rosidl_typesupport_introspection_cpp.so[0m
[5.982s] [ 74%] [32m[1mLinking CXX shared library librosbridge_msgs__rosidl_typesupport_fastrtps_c.so[0m
[6.087s] [ 74%] Built target rosbridge_msgs__rosidl_typesupport_introspection_cpp
[6.305s] [ 74%] Built target rosbridge_msgs__rosidl_typesupport_fastrtps_c
[6.431s] [ 74%] Built target rosbridge_msgs
[6.590s] [ 76%] [34m[1mGenerating Python code for ROS interfaces[0m
[7.828s] [ 76%] Built target rosbridge_msgs__py
[7.946s] [ 79%] [32mBuilding C object CMakeFiles/rosbridge_msgs__rosidl_generator_py.dir/rosidl_generator_py/rosbridge_msgs/msg/_connected_client_s.c.o[0m
[7.966s] [ 82%] [32mBuilding C object CMakeFiles/rosbridge_msgs__rosidl_generator_py.dir/rosidl_generator_py/rosbridge_msgs/msg/_connected_clients_s.c.o[0m
[8.375s] [ 84%] [32m[1mLinking C shared library rosidl_generator_py/rosbridge_msgs/librosbridge_msgs__rosidl_generator_py.so[0m
[8.619s] [ 84%] Built target rosbridge_msgs__rosidl_generator_py
[8.794s] [ 87%] [32mBuilding C object CMakeFiles/rosbridge_msgs__rosidl_typesupport_fastrtps_c__pyext.dir/rosidl_generator_py/rosbridge_msgs/_rosbridge_msgs_s.ep.rosidl_typesupport_fastrtps_c.c.o[0m
[8.814s] [ 89%] [32mBuilding C object CMakeFiles/rosbridge_msgs__rosidl_typesupport_introspection_c__pyext.dir/rosidl_generator_py/rosbridge_msgs/_rosbridge_msgs_s.ep.rosidl_typesupport_introspection_c.c.o[0m
[8.824s] [ 92%] [32mBuilding C object CMakeFiles/rosbridge_msgs__rosidl_typesupport_c__pyext.dir/rosidl_generator_py/rosbridge_msgs/_rosbridge_msgs_s.ep.rosidl_typesupport_c.c.o[0m
[9.039s] [ 94%] [32m[1mLinking C shared library rosidl_generator_py/rosbridge_msgs/rosbridge_msgs_s__rosidl_typesupport_introspection_c.cpython-310-x86_64-linux-gnu.so[0m
[9.182s] [ 97%] [32m[1mLinking C shared library rosidl_generator_py/rosbridge_msgs/rosbridge_msgs_s__rosidl_typesupport_fastrtps_c.cpython-310-x86_64-linux-gnu.so[0m
[9.224s] [ 97%] Built target rosbridge_msgs__rosidl_typesupport_introspection_c__pyext
[9.231s] [100%] [32m[1mLinking C shared library rosidl_generator_py/rosbridge_msgs/rosbridge_msgs_s__rosidl_typesupport_c.cpython-310-x86_64-linux-gnu.so[0m
[9.385s] [100%] Built target rosbridge_msgs__rosidl_typesupport_fastrtps_c__pyext
[9.458s] [100%] Built target rosbridge_msgs__rosidl_typesupport_c__pyext
[9.560s] Invoked command in '/home/insa/Desktop/3.0/VigiWheels/raspberryPI3/ros2_ws/build/rosbridge_msgs' returned '0': CMAKE_PREFIX_PATH=${CMAKE_PREFIX_PATH}:/opt/ros/humble /usr/bin/cmake --build /home/insa/Desktop/3.0/VigiWheels/raspberryPI3/ros2_ws/build/rosbridge_msgs -- -j8 -l8
[11.911s] Invoking command in '/home/insa/Desktop/3.0/VigiWheels/raspberryPI3/ros2_ws/build/rosbridge_msgs': CMAKE_PREFIX_PATH=${CMAKE_PREFIX_PATH}:/opt/ros/humble /usr/bin/cmake --install /home/insa/Desktop/3.0/VigiWheels/raspberryPI3/ros2_ws/build/rosbridge_msgs
[57.917s] -- Install configuration: ""
[57.917s] -- Installing: /home/insa/Desktop/3.0/VigiWheels/raspberryPI3/ros2_ws/install/rosbridge_msgs/share/ament_index/resource_index/rosidl_interfaces/rosbridge_msgs
[57.917s] -- Installing: /home/insa/Desktop/3.0/VigiWheels/raspberryPI3/ros2_ws/install/rosbridge_msgs/include/rosbridge_msgs/rosbridge_msgs
[57.917s] -- Installing: /home/insa/Desktop/3.0/VigiWheels/raspberryPI3/ros2_ws/install/rosbridge_msgs/include/rosbridge_msgs/rosbridge_msgs/msg
[57.917s] -- Installing: /home/insa/Desktop/3.0/VigiWheels/raspberryPI3/ros2_ws/install/rosbridge_msgs/include/rosbridge_msgs/rosbridge_msgs/msg/connected_clients.h
[57.917s] -- Installing: /home/insa/Desktop/3.0/VigiWheels/raspberryPI3/ros2_ws/install/rosbridge_msgs/include/rosbridge_msgs/rosbridge_msgs/msg/rosidl_generator_c__visibility_control.h
[57.917s] -- Installing: /home/insa/Desktop/3.0/VigiWheels/raspberryPI3/ros2_ws/install/rosbridge_msgs/include/rosbridge_msgs/rosbridge_msgs/msg/detail
[57.918s] -- Installing: /home/insa/Desktop/3.0/VigiWheels/raspberryPI3/ros2_ws/install/rosbridge_msgs/include/rosbridge_msgs/rosbridge_msgs/msg/detail/connected_client__functions.h
[57.918s] -- Installing: /home/insa/Desktop/3.0/VigiWheels/raspberryPI3/ros2_ws/install/rosbridge_msgs/include/rosbridge_msgs/rosbridge_msgs/msg/detail/connected_client__struct.h
[57.918s] -- Installing: /home/insa/Desktop/3.0/VigiWheels/raspberryPI3/ros2_ws/install/rosbridge_msgs/include/rosbridge_msgs/rosbridge_msgs/msg/detail/connected_clients__type_support.h
[57.918s] -- Installing: /home/insa/Desktop/3.0/VigiWheels/raspberryPI3/ros2_ws/install/rosbridge_msgs/include/rosbridge_msgs/rosbridge_msgs/msg/detail/connected_client__type_support.h
[57.918s] -- Installing: /home/insa/Desktop/3.0/VigiWheels/raspberryPI3/ros2_ws/install/rosbridge_msgs/include/rosbridge_msgs/rosbridge_msgs/msg/detail/connected_client__functions.c
[57.918s] -- Installing: /home/insa/Desktop/3.0/VigiWheels/raspberryPI3/ros2_ws/install/rosbridge_msgs/include/rosbridge_msgs/rosbridge_msgs/msg/detail/connected_clients__functions.h
[57.918s] -- Installing: /home/insa/Desktop/3.0/VigiWheels/raspberryPI3/ros2_ws/install/rosbridge_msgs/include/rosbridge_msgs/rosbridge_msgs/msg/detail/connected_clients__functions.c
[57.918s] -- Installing: /home/insa/Desktop/3.0/VigiWheels/raspberryPI3/ros2_ws/install/rosbridge_msgs/include/rosbridge_msgs/rosbridge_msgs/msg/detail/connected_clients__struct.h
[57.918s] -- Installing: /home/insa/Desktop/3.0/VigiWheels/raspberryPI3/ros2_ws/install/rosbridge_msgs/include/rosbridge_msgs/rosbridge_msgs/msg/connected_client.h
[57.918s] -- Installing: /home/insa/Desktop/3.0/VigiWheels/raspberryPI3/ros2_ws/install/rosbridge_msgs/share/rosbridge_msgs/environment/library_path.sh
[57.918s] -- Installing: /home/insa/Desktop/3.0/VigiWheels/raspberryPI3/ros2_ws/install/rosbridge_msgs/share/rosbridge_msgs/environment/library_path.dsv
[57.918s] -- Installing: /home/insa/Desktop/3.0/VigiWheels/raspberryPI3/ros2_ws/install/rosbridge_msgs/lib/librosbridge_msgs__rosidl_generator_c.so
[57.918s] -- Set runtime path of "/home/insa/Desktop/3.0/VigiWheels/raspberryPI3/ros2_ws/install/rosbridge_msgs/lib/librosbridge_msgs__rosidl_generator_c.so" to ""
[57.919s] -- Up-to-date: /home/insa/Desktop/3.0/VigiWheels/raspberryPI3/ros2_ws/install/rosbridge_msgs/include/rosbridge_msgs/rosbridge_msgs
[57.919s] -- Up-to-date: /home/insa/Desktop/3.0/VigiWheels/raspberryPI3/ros2_ws/install/rosbridge_msgs/include/rosbridge_msgs/rosbridge_msgs/msg
[57.919s] -- Up-to-date: /home/insa/Desktop/3.0/VigiWheels/raspberryPI3/ros2_ws/install/rosbridge_msgs/include/rosbridge_msgs/rosbridge_msgs/msg/detail
[57.919s] -- Installing: /home/insa/Desktop/3.0/VigiWheels/raspberryPI3/ros2_ws/install/rosbridge_msgs/include/rosbridge_msgs/rosbridge_msgs/msg/detail/connected_client__rosidl_typesupport_fastrtps_c.h
[57.919s] -- Installing: /home/insa/Desktop/3.0/VigiWheels/raspberryPI3/ros2_ws/install/rosbridge_msgs/include/rosbridge_msgs/rosbridge_msgs/msg/detail/connected_clients__rosidl_typesupport_fastrtps_c.h
[57.919s] -- Installing: /home/insa/Desktop/3.0/VigiWheels/raspberryPI3/ros2_ws/install/rosbridge_msgs/include/rosbridge_msgs/rosbridge_msgs/msg/rosidl_typesupport_fastrtps_c__visibility_control.h
[57.919s] -- Installing: /home/insa/Desktop/3.0/VigiWheels/raspberryPI3/ros2_ws/install/rosbridge_msgs/lib/librosbridge_msgs__rosidl_typesupport_fastrtps_c.so
[57.919s] -- Set runtime path of "/home/insa/Desktop/3.0/VigiWheels/raspberryPI3/ros2_ws/install/rosbridge_msgs/lib/librosbridge_msgs__rosidl_typesupport_fastrtps_c.so" to ""
[57.919s] -- Up-to-date: /home/insa/Desktop/3.0/VigiWheels/raspberryPI3/ros2_ws/install/rosbridge_msgs/include/rosbridge_msgs/rosbridge_msgs
[57.919s] -- Up-to-date: /home/insa/Desktop/3.0/VigiWheels/raspberryPI3/ros2_ws/install/rosbridge_msgs/include/rosbridge_msgs/rosbridge_msgs/msg
[57.919s] -- Installing: /home/insa/Desktop/3.0/VigiWheels/raspberryPI3/ros2_ws/install/rosbridge_msgs/include/rosbridge_msgs/rosbridge_msgs/msg/connected_clients.hpp
[57.920s] -- Up-to-date: /home/insa/Desktop/3.0/VigiWheels/raspberryPI3/ros2_ws/install/rosbridge_msgs/include/rosbridge_msgs/rosbridge_msgs/msg/detail
[57.920s] -- Installing: /home/insa/Desktop/3.0/VigiWheels/raspberryPI3/ros2_ws/install/rosbridge_msgs/include/rosbridge_msgs/rosbridge_msgs/msg/detail/connected_client__traits.hpp
[57.920s] -- Installing: /home/insa/Desktop/3.0/VigiWheels/raspberryPI3/ros2_ws/install/rosbridge_msgs/include/rosbridge_msgs/rosbridge_msgs/msg/detail/connected_client__builder.hpp
[57.920s] -- Installing: /home/insa/Desktop/3.0/VigiWheels/raspberryPI3/ros2_ws/install/rosbridge_msgs/include/rosbridge_msgs/rosbridge_msgs/msg/detail/connected_clients__traits.hpp
[57.920s] -- Installing: /home/insa/Desktop/3.0/VigiWheels/raspberryPI3/ros2_ws/install/rosbridge_msgs/include/rosbridge_msgs/rosbridge_msgs/msg/detail/connected_clients__struct.hpp
[57.920s] -- Installing: /home/insa/Desktop/3.0/VigiWheels/raspberryPI3/ros2_ws/install/rosbridge_msgs/include/rosbridge_msgs/rosbridge_msgs/msg/detail/connected_client__struct.hpp
[57.920s] -- Installing: /home/insa/Desktop/3.0/VigiWheels/raspberryPI3/ros2_ws/install/rosbridge_msgs/include/rosbridge_msgs/rosbridge_msgs/msg/detail/connected_clients__builder.hpp
[57.920s] -- Installing: /home/insa/Desktop/3.0/VigiWheels/raspberryPI3/ros2_ws/install/rosbridge_msgs/include/rosbridge_msgs/rosbridge_msgs/msg/connected_client.hpp
[57.920s] -- Up-to-date: /home/insa/Desktop/3.0/VigiWheels/raspberryPI3/ros2_ws/install/rosbridge_msgs/include/rosbridge_msgs/rosbridge_msgs
[57.920s] -- Up-to-date: /home/insa/Desktop/3.0/VigiWheels/raspberryPI3/ros2_ws/install/rosbridge_msgs/include/rosbridge_msgs/rosbridge_msgs/msg
[57.920s] -- Installing: /home/insa/Desktop/3.0/VigiWheels/raspberryPI3/ros2_ws/install/rosbridge_msgs/include/rosbridge_msgs/rosbridge_msgs/msg/rosidl_typesupport_fastrtps_cpp__visibility_control.h
[57.920s] -- Up-to-date: /home/insa/Desktop/3.0/VigiWheels/raspberryPI3/ros2_ws/install/rosbridge_msgs/include/rosbridge_msgs/rosbridge_msgs/msg/detail
[57.921s] -- Installing: /home/insa/Desktop/3.0/VigiWheels/raspberryPI3/ros2_ws/install/rosbridge_msgs/include/rosbridge_msgs/rosbridge_msgs/msg/detail/connected_clients__rosidl_typesupport_fastrtps_cpp.hpp
[57.921s] -- Installing: /home/insa/Desktop/3.0/VigiWheels/raspberryPI3/ros2_ws/install/rosbridge_msgs/include/rosbridge_msgs/rosbridge_msgs/msg/detail/dds_fastrtps
[57.921s] -- Installing: /home/insa/Desktop/3.0/VigiWheels/raspberryPI3/ros2_ws/install/rosbridge_msgs/include/rosbridge_msgs/rosbridge_msgs/msg/detail/connected_client__rosidl_typesupport_fastrtps_cpp.hpp
[57.921s] -- Installing: /home/insa/Desktop/3.0/VigiWheels/raspberryPI3/ros2_ws/install/rosbridge_msgs/lib/librosbridge_msgs__rosidl_typesupport_fastrtps_cpp.so
[57.921s] -- Set runtime path of "/home/insa/Desktop/3.0/VigiWheels/raspberryPI3/ros2_ws/install/rosbridge_msgs/lib/librosbridge_msgs__rosidl_typesupport_fastrtps_cpp.so" to ""
[57.921s] -- Up-to-date: /home/insa/Desktop/3.0/VigiWheels/raspberryPI3/ros2_ws/install/rosbridge_msgs/include/rosbridge_msgs/rosbridge_msgs
[57.921s] -- Up-to-date: /home/insa/Desktop/3.0/VigiWheels/raspberryPI3/ros2_ws/install/rosbridge_msgs/include/rosbridge_msgs/rosbridge_msgs/msg
[57.921s] -- Installing: /home/insa/Desktop/3.0/VigiWheels/raspberryPI3/ros2_ws/install/rosbridge_msgs/include/rosbridge_msgs/rosbridge_msgs/msg/rosidl_typesupport_introspection_c__visibility_control.h
[57.921s] -- Up-to-date: /home/insa/Desktop/3.0/VigiWheels/raspberryPI3/ros2_ws/install/rosbridge_msgs/include/rosbridge_msgs/rosbridge_msgs/msg/detail
[57.921s] -- Installing: /home/insa/Desktop/3.0/VigiWheels/raspberryPI3/ros2_ws/install/rosbridge_msgs/include/rosbridge_msgs/rosbridge_msgs/msg/detail/connected_client__rosidl_typesupport_introspection_c.h
[57.921s] -- Installing: /home/insa/Desktop/3.0/VigiWheels/raspberryPI3/ros2_ws/install/rosbridge_msgs/include/rosbridge_msgs/rosbridge_msgs/msg/detail/connected_clients__type_support.c
[57.922s] -- Installing: /home/insa/Desktop/3.0/VigiWheels/raspberryPI3/ros2_ws/install/rosbridge_msgs/include/rosbridge_msgs/rosbridge_msgs/msg/detail/connected_client__type_support.c
[57.922s] -- Installing: /home/insa/Desktop/3.0/VigiWheels/raspberryPI3/ros2_ws/install/rosbridge_msgs/include/rosbridge_msgs/rosbridge_msgs/msg/detail/connected_clients__rosidl_typesupport_introspection_c.h
[57.922s] -- Installing: /home/insa/Desktop/3.0/VigiWheels/raspberryPI3/ros2_ws/install/rosbridge_msgs/lib/librosbridge_msgs__rosidl_typesupport_introspection_c.so
[57.922s] -- Set runtime path of "/home/insa/Desktop/3.0/VigiWheels/raspberryPI3/ros2_ws/install/rosbridge_msgs/lib/librosbridge_msgs__rosidl_typesupport_introspection_c.so" to ""
[57.922s] -- Installing: /home/insa/Desktop/3.0/VigiWheels/raspberryPI3/ros2_ws/install/rosbridge_msgs/lib/librosbridge_msgs__rosidl_typesupport_c.so
[57.922s] -- Set runtime path of "/home/insa/Desktop/3.0/VigiWheels/raspberryPI3/ros2_ws/install/rosbridge_msgs/lib/librosbridge_msgs__rosidl_typesupport_c.so" to ""
[57.922s] -- Up-to-date: /home/insa/Desktop/3.0/VigiWheels/raspberryPI3/ros2_ws/install/rosbridge_msgs/include/rosbridge_msgs/rosbridge_msgs
[57.922s] -- Up-to-date: /home/insa/Desktop/3.0/VigiWheels/raspberryPI3/ros2_ws/install/rosbridge_msgs/include/rosbridge_msgs/rosbridge_msgs/msg
[57.922s] -- Up-to-date: /home/insa/Desktop/3.0/VigiWheels/raspberryPI3/ros2_ws/install/rosbridge_msgs/include/rosbridge_msgs/rosbridge_msgs/msg/detail
[57.922s] -- Installing: /home/insa/Desktop/3.0/VigiWheels/raspberryPI3/ros2_ws/install/rosbridge_msgs/include/rosbridge_msgs/rosbridge_msgs/msg/detail/connected_client__type_support.cpp
[57.922s] -- Installing: /home/insa/Desktop/3.0/VigiWheels/raspberryPI3/ros2_ws/install/rosbridge_msgs/include/rosbridge_msgs/rosbridge_msgs/msg/detail/connected_clients__type_support.cpp
[57.923s] -- Installing: /home/insa/Desktop/3.0/VigiWheels/raspberryPI3/ros2_ws/install/rosbridge_msgs/include/rosbridge_msgs/rosbridge_msgs/msg/detail/connected_client__rosidl_typesupport_introspection_cpp.hpp
[57.923s] -- Installing: /home/insa/Desktop/3.0/VigiWheels/raspberryPI3/ros2_ws/install/rosbridge_msgs/include/rosbridge_msgs/rosbridge_msgs/msg/detail/connected_clients__rosidl_typesupport_introspection_cpp.hpp
[57.923s] -- Installing: /home/insa/Desktop/3.0/VigiWheels/raspberryPI3/ros2_ws/install/rosbridge_msgs/lib/librosbridge_msgs__rosidl_typesupport_introspection_cpp.so
[57.923s] -- Set runtime path of "/home/insa/Desktop/3.0/VigiWheels/raspberryPI3/ros2_ws/install/rosbridge_msgs/lib/librosbridge_msgs__rosidl_typesupport_introspection_cpp.so" to ""
[57.923s] -- Installing: /home/insa/Desktop/3.0/VigiWheels/raspberryPI3/ros2_ws/install/rosbridge_msgs/lib/librosbridge_msgs__rosidl_typesupport_cpp.so
[57.923s] -- Set runtime path of "/home/insa/Desktop/3.0/VigiWheels/raspberryPI3/ros2_ws/install/rosbridge_msgs/lib/librosbridge_msgs__rosidl_typesupport_cpp.so" to ""
[57.923s] -- Installing: /home/insa/Desktop/3.0/VigiWheels/raspberryPI3/ros2_ws/install/rosbridge_msgs/share/rosbridge_msgs/environment/pythonpath.sh
[57.934s] -- Installing: /home/insa/Desktop/3.0/VigiWheels/raspberryPI3/ros2_ws/install/rosbridge_msgs/share/rosbridge_msgs/environment/pythonpath.dsv
[57.935s] -- Installing: /home/insa/Desktop/3.0/VigiWheels/raspberryPI3/ros2_ws/install/rosbridge_msgs/local/lib/python3.10/dist-packages/rosbridge_msgs-1.3.2-py3.10.egg-info
[57.935s] -- Installing: /home/insa/Desktop/3.0/VigiWheels/raspberryPI3/ros2_ws/install/rosbridge_msgs/local/lib/python3.10/dist-packages/rosbridge_msgs-1.3.2-py3.10.egg-info/dependency_links.txt
[57.935s] -- Installing: /home/insa/Desktop/3.0/VigiWheels/raspberryPI3/ros2_ws/install/rosbridge_msgs/local/lib/python3.10/dist-packages/rosbridge_msgs-1.3.2-py3.10.egg-info/PKG-INFO
[57.935s] -- Installing: /home/insa/Desktop/3.0/VigiWheels/raspberryPI3/ros2_ws/install/rosbridge_msgs/local/lib/python3.10/dist-packages/rosbridge_msgs-1.3.2-py3.10.egg-info/SOURCES.txt
[57.935s] -- Installing: /home/insa/Desktop/3.0/VigiWheels/raspberryPI3/ros2_ws/install/rosbridge_msgs/local/lib/python3.10/dist-packages/rosbridge_msgs-1.3.2-py3.10.egg-info/top_level.txt
[57.935s] -- Installing: /home/insa/Desktop/3.0/VigiWheels/raspberryPI3/ros2_ws/install/rosbridge_msgs/local/lib/python3.10/dist-packages/rosbridge_msgs
[57.935s] -- Installing: /home/insa/Desktop/3.0/VigiWheels/raspberryPI3/ros2_ws/install/rosbridge_msgs/local/lib/python3.10/dist-packages/rosbridge_msgs/librosbridge_msgs__rosidl_generator_py.so
[57.935s] -- Installing: /home/insa/Desktop/3.0/VigiWheels/raspberryPI3/ros2_ws/install/rosbridge_msgs/local/lib/python3.10/dist-packages/rosbridge_msgs/rosbridge_msgs_s__rosidl_typesupport_introspection_c.cpython-310-x86_64-linux-gnu.so
[57.935s] -- Installing: /home/insa/Desktop/3.0/VigiWheels/raspberryPI3/ros2_ws/install/rosbridge_msgs/local/lib/python3.10/dist-packages/rosbridge_msgs/_rosbridge_msgs_s.ep.rosidl_typesupport_fastrtps_c.c
[57.935s] -- Installing: /home/insa/Desktop/3.0/VigiWheels/raspberryPI3/ros2_ws/install/rosbridge_msgs/local/lib/python3.10/dist-packages/rosbridge_msgs/rosbridge_msgs_s__rosidl_typesupport_fastrtps_c.cpython-310-x86_64-linux-gnu.so
[57.936s] -- Installing: /home/insa/Desktop/3.0/VigiWheels/raspberryPI3/ros2_ws/install/rosbridge_msgs/local/lib/python3.10/dist-packages/rosbridge_msgs/_rosbridge_msgs_s.ep.rosidl_typesupport_c.c
[57.936s] -- Installing: /home/insa/Desktop/3.0/VigiWheels/raspberryPI3/ros2_ws/install/rosbridge_msgs/local/lib/python3.10/dist-packages/rosbridge_msgs/__init__.py
[57.936s] -- Installing: /home/insa/Desktop/3.0/VigiWheels/raspberryPI3/ros2_ws/install/rosbridge_msgs/local/lib/python3.10/dist-packages/rosbridge_msgs/_rosbridge_msgs_s.ep.rosidl_typesupport_introspection_c.c
[57.936s] -- Installing: /home/insa/Desktop/3.0/VigiWheels/raspberryPI3/ros2_ws/install/rosbridge_msgs/local/lib/python3.10/dist-packages/rosbridge_msgs/msg
[57.936s] -- Installing: /home/insa/Desktop/3.0/VigiWheels/raspberryPI3/ros2_ws/install/rosbridge_msgs/local/lib/python3.10/dist-packages/rosbridge_msgs/msg/_connected_clients_s.c
[57.936s] -- Installing: /home/insa/Desktop/3.0/VigiWheels/raspberryPI3/ros2_ws/install/rosbridge_msgs/local/lib/python3.10/dist-packages/rosbridge_msgs/msg/_connected_client.py
[57.936s] -- Installing: /home/insa/Desktop/3.0/VigiWheels/raspberryPI3/ros2_ws/install/rosbridge_msgs/local/lib/python3.10/dist-packages/rosbridge_msgs/msg/__init__.py
[57.936s] -- Installing: /home/insa/Desktop/3.0/VigiWheels/raspberryPI3/ros2_ws/install/rosbridge_msgs/local/lib/python3.10/dist-packages/rosbridge_msgs/msg/_connected_clients.py
[57.936s] -- Installing: /home/insa/Desktop/3.0/VigiWheels/raspberryPI3/ros2_ws/install/rosbridge_msgs/local/lib/python3.10/dist-packages/rosbridge_msgs/msg/_connected_client_s.c
[57.936s] -- Installing: /home/insa/Desktop/3.0/VigiWheels/raspberryPI3/ros2_ws/install/rosbridge_msgs/local/lib/python3.10/dist-packages/rosbridge_msgs/rosbridge_msgs_s__rosidl_typesupport_c.cpython-310-x86_64-linux-gnu.so
[57.936s] Listing '/home/insa/Desktop/3.0/VigiWheels/raspberryPI3/ros2_ws/install/rosbridge_msgs/local/lib/python3.10/dist-packages/rosbridge_msgs'...
[57.936s] Compiling '/home/insa/Desktop/3.0/VigiWheels/raspberryPI3/ros2_ws/install/rosbridge_msgs/local/lib/python3.10/dist-packages/rosbridge_msgs/__init__.py'...
[57.937s] Listing '/home/insa/Desktop/3.0/VigiWheels/raspberryPI3/ros2_ws/install/rosbridge_msgs/local/lib/python3.10/dist-packages/rosbridge_msgs/msg'...
[57.937s] Compiling '/home/insa/Desktop/3.0/VigiWheels/raspberryPI3/ros2_ws/install/rosbridge_msgs/local/lib/python3.10/dist-packages/rosbridge_msgs/msg/__init__.py'...
[57.937s] Compiling '/home/insa/Desktop/3.0/VigiWheels/raspberryPI3/ros2_ws/install/rosbridge_msgs/local/lib/python3.10/dist-packages/rosbridge_msgs/msg/_connected_client.py'...
[57.937s] Compiling '/home/insa/Desktop/3.0/VigiWheels/raspberryPI3/ros2_ws/install/rosbridge_msgs/local/lib/python3.10/dist-packages/rosbridge_msgs/msg/_connected_clients.py'...
[57.937s] -- Installing: /home/insa/Desktop/3.0/VigiWheels/raspberryPI3/ros2_ws/install/rosbridge_msgs/local/lib/python3.10/dist-packages/rosbridge_msgs/rosbridge_msgs_s__rosidl_typesupport_fastrtps_c.cpython-310-x86_64-linux-gnu.so
[57.937s] -- Set runtime path of "/home/insa/Desktop/3.0/VigiWheels/raspberryPI3/ros2_ws/install/rosbridge_msgs/local/lib/python3.10/dist-packages/rosbridge_msgs/rosbridge_msgs_s__rosidl_typesupport_fastrtps_c.cpython-310-x86_64-linux-gnu.so" to ""
[57.937s] -- Installing: /home/insa/Desktop/3.0/VigiWheels/raspberryPI3/ros2_ws/install/rosbridge_msgs/local/lib/python3.10/dist-packages/rosbridge_msgs/rosbridge_msgs_s__rosidl_typesupport_introspection_c.cpython-310-x86_64-linux-gnu.so
[57.937s] -- Set runtime path of "/home/insa/Desktop/3.0/VigiWheels/raspberryPI3/ros2_ws/install/rosbridge_msgs/local/lib/python3.10/dist-packages/rosbridge_msgs/rosbridge_msgs_s__rosidl_typesupport_introspection_c.cpython-310-x86_64-linux-gnu.so" to ""
[57.937s] -- Installing: /home/insa/Desktop/3.0/VigiWheels/raspberryPI3/ros2_ws/install/rosbridge_msgs/local/lib/python3.10/dist-packages/rosbridge_msgs/rosbridge_msgs_s__rosidl_typesupport_c.cpython-310-x86_64-linux-gnu.so
[57.937s] -- Set runtime path of "/home/insa/Desktop/3.0/VigiWheels/raspberryPI3/ros2_ws/install/rosbridge_msgs/local/lib/python3.10/dist-packages/rosbridge_msgs/rosbridge_msgs_s__rosidl_typesupport_c.cpython-310-x86_64-linux-gnu.so" to ""
[57.937s] -- Installing: /home/insa/Desktop/3.0/VigiWheels/raspberryPI3/ros2_ws/install/rosbridge_msgs/lib/librosbridge_msgs__rosidl_generator_py.so
[57.938s] -- Set runtime path of "/home/insa/Desktop/3.0/VigiWheels/raspberryPI3/ros2_ws/install/rosbridge_msgs/lib/librosbridge_msgs__rosidl_generator_py.so" to ""
[57.938s] -- Installing: /home/insa/Desktop/3.0/VigiWheels/raspberryPI3/ros2_ws/install/rosbridge_msgs/share/rosbridge_msgs/msg/ConnectedClient.idl
[57.938s] -- Installing: /home/insa/Desktop/3.0/VigiWheels/raspberryPI3/ros2_ws/install/rosbridge_msgs/share/rosbridge_msgs/msg/ConnectedClients.idl
[57.938s] -- Installing: /home/insa/Desktop/3.0/VigiWheels/raspberryPI3/ros2_ws/install/rosbridge_msgs/share/rosbridge_msgs/msg/ConnectedClient.msg
[57.938s] -- Installing: /home/insa/Desktop/3.0/VigiWheels/raspberryPI3/ros2_ws/install/rosbridge_msgs/share/rosbridge_msgs/msg/ConnectedClients.msg
[57.938s] -- Installing: /home/insa/Desktop/3.0/VigiWheels/raspberryPI3/ros2_ws/install/rosbridge_msgs/share/ament_index/resource_index/package_run_dependencies/rosbridge_msgs
[57.939s] -- Installing: /home/insa/Desktop/3.0/VigiWheels/raspberryPI3/ros2_ws/install/rosbridge_msgs/share/ament_index/resource_index/parent_prefix_path/rosbridge_msgs
[57.939s] -- Installing: /home/insa/Desktop/3.0/VigiWheels/raspberryPI3/ros2_ws/install/rosbridge_msgs/share/rosbridge_msgs/environment/ament_prefix_path.sh
[57.939s] -- Installing: /home/insa/Desktop/3.0/VigiWheels/raspberryPI3/ros2_ws/install/rosbridge_msgs/share/rosbridge_msgs/environment/ament_prefix_path.dsv
[57.939s] -- Installing: /home/insa/Desktop/3.0/VigiWheels/raspberryPI3/ros2_ws/install/rosbridge_msgs/share/rosbridge_msgs/environment/path.sh
[57.939s] -- Installing: /home/insa/Desktop/3.0/VigiWheels/raspberryPI3/ros2_ws/install/rosbridge_msgs/share/rosbridge_msgs/environment/path.dsv
[57.939s] -- Installing: /home/insa/Desktop/3.0/VigiWheels/raspberryPI3/ros2_ws/install/rosbridge_msgs/share/rosbridge_msgs/local_setup.bash
[57.939s] -- Installing: /home/insa/Desktop/3.0/VigiWheels/raspberryPI3/ros2_ws/install/rosbridge_msgs/share/rosbridge_msgs/local_setup.sh
[57.939s] -- Installing: /home/insa/Desktop/3.0/VigiWheels/raspberryPI3/ros2_ws/install/rosbridge_msgs/share/rosbridge_msgs/local_setup.zsh
[57.940s] -- Installing: /home/insa/Desktop/3.0/VigiWheels/raspberryPI3/ros2_ws/install/rosbridge_msgs/share/rosbridge_msgs/local_setup.dsv
[57.940s] -- Installing: /home/insa/Desktop/3.0/VigiWheels/raspberryPI3/ros2_ws/install/rosbridge_msgs/share/rosbridge_msgs/package.dsv
[57.940s] -- Installing: /home/insa/Desktop/3.0/VigiWheels/raspberryPI3/ros2_ws/install/rosbridge_msgs/share/ament_index/resource_index/packages/rosbridge_msgs
[57.940s] -- Installing: /home/insa/Desktop/3.0/VigiWheels/raspberryPI3/ros2_ws/install/rosbridge_msgs/share/rosbridge_msgs/cmake/export_rosbridge_msgs__rosidl_generator_cExport.cmake
[57.940s] -- Installing: /home/insa/Desktop/3.0/VigiWheels/raspberryPI3/ros2_ws/install/rosbridge_msgs/share/rosbridge_msgs/cmake/export_rosbridge_msgs__rosidl_generator_cExport-noconfig.cmake
[57.940s] -- Installing: /home/insa/Desktop/3.0/VigiWheels/raspberryPI3/ros2_ws/install/rosbridge_msgs/share/rosbridge_msgs/cmake/export_rosbridge_msgs__rosidl_typesupport_fastrtps_cExport.cmake
[57.940s] -- Installing: /home/insa/Desktop/3.0/VigiWheels/raspberryPI3/ros2_ws/install/rosbridge_msgs/share/rosbridge_msgs/cmake/export_rosbridge_msgs__rosidl_typesupport_fastrtps_cExport-noconfig.cmake
[57.940s] -- Installing: /home/insa/Desktop/3.0/VigiWheels/raspberryPI3/ros2_ws/install/rosbridge_msgs/share/rosbridge_msgs/cmake/export_rosbridge_msgs__rosidl_generator_cppExport.cmake
[57.940s] -- Installing: /home/insa/Desktop/3.0/VigiWheels/raspberryPI3/ros2_ws/install/rosbridge_msgs/share/rosbridge_msgs/cmake/export_rosbridge_msgs__rosidl_typesupport_fastrtps_cppExport.cmake
[57.940s] -- Installing: /home/insa/Desktop/3.0/VigiWheels/raspberryPI3/ros2_ws/install/rosbridge_msgs/share/rosbridge_msgs/cmake/export_rosbridge_msgs__rosidl_typesupport_fastrtps_cppExport-noconfig.cmake
[57.940s] -- Installing: /home/insa/Desktop/3.0/VigiWheels/raspberryPI3/ros2_ws/install/rosbridge_msgs/share/rosbridge_msgs/cmake/rosbridge_msgs__rosidl_typesupport_introspection_cExport.cmake
[57.954s] -- Installing: /home/insa/Desktop/3.0/VigiWheels/raspberryPI3/ros2_ws/install/rosbridge_msgs/share/rosbridge_msgs/cmake/rosbridge_msgs__rosidl_typesupport_introspection_cExport-noconfig.cmake
[57.954s] -- Installing: /home/insa/Desktop/3.0/VigiWheels/raspberryPI3/ros2_ws/install/rosbridge_msgs/share/rosbridge_msgs/cmake/rosbridge_msgs__rosidl_typesupport_cExport.cmake
[57.955s] -- Installing: /home/insa/Desktop/3.0/VigiWheels/raspberryPI3/ros2_ws/install/rosbridge_msgs/share/rosbridge_msgs/cmake/rosbridge_msgs__rosidl_typesupport_cExport-noconfig.cmake
[57.955s] -- Installing: /home/insa/Desktop/3.0/VigiWheels/raspberryPI3/ros2_ws/install/rosbridge_msgs/share/rosbridge_msgs/cmake/rosbridge_msgs__rosidl_typesupport_introspection_cppExport.cmake
[57.955s] -- Installing: /home/insa/Desktop/3.0/VigiWheels/raspberryPI3/ros2_ws/install/rosbridge_msgs/share/rosbridge_msgs/cmake/rosbridge_msgs__rosidl_typesupport_introspection_cppExport-noconfig.cmake
[57.955s] -- Installing: /home/insa/Desktop/3.0/VigiWheels/raspberryPI3/ros2_ws/install/rosbridge_msgs/share/rosbridge_msgs/cmake/rosbridge_msgs__rosidl_typesupport_cppExport.cmake
[57.955s] -- Installing: /home/insa/Desktop/3.0/VigiWheels/raspberryPI3/ros2_ws/install/rosbridge_msgs/share/rosbridge_msgs/cmake/rosbridge_msgs__rosidl_typesupport_cppExport-noconfig.cmake
[57.955s] -- Installing: /home/insa/Desktop/3.0/VigiWheels/raspberryPI3/ros2_ws/install/rosbridge_msgs/share/rosbridge_msgs/cmake/export_rosbridge_msgs__rosidl_generator_pyExport.cmake
[57.955s] -- Installing: /home/insa/Desktop/3.0/VigiWheels/raspberryPI3/ros2_ws/install/rosbridge_msgs/share/rosbridge_msgs/cmake/export_rosbridge_msgs__rosidl_generator_pyExport-noconfig.cmake
[57.955s] -- Installing: /home/insa/Desktop/3.0/VigiWheels/raspberryPI3/ros2_ws/install/rosbridge_msgs/share/rosbridge_msgs/cmake/rosidl_cmake-extras.cmake
[57.955s] -- Installing: /home/insa/Desktop/3.0/VigiWheels/raspberryPI3/ros2_ws/install/rosbridge_msgs/share/rosbridge_msgs/cmake/ament_cmake_export_dependencies-extras.cmake
[57.955s] -- Installing: /home/insa/Desktop/3.0/VigiWheels/raspberryPI3/ros2_ws/install/rosbridge_msgs/share/rosbridge_msgs/cmake/ament_cmake_export_include_directories-extras.cmake
[57.956s] -- Installing: /home/insa/Desktop/3.0/VigiWheels/raspberryPI3/ros2_ws/install/rosbridge_msgs/share/rosbridge_msgs/cmake/ament_cmake_export_libraries-extras.cmake
[57.956s] -- Installing: /home/insa/Desktop/3.0/VigiWheels/raspberryPI3/ros2_ws/install/rosbridge_msgs/share/rosbridge_msgs/cmake/ament_cmake_export_targets-extras.cmake
[57.956s] -- Installing: /home/insa/Desktop/3.0/VigiWheels/raspberryPI3/ros2_ws/install/rosbridge_msgs/share/rosbridge_msgs/cmake/rosidl_cmake_export_typesupport_targets-extras.cmake
[57.956s] -- Installing: /home/insa/Desktop/3.0/VigiWheels/raspberryPI3/ros2_ws/install/rosbridge_msgs/share/rosbridge_msgs/cmake/rosidl_cmake_export_typesupport_libraries-extras.cmake
[57.956s] -- Installing: /home/insa/Desktop/3.0/VigiWheels/raspberryPI3/ros2_ws/install/rosbridge_msgs/share/rosbridge_msgs/cmake/rosbridge_msgsConfig.cmake
[57.956s] -- Installing: /home/insa/Desktop/3.0/VigiWheels/raspberryPI3/ros2_ws/install/rosbridge_msgs/share/rosbridge_msgs/cmake/rosbridge_msgsConfig-version.cmake
[57.956s] -- Installing: /home/insa/Desktop/3.0/VigiWheels/raspberryPI3/ros2_ws/install/rosbridge_msgs/share/rosbridge_msgs/package.xml
[57.973s] Invoked command in '/home/insa/Desktop/3.0/VigiWheels/raspberryPI3/ros2_ws/build/rosbridge_msgs' returned '0': CMAKE_PREFIX_PATH=${CMAKE_PREFIX_PATH}:/opt/ros/humble /usr/bin/cmake --install /home/insa/Desktop/3.0/VigiWheels/raspberryPI3/ros2_ws/build/rosbridge_msgs
