[0.521s] DEBUG:colcon:Command line arguments: ['/usr/bin/colcon', 'build']
[0.521s] DEBUG:colcon:Parsed command line arguments: Namespace(log_base=None, log_level=None, verb_name='build', build_base='build', install_base='install', merge_install=False, symlink_install=False, test_result_base=None, continue_on_error=False, executor='parallel', parallel_workers=12, event_handlers=None, ignore_user_meta=False, metas=['./colcon.meta'], base_paths=['.'], packages_ignore=None, packages_ignore_regex=None, paths=None, packages_up_to=None, packages_up_to_regex=None, packages_above=None, packages_above_and_dependencies=None, packages_above_depth=None, packages_select_by_dep=None, packages_skip_by_dep=None, packages_skip_up_to=None, packages_select_build_failed=False, packages_skip_build_finished=False, packages_select_test_failures=False, packages_skip_test_passed=False, packages_select=None, packages_skip=None, packages_select_regex=None, packages_skip_regex=None, packages_start=None, packages_end=None, allow_overriding=[], cmake_args=None, cmake_target=None, cmake_target_skip_unavailable=False, cmake_clean_cache=False, cmake_clean_first=False, cmake_force_configure=False, ament_cmake_args=None, catkin_cmake_args=None, catkin_skip_building_tests=False, verb_parser=<colcon_defaults.argument_parser.defaults.DefaultArgumentsDecorator object at 0x7f34a52f4d30>, verb_extension=<colcon_core.verb.build.BuildVerb object at 0x7f34a555a740>, main=<bound method BuildVerb.main of <colcon_core.verb.build.BuildVerb object at 0x7f34a555a740>>)
[0.546s] Level 1:colcon.colcon_core.package_discovery:discover_packages(colcon_meta) check parameters
[0.546s] Level 1:colcon.colcon_core.package_discovery:discover_packages(recursive) check parameters
[0.546s] Level 1:colcon.colcon_core.package_discovery:discover_packages(ignore) check parameters
[0.546s] Level 1:colcon.colcon_core.package_discovery:discover_packages(path) check parameters
[0.546s] Level 1:colcon.colcon_core.package_discovery:discover_packages(colcon_meta) discover
[0.547s] Level 1:colcon.colcon_core.package_discovery:discover_packages(recursive) discover
[0.547s] INFO:colcon.colcon_core.package_discovery:Crawling recursively for packages in '/home/moad/VigiWheels/jetsonNano/ros2_ws'
[0.547s] Level 1:colcon.colcon_core.package_identification:_identify(.) by extensions ['ignore', 'ignore_ament_install']
[0.547s] Level 1:colcon.colcon_core.package_identification:_identify(.) by extension 'ignore'
[0.547s] Level 1:colcon.colcon_core.package_identification:_identify(.) by extension 'ignore_ament_install'
[0.547s] Level 1:colcon.colcon_core.package_identification:_identify(.) by extensions ['colcon_pkg']
[0.547s] Level 1:colcon.colcon_core.package_identification:_identify(.) by extension 'colcon_pkg'
[0.547s] Level 1:colcon.colcon_core.package_identification:_identify(.) by extensions ['colcon_meta']
[0.547s] Level 1:colcon.colcon_core.package_identification:_identify(.) by extension 'colcon_meta'
[0.547s] Level 1:colcon.colcon_core.package_identification:_identify(.) by extensions ['ros']
[0.547s] Level 1:colcon.colcon_core.package_identification:_identify(.) by extension 'ros'
[0.554s] Level 1:colcon.colcon_core.package_identification:_identify(.) by extensions ['cmake', 'python']
[0.554s] Level 1:colcon.colcon_core.package_identification:_identify(.) by extension 'cmake'
[0.554s] Level 1:colcon.colcon_core.package_identification:_identify(.) by extension 'python'
[0.554s] Level 1:colcon.colcon_core.package_identification:_identify(.) by extensions ['python_setup_py']
[0.554s] Level 1:colcon.colcon_core.package_identification:_identify(.) by extension 'python_setup_py'
[0.554s] Level 1:colcon.colcon_core.package_identification:_identify(build) by extensions ['ignore', 'ignore_ament_install']
[0.554s] Level 1:colcon.colcon_core.package_identification:_identify(build) by extension 'ignore'
[0.554s] Level 1:colcon.colcon_core.package_identification:_identify(build) ignored
[0.554s] Level 1:colcon.colcon_core.package_identification:_identify(install) by extensions ['ignore', 'ignore_ament_install']
[0.555s] Level 1:colcon.colcon_core.package_identification:_identify(install) by extension 'ignore'
[0.555s] Level 1:colcon.colcon_core.package_identification:_identify(install) ignored
[0.555s] Level 1:colcon.colcon_core.package_identification:_identify(log) by extensions ['ignore', 'ignore_ament_install']
[0.555s] Level 1:colcon.colcon_core.package_identification:_identify(log) by extension 'ignore'
[0.555s] Level 1:colcon.colcon_core.package_identification:_identify(log) ignored
[0.555s] Level 1:colcon.colcon_core.package_identification:_identify(src) by extensions ['ignore', 'ignore_ament_install']
[0.555s] Level 1:colcon.colcon_core.package_identification:_identify(src) by extension 'ignore'
[0.555s] Level 1:colcon.colcon_core.package_identification:_identify(src) by extension 'ignore_ament_install'
[0.555s] Level 1:colcon.colcon_core.package_identification:_identify(src) by extensions ['colcon_pkg']
[0.555s] Level 1:colcon.colcon_core.package_identification:_identify(src) by extension 'colcon_pkg'
[0.555s] Level 1:colcon.colcon_core.package_identification:_identify(src) by extensions ['colcon_meta']
[0.555s] Level 1:colcon.colcon_core.package_identification:_identify(src) by extension 'colcon_meta'
[0.555s] Level 1:colcon.colcon_core.package_identification:_identify(src) by extensions ['ros']
[0.555s] Level 1:colcon.colcon_core.package_identification:_identify(src) by extension 'ros'
[0.555s] Level 1:colcon.colcon_core.package_identification:_identify(src) by extensions ['cmake', 'python']
[0.555s] Level 1:colcon.colcon_core.package_identification:_identify(src) by extension 'cmake'
[0.555s] Level 1:colcon.colcon_core.package_identification:_identify(src) by extension 'python'
[0.555s] Level 1:colcon.colcon_core.package_identification:_identify(src) by extensions ['python_setup_py']
[0.555s] Level 1:colcon.colcon_core.package_identification:_identify(src) by extension 'python_setup_py'
[0.555s] Level 1:colcon.colcon_core.package_identification:_identify(src/build) by extensions ['ignore', 'ignore_ament_install']
[0.555s] Level 1:colcon.colcon_core.package_identification:_identify(src/build) by extension 'ignore'
[0.555s] Level 1:colcon.colcon_core.package_identification:_identify(src/build) ignored
[0.555s] Level 1:colcon.colcon_core.package_identification:_identify(src/geicar_start_jetson) by extensions ['ignore', 'ignore_ament_install']
[0.555s] Level 1:colcon.colcon_core.package_identification:_identify(src/geicar_start_jetson) by extension 'ignore'
[0.555s] Level 1:colcon.colcon_core.package_identification:_identify(src/geicar_start_jetson) by extension 'ignore_ament_install'
[0.555s] Level 1:colcon.colcon_core.package_identification:_identify(src/geicar_start_jetson) by extensions ['colcon_pkg']
[0.555s] Level 1:colcon.colcon_core.package_identification:_identify(src/geicar_start_jetson) by extension 'colcon_pkg'
[0.555s] Level 1:colcon.colcon_core.package_identification:_identify(src/geicar_start_jetson) by extensions ['colcon_meta']
[0.555s] Level 1:colcon.colcon_core.package_identification:_identify(src/geicar_start_jetson) by extension 'colcon_meta'
[0.555s] Level 1:colcon.colcon_core.package_identification:_identify(src/geicar_start_jetson) by extensions ['ros']
[0.555s] Level 1:colcon.colcon_core.package_identification:_identify(src/geicar_start_jetson) by extension 'ros'
[0.557s] DEBUG:colcon.colcon_core.package_identification:Package 'src/geicar_start_jetson' with type 'ros.ament_cmake' and name 'geicar_start_jetson'
[0.557s] Level 1:colcon.colcon_core.package_identification:_identify(src/install) by extensions ['ignore', 'ignore_ament_install']
[0.557s] Level 1:colcon.colcon_core.package_identification:_identify(src/install) by extension 'ignore'
[0.557s] Level 1:colcon.colcon_core.package_identification:_identify(src/install) ignored
[0.557s] Level 1:colcon.colcon_core.package_identification:_identify(src/interfaces) by extensions ['ignore', 'ignore_ament_install']
[0.557s] Level 1:colcon.colcon_core.package_identification:_identify(src/interfaces) by extension 'ignore'
[0.557s] Level 1:colcon.colcon_core.package_identification:_identify(src/interfaces) by extension 'ignore_ament_install'
[0.557s] Level 1:colcon.colcon_core.package_identification:_identify(src/interfaces) by extensions ['colcon_pkg']
[0.557s] Level 1:colcon.colcon_core.package_identification:_identify(src/interfaces) by extension 'colcon_pkg'
[0.557s] Level 1:colcon.colcon_core.package_identification:_identify(src/interfaces) by extensions ['colcon_meta']
[0.557s] Level 1:colcon.colcon_core.package_identification:_identify(src/interfaces) by extension 'colcon_meta'
[0.557s] Level 1:colcon.colcon_core.package_identification:_identify(src/interfaces) by extensions ['ros']
[0.557s] Level 1:colcon.colcon_core.package_identification:_identify(src/interfaces) by extension 'ros'
[0.558s] DEBUG:colcon.colcon_core.package_identification:Package 'src/interfaces' with type 'ros.ament_cmake' and name 'interfaces'
[0.558s] Level 1:colcon.colcon_core.package_identification:_identify(src/log) by extensions ['ignore', 'ignore_ament_install']
[0.558s] Level 1:colcon.colcon_core.package_identification:_identify(src/log) by extension 'ignore'
[0.558s] Level 1:colcon.colcon_core.package_identification:_identify(src/log) ignored
[0.558s] Level 1:colcon.colcon_core.package_identification:_identify(src/manometer_detection) by extensions ['ignore', 'ignore_ament_install']
[0.558s] Level 1:colcon.colcon_core.package_identification:_identify(src/manometer_detection) by extension 'ignore'
[0.558s] Level 1:colcon.colcon_core.package_identification:_identify(src/manometer_detection) by extension 'ignore_ament_install'
[0.558s] Level 1:colcon.colcon_core.package_identification:_identify(src/manometer_detection) by extensions ['colcon_pkg']
[0.558s] Level 1:colcon.colcon_core.package_identification:_identify(src/manometer_detection) by extension 'colcon_pkg'
[0.558s] Level 1:colcon.colcon_core.package_identification:_identify(src/manometer_detection) by extensions ['colcon_meta']
[0.558s] Level 1:colcon.colcon_core.package_identification:_identify(src/manometer_detection) by extension 'colcon_meta'
[0.558s] Level 1:colcon.colcon_core.package_identification:_identify(src/manometer_detection) by extensions ['ros']
[0.558s] Level 1:colcon.colcon_core.package_identification:_identify(src/manometer_detection) by extension 'ros'
[0.559s] DEBUG:colcon.colcon_core.package_identification:Package 'src/manometer_detection' with type 'ros.ament_python' and name 'manometer_detection'
[0.559s] Level 1:colcon.colcon_core.package_identification:_identify(src/rplidar_ros2) by extensions ['ignore', 'ignore_ament_install']
[0.559s] Level 1:colcon.colcon_core.package_identification:_identify(src/rplidar_ros2) by extension 'ignore'
[0.559s] Level 1:colcon.colcon_core.package_identification:_identify(src/rplidar_ros2) by extension 'ignore_ament_install'
[0.559s] Level 1:colcon.colcon_core.package_identification:_identify(src/rplidar_ros2) by extensions ['colcon_pkg']
[0.559s] Level 1:colcon.colcon_core.package_identification:_identify(src/rplidar_ros2) by extension 'colcon_pkg'
[0.559s] Level 1:colcon.colcon_core.package_identification:_identify(src/rplidar_ros2) by extensions ['colcon_meta']
[0.559s] Level 1:colcon.colcon_core.package_identification:_identify(src/rplidar_ros2) by extension 'colcon_meta'
[0.559s] Level 1:colcon.colcon_core.package_identification:_identify(src/rplidar_ros2) by extensions ['ros']
[0.559s] Level 1:colcon.colcon_core.package_identification:_identify(src/rplidar_ros2) by extension 'ros'
[0.559s] DEBUG:colcon.colcon_core.package_identification:Package 'src/rplidar_ros2' with type 'ros.ament_cmake' and name 'rplidar_ros'
[0.559s] Level 1:colcon.colcon_core.package_identification:_identify(src/system_check_ack) by extensions ['ignore', 'ignore_ament_install']
[0.559s] Level 1:colcon.colcon_core.package_identification:_identify(src/system_check_ack) by extension 'ignore'
[0.559s] Level 1:colcon.colcon_core.package_identification:_identify(src/system_check_ack) by extension 'ignore_ament_install'
[0.559s] Level 1:colcon.colcon_core.package_identification:_identify(src/system_check_ack) by extensions ['colcon_pkg']
[0.559s] Level 1:colcon.colcon_core.package_identification:_identify(src/system_check_ack) by extension 'colcon_pkg'
[0.559s] Level 1:colcon.colcon_core.package_identification:_identify(src/system_check_ack) by extensions ['colcon_meta']
[0.559s] Level 1:colcon.colcon_core.package_identification:_identify(src/system_check_ack) by extension 'colcon_meta'
[0.559s] Level 1:colcon.colcon_core.package_identification:_identify(src/system_check_ack) by extensions ['ros']
[0.559s] Level 1:colcon.colcon_core.package_identification:_identify(src/system_check_ack) by extension 'ros'
[0.560s] DEBUG:colcon.colcon_core.package_identification:Package 'src/system_check_ack' with type 'ros.ament_cmake' and name 'system_check_ack'
[0.560s] Level 1:colcon.colcon_core.package_identification:_identify(src/usb_cam) by extensions ['ignore', 'ignore_ament_install']
[0.560s] Level 1:colcon.colcon_core.package_identification:_identify(src/usb_cam) by extension 'ignore'
[0.560s] Level 1:colcon.colcon_core.package_identification:_identify(src/usb_cam) by extension 'ignore_ament_install'
[0.560s] Level 1:colcon.colcon_core.package_identification:_identify(src/usb_cam) by extensions ['colcon_pkg']
[0.560s] Level 1:colcon.colcon_core.package_identification:_identify(src/usb_cam) by extension 'colcon_pkg'
[0.560s] Level 1:colcon.colcon_core.package_identification:_identify(src/usb_cam) by extensions ['colcon_meta']
[0.560s] Level 1:colcon.colcon_core.package_identification:_identify(src/usb_cam) by extension 'colcon_meta'
[0.560s] Level 1:colcon.colcon_core.package_identification:_identify(src/usb_cam) by extensions ['ros']
[0.560s] Level 1:colcon.colcon_core.package_identification:_identify(src/usb_cam) by extension 'ros'
[0.561s] DEBUG:colcon.colcon_core.package_identification:Package 'src/usb_cam' with type 'ros.ament_cmake' and name 'usb_cam'
[0.561s] Level 1:colcon.colcon_core.package_discovery:discover_packages(recursive) using defaults
[0.561s] Level 1:colcon.colcon_core.package_discovery:discover_packages(ignore) discover
[0.561s] Level 1:colcon.colcon_core.package_discovery:discover_packages(ignore) using defaults
[0.561s] Level 1:colcon.colcon_core.package_discovery:discover_packages(path) discover
[0.561s] Level 1:colcon.colcon_core.package_discovery:discover_packages(path) using defaults
[0.609s] Level 1:colcon.colcon_core.package_discovery:discover_packages(prefix_path) check parameters
[0.609s] Level 1:colcon.colcon_core.package_discovery:discover_packages(prefix_path) discover
[0.623s] DEBUG:colcon.colcon_installed_package_information.package_discovery:Found 2 installed packages in /home/moad/ros2_ws/install
[0.631s] DEBUG:colcon.colcon_installed_package_information.package_discovery:Found 277 installed packages in /opt/ros/humble
[0.632s] Level 1:colcon.colcon_core.package_discovery:discover_packages(prefix_path) using defaults
[0.680s] Level 5:colcon.colcon_core.verb:set package 'interfaces' build argument 'cmake_args' from command line to 'None'
[0.680s] Level 5:colcon.colcon_core.verb:set package 'interfaces' build argument 'cmake_target' from command line to 'None'
[0.680s] Level 5:colcon.colcon_core.verb:set package 'interfaces' build argument 'cmake_target_skip_unavailable' from command line to 'False'
[0.680s] Level 5:colcon.colcon_core.verb:set package 'interfaces' build argument 'cmake_clean_cache' from command line to 'False'
[0.680s] Level 5:colcon.colcon_core.verb:set package 'interfaces' build argument 'cmake_clean_first' from command line to 'False'
[0.680s] Level 5:colcon.colcon_core.verb:set package 'interfaces' build argument 'cmake_force_configure' from command line to 'False'
[0.680s] Level 5:colcon.colcon_core.verb:set package 'interfaces' build argument 'ament_cmake_args' from command line to 'None'
[0.680s] Level 5:colcon.colcon_core.verb:set package 'interfaces' build argument 'catkin_cmake_args' from command line to 'None'
[0.680s] Level 5:colcon.colcon_core.verb:set package 'interfaces' build argument 'catkin_skip_building_tests' from command line to 'False'
[0.680s] DEBUG:colcon.colcon_core.verb:Building package 'interfaces' with the following arguments: {'ament_cmake_args': None, 'build_base': '/home/moad/VigiWheels/jetsonNano/ros2_ws/build/interfaces', 'catkin_cmake_args': None, 'catkin_skip_building_tests': False, 'cmake_args': None, 'cmake_clean_cache': False, 'cmake_clean_first': False, 'cmake_force_configure': False, 'cmake_target': None, 'cmake_target_skip_unavailable': False, 'install_base': '/home/moad/VigiWheels/jetsonNano/ros2_ws/install/interfaces', 'merge_install': False, 'path': '/home/moad/VigiWheels/jetsonNano/ros2_ws/src/interfaces', 'symlink_install': False, 'test_result_base': None}
[0.687s] Level 5:colcon.colcon_core.verb:set package 'manometer_detection' build argument 'cmake_args' from command line to 'None'
[0.687s] Level 5:colcon.colcon_core.verb:set package 'manometer_detection' build argument 'cmake_target' from command line to 'None'
[0.687s] Level 5:colcon.colcon_core.verb:set package 'manometer_detection' build argument 'cmake_target_skip_unavailable' from command line to 'False'
[0.687s] Level 5:colcon.colcon_core.verb:set package 'manometer_detection' build argument 'cmake_clean_cache' from command line to 'False'
[0.687s] Level 5:colcon.colcon_core.verb:set package 'manometer_detection' build argument 'cmake_clean_first' from command line to 'False'
[0.687s] Level 5:colcon.colcon_core.verb:set package 'manometer_detection' build argument 'cmake_force_configure' from command line to 'False'
[0.687s] Level 5:colcon.colcon_core.verb:set package 'manometer_detection' build argument 'ament_cmake_args' from command line to 'None'
[0.687s] Level 5:colcon.colcon_core.verb:set package 'manometer_detection' build argument 'catkin_cmake_args' from command line to 'None'
[0.687s] Level 5:colcon.colcon_core.verb:set package 'manometer_detection' build argument 'catkin_skip_building_tests' from command line to 'False'
[0.687s] DEBUG:colcon.colcon_core.verb:Building package 'manometer_detection' with the following arguments: {'ament_cmake_args': None, 'build_base': '/home/moad/VigiWheels/jetsonNano/ros2_ws/build/manometer_detection', 'catkin_cmake_args': None, 'catkin_skip_building_tests': False, 'cmake_args': None, 'cmake_clean_cache': False, 'cmake_clean_first': False, 'cmake_force_configure': False, 'cmake_target': None, 'cmake_target_skip_unavailable': False, 'install_base': '/home/moad/VigiWheels/jetsonNano/ros2_ws/install/manometer_detection', 'merge_install': False, 'path': '/home/moad/VigiWheels/jetsonNano/ros2_ws/src/manometer_detection', 'symlink_install': False, 'test_result_base': None}
[0.694s] Level 5:colcon.colcon_core.verb:set package 'rplidar_ros' build argument 'cmake_args' from command line to 'None'
[0.694s] Level 5:colcon.colcon_core.verb:set package 'rplidar_ros' build argument 'cmake_target' from command line to 'None'
[0.694s] Level 5:colcon.colcon_core.verb:set package 'rplidar_ros' build argument 'cmake_target_skip_unavailable' from command line to 'False'
[0.695s] Level 5:colcon.colcon_core.verb:set package 'rplidar_ros' build argument 'cmake_clean_cache' from command line to 'False'
[0.695s] Level 5:colcon.colcon_core.verb:set package 'rplidar_ros' build argument 'cmake_clean_first' from command line to 'False'
[0.695s] Level 5:colcon.colcon_core.verb:set package 'rplidar_ros' build argument 'cmake_force_configure' from command line to 'False'
[0.695s] Level 5:colcon.colcon_core.verb:set package 'rplidar_ros' build argument 'ament_cmake_args' from command line to 'None'
[0.695s] Level 5:colcon.colcon_core.verb:set package 'rplidar_ros' build argument 'catkin_cmake_args' from command line to 'None'
[0.695s] Level 5:colcon.colcon_core.verb:set package 'rplidar_ros' build argument 'catkin_skip_building_tests' from command line to 'False'
[0.695s] DEBUG:colcon.colcon_core.verb:Building package 'rplidar_ros' with the following arguments: {'ament_cmake_args': None, 'build_base': '/home/moad/VigiWheels/jetsonNano/ros2_ws/build/rplidar_ros', 'catkin_cmake_args': None, 'catkin_skip_building_tests': False, 'cmake_args': None, 'cmake_clean_cache': False, 'cmake_clean_first': False, 'cmake_force_configure': False, 'cmake_target': None, 'cmake_target_skip_unavailable': False, 'install_base': '/home/moad/VigiWheels/jetsonNano/ros2_ws/install/rplidar_ros', 'merge_install': False, 'path': '/home/moad/VigiWheels/jetsonNano/ros2_ws/src/rplidar_ros2', 'symlink_install': False, 'test_result_base': None}
[0.702s] Level 5:colcon.colcon_core.verb:set package 'usb_cam' build argument 'cmake_args' from command line to 'None'
[0.702s] Level 5:colcon.colcon_core.verb:set package 'usb_cam' build argument 'cmake_target' from command line to 'None'
[0.702s] Level 5:colcon.colcon_core.verb:set package 'usb_cam' build argument 'cmake_target_skip_unavailable' from command line to 'False'
[0.702s] Level 5:colcon.colcon_core.verb:set package 'usb_cam' build argument 'cmake_clean_cache' from command line to 'False'
[0.702s] Level 5:colcon.colcon_core.verb:set package 'usb_cam' build argument 'cmake_clean_first' from command line to 'False'
[0.702s] Level 5:colcon.colcon_core.verb:set package 'usb_cam' build argument 'cmake_force_configure' from command line to 'False'
[0.702s] Level 5:colcon.colcon_core.verb:set package 'usb_cam' build argument 'ament_cmake_args' from command line to 'None'
[0.702s] Level 5:colcon.colcon_core.verb:set package 'usb_cam' build argument 'catkin_cmake_args' from command line to 'None'
[0.702s] Level 5:colcon.colcon_core.verb:set package 'usb_cam' build argument 'catkin_skip_building_tests' from command line to 'False'
[0.702s] DEBUG:colcon.colcon_core.verb:Building package 'usb_cam' with the following arguments: {'ament_cmake_args': None, 'build_base': '/home/moad/VigiWheels/jetsonNano/ros2_ws/build/usb_cam', 'catkin_cmake_args': None, 'catkin_skip_building_tests': False, 'cmake_args': None, 'cmake_clean_cache': False, 'cmake_clean_first': False, 'cmake_force_configure': False, 'cmake_target': None, 'cmake_target_skip_unavailable': False, 'install_base': '/home/moad/VigiWheels/jetsonNano/ros2_ws/install/usb_cam', 'merge_install': False, 'path': '/home/moad/VigiWheels/jetsonNano/ros2_ws/src/usb_cam', 'symlink_install': False, 'test_result_base': None}
[0.709s] Level 5:colcon.colcon_core.verb:set package 'geicar_start_jetson' build argument 'cmake_args' from command line to 'None'
[0.709s] Level 5:colcon.colcon_core.verb:set package 'geicar_start_jetson' build argument 'cmake_target' from command line to 'None'
[0.709s] Level 5:colcon.colcon_core.verb:set package 'geicar_start_jetson' build argument 'cmake_target_skip_unavailable' from command line to 'False'
[0.709s] Level 5:colcon.colcon_core.verb:set package 'geicar_start_jetson' build argument 'cmake_clean_cache' from command line to 'False'
[0.709s] Level 5:colcon.colcon_core.verb:set package 'geicar_start_jetson' build argument 'cmake_clean_first' from command line to 'False'
[0.709s] Level 5:colcon.colcon_core.verb:set package 'geicar_start_jetson' build argument 'cmake_force_configure' from command line to 'False'
[0.709s] Level 5:colcon.colcon_core.verb:set package 'geicar_start_jetson' build argument 'ament_cmake_args' from command line to 'None'
[0.709s] Level 5:colcon.colcon_core.verb:set package 'geicar_start_jetson' build argument 'catkin_cmake_args' from command line to 'None'
[0.709s] Level 5:colcon.colcon_core.verb:set package 'geicar_start_jetson' build argument 'catkin_skip_building_tests' from command line to 'False'
[0.709s] DEBUG:colcon.colcon_core.verb:Building package 'geicar_start_jetson' with the following arguments: {'ament_cmake_args': None, 'build_base': '/home/moad/VigiWheels/jetsonNano/ros2_ws/build/geicar_start_jetson', 'catkin_cmake_args': None, 'catkin_skip_building_tests': False, 'cmake_args': None, 'cmake_clean_cache': False, 'cmake_clean_first': False, 'cmake_force_configure': False, 'cmake_target': None, 'cmake_target_skip_unavailable': False, 'install_base': '/home/moad/VigiWheels/jetsonNano/ros2_ws/install/geicar_start_jetson', 'merge_install': False, 'path': '/home/moad/VigiWheels/jetsonNano/ros2_ws/src/geicar_start_jetson', 'symlink_install': False, 'test_result_base': None}
[0.716s] Level 5:colcon.colcon_core.verb:set package 'system_check_ack' build argument 'cmake_args' from command line to 'None'
[0.716s] Level 5:colcon.colcon_core.verb:set package 'system_check_ack' build argument 'cmake_target' from command line to 'None'
[0.716s] Level 5:colcon.colcon_core.verb:set package 'system_check_ack' build argument 'cmake_target_skip_unavailable' from command line to 'False'
[0.716s] Level 5:colcon.colcon_core.verb:set package 'system_check_ack' build argument 'cmake_clean_cache' from command line to 'False'
[0.716s] Level 5:colcon.colcon_core.verb:set package 'system_check_ack' build argument 'cmake_clean_first' from command line to 'False'
[0.716s] Level 5:colcon.colcon_core.verb:set package 'system_check_ack' build argument 'cmake_force_configure' from command line to 'False'
[0.716s] Level 5:colcon.colcon_core.verb:set package 'system_check_ack' build argument 'ament_cmake_args' from command line to 'None'
[0.716s] Level 5:colcon.colcon_core.verb:set package 'system_check_ack' build argument 'catkin_cmake_args' from command line to 'None'
[0.716s] Level 5:colcon.colcon_core.verb:set package 'system_check_ack' build argument 'catkin_skip_building_tests' from command line to 'False'
[0.716s] DEBUG:colcon.colcon_core.verb:Building package 'system_check_ack' with the following arguments: {'ament_cmake_args': None, 'build_base': '/home/moad/VigiWheels/jetsonNano/ros2_ws/build/system_check_ack', 'catkin_cmake_args': None, 'catkin_skip_building_tests': False, 'cmake_args': None, 'cmake_clean_cache': False, 'cmake_clean_first': False, 'cmake_force_configure': False, 'cmake_target': None, 'cmake_target_skip_unavailable': False, 'install_base': '/home/moad/VigiWheels/jetsonNano/ros2_ws/install/system_check_ack', 'merge_install': False, 'path': '/home/moad/VigiWheels/jetsonNano/ros2_ws/src/system_check_ack', 'symlink_install': False, 'test_result_base': None}
[0.723s] INFO:colcon.colcon_core.executor:Executing jobs using 'parallel' executor
[0.730s] DEBUG:colcon.colcon_parallel_executor.executor.parallel:run_until_complete
[0.731s] INFO:colcon.colcon_ros.task.ament_cmake.build:Building ROS package in '/home/moad/VigiWheels/jetsonNano/ros2_ws/src/interfaces' with build type 'ament_cmake'
[0.731s] INFO:colcon.colcon_cmake.task.cmake.build:Building CMake package in '/home/moad/VigiWheels/jetsonNano/ros2_ws/src/interfaces'
[0.739s] INFO:colcon.colcon_core.plugin_system:Skipping extension 'colcon_core.shell.bat': Not used on non-Windows systems
[0.739s] INFO:colcon.colcon_core.shell:Skip shell extension 'powershell' for command environment: Not usable outside of PowerShell
[0.739s] DEBUG:colcon.colcon_core.shell:Skip shell extension 'dsv' for command environment
[0.762s] INFO:colcon.colcon_ros.task.ament_cmake.build:Building ROS package in '/home/moad/VigiWheels/jetsonNano/ros2_ws/src/rplidar_ros2' with build type 'ament_cmake'
[0.762s] INFO:colcon.colcon_cmake.task.cmake.build:Building CMake package in '/home/moad/VigiWheels/jetsonNano/ros2_ws/src/rplidar_ros2'
[0.771s] INFO:colcon.colcon_core.shell:Skip shell extension 'powershell' for command environment: Not usable outside of PowerShell
[0.772s] DEBUG:colcon.colcon_core.shell:Skip shell extension 'dsv' for command environment
[0.795s] INFO:colcon.colcon_ros.task.ament_cmake.build:Building ROS package in '/home/moad/VigiWheels/jetsonNano/ros2_ws/src/usb_cam' with build type 'ament_cmake'
[0.795s] INFO:colcon.colcon_cmake.task.cmake.build:Building CMake package in '/home/moad/VigiWheels/jetsonNano/ros2_ws/src/usb_cam'
[0.802s] INFO:colcon.colcon_core.shell:Skip shell extension 'powershell' for command environment: Not usable outside of PowerShell
[0.802s] DEBUG:colcon.colcon_core.shell:Skip shell extension 'dsv' for command environment
[0.825s] INFO:colcon.colcon_ros.task.ament_python.build:Building ROS package in '/home/moad/VigiWheels/jetsonNano/ros2_ws/src/manometer_detection' with build type 'ament_python'
[0.825s] Level 1:colcon.colcon_core.shell:create_environment_hook('manometer_detection', 'ament_prefix_path')
[0.833s] INFO:colcon.colcon_core.shell:Creating environment hook '/home/moad/VigiWheels/jetsonNano/ros2_ws/install/manometer_detection/share/manometer_detection/hook/ament_prefix_path.ps1'
[0.834s] INFO:colcon.colcon_core.shell:Creating environment descriptor '/home/moad/VigiWheels/jetsonNano/ros2_ws/install/manometer_detection/share/manometer_detection/hook/ament_prefix_path.dsv'
[0.834s] INFO:colcon.colcon_core.shell:Creating environment hook '/home/moad/VigiWheels/jetsonNano/ros2_ws/install/manometer_detection/share/manometer_detection/hook/ament_prefix_path.sh'
[0.849s] INFO:colcon.colcon_core.shell:Skip shell extension 'powershell' for command environment: Not usable outside of PowerShell
[0.849s] DEBUG:colcon.colcon_core.shell:Skip shell extension 'dsv' for command environment
[0.881s] DEBUG:colcon.colcon_core.event_handler.log_command:Invoking command in '/home/moad/VigiWheels/jetsonNano/ros2_ws/build/interfaces': CMAKE_PREFIX_PATH=/home/moad/ros2_ws/install/my_robot_controller:/home/moad/ros2_ws/install/manometer_detection:/opt/ros/humble /usr/bin/cmake --build /home/moad/VigiWheels/jetsonNano/ros2_ws/build/interfaces -- -j12 -l12
[0.883s] DEBUG:colcon.colcon_core.event_handler.log_command:Invoking command in '/home/moad/VigiWheels/jetsonNano/ros2_ws/build/rplidar_ros': CMAKE_PREFIX_PATH=/home/moad/ros2_ws/install/my_robot_controller:/home/moad/ros2_ws/install/manometer_detection:/opt/ros/humble /usr/bin/cmake --build /home/moad/VigiWheels/jetsonNano/ros2_ws/build/rplidar_ros -- -j12 -l12
[0.885s] DEBUG:colcon.colcon_core.event_handler.log_command:Invoking command in '/home/moad/VigiWheels/jetsonNano/ros2_ws/build/usb_cam': CMAKE_PREFIX_PATH=/home/moad/ros2_ws/install/my_robot_controller:/home/moad/ros2_ws/install/manometer_detection:/opt/ros/humble /usr/bin/cmake --build /home/moad/VigiWheels/jetsonNano/ros2_ws/build/usb_cam -- -j12 -l12
[1.082s] INFO:colcon.colcon_core.task.python.build:Building Python package in '/home/moad/VigiWheels/jetsonNano/ros2_ws/src/manometer_detection'
[1.094s] INFO:colcon.colcon_core.shell:Skip shell extension 'powershell' for command environment: Not usable outside of PowerShell
[1.094s] DEBUG:colcon.colcon_core.shell:Skip shell extension 'dsv' for command environment
[1.120s] DEBUG:colcon.colcon_core.event_handler.log_command:Invoked command in '/home/moad/VigiWheels/jetsonNano/ros2_ws/build/rplidar_ros' returned '0': CMAKE_PREFIX_PATH=/home/moad/ros2_ws/install/my_robot_controller:/home/moad/ros2_ws/install/manometer_detection:/opt/ros/humble /usr/bin/cmake --build /home/moad/VigiWheels/jetsonNano/ros2_ws/build/rplidar_ros -- -j12 -l12
[1.121s] DEBUG:colcon.colcon_core.event_handler.log_command:Invoked command in '/home/moad/VigiWheels/jetsonNano/ros2_ws/build/usb_cam' returned '0': CMAKE_PREFIX_PATH=/home/moad/ros2_ws/install/my_robot_controller:/home/moad/ros2_ws/install/manometer_detection:/opt/ros/humble /usr/bin/cmake --build /home/moad/VigiWheels/jetsonNano/ros2_ws/build/usb_cam -- -j12 -l12
[1.122s] DEBUG:colcon.colcon_core.event_handler.log_command:Invoked command in '/home/moad/VigiWheels/jetsonNano/ros2_ws/build/interfaces' returned '0': CMAKE_PREFIX_PATH=/home/moad/ros2_ws/install/my_robot_controller:/home/moad/ros2_ws/install/manometer_detection:/opt/ros/humble /usr/bin/cmake --build /home/moad/VigiWheels/jetsonNano/ros2_ws/build/interfaces -- -j12 -l12
[1.152s] DEBUG:colcon.colcon_core.event_handler.log_command:Invoking command in '/home/moad/VigiWheels/jetsonNano/ros2_ws/build/rplidar_ros': CMAKE_PREFIX_PATH=/home/moad/ros2_ws/install/my_robot_controller:/home/moad/ros2_ws/install/manometer_detection:/opt/ros/humble /usr/bin/cmake --install /home/moad/VigiWheels/jetsonNano/ros2_ws/build/rplidar_ros
[1.154s] DEBUG:colcon.colcon_core.event_handler.log_command:Invoking command in '/home/moad/VigiWheels/jetsonNano/ros2_ws/build/usb_cam': CMAKE_PREFIX_PATH=/home/moad/ros2_ws/install/my_robot_controller:/home/moad/ros2_ws/install/manometer_detection:/opt/ros/humble /usr/bin/cmake --install /home/moad/VigiWheels/jetsonNano/ros2_ws/build/usb_cam
[1.166s] Level 1:colcon.colcon_core.environment:create_environment_scripts_only(usb_cam)
[1.168s] DEBUG:colcon.colcon_core.event_handler.log_command:Invoked command in '/home/moad/VigiWheels/jetsonNano/ros2_ws/build/usb_cam' returned '0': CMAKE_PREFIX_PATH=/home/moad/ros2_ws/install/my_robot_controller:/home/moad/ros2_ws/install/manometer_detection:/opt/ros/humble /usr/bin/cmake --install /home/moad/VigiWheels/jetsonNano/ros2_ws/build/usb_cam
[1.188s] Level 1:colcon.colcon_core.environment:checking '/home/moad/VigiWheels/jetsonNano/ros2_ws/install/usb_cam' for CMake module files
[1.189s] Level 1:colcon.colcon_core.environment:checking '/home/moad/VigiWheels/jetsonNano/ros2_ws/install/usb_cam' for CMake config files
[1.189s] Level 1:colcon.colcon_core.shell:create_environment_hook('usb_cam', 'cmake_prefix_path')
[1.206s] INFO:colcon.colcon_core.shell:Creating environment hook '/home/moad/VigiWheels/jetsonNano/ros2_ws/install/usb_cam/share/usb_cam/hook/cmake_prefix_path.ps1'
[1.206s] INFO:colcon.colcon_core.shell:Creating environment descriptor '/home/moad/VigiWheels/jetsonNano/ros2_ws/install/usb_cam/share/usb_cam/hook/cmake_prefix_path.dsv'
[1.207s] INFO:colcon.colcon_core.shell:Creating environment hook '/home/moad/VigiWheels/jetsonNano/ros2_ws/install/usb_cam/share/usb_cam/hook/cmake_prefix_path.sh'
[1.207s] Level 1:colcon.colcon_core.environment:checking '/home/moad/VigiWheels/jetsonNano/ros2_ws/install/usb_cam/lib'
[1.207s] Level 1:colcon.colcon_core.shell:create_environment_hook('usb_cam', 'ld_library_path_lib')
[1.224s] INFO:colcon.colcon_core.shell:Creating environment hook '/home/moad/VigiWheels/jetsonNano/ros2_ws/install/usb_cam/share/usb_cam/hook/ld_library_path_lib.ps1'
[1.224s] INFO:colcon.colcon_core.shell:Creating environment descriptor '/home/moad/VigiWheels/jetsonNano/ros2_ws/install/usb_cam/share/usb_cam/hook/ld_library_path_lib.dsv'
[1.225s] INFO:colcon.colcon_core.shell:Creating environment hook '/home/moad/VigiWheels/jetsonNano/ros2_ws/install/usb_cam/share/usb_cam/hook/ld_library_path_lib.sh'
[1.225s] Level 1:colcon.colcon_core.environment:checking '/home/moad/VigiWheels/jetsonNano/ros2_ws/install/usb_cam/bin'
[1.225s] Level 1:colcon.colcon_core.environment:checking '/home/moad/VigiWheels/jetsonNano/ros2_ws/install/usb_cam/lib/pkgconfig/usb_cam.pc'
[1.225s] Level 1:colcon.colcon_core.environment:checking '/home/moad/VigiWheels/jetsonNano/ros2_ws/install/usb_cam/lib/python3.10/site-packages'
[1.226s] Level 1:colcon.colcon_core.environment:checking '/home/moad/VigiWheels/jetsonNano/ros2_ws/install/usb_cam/bin'
[1.237s] INFO:colcon.colcon_core.shell:Creating package script '/home/moad/VigiWheels/jetsonNano/ros2_ws/install/usb_cam/share/usb_cam/package.ps1'
[1.238s] INFO:colcon.colcon_core.shell:Creating package descriptor '/home/moad/VigiWheels/jetsonNano/ros2_ws/install/usb_cam/share/usb_cam/package.dsv'
[1.238s] INFO:colcon.colcon_core.shell:Creating package script '/home/moad/VigiWheels/jetsonNano/ros2_ws/install/usb_cam/share/usb_cam/package.sh'
[1.239s] INFO:colcon.colcon_core.shell:Creating package script '/home/moad/VigiWheels/jetsonNano/ros2_ws/install/usb_cam/share/usb_cam/package.bash'
[1.239s] INFO:colcon.colcon_core.shell:Creating package script '/home/moad/VigiWheels/jetsonNano/ros2_ws/install/usb_cam/share/usb_cam/package.zsh'
[1.239s] Level 1:colcon.colcon_core.environment:create_file_with_runtime_dependencies(/home/moad/VigiWheels/jetsonNano/ros2_ws/install/usb_cam/share/colcon-core/packages/usb_cam)
[1.240s] Level 1:colcon.colcon_core.environment:create_environment_scripts_only(rplidar_ros)
[1.241s] DEBUG:colcon.colcon_core.event_handler.log_command:Invoked command in '/home/moad/VigiWheels/jetsonNano/ros2_ws/build/rplidar_ros' returned '0': CMAKE_PREFIX_PATH=/home/moad/ros2_ws/install/my_robot_controller:/home/moad/ros2_ws/install/manometer_detection:/opt/ros/humble /usr/bin/cmake --install /home/moad/VigiWheels/jetsonNano/ros2_ws/build/rplidar_ros
[1.249s] Level 1:colcon.colcon_core.environment:checking '/home/moad/VigiWheels/jetsonNano/ros2_ws/install/rplidar_ros' for CMake module files
[1.249s] Level 1:colcon.colcon_core.environment:checking '/home/moad/VigiWheels/jetsonNano/ros2_ws/install/rplidar_ros' for CMake config files
[1.249s] Level 1:colcon.colcon_core.shell:create_environment_hook('rplidar_ros', 'cmake_prefix_path')
[1.256s] INFO:colcon.colcon_core.shell:Creating environment hook '/home/moad/VigiWheels/jetsonNano/ros2_ws/install/rplidar_ros/share/rplidar_ros/hook/cmake_prefix_path.ps1'
[1.257s] INFO:colcon.colcon_core.shell:Creating environment descriptor '/home/moad/VigiWheels/jetsonNano/ros2_ws/install/rplidar_ros/share/rplidar_ros/hook/cmake_prefix_path.dsv'
[1.257s] INFO:colcon.colcon_core.shell:Creating environment hook '/home/moad/VigiWheels/jetsonNano/ros2_ws/install/rplidar_ros/share/rplidar_ros/hook/cmake_prefix_path.sh'
[1.257s] Level 1:colcon.colcon_core.environment:checking '/home/moad/VigiWheels/jetsonNano/ros2_ws/install/rplidar_ros/lib'
[1.257s] Level 1:colcon.colcon_core.shell:create_environment_hook('rplidar_ros', 'ld_library_path_lib')
[1.264s] INFO:colcon.colcon_core.shell:Creating environment hook '/home/moad/VigiWheels/jetsonNano/ros2_ws/install/rplidar_ros/share/rplidar_ros/hook/ld_library_path_lib.ps1'
[1.265s] INFO:colcon.colcon_core.shell:Creating environment descriptor '/home/moad/VigiWheels/jetsonNano/ros2_ws/install/rplidar_ros/share/rplidar_ros/hook/ld_library_path_lib.dsv'
[1.265s] INFO:colcon.colcon_core.shell:Creating environment hook '/home/moad/VigiWheels/jetsonNano/ros2_ws/install/rplidar_ros/share/rplidar_ros/hook/ld_library_path_lib.sh'
[1.265s] Level 1:colcon.colcon_core.environment:checking '/home/moad/VigiWheels/jetsonNano/ros2_ws/install/rplidar_ros/bin'
[1.265s] Level 1:colcon.colcon_core.environment:checking '/home/moad/VigiWheels/jetsonNano/ros2_ws/install/rplidar_ros/lib/pkgconfig/rplidar_ros.pc'
[1.265s] Level 1:colcon.colcon_core.environment:checking '/home/moad/VigiWheels/jetsonNano/ros2_ws/install/rplidar_ros/lib/python3.10/site-packages'
[1.265s] Level 1:colcon.colcon_core.environment:checking '/home/moad/VigiWheels/jetsonNano/ros2_ws/install/rplidar_ros/bin'
[1.273s] INFO:colcon.colcon_core.shell:Creating package script '/home/moad/VigiWheels/jetsonNano/ros2_ws/install/rplidar_ros/share/rplidar_ros/package.ps1'
[1.273s] INFO:colcon.colcon_core.shell:Creating package descriptor '/home/moad/VigiWheels/jetsonNano/ros2_ws/install/rplidar_ros/share/rplidar_ros/package.dsv'
[1.274s] INFO:colcon.colcon_core.shell:Creating package script '/home/moad/VigiWheels/jetsonNano/ros2_ws/install/rplidar_ros/share/rplidar_ros/package.sh'
[1.274s] INFO:colcon.colcon_core.shell:Creating package script '/home/moad/VigiWheels/jetsonNano/ros2_ws/install/rplidar_ros/share/rplidar_ros/package.bash'
[1.274s] INFO:colcon.colcon_core.shell:Creating package script '/home/moad/VigiWheels/jetsonNano/ros2_ws/install/rplidar_ros/share/rplidar_ros/package.zsh'
[1.274s] Level 1:colcon.colcon_core.environment:create_file_with_runtime_dependencies(/home/moad/VigiWheels/jetsonNano/ros2_ws/install/rplidar_ros/share/colcon-core/packages/rplidar_ros)
[1.277s] DEBUG:colcon.colcon_core.event_handler.log_command:Invoking command in '/home/moad/VigiWheels/jetsonNano/ros2_ws/build/interfaces': CMAKE_PREFIX_PATH=/home/moad/ros2_ws/install/my_robot_controller:/home/moad/ros2_ws/install/manometer_detection:/opt/ros/humble /usr/bin/cmake --install /home/moad/VigiWheels/jetsonNano/ros2_ws/build/interfaces
[1.286s] Level 1:colcon.colcon_core.environment:create_environment_scripts_only(usb_cam)
[1.320s] Level 1:colcon.colcon_core.environment:checking '/home/moad/VigiWheels/jetsonNano/ros2_ws/install/usb_cam' for CMake module files
[1.323s] Level 1:colcon.colcon_core.environment:checking '/home/moad/VigiWheels/jetsonNano/ros2_ws/install/usb_cam' for CMake config files
[1.326s] Level 1:colcon.colcon_core.shell:create_environment_hook('usb_cam', 'cmake_prefix_path')
[1.336s] INFO:colcon.colcon_core.shell:Creating environment hook '/home/moad/VigiWheels/jetsonNano/ros2_ws/install/usb_cam/share/usb_cam/hook/cmake_prefix_path.ps1'
[1.336s] INFO:colcon.colcon_core.shell:Creating environment descriptor '/home/moad/VigiWheels/jetsonNano/ros2_ws/install/usb_cam/share/usb_cam/hook/cmake_prefix_path.dsv'
[1.336s] INFO:colcon.colcon_core.shell:Creating environment hook '/home/moad/VigiWheels/jetsonNano/ros2_ws/install/usb_cam/share/usb_cam/hook/cmake_prefix_path.sh'
[1.336s] Level 1:colcon.colcon_core.environment:checking '/home/moad/VigiWheels/jetsonNano/ros2_ws/install/usb_cam/lib'
[1.336s] Level 1:colcon.colcon_core.shell:create_environment_hook('usb_cam', 'ld_library_path_lib')
[1.343s] INFO:colcon.colcon_core.shell:Creating environment hook '/home/moad/VigiWheels/jetsonNano/ros2_ws/install/usb_cam/share/usb_cam/hook/ld_library_path_lib.ps1'
[1.344s] INFO:colcon.colcon_core.shell:Creating environment descriptor '/home/moad/VigiWheels/jetsonNano/ros2_ws/install/usb_cam/share/usb_cam/hook/ld_library_path_lib.dsv'
[1.344s] INFO:colcon.colcon_core.shell:Creating environment hook '/home/moad/VigiWheels/jetsonNano/ros2_ws/install/usb_cam/share/usb_cam/hook/ld_library_path_lib.sh'
[1.344s] Level 1:colcon.colcon_core.environment:checking '/home/moad/VigiWheels/jetsonNano/ros2_ws/install/usb_cam/bin'
[1.344s] Level 1:colcon.colcon_core.environment:checking '/home/moad/VigiWheels/jetsonNano/ros2_ws/install/usb_cam/lib/pkgconfig/usb_cam.pc'
[1.344s] Level 1:colcon.colcon_core.environment:checking '/home/moad/VigiWheels/jetsonNano/ros2_ws/install/usb_cam/lib/python3.10/site-packages'
[1.344s] Level 1:colcon.colcon_core.environment:checking '/home/moad/VigiWheels/jetsonNano/ros2_ws/install/usb_cam/bin'
[1.351s] INFO:colcon.colcon_core.shell:Creating package script '/home/moad/VigiWheels/jetsonNano/ros2_ws/install/usb_cam/share/usb_cam/package.ps1'
[1.352s] INFO:colcon.colcon_core.shell:Creating package descriptor '/home/moad/VigiWheels/jetsonNano/ros2_ws/install/usb_cam/share/usb_cam/package.dsv'
[1.352s] INFO:colcon.colcon_core.shell:Creating package script '/home/moad/VigiWheels/jetsonNano/ros2_ws/install/usb_cam/share/usb_cam/package.sh'
[1.352s] INFO:colcon.colcon_core.shell:Creating package script '/home/moad/VigiWheels/jetsonNano/ros2_ws/install/usb_cam/share/usb_cam/package.bash'
[1.353s] INFO:colcon.colcon_core.shell:Creating package script '/home/moad/VigiWheels/jetsonNano/ros2_ws/install/usb_cam/share/usb_cam/package.zsh'
[1.353s] Level 1:colcon.colcon_core.environment:create_file_with_runtime_dependencies(/home/moad/VigiWheels/jetsonNano/ros2_ws/install/usb_cam/share/colcon-core/packages/usb_cam)
[1.361s] Level 1:colcon.colcon_core.environment:create_environment_scripts_only(rplidar_ros)
[1.369s] Level 1:colcon.colcon_core.environment:checking '/home/moad/VigiWheels/jetsonNano/ros2_ws/install/rplidar_ros' for CMake module files
[1.369s] Level 1:colcon.colcon_core.environment:checking '/home/moad/VigiWheels/jetsonNano/ros2_ws/install/rplidar_ros' for CMake config files
[1.369s] Level 1:colcon.colcon_core.shell:create_environment_hook('rplidar_ros', 'cmake_prefix_path')
[1.376s] INFO:colcon.colcon_core.shell:Creating environment hook '/home/moad/VigiWheels/jetsonNano/ros2_ws/install/rplidar_ros/share/rplidar_ros/hook/cmake_prefix_path.ps1'
[1.377s] INFO:colcon.colcon_core.shell:Creating environment descriptor '/home/moad/VigiWheels/jetsonNano/ros2_ws/install/rplidar_ros/share/rplidar_ros/hook/cmake_prefix_path.dsv'
[1.377s] INFO:colcon.colcon_core.shell:Creating environment hook '/home/moad/VigiWheels/jetsonNano/ros2_ws/install/rplidar_ros/share/rplidar_ros/hook/cmake_prefix_path.sh'
[1.377s] Level 1:colcon.colcon_core.environment:checking '/home/moad/VigiWheels/jetsonNano/ros2_ws/install/rplidar_ros/lib'
[1.377s] Level 1:colcon.colcon_core.shell:create_environment_hook('rplidar_ros', 'ld_library_path_lib')
[1.385s] INFO:colcon.colcon_core.shell:Creating environment hook '/home/moad/VigiWheels/jetsonNano/ros2_ws/install/rplidar_ros/share/rplidar_ros/hook/ld_library_path_lib.ps1'
[1.385s] INFO:colcon.colcon_core.shell:Creating environment descriptor '/home/moad/VigiWheels/jetsonNano/ros2_ws/install/rplidar_ros/share/rplidar_ros/hook/ld_library_path_lib.dsv'
[1.385s] INFO:colcon.colcon_core.shell:Creating environment hook '/home/moad/VigiWheels/jetsonNano/ros2_ws/install/rplidar_ros/share/rplidar_ros/hook/ld_library_path_lib.sh'
[1.385s] Level 1:colcon.colcon_core.environment:checking '/home/moad/VigiWheels/jetsonNano/ros2_ws/install/rplidar_ros/bin'
[1.385s] Level 1:colcon.colcon_core.environment:checking '/home/moad/VigiWheels/jetsonNano/ros2_ws/install/rplidar_ros/lib/pkgconfig/rplidar_ros.pc'
[1.386s] Level 1:colcon.colcon_core.environment:checking '/home/moad/VigiWheels/jetsonNano/ros2_ws/install/rplidar_ros/lib/python3.10/site-packages'
[1.386s] Level 1:colcon.colcon_core.environment:checking '/home/moad/VigiWheels/jetsonNano/ros2_ws/install/rplidar_ros/bin'
[1.393s] INFO:colcon.colcon_core.shell:Creating package script '/home/moad/VigiWheels/jetsonNano/ros2_ws/install/rplidar_ros/share/rplidar_ros/package.ps1'
[1.393s] INFO:colcon.colcon_core.shell:Creating package descriptor '/home/moad/VigiWheels/jetsonNano/ros2_ws/install/rplidar_ros/share/rplidar_ros/package.dsv'
[1.393s] INFO:colcon.colcon_core.shell:Creating package script '/home/moad/VigiWheels/jetsonNano/ros2_ws/install/rplidar_ros/share/rplidar_ros/package.sh'
[1.394s] INFO:colcon.colcon_core.shell:Creating package script '/home/moad/VigiWheels/jetsonNano/ros2_ws/install/rplidar_ros/share/rplidar_ros/package.bash'
[1.394s] INFO:colcon.colcon_core.shell:Creating package script '/home/moad/VigiWheels/jetsonNano/ros2_ws/install/rplidar_ros/share/rplidar_ros/package.zsh'
[1.394s] Level 1:colcon.colcon_core.environment:create_file_with_runtime_dependencies(/home/moad/VigiWheels/jetsonNano/ros2_ws/install/rplidar_ros/share/colcon-core/packages/rplidar_ros)
[1.395s] INFO:colcon.colcon_ros.task.ament_cmake.build:Building ROS package in '/home/moad/VigiWheels/jetsonNano/ros2_ws/src/geicar_start_jetson' with build type 'ament_cmake'
[1.395s] INFO:colcon.colcon_cmake.task.cmake.build:Building CMake package in '/home/moad/VigiWheels/jetsonNano/ros2_ws/src/geicar_start_jetson'
[1.397s] DEBUG:colcon.colcon_core.event_handler.log_command:Invoking command in '/home/moad/VigiWheels/jetsonNano/ros2_ws/src/manometer_detection': PYTHONPATH=/home/moad/VigiWheels/jetsonNano/ros2_ws/build/manometer_detection/prefix_override:/home/moad/VigiWheels/jetsonNano/ros2_ws/install/manometer_detection/lib/python3.10/site-packages:${PYTHONPATH} /usr/bin/python3 setup.py egg_info --egg-base ../../build/manometer_detection build --build-base /home/moad/VigiWheels/jetsonNano/ros2_ws/build/manometer_detection/build install --record /home/moad/VigiWheels/jetsonNano/ros2_ws/build/manometer_detection/install.log --single-version-externally-managed
[1.404s] INFO:colcon.colcon_core.shell:Skip shell extension 'powershell' for command environment: Not usable outside of PowerShell
[1.404s] DEBUG:colcon.colcon_core.shell:Skip shell extension 'dsv' for command environment
[1.427s] Level 1:colcon.colcon_core.environment:create_environment_scripts_only(interfaces)
[1.428s] DEBUG:colcon.colcon_core.event_handler.log_command:Invoked command in '/home/moad/VigiWheels/jetsonNano/ros2_ws/build/interfaces' returned '0': CMAKE_PREFIX_PATH=/home/moad/ros2_ws/install/my_robot_controller:/home/moad/ros2_ws/install/manometer_detection:/opt/ros/humble /usr/bin/cmake --install /home/moad/VigiWheels/jetsonNano/ros2_ws/build/interfaces
[1.436s] Level 1:colcon.colcon_core.environment:checking '/home/moad/VigiWheels/jetsonNano/ros2_ws/install/interfaces' for CMake module files
[1.437s] Level 1:colcon.colcon_core.environment:checking '/home/moad/VigiWheels/jetsonNano/ros2_ws/install/interfaces' for CMake config files
[1.437s] Level 1:colcon.colcon_core.shell:create_environment_hook('interfaces', 'cmake_prefix_path')
[1.444s] INFO:colcon.colcon_core.shell:Creating environment hook '/home/moad/VigiWheels/jetsonNano/ros2_ws/install/interfaces/share/interfaces/hook/cmake_prefix_path.ps1'
[1.444s] INFO:colcon.colcon_core.shell:Creating environment descriptor '/home/moad/VigiWheels/jetsonNano/ros2_ws/install/interfaces/share/interfaces/hook/cmake_prefix_path.dsv'
[1.445s] INFO:colcon.colcon_core.shell:Creating environment hook '/home/moad/VigiWheels/jetsonNano/ros2_ws/install/interfaces/share/interfaces/hook/cmake_prefix_path.sh'
[1.445s] Level 1:colcon.colcon_core.environment:checking '/home/moad/VigiWheels/jetsonNano/ros2_ws/install/interfaces/lib'
[1.445s] Level 1:colcon.colcon_core.shell:create_environment_hook('interfaces', 'ld_library_path_lib')
[1.452s] INFO:colcon.colcon_core.shell:Creating environment hook '/home/moad/VigiWheels/jetsonNano/ros2_ws/install/interfaces/share/interfaces/hook/ld_library_path_lib.ps1'
[1.452s] INFO:colcon.colcon_core.shell:Creating environment descriptor '/home/moad/VigiWheels/jetsonNano/ros2_ws/install/interfaces/share/interfaces/hook/ld_library_path_lib.dsv'
[1.453s] INFO:colcon.colcon_core.shell:Creating environment hook '/home/moad/VigiWheels/jetsonNano/ros2_ws/install/interfaces/share/interfaces/hook/ld_library_path_lib.sh'
[1.453s] Level 1:colcon.colcon_core.environment:checking '/home/moad/VigiWheels/jetsonNano/ros2_ws/install/interfaces/bin'
[1.453s] Level 1:colcon.colcon_core.environment:checking '/home/moad/VigiWheels/jetsonNano/ros2_ws/install/interfaces/lib/pkgconfig/interfaces.pc'
[1.453s] Level 1:colcon.colcon_core.environment:checking '/home/moad/VigiWheels/jetsonNano/ros2_ws/install/interfaces/lib/python3.10/site-packages'
[1.453s] Level 1:colcon.colcon_core.environment:checking '/home/moad/VigiWheels/jetsonNano/ros2_ws/install/interfaces/bin'
[1.461s] INFO:colcon.colcon_core.shell:Creating package script '/home/moad/VigiWheels/jetsonNano/ros2_ws/install/interfaces/share/interfaces/package.ps1'
[1.461s] INFO:colcon.colcon_core.shell:Creating package descriptor '/home/moad/VigiWheels/jetsonNano/ros2_ws/install/interfaces/share/interfaces/package.dsv'
[1.461s] INFO:colcon.colcon_core.shell:Creating package script '/home/moad/VigiWheels/jetsonNano/ros2_ws/install/interfaces/share/interfaces/package.sh'
[1.462s] INFO:colcon.colcon_core.shell:Creating package script '/home/moad/VigiWheels/jetsonNano/ros2_ws/install/interfaces/share/interfaces/package.bash'
[1.462s] INFO:colcon.colcon_core.shell:Creating package script '/home/moad/VigiWheels/jetsonNano/ros2_ws/install/interfaces/share/interfaces/package.zsh'
[1.462s] Level 1:colcon.colcon_core.environment:create_file_with_runtime_dependencies(/home/moad/VigiWheels/jetsonNano/ros2_ws/install/interfaces/share/colcon-core/packages/interfaces)
[1.466s] DEBUG:colcon.colcon_core.event_handler.log_command:Invoking command in '/home/moad/VigiWheels/jetsonNano/ros2_ws/build/geicar_start_jetson': AMENT_PREFIX_PATH=/home/moad/VigiWheels/jetsonNano/ros2_ws/install/usb_cam:/home/moad/VigiWheels/jetsonNano/ros2_ws/install/rplidar_ros:${AMENT_PREFIX_PATH} CMAKE_PREFIX_PATH=/home/moad/VigiWheels/jetsonNano/ros2_ws/install/usb_cam:/home/moad/VigiWheels/jetsonNano/ros2_ws/install/rplidar_ros:/home/moad/ros2_ws/install/my_robot_controller:/home/moad/ros2_ws/install/manometer_detection:/opt/ros/humble LD_LIBRARY_PATH=/home/moad/VigiWheels/jetsonNano/ros2_ws/install/usb_cam/lib:/home/moad/VigiWheels/jetsonNano/ros2_ws/install/rplidar_ros/lib:${LD_LIBRARY_PATH} /usr/bin/cmake --build /home/moad/VigiWheels/jetsonNano/ros2_ws/build/geicar_start_jetson -- -j12 -l12
[1.495s] DEBUG:colcon.colcon_core.event_handler.log_command:Invoked command in '/home/moad/VigiWheels/jetsonNano/ros2_ws/build/geicar_start_jetson' returned '0': AMENT_PREFIX_PATH=/home/moad/VigiWheels/jetsonNano/ros2_ws/install/usb_cam:/home/moad/VigiWheels/jetsonNano/ros2_ws/install/rplidar_ros:${AMENT_PREFIX_PATH} CMAKE_PREFIX_PATH=/home/moad/VigiWheels/jetsonNano/ros2_ws/install/usb_cam:/home/moad/VigiWheels/jetsonNano/ros2_ws/install/rplidar_ros:/home/moad/ros2_ws/install/my_robot_controller:/home/moad/ros2_ws/install/manometer_detection:/opt/ros/humble LD_LIBRARY_PATH=/home/moad/VigiWheels/jetsonNano/ros2_ws/install/usb_cam/lib:/home/moad/VigiWheels/jetsonNano/ros2_ws/install/rplidar_ros/lib:${LD_LIBRARY_PATH} /usr/bin/cmake --build /home/moad/VigiWheels/jetsonNano/ros2_ws/build/geicar_start_jetson -- -j12 -l12
[1.511s] DEBUG:colcon.colcon_core.event_handler.log_command:Invoking command in '/home/moad/VigiWheels/jetsonNano/ros2_ws/build/geicar_start_jetson': AMENT_PREFIX_PATH=/home/moad/VigiWheels/jetsonNano/ros2_ws/install/usb_cam:/home/moad/VigiWheels/jetsonNano/ros2_ws/install/rplidar_ros:${AMENT_PREFIX_PATH} CMAKE_PREFIX_PATH=/home/moad/VigiWheels/jetsonNano/ros2_ws/install/usb_cam:/home/moad/VigiWheels/jetsonNano/ros2_ws/install/rplidar_ros:/home/moad/ros2_ws/install/my_robot_controller:/home/moad/ros2_ws/install/manometer_detection:/opt/ros/humble LD_LIBRARY_PATH=/home/moad/VigiWheels/jetsonNano/ros2_ws/install/usb_cam/lib:/home/moad/VigiWheels/jetsonNano/ros2_ws/install/rplidar_ros/lib:${LD_LIBRARY_PATH} /usr/bin/cmake --install /home/moad/VigiWheels/jetsonNano/ros2_ws/build/geicar_start_jetson
[1.522s] Level 1:colcon.colcon_core.environment:create_environment_scripts_only(geicar_start_jetson)
[1.522s] DEBUG:colcon.colcon_core.event_handler.log_command:Invoked command in '/home/moad/VigiWheels/jetsonNano/ros2_ws/build/geicar_start_jetson' returned '0': AMENT_PREFIX_PATH=/home/moad/VigiWheels/jetsonNano/ros2_ws/install/usb_cam:/home/moad/VigiWheels/jetsonNano/ros2_ws/install/rplidar_ros:${AMENT_PREFIX_PATH} CMAKE_PREFIX_PATH=/home/moad/VigiWheels/jetsonNano/ros2_ws/install/usb_cam:/home/moad/VigiWheels/jetsonNano/ros2_ws/install/rplidar_ros:/home/moad/ros2_ws/install/my_robot_controller:/home/moad/ros2_ws/install/manometer_detection:/opt/ros/humble LD_LIBRARY_PATH=/home/moad/VigiWheels/jetsonNano/ros2_ws/install/usb_cam/lib:/home/moad/VigiWheels/jetsonNano/ros2_ws/install/rplidar_ros/lib:${LD_LIBRARY_PATH} /usr/bin/cmake --install /home/moad/VigiWheels/jetsonNano/ros2_ws/build/geicar_start_jetson
[1.538s] Level 1:colcon.colcon_core.environment:checking '/home/moad/VigiWheels/jetsonNano/ros2_ws/install/geicar_start_jetson' for CMake module files
[1.539s] Level 1:colcon.colcon_core.environment:checking '/home/moad/VigiWheels/jetsonNano/ros2_ws/install/geicar_start_jetson' for CMake config files
[1.539s] Level 1:colcon.colcon_core.shell:create_environment_hook('geicar_start_jetson', 'cmake_prefix_path')
[1.553s] INFO:colcon.colcon_core.shell:Creating environment hook '/home/moad/VigiWheels/jetsonNano/ros2_ws/install/geicar_start_jetson/share/geicar_start_jetson/hook/cmake_prefix_path.ps1'
[1.554s] INFO:colcon.colcon_core.shell:Creating environment descriptor '/home/moad/VigiWheels/jetsonNano/ros2_ws/install/geicar_start_jetson/share/geicar_start_jetson/hook/cmake_prefix_path.dsv'
[1.554s] INFO:colcon.colcon_core.shell:Creating environment hook '/home/moad/VigiWheels/jetsonNano/ros2_ws/install/geicar_start_jetson/share/geicar_start_jetson/hook/cmake_prefix_path.sh'
[1.555s] Level 1:colcon.colcon_core.environment:checking '/home/moad/VigiWheels/jetsonNano/ros2_ws/install/geicar_start_jetson/bin'
[1.555s] Level 1:colcon.colcon_core.environment:checking '/home/moad/VigiWheels/jetsonNano/ros2_ws/install/geicar_start_jetson/lib/pkgconfig/geicar_start_jetson.pc'
[1.555s] Level 1:colcon.colcon_core.environment:checking '/home/moad/VigiWheels/jetsonNano/ros2_ws/install/geicar_start_jetson/lib/python3.10/site-packages'
[1.555s] Level 1:colcon.colcon_core.environment:checking '/home/moad/VigiWheels/jetsonNano/ros2_ws/install/geicar_start_jetson/bin'
[1.569s] INFO:colcon.colcon_core.shell:Creating package script '/home/moad/VigiWheels/jetsonNano/ros2_ws/install/geicar_start_jetson/share/geicar_start_jetson/package.ps1'
[1.569s] INFO:colcon.colcon_core.shell:Creating package descriptor '/home/moad/VigiWheels/jetsonNano/ros2_ws/install/geicar_start_jetson/share/geicar_start_jetson/package.dsv'
[1.570s] INFO:colcon.colcon_core.shell:Creating package script '/home/moad/VigiWheels/jetsonNano/ros2_ws/install/geicar_start_jetson/share/geicar_start_jetson/package.sh'
[1.570s] INFO:colcon.colcon_core.shell:Creating package script '/home/moad/VigiWheels/jetsonNano/ros2_ws/install/geicar_start_jetson/share/geicar_start_jetson/package.bash'
[1.570s] INFO:colcon.colcon_core.shell:Creating package script '/home/moad/VigiWheels/jetsonNano/ros2_ws/install/geicar_start_jetson/share/geicar_start_jetson/package.zsh'
[1.570s] Level 1:colcon.colcon_core.environment:create_file_with_runtime_dependencies(/home/moad/VigiWheels/jetsonNano/ros2_ws/install/geicar_start_jetson/share/colcon-core/packages/geicar_start_jetson)
[1.580s] Level 1:colcon.colcon_core.environment:create_environment_scripts_only(interfaces)
[1.587s] Level 1:colcon.colcon_core.environment:checking '/home/moad/VigiWheels/jetsonNano/ros2_ws/install/interfaces' for CMake module files
[1.588s] Level 1:colcon.colcon_core.environment:checking '/home/moad/VigiWheels/jetsonNano/ros2_ws/install/interfaces' for CMake config files
[1.588s] Level 1:colcon.colcon_core.shell:create_environment_hook('interfaces', 'cmake_prefix_path')
[1.595s] INFO:colcon.colcon_core.shell:Creating environment hook '/home/moad/VigiWheels/jetsonNano/ros2_ws/install/interfaces/share/interfaces/hook/cmake_prefix_path.ps1'
[1.596s] INFO:colcon.colcon_core.shell:Creating environment descriptor '/home/moad/VigiWheels/jetsonNano/ros2_ws/install/interfaces/share/interfaces/hook/cmake_prefix_path.dsv'
[1.596s] INFO:colcon.colcon_core.shell:Creating environment hook '/home/moad/VigiWheels/jetsonNano/ros2_ws/install/interfaces/share/interfaces/hook/cmake_prefix_path.sh'
[1.596s] Level 1:colcon.colcon_core.environment:checking '/home/moad/VigiWheels/jetsonNano/ros2_ws/install/interfaces/lib'
[1.596s] Level 1:colcon.colcon_core.shell:create_environment_hook('interfaces', 'ld_library_path_lib')
[1.603s] INFO:colcon.colcon_core.shell:Creating environment hook '/home/moad/VigiWheels/jetsonNano/ros2_ws/install/interfaces/share/interfaces/hook/ld_library_path_lib.ps1'
[1.604s] INFO:colcon.colcon_core.shell:Creating environment descriptor '/home/moad/VigiWheels/jetsonNano/ros2_ws/install/interfaces/share/interfaces/hook/ld_library_path_lib.dsv'
[1.604s] INFO:colcon.colcon_core.shell:Creating environment hook '/home/moad/VigiWheels/jetsonNano/ros2_ws/install/interfaces/share/interfaces/hook/ld_library_path_lib.sh'
[1.604s] Level 1:colcon.colcon_core.environment:checking '/home/moad/VigiWheels/jetsonNano/ros2_ws/install/interfaces/bin'
[1.604s] Level 1:colcon.colcon_core.environment:checking '/home/moad/VigiWheels/jetsonNano/ros2_ws/install/interfaces/lib/pkgconfig/interfaces.pc'
[1.604s] Level 1:colcon.colcon_core.environment:checking '/home/moad/VigiWheels/jetsonNano/ros2_ws/install/interfaces/lib/python3.10/site-packages'
[1.604s] Level 1:colcon.colcon_core.environment:checking '/home/moad/VigiWheels/jetsonNano/ros2_ws/install/interfaces/bin'
[1.612s] INFO:colcon.colcon_core.shell:Creating package script '/home/moad/VigiWheels/jetsonNano/ros2_ws/install/interfaces/share/interfaces/package.ps1'
[1.612s] INFO:colcon.colcon_core.shell:Creating package descriptor '/home/moad/VigiWheels/jetsonNano/ros2_ws/install/interfaces/share/interfaces/package.dsv'
[1.612s] INFO:colcon.colcon_core.shell:Creating package script '/home/moad/VigiWheels/jetsonNano/ros2_ws/install/interfaces/share/interfaces/package.sh'
[1.612s] INFO:colcon.colcon_core.shell:Creating package script '/home/moad/VigiWheels/jetsonNano/ros2_ws/install/interfaces/share/interfaces/package.bash'
[1.613s] INFO:colcon.colcon_core.shell:Creating package script '/home/moad/VigiWheels/jetsonNano/ros2_ws/install/interfaces/share/interfaces/package.zsh'
[1.613s] Level 1:colcon.colcon_core.environment:create_file_with_runtime_dependencies(/home/moad/VigiWheels/jetsonNano/ros2_ws/install/interfaces/share/colcon-core/packages/interfaces)
[1.613s] INFO:colcon.colcon_ros.task.ament_cmake.build:Building ROS package in '/home/moad/VigiWheels/jetsonNano/ros2_ws/src/system_check_ack' with build type 'ament_cmake'
[1.613s] INFO:colcon.colcon_cmake.task.cmake.build:Building CMake package in '/home/moad/VigiWheels/jetsonNano/ros2_ws/src/system_check_ack'
[1.621s] INFO:colcon.colcon_core.shell:Skip shell extension 'powershell' for command environment: Not usable outside of PowerShell
[1.621s] DEBUG:colcon.colcon_core.shell:Skip shell extension 'dsv' for command environment
[1.655s] Level 1:colcon.colcon_core.environment:create_environment_scripts_only(geicar_start_jetson)
[1.662s] Level 1:colcon.colcon_core.environment:checking '/home/moad/VigiWheels/jetsonNano/ros2_ws/install/geicar_start_jetson' for CMake module files
[1.663s] Level 1:colcon.colcon_core.environment:checking '/home/moad/VigiWheels/jetsonNano/ros2_ws/install/geicar_start_jetson' for CMake config files
[1.663s] Level 1:colcon.colcon_core.shell:create_environment_hook('geicar_start_jetson', 'cmake_prefix_path')
[1.670s] INFO:colcon.colcon_core.shell:Creating environment hook '/home/moad/VigiWheels/jetsonNano/ros2_ws/install/geicar_start_jetson/share/geicar_start_jetson/hook/cmake_prefix_path.ps1'
[1.670s] INFO:colcon.colcon_core.shell:Creating environment descriptor '/home/moad/VigiWheels/jetsonNano/ros2_ws/install/geicar_start_jetson/share/geicar_start_jetson/hook/cmake_prefix_path.dsv'
[1.671s] INFO:colcon.colcon_core.shell:Creating environment hook '/home/moad/VigiWheels/jetsonNano/ros2_ws/install/geicar_start_jetson/share/geicar_start_jetson/hook/cmake_prefix_path.sh'
[1.671s] Level 1:colcon.colcon_core.environment:checking '/home/moad/VigiWheels/jetsonNano/ros2_ws/install/geicar_start_jetson/bin'
[1.671s] Level 1:colcon.colcon_core.environment:checking '/home/moad/VigiWheels/jetsonNano/ros2_ws/install/geicar_start_jetson/lib/pkgconfig/geicar_start_jetson.pc'
[1.671s] Level 1:colcon.colcon_core.environment:checking '/home/moad/VigiWheels/jetsonNano/ros2_ws/install/geicar_start_jetson/lib/python3.10/site-packages'
[1.671s] Level 1:colcon.colcon_core.environment:checking '/home/moad/VigiWheels/jetsonNano/ros2_ws/install/geicar_start_jetson/bin'
[1.678s] INFO:colcon.colcon_core.shell:Creating package script '/home/moad/VigiWheels/jetsonNano/ros2_ws/install/geicar_start_jetson/share/geicar_start_jetson/package.ps1'
[1.679s] INFO:colcon.colcon_core.shell:Creating package descriptor '/home/moad/VigiWheels/jetsonNano/ros2_ws/install/geicar_start_jetson/share/geicar_start_jetson/package.dsv'
[1.679s] INFO:colcon.colcon_core.shell:Creating package script '/home/moad/VigiWheels/jetsonNano/ros2_ws/install/geicar_start_jetson/share/geicar_start_jetson/package.sh'
[1.679s] INFO:colcon.colcon_core.shell:Creating package script '/home/moad/VigiWheels/jetsonNano/ros2_ws/install/geicar_start_jetson/share/geicar_start_jetson/package.bash'
[1.679s] INFO:colcon.colcon_core.shell:Creating package script '/home/moad/VigiWheels/jetsonNano/ros2_ws/install/geicar_start_jetson/share/geicar_start_jetson/package.zsh'
[1.679s] Level 1:colcon.colcon_core.environment:create_file_with_runtime_dependencies(/home/moad/VigiWheels/jetsonNano/ros2_ws/install/geicar_start_jetson/share/colcon-core/packages/geicar_start_jetson)
[1.681s] DEBUG:colcon.colcon_core.event_handler.log_command:Invoked command in '/home/moad/VigiWheels/jetsonNano/ros2_ws/src/manometer_detection' returned '0': PYTHONPATH=/home/moad/VigiWheels/jetsonNano/ros2_ws/build/manometer_detection/prefix_override:/home/moad/VigiWheels/jetsonNano/ros2_ws/install/manometer_detection/lib/python3.10/site-packages:${PYTHONPATH} /usr/bin/python3 setup.py egg_info --egg-base ../../build/manometer_detection build --build-base /home/moad/VigiWheels/jetsonNano/ros2_ws/build/manometer_detection/build install --record /home/moad/VigiWheels/jetsonNano/ros2_ws/build/manometer_detection/install.log --single-version-externally-managed
[1.688s] Level 1:colcon.colcon_core.environment:checking '/home/moad/VigiWheels/jetsonNano/ros2_ws/install/manometer_detection' for CMake module files
[1.688s] Level 1:colcon.colcon_core.environment:checking '/home/moad/VigiWheels/jetsonNano/ros2_ws/install/manometer_detection' for CMake config files
[1.688s] Level 1:colcon.colcon_core.environment:checking '/home/moad/VigiWheels/jetsonNano/ros2_ws/install/manometer_detection/lib'
[1.688s] Level 1:colcon.colcon_core.environment:checking '/home/moad/VigiWheels/jetsonNano/ros2_ws/install/manometer_detection/bin'
[1.688s] Level 1:colcon.colcon_core.environment:checking '/home/moad/VigiWheels/jetsonNano/ros2_ws/install/manometer_detection/lib/pkgconfig/manometer_detection.pc'
[1.688s] Level 1:colcon.colcon_core.environment:checking '/home/moad/VigiWheels/jetsonNano/ros2_ws/install/manometer_detection/lib/python3.10/site-packages'
[1.688s] Level 1:colcon.colcon_core.shell:create_environment_hook('manometer_detection', 'pythonpath')
[1.695s] INFO:colcon.colcon_core.shell:Creating environment hook '/home/moad/VigiWheels/jetsonNano/ros2_ws/install/manometer_detection/share/manometer_detection/hook/pythonpath.ps1'
[1.696s] INFO:colcon.colcon_core.shell:Creating environment descriptor '/home/moad/VigiWheels/jetsonNano/ros2_ws/install/manometer_detection/share/manometer_detection/hook/pythonpath.dsv'
[1.696s] INFO:colcon.colcon_core.shell:Creating environment hook '/home/moad/VigiWheels/jetsonNano/ros2_ws/install/manometer_detection/share/manometer_detection/hook/pythonpath.sh'
[1.696s] Level 1:colcon.colcon_core.environment:checking '/home/moad/VigiWheels/jetsonNano/ros2_ws/install/manometer_detection/bin'
[1.696s] Level 1:colcon.colcon_core.environment:create_environment_scripts_only(manometer_detection)
[1.703s] INFO:colcon.colcon_core.shell:Creating package script '/home/moad/VigiWheels/jetsonNano/ros2_ws/install/manometer_detection/share/manometer_detection/package.ps1'
[1.704s] INFO:colcon.colcon_core.shell:Creating package descriptor '/home/moad/VigiWheels/jetsonNano/ros2_ws/install/manometer_detection/share/manometer_detection/package.dsv'
[1.704s] INFO:colcon.colcon_core.shell:Creating package script '/home/moad/VigiWheels/jetsonNano/ros2_ws/install/manometer_detection/share/manometer_detection/package.sh'
[1.704s] INFO:colcon.colcon_core.shell:Creating package script '/home/moad/VigiWheels/jetsonNano/ros2_ws/install/manometer_detection/share/manometer_detection/package.bash'
[1.704s] INFO:colcon.colcon_core.shell:Creating package script '/home/moad/VigiWheels/jetsonNano/ros2_ws/install/manometer_detection/share/manometer_detection/package.zsh'
[1.704s] Level 1:colcon.colcon_core.environment:create_file_with_runtime_dependencies(/home/moad/VigiWheels/jetsonNano/ros2_ws/install/manometer_detection/share/colcon-core/packages/manometer_detection)
[1.707s] DEBUG:colcon.colcon_core.event_handler.log_command:Invoking command in '/home/moad/VigiWheels/jetsonNano/ros2_ws/build/system_check_ack': AMENT_PREFIX_PATH=/home/moad/VigiWheels/jetsonNano/ros2_ws/install/interfaces:${AMENT_PREFIX_PATH} CMAKE_PREFIX_PATH=/home/moad/VigiWheels/jetsonNano/ros2_ws/install/interfaces:/home/moad/ros2_ws/install/my_robot_controller:/home/moad/ros2_ws/install/manometer_detection:/opt/ros/humble LD_LIBRARY_PATH=/home/moad/VigiWheels/jetsonNano/ros2_ws/install/interfaces/lib:${LD_LIBRARY_PATH} PYTHONPATH=/home/moad/VigiWheels/jetsonNano/ros2_ws/install/interfaces/local/lib/python3.10/dist-packages:${PYTHONPATH} /usr/bin/cmake --build /home/moad/VigiWheels/jetsonNano/ros2_ws/build/system_check_ack -- -j12 -l12
[1.749s] DEBUG:colcon.colcon_core.event_handler.log_command:Invoked command in '/home/moad/VigiWheels/jetsonNano/ros2_ws/build/system_check_ack' returned '0': AMENT_PREFIX_PATH=/home/moad/VigiWheels/jetsonNano/ros2_ws/install/interfaces:${AMENT_PREFIX_PATH} CMAKE_PREFIX_PATH=/home/moad/VigiWheels/jetsonNano/ros2_ws/install/interfaces:/home/moad/ros2_ws/install/my_robot_controller:/home/moad/ros2_ws/install/manometer_detection:/opt/ros/humble LD_LIBRARY_PATH=/home/moad/VigiWheels/jetsonNano/ros2_ws/install/interfaces/lib:${LD_LIBRARY_PATH} PYTHONPATH=/home/moad/VigiWheels/jetsonNano/ros2_ws/install/interfaces/local/lib/python3.10/dist-packages:${PYTHONPATH} /usr/bin/cmake --build /home/moad/VigiWheels/jetsonNano/ros2_ws/build/system_check_ack -- -j12 -l12
[1.764s] DEBUG:colcon.colcon_core.event_handler.log_command:Invoking command in '/home/moad/VigiWheels/jetsonNano/ros2_ws/build/system_check_ack': AMENT_PREFIX_PATH=/home/moad/VigiWheels/jetsonNano/ros2_ws/install/interfaces:${AMENT_PREFIX_PATH} CMAKE_PREFIX_PATH=/home/moad/VigiWheels/jetsonNano/ros2_ws/install/interfaces:/home/moad/ros2_ws/install/my_robot_controller:/home/moad/ros2_ws/install/manometer_detection:/opt/ros/humble LD_LIBRARY_PATH=/home/moad/VigiWheels/jetsonNano/ros2_ws/install/interfaces/lib:${LD_LIBRARY_PATH} PYTHONPATH=/home/moad/VigiWheels/jetsonNano/ros2_ws/install/interfaces/local/lib/python3.10/dist-packages:${PYTHONPATH} /usr/bin/cmake --install /home/moad/VigiWheels/jetsonNano/ros2_ws/build/system_check_ack
[1.770s] Level 1:colcon.colcon_core.environment:create_environment_scripts_only(system_check_ack)
[1.771s] DEBUG:colcon.colcon_core.event_handler.log_command:Invoked command in '/home/moad/VigiWheels/jetsonNano/ros2_ws/build/system_check_ack' returned '0': AMENT_PREFIX_PATH=/home/moad/VigiWheels/jetsonNano/ros2_ws/install/interfaces:${AMENT_PREFIX_PATH} CMAKE_PREFIX_PATH=/home/moad/VigiWheels/jetsonNano/ros2_ws/install/interfaces:/home/moad/ros2_ws/install/my_robot_controller:/home/moad/ros2_ws/install/manometer_detection:/opt/ros/humble LD_LIBRARY_PATH=/home/moad/VigiWheels/jetsonNano/ros2_ws/install/interfaces/lib:${LD_LIBRARY_PATH} PYTHONPATH=/home/moad/VigiWheels/jetsonNano/ros2_ws/install/interfaces/local/lib/python3.10/dist-packages:${PYTHONPATH} /usr/bin/cmake --install /home/moad/VigiWheels/jetsonNano/ros2_ws/build/system_check_ack
[1.783s] Level 1:colcon.colcon_core.environment:checking '/home/moad/VigiWheels/jetsonNano/ros2_ws/install/system_check_ack' for CMake module files
[1.783s] Level 1:colcon.colcon_core.environment:checking '/home/moad/VigiWheels/jetsonNano/ros2_ws/install/system_check_ack' for CMake config files
[1.783s] Level 1:colcon.colcon_core.shell:create_environment_hook('system_check_ack', 'cmake_prefix_path')
[1.790s] INFO:colcon.colcon_core.shell:Creating environment hook '/home/moad/VigiWheels/jetsonNano/ros2_ws/install/system_check_ack/share/system_check_ack/hook/cmake_prefix_path.ps1'
[1.791s] INFO:colcon.colcon_core.shell:Creating environment descriptor '/home/moad/VigiWheels/jetsonNano/ros2_ws/install/system_check_ack/share/system_check_ack/hook/cmake_prefix_path.dsv'
[1.791s] INFO:colcon.colcon_core.shell:Creating environment hook '/home/moad/VigiWheels/jetsonNano/ros2_ws/install/system_check_ack/share/system_check_ack/hook/cmake_prefix_path.sh'
[1.791s] Level 1:colcon.colcon_core.environment:checking '/home/moad/VigiWheels/jetsonNano/ros2_ws/install/system_check_ack/lib'
[1.791s] Level 1:colcon.colcon_core.environment:checking '/home/moad/VigiWheels/jetsonNano/ros2_ws/install/system_check_ack/bin'
[1.791s] Level 1:colcon.colcon_core.environment:checking '/home/moad/VigiWheels/jetsonNano/ros2_ws/install/system_check_ack/lib/pkgconfig/system_check_ack.pc'
[1.791s] Level 1:colcon.colcon_core.environment:checking '/home/moad/VigiWheels/jetsonNano/ros2_ws/install/system_check_ack/lib/python3.10/site-packages'
[1.792s] Level 1:colcon.colcon_core.environment:checking '/home/moad/VigiWheels/jetsonNano/ros2_ws/install/system_check_ack/bin'
[1.799s] INFO:colcon.colcon_core.shell:Creating package script '/home/moad/VigiWheels/jetsonNano/ros2_ws/install/system_check_ack/share/system_check_ack/package.ps1'
[1.799s] INFO:colcon.colcon_core.shell:Creating package descriptor '/home/moad/VigiWheels/jetsonNano/ros2_ws/install/system_check_ack/share/system_check_ack/package.dsv'
[1.799s] INFO:colcon.colcon_core.shell:Creating package script '/home/moad/VigiWheels/jetsonNano/ros2_ws/install/system_check_ack/share/system_check_ack/package.sh'
[1.799s] INFO:colcon.colcon_core.shell:Creating package script '/home/moad/VigiWheels/jetsonNano/ros2_ws/install/system_check_ack/share/system_check_ack/package.bash'
[1.799s] INFO:colcon.colcon_core.shell:Creating package script '/home/moad/VigiWheels/jetsonNano/ros2_ws/install/system_check_ack/share/system_check_ack/package.zsh'
[1.799s] Level 1:colcon.colcon_core.environment:create_file_with_runtime_dependencies(/home/moad/VigiWheels/jetsonNano/ros2_ws/install/system_check_ack/share/colcon-core/packages/system_check_ack)
[1.820s] Level 1:colcon.colcon_core.environment:create_environment_scripts_only(system_check_ack)
[1.828s] Level 1:colcon.colcon_core.environment:checking '/home/moad/VigiWheels/jetsonNano/ros2_ws/install/system_check_ack' for CMake module files
[1.828s] Level 1:colcon.colcon_core.environment:checking '/home/moad/VigiWheels/jetsonNano/ros2_ws/install/system_check_ack' for CMake config files
[1.828s] Level 1:colcon.colcon_core.shell:create_environment_hook('system_check_ack', 'cmake_prefix_path')
[1.835s] INFO:colcon.colcon_core.shell:Creating environment hook '/home/moad/VigiWheels/jetsonNano/ros2_ws/install/system_check_ack/share/system_check_ack/hook/cmake_prefix_path.ps1'
[1.835s] INFO:colcon.colcon_core.shell:Creating environment descriptor '/home/moad/VigiWheels/jetsonNano/ros2_ws/install/system_check_ack/share/system_check_ack/hook/cmake_prefix_path.dsv'
[1.836s] INFO:colcon.colcon_core.shell:Creating environment hook '/home/moad/VigiWheels/jetsonNano/ros2_ws/install/system_check_ack/share/system_check_ack/hook/cmake_prefix_path.sh'
[1.836s] Level 1:colcon.colcon_core.environment:checking '/home/moad/VigiWheels/jetsonNano/ros2_ws/install/system_check_ack/lib'
[1.836s] Level 1:colcon.colcon_core.environment:checking '/home/moad/VigiWheels/jetsonNano/ros2_ws/install/system_check_ack/bin'
[1.836s] Level 1:colcon.colcon_core.environment:checking '/home/moad/VigiWheels/jetsonNano/ros2_ws/install/system_check_ack/lib/pkgconfig/system_check_ack.pc'
[1.836s] Level 1:colcon.colcon_core.environment:checking '/home/moad/VigiWheels/jetsonNano/ros2_ws/install/system_check_ack/lib/python3.10/site-packages'
[1.836s] Level 1:colcon.colcon_core.environment:checking '/home/moad/VigiWheels/jetsonNano/ros2_ws/install/system_check_ack/bin'
[1.844s] INFO:colcon.colcon_core.shell:Creating package script '/home/moad/VigiWheels/jetsonNano/ros2_ws/install/system_check_ack/share/system_check_ack/package.ps1'
[1.844s] INFO:colcon.colcon_core.shell:Creating package descriptor '/home/moad/VigiWheels/jetsonNano/ros2_ws/install/system_check_ack/share/system_check_ack/package.dsv'
[1.844s] INFO:colcon.colcon_core.shell:Creating package script '/home/moad/VigiWheels/jetsonNano/ros2_ws/install/system_check_ack/share/system_check_ack/package.sh'
[1.844s] INFO:colcon.colcon_core.shell:Creating package script '/home/moad/VigiWheels/jetsonNano/ros2_ws/install/system_check_ack/share/system_check_ack/package.bash'
[1.845s] INFO:colcon.colcon_core.shell:Creating package script '/home/moad/VigiWheels/jetsonNano/ros2_ws/install/system_check_ack/share/system_check_ack/package.zsh'
[1.845s] Level 1:colcon.colcon_core.environment:create_file_with_runtime_dependencies(/home/moad/VigiWheels/jetsonNano/ros2_ws/install/system_check_ack/share/colcon-core/packages/system_check_ack)
[1.845s] DEBUG:colcon.colcon_parallel_executor.executor.parallel:closing loop
[1.845s] DEBUG:colcon.colcon_parallel_executor.executor.parallel:loop closed
[1.845s] DEBUG:colcon.colcon_parallel_executor.executor.parallel:run_until_complete finished with '0'
[1.845s] DEBUG:colcon.colcon_core.event_reactor:joining thread
[1.858s] INFO:colcon.colcon_core.plugin_system:Skipping extension 'colcon_notification.desktop_notification.terminal_notifier': Not used on non-Darwin systems
[1.858s] INFO:colcon.colcon_core.plugin_system:Skipping extension 'colcon_notification.desktop_notification.win32': Not used on non-Windows systems
[1.858s] INFO:colcon.colcon_notification.desktop_notification:Sending desktop notification using 'notify2'
[1.867s] DEBUG:colcon.colcon_core.event_reactor:joined thread
[1.874s] INFO:colcon.colcon_core.shell:Creating prefix script '/home/moad/VigiWheels/jetsonNano/ros2_ws/install/local_setup.ps1'
[1.875s] INFO:colcon.colcon_core.shell:Creating prefix util module '/home/moad/VigiWheels/jetsonNano/ros2_ws/install/_local_setup_util_ps1.py'
[1.876s] INFO:colcon.colcon_core.shell:Creating prefix chain script '/home/moad/VigiWheels/jetsonNano/ros2_ws/install/setup.ps1'
[1.884s] INFO:colcon.colcon_core.shell:Creating prefix script '/home/moad/VigiWheels/jetsonNano/ros2_ws/install/local_setup.sh'
[1.884s] INFO:colcon.colcon_core.shell:Creating prefix util module '/home/moad/VigiWheels/jetsonNano/ros2_ws/install/_local_setup_util_sh.py'
[1.884s] INFO:colcon.colcon_core.shell:Creating prefix chain script '/home/moad/VigiWheels/jetsonNano/ros2_ws/install/setup.sh'
[1.892s] INFO:colcon.colcon_core.shell:Creating prefix script '/home/moad/VigiWheels/jetsonNano/ros2_ws/install/local_setup.bash'
[1.892s] INFO:colcon.colcon_core.shell:Creating prefix chain script '/home/moad/VigiWheels/jetsonNano/ros2_ws/install/setup.bash'
[1.900s] INFO:colcon.colcon_core.shell:Creating prefix script '/home/moad/VigiWheels/jetsonNano/ros2_ws/install/local_setup.zsh'
[1.900s] INFO:colcon.colcon_core.shell:Creating prefix chain script '/home/moad/VigiWheels/jetsonNano/ros2_ws/install/setup.zsh'
