[0.145s] Invoking command in '/home/insa/Desktop/VigiWheels2.0/raspberryPI3/ros2_ws/build/carla_msgs': CMAKE_PREFIX_PATH=${CMAKE_PREFIX_PATH}:/opt/ros/humble /usr/bin/cmake --build /home/insa/Desktop/VigiWheels2.0/raspberryPI3/ros2_ws/build/carla_msgs -- -j8 -l8
[0.196s] [  3%] Built target carla_msgs__cpp
[0.200s] [ 12%] Built target carla_msgs__rosidl_generator_c
[0.210s] [ 12%] Built target ament_cmake_python_copy_carla_msgs
[0.227s] [ 22%] Built target carla_msgs__rosidl_typesupport_cpp
[0.228s] [ 32%] Built target carla_msgs__rosidl_typesupport_fastrtps_cpp
[0.236s] [ 41%] Built target carla_msgs__rosidl_typesupport_c
[0.237s] [ 51%] Built target carla_msgs__rosidl_typesupport_fastrtps_c
[0.248s] [ 61%] Built target carla_msgs__rosidl_typesupport_introspection_cpp
[0.248s] [ 70%] Built target carla_msgs__rosidl_typesupport_introspection_c
[0.273s] [ 70%] Built target carla_msgs
[0.297s] [ 74%] Built target carla_msgs__py
[0.321s] [ 80%] Built target carla_msgs__rosidl_generator_py
[0.345s] [ 87%] Built target carla_msgs__rosidl_typesupport_c__pyext
[0.346s] [ 93%] Built target carla_msgs__rosidl_typesupport_fastrtps_c__pyext
[0.346s] [100%] Built target carla_msgs__rosidl_typesupport_introspection_c__pyext
[0.457s] running egg_info
[0.457s] writing carla_msgs.egg-info/PKG-INFO
[0.457s] writing dependency_links to carla_msgs.egg-info/dependency_links.txt
[0.457s] writing top-level names to carla_msgs.egg-info/top_level.txt
[0.459s] reading manifest file 'carla_msgs.egg-info/SOURCES.txt'
[0.459s] writing manifest file 'carla_msgs.egg-info/SOURCES.txt'
[0.478s] [100%] Built target ament_cmake_python_build_carla_msgs_egg
