[0.562s] DEBUG:colcon:Command line arguments: ['/usr/bin/colcon', 'build']
[0.562s] DEBUG:colcon:Parsed command line arguments: Namespace(log_base=None, log_level=None, verb_name='build', build_base='build', install_base='install', merge_install=False, symlink_install=False, test_result_base=None, continue_on_error=False, executor='parallel', parallel_workers=12, event_handlers=None, ignore_user_meta=False, metas=['./colcon.meta'], base_paths=['.'], packages_ignore=None, packages_ignore_regex=None, paths=None, packages_up_to=None, packages_up_to_regex=None, packages_above=None, packages_above_and_dependencies=None, packages_above_depth=None, packages_select_by_dep=None, packages_skip_by_dep=None, packages_skip_up_to=None, packages_select_build_failed=False, packages_skip_build_finished=False, packages_select_test_failures=False, packages_skip_test_passed=False, packages_select=None, packages_skip=None, packages_select_regex=None, packages_skip_regex=None, packages_start=None, packages_end=None, allow_overriding=[], cmake_args=None, cmake_target=None, cmake_target_skip_unavailable=False, cmake_clean_cache=False, cmake_clean_first=False, cmake_force_configure=False, ament_cmake_args=None, catkin_cmake_args=None, catkin_skip_building_tests=False, verb_parser=<colcon_defaults.argument_parser.defaults.DefaultArgumentsDecorator object at 0x7f8d130f5db0>, verb_extension=<colcon_core.verb.build.BuildVerb object at 0x7f8d1334d300>, main=<bound method BuildVerb.main of <colcon_core.verb.build.BuildVerb object at 0x7f8d1334d300>>)
[0.589s] Level 1:colcon.colcon_core.package_discovery:discover_packages(colcon_meta) check parameters
[0.589s] Level 1:colcon.colcon_core.package_discovery:discover_packages(recursive) check parameters
[0.589s] Level 1:colcon.colcon_core.package_discovery:discover_packages(ignore) check parameters
[0.589s] Level 1:colcon.colcon_core.package_discovery:discover_packages(path) check parameters
[0.589s] Level 1:colcon.colcon_core.package_discovery:discover_packages(colcon_meta) discover
[0.589s] Level 1:colcon.colcon_core.package_discovery:discover_packages(recursive) discover
[0.589s] INFO:colcon.colcon_core.package_discovery:Crawling recursively for packages in '/home/moad/VigiWheels/jetsonNano/ros2_ws'
[0.589s] Level 1:colcon.colcon_core.package_identification:_identify(.) by extensions ['ignore', 'ignore_ament_install']
[0.589s] Level 1:colcon.colcon_core.package_identification:_identify(.) by extension 'ignore'
[0.589s] Level 1:colcon.colcon_core.package_identification:_identify(.) by extension 'ignore_ament_install'
[0.589s] Level 1:colcon.colcon_core.package_identification:_identify(.) by extensions ['colcon_pkg']
[0.589s] Level 1:colcon.colcon_core.package_identification:_identify(.) by extension 'colcon_pkg'
[0.589s] Level 1:colcon.colcon_core.package_identification:_identify(.) by extensions ['colcon_meta']
[0.589s] Level 1:colcon.colcon_core.package_identification:_identify(.) by extension 'colcon_meta'
[0.589s] Level 1:colcon.colcon_core.package_identification:_identify(.) by extensions ['ros']
[0.590s] Level 1:colcon.colcon_core.package_identification:_identify(.) by extension 'ros'
[0.597s] Level 1:colcon.colcon_core.package_identification:_identify(.) by extensions ['cmake', 'python']
[0.597s] Level 1:colcon.colcon_core.package_identification:_identify(.) by extension 'cmake'
[0.597s] Level 1:colcon.colcon_core.package_identification:_identify(.) by extension 'python'
[0.597s] Level 1:colcon.colcon_core.package_identification:_identify(.) by extensions ['python_setup_py']
[0.597s] Level 1:colcon.colcon_core.package_identification:_identify(.) by extension 'python_setup_py'
[0.597s] Level 1:colcon.colcon_core.package_identification:_identify(build) by extensions ['ignore', 'ignore_ament_install']
[0.598s] Level 1:colcon.colcon_core.package_identification:_identify(build) by extension 'ignore'
[0.598s] Level 1:colcon.colcon_core.package_identification:_identify(build) ignored
[0.598s] Level 1:colcon.colcon_core.package_identification:_identify(install) by extensions ['ignore', 'ignore_ament_install']
[0.598s] Level 1:colcon.colcon_core.package_identification:_identify(install) by extension 'ignore'
[0.598s] Level 1:colcon.colcon_core.package_identification:_identify(install) ignored
[0.598s] Level 1:colcon.colcon_core.package_identification:_identify(log) by extensions ['ignore', 'ignore_ament_install']
[0.598s] Level 1:colcon.colcon_core.package_identification:_identify(log) by extension 'ignore'
[0.598s] Level 1:colcon.colcon_core.package_identification:_identify(log) ignored
[0.598s] Level 1:colcon.colcon_core.package_identification:_identify(src) by extensions ['ignore', 'ignore_ament_install']
[0.598s] Level 1:colcon.colcon_core.package_identification:_identify(src) by extension 'ignore'
[0.598s] Level 1:colcon.colcon_core.package_identification:_identify(src) by extension 'ignore_ament_install'
[0.598s] Level 1:colcon.colcon_core.package_identification:_identify(src) by extensions ['colcon_pkg']
[0.598s] Level 1:colcon.colcon_core.package_identification:_identify(src) by extension 'colcon_pkg'
[0.598s] Level 1:colcon.colcon_core.package_identification:_identify(src) by extensions ['colcon_meta']
[0.598s] Level 1:colcon.colcon_core.package_identification:_identify(src) by extension 'colcon_meta'
[0.598s] Level 1:colcon.colcon_core.package_identification:_identify(src) by extensions ['ros']
[0.598s] Level 1:colcon.colcon_core.package_identification:_identify(src) by extension 'ros'
[0.598s] Level 1:colcon.colcon_core.package_identification:_identify(src) by extensions ['cmake', 'python']
[0.598s] Level 1:colcon.colcon_core.package_identification:_identify(src) by extension 'cmake'
[0.598s] Level 1:colcon.colcon_core.package_identification:_identify(src) by extension 'python'
[0.598s] Level 1:colcon.colcon_core.package_identification:_identify(src) by extensions ['python_setup_py']
[0.598s] Level 1:colcon.colcon_core.package_identification:_identify(src) by extension 'python_setup_py'
[0.598s] Level 1:colcon.colcon_core.package_identification:_identify(src/build) by extensions ['ignore', 'ignore_ament_install']
[0.598s] Level 1:colcon.colcon_core.package_identification:_identify(src/build) by extension 'ignore'
[0.598s] Level 1:colcon.colcon_core.package_identification:_identify(src/build) ignored
[0.598s] Level 1:colcon.colcon_core.package_identification:_identify(src/geicar_start_jetson) by extensions ['ignore', 'ignore_ament_install']
[0.598s] Level 1:colcon.colcon_core.package_identification:_identify(src/geicar_start_jetson) by extension 'ignore'
[0.598s] Level 1:colcon.colcon_core.package_identification:_identify(src/geicar_start_jetson) by extension 'ignore_ament_install'
[0.598s] Level 1:colcon.colcon_core.package_identification:_identify(src/geicar_start_jetson) by extensions ['colcon_pkg']
[0.598s] Level 1:colcon.colcon_core.package_identification:_identify(src/geicar_start_jetson) by extension 'colcon_pkg'
[0.598s] Level 1:colcon.colcon_core.package_identification:_identify(src/geicar_start_jetson) by extensions ['colcon_meta']
[0.598s] Level 1:colcon.colcon_core.package_identification:_identify(src/geicar_start_jetson) by extension 'colcon_meta'
[0.599s] Level 1:colcon.colcon_core.package_identification:_identify(src/geicar_start_jetson) by extensions ['ros']
[0.599s] Level 1:colcon.colcon_core.package_identification:_identify(src/geicar_start_jetson) by extension 'ros'
[0.600s] DEBUG:colcon.colcon_core.package_identification:Package 'src/geicar_start_jetson' with type 'ros.ament_cmake' and name 'geicar_start_jetson'
[0.600s] Level 1:colcon.colcon_core.package_identification:_identify(src/install) by extensions ['ignore', 'ignore_ament_install']
[0.600s] Level 1:colcon.colcon_core.package_identification:_identify(src/install) by extension 'ignore'
[0.600s] Level 1:colcon.colcon_core.package_identification:_identify(src/install) ignored
[0.600s] Level 1:colcon.colcon_core.package_identification:_identify(src/interfaces) by extensions ['ignore', 'ignore_ament_install']
[0.600s] Level 1:colcon.colcon_core.package_identification:_identify(src/interfaces) by extension 'ignore'
[0.601s] Level 1:colcon.colcon_core.package_identification:_identify(src/interfaces) by extension 'ignore_ament_install'
[0.601s] Level 1:colcon.colcon_core.package_identification:_identify(src/interfaces) by extensions ['colcon_pkg']
[0.601s] Level 1:colcon.colcon_core.package_identification:_identify(src/interfaces) by extension 'colcon_pkg'
[0.601s] Level 1:colcon.colcon_core.package_identification:_identify(src/interfaces) by extensions ['colcon_meta']
[0.601s] Level 1:colcon.colcon_core.package_identification:_identify(src/interfaces) by extension 'colcon_meta'
[0.601s] Level 1:colcon.colcon_core.package_identification:_identify(src/interfaces) by extensions ['ros']
[0.601s] Level 1:colcon.colcon_core.package_identification:_identify(src/interfaces) by extension 'ros'
[0.601s] DEBUG:colcon.colcon_core.package_identification:Package 'src/interfaces' with type 'ros.ament_cmake' and name 'interfaces'
[0.601s] Level 1:colcon.colcon_core.package_identification:_identify(src/log) by extensions ['ignore', 'ignore_ament_install']
[0.601s] Level 1:colcon.colcon_core.package_identification:_identify(src/log) by extension 'ignore'
[0.601s] Level 1:colcon.colcon_core.package_identification:_identify(src/log) ignored
[0.601s] Level 1:colcon.colcon_core.package_identification:_identify(src/manometer_detection) by extensions ['ignore', 'ignore_ament_install']
[0.601s] Level 1:colcon.colcon_core.package_identification:_identify(src/manometer_detection) by extension 'ignore'
[0.601s] Level 1:colcon.colcon_core.package_identification:_identify(src/manometer_detection) by extension 'ignore_ament_install'
[0.601s] Level 1:colcon.colcon_core.package_identification:_identify(src/manometer_detection) by extensions ['colcon_pkg']
[0.601s] Level 1:colcon.colcon_core.package_identification:_identify(src/manometer_detection) by extension 'colcon_pkg'
[0.601s] Level 1:colcon.colcon_core.package_identification:_identify(src/manometer_detection) by extensions ['colcon_meta']
[0.601s] Level 1:colcon.colcon_core.package_identification:_identify(src/manometer_detection) by extension 'colcon_meta'
[0.601s] Level 1:colcon.colcon_core.package_identification:_identify(src/manometer_detection) by extensions ['ros']
[0.602s] Level 1:colcon.colcon_core.package_identification:_identify(src/manometer_detection) by extension 'ros'
[0.602s] DEBUG:colcon.colcon_core.package_identification:Package 'src/manometer_detection' with type 'ros.ament_python' and name 'manometer_detection'
[0.602s] Level 1:colcon.colcon_core.package_identification:_identify(src/rplidar_ros2) by extensions ['ignore', 'ignore_ament_install']
[0.602s] Level 1:colcon.colcon_core.package_identification:_identify(src/rplidar_ros2) by extension 'ignore'
[0.602s] Level 1:colcon.colcon_core.package_identification:_identify(src/rplidar_ros2) by extension 'ignore_ament_install'
[0.602s] Level 1:colcon.colcon_core.package_identification:_identify(src/rplidar_ros2) by extensions ['colcon_pkg']
[0.602s] Level 1:colcon.colcon_core.package_identification:_identify(src/rplidar_ros2) by extension 'colcon_pkg'
[0.602s] Level 1:colcon.colcon_core.package_identification:_identify(src/rplidar_ros2) by extensions ['colcon_meta']
[0.602s] Level 1:colcon.colcon_core.package_identification:_identify(src/rplidar_ros2) by extension 'colcon_meta'
[0.602s] Level 1:colcon.colcon_core.package_identification:_identify(src/rplidar_ros2) by extensions ['ros']
[0.602s] Level 1:colcon.colcon_core.package_identification:_identify(src/rplidar_ros2) by extension 'ros'
[0.603s] DEBUG:colcon.colcon_core.package_identification:Package 'src/rplidar_ros2' with type 'ros.ament_cmake' and name 'rplidar_ros'
[0.603s] Level 1:colcon.colcon_core.package_identification:_identify(src/system_check_ack) by extensions ['ignore', 'ignore_ament_install']
[0.603s] Level 1:colcon.colcon_core.package_identification:_identify(src/system_check_ack) by extension 'ignore'
[0.603s] Level 1:colcon.colcon_core.package_identification:_identify(src/system_check_ack) by extension 'ignore_ament_install'
[0.603s] Level 1:colcon.colcon_core.package_identification:_identify(src/system_check_ack) by extensions ['colcon_pkg']
[0.603s] Level 1:colcon.colcon_core.package_identification:_identify(src/system_check_ack) by extension 'colcon_pkg'
[0.603s] Level 1:colcon.colcon_core.package_identification:_identify(src/system_check_ack) by extensions ['colcon_meta']
[0.603s] Level 1:colcon.colcon_core.package_identification:_identify(src/system_check_ack) by extension 'colcon_meta'
[0.603s] Level 1:colcon.colcon_core.package_identification:_identify(src/system_check_ack) by extensions ['ros']
[0.603s] Level 1:colcon.colcon_core.package_identification:_identify(src/system_check_ack) by extension 'ros'
[0.603s] DEBUG:colcon.colcon_core.package_identification:Package 'src/system_check_ack' with type 'ros.ament_cmake' and name 'system_check_ack'
[0.603s] Level 1:colcon.colcon_core.package_identification:_identify(src/usb_cam) by extensions ['ignore', 'ignore_ament_install']
[0.603s] Level 1:colcon.colcon_core.package_identification:_identify(src/usb_cam) by extension 'ignore'
[0.603s] Level 1:colcon.colcon_core.package_identification:_identify(src/usb_cam) by extension 'ignore_ament_install'
[0.603s] Level 1:colcon.colcon_core.package_identification:_identify(src/usb_cam) by extensions ['colcon_pkg']
[0.603s] Level 1:colcon.colcon_core.package_identification:_identify(src/usb_cam) by extension 'colcon_pkg'
[0.603s] Level 1:colcon.colcon_core.package_identification:_identify(src/usb_cam) by extensions ['colcon_meta']
[0.603s] Level 1:colcon.colcon_core.package_identification:_identify(src/usb_cam) by extension 'colcon_meta'
[0.603s] Level 1:colcon.colcon_core.package_identification:_identify(src/usb_cam) by extensions ['ros']
[0.603s] Level 1:colcon.colcon_core.package_identification:_identify(src/usb_cam) by extension 'ros'
[0.604s] DEBUG:colcon.colcon_core.package_identification:Package 'src/usb_cam' with type 'ros.ament_cmake' and name 'usb_cam'
[0.604s] Level 1:colcon.colcon_core.package_discovery:discover_packages(recursive) using defaults
[0.604s] Level 1:colcon.colcon_core.package_discovery:discover_packages(ignore) discover
[0.604s] Level 1:colcon.colcon_core.package_discovery:discover_packages(ignore) using defaults
[0.604s] Level 1:colcon.colcon_core.package_discovery:discover_packages(path) discover
[0.604s] Level 1:colcon.colcon_core.package_discovery:discover_packages(path) using defaults
[0.656s] Level 1:colcon.colcon_core.package_discovery:discover_packages(prefix_path) check parameters
[0.656s] Level 1:colcon.colcon_core.package_discovery:discover_packages(prefix_path) discover
[0.672s] DEBUG:colcon.colcon_installed_package_information.package_discovery:Found 2 installed packages in /home/moad/ros2_ws/install
[0.679s] DEBUG:colcon.colcon_installed_package_information.package_discovery:Found 277 installed packages in /opt/ros/humble
[0.680s] Level 1:colcon.colcon_core.package_discovery:discover_packages(prefix_path) using defaults
[0.731s] Level 5:colcon.colcon_core.verb:set package 'interfaces' build argument 'cmake_args' from command line to 'None'
[0.731s] Level 5:colcon.colcon_core.verb:set package 'interfaces' build argument 'cmake_target' from command line to 'None'
[0.731s] Level 5:colcon.colcon_core.verb:set package 'interfaces' build argument 'cmake_target_skip_unavailable' from command line to 'False'
[0.731s] Level 5:colcon.colcon_core.verb:set package 'interfaces' build argument 'cmake_clean_cache' from command line to 'False'
[0.731s] Level 5:colcon.colcon_core.verb:set package 'interfaces' build argument 'cmake_clean_first' from command line to 'False'
[0.731s] Level 5:colcon.colcon_core.verb:set package 'interfaces' build argument 'cmake_force_configure' from command line to 'False'
[0.731s] Level 5:colcon.colcon_core.verb:set package 'interfaces' build argument 'ament_cmake_args' from command line to 'None'
[0.731s] Level 5:colcon.colcon_core.verb:set package 'interfaces' build argument 'catkin_cmake_args' from command line to 'None'
[0.731s] Level 5:colcon.colcon_core.verb:set package 'interfaces' build argument 'catkin_skip_building_tests' from command line to 'False'
[0.731s] DEBUG:colcon.colcon_core.verb:Building package 'interfaces' with the following arguments: {'ament_cmake_args': None, 'build_base': '/home/moad/VigiWheels/jetsonNano/ros2_ws/build/interfaces', 'catkin_cmake_args': None, 'catkin_skip_building_tests': False, 'cmake_args': None, 'cmake_clean_cache': False, 'cmake_clean_first': False, 'cmake_force_configure': False, 'cmake_target': None, 'cmake_target_skip_unavailable': False, 'install_base': '/home/moad/VigiWheels/jetsonNano/ros2_ws/install/interfaces', 'merge_install': False, 'path': '/home/moad/VigiWheels/jetsonNano/ros2_ws/src/interfaces', 'symlink_install': False, 'test_result_base': None}
[0.738s] Level 5:colcon.colcon_core.verb:set package 'manometer_detection' build argument 'cmake_args' from command line to 'None'
[0.738s] Level 5:colcon.colcon_core.verb:set package 'manometer_detection' build argument 'cmake_target' from command line to 'None'
[0.738s] Level 5:colcon.colcon_core.verb:set package 'manometer_detection' build argument 'cmake_target_skip_unavailable' from command line to 'False'
[0.738s] Level 5:colcon.colcon_core.verb:set package 'manometer_detection' build argument 'cmake_clean_cache' from command line to 'False'
[0.738s] Level 5:colcon.colcon_core.verb:set package 'manometer_detection' build argument 'cmake_clean_first' from command line to 'False'
[0.738s] Level 5:colcon.colcon_core.verb:set package 'manometer_detection' build argument 'cmake_force_configure' from command line to 'False'
[0.738s] Level 5:colcon.colcon_core.verb:set package 'manometer_detection' build argument 'ament_cmake_args' from command line to 'None'
[0.738s] Level 5:colcon.colcon_core.verb:set package 'manometer_detection' build argument 'catkin_cmake_args' from command line to 'None'
[0.738s] Level 5:colcon.colcon_core.verb:set package 'manometer_detection' build argument 'catkin_skip_building_tests' from command line to 'False'
[0.738s] DEBUG:colcon.colcon_core.verb:Building package 'manometer_detection' with the following arguments: {'ament_cmake_args': None, 'build_base': '/home/moad/VigiWheels/jetsonNano/ros2_ws/build/manometer_detection', 'catkin_cmake_args': None, 'catkin_skip_building_tests': False, 'cmake_args': None, 'cmake_clean_cache': False, 'cmake_clean_first': False, 'cmake_force_configure': False, 'cmake_target': None, 'cmake_target_skip_unavailable': False, 'install_base': '/home/moad/VigiWheels/jetsonNano/ros2_ws/install/manometer_detection', 'merge_install': False, 'path': '/home/moad/VigiWheels/jetsonNano/ros2_ws/src/manometer_detection', 'symlink_install': False, 'test_result_base': None}
[0.746s] Level 5:colcon.colcon_core.verb:set package 'rplidar_ros' build argument 'cmake_args' from command line to 'None'
[0.746s] Level 5:colcon.colcon_core.verb:set package 'rplidar_ros' build argument 'cmake_target' from command line to 'None'
[0.746s] Level 5:colcon.colcon_core.verb:set package 'rplidar_ros' build argument 'cmake_target_skip_unavailable' from command line to 'False'
[0.746s] Level 5:colcon.colcon_core.verb:set package 'rplidar_ros' build argument 'cmake_clean_cache' from command line to 'False'
[0.746s] Level 5:colcon.colcon_core.verb:set package 'rplidar_ros' build argument 'cmake_clean_first' from command line to 'False'
[0.746s] Level 5:colcon.colcon_core.verb:set package 'rplidar_ros' build argument 'cmake_force_configure' from command line to 'False'
[0.746s] Level 5:colcon.colcon_core.verb:set package 'rplidar_ros' build argument 'ament_cmake_args' from command line to 'None'
[0.746s] Level 5:colcon.colcon_core.verb:set package 'rplidar_ros' build argument 'catkin_cmake_args' from command line to 'None'
[0.746s] Level 5:colcon.colcon_core.verb:set package 'rplidar_ros' build argument 'catkin_skip_building_tests' from command line to 'False'
[0.746s] DEBUG:colcon.colcon_core.verb:Building package 'rplidar_ros' with the following arguments: {'ament_cmake_args': None, 'build_base': '/home/moad/VigiWheels/jetsonNano/ros2_ws/build/rplidar_ros', 'catkin_cmake_args': None, 'catkin_skip_building_tests': False, 'cmake_args': None, 'cmake_clean_cache': False, 'cmake_clean_first': False, 'cmake_force_configure': False, 'cmake_target': None, 'cmake_target_skip_unavailable': False, 'install_base': '/home/moad/VigiWheels/jetsonNano/ros2_ws/install/rplidar_ros', 'merge_install': False, 'path': '/home/moad/VigiWheels/jetsonNano/ros2_ws/src/rplidar_ros2', 'symlink_install': False, 'test_result_base': None}
[0.753s] Level 5:colcon.colcon_core.verb:set package 'usb_cam' build argument 'cmake_args' from command line to 'None'
[0.753s] Level 5:colcon.colcon_core.verb:set package 'usb_cam' build argument 'cmake_target' from command line to 'None'
[0.753s] Level 5:colcon.colcon_core.verb:set package 'usb_cam' build argument 'cmake_target_skip_unavailable' from command line to 'False'
[0.753s] Level 5:colcon.colcon_core.verb:set package 'usb_cam' build argument 'cmake_clean_cache' from command line to 'False'
[0.753s] Level 5:colcon.colcon_core.verb:set package 'usb_cam' build argument 'cmake_clean_first' from command line to 'False'
[0.753s] Level 5:colcon.colcon_core.verb:set package 'usb_cam' build argument 'cmake_force_configure' from command line to 'False'
[0.753s] Level 5:colcon.colcon_core.verb:set package 'usb_cam' build argument 'ament_cmake_args' from command line to 'None'
[0.753s] Level 5:colcon.colcon_core.verb:set package 'usb_cam' build argument 'catkin_cmake_args' from command line to 'None'
[0.754s] Level 5:colcon.colcon_core.verb:set package 'usb_cam' build argument 'catkin_skip_building_tests' from command line to 'False'
[0.754s] DEBUG:colcon.colcon_core.verb:Building package 'usb_cam' with the following arguments: {'ament_cmake_args': None, 'build_base': '/home/moad/VigiWheels/jetsonNano/ros2_ws/build/usb_cam', 'catkin_cmake_args': None, 'catkin_skip_building_tests': False, 'cmake_args': None, 'cmake_clean_cache': False, 'cmake_clean_first': False, 'cmake_force_configure': False, 'cmake_target': None, 'cmake_target_skip_unavailable': False, 'install_base': '/home/moad/VigiWheels/jetsonNano/ros2_ws/install/usb_cam', 'merge_install': False, 'path': '/home/moad/VigiWheels/jetsonNano/ros2_ws/src/usb_cam', 'symlink_install': False, 'test_result_base': None}
[0.761s] Level 5:colcon.colcon_core.verb:set package 'geicar_start_jetson' build argument 'cmake_args' from command line to 'None'
[0.761s] Level 5:colcon.colcon_core.verb:set package 'geicar_start_jetson' build argument 'cmake_target' from command line to 'None'
[0.761s] Level 5:colcon.colcon_core.verb:set package 'geicar_start_jetson' build argument 'cmake_target_skip_unavailable' from command line to 'False'
[0.761s] Level 5:colcon.colcon_core.verb:set package 'geicar_start_jetson' build argument 'cmake_clean_cache' from command line to 'False'
[0.761s] Level 5:colcon.colcon_core.verb:set package 'geicar_start_jetson' build argument 'cmake_clean_first' from command line to 'False'
[0.761s] Level 5:colcon.colcon_core.verb:set package 'geicar_start_jetson' build argument 'cmake_force_configure' from command line to 'False'
[0.761s] Level 5:colcon.colcon_core.verb:set package 'geicar_start_jetson' build argument 'ament_cmake_args' from command line to 'None'
[0.761s] Level 5:colcon.colcon_core.verb:set package 'geicar_start_jetson' build argument 'catkin_cmake_args' from command line to 'None'
[0.761s] Level 5:colcon.colcon_core.verb:set package 'geicar_start_jetson' build argument 'catkin_skip_building_tests' from command line to 'False'
[0.761s] DEBUG:colcon.colcon_core.verb:Building package 'geicar_start_jetson' with the following arguments: {'ament_cmake_args': None, 'build_base': '/home/moad/VigiWheels/jetsonNano/ros2_ws/build/geicar_start_jetson', 'catkin_cmake_args': None, 'catkin_skip_building_tests': False, 'cmake_args': None, 'cmake_clean_cache': False, 'cmake_clean_first': False, 'cmake_force_configure': False, 'cmake_target': None, 'cmake_target_skip_unavailable': False, 'install_base': '/home/moad/VigiWheels/jetsonNano/ros2_ws/install/geicar_start_jetson', 'merge_install': False, 'path': '/home/moad/VigiWheels/jetsonNano/ros2_ws/src/geicar_start_jetson', 'symlink_install': False, 'test_result_base': None}
[0.768s] Level 5:colcon.colcon_core.verb:set package 'system_check_ack' build argument 'cmake_args' from command line to 'None'
[0.768s] Level 5:colcon.colcon_core.verb:set package 'system_check_ack' build argument 'cmake_target' from command line to 'None'
[0.769s] Level 5:colcon.colcon_core.verb:set package 'system_check_ack' build argument 'cmake_target_skip_unavailable' from command line to 'False'
[0.769s] Level 5:colcon.colcon_core.verb:set package 'system_check_ack' build argument 'cmake_clean_cache' from command line to 'False'
[0.769s] Level 5:colcon.colcon_core.verb:set package 'system_check_ack' build argument 'cmake_clean_first' from command line to 'False'
[0.769s] Level 5:colcon.colcon_core.verb:set package 'system_check_ack' build argument 'cmake_force_configure' from command line to 'False'
[0.769s] Level 5:colcon.colcon_core.verb:set package 'system_check_ack' build argument 'ament_cmake_args' from command line to 'None'
[0.769s] Level 5:colcon.colcon_core.verb:set package 'system_check_ack' build argument 'catkin_cmake_args' from command line to 'None'
[0.769s] Level 5:colcon.colcon_core.verb:set package 'system_check_ack' build argument 'catkin_skip_building_tests' from command line to 'False'
[0.769s] DEBUG:colcon.colcon_core.verb:Building package 'system_check_ack' with the following arguments: {'ament_cmake_args': None, 'build_base': '/home/moad/VigiWheels/jetsonNano/ros2_ws/build/system_check_ack', 'catkin_cmake_args': None, 'catkin_skip_building_tests': False, 'cmake_args': None, 'cmake_clean_cache': False, 'cmake_clean_first': False, 'cmake_force_configure': False, 'cmake_target': None, 'cmake_target_skip_unavailable': False, 'install_base': '/home/moad/VigiWheels/jetsonNano/ros2_ws/install/system_check_ack', 'merge_install': False, 'path': '/home/moad/VigiWheels/jetsonNano/ros2_ws/src/system_check_ack', 'symlink_install': False, 'test_result_base': None}
[0.776s] INFO:colcon.colcon_core.executor:Executing jobs using 'parallel' executor
[0.784s] DEBUG:colcon.colcon_parallel_executor.executor.parallel:run_until_complete
[0.784s] INFO:colcon.colcon_ros.task.ament_cmake.build:Building ROS package in '/home/moad/VigiWheels/jetsonNano/ros2_ws/src/interfaces' with build type 'ament_cmake'
[0.784s] INFO:colcon.colcon_cmake.task.cmake.build:Building CMake package in '/home/moad/VigiWheels/jetsonNano/ros2_ws/src/interfaces'
[0.793s] INFO:colcon.colcon_core.plugin_system:Skipping extension 'colcon_core.shell.bat': Not used on non-Windows systems
[0.793s] INFO:colcon.colcon_core.shell:Skip shell extension 'powershell' for command environment: Not usable outside of PowerShell
[0.793s] DEBUG:colcon.colcon_core.shell:Skip shell extension 'dsv' for command environment
[0.817s] INFO:colcon.colcon_ros.task.ament_cmake.build:Building ROS package in '/home/moad/VigiWheels/jetsonNano/ros2_ws/src/rplidar_ros2' with build type 'ament_cmake'
[0.817s] INFO:colcon.colcon_cmake.task.cmake.build:Building CMake package in '/home/moad/VigiWheels/jetsonNano/ros2_ws/src/rplidar_ros2'
[0.834s] INFO:colcon.colcon_core.shell:Skip shell extension 'powershell' for command environment: Not usable outside of PowerShell
[0.835s] DEBUG:colcon.colcon_core.shell:Skip shell extension 'dsv' for command environment
[0.861s] INFO:colcon.colcon_ros.task.ament_cmake.build:Building ROS package in '/home/moad/VigiWheels/jetsonNano/ros2_ws/src/usb_cam' with build type 'ament_cmake'
[0.861s] INFO:colcon.colcon_cmake.task.cmake.build:Building CMake package in '/home/moad/VigiWheels/jetsonNano/ros2_ws/src/usb_cam'
[0.869s] INFO:colcon.colcon_core.shell:Skip shell extension 'powershell' for command environment: Not usable outside of PowerShell
[0.869s] DEBUG:colcon.colcon_core.shell:Skip shell extension 'dsv' for command environment
[0.905s] INFO:colcon.colcon_ros.task.ament_python.build:Building ROS package in '/home/moad/VigiWheels/jetsonNano/ros2_ws/src/manometer_detection' with build type 'ament_python'
[0.905s] Level 1:colcon.colcon_core.shell:create_environment_hook('manometer_detection', 'ament_prefix_path')
[0.913s] INFO:colcon.colcon_core.shell:Creating environment hook '/home/moad/VigiWheels/jetsonNano/ros2_ws/install/manometer_detection/share/manometer_detection/hook/ament_prefix_path.ps1'
[0.914s] INFO:colcon.colcon_core.shell:Creating environment descriptor '/home/moad/VigiWheels/jetsonNano/ros2_ws/install/manometer_detection/share/manometer_detection/hook/ament_prefix_path.dsv'
[0.914s] INFO:colcon.colcon_core.shell:Creating environment hook '/home/moad/VigiWheels/jetsonNano/ros2_ws/install/manometer_detection/share/manometer_detection/hook/ament_prefix_path.sh'
[0.922s] INFO:colcon.colcon_core.shell:Skip shell extension 'powershell' for command environment: Not usable outside of PowerShell
[0.922s] DEBUG:colcon.colcon_core.shell:Skip shell extension 'dsv' for command environment
[0.955s] DEBUG:colcon.colcon_core.event_handler.log_command:Invoking command in '/home/moad/VigiWheels/jetsonNano/ros2_ws/build/interfaces': CMAKE_PREFIX_PATH=/home/moad/ros2_ws/install/my_robot_controller:/home/moad/ros2_ws/install/manometer_detection:/opt/ros/humble /usr/bin/cmake /home/moad/VigiWheels/jetsonNano/ros2_ws/src/interfaces -DCMAKE_INSTALL_PREFIX=/home/moad/VigiWheels/jetsonNano/ros2_ws/install/interfaces
[0.957s] DEBUG:colcon.colcon_core.event_handler.log_command:Invoking command in '/home/moad/VigiWheels/jetsonNano/ros2_ws/build/rplidar_ros': CMAKE_PREFIX_PATH=/home/moad/ros2_ws/install/my_robot_controller:/home/moad/ros2_ws/install/manometer_detection:/opt/ros/humble /usr/bin/cmake /home/moad/VigiWheels/jetsonNano/ros2_ws/src/rplidar_ros2 -DCMAKE_INSTALL_PREFIX=/home/moad/VigiWheels/jetsonNano/ros2_ws/install/rplidar_ros
[0.959s] DEBUG:colcon.colcon_core.event_handler.log_command:Invoking command in '/home/moad/VigiWheels/jetsonNano/ros2_ws/build/usb_cam': CMAKE_PREFIX_PATH=/home/moad/ros2_ws/install/my_robot_controller:/home/moad/ros2_ws/install/manometer_detection:/opt/ros/humble /usr/bin/cmake /home/moad/VigiWheels/jetsonNano/ros2_ws/src/usb_cam -DCMAKE_INSTALL_PREFIX=/home/moad/VigiWheels/jetsonNano/ros2_ws/install/usb_cam
[1.140s] INFO:colcon.colcon_core.task.python.build:Building Python package in '/home/moad/VigiWheels/jetsonNano/ros2_ws/src/manometer_detection'
[1.160s] INFO:colcon.colcon_core.shell:Skip shell extension 'powershell' for command environment: Not usable outside of PowerShell
[1.160s] DEBUG:colcon.colcon_core.shell:Skip shell extension 'dsv' for command environment
[1.453s] DEBUG:colcon.colcon_core.event_handler.log_command:Invoking command in '/home/moad/VigiWheels/jetsonNano/ros2_ws/src/manometer_detection': PYTHONPATH=/home/moad/VigiWheels/jetsonNano/ros2_ws/build/manometer_detection/prefix_override:/home/moad/VigiWheels/jetsonNano/ros2_ws/install/manometer_detection/lib/python3.10/site-packages:${PYTHONPATH} /usr/bin/python3 setup.py egg_info --egg-base ../../build/manometer_detection build --build-base /home/moad/VigiWheels/jetsonNano/ros2_ws/build/manometer_detection/build install --record /home/moad/VigiWheels/jetsonNano/ros2_ws/build/manometer_detection/install.log --single-version-externally-managed
[1.648s] DEBUG:colcon.colcon_core.event_handler.log_command:Invoked command in '/home/moad/VigiWheels/jetsonNano/ros2_ws/src/manometer_detection' returned '0': PYTHONPATH=/home/moad/VigiWheels/jetsonNano/ros2_ws/build/manometer_detection/prefix_override:/home/moad/VigiWheels/jetsonNano/ros2_ws/install/manometer_detection/lib/python3.10/site-packages:${PYTHONPATH} /usr/bin/python3 setup.py egg_info --egg-base ../../build/manometer_detection build --build-base /home/moad/VigiWheels/jetsonNano/ros2_ws/build/manometer_detection/build install --record /home/moad/VigiWheels/jetsonNano/ros2_ws/build/manometer_detection/install.log --single-version-externally-managed
[1.657s] Level 1:colcon.colcon_core.environment:checking '/home/moad/VigiWheels/jetsonNano/ros2_ws/install/manometer_detection' for CMake module files
[1.658s] Level 1:colcon.colcon_core.environment:checking '/home/moad/VigiWheels/jetsonNano/ros2_ws/install/manometer_detection' for CMake config files
[1.658s] Level 1:colcon.colcon_core.environment:checking '/home/moad/VigiWheels/jetsonNano/ros2_ws/install/manometer_detection/lib'
[1.658s] Level 1:colcon.colcon_core.environment:checking '/home/moad/VigiWheels/jetsonNano/ros2_ws/install/manometer_detection/bin'
[1.658s] Level 1:colcon.colcon_core.environment:checking '/home/moad/VigiWheels/jetsonNano/ros2_ws/install/manometer_detection/lib/pkgconfig/manometer_detection.pc'
[1.659s] Level 1:colcon.colcon_core.environment:checking '/home/moad/VigiWheels/jetsonNano/ros2_ws/install/manometer_detection/lib/python3.10/site-packages'
[1.659s] Level 1:colcon.colcon_core.shell:create_environment_hook('manometer_detection', 'pythonpath')
[1.666s] INFO:colcon.colcon_core.shell:Creating environment hook '/home/moad/VigiWheels/jetsonNano/ros2_ws/install/manometer_detection/share/manometer_detection/hook/pythonpath.ps1'
[1.667s] INFO:colcon.colcon_core.shell:Creating environment descriptor '/home/moad/VigiWheels/jetsonNano/ros2_ws/install/manometer_detection/share/manometer_detection/hook/pythonpath.dsv'
[1.667s] INFO:colcon.colcon_core.shell:Creating environment hook '/home/moad/VigiWheels/jetsonNano/ros2_ws/install/manometer_detection/share/manometer_detection/hook/pythonpath.sh'
[1.667s] Level 1:colcon.colcon_core.environment:checking '/home/moad/VigiWheels/jetsonNano/ros2_ws/install/manometer_detection/bin'
[1.667s] Level 1:colcon.colcon_core.environment:create_environment_scripts_only(manometer_detection)
[1.678s] INFO:colcon.colcon_core.shell:Creating package script '/home/moad/VigiWheels/jetsonNano/ros2_ws/install/manometer_detection/share/manometer_detection/package.ps1'
[1.678s] INFO:colcon.colcon_core.shell:Creating package descriptor '/home/moad/VigiWheels/jetsonNano/ros2_ws/install/manometer_detection/share/manometer_detection/package.dsv'
[1.679s] INFO:colcon.colcon_core.shell:Creating package script '/home/moad/VigiWheels/jetsonNano/ros2_ws/install/manometer_detection/share/manometer_detection/package.sh'
[1.679s] INFO:colcon.colcon_core.shell:Creating package script '/home/moad/VigiWheels/jetsonNano/ros2_ws/install/manometer_detection/share/manometer_detection/package.bash'
[1.680s] INFO:colcon.colcon_core.shell:Creating package script '/home/moad/VigiWheels/jetsonNano/ros2_ws/install/manometer_detection/share/manometer_detection/package.zsh'
[1.680s] Level 1:colcon.colcon_core.environment:create_file_with_runtime_dependencies(/home/moad/VigiWheels/jetsonNano/ros2_ws/install/manometer_detection/share/colcon-core/packages/manometer_detection)
[2.286s] DEBUG:colcon.colcon_core.event_handler.log_command:Invoked command in '/home/moad/VigiWheels/jetsonNano/ros2_ws/build/rplidar_ros' returned '0': CMAKE_PREFIX_PATH=/home/moad/ros2_ws/install/my_robot_controller:/home/moad/ros2_ws/install/manometer_detection:/opt/ros/humble /usr/bin/cmake /home/moad/VigiWheels/jetsonNano/ros2_ws/src/rplidar_ros2 -DCMAKE_INSTALL_PREFIX=/home/moad/VigiWheels/jetsonNano/ros2_ws/install/rplidar_ros
[2.287s] DEBUG:colcon.colcon_core.event_handler.log_command:Invoking command in '/home/moad/VigiWheels/jetsonNano/ros2_ws/build/rplidar_ros': CMAKE_PREFIX_PATH=/home/moad/ros2_ws/install/my_robot_controller:/home/moad/ros2_ws/install/manometer_detection:/opt/ros/humble /usr/bin/cmake --build /home/moad/VigiWheels/jetsonNano/ros2_ws/build/rplidar_ros -- -j12 -l12
[2.492s] DEBUG:colcon.colcon_core.event_handler.log_command:Invoked command in '/home/moad/VigiWheels/jetsonNano/ros2_ws/build/usb_cam' returned '0': CMAKE_PREFIX_PATH=/home/moad/ros2_ws/install/my_robot_controller:/home/moad/ros2_ws/install/manometer_detection:/opt/ros/humble /usr/bin/cmake /home/moad/VigiWheels/jetsonNano/ros2_ws/src/usb_cam -DCMAKE_INSTALL_PREFIX=/home/moad/VigiWheels/jetsonNano/ros2_ws/install/usb_cam
[2.493s] DEBUG:colcon.colcon_core.event_handler.log_command:Invoking command in '/home/moad/VigiWheels/jetsonNano/ros2_ws/build/usb_cam': CMAKE_PREFIX_PATH=/home/moad/ros2_ws/install/my_robot_controller:/home/moad/ros2_ws/install/manometer_detection:/opt/ros/humble /usr/bin/cmake --build /home/moad/VigiWheels/jetsonNano/ros2_ws/build/usb_cam -- -j12 -l12
[2.805s] DEBUG:colcon.colcon_core.event_handler.log_command:Invoked command in '/home/moad/VigiWheels/jetsonNano/ros2_ws/build/interfaces' returned '0': CMAKE_PREFIX_PATH=/home/moad/ros2_ws/install/my_robot_controller:/home/moad/ros2_ws/install/manometer_detection:/opt/ros/humble /usr/bin/cmake /home/moad/VigiWheels/jetsonNano/ros2_ws/src/interfaces -DCMAKE_INSTALL_PREFIX=/home/moad/VigiWheels/jetsonNano/ros2_ws/install/interfaces
[2.806s] DEBUG:colcon.colcon_core.event_handler.log_command:Invoking command in '/home/moad/VigiWheels/jetsonNano/ros2_ws/build/interfaces': CMAKE_PREFIX_PATH=/home/moad/ros2_ws/install/my_robot_controller:/home/moad/ros2_ws/install/manometer_detection:/opt/ros/humble /usr/bin/cmake --build /home/moad/VigiWheels/jetsonNano/ros2_ws/build/interfaces -- -j12 -l12
[8.358s] DEBUG:colcon.colcon_core.event_handler.log_command:Invoked command in '/home/moad/VigiWheels/jetsonNano/ros2_ws/build/interfaces' returned '0': CMAKE_PREFIX_PATH=/home/moad/ros2_ws/install/my_robot_controller:/home/moad/ros2_ws/install/manometer_detection:/opt/ros/humble /usr/bin/cmake --build /home/moad/VigiWheels/jetsonNano/ros2_ws/build/interfaces -- -j12 -l12
[8.510s] DEBUG:colcon.colcon_core.event_handler.log_command:Invoking command in '/home/moad/VigiWheels/jetsonNano/ros2_ws/build/interfaces': CMAKE_PREFIX_PATH=/home/moad/ros2_ws/install/my_robot_controller:/home/moad/ros2_ws/install/manometer_detection:/opt/ros/humble /usr/bin/cmake --install /home/moad/VigiWheels/jetsonNano/ros2_ws/build/interfaces
[8.568s] Level 1:colcon.colcon_core.environment:create_environment_scripts_only(interfaces)
[8.569s] DEBUG:colcon.colcon_core.event_handler.log_command:Invoked command in '/home/moad/VigiWheels/jetsonNano/ros2_ws/build/interfaces' returned '0': CMAKE_PREFIX_PATH=/home/moad/ros2_ws/install/my_robot_controller:/home/moad/ros2_ws/install/manometer_detection:/opt/ros/humble /usr/bin/cmake --install /home/moad/VigiWheels/jetsonNano/ros2_ws/build/interfaces
[8.587s] Level 1:colcon.colcon_core.environment:checking '/home/moad/VigiWheels/jetsonNano/ros2_ws/install/interfaces' for CMake module files
[8.588s] Level 1:colcon.colcon_core.environment:checking '/home/moad/VigiWheels/jetsonNano/ros2_ws/install/interfaces' for CMake config files
[8.588s] Level 1:colcon.colcon_core.shell:create_environment_hook('interfaces', 'cmake_prefix_path')
[8.606s] INFO:colcon.colcon_core.shell:Creating environment hook '/home/moad/VigiWheels/jetsonNano/ros2_ws/install/interfaces/share/interfaces/hook/cmake_prefix_path.ps1'
[8.606s] INFO:colcon.colcon_core.shell:Creating environment descriptor '/home/moad/VigiWheels/jetsonNano/ros2_ws/install/interfaces/share/interfaces/hook/cmake_prefix_path.dsv'
[8.607s] INFO:colcon.colcon_core.shell:Creating environment hook '/home/moad/VigiWheels/jetsonNano/ros2_ws/install/interfaces/share/interfaces/hook/cmake_prefix_path.sh'
[8.607s] Level 1:colcon.colcon_core.environment:checking '/home/moad/VigiWheels/jetsonNano/ros2_ws/install/interfaces/lib'
[8.607s] Level 1:colcon.colcon_core.shell:create_environment_hook('interfaces', 'ld_library_path_lib')
[8.625s] INFO:colcon.colcon_core.shell:Creating environment hook '/home/moad/VigiWheels/jetsonNano/ros2_ws/install/interfaces/share/interfaces/hook/ld_library_path_lib.ps1'
[8.626s] INFO:colcon.colcon_core.shell:Creating environment descriptor '/home/moad/VigiWheels/jetsonNano/ros2_ws/install/interfaces/share/interfaces/hook/ld_library_path_lib.dsv'
[8.626s] INFO:colcon.colcon_core.shell:Creating environment hook '/home/moad/VigiWheels/jetsonNano/ros2_ws/install/interfaces/share/interfaces/hook/ld_library_path_lib.sh'
[8.626s] Level 1:colcon.colcon_core.environment:checking '/home/moad/VigiWheels/jetsonNano/ros2_ws/install/interfaces/bin'
[8.626s] Level 1:colcon.colcon_core.environment:checking '/home/moad/VigiWheels/jetsonNano/ros2_ws/install/interfaces/lib/pkgconfig/interfaces.pc'
[8.627s] Level 1:colcon.colcon_core.environment:checking '/home/moad/VigiWheels/jetsonNano/ros2_ws/install/interfaces/lib/python3.10/site-packages'
[8.627s] Level 1:colcon.colcon_core.environment:checking '/home/moad/VigiWheels/jetsonNano/ros2_ws/install/interfaces/bin'
[8.645s] INFO:colcon.colcon_core.shell:Creating package script '/home/moad/VigiWheels/jetsonNano/ros2_ws/install/interfaces/share/interfaces/package.ps1'
[8.646s] INFO:colcon.colcon_core.shell:Creating package descriptor '/home/moad/VigiWheels/jetsonNano/ros2_ws/install/interfaces/share/interfaces/package.dsv'
[8.646s] INFO:colcon.colcon_core.shell:Creating package script '/home/moad/VigiWheels/jetsonNano/ros2_ws/install/interfaces/share/interfaces/package.sh'
[8.647s] INFO:colcon.colcon_core.shell:Creating package script '/home/moad/VigiWheels/jetsonNano/ros2_ws/install/interfaces/share/interfaces/package.bash'
[8.647s] INFO:colcon.colcon_core.shell:Creating package script '/home/moad/VigiWheels/jetsonNano/ros2_ws/install/interfaces/share/interfaces/package.zsh'
[8.647s] Level 1:colcon.colcon_core.environment:create_file_with_runtime_dependencies(/home/moad/VigiWheels/jetsonNano/ros2_ws/install/interfaces/share/colcon-core/packages/interfaces)
[8.772s] Level 1:colcon.colcon_core.environment:create_environment_scripts_only(interfaces)
[8.789s] Level 1:colcon.colcon_core.environment:checking '/home/moad/VigiWheels/jetsonNano/ros2_ws/install/interfaces' for CMake module files
[8.790s] Level 1:colcon.colcon_core.environment:checking '/home/moad/VigiWheels/jetsonNano/ros2_ws/install/interfaces' for CMake config files
[8.791s] Level 1:colcon.colcon_core.shell:create_environment_hook('interfaces', 'cmake_prefix_path')
[8.808s] INFO:colcon.colcon_core.shell:Creating environment hook '/home/moad/VigiWheels/jetsonNano/ros2_ws/install/interfaces/share/interfaces/hook/cmake_prefix_path.ps1'
[8.809s] INFO:colcon.colcon_core.shell:Creating environment descriptor '/home/moad/VigiWheels/jetsonNano/ros2_ws/install/interfaces/share/interfaces/hook/cmake_prefix_path.dsv'
[8.809s] INFO:colcon.colcon_core.shell:Creating environment hook '/home/moad/VigiWheels/jetsonNano/ros2_ws/install/interfaces/share/interfaces/hook/cmake_prefix_path.sh'
[8.810s] Level 1:colcon.colcon_core.environment:checking '/home/moad/VigiWheels/jetsonNano/ros2_ws/install/interfaces/lib'
[8.810s] Level 1:colcon.colcon_core.shell:create_environment_hook('interfaces', 'ld_library_path_lib')
[8.827s] INFO:colcon.colcon_core.shell:Creating environment hook '/home/moad/VigiWheels/jetsonNano/ros2_ws/install/interfaces/share/interfaces/hook/ld_library_path_lib.ps1'
[8.828s] INFO:colcon.colcon_core.shell:Creating environment descriptor '/home/moad/VigiWheels/jetsonNano/ros2_ws/install/interfaces/share/interfaces/hook/ld_library_path_lib.dsv'
[8.828s] INFO:colcon.colcon_core.shell:Creating environment hook '/home/moad/VigiWheels/jetsonNano/ros2_ws/install/interfaces/share/interfaces/hook/ld_library_path_lib.sh'
[8.829s] Level 1:colcon.colcon_core.environment:checking '/home/moad/VigiWheels/jetsonNano/ros2_ws/install/interfaces/bin'
[8.829s] Level 1:colcon.colcon_core.environment:checking '/home/moad/VigiWheels/jetsonNano/ros2_ws/install/interfaces/lib/pkgconfig/interfaces.pc'
[8.829s] Level 1:colcon.colcon_core.environment:checking '/home/moad/VigiWheels/jetsonNano/ros2_ws/install/interfaces/lib/python3.10/site-packages'
[8.830s] Level 1:colcon.colcon_core.environment:checking '/home/moad/VigiWheels/jetsonNano/ros2_ws/install/interfaces/bin'
[8.847s] INFO:colcon.colcon_core.shell:Creating package script '/home/moad/VigiWheels/jetsonNano/ros2_ws/install/interfaces/share/interfaces/package.ps1'
[8.848s] INFO:colcon.colcon_core.shell:Creating package descriptor '/home/moad/VigiWheels/jetsonNano/ros2_ws/install/interfaces/share/interfaces/package.dsv'
[8.849s] INFO:colcon.colcon_core.shell:Creating package script '/home/moad/VigiWheels/jetsonNano/ros2_ws/install/interfaces/share/interfaces/package.sh'
[8.849s] INFO:colcon.colcon_core.shell:Creating package script '/home/moad/VigiWheels/jetsonNano/ros2_ws/install/interfaces/share/interfaces/package.bash'
[8.850s] INFO:colcon.colcon_core.shell:Creating package script '/home/moad/VigiWheels/jetsonNano/ros2_ws/install/interfaces/share/interfaces/package.zsh'
[8.850s] Level 1:colcon.colcon_core.environment:create_file_with_runtime_dependencies(/home/moad/VigiWheels/jetsonNano/ros2_ws/install/interfaces/share/colcon-core/packages/interfaces)
[8.851s] INFO:colcon.colcon_ros.task.ament_cmake.build:Building ROS package in '/home/moad/VigiWheels/jetsonNano/ros2_ws/src/system_check_ack' with build type 'ament_cmake'
[8.851s] INFO:colcon.colcon_cmake.task.cmake.build:Building CMake package in '/home/moad/VigiWheels/jetsonNano/ros2_ws/src/system_check_ack'
[8.870s] INFO:colcon.colcon_core.shell:Skip shell extension 'powershell' for command environment: Not usable outside of PowerShell
[8.870s] DEBUG:colcon.colcon_core.shell:Skip shell extension 'dsv' for command environment
[8.919s] DEBUG:colcon.colcon_core.event_handler.log_command:Invoking command in '/home/moad/VigiWheels/jetsonNano/ros2_ws/build/system_check_ack': AMENT_PREFIX_PATH=/home/moad/VigiWheels/jetsonNano/ros2_ws/install/interfaces:${AMENT_PREFIX_PATH} CMAKE_PREFIX_PATH=/home/moad/VigiWheels/jetsonNano/ros2_ws/install/interfaces:/home/moad/ros2_ws/install/my_robot_controller:/home/moad/ros2_ws/install/manometer_detection:/opt/ros/humble LD_LIBRARY_PATH=/home/moad/VigiWheels/jetsonNano/ros2_ws/install/interfaces/lib:${LD_LIBRARY_PATH} PYTHONPATH=/home/moad/VigiWheels/jetsonNano/ros2_ws/install/interfaces/local/lib/python3.10/dist-packages:${PYTHONPATH} /usr/bin/cmake /home/moad/VigiWheels/jetsonNano/ros2_ws/src/system_check_ack -DCMAKE_INSTALL_PREFIX=/home/moad/VigiWheels/jetsonNano/ros2_ws/install/system_check_ack
[9.990s] DEBUG:colcon.colcon_core.event_handler.log_command:Invoked command in '/home/moad/VigiWheels/jetsonNano/ros2_ws/build/system_check_ack' returned '0': AMENT_PREFIX_PATH=/home/moad/VigiWheels/jetsonNano/ros2_ws/install/interfaces:${AMENT_PREFIX_PATH} CMAKE_PREFIX_PATH=/home/moad/VigiWheels/jetsonNano/ros2_ws/install/interfaces:/home/moad/ros2_ws/install/my_robot_controller:/home/moad/ros2_ws/install/manometer_detection:/opt/ros/humble LD_LIBRARY_PATH=/home/moad/VigiWheels/jetsonNano/ros2_ws/install/interfaces/lib:${LD_LIBRARY_PATH} PYTHONPATH=/home/moad/VigiWheels/jetsonNano/ros2_ws/install/interfaces/local/lib/python3.10/dist-packages:${PYTHONPATH} /usr/bin/cmake /home/moad/VigiWheels/jetsonNano/ros2_ws/src/system_check_ack -DCMAKE_INSTALL_PREFIX=/home/moad/VigiWheels/jetsonNano/ros2_ws/install/system_check_ack
[9.992s] DEBUG:colcon.colcon_core.event_handler.log_command:Invoking command in '/home/moad/VigiWheels/jetsonNano/ros2_ws/build/system_check_ack': AMENT_PREFIX_PATH=/home/moad/VigiWheels/jetsonNano/ros2_ws/install/interfaces:${AMENT_PREFIX_PATH} CMAKE_PREFIX_PATH=/home/moad/VigiWheels/jetsonNano/ros2_ws/install/interfaces:/home/moad/ros2_ws/install/my_robot_controller:/home/moad/ros2_ws/install/manometer_detection:/opt/ros/humble LD_LIBRARY_PATH=/home/moad/VigiWheels/jetsonNano/ros2_ws/install/interfaces/lib:${LD_LIBRARY_PATH} PYTHONPATH=/home/moad/VigiWheels/jetsonNano/ros2_ws/install/interfaces/local/lib/python3.10/dist-packages:${PYTHONPATH} /usr/bin/cmake --build /home/moad/VigiWheels/jetsonNano/ros2_ws/build/system_check_ack -- -j12 -l12
[10.707s] DEBUG:colcon.colcon_core.event_handler.log_command:Invoked command in '/home/moad/VigiWheels/jetsonNano/ros2_ws/build/rplidar_ros' returned '0': CMAKE_PREFIX_PATH=/home/moad/ros2_ws/install/my_robot_controller:/home/moad/ros2_ws/install/manometer_detection:/opt/ros/humble /usr/bin/cmake --build /home/moad/VigiWheels/jetsonNano/ros2_ws/build/rplidar_ros -- -j12 -l12
[10.730s] DEBUG:colcon.colcon_core.event_handler.log_command:Invoking command in '/home/moad/VigiWheels/jetsonNano/ros2_ws/build/rplidar_ros': CMAKE_PREFIX_PATH=/home/moad/ros2_ws/install/my_robot_controller:/home/moad/ros2_ws/install/manometer_detection:/opt/ros/humble /usr/bin/cmake --install /home/moad/VigiWheels/jetsonNano/ros2_ws/build/rplidar_ros
[10.740s] Level 1:colcon.colcon_core.environment:create_environment_scripts_only(rplidar_ros)
[10.741s] DEBUG:colcon.colcon_core.event_handler.log_command:Invoked command in '/home/moad/VigiWheels/jetsonNano/ros2_ws/build/rplidar_ros' returned '0': CMAKE_PREFIX_PATH=/home/moad/ros2_ws/install/my_robot_controller:/home/moad/ros2_ws/install/manometer_detection:/opt/ros/humble /usr/bin/cmake --install /home/moad/VigiWheels/jetsonNano/ros2_ws/build/rplidar_ros
[10.761s] Level 1:colcon.colcon_core.environment:checking '/home/moad/VigiWheels/jetsonNano/ros2_ws/install/rplidar_ros' for CMake module files
[10.761s] Level 1:colcon.colcon_core.environment:checking '/home/moad/VigiWheels/jetsonNano/ros2_ws/install/rplidar_ros' for CMake config files
[10.762s] Level 1:colcon.colcon_core.shell:create_environment_hook('rplidar_ros', 'cmake_prefix_path')
[10.779s] INFO:colcon.colcon_core.shell:Creating environment hook '/home/moad/VigiWheels/jetsonNano/ros2_ws/install/rplidar_ros/share/rplidar_ros/hook/cmake_prefix_path.ps1'
[10.779s] INFO:colcon.colcon_core.shell:Creating environment descriptor '/home/moad/VigiWheels/jetsonNano/ros2_ws/install/rplidar_ros/share/rplidar_ros/hook/cmake_prefix_path.dsv'
[10.779s] INFO:colcon.colcon_core.shell:Creating environment hook '/home/moad/VigiWheels/jetsonNano/ros2_ws/install/rplidar_ros/share/rplidar_ros/hook/cmake_prefix_path.sh'
[10.779s] Level 1:colcon.colcon_core.environment:checking '/home/moad/VigiWheels/jetsonNano/ros2_ws/install/rplidar_ros/lib'
[10.780s] Level 1:colcon.colcon_core.shell:create_environment_hook('rplidar_ros', 'ld_library_path_lib')
[10.788s] INFO:colcon.colcon_core.shell:Creating environment hook '/home/moad/VigiWheels/jetsonNano/ros2_ws/install/rplidar_ros/share/rplidar_ros/hook/ld_library_path_lib.ps1'
[10.788s] INFO:colcon.colcon_core.shell:Creating environment descriptor '/home/moad/VigiWheels/jetsonNano/ros2_ws/install/rplidar_ros/share/rplidar_ros/hook/ld_library_path_lib.dsv'
[10.788s] INFO:colcon.colcon_core.shell:Creating environment hook '/home/moad/VigiWheels/jetsonNano/ros2_ws/install/rplidar_ros/share/rplidar_ros/hook/ld_library_path_lib.sh'
[10.789s] Level 1:colcon.colcon_core.environment:checking '/home/moad/VigiWheels/jetsonNano/ros2_ws/install/rplidar_ros/bin'
[10.789s] Level 1:colcon.colcon_core.environment:checking '/home/moad/VigiWheels/jetsonNano/ros2_ws/install/rplidar_ros/lib/pkgconfig/rplidar_ros.pc'
[10.789s] Level 1:colcon.colcon_core.environment:checking '/home/moad/VigiWheels/jetsonNano/ros2_ws/install/rplidar_ros/lib/python3.10/site-packages'
[10.789s] Level 1:colcon.colcon_core.environment:checking '/home/moad/VigiWheels/jetsonNano/ros2_ws/install/rplidar_ros/bin'
[10.797s] INFO:colcon.colcon_core.shell:Creating package script '/home/moad/VigiWheels/jetsonNano/ros2_ws/install/rplidar_ros/share/rplidar_ros/package.ps1'
[10.797s] INFO:colcon.colcon_core.shell:Creating package descriptor '/home/moad/VigiWheels/jetsonNano/ros2_ws/install/rplidar_ros/share/rplidar_ros/package.dsv'
[10.797s] INFO:colcon.colcon_core.shell:Creating package script '/home/moad/VigiWheels/jetsonNano/ros2_ws/install/rplidar_ros/share/rplidar_ros/package.sh'
[10.798s] INFO:colcon.colcon_core.shell:Creating package script '/home/moad/VigiWheels/jetsonNano/ros2_ws/install/rplidar_ros/share/rplidar_ros/package.bash'
[10.798s] INFO:colcon.colcon_core.shell:Creating package script '/home/moad/VigiWheels/jetsonNano/ros2_ws/install/rplidar_ros/share/rplidar_ros/package.zsh'
[10.798s] Level 1:colcon.colcon_core.environment:create_file_with_runtime_dependencies(/home/moad/VigiWheels/jetsonNano/ros2_ws/install/rplidar_ros/share/colcon-core/packages/rplidar_ros)
[10.839s] Level 1:colcon.colcon_core.environment:create_environment_scripts_only(rplidar_ros)
[10.857s] Level 1:colcon.colcon_core.environment:checking '/home/moad/VigiWheels/jetsonNano/ros2_ws/install/rplidar_ros' for CMake module files
[10.857s] Level 1:colcon.colcon_core.environment:checking '/home/moad/VigiWheels/jetsonNano/ros2_ws/install/rplidar_ros' for CMake config files
[10.857s] Level 1:colcon.colcon_core.shell:create_environment_hook('rplidar_ros', 'cmake_prefix_path')
[10.865s] INFO:colcon.colcon_core.shell:Creating environment hook '/home/moad/VigiWheels/jetsonNano/ros2_ws/install/rplidar_ros/share/rplidar_ros/hook/cmake_prefix_path.ps1'
[10.866s] INFO:colcon.colcon_core.shell:Creating environment descriptor '/home/moad/VigiWheels/jetsonNano/ros2_ws/install/rplidar_ros/share/rplidar_ros/hook/cmake_prefix_path.dsv'
[10.866s] INFO:colcon.colcon_core.shell:Creating environment hook '/home/moad/VigiWheels/jetsonNano/ros2_ws/install/rplidar_ros/share/rplidar_ros/hook/cmake_prefix_path.sh'
[10.866s] Level 1:colcon.colcon_core.environment:checking '/home/moad/VigiWheels/jetsonNano/ros2_ws/install/rplidar_ros/lib'
[10.866s] Level 1:colcon.colcon_core.shell:create_environment_hook('rplidar_ros', 'ld_library_path_lib')
[10.874s] INFO:colcon.colcon_core.shell:Creating environment hook '/home/moad/VigiWheels/jetsonNano/ros2_ws/install/rplidar_ros/share/rplidar_ros/hook/ld_library_path_lib.ps1'
[10.875s] INFO:colcon.colcon_core.shell:Creating environment descriptor '/home/moad/VigiWheels/jetsonNano/ros2_ws/install/rplidar_ros/share/rplidar_ros/hook/ld_library_path_lib.dsv'
[10.875s] INFO:colcon.colcon_core.shell:Creating environment hook '/home/moad/VigiWheels/jetsonNano/ros2_ws/install/rplidar_ros/share/rplidar_ros/hook/ld_library_path_lib.sh'
[10.875s] Level 1:colcon.colcon_core.environment:checking '/home/moad/VigiWheels/jetsonNano/ros2_ws/install/rplidar_ros/bin'
[10.875s] Level 1:colcon.colcon_core.environment:checking '/home/moad/VigiWheels/jetsonNano/ros2_ws/install/rplidar_ros/lib/pkgconfig/rplidar_ros.pc'
[10.875s] Level 1:colcon.colcon_core.environment:checking '/home/moad/VigiWheels/jetsonNano/ros2_ws/install/rplidar_ros/lib/python3.10/site-packages'
[10.875s] Level 1:colcon.colcon_core.environment:checking '/home/moad/VigiWheels/jetsonNano/ros2_ws/install/rplidar_ros/bin'
[10.883s] INFO:colcon.colcon_core.shell:Creating package script '/home/moad/VigiWheels/jetsonNano/ros2_ws/install/rplidar_ros/share/rplidar_ros/package.ps1'
[10.884s] INFO:colcon.colcon_core.shell:Creating package descriptor '/home/moad/VigiWheels/jetsonNano/ros2_ws/install/rplidar_ros/share/rplidar_ros/package.dsv'
[10.884s] INFO:colcon.colcon_core.shell:Creating package script '/home/moad/VigiWheels/jetsonNano/ros2_ws/install/rplidar_ros/share/rplidar_ros/package.sh'
[10.884s] INFO:colcon.colcon_core.shell:Creating package script '/home/moad/VigiWheels/jetsonNano/ros2_ws/install/rplidar_ros/share/rplidar_ros/package.bash'
[10.885s] INFO:colcon.colcon_core.shell:Creating package script '/home/moad/VigiWheels/jetsonNano/ros2_ws/install/rplidar_ros/share/rplidar_ros/package.zsh'
[10.885s] Level 1:colcon.colcon_core.environment:create_file_with_runtime_dependencies(/home/moad/VigiWheels/jetsonNano/ros2_ws/install/rplidar_ros/share/colcon-core/packages/rplidar_ros)
[11.639s] DEBUG:colcon.colcon_core.event_handler.log_command:Invoked command in '/home/moad/VigiWheels/jetsonNano/ros2_ws/build/usb_cam' returned '0': CMAKE_PREFIX_PATH=/home/moad/ros2_ws/install/my_robot_controller:/home/moad/ros2_ws/install/manometer_detection:/opt/ros/humble /usr/bin/cmake --build /home/moad/VigiWheels/jetsonNano/ros2_ws/build/usb_cam -- -j12 -l12
[11.658s] DEBUG:colcon.colcon_core.event_handler.log_command:Invoking command in '/home/moad/VigiWheels/jetsonNano/ros2_ws/build/usb_cam': CMAKE_PREFIX_PATH=/home/moad/ros2_ws/install/my_robot_controller:/home/moad/ros2_ws/install/manometer_detection:/opt/ros/humble /usr/bin/cmake --install /home/moad/VigiWheels/jetsonNano/ros2_ws/build/usb_cam
[11.676s] Level 1:colcon.colcon_core.environment:create_environment_scripts_only(usb_cam)
[11.677s] DEBUG:colcon.colcon_core.event_handler.log_command:Invoked command in '/home/moad/VigiWheels/jetsonNano/ros2_ws/build/usb_cam' returned '0': CMAKE_PREFIX_PATH=/home/moad/ros2_ws/install/my_robot_controller:/home/moad/ros2_ws/install/manometer_detection:/opt/ros/humble /usr/bin/cmake --install /home/moad/VigiWheels/jetsonNano/ros2_ws/build/usb_cam
[11.688s] Level 1:colcon.colcon_core.environment:checking '/home/moad/VigiWheels/jetsonNano/ros2_ws/install/usb_cam' for CMake module files
[11.688s] Level 1:colcon.colcon_core.environment:checking '/home/moad/VigiWheels/jetsonNano/ros2_ws/install/usb_cam' for CMake config files
[11.688s] Level 1:colcon.colcon_core.shell:create_environment_hook('usb_cam', 'cmake_prefix_path')
[11.696s] INFO:colcon.colcon_core.shell:Creating environment hook '/home/moad/VigiWheels/jetsonNano/ros2_ws/install/usb_cam/share/usb_cam/hook/cmake_prefix_path.ps1'
[11.697s] INFO:colcon.colcon_core.shell:Creating environment descriptor '/home/moad/VigiWheels/jetsonNano/ros2_ws/install/usb_cam/share/usb_cam/hook/cmake_prefix_path.dsv'
[11.697s] INFO:colcon.colcon_core.shell:Creating environment hook '/home/moad/VigiWheels/jetsonNano/ros2_ws/install/usb_cam/share/usb_cam/hook/cmake_prefix_path.sh'
[11.697s] Level 1:colcon.colcon_core.environment:checking '/home/moad/VigiWheels/jetsonNano/ros2_ws/install/usb_cam/lib'
[11.697s] Level 1:colcon.colcon_core.shell:create_environment_hook('usb_cam', 'ld_library_path_lib')
[11.705s] INFO:colcon.colcon_core.shell:Creating environment hook '/home/moad/VigiWheels/jetsonNano/ros2_ws/install/usb_cam/share/usb_cam/hook/ld_library_path_lib.ps1'
[11.705s] INFO:colcon.colcon_core.shell:Creating environment descriptor '/home/moad/VigiWheels/jetsonNano/ros2_ws/install/usb_cam/share/usb_cam/hook/ld_library_path_lib.dsv'
[11.705s] INFO:colcon.colcon_core.shell:Creating environment hook '/home/moad/VigiWheels/jetsonNano/ros2_ws/install/usb_cam/share/usb_cam/hook/ld_library_path_lib.sh'
[11.705s] Level 1:colcon.colcon_core.environment:checking '/home/moad/VigiWheels/jetsonNano/ros2_ws/install/usb_cam/bin'
[11.705s] Level 1:colcon.colcon_core.environment:checking '/home/moad/VigiWheels/jetsonNano/ros2_ws/install/usb_cam/lib/pkgconfig/usb_cam.pc'
[11.706s] Level 1:colcon.colcon_core.environment:checking '/home/moad/VigiWheels/jetsonNano/ros2_ws/install/usb_cam/lib/python3.10/site-packages'
[11.706s] Level 1:colcon.colcon_core.environment:checking '/home/moad/VigiWheels/jetsonNano/ros2_ws/install/usb_cam/bin'
[11.714s] INFO:colcon.colcon_core.shell:Creating package script '/home/moad/VigiWheels/jetsonNano/ros2_ws/install/usb_cam/share/usb_cam/package.ps1'
[11.714s] INFO:colcon.colcon_core.shell:Creating package descriptor '/home/moad/VigiWheels/jetsonNano/ros2_ws/install/usb_cam/share/usb_cam/package.dsv'
[11.714s] INFO:colcon.colcon_core.shell:Creating package script '/home/moad/VigiWheels/jetsonNano/ros2_ws/install/usb_cam/share/usb_cam/package.sh'
[11.715s] INFO:colcon.colcon_core.shell:Creating package script '/home/moad/VigiWheels/jetsonNano/ros2_ws/install/usb_cam/share/usb_cam/package.bash'
[11.715s] INFO:colcon.colcon_core.shell:Creating package script '/home/moad/VigiWheels/jetsonNano/ros2_ws/install/usb_cam/share/usb_cam/package.zsh'
[11.715s] Level 1:colcon.colcon_core.environment:create_file_with_runtime_dependencies(/home/moad/VigiWheels/jetsonNano/ros2_ws/install/usb_cam/share/colcon-core/packages/usb_cam)
[11.757s] Level 1:colcon.colcon_core.environment:create_environment_scripts_only(usb_cam)
[11.765s] Level 1:colcon.colcon_core.environment:checking '/home/moad/VigiWheels/jetsonNano/ros2_ws/install/usb_cam' for CMake module files
[11.766s] Level 1:colcon.colcon_core.environment:checking '/home/moad/VigiWheels/jetsonNano/ros2_ws/install/usb_cam' for CMake config files
[11.766s] Level 1:colcon.colcon_core.shell:create_environment_hook('usb_cam', 'cmake_prefix_path')
[11.774s] INFO:colcon.colcon_core.shell:Creating environment hook '/home/moad/VigiWheels/jetsonNano/ros2_ws/install/usb_cam/share/usb_cam/hook/cmake_prefix_path.ps1'
[11.774s] INFO:colcon.colcon_core.shell:Creating environment descriptor '/home/moad/VigiWheels/jetsonNano/ros2_ws/install/usb_cam/share/usb_cam/hook/cmake_prefix_path.dsv'
[11.774s] INFO:colcon.colcon_core.shell:Creating environment hook '/home/moad/VigiWheels/jetsonNano/ros2_ws/install/usb_cam/share/usb_cam/hook/cmake_prefix_path.sh'
[11.774s] Level 1:colcon.colcon_core.environment:checking '/home/moad/VigiWheels/jetsonNano/ros2_ws/install/usb_cam/lib'
[11.775s] Level 1:colcon.colcon_core.shell:create_environment_hook('usb_cam', 'ld_library_path_lib')
[11.782s] INFO:colcon.colcon_core.shell:Creating environment hook '/home/moad/VigiWheels/jetsonNano/ros2_ws/install/usb_cam/share/usb_cam/hook/ld_library_path_lib.ps1'
[11.783s] INFO:colcon.colcon_core.shell:Creating environment descriptor '/home/moad/VigiWheels/jetsonNano/ros2_ws/install/usb_cam/share/usb_cam/hook/ld_library_path_lib.dsv'
[11.783s] INFO:colcon.colcon_core.shell:Creating environment hook '/home/moad/VigiWheels/jetsonNano/ros2_ws/install/usb_cam/share/usb_cam/hook/ld_library_path_lib.sh'
[11.783s] Level 1:colcon.colcon_core.environment:checking '/home/moad/VigiWheels/jetsonNano/ros2_ws/install/usb_cam/bin'
[11.783s] Level 1:colcon.colcon_core.environment:checking '/home/moad/VigiWheels/jetsonNano/ros2_ws/install/usb_cam/lib/pkgconfig/usb_cam.pc'
[11.783s] Level 1:colcon.colcon_core.environment:checking '/home/moad/VigiWheels/jetsonNano/ros2_ws/install/usb_cam/lib/python3.10/site-packages'
[11.783s] Level 1:colcon.colcon_core.environment:checking '/home/moad/VigiWheels/jetsonNano/ros2_ws/install/usb_cam/bin'
[11.791s] INFO:colcon.colcon_core.shell:Creating package script '/home/moad/VigiWheels/jetsonNano/ros2_ws/install/usb_cam/share/usb_cam/package.ps1'
[11.792s] INFO:colcon.colcon_core.shell:Creating package descriptor '/home/moad/VigiWheels/jetsonNano/ros2_ws/install/usb_cam/share/usb_cam/package.dsv'
[11.792s] INFO:colcon.colcon_core.shell:Creating package script '/home/moad/VigiWheels/jetsonNano/ros2_ws/install/usb_cam/share/usb_cam/package.sh'
[11.792s] INFO:colcon.colcon_core.shell:Creating package script '/home/moad/VigiWheels/jetsonNano/ros2_ws/install/usb_cam/share/usb_cam/package.bash'
[11.792s] INFO:colcon.colcon_core.shell:Creating package script '/home/moad/VigiWheels/jetsonNano/ros2_ws/install/usb_cam/share/usb_cam/package.zsh'
[11.793s] Level 1:colcon.colcon_core.environment:create_file_with_runtime_dependencies(/home/moad/VigiWheels/jetsonNano/ros2_ws/install/usb_cam/share/colcon-core/packages/usb_cam)
[11.793s] INFO:colcon.colcon_ros.task.ament_cmake.build:Building ROS package in '/home/moad/VigiWheels/jetsonNano/ros2_ws/src/geicar_start_jetson' with build type 'ament_cmake'
[11.793s] INFO:colcon.colcon_cmake.task.cmake.build:Building CMake package in '/home/moad/VigiWheels/jetsonNano/ros2_ws/src/geicar_start_jetson'
[11.802s] INFO:colcon.colcon_core.shell:Skip shell extension 'powershell' for command environment: Not usable outside of PowerShell
[11.802s] DEBUG:colcon.colcon_core.shell:Skip shell extension 'dsv' for command environment
[11.831s] DEBUG:colcon.colcon_core.event_handler.log_command:Invoking command in '/home/moad/VigiWheels/jetsonNano/ros2_ws/build/geicar_start_jetson': AMENT_PREFIX_PATH=/home/moad/VigiWheels/jetsonNano/ros2_ws/install/usb_cam:/home/moad/VigiWheels/jetsonNano/ros2_ws/install/rplidar_ros:${AMENT_PREFIX_PATH} CMAKE_PREFIX_PATH=/home/moad/VigiWheels/jetsonNano/ros2_ws/install/usb_cam:/home/moad/VigiWheels/jetsonNano/ros2_ws/install/rplidar_ros:/home/moad/ros2_ws/install/my_robot_controller:/home/moad/ros2_ws/install/manometer_detection:/opt/ros/humble LD_LIBRARY_PATH=/home/moad/VigiWheels/jetsonNano/ros2_ws/install/usb_cam/lib:/home/moad/VigiWheels/jetsonNano/ros2_ws/install/rplidar_ros/lib:${LD_LIBRARY_PATH} /usr/bin/cmake /home/moad/VigiWheels/jetsonNano/ros2_ws/src/geicar_start_jetson -DCMAKE_INSTALL_PREFIX=/home/moad/VigiWheels/jetsonNano/ros2_ws/install/geicar_start_jetson
[12.315s] DEBUG:colcon.colcon_core.event_handler.log_command:Invoked command in '/home/moad/VigiWheels/jetsonNano/ros2_ws/build/geicar_start_jetson' returned '0': AMENT_PREFIX_PATH=/home/moad/VigiWheels/jetsonNano/ros2_ws/install/usb_cam:/home/moad/VigiWheels/jetsonNano/ros2_ws/install/rplidar_ros:${AMENT_PREFIX_PATH} CMAKE_PREFIX_PATH=/home/moad/VigiWheels/jetsonNano/ros2_ws/install/usb_cam:/home/moad/VigiWheels/jetsonNano/ros2_ws/install/rplidar_ros:/home/moad/ros2_ws/install/my_robot_controller:/home/moad/ros2_ws/install/manometer_detection:/opt/ros/humble LD_LIBRARY_PATH=/home/moad/VigiWheels/jetsonNano/ros2_ws/install/usb_cam/lib:/home/moad/VigiWheels/jetsonNano/ros2_ws/install/rplidar_ros/lib:${LD_LIBRARY_PATH} /usr/bin/cmake /home/moad/VigiWheels/jetsonNano/ros2_ws/src/geicar_start_jetson -DCMAKE_INSTALL_PREFIX=/home/moad/VigiWheels/jetsonNano/ros2_ws/install/geicar_start_jetson
[12.319s] DEBUG:colcon.colcon_core.event_handler.log_command:Invoking command in '/home/moad/VigiWheels/jetsonNano/ros2_ws/build/geicar_start_jetson': AMENT_PREFIX_PATH=/home/moad/VigiWheels/jetsonNano/ros2_ws/install/usb_cam:/home/moad/VigiWheels/jetsonNano/ros2_ws/install/rplidar_ros:${AMENT_PREFIX_PATH} CMAKE_PREFIX_PATH=/home/moad/VigiWheels/jetsonNano/ros2_ws/install/usb_cam:/home/moad/VigiWheels/jetsonNano/ros2_ws/install/rplidar_ros:/home/moad/ros2_ws/install/my_robot_controller:/home/moad/ros2_ws/install/manometer_detection:/opt/ros/humble LD_LIBRARY_PATH=/home/moad/VigiWheels/jetsonNano/ros2_ws/install/usb_cam/lib:/home/moad/VigiWheels/jetsonNano/ros2_ws/install/rplidar_ros/lib:${LD_LIBRARY_PATH} /usr/bin/cmake --build /home/moad/VigiWheels/jetsonNano/ros2_ws/build/geicar_start_jetson -- -j12 -l12
[12.344s] DEBUG:colcon.colcon_core.event_handler.log_command:Invoked command in '/home/moad/VigiWheels/jetsonNano/ros2_ws/build/geicar_start_jetson' returned '0': AMENT_PREFIX_PATH=/home/moad/VigiWheels/jetsonNano/ros2_ws/install/usb_cam:/home/moad/VigiWheels/jetsonNano/ros2_ws/install/rplidar_ros:${AMENT_PREFIX_PATH} CMAKE_PREFIX_PATH=/home/moad/VigiWheels/jetsonNano/ros2_ws/install/usb_cam:/home/moad/VigiWheels/jetsonNano/ros2_ws/install/rplidar_ros:/home/moad/ros2_ws/install/my_robot_controller:/home/moad/ros2_ws/install/manometer_detection:/opt/ros/humble LD_LIBRARY_PATH=/home/moad/VigiWheels/jetsonNano/ros2_ws/install/usb_cam/lib:/home/moad/VigiWheels/jetsonNano/ros2_ws/install/rplidar_ros/lib:${LD_LIBRARY_PATH} /usr/bin/cmake --build /home/moad/VigiWheels/jetsonNano/ros2_ws/build/geicar_start_jetson -- -j12 -l12
[12.357s] DEBUG:colcon.colcon_core.event_handler.log_command:Invoking command in '/home/moad/VigiWheels/jetsonNano/ros2_ws/build/geicar_start_jetson': AMENT_PREFIX_PATH=/home/moad/VigiWheels/jetsonNano/ros2_ws/install/usb_cam:/home/moad/VigiWheels/jetsonNano/ros2_ws/install/rplidar_ros:${AMENT_PREFIX_PATH} CMAKE_PREFIX_PATH=/home/moad/VigiWheels/jetsonNano/ros2_ws/install/usb_cam:/home/moad/VigiWheels/jetsonNano/ros2_ws/install/rplidar_ros:/home/moad/ros2_ws/install/my_robot_controller:/home/moad/ros2_ws/install/manometer_detection:/opt/ros/humble LD_LIBRARY_PATH=/home/moad/VigiWheels/jetsonNano/ros2_ws/install/usb_cam/lib:/home/moad/VigiWheels/jetsonNano/ros2_ws/install/rplidar_ros/lib:${LD_LIBRARY_PATH} /usr/bin/cmake --install /home/moad/VigiWheels/jetsonNano/ros2_ws/build/geicar_start_jetson
[12.365s] Level 1:colcon.colcon_core.environment:create_environment_scripts_only(geicar_start_jetson)
[12.365s] DEBUG:colcon.colcon_core.event_handler.log_command:Invoked command in '/home/moad/VigiWheels/jetsonNano/ros2_ws/build/geicar_start_jetson' returned '0': AMENT_PREFIX_PATH=/home/moad/VigiWheels/jetsonNano/ros2_ws/install/usb_cam:/home/moad/VigiWheels/jetsonNano/ros2_ws/install/rplidar_ros:${AMENT_PREFIX_PATH} CMAKE_PREFIX_PATH=/home/moad/VigiWheels/jetsonNano/ros2_ws/install/usb_cam:/home/moad/VigiWheels/jetsonNano/ros2_ws/install/rplidar_ros:/home/moad/ros2_ws/install/my_robot_controller:/home/moad/ros2_ws/install/manometer_detection:/opt/ros/humble LD_LIBRARY_PATH=/home/moad/VigiWheels/jetsonNano/ros2_ws/install/usb_cam/lib:/home/moad/VigiWheels/jetsonNano/ros2_ws/install/rplidar_ros/lib:${LD_LIBRARY_PATH} /usr/bin/cmake --install /home/moad/VigiWheels/jetsonNano/ros2_ws/build/geicar_start_jetson
[12.376s] Level 1:colcon.colcon_core.environment:checking '/home/moad/VigiWheels/jetsonNano/ros2_ws/install/geicar_start_jetson' for CMake module files
[12.376s] Level 1:colcon.colcon_core.environment:checking '/home/moad/VigiWheels/jetsonNano/ros2_ws/install/geicar_start_jetson' for CMake config files
[12.376s] Level 1:colcon.colcon_core.shell:create_environment_hook('geicar_start_jetson', 'cmake_prefix_path')
[12.383s] INFO:colcon.colcon_core.shell:Creating environment hook '/home/moad/VigiWheels/jetsonNano/ros2_ws/install/geicar_start_jetson/share/geicar_start_jetson/hook/cmake_prefix_path.ps1'
[12.384s] INFO:colcon.colcon_core.shell:Creating environment descriptor '/home/moad/VigiWheels/jetsonNano/ros2_ws/install/geicar_start_jetson/share/geicar_start_jetson/hook/cmake_prefix_path.dsv'
[12.384s] INFO:colcon.colcon_core.shell:Creating environment hook '/home/moad/VigiWheels/jetsonNano/ros2_ws/install/geicar_start_jetson/share/geicar_start_jetson/hook/cmake_prefix_path.sh'
[12.384s] Level 1:colcon.colcon_core.environment:checking '/home/moad/VigiWheels/jetsonNano/ros2_ws/install/geicar_start_jetson/bin'
[12.384s] Level 1:colcon.colcon_core.environment:checking '/home/moad/VigiWheels/jetsonNano/ros2_ws/install/geicar_start_jetson/lib/pkgconfig/geicar_start_jetson.pc'
[12.385s] Level 1:colcon.colcon_core.environment:checking '/home/moad/VigiWheels/jetsonNano/ros2_ws/install/geicar_start_jetson/lib/python3.10/site-packages'
[12.385s] Level 1:colcon.colcon_core.environment:checking '/home/moad/VigiWheels/jetsonNano/ros2_ws/install/geicar_start_jetson/bin'
[12.392s] INFO:colcon.colcon_core.shell:Creating package script '/home/moad/VigiWheels/jetsonNano/ros2_ws/install/geicar_start_jetson/share/geicar_start_jetson/package.ps1'
[12.393s] INFO:colcon.colcon_core.shell:Creating package descriptor '/home/moad/VigiWheels/jetsonNano/ros2_ws/install/geicar_start_jetson/share/geicar_start_jetson/package.dsv'
[12.393s] INFO:colcon.colcon_core.shell:Creating package script '/home/moad/VigiWheels/jetsonNano/ros2_ws/install/geicar_start_jetson/share/geicar_start_jetson/package.sh'
[12.393s] INFO:colcon.colcon_core.shell:Creating package script '/home/moad/VigiWheels/jetsonNano/ros2_ws/install/geicar_start_jetson/share/geicar_start_jetson/package.bash'
[12.394s] INFO:colcon.colcon_core.shell:Creating package script '/home/moad/VigiWheels/jetsonNano/ros2_ws/install/geicar_start_jetson/share/geicar_start_jetson/package.zsh'
[12.394s] Level 1:colcon.colcon_core.environment:create_file_with_runtime_dependencies(/home/moad/VigiWheels/jetsonNano/ros2_ws/install/geicar_start_jetson/share/colcon-core/packages/geicar_start_jetson)
[12.426s] Level 1:colcon.colcon_core.environment:create_environment_scripts_only(geicar_start_jetson)
[12.436s] Level 1:colcon.colcon_core.environment:checking '/home/moad/VigiWheels/jetsonNano/ros2_ws/install/geicar_start_jetson' for CMake module files
[12.436s] Level 1:colcon.colcon_core.environment:checking '/home/moad/VigiWheels/jetsonNano/ros2_ws/install/geicar_start_jetson' for CMake config files
[12.436s] Level 1:colcon.colcon_core.shell:create_environment_hook('geicar_start_jetson', 'cmake_prefix_path')
[12.444s] INFO:colcon.colcon_core.shell:Creating environment hook '/home/moad/VigiWheels/jetsonNano/ros2_ws/install/geicar_start_jetson/share/geicar_start_jetson/hook/cmake_prefix_path.ps1'
[12.444s] INFO:colcon.colcon_core.shell:Creating environment descriptor '/home/moad/VigiWheels/jetsonNano/ros2_ws/install/geicar_start_jetson/share/geicar_start_jetson/hook/cmake_prefix_path.dsv'
[12.444s] INFO:colcon.colcon_core.shell:Creating environment hook '/home/moad/VigiWheels/jetsonNano/ros2_ws/install/geicar_start_jetson/share/geicar_start_jetson/hook/cmake_prefix_path.sh'
[12.445s] Level 1:colcon.colcon_core.environment:checking '/home/moad/VigiWheels/jetsonNano/ros2_ws/install/geicar_start_jetson/bin'
[12.445s] Level 1:colcon.colcon_core.environment:checking '/home/moad/VigiWheels/jetsonNano/ros2_ws/install/geicar_start_jetson/lib/pkgconfig/geicar_start_jetson.pc'
[12.445s] Level 1:colcon.colcon_core.environment:checking '/home/moad/VigiWheels/jetsonNano/ros2_ws/install/geicar_start_jetson/lib/python3.10/site-packages'
[12.445s] Level 1:colcon.colcon_core.environment:checking '/home/moad/VigiWheels/jetsonNano/ros2_ws/install/geicar_start_jetson/bin'
[12.453s] INFO:colcon.colcon_core.shell:Creating package script '/home/moad/VigiWheels/jetsonNano/ros2_ws/install/geicar_start_jetson/share/geicar_start_jetson/package.ps1'
[12.453s] INFO:colcon.colcon_core.shell:Creating package descriptor '/home/moad/VigiWheels/jetsonNano/ros2_ws/install/geicar_start_jetson/share/geicar_start_jetson/package.dsv'
[12.453s] INFO:colcon.colcon_core.shell:Creating package script '/home/moad/VigiWheels/jetsonNano/ros2_ws/install/geicar_start_jetson/share/geicar_start_jetson/package.sh'
[12.454s] INFO:colcon.colcon_core.shell:Creating package script '/home/moad/VigiWheels/jetsonNano/ros2_ws/install/geicar_start_jetson/share/geicar_start_jetson/package.bash'
[12.454s] INFO:colcon.colcon_core.shell:Creating package script '/home/moad/VigiWheels/jetsonNano/ros2_ws/install/geicar_start_jetson/share/geicar_start_jetson/package.zsh'
[12.454s] Level 1:colcon.colcon_core.environment:create_file_with_runtime_dependencies(/home/moad/VigiWheels/jetsonNano/ros2_ws/install/geicar_start_jetson/share/colcon-core/packages/geicar_start_jetson)
[16.011s] DEBUG:colcon.colcon_core.event_handler.log_command:Invoked command in '/home/moad/VigiWheels/jetsonNano/ros2_ws/build/system_check_ack' returned '0': AMENT_PREFIX_PATH=/home/moad/VigiWheels/jetsonNano/ros2_ws/install/interfaces:${AMENT_PREFIX_PATH} CMAKE_PREFIX_PATH=/home/moad/VigiWheels/jetsonNano/ros2_ws/install/interfaces:/home/moad/ros2_ws/install/my_robot_controller:/home/moad/ros2_ws/install/manometer_detection:/opt/ros/humble LD_LIBRARY_PATH=/home/moad/VigiWheels/jetsonNano/ros2_ws/install/interfaces/lib:${LD_LIBRARY_PATH} PYTHONPATH=/home/moad/VigiWheels/jetsonNano/ros2_ws/install/interfaces/local/lib/python3.10/dist-packages:${PYTHONPATH} /usr/bin/cmake --build /home/moad/VigiWheels/jetsonNano/ros2_ws/build/system_check_ack -- -j12 -l12
[16.030s] DEBUG:colcon.colcon_core.event_handler.log_command:Invoking command in '/home/moad/VigiWheels/jetsonNano/ros2_ws/build/system_check_ack': AMENT_PREFIX_PATH=/home/moad/VigiWheels/jetsonNano/ros2_ws/install/interfaces:${AMENT_PREFIX_PATH} CMAKE_PREFIX_PATH=/home/moad/VigiWheels/jetsonNano/ros2_ws/install/interfaces:/home/moad/ros2_ws/install/my_robot_controller:/home/moad/ros2_ws/install/manometer_detection:/opt/ros/humble LD_LIBRARY_PATH=/home/moad/VigiWheels/jetsonNano/ros2_ws/install/interfaces/lib:${LD_LIBRARY_PATH} PYTHONPATH=/home/moad/VigiWheels/jetsonNano/ros2_ws/install/interfaces/local/lib/python3.10/dist-packages:${PYTHONPATH} /usr/bin/cmake --install /home/moad/VigiWheels/jetsonNano/ros2_ws/build/system_check_ack
[16.039s] Level 1:colcon.colcon_core.environment:create_environment_scripts_only(system_check_ack)
[16.040s] DEBUG:colcon.colcon_core.event_handler.log_command:Invoked command in '/home/moad/VigiWheels/jetsonNano/ros2_ws/build/system_check_ack' returned '0': AMENT_PREFIX_PATH=/home/moad/VigiWheels/jetsonNano/ros2_ws/install/interfaces:${AMENT_PREFIX_PATH} CMAKE_PREFIX_PATH=/home/moad/VigiWheels/jetsonNano/ros2_ws/install/interfaces:/home/moad/ros2_ws/install/my_robot_controller:/home/moad/ros2_ws/install/manometer_detection:/opt/ros/humble LD_LIBRARY_PATH=/home/moad/VigiWheels/jetsonNano/ros2_ws/install/interfaces/lib:${LD_LIBRARY_PATH} PYTHONPATH=/home/moad/VigiWheels/jetsonNano/ros2_ws/install/interfaces/local/lib/python3.10/dist-packages:${PYTHONPATH} /usr/bin/cmake --install /home/moad/VigiWheels/jetsonNano/ros2_ws/build/system_check_ack
[16.063s] Level 1:colcon.colcon_core.environment:checking '/home/moad/VigiWheels/jetsonNano/ros2_ws/install/system_check_ack' for CMake module files
[16.063s] Level 1:colcon.colcon_core.environment:checking '/home/moad/VigiWheels/jetsonNano/ros2_ws/install/system_check_ack' for CMake config files
[16.064s] Level 1:colcon.colcon_core.shell:create_environment_hook('system_check_ack', 'cmake_prefix_path')
[16.073s] INFO:colcon.colcon_core.shell:Creating environment hook '/home/moad/VigiWheels/jetsonNano/ros2_ws/install/system_check_ack/share/system_check_ack/hook/cmake_prefix_path.ps1'
[16.073s] INFO:colcon.colcon_core.shell:Creating environment descriptor '/home/moad/VigiWheels/jetsonNano/ros2_ws/install/system_check_ack/share/system_check_ack/hook/cmake_prefix_path.dsv'
[16.073s] INFO:colcon.colcon_core.shell:Creating environment hook '/home/moad/VigiWheels/jetsonNano/ros2_ws/install/system_check_ack/share/system_check_ack/hook/cmake_prefix_path.sh'
[16.074s] Level 1:colcon.colcon_core.environment:checking '/home/moad/VigiWheels/jetsonNano/ros2_ws/install/system_check_ack/lib'
[16.074s] Level 1:colcon.colcon_core.environment:checking '/home/moad/VigiWheels/jetsonNano/ros2_ws/install/system_check_ack/bin'
[16.074s] Level 1:colcon.colcon_core.environment:checking '/home/moad/VigiWheels/jetsonNano/ros2_ws/install/system_check_ack/lib/pkgconfig/system_check_ack.pc'
[16.074s] Level 1:colcon.colcon_core.environment:checking '/home/moad/VigiWheels/jetsonNano/ros2_ws/install/system_check_ack/lib/python3.10/site-packages'
[16.074s] Level 1:colcon.colcon_core.environment:checking '/home/moad/VigiWheels/jetsonNano/ros2_ws/install/system_check_ack/bin'
[16.082s] INFO:colcon.colcon_core.shell:Creating package script '/home/moad/VigiWheels/jetsonNano/ros2_ws/install/system_check_ack/share/system_check_ack/package.ps1'
[16.082s] INFO:colcon.colcon_core.shell:Creating package descriptor '/home/moad/VigiWheels/jetsonNano/ros2_ws/install/system_check_ack/share/system_check_ack/package.dsv'
[16.083s] INFO:colcon.colcon_core.shell:Creating package script '/home/moad/VigiWheels/jetsonNano/ros2_ws/install/system_check_ack/share/system_check_ack/package.sh'
[16.083s] INFO:colcon.colcon_core.shell:Creating package script '/home/moad/VigiWheels/jetsonNano/ros2_ws/install/system_check_ack/share/system_check_ack/package.bash'
[16.083s] INFO:colcon.colcon_core.shell:Creating package script '/home/moad/VigiWheels/jetsonNano/ros2_ws/install/system_check_ack/share/system_check_ack/package.zsh'
[16.083s] Level 1:colcon.colcon_core.environment:create_file_with_runtime_dependencies(/home/moad/VigiWheels/jetsonNano/ros2_ws/install/system_check_ack/share/colcon-core/packages/system_check_ack)
[16.105s] Level 1:colcon.colcon_core.environment:create_environment_scripts_only(system_check_ack)
[16.112s] Level 1:colcon.colcon_core.environment:checking '/home/moad/VigiWheels/jetsonNano/ros2_ws/install/system_check_ack' for CMake module files
[16.112s] Level 1:colcon.colcon_core.environment:checking '/home/moad/VigiWheels/jetsonNano/ros2_ws/install/system_check_ack' for CMake config files
[16.113s] Level 1:colcon.colcon_core.shell:create_environment_hook('system_check_ack', 'cmake_prefix_path')
[16.120s] INFO:colcon.colcon_core.shell:Creating environment hook '/home/moad/VigiWheels/jetsonNano/ros2_ws/install/system_check_ack/share/system_check_ack/hook/cmake_prefix_path.ps1'
[16.120s] INFO:colcon.colcon_core.shell:Creating environment descriptor '/home/moad/VigiWheels/jetsonNano/ros2_ws/install/system_check_ack/share/system_check_ack/hook/cmake_prefix_path.dsv'
[16.120s] INFO:colcon.colcon_core.shell:Creating environment hook '/home/moad/VigiWheels/jetsonNano/ros2_ws/install/system_check_ack/share/system_check_ack/hook/cmake_prefix_path.sh'
[16.121s] Level 1:colcon.colcon_core.environment:checking '/home/moad/VigiWheels/jetsonNano/ros2_ws/install/system_check_ack/lib'
[16.121s] Level 1:colcon.colcon_core.environment:checking '/home/moad/VigiWheels/jetsonNano/ros2_ws/install/system_check_ack/bin'
[16.121s] Level 1:colcon.colcon_core.environment:checking '/home/moad/VigiWheels/jetsonNano/ros2_ws/install/system_check_ack/lib/pkgconfig/system_check_ack.pc'
[16.121s] Level 1:colcon.colcon_core.environment:checking '/home/moad/VigiWheels/jetsonNano/ros2_ws/install/system_check_ack/lib/python3.10/site-packages'
[16.121s] Level 1:colcon.colcon_core.environment:checking '/home/moad/VigiWheels/jetsonNano/ros2_ws/install/system_check_ack/bin'
[16.129s] INFO:colcon.colcon_core.shell:Creating package script '/home/moad/VigiWheels/jetsonNano/ros2_ws/install/system_check_ack/share/system_check_ack/package.ps1'
[16.129s] INFO:colcon.colcon_core.shell:Creating package descriptor '/home/moad/VigiWheels/jetsonNano/ros2_ws/install/system_check_ack/share/system_check_ack/package.dsv'
[16.130s] INFO:colcon.colcon_core.shell:Creating package script '/home/moad/VigiWheels/jetsonNano/ros2_ws/install/system_check_ack/share/system_check_ack/package.sh'
[16.130s] INFO:colcon.colcon_core.shell:Creating package script '/home/moad/VigiWheels/jetsonNano/ros2_ws/install/system_check_ack/share/system_check_ack/package.bash'
[16.130s] INFO:colcon.colcon_core.shell:Creating package script '/home/moad/VigiWheels/jetsonNano/ros2_ws/install/system_check_ack/share/system_check_ack/package.zsh'
[16.130s] Level 1:colcon.colcon_core.environment:create_file_with_runtime_dependencies(/home/moad/VigiWheels/jetsonNano/ros2_ws/install/system_check_ack/share/colcon-core/packages/system_check_ack)
[16.131s] DEBUG:colcon.colcon_parallel_executor.executor.parallel:closing loop
[16.131s] DEBUG:colcon.colcon_parallel_executor.executor.parallel:loop closed
[16.131s] DEBUG:colcon.colcon_parallel_executor.executor.parallel:run_until_complete finished with '0'
[16.131s] DEBUG:colcon.colcon_core.event_reactor:joining thread
[16.143s] INFO:colcon.colcon_core.plugin_system:Skipping extension 'colcon_notification.desktop_notification.terminal_notifier': Not used on non-Darwin systems
[16.143s] INFO:colcon.colcon_core.plugin_system:Skipping extension 'colcon_notification.desktop_notification.win32': Not used on non-Windows systems
[16.143s] INFO:colcon.colcon_notification.desktop_notification:Sending desktop notification using 'notify2'
[16.154s] DEBUG:colcon.colcon_core.event_reactor:joined thread
[16.178s] INFO:colcon.colcon_core.shell:Creating prefix script '/home/moad/VigiWheels/jetsonNano/ros2_ws/install/local_setup.ps1'
[16.179s] INFO:colcon.colcon_core.shell:Creating prefix util module '/home/moad/VigiWheels/jetsonNano/ros2_ws/install/_local_setup_util_ps1.py'
[16.180s] INFO:colcon.colcon_core.shell:Creating prefix chain script '/home/moad/VigiWheels/jetsonNano/ros2_ws/install/setup.ps1'
[16.192s] INFO:colcon.colcon_core.shell:Creating prefix script '/home/moad/VigiWheels/jetsonNano/ros2_ws/install/local_setup.sh'
[16.192s] INFO:colcon.colcon_core.shell:Creating prefix util module '/home/moad/VigiWheels/jetsonNano/ros2_ws/install/_local_setup_util_sh.py'
[16.193s] INFO:colcon.colcon_core.shell:Creating prefix chain script '/home/moad/VigiWheels/jetsonNano/ros2_ws/install/setup.sh'
[16.201s] INFO:colcon.colcon_core.shell:Creating prefix script '/home/moad/VigiWheels/jetsonNano/ros2_ws/install/local_setup.bash'
[16.201s] INFO:colcon.colcon_core.shell:Creating prefix chain script '/home/moad/VigiWheels/jetsonNano/ros2_ws/install/setup.bash'
[16.209s] INFO:colcon.colcon_core.shell:Creating prefix script '/home/moad/VigiWheels/jetsonNano/ros2_ws/install/local_setup.zsh'
[16.209s] INFO:colcon.colcon_core.shell:Creating prefix chain script '/home/moad/VigiWheels/jetsonNano/ros2_ws/install/setup.zsh'
