[0.532s] DEBUG:colcon:Command line arguments: ['/usr/bin/colcon', 'build', '--packages-select', 'pressure_level']
[0.532s] DEBUG:colcon:Parsed command line arguments: Namespace(log_base=None, log_level=None, verb_name='build', build_base='build', install_base='install', merge_install=False, symlink_install=False, test_result_base=None, continue_on_error=False, executor='parallel', parallel_workers=12, event_handlers=None, ignore_user_meta=False, metas=['./colcon.meta'], base_paths=['.'], packages_ignore=None, packages_ignore_regex=None, paths=None, packages_up_to=None, packages_up_to_regex=None, packages_above=None, packages_above_and_dependencies=None, packages_above_depth=None, packages_select_by_dep=None, packages_skip_by_dep=None, packages_skip_up_to=None, packages_select_build_failed=False, packages_skip_build_finished=False, packages_select_test_failures=False, packages_skip_test_passed=False, packages_select=['pressure_level'], packages_skip=None, packages_select_regex=None, packages_skip_regex=None, packages_start=None, packages_end=None, allow_overriding=[], cmake_args=None, cmake_target=None, cmake_target_skip_unavailable=False, cmake_clean_cache=False, cmake_clean_first=False, cmake_force_configure=False, ament_cmake_args=None, catkin_cmake_args=None, catkin_skip_building_tests=False, verb_parser=<colcon_defaults.argument_parser.defaults.DefaultArgumentsDecorator object at 0x7fd58fb87b50>, verb_extension=<colcon_core.verb.build.BuildVerb object at 0x7fd58fdf4c70>, main=<bound method BuildVerb.main of <colcon_core.verb.build.BuildVerb object at 0x7fd58fdf4c70>>)
[0.558s] Level 1:colcon.colcon_core.package_discovery:discover_packages(colcon_meta) check parameters
[0.558s] Level 1:colcon.colcon_core.package_discovery:discover_packages(recursive) check parameters
[0.558s] Level 1:colcon.colcon_core.package_discovery:discover_packages(ignore) check parameters
[0.558s] Level 1:colcon.colcon_core.package_discovery:discover_packages(path) check parameters
[0.558s] Level 1:colcon.colcon_core.package_discovery:discover_packages(colcon_meta) discover
[0.558s] Level 1:colcon.colcon_core.package_discovery:discover_packages(recursive) discover
[0.558s] INFO:colcon.colcon_core.package_discovery:Crawling recursively for packages in '/home/moad/VigiWheels/jetsonNano/ros2_ws/src/pressure_level'
[0.558s] Level 1:colcon.colcon_core.package_identification:_identify(.) by extensions ['ignore', 'ignore_ament_install']
[0.558s] Level 1:colcon.colcon_core.package_identification:_identify(.) by extension 'ignore'
[0.558s] Level 1:colcon.colcon_core.package_identification:_identify(.) by extension 'ignore_ament_install'
[0.558s] Level 1:colcon.colcon_core.package_identification:_identify(.) by extensions ['colcon_pkg']
[0.558s] Level 1:colcon.colcon_core.package_identification:_identify(.) by extension 'colcon_pkg'
[0.558s] Level 1:colcon.colcon_core.package_identification:_identify(.) by extensions ['colcon_meta']
[0.558s] Level 1:colcon.colcon_core.package_identification:_identify(.) by extension 'colcon_meta'
[0.558s] Level 1:colcon.colcon_core.package_identification:_identify(.) by extensions ['ros']
[0.558s] Level 1:colcon.colcon_core.package_identification:_identify(.) by extension 'ros'
[0.568s] DEBUG:colcon.colcon_core.package_identification:Package '.' with type 'ros.ament_python' and name 'pressure_level'
[0.568s] Level 1:colcon.colcon_core.package_discovery:discover_packages(recursive) using defaults
[0.568s] Level 1:colcon.colcon_core.package_discovery:discover_packages(ignore) discover
[0.568s] Level 1:colcon.colcon_core.package_discovery:discover_packages(ignore) using defaults
[0.568s] Level 1:colcon.colcon_core.package_discovery:discover_packages(path) discover
[0.568s] Level 1:colcon.colcon_core.package_discovery:discover_packages(path) using defaults
[0.617s] Level 1:colcon.colcon_core.package_discovery:discover_packages(prefix_path) check parameters
[0.617s] Level 1:colcon.colcon_core.package_discovery:discover_packages(prefix_path) discover
[0.632s] DEBUG:colcon.colcon_installed_package_information.package_discovery:Found 7 installed packages in /home/moad/VigiWheels/jetsonNano/ros2_ws/install
[0.639s] DEBUG:colcon.colcon_installed_package_information.package_discovery:Found 4 installed packages in /home/moad/ros2_ws/install
[0.647s] DEBUG:colcon.colcon_installed_package_information.package_discovery:Found 277 installed packages in /opt/ros/humble
[0.648s] Level 1:colcon.colcon_core.package_discovery:discover_packages(prefix_path) using defaults
[0.698s] Level 5:colcon.colcon_core.verb:set package 'pressure_level' build argument 'cmake_args' from command line to 'None'
[0.698s] Level 5:colcon.colcon_core.verb:set package 'pressure_level' build argument 'cmake_target' from command line to 'None'
[0.698s] Level 5:colcon.colcon_core.verb:set package 'pressure_level' build argument 'cmake_target_skip_unavailable' from command line to 'False'
[0.698s] Level 5:colcon.colcon_core.verb:set package 'pressure_level' build argument 'cmake_clean_cache' from command line to 'False'
[0.698s] Level 5:colcon.colcon_core.verb:set package 'pressure_level' build argument 'cmake_clean_first' from command line to 'False'
[0.698s] Level 5:colcon.colcon_core.verb:set package 'pressure_level' build argument 'cmake_force_configure' from command line to 'False'
[0.698s] Level 5:colcon.colcon_core.verb:set package 'pressure_level' build argument 'ament_cmake_args' from command line to 'None'
[0.698s] Level 5:colcon.colcon_core.verb:set package 'pressure_level' build argument 'catkin_cmake_args' from command line to 'None'
[0.698s] Level 5:colcon.colcon_core.verb:set package 'pressure_level' build argument 'catkin_skip_building_tests' from command line to 'False'
[0.698s] DEBUG:colcon.colcon_core.verb:Building package 'pressure_level' with the following arguments: {'ament_cmake_args': None, 'build_base': '/home/moad/VigiWheels/jetsonNano/ros2_ws/src/pressure_level/build/pressure_level', 'catkin_cmake_args': None, 'catkin_skip_building_tests': False, 'cmake_args': None, 'cmake_clean_cache': False, 'cmake_clean_first': False, 'cmake_force_configure': False, 'cmake_target': None, 'cmake_target_skip_unavailable': False, 'install_base': '/home/moad/VigiWheels/jetsonNano/ros2_ws/src/pressure_level/install/pressure_level', 'merge_install': False, 'path': '/home/moad/VigiWheels/jetsonNano/ros2_ws/src/pressure_level', 'symlink_install': False, 'test_result_base': None}
[0.705s] INFO:colcon.colcon_core.executor:Executing jobs using 'parallel' executor
[0.712s] DEBUG:colcon.colcon_parallel_executor.executor.parallel:run_until_complete
[0.713s] INFO:colcon.colcon_ros.task.ament_python.build:Building ROS package in '/home/moad/VigiWheels/jetsonNano/ros2_ws/src/pressure_level' with build type 'ament_python'
[0.713s] Level 1:colcon.colcon_core.shell:create_environment_hook('pressure_level', 'ament_prefix_path')
[0.721s] INFO:colcon.colcon_core.plugin_system:Skipping extension 'colcon_core.shell.bat': Not used on non-Windows systems
[0.721s] INFO:colcon.colcon_core.shell:Creating environment hook '/home/moad/VigiWheels/jetsonNano/ros2_ws/src/pressure_level/install/pressure_level/share/pressure_level/hook/ament_prefix_path.ps1'
[0.721s] INFO:colcon.colcon_core.shell:Creating environment descriptor '/home/moad/VigiWheels/jetsonNano/ros2_ws/src/pressure_level/install/pressure_level/share/pressure_level/hook/ament_prefix_path.dsv'
[0.722s] INFO:colcon.colcon_core.shell:Creating environment hook '/home/moad/VigiWheels/jetsonNano/ros2_ws/src/pressure_level/install/pressure_level/share/pressure_level/hook/ament_prefix_path.sh'
[0.729s] INFO:colcon.colcon_core.shell:Skip shell extension 'powershell' for command environment: Not usable outside of PowerShell
[0.729s] DEBUG:colcon.colcon_core.shell:Skip shell extension 'dsv' for command environment
[0.929s] INFO:colcon.colcon_core.task.python.build:Building Python package in '/home/moad/VigiWheels/jetsonNano/ros2_ws/src/pressure_level'
[0.937s] INFO:colcon.colcon_core.shell:Skip shell extension 'powershell' for command environment: Not usable outside of PowerShell
[0.937s] DEBUG:colcon.colcon_core.shell:Skip shell extension 'dsv' for command environment
[1.194s] DEBUG:colcon.colcon_core.event_handler.log_command:Invoking command in '/home/moad/VigiWheels/jetsonNano/ros2_ws/src/pressure_level': PYTHONPATH=/home/moad/VigiWheels/jetsonNano/ros2_ws/src/pressure_level/build/pressure_level/prefix_override:/home/moad/VigiWheels/jetsonNano/ros2_ws/src/pressure_level/install/pressure_level/lib/python3.10/site-packages:${PYTHONPATH} /usr/bin/python3 setup.py egg_info --egg-base build/pressure_level build --build-base /home/moad/VigiWheels/jetsonNano/ros2_ws/src/pressure_level/build/pressure_level/build install --record /home/moad/VigiWheels/jetsonNano/ros2_ws/src/pressure_level/build/pressure_level/install.log --single-version-externally-managed
[1.390s] DEBUG:colcon.colcon_core.event_handler.log_command:Invoked command in '/home/moad/VigiWheels/jetsonNano/ros2_ws/src/pressure_level' returned '0': PYTHONPATH=/home/moad/VigiWheels/jetsonNano/ros2_ws/src/pressure_level/build/pressure_level/prefix_override:/home/moad/VigiWheels/jetsonNano/ros2_ws/src/pressure_level/install/pressure_level/lib/python3.10/site-packages:${PYTHONPATH} /usr/bin/python3 setup.py egg_info --egg-base build/pressure_level build --build-base /home/moad/VigiWheels/jetsonNano/ros2_ws/src/pressure_level/build/pressure_level/build install --record /home/moad/VigiWheels/jetsonNano/ros2_ws/src/pressure_level/build/pressure_level/install.log --single-version-externally-managed
[1.400s] Level 1:colcon.colcon_core.environment:checking '/home/moad/VigiWheels/jetsonNano/ros2_ws/src/pressure_level/install/pressure_level' for CMake module files
[1.400s] Level 1:colcon.colcon_core.environment:checking '/home/moad/VigiWheels/jetsonNano/ros2_ws/src/pressure_level/install/pressure_level' for CMake config files
[1.401s] Level 1:colcon.colcon_core.environment:checking '/home/moad/VigiWheels/jetsonNano/ros2_ws/src/pressure_level/install/pressure_level/lib'
[1.401s] Level 1:colcon.colcon_core.environment:checking '/home/moad/VigiWheels/jetsonNano/ros2_ws/src/pressure_level/install/pressure_level/bin'
[1.401s] Level 1:colcon.colcon_core.environment:checking '/home/moad/VigiWheels/jetsonNano/ros2_ws/src/pressure_level/install/pressure_level/lib/pkgconfig/pressure_level.pc'
[1.401s] Level 1:colcon.colcon_core.environment:checking '/home/moad/VigiWheels/jetsonNano/ros2_ws/src/pressure_level/install/pressure_level/lib/python3.10/site-packages'
[1.401s] Level 1:colcon.colcon_core.shell:create_environment_hook('pressure_level', 'pythonpath')
[1.409s] INFO:colcon.colcon_core.shell:Creating environment hook '/home/moad/VigiWheels/jetsonNano/ros2_ws/src/pressure_level/install/pressure_level/share/pressure_level/hook/pythonpath.ps1'
[1.409s] INFO:colcon.colcon_core.shell:Creating environment descriptor '/home/moad/VigiWheels/jetsonNano/ros2_ws/src/pressure_level/install/pressure_level/share/pressure_level/hook/pythonpath.dsv'
[1.409s] INFO:colcon.colcon_core.shell:Creating environment hook '/home/moad/VigiWheels/jetsonNano/ros2_ws/src/pressure_level/install/pressure_level/share/pressure_level/hook/pythonpath.sh'
[1.410s] Level 1:colcon.colcon_core.environment:checking '/home/moad/VigiWheels/jetsonNano/ros2_ws/src/pressure_level/install/pressure_level/bin'
[1.410s] Level 1:colcon.colcon_core.environment:create_environment_scripts_only(pressure_level)
[1.417s] INFO:colcon.colcon_core.shell:Creating package script '/home/moad/VigiWheels/jetsonNano/ros2_ws/src/pressure_level/install/pressure_level/share/pressure_level/package.ps1'
[1.418s] INFO:colcon.colcon_core.shell:Creating package descriptor '/home/moad/VigiWheels/jetsonNano/ros2_ws/src/pressure_level/install/pressure_level/share/pressure_level/package.dsv'
[1.418s] INFO:colcon.colcon_core.shell:Creating package script '/home/moad/VigiWheels/jetsonNano/ros2_ws/src/pressure_level/install/pressure_level/share/pressure_level/package.sh'
[1.419s] INFO:colcon.colcon_core.shell:Creating package script '/home/moad/VigiWheels/jetsonNano/ros2_ws/src/pressure_level/install/pressure_level/share/pressure_level/package.bash'
[1.419s] INFO:colcon.colcon_core.shell:Creating package script '/home/moad/VigiWheels/jetsonNano/ros2_ws/src/pressure_level/install/pressure_level/share/pressure_level/package.zsh'
[1.419s] Level 1:colcon.colcon_core.environment:create_file_with_runtime_dependencies(/home/moad/VigiWheels/jetsonNano/ros2_ws/src/pressure_level/install/pressure_level/share/colcon-core/packages/pressure_level)
[1.420s] DEBUG:colcon.colcon_parallel_executor.executor.parallel:closing loop
[1.420s] DEBUG:colcon.colcon_parallel_executor.executor.parallel:loop closed
[1.420s] DEBUG:colcon.colcon_parallel_executor.executor.parallel:run_until_complete finished with '0'
[1.420s] DEBUG:colcon.colcon_core.event_reactor:joining thread
[1.454s] INFO:colcon.colcon_core.plugin_system:Skipping extension 'colcon_notification.desktop_notification.terminal_notifier': Not used on non-Darwin systems
[1.454s] INFO:colcon.colcon_core.plugin_system:Skipping extension 'colcon_notification.desktop_notification.win32': Not used on non-Windows systems
[1.454s] INFO:colcon.colcon_notification.desktop_notification:Sending desktop notification using 'notify2'
[1.482s] DEBUG:colcon.colcon_core.event_reactor:joined thread
[1.500s] INFO:colcon.colcon_core.shell:Creating prefix script '/home/moad/VigiWheels/jetsonNano/ros2_ws/src/pressure_level/install/local_setup.ps1'
[1.500s] INFO:colcon.colcon_core.shell:Creating prefix util module '/home/moad/VigiWheels/jetsonNano/ros2_ws/src/pressure_level/install/_local_setup_util_ps1.py'
[1.501s] INFO:colcon.colcon_core.shell:Creating prefix chain script '/home/moad/VigiWheels/jetsonNano/ros2_ws/src/pressure_level/install/setup.ps1'
[1.510s] INFO:colcon.colcon_core.shell:Creating prefix script '/home/moad/VigiWheels/jetsonNano/ros2_ws/src/pressure_level/install/local_setup.sh'
[1.510s] INFO:colcon.colcon_core.shell:Creating prefix util module '/home/moad/VigiWheels/jetsonNano/ros2_ws/src/pressure_level/install/_local_setup_util_sh.py'
[1.510s] INFO:colcon.colcon_core.shell:Creating prefix chain script '/home/moad/VigiWheels/jetsonNano/ros2_ws/src/pressure_level/install/setup.sh'
[1.518s] INFO:colcon.colcon_core.shell:Creating prefix script '/home/moad/VigiWheels/jetsonNano/ros2_ws/src/pressure_level/install/local_setup.bash'
[1.519s] INFO:colcon.colcon_core.shell:Creating prefix chain script '/home/moad/VigiWheels/jetsonNano/ros2_ws/src/pressure_level/install/setup.bash'
[1.527s] INFO:colcon.colcon_core.shell:Creating prefix script '/home/moad/VigiWheels/jetsonNano/ros2_ws/src/pressure_level/install/local_setup.zsh'
[1.527s] INFO:colcon.colcon_core.shell:Creating prefix chain script '/home/moad/VigiWheels/jetsonNano/ros2_ws/src/pressure_level/install/setup.zsh'
