[0.150s] Invoking command in '/home/insa/Desktop/VigiWheels/raspberryPI3/ros2_ws/build/carla_msgs': CMAKE_PREFIX_PATH=${CMAKE_PREFIX_PATH}:/opt/ros/humble /usr/bin/cmake --build /home/insa/Desktop/VigiWheels/raspberryPI3/ros2_ws/build/carla_msgs -- -j8 -l8
[0.198s] [35m[1mConsolidate compiler generated dependencies of target carla_msgs__rosidl_generator_c[0m
[0.223s] [  3%] Built target carla_msgs__cpp
[0.224s] [ 12%] Built target carla_msgs__rosidl_generator_c
[0.239s] [35m[1mConsolidate compiler generated dependencies of target carla_msgs__rosidl_typesupport_cpp[0m
[0.241s] [35m[1mConsolidate compiler generated dependencies of target carla_msgs__rosidl_typesupport_fastrtps_cpp[0m
[0.242s] [35m[1mConsolidate compiler generated dependencies of target carla_msgs__rosidl_typesupport_introspection_cpp[0m
[0.243s] [35m[1mConsolidate compiler generated dependencies of target carla_msgs__rosidl_typesupport_introspection_c[0m
[0.247s] [35m[1mConsolidate compiler generated dependencies of target carla_msgs__rosidl_typesupport_c[0m
[0.247s] [35m[1mConsolidate compiler generated dependencies of target carla_msgs__rosidl_typesupport_fastrtps_c[0m
[0.256s] [ 12%] Built target ament_cmake_python_copy_carla_msgs
[0.256s] [ 22%] Built target carla_msgs__rosidl_typesupport_cpp
[0.266s] [ 32%] Built target carla_msgs__rosidl_typesupport_introspection_c
[0.266s] [ 45%] Built target carla_msgs__rosidl_typesupport_introspection_cpp
[0.266s] [ 61%] Built target carla_msgs__rosidl_typesupport_fastrtps_cpp
[0.267s] [ 58%] Built target carla_msgs__rosidl_typesupport_fastrtps_c
[0.276s] [ 70%] Built target carla_msgs__rosidl_typesupport_c
[0.297s] [ 70%] Built target carla_msgs
[0.318s] [ 74%] Built target carla_msgs__py
[0.335s] [35m[1mConsolidate compiler generated dependencies of target carla_msgs__rosidl_generator_py[0m
[0.354s] [ 80%] Built target carla_msgs__rosidl_generator_py
[0.407s] [35m[1mConsolidate compiler generated dependencies of target carla_msgs__rosidl_typesupport_c__pyext[0m
[0.428s] [35m[1mConsolidate compiler generated dependencies of target carla_msgs__rosidl_typesupport_introspection_c__pyext[0m
[0.432s] [35m[1mConsolidate compiler generated dependencies of target carla_msgs__rosidl_typesupport_fastrtps_c__pyext[0m
[0.534s] [ 87%] Built target carla_msgs__rosidl_typesupport_c__pyext
[0.545s] [ 93%] Built target carla_msgs__rosidl_typesupport_fastrtps_c__pyext
[0.561s] [100%] Built target carla_msgs__rosidl_typesupport_introspection_c__pyext
[0.688s] running egg_info
[0.689s] writing carla_msgs.egg-info/PKG-INFO
[0.689s] writing dependency_links to carla_msgs.egg-info/dependency_links.txt
[0.689s] writing top-level names to carla_msgs.egg-info/top_level.txt
[0.692s] reading manifest file 'carla_msgs.egg-info/SOURCES.txt'
[0.693s] writing manifest file 'carla_msgs.egg-info/SOURCES.txt'
[0.763s] [100%] Built target ament_cmake_python_build_carla_msgs_egg
[0.788s] Invoked command in '/home/insa/Desktop/VigiWheels/raspberryPI3/ros2_ws/build/carla_msgs' returned '0': CMAKE_PREFIX_PATH=${CMAKE_PREFIX_PATH}:/opt/ros/humble /usr/bin/cmake --build /home/insa/Desktop/VigiWheels/raspberryPI3/ros2_ws/build/carla_msgs -- -j8 -l8
[1.974s] Invoking command in '/home/insa/Desktop/VigiWheels/raspberryPI3/ros2_ws/build/carla_msgs': CMAKE_PREFIX_PATH=${CMAKE_PREFIX_PATH}:/opt/ros/humble /usr/bin/cmake --install /home/insa/Desktop/VigiWheels/raspberryPI3/ros2_ws/build/carla_msgs
[2.021s] -- Install configuration: ""
[2.021s] -- Up-to-date: /home/insa/Desktop/VigiWheels/raspberryPI3/ros2_ws/install/carla_msgs/share/ament_index/resource_index/rosidl_interfaces/carla_msgs
[2.021s] -- Up-to-date: /home/insa/Desktop/VigiWheels/raspberryPI3/ros2_ws/install/carla_msgs/include/carla_msgs/carla_msgs
[2.021s] -- Up-to-date: /home/insa/Desktop/VigiWheels/raspberryPI3/ros2_ws/install/carla_msgs/include/carla_msgs/carla_msgs/msg
[2.021s] -- Up-to-date: /home/insa/Desktop/VigiWheels/raspberryPI3/ros2_ws/install/carla_msgs/include/carla_msgs/carla_msgs/msg/rosidl_generator_c__visibility_control.h
[2.021s] -- Up-to-date: /home/insa/Desktop/VigiWheels/raspberryPI3/ros2_ws/install/carla_msgs/include/carla_msgs/carla_msgs/msg/detail
[2.021s] -- Up-to-date: /home/insa/Desktop/VigiWheels/raspberryPI3/ros2_ws/install/carla_msgs/include/carla_msgs/carla_msgs/msg/detail/carla_ego_vehicle_control__struct.h
[2.021s] -- Up-to-date: /home/insa/Desktop/VigiWheels/raspberryPI3/ros2_ws/install/carla_msgs/include/carla_msgs/carla_msgs/msg/detail/carla_ego_vehicle_control__functions.c
[2.021s] -- Up-to-date: /home/insa/Desktop/VigiWheels/raspberryPI3/ros2_ws/install/carla_msgs/include/carla_msgs/carla_msgs/msg/detail/carla_ego_vehicle_control__functions.h
[2.021s] -- Up-to-date: /home/insa/Desktop/VigiWheels/raspberryPI3/ros2_ws/install/carla_msgs/include/carla_msgs/carla_msgs/msg/detail/carla_ego_vehicle_control__type_support.h
[2.022s] -- Up-to-date: /home/insa/Desktop/VigiWheels/raspberryPI3/ros2_ws/install/carla_msgs/include/carla_msgs/carla_msgs/msg/carla_ego_vehicle_control.h
[2.022s] -- Up-to-date: /home/insa/Desktop/VigiWheels/raspberryPI3/ros2_ws/install/carla_msgs/share/carla_msgs/environment/library_path.sh
[2.022s] -- Up-to-date: /home/insa/Desktop/VigiWheels/raspberryPI3/ros2_ws/install/carla_msgs/share/carla_msgs/environment/library_path.dsv
[2.022s] -- Up-to-date: /home/insa/Desktop/VigiWheels/raspberryPI3/ros2_ws/install/carla_msgs/lib/libcarla_msgs__rosidl_generator_c.so
[2.022s] -- Up-to-date: /home/insa/Desktop/VigiWheels/raspberryPI3/ros2_ws/install/carla_msgs/include/carla_msgs/carla_msgs
[2.022s] -- Up-to-date: /home/insa/Desktop/VigiWheels/raspberryPI3/ros2_ws/install/carla_msgs/include/carla_msgs/carla_msgs/msg
[2.022s] -- Up-to-date: /home/insa/Desktop/VigiWheels/raspberryPI3/ros2_ws/install/carla_msgs/include/carla_msgs/carla_msgs/msg/detail
[2.022s] -- Up-to-date: /home/insa/Desktop/VigiWheels/raspberryPI3/ros2_ws/install/carla_msgs/include/carla_msgs/carla_msgs/msg/detail/carla_ego_vehicle_control__rosidl_typesupport_fastrtps_c.h
[2.022s] -- Up-to-date: /home/insa/Desktop/VigiWheels/raspberryPI3/ros2_ws/install/carla_msgs/include/carla_msgs/carla_msgs/msg/rosidl_typesupport_fastrtps_c__visibility_control.h
[2.022s] -- Up-to-date: /home/insa/Desktop/VigiWheels/raspberryPI3/ros2_ws/install/carla_msgs/lib/libcarla_msgs__rosidl_typesupport_fastrtps_c.so
[2.022s] -- Up-to-date: /home/insa/Desktop/VigiWheels/raspberryPI3/ros2_ws/install/carla_msgs/include/carla_msgs/carla_msgs
[2.022s] -- Up-to-date: /home/insa/Desktop/VigiWheels/raspberryPI3/ros2_ws/install/carla_msgs/include/carla_msgs/carla_msgs/msg
[2.023s] -- Up-to-date: /home/insa/Desktop/VigiWheels/raspberryPI3/ros2_ws/install/carla_msgs/include/carla_msgs/carla_msgs/msg/detail
[2.024s] -- Up-to-date: /home/insa/Desktop/VigiWheels/raspberryPI3/ros2_ws/install/carla_msgs/include/carla_msgs/carla_msgs/msg/detail/carla_ego_vehicle_control__struct.hpp
[2.026s] -- Up-to-date: /home/insa/Desktop/VigiWheels/raspberryPI3/ros2_ws/install/carla_msgs/include/carla_msgs/carla_msgs/msg/detail/carla_ego_vehicle_control__traits.hpp
[2.027s] -- Up-to-date: /home/insa/Desktop/VigiWheels/raspberryPI3/ros2_ws/install/carla_msgs/include/carla_msgs/carla_msgs/msg/detail/carla_ego_vehicle_control__builder.hpp
[2.030s] -- Up-to-date: /home/insa/Desktop/VigiWheels/raspberryPI3/ros2_ws/install/carla_msgs/include/carla_msgs/carla_msgs/msg/carla_ego_vehicle_control.hpp
[2.032s] -- Up-to-date: /home/insa/Desktop/VigiWheels/raspberryPI3/ros2_ws/install/carla_msgs/include/carla_msgs/carla_msgs
[2.033s] -- Up-to-date: /home/insa/Desktop/VigiWheels/raspberryPI3/ros2_ws/install/carla_msgs/include/carla_msgs/carla_msgs/msg
[2.034s] -- Up-to-date: /home/insa/Desktop/VigiWheels/raspberryPI3/ros2_ws/install/carla_msgs/include/carla_msgs/carla_msgs/msg/rosidl_typesupport_fastrtps_cpp__visibility_control.h
[2.036s] -- Up-to-date: /home/insa/Desktop/VigiWheels/raspberryPI3/ros2_ws/install/carla_msgs/include/carla_msgs/carla_msgs/msg/detail
[2.038s] -- Up-to-date: /home/insa/Desktop/VigiWheels/raspberryPI3/ros2_ws/install/carla_msgs/include/carla_msgs/carla_msgs/msg/detail/carla_ego_vehicle_control__rosidl_typesupport_fastrtps_cpp.hpp
[2.043s] -- Up-to-date: /home/insa/Desktop/VigiWheels/raspberryPI3/ros2_ws/install/carla_msgs/include/carla_msgs/carla_msgs/msg/detail/dds_fastrtps
[2.043s] -- Up-to-date: /home/insa/Desktop/VigiWheels/raspberryPI3/ros2_ws/install/carla_msgs/lib/libcarla_msgs__rosidl_typesupport_fastrtps_cpp.so
[2.043s] -- Up-to-date: /home/insa/Desktop/VigiWheels/raspberryPI3/ros2_ws/install/carla_msgs/include/carla_msgs/carla_msgs
[2.043s] -- Up-to-date: /home/insa/Desktop/VigiWheels/raspberryPI3/ros2_ws/install/carla_msgs/include/carla_msgs/carla_msgs/msg
[2.044s] -- Up-to-date: /home/insa/Desktop/VigiWheels/raspberryPI3/ros2_ws/install/carla_msgs/include/carla_msgs/carla_msgs/msg/rosidl_typesupport_introspection_c__visibility_control.h
[2.044s] -- Up-to-date: /home/insa/Desktop/VigiWheels/raspberryPI3/ros2_ws/install/carla_msgs/include/carla_msgs/carla_msgs/msg/detail
[2.044s] -- Up-to-date: /home/insa/Desktop/VigiWheels/raspberryPI3/ros2_ws/install/carla_msgs/include/carla_msgs/carla_msgs/msg/detail/carla_ego_vehicle_control__rosidl_typesupport_introspection_c.h
[2.044s] -- Up-to-date: /home/insa/Desktop/VigiWheels/raspberryPI3/ros2_ws/install/carla_msgs/include/carla_msgs/carla_msgs/msg/detail/carla_ego_vehicle_control__type_support.c
[2.044s] -- Up-to-date: /home/insa/Desktop/VigiWheels/raspberryPI3/ros2_ws/install/carla_msgs/lib/libcarla_msgs__rosidl_typesupport_introspection_c.so
[2.044s] -- Up-to-date: /home/insa/Desktop/VigiWheels/raspberryPI3/ros2_ws/install/carla_msgs/lib/libcarla_msgs__rosidl_typesupport_c.so
[2.044s] -- Up-to-date: /home/insa/Desktop/VigiWheels/raspberryPI3/ros2_ws/install/carla_msgs/include/carla_msgs/carla_msgs
[2.044s] -- Up-to-date: /home/insa/Desktop/VigiWheels/raspberryPI3/ros2_ws/install/carla_msgs/include/carla_msgs/carla_msgs/msg
[2.044s] -- Up-to-date: /home/insa/Desktop/VigiWheels/raspberryPI3/ros2_ws/install/carla_msgs/include/carla_msgs/carla_msgs/msg/detail
[2.044s] -- Up-to-date: /home/insa/Desktop/VigiWheels/raspberryPI3/ros2_ws/install/carla_msgs/include/carla_msgs/carla_msgs/msg/detail/carla_ego_vehicle_control__type_support.cpp
[2.044s] -- Up-to-date: /home/insa/Desktop/VigiWheels/raspberryPI3/ros2_ws/install/carla_msgs/include/carla_msgs/carla_msgs/msg/detail/carla_ego_vehicle_control__rosidl_typesupport_introspection_cpp.hpp
[2.048s] -- Up-to-date: /home/insa/Desktop/VigiWheels/raspberryPI3/ros2_ws/install/carla_msgs/lib/libcarla_msgs__rosidl_typesupport_introspection_cpp.so
[2.048s] -- Up-to-date: /home/insa/Desktop/VigiWheels/raspberryPI3/ros2_ws/install/carla_msgs/lib/libcarla_msgs__rosidl_typesupport_cpp.so
[2.048s] -- Up-to-date: /home/insa/Desktop/VigiWheels/raspberryPI3/ros2_ws/install/carla_msgs/share/carla_msgs/environment/pythonpath.sh
[2.048s] -- Up-to-date: /home/insa/Desktop/VigiWheels/raspberryPI3/ros2_ws/install/carla_msgs/share/carla_msgs/environment/pythonpath.dsv
[2.048s] -- Up-to-date: /home/insa/Desktop/VigiWheels/raspberryPI3/ros2_ws/install/carla_msgs/local/lib/python3.10/dist-packages/carla_msgs-0.0.0-py3.10.egg-info
[2.048s] -- Installing: /home/insa/Desktop/VigiWheels/raspberryPI3/ros2_ws/install/carla_msgs/local/lib/python3.10/dist-packages/carla_msgs-0.0.0-py3.10.egg-info/dependency_links.txt
[2.048s] -- Installing: /home/insa/Desktop/VigiWheels/raspberryPI3/ros2_ws/install/carla_msgs/local/lib/python3.10/dist-packages/carla_msgs-0.0.0-py3.10.egg-info/PKG-INFO
[2.049s] -- Installing: /home/insa/Desktop/VigiWheels/raspberryPI3/ros2_ws/install/carla_msgs/local/lib/python3.10/dist-packages/carla_msgs-0.0.0-py3.10.egg-info/SOURCES.txt
[2.049s] -- Installing: /home/insa/Desktop/VigiWheels/raspberryPI3/ros2_ws/install/carla_msgs/local/lib/python3.10/dist-packages/carla_msgs-0.0.0-py3.10.egg-info/top_level.txt
[2.049s] -- Up-to-date: /home/insa/Desktop/VigiWheels/raspberryPI3/ros2_ws/install/carla_msgs/local/lib/python3.10/dist-packages/carla_msgs
[2.049s] -- Up-to-date: /home/insa/Desktop/VigiWheels/raspberryPI3/ros2_ws/install/carla_msgs/local/lib/python3.10/dist-packages/carla_msgs/carla_msgs_s__rosidl_typesupport_fastrtps_c.cpython-310-x86_64-linux-gnu.so
[2.049s] -- Up-to-date: /home/insa/Desktop/VigiWheels/raspberryPI3/ros2_ws/install/carla_msgs/local/lib/python3.10/dist-packages/carla_msgs/libcarla_msgs__rosidl_generator_py.so
[2.049s] -- Up-to-date: /home/insa/Desktop/VigiWheels/raspberryPI3/ros2_ws/install/carla_msgs/local/lib/python3.10/dist-packages/carla_msgs/__init__.py
[2.049s] -- Up-to-date: /home/insa/Desktop/VigiWheels/raspberryPI3/ros2_ws/install/carla_msgs/local/lib/python3.10/dist-packages/carla_msgs/_carla_msgs_s.ep.rosidl_typesupport_introspection_c.c
[2.049s] -- Up-to-date: /home/insa/Desktop/VigiWheels/raspberryPI3/ros2_ws/install/carla_msgs/local/lib/python3.10/dist-packages/carla_msgs/carla_msgs_s__rosidl_typesupport_introspection_c.cpython-310-x86_64-linux-gnu.so
[2.049s] -- Up-to-date: /home/insa/Desktop/VigiWheels/raspberryPI3/ros2_ws/install/carla_msgs/local/lib/python3.10/dist-packages/carla_msgs/_carla_msgs_s.ep.rosidl_typesupport_fastrtps_c.c
[2.049s] -- Up-to-date: /home/insa/Desktop/VigiWheels/raspberryPI3/ros2_ws/install/carla_msgs/local/lib/python3.10/dist-packages/carla_msgs/msg
[2.049s] -- Up-to-date: /home/insa/Desktop/VigiWheels/raspberryPI3/ros2_ws/install/carla_msgs/local/lib/python3.10/dist-packages/carla_msgs/msg/_carla_ego_vehicle_control_s.c
[2.049s] -- Up-to-date: /home/insa/Desktop/VigiWheels/raspberryPI3/ros2_ws/install/carla_msgs/local/lib/python3.10/dist-packages/carla_msgs/msg/__init__.py
[2.050s] -- Up-to-date: /home/insa/Desktop/VigiWheels/raspberryPI3/ros2_ws/install/carla_msgs/local/lib/python3.10/dist-packages/carla_msgs/msg/_carla_ego_vehicle_control.py
[2.050s] -- Up-to-date: /home/insa/Desktop/VigiWheels/raspberryPI3/ros2_ws/install/carla_msgs/local/lib/python3.10/dist-packages/carla_msgs/_carla_msgs_s.ep.rosidl_typesupport_c.c
[2.050s] -- Up-to-date: /home/insa/Desktop/VigiWheels/raspberryPI3/ros2_ws/install/carla_msgs/local/lib/python3.10/dist-packages/carla_msgs/carla_msgs_s__rosidl_typesupport_c.cpython-310-x86_64-linux-gnu.so
[2.271s] Listing '/home/insa/Desktop/VigiWheels/raspberryPI3/ros2_ws/install/carla_msgs/local/lib/python3.10/dist-packages/carla_msgs'...
[2.271s] Listing '/home/insa/Desktop/VigiWheels/raspberryPI3/ros2_ws/install/carla_msgs/local/lib/python3.10/dist-packages/carla_msgs/msg'...
[2.305s] -- Up-to-date: /home/insa/Desktop/VigiWheels/raspberryPI3/ros2_ws/install/carla_msgs/local/lib/python3.10/dist-packages/carla_msgs/carla_msgs_s__rosidl_typesupport_fastrtps_c.cpython-310-x86_64-linux-gnu.so
[2.305s] -- Up-to-date: /home/insa/Desktop/VigiWheels/raspberryPI3/ros2_ws/install/carla_msgs/local/lib/python3.10/dist-packages/carla_msgs/carla_msgs_s__rosidl_typesupport_introspection_c.cpython-310-x86_64-linux-gnu.so
[2.305s] -- Up-to-date: /home/insa/Desktop/VigiWheels/raspberryPI3/ros2_ws/install/carla_msgs/local/lib/python3.10/dist-packages/carla_msgs/carla_msgs_s__rosidl_typesupport_c.cpython-310-x86_64-linux-gnu.so
[2.306s] -- Up-to-date: /home/insa/Desktop/VigiWheels/raspberryPI3/ros2_ws/install/carla_msgs/lib/libcarla_msgs__rosidl_generator_py.so
[2.306s] -- Up-to-date: /home/insa/Desktop/VigiWheels/raspberryPI3/ros2_ws/install/carla_msgs/share/carla_msgs/msg/CarlaEgoVehicleControl.idl
[2.306s] -- Up-to-date: /home/insa/Desktop/VigiWheels/raspberryPI3/ros2_ws/install/carla_msgs/share/carla_msgs/msg/CarlaEgoVehicleControl.msg
[2.306s] -- Up-to-date: /home/insa/Desktop/VigiWheels/raspberryPI3/ros2_ws/install/carla_msgs/share/ament_index/resource_index/package_run_dependencies/carla_msgs
[2.306s] -- Up-to-date: /home/insa/Desktop/VigiWheels/raspberryPI3/ros2_ws/install/carla_msgs/share/ament_index/resource_index/parent_prefix_path/carla_msgs
[2.306s] -- Up-to-date: /home/insa/Desktop/VigiWheels/raspberryPI3/ros2_ws/install/carla_msgs/share/carla_msgs/environment/ament_prefix_path.sh
[2.306s] -- Up-to-date: /home/insa/Desktop/VigiWheels/raspberryPI3/ros2_ws/install/carla_msgs/share/carla_msgs/environment/ament_prefix_path.dsv
[2.306s] -- Up-to-date: /home/insa/Desktop/VigiWheels/raspberryPI3/ros2_ws/install/carla_msgs/share/carla_msgs/environment/path.sh
[2.306s] -- Up-to-date: /home/insa/Desktop/VigiWheels/raspberryPI3/ros2_ws/install/carla_msgs/share/carla_msgs/environment/path.dsv
[2.307s] -- Up-to-date: /home/insa/Desktop/VigiWheels/raspberryPI3/ros2_ws/install/carla_msgs/share/carla_msgs/local_setup.bash
[2.307s] -- Up-to-date: /home/insa/Desktop/VigiWheels/raspberryPI3/ros2_ws/install/carla_msgs/share/carla_msgs/local_setup.sh
[2.307s] -- Up-to-date: /home/insa/Desktop/VigiWheels/raspberryPI3/ros2_ws/install/carla_msgs/share/carla_msgs/local_setup.zsh
[2.307s] -- Up-to-date: /home/insa/Desktop/VigiWheels/raspberryPI3/ros2_ws/install/carla_msgs/share/carla_msgs/local_setup.dsv
[2.307s] -- Up-to-date: /home/insa/Desktop/VigiWheels/raspberryPI3/ros2_ws/install/carla_msgs/share/carla_msgs/package.dsv
[2.309s] -- Up-to-date: /home/insa/Desktop/VigiWheels/raspberryPI3/ros2_ws/install/carla_msgs/share/ament_index/resource_index/packages/carla_msgs
[2.324s] -- Up-to-date: /home/insa/Desktop/VigiWheels/raspberryPI3/ros2_ws/install/carla_msgs/share/carla_msgs/cmake/export_carla_msgs__rosidl_generator_cExport.cmake
[2.324s] -- Up-to-date: /home/insa/Desktop/VigiWheels/raspberryPI3/ros2_ws/install/carla_msgs/share/carla_msgs/cmake/export_carla_msgs__rosidl_generator_cExport-noconfig.cmake
[2.326s] -- Up-to-date: /home/insa/Desktop/VigiWheels/raspberryPI3/ros2_ws/install/carla_msgs/share/carla_msgs/cmake/export_carla_msgs__rosidl_typesupport_fastrtps_cExport.cmake
[2.326s] -- Up-to-date: /home/insa/Desktop/VigiWheels/raspberryPI3/ros2_ws/install/carla_msgs/share/carla_msgs/cmake/export_carla_msgs__rosidl_typesupport_fastrtps_cExport-noconfig.cmake
[2.326s] -- Up-to-date: /home/insa/Desktop/VigiWheels/raspberryPI3/ros2_ws/install/carla_msgs/share/carla_msgs/cmake/export_carla_msgs__rosidl_generator_cppExport.cmake
[2.327s] -- Up-to-date: /home/insa/Desktop/VigiWheels/raspberryPI3/ros2_ws/install/carla_msgs/share/carla_msgs/cmake/export_carla_msgs__rosidl_typesupport_fastrtps_cppExport.cmake
[2.327s] -- Up-to-date: /home/insa/Desktop/VigiWheels/raspberryPI3/ros2_ws/install/carla_msgs/share/carla_msgs/cmake/export_carla_msgs__rosidl_typesupport_fastrtps_cppExport-noconfig.cmake
[2.327s] -- Up-to-date: /home/insa/Desktop/VigiWheels/raspberryPI3/ros2_ws/install/carla_msgs/share/carla_msgs/cmake/carla_msgs__rosidl_typesupport_introspection_cExport.cmake
[2.327s] -- Up-to-date: /home/insa/Desktop/VigiWheels/raspberryPI3/ros2_ws/install/carla_msgs/share/carla_msgs/cmake/carla_msgs__rosidl_typesupport_introspection_cExport-noconfig.cmake
[2.328s] -- Up-to-date: /home/insa/Desktop/VigiWheels/raspberryPI3/ros2_ws/install/carla_msgs/share/carla_msgs/cmake/carla_msgs__rosidl_typesupport_cExport.cmake
[2.328s] -- Up-to-date: /home/insa/Desktop/VigiWheels/raspberryPI3/ros2_ws/install/carla_msgs/share/carla_msgs/cmake/carla_msgs__rosidl_typesupport_cExport-noconfig.cmake
[2.328s] -- Up-to-date: /home/insa/Desktop/VigiWheels/raspberryPI3/ros2_ws/install/carla_msgs/share/carla_msgs/cmake/carla_msgs__rosidl_typesupport_introspection_cppExport.cmake
[2.328s] -- Up-to-date: /home/insa/Desktop/VigiWheels/raspberryPI3/ros2_ws/install/carla_msgs/share/carla_msgs/cmake/carla_msgs__rosidl_typesupport_introspection_cppExport-noconfig.cmake
[2.329s] -- Up-to-date: /home/insa/Desktop/VigiWheels/raspberryPI3/ros2_ws/install/carla_msgs/share/carla_msgs/cmake/carla_msgs__rosidl_typesupport_cppExport.cmake
[2.329s] -- Installing: /home/insa/Desktop/VigiWheels/raspberryPI3/ros2_ws/install/carla_msgs/share/carla_msgs/cmake/carla_msgs__rosidl_typesupport_cppExport-noconfig.cmake
[2.329s] -- Installing: /home/insa/Desktop/VigiWheels/raspberryPI3/ros2_ws/install/carla_msgs/share/carla_msgs/cmake/export_carla_msgs__rosidl_generator_pyExport.cmake
[2.330s] -- Installing: /home/insa/Desktop/VigiWheels/raspberryPI3/ros2_ws/install/carla_msgs/share/carla_msgs/cmake/export_carla_msgs__rosidl_generator_pyExport-noconfig.cmake
[2.330s] -- Installing: /home/insa/Desktop/VigiWheels/raspberryPI3/ros2_ws/install/carla_msgs/share/carla_msgs/cmake/rosidl_cmake-extras.cmake
[2.330s] -- Installing: /home/insa/Desktop/VigiWheels/raspberryPI3/ros2_ws/install/carla_msgs/share/carla_msgs/cmake/ament_cmake_export_dependencies-extras.cmake
[2.331s] -- Installing: /home/insa/Desktop/VigiWheels/raspberryPI3/ros2_ws/install/carla_msgs/share/carla_msgs/cmake/ament_cmake_export_include_directories-extras.cmake
[2.331s] -- Installing: /home/insa/Desktop/VigiWheels/raspberryPI3/ros2_ws/install/carla_msgs/share/carla_msgs/cmake/ament_cmake_export_libraries-extras.cmake
[2.331s] -- Installing: /home/insa/Desktop/VigiWheels/raspberryPI3/ros2_ws/install/carla_msgs/share/carla_msgs/cmake/ament_cmake_export_targets-extras.cmake
[2.332s] -- Installing: /home/insa/Desktop/VigiWheels/raspberryPI3/ros2_ws/install/carla_msgs/share/carla_msgs/cmake/rosidl_cmake_export_typesupport_targets-extras.cmake
[2.332s] -- Installing: /home/insa/Desktop/VigiWheels/raspberryPI3/ros2_ws/install/carla_msgs/share/carla_msgs/cmake/rosidl_cmake_export_typesupport_libraries-extras.cmake
[2.332s] -- Installing: /home/insa/Desktop/VigiWheels/raspberryPI3/ros2_ws/install/carla_msgs/share/carla_msgs/cmake/carla_msgsConfig.cmake
[2.332s] -- Installing: /home/insa/Desktop/VigiWheels/raspberryPI3/ros2_ws/install/carla_msgs/share/carla_msgs/cmake/carla_msgsConfig-version.cmake
[2.333s] -- Installing: /home/insa/Desktop/VigiWheels/raspberryPI3/ros2_ws/install/carla_msgs/share/carla_msgs/package.xml
[2.351s] Invoked command in '/home/insa/Desktop/VigiWheels/raspberryPI3/ros2_ws/build/carla_msgs' returned '0': CMAKE_PREFIX_PATH=${CMAKE_PREFIX_PATH}:/opt/ros/humble /usr/bin/cmake --install /home/insa/Desktop/VigiWheels/raspberryPI3/ros2_ws/build/carla_msgs
