[0.055s] Invoking command in '/home/insa/Desktop/VigiWheels2.0/raspberryPI3/ros2_ws/build/rviz_imu_plugin': CMAKE_PREFIX_PATH=${CMAKE_PREFIX_PATH}:/opt/ros/humble /usr/bin/cmake /home/insa/Desktop/VigiWheels2.0/raspberryPI3/ros2_ws/src/imu_tools/rviz_imu_plugin -DCMAKE_INSTALL_PREFIX=/home/insa/Desktop/VigiWheels2.0/raspberryPI3/ros2_ws/install/rviz_imu_plugin
[0.105s] -- The C compiler identification is GNU 11.4.0
[0.154s] -- The CXX compiler identification is GNU 11.4.0
[0.163s] -- Detecting C compiler ABI info
[0.235s] -- Detecting C compiler ABI info - done
[0.241s] -- Check for working C compiler: /usr/bin/cc - skipped
[0.242s] -- Detecting C compile features
[0.242s] -- Detecting C compile features - done
[0.246s] -- Detecting CXX compiler ABI info
[0.316s] -- Detecting CXX compiler ABI info - done
[0.323s] -- Check for working CXX compiler: /usr/bin/c++ - skipped
[0.324s] -- Detecting CXX compile features
[0.324s] -- Detecting CXX compile features - done
[0.328s] -- Found ament_cmake: 1.3.5 (/opt/ros/humble/share/ament_cmake/cmake)
[0.509s] -- Found Python3: /usr/bin/python3.10 (found version "3.10.12") found components: Interpreter 
[0.637s] -- Found message_filters: 4.3.3 (/opt/ros/humble/share/message_filters/cmake)
[0.714s] -- Found rosidl_generator_c: 3.1.5 (/opt/ros/humble/share/rosidl_generator_c/cmake)
[0.724s] -- Found rosidl_adapter: 3.1.5 (/opt/ros/humble/share/rosidl_adapter/cmake)
[0.739s] -- Found rosidl_generator_cpp: 3.1.5 (/opt/ros/humble/share/rosidl_generator_cpp/cmake)
[0.761s] -- Using all available rosidl_typesupport_c: rosidl_typesupport_fastrtps_c;rosidl_typesupport_introspection_c
[0.794s] -- Using all available rosidl_typesupport_cpp: rosidl_typesupport_fastrtps_cpp;rosidl_typesupport_introspection_cpp
[0.906s] -- Found rmw_implementation_cmake: 6.1.1 (/opt/ros/humble/share/rmw_implementation_cmake/cmake)
[0.911s] -- Found rmw_fastrtps_cpp: 6.2.4 (/opt/ros/humble/share/rmw_fastrtps_cpp/cmake)
[1.041s] -- Found OpenSSL: /usr/lib/x86_64-linux-gnu/libcrypto.so (found version "3.0.2")  
[1.066s] -- Found FastRTPS: /opt/ros/humble/include  
[1.112s] -- Using RMW implementation 'rmw_fastrtps_cpp' as default
[1.123s] -- Looking for pthread.h
[1.181s] -- Looking for pthread.h - found
[1.181s] -- Performing Test CMAKE_HAVE_LIBC_PTHREAD
[1.239s] -- Performing Test CMAKE_HAVE_LIBC_PTHREAD - Success
[1.240s] -- Found Threads: TRUE  
[1.410s] -- Found rviz_common: 11.2.8 (/opt/ros/humble/share/rviz_common/cmake)
[1.426s] -- Setting OGRE_DIR to: '/opt/ros/humble/share/rviz_ogre_vendor/cmake/../../../opt/rviz_ogre_vendor/lib/OGRE/cmake'
[1.427s] -- Found OGRE
[1.427s] --   static     : OFF
[1.428s] --   components : HLMS;MeshLodGenerator;Overlay;Paging;Property;RTShaderSystem;Terrain;Volume
[1.428s] --   plugins    : Plugin_BSPSceneManager;Plugin_OctreeSceneManager;Plugin_PCZSceneManager;Plugin_ParticleFX;RenderSystem_GL;RenderSystem_GL3Plus;Codec_STBI
[1.428s] --   media      : /opt/ros/humble/opt/rviz_ogre_vendor/share/OGRE/Media
[1.428s] -- OGRE_LIBRARIES: OgreHLMS;OgreMeshLodGenerator;OgreOverlay;OgrePaging;OgreProperty;OgreRTShaderSystem;OgreTerrain;OgreVolume;OgreMain
[1.428s] -- OGRE_LIBRARY_DIRS: /opt/ros/humble/opt/rviz_ogre_vendor/lib
[1.428s] -- OGRE_PLUGINS: Plugin_BSPSceneManager;Plugin_OctreeSceneManager;Plugin_PCZSceneManager;Plugin_ParticleFX;RenderSystem_GL;RenderSystem_GL3Plus;Codec_STBI
[1.428s] -- OGRE_PLUGIN_DIR: /opt/ros/humble/opt/rviz_ogre_vendor/lib/OGRE
[1.428s] -- rviz_ogre_vendor::OgreOverlay for IMPORTED_LOCATION_RELEASE: /opt/ros/humble/opt/rviz_ogre_vendor/lib/libOgreOverlay.so
[1.428s] -- rviz_ogre_vendor::OgreOverlay for IMPORTED_LOCATION_DEBUG: /opt/ros/humble/opt/rviz_ogre_vendor/lib/libOgreOverlay.so
[1.428s] -- rviz_ogre_vendor::OgreMain for IMPORTED_LOCATION_RELEASE: /opt/ros/humble/opt/rviz_ogre_vendor/lib/libOgreMain.so
[1.428s] -- rviz_ogre_vendor::OgreMain for IMPORTED_LOCATION_DEBUG: /opt/ros/humble/opt/rviz_ogre_vendor/lib/libOgreMain.so
[1.445s] -- Found ZLIB: /usr/lib/x86_64-linux-gnu/libz.so (found version "1.2.11") 
[1.450s] -- Found OpenGL: /usr/lib/x86_64-linux-gnu/libOpenGL.so   
[1.540s] -- Found X11: /usr/include   
[1.540s] -- Looking for XOpenDisplay in /usr/lib/x86_64-linux-gnu/libX11.so;/usr/lib/x86_64-linux-gnu/libXext.so
[1.598s] -- Looking for XOpenDisplay in /usr/lib/x86_64-linux-gnu/libX11.so;/usr/lib/x86_64-linux-gnu/libXext.so - found
[1.598s] -- Looking for gethostbyname
[1.652s] -- Looking for gethostbyname - found
[1.652s] -- Looking for connect
[1.719s] -- Looking for connect - found
[1.719s] -- Looking for remove
[1.780s] -- Looking for remove - found
[1.780s] -- Looking for shmat
[1.855s] -- Looking for shmat - found
[1.855s] -- Looking for IceConnectionNumber in ICE
[2.152s] -- Looking for IceConnectionNumber in ICE - found
[2.155s] -- rviz_ogre_vendor::RenderSystem_GL for IMPORTED_LOCATION_RELEASE: _render_system_gl_static_library_abs-NOTFOUND
[2.155s] -- rviz_ogre_vendor::RenderSystem_GL for IMPORTED_LOCATION_DEBUG: _render_system_gl_static_library_abs-NOTFOUND
[2.407s] -- library: /usr/lib/x86_64-linux-gnu/libcurl.so
[2.785s] -- Found Eigen3: TRUE (found version "3.4.0") 
[2.787s] -- Ensuring Eigen3 include directory is part of orocos-kdl CMake target
[3.753s] -- Configuring done
[3.812s] -- Generating done
[3.815s] -- Build files have been written to: /home/insa/Desktop/VigiWheels2.0/raspberryPI3/ros2_ws/build/rviz_imu_plugin
[3.848s] Invoked command in '/home/insa/Desktop/VigiWheels2.0/raspberryPI3/ros2_ws/build/rviz_imu_plugin' returned '0': CMAKE_PREFIX_PATH=${CMAKE_PREFIX_PATH}:/opt/ros/humble /usr/bin/cmake /home/insa/Desktop/VigiWheels2.0/raspberryPI3/ros2_ws/src/imu_tools/rviz_imu_plugin -DCMAKE_INSTALL_PREFIX=/home/insa/Desktop/VigiWheels2.0/raspberryPI3/ros2_ws/install/rviz_imu_plugin
[3.849s] Invoking command in '/home/insa/Desktop/VigiWheels2.0/raspberryPI3/ros2_ws/build/rviz_imu_plugin': CMAKE_PREFIX_PATH=${CMAKE_PREFIX_PATH}:/opt/ros/humble /usr/bin/cmake --build /home/insa/Desktop/VigiWheels2.0/raspberryPI3/ros2_ws/build/rviz_imu_plugin -- -j8 -l8
[4.073s] [ 11%] [34m[1mAutomatic MOC for target rviz_imu_plugin[0m
[5.292s] [ 11%] Built target rviz_imu_plugin_autogen
[5.373s] [ 22%] [32mBuilding CXX object CMakeFiles/rviz_imu_plugin.dir/rviz_imu_plugin_autogen/mocs_compilation.cpp.o[0m
[5.378s] [ 33%] [32mBuilding CXX object CMakeFiles/rviz_imu_plugin.dir/src/imu_display.cpp.o[0m
[5.392s] [ 44%] [32mBuilding CXX object CMakeFiles/rviz_imu_plugin.dir/src/imu_orientation_visual.cpp.o[0m
[5.401s] [ 55%] [32mBuilding CXX object CMakeFiles/rviz_imu_plugin.dir/src/imu_axes_visual.cpp.o[0m
[5.472s] [ 66%] [32mBuilding CXX object CMakeFiles/rviz_imu_plugin.dir/src/imu_acc_visual.cpp.o[0m
[5.472s] [ 77%] [32mBuilding CXX object CMakeFiles/rviz_imu_plugin.dir/src/mag_visual.cpp.o[0m
[5.478s] [ 88%] [32mBuilding CXX object CMakeFiles/rviz_imu_plugin.dir/src/mag_display.cpp.o[0m
[46.960s] [100%] [32m[1mLinking CXX shared library librviz_imu_plugin.so[0m
[54.634s] [100%] Built target rviz_imu_plugin
[54.664s] Invoked command in '/home/insa/Desktop/VigiWheels2.0/raspberryPI3/ros2_ws/build/rviz_imu_plugin' returned '0': CMAKE_PREFIX_PATH=${CMAKE_PREFIX_PATH}:/opt/ros/humble /usr/bin/cmake --build /home/insa/Desktop/VigiWheels2.0/raspberryPI3/ros2_ws/build/rviz_imu_plugin -- -j8 -l8
[54.809s] Invoking command in '/home/insa/Desktop/VigiWheels2.0/raspberryPI3/ros2_ws/build/rviz_imu_plugin': CMAKE_PREFIX_PATH=${CMAKE_PREFIX_PATH}:/opt/ros/humble /usr/bin/cmake --install /home/insa/Desktop/VigiWheels2.0/raspberryPI3/ros2_ws/build/rviz_imu_plugin
[55.660s] -- Install configuration: ""
[55.660s] -- Up-to-date: /home/insa/Desktop/VigiWheels2.0/raspberryPI3/ros2_ws/install/rviz_imu_plugin/share/rviz_imu_plugin/plugin_description.xml
[55.660s] -- Up-to-date: /home/insa/Desktop/VigiWheels2.0/raspberryPI3/ros2_ws/install/rviz_imu_plugin/share/rviz_imu_plugin/environment/library_path.sh
[55.661s] -- Installing: /home/insa/Desktop/VigiWheels2.0/raspberryPI3/ros2_ws/install/rviz_imu_plugin/share/rviz_imu_plugin/environment/library_path.dsv
[55.661s] -- Installing: /home/insa/Desktop/VigiWheels2.0/raspberryPI3/ros2_ws/install/rviz_imu_plugin/lib/librviz_imu_plugin.so
[55.661s] -- Set runtime path of "/home/insa/Desktop/VigiWheels2.0/raspberryPI3/ros2_ws/install/rviz_imu_plugin/lib/librviz_imu_plugin.so" to ""
[55.661s] -- Installing: /home/insa/Desktop/VigiWheels2.0/raspberryPI3/ros2_ws/install/rviz_imu_plugin/share/ament_index/resource_index/package_run_dependencies/rviz_imu_plugin
[55.661s] -- Installing: /home/insa/Desktop/VigiWheels2.0/raspberryPI3/ros2_ws/install/rviz_imu_plugin/share/ament_index/resource_index/parent_prefix_path/rviz_imu_plugin
[55.661s] -- Up-to-date: /home/insa/Desktop/VigiWheels2.0/raspberryPI3/ros2_ws/install/rviz_imu_plugin/share/rviz_imu_plugin/environment/ament_prefix_path.sh
[55.662s] -- Installing: /home/insa/Desktop/VigiWheels2.0/raspberryPI3/ros2_ws/install/rviz_imu_plugin/share/rviz_imu_plugin/environment/ament_prefix_path.dsv
[55.662s] -- Up-to-date: /home/insa/Desktop/VigiWheels2.0/raspberryPI3/ros2_ws/install/rviz_imu_plugin/share/rviz_imu_plugin/environment/path.sh
[55.662s] -- Installing: /home/insa/Desktop/VigiWheels2.0/raspberryPI3/ros2_ws/install/rviz_imu_plugin/share/rviz_imu_plugin/environment/path.dsv
[55.662s] -- Installing: /home/insa/Desktop/VigiWheels2.0/raspberryPI3/ros2_ws/install/rviz_imu_plugin/share/rviz_imu_plugin/local_setup.bash
[55.662s] -- Installing: /home/insa/Desktop/VigiWheels2.0/raspberryPI3/ros2_ws/install/rviz_imu_plugin/share/rviz_imu_plugin/local_setup.sh
[55.662s] -- Installing: /home/insa/Desktop/VigiWheels2.0/raspberryPI3/ros2_ws/install/rviz_imu_plugin/share/rviz_imu_plugin/local_setup.zsh
[55.662s] -- Installing: /home/insa/Desktop/VigiWheels2.0/raspberryPI3/ros2_ws/install/rviz_imu_plugin/share/rviz_imu_plugin/local_setup.dsv
[55.662s] -- Installing: /home/insa/Desktop/VigiWheels2.0/raspberryPI3/ros2_ws/install/rviz_imu_plugin/share/rviz_imu_plugin/package.dsv
[55.663s] -- Installing: /home/insa/Desktop/VigiWheels2.0/raspberryPI3/ros2_ws/install/rviz_imu_plugin/share/ament_index/resource_index/packages/rviz_imu_plugin
[55.663s] -- Installing: /home/insa/Desktop/VigiWheels2.0/raspberryPI3/ros2_ws/install/rviz_imu_plugin/share/ament_index/resource_index/rviz_common__pluginlib__plugin/rviz_imu_plugin
[55.663s] -- Installing: /home/insa/Desktop/VigiWheels2.0/raspberryPI3/ros2_ws/install/rviz_imu_plugin/share/rviz_imu_plugin/cmake/ament_cmake_export_include_directories-extras.cmake
[55.664s] -- Installing: /home/insa/Desktop/VigiWheels2.0/raspberryPI3/ros2_ws/install/rviz_imu_plugin/share/rviz_imu_plugin/cmake/ament_cmake_export_libraries-extras.cmake
[55.665s] -- Installing: /home/insa/Desktop/VigiWheels2.0/raspberryPI3/ros2_ws/install/rviz_imu_plugin/share/rviz_imu_plugin/cmake/ament_cmake_export_dependencies-extras.cmake
[55.665s] -- Installing: /home/insa/Desktop/VigiWheels2.0/raspberryPI3/ros2_ws/install/rviz_imu_plugin/share/rviz_imu_plugin/cmake/rviz_imu_pluginConfig.cmake
[55.665s] -- Installing: /home/insa/Desktop/VigiWheels2.0/raspberryPI3/ros2_ws/install/rviz_imu_plugin/share/rviz_imu_plugin/cmake/rviz_imu_pluginConfig-version.cmake
[55.665s] -- Up-to-date: /home/insa/Desktop/VigiWheels2.0/raspberryPI3/ros2_ws/install/rviz_imu_plugin/share/rviz_imu_plugin/package.xml
[55.673s] Invoked command in '/home/insa/Desktop/VigiWheels2.0/raspberryPI3/ros2_ws/build/rviz_imu_plugin' returned '0': CMAKE_PREFIX_PATH=${CMAKE_PREFIX_PATH}:/opt/ros/humble /usr/bin/cmake --install /home/insa/Desktop/VigiWheels2.0/raspberryPI3/ros2_ws/build/rviz_imu_plugin
