[0.493s] Invoking command in '/home/moad/VigiWheels/jetsonNano/ros2_ws/src/pressure_level': CMAKE_PREFIX_PATH=/home/moad/VigiWheels/jetsonNano/ros2_ws/install/interfaces:/home/moad/VigiWheels/jetsonNano/ros2_ws/install/geicar_start_jetson:/home/moad/VigiWheels/jetsonNano/ros2_ws/install/usb_cam:/home/moad/VigiWheels/jetsonNano/ros2_ws/install/system_check_ack:/home/moad/VigiWheels/jetsonNano/ros2_ws/install/rplidar_ros:/home/moad/ros2_ws/install/manometer_interfaces LD_LIBRARY_PATH=/home/moad/VigiWheels/jetsonNano/ros2_ws/install/interfaces/lib:/home/moad/VigiWheels/jetsonNano/ros2_ws/install/usb_cam/lib:/home/moad/VigiWheels/jetsonNano/ros2_ws/install/rplidar_ros/lib:/home/moad/ros2_ws/install/manometer_interfaces/lib:/opt/ros/humble/opt/rviz_ogre_vendor/lib:/opt/ros/humble/lib/x86_64-linux-gnu:/opt/ros/humble/lib PYTHONPATH=/home/moad/VigiWheels/jetsonNano/ros2_ws/build/pressure_level/prefix_override:/home/moad/VigiWheels/jetsonNano/ros2_ws/install/pressure_level/lib/python3.10/site-packages:${PYTHONPATH} /usr/bin/python3 setup.py egg_info --egg-base ../../build/pressure_level build --build-base /home/moad/VigiWheels/jetsonNano/ros2_ws/build/pressure_level/build install --record /home/moad/VigiWheels/jetsonNano/ros2_ws/build/pressure_level/install.log --single-version-externally-managed
[0.650s] running egg_info
[0.650s] creating ../../build/pressure_level/pressure_level.egg-info
[0.650s] writing ../../build/pressure_level/pressure_level.egg-info/PKG-INFO
[0.651s] writing dependency_links to ../../build/pressure_level/pressure_level.egg-info/dependency_links.txt
[0.651s] writing entry points to ../../build/pressure_level/pressure_level.egg-info/entry_points.txt
[0.651s] writing requirements to ../../build/pressure_level/pressure_level.egg-info/requires.txt
[0.651s] writing top-level names to ../../build/pressure_level/pressure_level.egg-info/top_level.txt
[0.651s] writing manifest file '../../build/pressure_level/pressure_level.egg-info/SOURCES.txt'
[0.651s] reading manifest file '../../build/pressure_level/pressure_level.egg-info/SOURCES.txt'
[0.652s] writing manifest file '../../build/pressure_level/pressure_level.egg-info/SOURCES.txt'
[0.652s] running build
[0.652s] running build_py
[0.652s] creating /home/moad/VigiWheels/jetsonNano/ros2_ws/build/pressure_level/build
[0.652s] creating /home/moad/VigiWheels/jetsonNano/ros2_ws/build/pressure_level/build/lib
[0.652s] creating /home/moad/VigiWheels/jetsonNano/ros2_ws/build/pressure_level/build/lib/pressure_level
[0.652s] copying pressure_level/pressure_level.py -> /home/moad/VigiWheels/jetsonNano/ros2_ws/build/pressure_level/build/lib/pressure_level
[0.652s] copying pressure_level/__init__.py -> /home/moad/VigiWheels/jetsonNano/ros2_ws/build/pressure_level/build/lib/pressure_level
[0.653s] running install
[0.653s] running install_lib
[0.653s] creating /home/moad/VigiWheels/jetsonNano/ros2_ws/install/pressure_level/lib/python3.10/site-packages/pressure_level
[0.653s] copying /home/moad/VigiWheels/jetsonNano/ros2_ws/build/pressure_level/build/lib/pressure_level/pressure_level.py -> /home/moad/VigiWheels/jetsonNano/ros2_ws/install/pressure_level/lib/python3.10/site-packages/pressure_level
[0.653s] copying /home/moad/VigiWheels/jetsonNano/ros2_ws/build/pressure_level/build/lib/pressure_level/__init__.py -> /home/moad/VigiWheels/jetsonNano/ros2_ws/install/pressure_level/lib/python3.10/site-packages/pressure_level
[0.653s] byte-compiling /home/moad/VigiWheels/jetsonNano/ros2_ws/install/pressure_level/lib/python3.10/site-packages/pressure_level/pressure_level.py to pressure_level.cpython-310.pyc
[0.653s] byte-compiling /home/moad/VigiWheels/jetsonNano/ros2_ws/install/pressure_level/lib/python3.10/site-packages/pressure_level/__init__.py to __init__.cpython-310.pyc
[0.653s] running install_data
[0.654s] creating /home/moad/VigiWheels/jetsonNano/ros2_ws/install/pressure_level/share/ament_index
[0.654s] creating /home/moad/VigiWheels/jetsonNano/ros2_ws/install/pressure_level/share/ament_index/resource_index
[0.654s] creating /home/moad/VigiWheels/jetsonNano/ros2_ws/install/pressure_level/share/ament_index/resource_index/packages
[0.654s] copying resource/pressure_level -> /home/moad/VigiWheels/jetsonNano/ros2_ws/install/pressure_level/share/ament_index/resource_index/packages
[0.654s] copying package.xml -> /home/moad/VigiWheels/jetsonNano/ros2_ws/install/pressure_level/share/pressure_level
[0.654s] running install_egg_info
[0.655s] Copying ../../build/pressure_level/pressure_level.egg-info to /home/moad/VigiWheels/jetsonNano/ros2_ws/install/pressure_level/lib/python3.10/site-packages/pressure_level-0.0.0-py3.10.egg-info
[0.655s] running install_scripts
[0.669s] writing list of installed files to '/home/moad/VigiWheels/jetsonNano/ros2_ws/build/pressure_level/install.log'
[0.687s] Invoked command in '/home/moad/VigiWheels/jetsonNano/ros2_ws/src/pressure_level' returned '0': CMAKE_PREFIX_PATH=/home/moad/VigiWheels/jetsonNano/ros2_ws/install/interfaces:/home/moad/VigiWheels/jetsonNano/ros2_ws/install/geicar_start_jetson:/home/moad/VigiWheels/jetsonNano/ros2_ws/install/usb_cam:/home/moad/VigiWheels/jetsonNano/ros2_ws/install/system_check_ack:/home/moad/VigiWheels/jetsonNano/ros2_ws/install/rplidar_ros:/home/moad/ros2_ws/install/manometer_interfaces LD_LIBRARY_PATH=/home/moad/VigiWheels/jetsonNano/ros2_ws/install/interfaces/lib:/home/moad/VigiWheels/jetsonNano/ros2_ws/install/usb_cam/lib:/home/moad/VigiWheels/jetsonNano/ros2_ws/install/rplidar_ros/lib:/home/moad/ros2_ws/install/manometer_interfaces/lib:/opt/ros/humble/opt/rviz_ogre_vendor/lib:/opt/ros/humble/lib/x86_64-linux-gnu:/opt/ros/humble/lib PYTHONPATH=/home/moad/VigiWheels/jetsonNano/ros2_ws/build/pressure_level/prefix_override:/home/moad/VigiWheels/jetsonNano/ros2_ws/install/pressure_level/lib/python3.10/site-packages:${PYTHONPATH} /usr/bin/python3 setup.py egg_info --egg-base ../../build/pressure_level build --build-base /home/moad/VigiWheels/jetsonNano/ros2_ws/build/pressure_level/build install --record /home/moad/VigiWheels/jetsonNano/ros2_ws/build/pressure_level/install.log --single-version-externally-managed
