[0.037s] Invoking command in '/home/moad/VigiWheels/jetsonNano/ros2_ws/src/build/geicar_start_jetson': AMENT_PREFIX_PATH=/home/moad/VigiWheels/jetsonNano/ros2_ws/src/install/usb_cam:/home/moad/VigiWheels/jetsonNano/ros2_ws/src/install/rplidar_ros:${AMENT_PREFIX_PATH} CMAKE_PREFIX_PATH=/home/moad/VigiWheels/jetsonNano/ros2_ws/src/install/usb_cam:/home/moad/VigiWheels/jetsonNano/ros2_ws/src/install/rplidar_ros:/home/moad/ros2_ws/install/my_robot_controller:/home/moad/ros2_ws/install/manometer_detection:/opt/ros/humble LD_LIBRARY_PATH=/home/moad/VigiWheels/jetsonNano/ros2_ws/src/install/usb_cam/lib:/home/moad/VigiWheels/jetsonNano/ros2_ws/src/install/rplidar_ros/lib:${LD_LIBRARY_PATH} /usr/bin/cmake /home/moad/VigiWheels/jetsonNano/ros2_ws/src/geicar_start_jetson -DCMAKE_INSTALL_PREFIX=/home/moad/VigiWheels/jetsonNano/ros2_ws/src/install/geicar_start_jetson
[0.076s] -- The C compiler identification is GNU 11.4.0
[0.123s] -- The CXX compiler identification is GNU 11.4.0
[0.128s] -- Detecting C compiler ABI info
[0.176s] -- Detecting C compiler ABI info - done
[0.182s] -- Check for working C compiler: /usr/bin/cc - skipped
[0.183s] -- Detecting C compile features
[0.183s] -- Detecting C compile features - done
[0.185s] -- Detecting CXX compiler ABI info
[0.237s] -- Detecting CXX compiler ABI info - done
[0.243s] -- Check for working CXX compiler: /usr/bin/c++ - skipped
[0.243s] -- Detecting CXX compile features
[0.244s] -- Detecting CXX compile features - done
[0.245s] -- Found ament_cmake: 1.3.6 (/opt/ros/humble/share/ament_cmake/cmake)
[0.375s] -- Found Python3: /usr/bin/python3.10 (found version "3.10.12") found components: Interpreter 
[0.437s] -- Found ament_lint_auto: 0.12.9 (/opt/ros/humble/share/ament_lint_auto/cmake)
[0.490s] -- Added test 'flake8' to check Python code syntax and style conventions
[0.490s] -- Added test 'lint_cmake' to check CMake code style
[0.490s] -- Added test 'pep257' to check Python code against some of the docstring style conventions in PEP 257
[0.491s] -- Added test 'xmllint' to check XML markup files
[0.491s] -- Configuring done
[0.493s] -- Generating done
[0.494s] -- Build files have been written to: /home/moad/VigiWheels/jetsonNano/ros2_ws/src/build/geicar_start_jetson
[0.497s] Invoked command in '/home/moad/VigiWheels/jetsonNano/ros2_ws/src/build/geicar_start_jetson' returned '0': AMENT_PREFIX_PATH=/home/moad/VigiWheels/jetsonNano/ros2_ws/src/install/usb_cam:/home/moad/VigiWheels/jetsonNano/ros2_ws/src/install/rplidar_ros:${AMENT_PREFIX_PATH} CMAKE_PREFIX_PATH=/home/moad/VigiWheels/jetsonNano/ros2_ws/src/install/usb_cam:/home/moad/VigiWheels/jetsonNano/ros2_ws/src/install/rplidar_ros:/home/moad/ros2_ws/install/my_robot_controller:/home/moad/ros2_ws/install/manometer_detection:/opt/ros/humble LD_LIBRARY_PATH=/home/moad/VigiWheels/jetsonNano/ros2_ws/src/install/usb_cam/lib:/home/moad/VigiWheels/jetsonNano/ros2_ws/src/install/rplidar_ros/lib:${LD_LIBRARY_PATH} /usr/bin/cmake /home/moad/VigiWheels/jetsonNano/ros2_ws/src/geicar_start_jetson -DCMAKE_INSTALL_PREFIX=/home/moad/VigiWheels/jetsonNano/ros2_ws/src/install/geicar_start_jetson
[0.498s] Invoking command in '/home/moad/VigiWheels/jetsonNano/ros2_ws/src/build/geicar_start_jetson': AMENT_PREFIX_PATH=/home/moad/VigiWheels/jetsonNano/ros2_ws/src/install/usb_cam:/home/moad/VigiWheels/jetsonNano/ros2_ws/src/install/rplidar_ros:${AMENT_PREFIX_PATH} CMAKE_PREFIX_PATH=/home/moad/VigiWheels/jetsonNano/ros2_ws/src/install/usb_cam:/home/moad/VigiWheels/jetsonNano/ros2_ws/src/install/rplidar_ros:/home/moad/ros2_ws/install/my_robot_controller:/home/moad/ros2_ws/install/manometer_detection:/opt/ros/humble LD_LIBRARY_PATH=/home/moad/VigiWheels/jetsonNano/ros2_ws/src/install/usb_cam/lib:/home/moad/VigiWheels/jetsonNano/ros2_ws/src/install/rplidar_ros/lib:${LD_LIBRARY_PATH} /usr/bin/cmake --build /home/moad/VigiWheels/jetsonNano/ros2_ws/src/build/geicar_start_jetson -- -j12 -l12
[0.523s] Invoked command in '/home/moad/VigiWheels/jetsonNano/ros2_ws/src/build/geicar_start_jetson' returned '0': AMENT_PREFIX_PATH=/home/moad/VigiWheels/jetsonNano/ros2_ws/src/install/usb_cam:/home/moad/VigiWheels/jetsonNano/ros2_ws/src/install/rplidar_ros:${AMENT_PREFIX_PATH} CMAKE_PREFIX_PATH=/home/moad/VigiWheels/jetsonNano/ros2_ws/src/install/usb_cam:/home/moad/VigiWheels/jetsonNano/ros2_ws/src/install/rplidar_ros:/home/moad/ros2_ws/install/my_robot_controller:/home/moad/ros2_ws/install/manometer_detection:/opt/ros/humble LD_LIBRARY_PATH=/home/moad/VigiWheels/jetsonNano/ros2_ws/src/install/usb_cam/lib:/home/moad/VigiWheels/jetsonNano/ros2_ws/src/install/rplidar_ros/lib:${LD_LIBRARY_PATH} /usr/bin/cmake --build /home/moad/VigiWheels/jetsonNano/ros2_ws/src/build/geicar_start_jetson -- -j12 -l12
[0.536s] Invoking command in '/home/moad/VigiWheels/jetsonNano/ros2_ws/src/build/geicar_start_jetson': AMENT_PREFIX_PATH=/home/moad/VigiWheels/jetsonNano/ros2_ws/src/install/usb_cam:/home/moad/VigiWheels/jetsonNano/ros2_ws/src/install/rplidar_ros:${AMENT_PREFIX_PATH} CMAKE_PREFIX_PATH=/home/moad/VigiWheels/jetsonNano/ros2_ws/src/install/usb_cam:/home/moad/VigiWheels/jetsonNano/ros2_ws/src/install/rplidar_ros:/home/moad/ros2_ws/install/my_robot_controller:/home/moad/ros2_ws/install/manometer_detection:/opt/ros/humble LD_LIBRARY_PATH=/home/moad/VigiWheels/jetsonNano/ros2_ws/src/install/usb_cam/lib:/home/moad/VigiWheels/jetsonNano/ros2_ws/src/install/rplidar_ros/lib:${LD_LIBRARY_PATH} /usr/bin/cmake --install /home/moad/VigiWheels/jetsonNano/ros2_ws/src/build/geicar_start_jetson
[0.541s] -- Install configuration: ""
[0.541s] -- Installing: /home/moad/VigiWheels/jetsonNano/ros2_ws/src/install/geicar_start_jetson/share/geicar_start_jetson/launch
[0.541s] -- Installing: /home/moad/VigiWheels/jetsonNano/ros2_ws/src/install/geicar_start_jetson/share/geicar_start_jetson/launch/geicar.jetson.launch.py
[0.541s] -- Installing: /home/moad/VigiWheels/jetsonNano/ros2_ws/src/install/geicar_start_jetson/share/ament_index/resource_index/package_run_dependencies/geicar_start_jetson
[0.542s] -- Installing: /home/moad/VigiWheels/jetsonNano/ros2_ws/src/install/geicar_start_jetson/share/ament_index/resource_index/parent_prefix_path/geicar_start_jetson
[0.542s] -- Installing: /home/moad/VigiWheels/jetsonNano/ros2_ws/src/install/geicar_start_jetson/share/geicar_start_jetson/environment/ament_prefix_path.sh
[0.542s] -- Installing: /home/moad/VigiWheels/jetsonNano/ros2_ws/src/install/geicar_start_jetson/share/geicar_start_jetson/environment/ament_prefix_path.dsv
[0.542s] -- Installing: /home/moad/VigiWheels/jetsonNano/ros2_ws/src/install/geicar_start_jetson/share/geicar_start_jetson/environment/path.sh
[0.542s] -- Installing: /home/moad/VigiWheels/jetsonNano/ros2_ws/src/install/geicar_start_jetson/share/geicar_start_jetson/environment/path.dsv
[0.542s] -- Installing: /home/moad/VigiWheels/jetsonNano/ros2_ws/src/install/geicar_start_jetson/share/geicar_start_jetson/local_setup.bash
[0.542s] -- Installing: /home/moad/VigiWheels/jetsonNano/ros2_ws/src/install/geicar_start_jetson/share/geicar_start_jetson/local_setup.sh
[0.542s] -- Installing: /home/moad/VigiWheels/jetsonNano/ros2_ws/src/install/geicar_start_jetson/share/geicar_start_jetson/local_setup.zsh
[0.542s] -- Installing: /home/moad/VigiWheels/jetsonNano/ros2_ws/src/install/geicar_start_jetson/share/geicar_start_jetson/local_setup.dsv
[0.542s] -- Installing: /home/moad/VigiWheels/jetsonNano/ros2_ws/src/install/geicar_start_jetson/share/geicar_start_jetson/package.dsv
[0.543s] -- Installing: /home/moad/VigiWheels/jetsonNano/ros2_ws/src/install/geicar_start_jetson/share/ament_index/resource_index/packages/geicar_start_jetson
[0.543s] -- Installing: /home/moad/VigiWheels/jetsonNano/ros2_ws/src/install/geicar_start_jetson/share/geicar_start_jetson/cmake/geicar_start_jetsonConfig.cmake
[0.543s] -- Installing: /home/moad/VigiWheels/jetsonNano/ros2_ws/src/install/geicar_start_jetson/share/geicar_start_jetson/cmake/geicar_start_jetsonConfig-version.cmake
[0.543s] -- Installing: /home/moad/VigiWheels/jetsonNano/ros2_ws/src/install/geicar_start_jetson/share/geicar_start_jetson/package.xml
[0.544s] Invoked command in '/home/moad/VigiWheels/jetsonNano/ros2_ws/src/build/geicar_start_jetson' returned '0': AMENT_PREFIX_PATH=/home/moad/VigiWheels/jetsonNano/ros2_ws/src/install/usb_cam:/home/moad/VigiWheels/jetsonNano/ros2_ws/src/install/rplidar_ros:${AMENT_PREFIX_PATH} CMAKE_PREFIX_PATH=/home/moad/VigiWheels/jetsonNano/ros2_ws/src/install/usb_cam:/home/moad/VigiWheels/jetsonNano/ros2_ws/src/install/rplidar_ros:/home/moad/ros2_ws/install/my_robot_controller:/home/moad/ros2_ws/install/manometer_detection:/opt/ros/humble LD_LIBRARY_PATH=/home/moad/VigiWheels/jetsonNano/ros2_ws/src/install/usb_cam/lib:/home/moad/VigiWheels/jetsonNano/ros2_ws/src/install/rplidar_ros/lib:${LD_LIBRARY_PATH} /usr/bin/cmake --install /home/moad/VigiWheels/jetsonNano/ros2_ws/src/build/geicar_start_jetson
