[35m[1mConsolidate compiler generated dependencies of target processing_data_fire_node[0m
[35m[1mConsolidate compiler generated dependencies of target serial_reading_node[0m
[35m[1mConsolidate compiler generated dependencies of target serial_writing_node[0m
[ 50%] [32mBuilding CXX object CMakeFiles/processing_data_fire_node.dir/src/processing_data_fire.cpp.o[0m
[ 50%] Built target serial_writing_node
[ 83%] Built target serial_reading_node
[01m[K/home/insa/Desktop/VigiWheels/raspberryPI3/ros2_ws/src/fire_detection/src/processing_data_fire.cpp:[m[K In member function ‘[01m[Kvoid ProcessingDataFireNode::dataFireCallBack(const FireSensor&)[m[K’:
[01m[K/home/insa/Desktop/VigiWheels/raspberryPI3/ros2_ws/src/fire_detection/src/processing_data_fire.cpp:91:26:[m[K [01;35m[Kwarning: [m[Kcomparison of constant ‘[01m[K2[m[K’ with boolean expression is always false [[01;35m[K]8;;https://gcc.gnu.org/onlinedocs/gcc/Warning-Options.html#index-Wbool-compare-Wbool-compare]8;;[m[K]
   91 |         else if ([01;35m[Kresult2 == 2[m[K)
      |                  [01;35m[K~~~~~~~~^~~~[m[K
[100%] [32m[1mLinking CXX executable processing_data_fire_node[0m
[100%] Built target processing_data_fire_node
-- Install configuration: ""
-- Up-to-date: /home/insa/Desktop/VigiWheels/raspberryPI3/ros2_ws/install/fire_detection/lib/fire_detection/serial_reading_node
-- Installing: /home/insa/Desktop/VigiWheels/raspberryPI3/ros2_ws/install/fire_detection/lib/fire_detection/processing_data_fire_node
-- Set runtime path of "/home/insa/Desktop/VigiWheels/raspberryPI3/ros2_ws/install/fire_detection/lib/fire_detection/processing_data_fire_node" to ""
-- Up-to-date: /home/insa/Desktop/VigiWheels/raspberryPI3/ros2_ws/install/fire_detection/lib/fire_detection/serial_writing_node
-- Up-to-date: /home/insa/Desktop/VigiWheels/raspberryPI3/ros2_ws/install/fire_detection/share/ament_index/resource_index/package_run_dependencies/fire_detection
-- Up-to-date: /home/insa/Desktop/VigiWheels/raspberryPI3/ros2_ws/install/fire_detection/share/ament_index/resource_index/parent_prefix_path/fire_detection
-- Up-to-date: /home/insa/Desktop/VigiWheels/raspberryPI3/ros2_ws/install/fire_detection/share/fire_detection/environment/ament_prefix_path.sh
-- Up-to-date: /home/insa/Desktop/VigiWheels/raspberryPI3/ros2_ws/install/fire_detection/share/fire_detection/environment/ament_prefix_path.dsv
-- Up-to-date: /home/insa/Desktop/VigiWheels/raspberryPI3/ros2_ws/install/fire_detection/share/fire_detection/environment/path.sh
-- Up-to-date: /home/insa/Desktop/VigiWheels/raspberryPI3/ros2_ws/install/fire_detection/share/fire_detection/environment/path.dsv
-- Up-to-date: /home/insa/Desktop/VigiWheels/raspberryPI3/ros2_ws/install/fire_detection/share/fire_detection/local_setup.bash
-- Up-to-date: /home/insa/Desktop/VigiWheels/raspberryPI3/ros2_ws/install/fire_detection/share/fire_detection/local_setup.sh
-- Up-to-date: /home/insa/Desktop/VigiWheels/raspberryPI3/ros2_ws/install/fire_detection/share/fire_detection/local_setup.zsh
-- Up-to-date: /home/insa/Desktop/VigiWheels/raspberryPI3/ros2_ws/install/fire_detection/share/fire_detection/local_setup.dsv
-- Installing: /home/insa/Desktop/VigiWheels/raspberryPI3/ros2_ws/install/fire_detection/share/fire_detection/package.dsv
-- Up-to-date: /home/insa/Desktop/VigiWheels/raspberryPI3/ros2_ws/install/fire_detection/share/ament_index/resource_index/packages/fire_detection
-- Up-to-date: /home/insa/Desktop/VigiWheels/raspberryPI3/ros2_ws/install/fire_detection/share/fire_detection/cmake/fire_detectionConfig.cmake
-- Up-to-date: /home/insa/Desktop/VigiWheels/raspberryPI3/ros2_ws/install/fire_detection/share/fire_detection/cmake/fire_detectionConfig-version.cmake
-- Up-to-date: /home/insa/Desktop/VigiWheels/raspberryPI3/ros2_ws/install/fire_detection/share/fire_detection/package.xml
