[0.156s] Invoking command in '/home/moad/VigiWheels/jetsonNano/ros2_ws/build/interfaces': CMAKE_PREFIX_PATH=/home/moad/ros2_ws/install/my_robot_controller:/home/moad/ros2_ws/install/manometer_detection:/opt/ros/humble /usr/bin/cmake --build /home/moad/VigiWheels/jetsonNano/ros2_ws/build/interfaces -- -j12 -l12
[0.433s] [35m[1mConsolidate compiler generated dependencies of target interfaces__rosidl_generator_c[0m
[0.433s] [  1%] Built target interfaces__cpp
[0.434s] [35m[1mConsolidate compiler generated dependencies of target interfaces__rosidl_typesupport_cpp[0m
[0.435s] [  1%] Built target ament_cmake_python_copy_interfaces
[0.435s] [ 12%] Built target interfaces__rosidl_generator_c
[0.435s] [35m[1mConsolidate compiler generated dependencies of target interfaces__rosidl_typesupport_introspection_cpp[0m
[0.435s] [35m[1mConsolidate compiler generated dependencies of target interfaces__rosidl_typesupport_fastrtps_cpp[0m
[0.435s] [ 24%] Built target interfaces__rosidl_typesupport_cpp
[0.435s] [35m[1mConsolidate compiler generated dependencies of target interfaces__rosidl_typesupport_fastrtps_c[0m
[0.436s] [35m[1mConsolidate compiler generated dependencies of target interfaces__rosidl_typesupport_c[0m
[0.436s] [35m[1mConsolidate compiler generated dependencies of target interfaces__rosidl_typesupport_introspection_c[0m
[0.436s] [ 35%] Built target interfaces__rosidl_typesupport_fastrtps_cpp
[0.436s] [ 47%] Built target interfaces__rosidl_typesupport_introspection_cpp
[0.436s] [ 58%] Built target interfaces__rosidl_typesupport_introspection_c
[0.436s] [ 70%] Built target interfaces__rosidl_typesupport_c
[0.436s] [ 81%] Built target interfaces__rosidl_typesupport_fastrtps_c
[0.436s] [ 81%] Built target interfaces
[0.436s] [ 82%] Built target interfaces__py
[0.436s] [35m[1mConsolidate compiler generated dependencies of target interfaces__rosidl_generator_py[0m
[0.436s] [ 93%] Built target interfaces__rosidl_generator_py
[0.436s] [35m[1mConsolidate compiler generated dependencies of target interfaces__rosidl_typesupport_introspection_c__pyext[0m
[0.437s] [35m[1mConsolidate compiler generated dependencies of target interfaces__rosidl_typesupport_fastrtps_c__pyext[0m
[0.437s] [35m[1mConsolidate compiler generated dependencies of target interfaces__rosidl_typesupport_c__pyext[0m
[0.437s] [100%] Built target interfaces__rosidl_typesupport_fastrtps_c__pyext
[0.437s] [100%] Built target interfaces__rosidl_typesupport_introspection_c__pyext
[0.437s] [100%] Built target interfaces__rosidl_typesupport_c__pyext
[0.437s] running egg_info
[0.437s] writing interfaces.egg-info/PKG-INFO
[0.437s] writing dependency_links to interfaces.egg-info/dependency_links.txt
[0.437s] writing top-level names to interfaces.egg-info/top_level.txt
[0.437s] reading manifest file 'interfaces.egg-info/SOURCES.txt'
[0.437s] writing manifest file 'interfaces.egg-info/SOURCES.txt'
[0.437s] [100%] Built target ament_cmake_python_build_interfaces_egg
[0.442s] Invoked command in '/home/moad/VigiWheels/jetsonNano/ros2_ws/build/interfaces' returned '0': CMAKE_PREFIX_PATH=/home/moad/ros2_ws/install/my_robot_controller:/home/moad/ros2_ws/install/manometer_detection:/opt/ros/humble /usr/bin/cmake --build /home/moad/VigiWheels/jetsonNano/ros2_ws/build/interfaces -- -j12 -l12
[0.590s] Invoking command in '/home/moad/VigiWheels/jetsonNano/ros2_ws/build/interfaces': CMAKE_PREFIX_PATH=/home/moad/ros2_ws/install/my_robot_controller:/home/moad/ros2_ws/install/manometer_detection:/opt/ros/humble /usr/bin/cmake --install /home/moad/VigiWheels/jetsonNano/ros2_ws/build/interfaces
[0.640s] -- Install configuration: ""
[0.641s] -- Up-to-date: /home/moad/VigiWheels/jetsonNano/ros2_ws/install/interfaces/share/ament_index/resource_index/rosidl_interfaces/interfaces
[0.641s] -- Up-to-date: /home/moad/VigiWheels/jetsonNano/ros2_ws/install/interfaces/include/interfaces/interfaces
[0.641s] -- Up-to-date: /home/moad/VigiWheels/jetsonNano/ros2_ws/install/interfaces/include/interfaces/interfaces/msg
[0.641s] -- Up-to-date: /home/moad/VigiWheels/jetsonNano/ros2_ws/install/interfaces/include/interfaces/interfaces/msg/gnss.h
[0.641s] -- Up-to-date: /home/moad/VigiWheels/jetsonNano/ros2_ws/install/interfaces/include/interfaces/interfaces/msg/system_check.h
[0.641s] -- Up-to-date: /home/moad/VigiWheels/jetsonNano/ros2_ws/install/interfaces/include/interfaces/interfaces/msg/motors_feedback.h
[0.641s] -- Up-to-date: /home/moad/VigiWheels/jetsonNano/ros2_ws/install/interfaces/include/interfaces/interfaces/msg/rosidl_generator_c__visibility_control.h
[0.642s] -- Up-to-date: /home/moad/VigiWheels/jetsonNano/ros2_ws/install/interfaces/include/interfaces/interfaces/msg/joystick_order.h
[0.642s] -- Up-to-date: /home/moad/VigiWheels/jetsonNano/ros2_ws/install/interfaces/include/interfaces/interfaces/msg/motors_order.h
[0.642s] -- Up-to-date: /home/moad/VigiWheels/jetsonNano/ros2_ws/install/interfaces/include/interfaces/interfaces/msg/steering_calibration.h
[0.642s] -- Up-to-date: /home/moad/VigiWheels/jetsonNano/ros2_ws/install/interfaces/include/interfaces/interfaces/msg/detail
[0.642s] -- Up-to-date: /home/moad/VigiWheels/jetsonNano/ros2_ws/install/interfaces/include/interfaces/interfaces/msg/detail/general_data__type_support.h
[0.642s] -- Up-to-date: /home/moad/VigiWheels/jetsonNano/ros2_ws/install/interfaces/include/interfaces/interfaces/msg/detail/gnss__struct.h
[0.642s] -- Up-to-date: /home/moad/VigiWheels/jetsonNano/ros2_ws/install/interfaces/include/interfaces/interfaces/msg/detail/motors_order__functions.h
[0.642s] -- Up-to-date: /home/moad/VigiWheels/jetsonNano/ros2_ws/install/interfaces/include/interfaces/interfaces/msg/detail/system_check__type_support.h
[0.642s] -- Up-to-date: /home/moad/VigiWheels/jetsonNano/ros2_ws/install/interfaces/include/interfaces/interfaces/msg/detail/motors_feedback__functions.h
[0.642s] -- Up-to-date: /home/moad/VigiWheels/jetsonNano/ros2_ws/install/interfaces/include/interfaces/interfaces/msg/detail/motors_feedback__functions.c
[0.642s] -- Up-to-date: /home/moad/VigiWheels/jetsonNano/ros2_ws/install/interfaces/include/interfaces/interfaces/msg/detail/motors_order__struct.h
[0.642s] -- Up-to-date: /home/moad/VigiWheels/jetsonNano/ros2_ws/install/interfaces/include/interfaces/interfaces/msg/detail/gnss__type_support.h
[0.642s] -- Up-to-date: /home/moad/VigiWheels/jetsonNano/ros2_ws/install/interfaces/include/interfaces/interfaces/msg/detail/motors_feedback__struct.h
[0.642s] -- Up-to-date: /home/moad/VigiWheels/jetsonNano/ros2_ws/install/interfaces/include/interfaces/interfaces/msg/detail/steering_calibration__type_support.h
[0.643s] -- Up-to-date: /home/moad/VigiWheels/jetsonNano/ros2_ws/install/interfaces/include/interfaces/interfaces/msg/detail/steering_calibration__struct.h
[0.643s] -- Up-to-date: /home/moad/VigiWheels/jetsonNano/ros2_ws/install/interfaces/include/interfaces/interfaces/msg/detail/system_check__functions.c
[0.643s] -- Up-to-date: /home/moad/VigiWheels/jetsonNano/ros2_ws/install/interfaces/include/interfaces/interfaces/msg/detail/system_check__functions.h
[0.643s] -- Up-to-date: /home/moad/VigiWheels/jetsonNano/ros2_ws/install/interfaces/include/interfaces/interfaces/msg/detail/gnss__functions.c
[0.643s] -- Up-to-date: /home/moad/VigiWheels/jetsonNano/ros2_ws/install/interfaces/include/interfaces/interfaces/msg/detail/motors_order__type_support.h
[0.643s] -- Up-to-date: /home/moad/VigiWheels/jetsonNano/ros2_ws/install/interfaces/include/interfaces/interfaces/msg/detail/gnss__functions.h
[0.643s] -- Up-to-date: /home/moad/VigiWheels/jetsonNano/ros2_ws/install/interfaces/include/interfaces/interfaces/msg/detail/general_data__functions.c
[0.643s] -- Up-to-date: /home/moad/VigiWheels/jetsonNano/ros2_ws/install/interfaces/include/interfaces/interfaces/msg/detail/steering_calibration__functions.h
[0.643s] -- Up-to-date: /home/moad/VigiWheels/jetsonNano/ros2_ws/install/interfaces/include/interfaces/interfaces/msg/detail/motors_feedback__type_support.h
[0.643s] -- Up-to-date: /home/moad/VigiWheels/jetsonNano/ros2_ws/install/interfaces/include/interfaces/interfaces/msg/detail/ultrasonic__struct.h
[0.644s] -- Up-to-date: /home/moad/VigiWheels/jetsonNano/ros2_ws/install/interfaces/include/interfaces/interfaces/msg/detail/motors_order__functions.c
[0.644s] -- Up-to-date: /home/moad/VigiWheels/jetsonNano/ros2_ws/install/interfaces/include/interfaces/interfaces/msg/detail/general_data__functions.h
[0.644s] -- Up-to-date: /home/moad/VigiWheels/jetsonNano/ros2_ws/install/interfaces/include/interfaces/interfaces/msg/detail/steering_calibration__functions.c
[0.644s] -- Up-to-date: /home/moad/VigiWheels/jetsonNano/ros2_ws/install/interfaces/include/interfaces/interfaces/msg/detail/ultrasonic__functions.c
[0.644s] -- Up-to-date: /home/moad/VigiWheels/jetsonNano/ros2_ws/install/interfaces/include/interfaces/interfaces/msg/detail/ultrasonic__type_support.h
[0.644s] -- Up-to-date: /home/moad/VigiWheels/jetsonNano/ros2_ws/install/interfaces/include/interfaces/interfaces/msg/detail/joystick_order__type_support.h
[0.644s] -- Up-to-date: /home/moad/VigiWheels/jetsonNano/ros2_ws/install/interfaces/include/interfaces/interfaces/msg/detail/system_check__struct.h
[0.644s] -- Up-to-date: /home/moad/VigiWheels/jetsonNano/ros2_ws/install/interfaces/include/interfaces/interfaces/msg/detail/joystick_order__functions.h
[0.644s] -- Up-to-date: /home/moad/VigiWheels/jetsonNano/ros2_ws/install/interfaces/include/interfaces/interfaces/msg/detail/ultrasonic__functions.h
[0.644s] -- Up-to-date: /home/moad/VigiWheels/jetsonNano/ros2_ws/install/interfaces/include/interfaces/interfaces/msg/detail/joystick_order__functions.c
[0.644s] -- Up-to-date: /home/moad/VigiWheels/jetsonNano/ros2_ws/install/interfaces/include/interfaces/interfaces/msg/detail/general_data__struct.h
[0.644s] -- Up-to-date: /home/moad/VigiWheels/jetsonNano/ros2_ws/install/interfaces/include/interfaces/interfaces/msg/detail/joystick_order__struct.h
[0.644s] -- Up-to-date: /home/moad/VigiWheels/jetsonNano/ros2_ws/install/interfaces/include/interfaces/interfaces/msg/general_data.h
[0.645s] -- Up-to-date: /home/moad/VigiWheels/jetsonNano/ros2_ws/install/interfaces/include/interfaces/interfaces/msg/ultrasonic.h
[0.645s] -- Up-to-date: /home/moad/VigiWheels/jetsonNano/ros2_ws/install/interfaces/share/interfaces/environment/library_path.sh
[0.645s] -- Up-to-date: /home/moad/VigiWheels/jetsonNano/ros2_ws/install/interfaces/share/interfaces/environment/library_path.dsv
[0.645s] -- Up-to-date: /home/moad/VigiWheels/jetsonNano/ros2_ws/install/interfaces/lib/libinterfaces__rosidl_generator_c.so
[0.645s] -- Up-to-date: /home/moad/VigiWheels/jetsonNano/ros2_ws/install/interfaces/include/interfaces/interfaces
[0.645s] -- Up-to-date: /home/moad/VigiWheels/jetsonNano/ros2_ws/install/interfaces/include/interfaces/interfaces/msg
[0.645s] -- Up-to-date: /home/moad/VigiWheels/jetsonNano/ros2_ws/install/interfaces/include/interfaces/interfaces/msg/rosidl_typesupport_fastrtps_c__visibility_control.h
[0.645s] -- Up-to-date: /home/moad/VigiWheels/jetsonNano/ros2_ws/install/interfaces/include/interfaces/interfaces/msg/detail
[0.645s] -- Up-to-date: /home/moad/VigiWheels/jetsonNano/ros2_ws/install/interfaces/include/interfaces/interfaces/msg/detail/gnss__rosidl_typesupport_fastrtps_c.h
[0.645s] -- Up-to-date: /home/moad/VigiWheels/jetsonNano/ros2_ws/install/interfaces/include/interfaces/interfaces/msg/detail/ultrasonic__rosidl_typesupport_fastrtps_c.h
[0.645s] -- Up-to-date: /home/moad/VigiWheels/jetsonNano/ros2_ws/install/interfaces/include/interfaces/interfaces/msg/detail/system_check__rosidl_typesupport_fastrtps_c.h
[0.645s] -- Up-to-date: /home/moad/VigiWheels/jetsonNano/ros2_ws/install/interfaces/include/interfaces/interfaces/msg/detail/general_data__rosidl_typesupport_fastrtps_c.h
[0.645s] -- Up-to-date: /home/moad/VigiWheels/jetsonNano/ros2_ws/install/interfaces/include/interfaces/interfaces/msg/detail/steering_calibration__rosidl_typesupport_fastrtps_c.h
[0.645s] -- Up-to-date: /home/moad/VigiWheels/jetsonNano/ros2_ws/install/interfaces/include/interfaces/interfaces/msg/detail/motors_order__rosidl_typesupport_fastrtps_c.h
[0.645s] -- Up-to-date: /home/moad/VigiWheels/jetsonNano/ros2_ws/install/interfaces/include/interfaces/interfaces/msg/detail/joystick_order__rosidl_typesupport_fastrtps_c.h
[0.646s] -- Up-to-date: /home/moad/VigiWheels/jetsonNano/ros2_ws/install/interfaces/include/interfaces/interfaces/msg/detail/motors_feedback__rosidl_typesupport_fastrtps_c.h
[0.646s] -- Up-to-date: /home/moad/VigiWheels/jetsonNano/ros2_ws/install/interfaces/lib/libinterfaces__rosidl_typesupport_fastrtps_c.so
[0.646s] -- Up-to-date: /home/moad/VigiWheels/jetsonNano/ros2_ws/install/interfaces/include/interfaces/interfaces
[0.646s] -- Up-to-date: /home/moad/VigiWheels/jetsonNano/ros2_ws/install/interfaces/include/interfaces/interfaces/msg
[0.646s] -- Up-to-date: /home/moad/VigiWheels/jetsonNano/ros2_ws/install/interfaces/include/interfaces/interfaces/msg/gnss.hpp
[0.646s] -- Up-to-date: /home/moad/VigiWheels/jetsonNano/ros2_ws/install/interfaces/include/interfaces/interfaces/msg/steering_calibration.hpp
[0.646s] -- Up-to-date: /home/moad/VigiWheels/jetsonNano/ros2_ws/install/interfaces/include/interfaces/interfaces/msg/general_data.hpp
[0.646s] -- Up-to-date: /home/moad/VigiWheels/jetsonNano/ros2_ws/install/interfaces/include/interfaces/interfaces/msg/system_check.hpp
[0.646s] -- Up-to-date: /home/moad/VigiWheels/jetsonNano/ros2_ws/install/interfaces/include/interfaces/interfaces/msg/joystick_order.hpp
[0.646s] -- Up-to-date: /home/moad/VigiWheels/jetsonNano/ros2_ws/install/interfaces/include/interfaces/interfaces/msg/motors_order.hpp
[0.646s] -- Up-to-date: /home/moad/VigiWheels/jetsonNano/ros2_ws/install/interfaces/include/interfaces/interfaces/msg/detail
[0.647s] -- Up-to-date: /home/moad/VigiWheels/jetsonNano/ros2_ws/install/interfaces/include/interfaces/interfaces/msg/detail/motors_order__traits.hpp
[0.647s] -- Up-to-date: /home/moad/VigiWheels/jetsonNano/ros2_ws/install/interfaces/include/interfaces/interfaces/msg/detail/joystick_order__builder.hpp
[0.647s] -- Up-to-date: /home/moad/VigiWheels/jetsonNano/ros2_ws/install/interfaces/include/interfaces/interfaces/msg/detail/gnss__traits.hpp
[0.647s] -- Up-to-date: /home/moad/VigiWheels/jetsonNano/ros2_ws/install/interfaces/include/interfaces/interfaces/msg/detail/ultrasonic__struct.hpp
[0.647s] -- Up-to-date: /home/moad/VigiWheels/jetsonNano/ros2_ws/install/interfaces/include/interfaces/interfaces/msg/detail/joystick_order__traits.hpp
[0.647s] -- Up-to-date: /home/moad/VigiWheels/jetsonNano/ros2_ws/install/interfaces/include/interfaces/interfaces/msg/detail/motors_feedback__builder.hpp
[0.647s] -- Up-to-date: /home/moad/VigiWheels/jetsonNano/ros2_ws/install/interfaces/include/interfaces/interfaces/msg/detail/motors_order__struct.hpp
[0.647s] -- Up-to-date: /home/moad/VigiWheels/jetsonNano/ros2_ws/install/interfaces/include/interfaces/interfaces/msg/detail/gnss__builder.hpp
[0.647s] -- Up-to-date: /home/moad/VigiWheels/jetsonNano/ros2_ws/install/interfaces/include/interfaces/interfaces/msg/detail/gnss__struct.hpp
[0.647s] -- Up-to-date: /home/moad/VigiWheels/jetsonNano/ros2_ws/install/interfaces/include/interfaces/interfaces/msg/detail/general_data__struct.hpp
[0.648s] -- Up-to-date: /home/moad/VigiWheels/jetsonNano/ros2_ws/install/interfaces/include/interfaces/interfaces/msg/detail/steering_calibration__builder.hpp
[0.648s] -- Up-to-date: /home/moad/VigiWheels/jetsonNano/ros2_ws/install/interfaces/include/interfaces/interfaces/msg/detail/system_check__struct.hpp
[0.648s] -- Up-to-date: /home/moad/VigiWheels/jetsonNano/ros2_ws/install/interfaces/include/interfaces/interfaces/msg/detail/general_data__builder.hpp
[0.648s] -- Up-to-date: /home/moad/VigiWheels/jetsonNano/ros2_ws/install/interfaces/include/interfaces/interfaces/msg/detail/general_data__traits.hpp
[0.648s] -- Up-to-date: /home/moad/VigiWheels/jetsonNano/ros2_ws/install/interfaces/include/interfaces/interfaces/msg/detail/steering_calibration__traits.hpp
[0.648s] -- Up-to-date: /home/moad/VigiWheels/jetsonNano/ros2_ws/install/interfaces/include/interfaces/interfaces/msg/detail/motors_order__builder.hpp
[0.648s] -- Up-to-date: /home/moad/VigiWheels/jetsonNano/ros2_ws/install/interfaces/include/interfaces/interfaces/msg/detail/system_check__traits.hpp
[0.648s] -- Up-to-date: /home/moad/VigiWheels/jetsonNano/ros2_ws/install/interfaces/include/interfaces/interfaces/msg/detail/motors_feedback__struct.hpp
[0.648s] -- Up-to-date: /home/moad/VigiWheels/jetsonNano/ros2_ws/install/interfaces/include/interfaces/interfaces/msg/detail/ultrasonic__traits.hpp
[0.648s] -- Up-to-date: /home/moad/VigiWheels/jetsonNano/ros2_ws/install/interfaces/include/interfaces/interfaces/msg/detail/system_check__builder.hpp
[0.649s] -- Up-to-date: /home/moad/VigiWheels/jetsonNano/ros2_ws/install/interfaces/include/interfaces/interfaces/msg/detail/motors_feedback__traits.hpp
[0.649s] -- Up-to-date: /home/moad/VigiWheels/jetsonNano/ros2_ws/install/interfaces/include/interfaces/interfaces/msg/detail/ultrasonic__builder.hpp
[0.649s] -- Up-to-date: /home/moad/VigiWheels/jetsonNano/ros2_ws/install/interfaces/include/interfaces/interfaces/msg/detail/steering_calibration__struct.hpp
[0.649s] -- Up-to-date: /home/moad/VigiWheels/jetsonNano/ros2_ws/install/interfaces/include/interfaces/interfaces/msg/detail/joystick_order__struct.hpp
[0.649s] -- Up-to-date: /home/moad/VigiWheels/jetsonNano/ros2_ws/install/interfaces/include/interfaces/interfaces/msg/ultrasonic.hpp
[0.649s] -- Up-to-date: /home/moad/VigiWheels/jetsonNano/ros2_ws/install/interfaces/include/interfaces/interfaces/msg/motors_feedback.hpp
[0.649s] -- Up-to-date: /home/moad/VigiWheels/jetsonNano/ros2_ws/install/interfaces/include/interfaces/interfaces
[0.649s] -- Up-to-date: /home/moad/VigiWheels/jetsonNano/ros2_ws/install/interfaces/include/interfaces/interfaces/msg
[0.649s] -- Up-to-date: /home/moad/VigiWheels/jetsonNano/ros2_ws/install/interfaces/include/interfaces/interfaces/msg/detail
[0.649s] -- Up-to-date: /home/moad/VigiWheels/jetsonNano/ros2_ws/install/interfaces/include/interfaces/interfaces/msg/detail/motors_feedback__rosidl_typesupport_fastrtps_cpp.hpp
[0.650s] -- Up-to-date: /home/moad/VigiWheels/jetsonNano/ros2_ws/install/interfaces/include/interfaces/interfaces/msg/detail/steering_calibration__rosidl_typesupport_fastrtps_cpp.hpp
[0.650s] -- Up-to-date: /home/moad/VigiWheels/jetsonNano/ros2_ws/install/interfaces/include/interfaces/interfaces/msg/detail/motors_order__rosidl_typesupport_fastrtps_cpp.hpp
[0.650s] -- Up-to-date: /home/moad/VigiWheels/jetsonNano/ros2_ws/install/interfaces/include/interfaces/interfaces/msg/detail/dds_fastrtps
[0.650s] -- Up-to-date: /home/moad/VigiWheels/jetsonNano/ros2_ws/install/interfaces/include/interfaces/interfaces/msg/detail/system_check__rosidl_typesupport_fastrtps_cpp.hpp
[0.650s] -- Up-to-date: /home/moad/VigiWheels/jetsonNano/ros2_ws/install/interfaces/include/interfaces/interfaces/msg/detail/general_data__rosidl_typesupport_fastrtps_cpp.hpp
[0.650s] -- Up-to-date: /home/moad/VigiWheels/jetsonNano/ros2_ws/install/interfaces/include/interfaces/interfaces/msg/detail/gnss__rosidl_typesupport_fastrtps_cpp.hpp
[0.650s] -- Up-to-date: /home/moad/VigiWheels/jetsonNano/ros2_ws/install/interfaces/include/interfaces/interfaces/msg/detail/joystick_order__rosidl_typesupport_fastrtps_cpp.hpp
[0.650s] -- Up-to-date: /home/moad/VigiWheels/jetsonNano/ros2_ws/install/interfaces/include/interfaces/interfaces/msg/detail/ultrasonic__rosidl_typesupport_fastrtps_cpp.hpp
[0.650s] -- Up-to-date: /home/moad/VigiWheels/jetsonNano/ros2_ws/install/interfaces/include/interfaces/interfaces/msg/rosidl_typesupport_fastrtps_cpp__visibility_control.h
[0.651s] -- Up-to-date: /home/moad/VigiWheels/jetsonNano/ros2_ws/install/interfaces/lib/libinterfaces__rosidl_typesupport_fastrtps_cpp.so
[0.651s] -- Up-to-date: /home/moad/VigiWheels/jetsonNano/ros2_ws/install/interfaces/include/interfaces/interfaces
[0.651s] -- Up-to-date: /home/moad/VigiWheels/jetsonNano/ros2_ws/install/interfaces/include/interfaces/interfaces/msg
[0.651s] -- Up-to-date: /home/moad/VigiWheels/jetsonNano/ros2_ws/install/interfaces/include/interfaces/interfaces/msg/detail
[0.651s] -- Up-to-date: /home/moad/VigiWheels/jetsonNano/ros2_ws/install/interfaces/include/interfaces/interfaces/msg/detail/gnss__rosidl_typesupport_introspection_c.h
[0.651s] -- Up-to-date: /home/moad/VigiWheels/jetsonNano/ros2_ws/install/interfaces/include/interfaces/interfaces/msg/detail/motors_order__type_support.c
[0.651s] -- Up-to-date: /home/moad/VigiWheels/jetsonNano/ros2_ws/install/interfaces/include/interfaces/interfaces/msg/detail/motors_feedback__type_support.c
[0.651s] -- Up-to-date: /home/moad/VigiWheels/jetsonNano/ros2_ws/install/interfaces/include/interfaces/interfaces/msg/detail/system_check__type_support.c
[0.651s] -- Up-to-date: /home/moad/VigiWheels/jetsonNano/ros2_ws/install/interfaces/include/interfaces/interfaces/msg/detail/joystick_order__rosidl_typesupport_introspection_c.h
[0.652s] -- Up-to-date: /home/moad/VigiWheels/jetsonNano/ros2_ws/install/interfaces/include/interfaces/interfaces/msg/detail/general_data__type_support.c
[0.652s] -- Up-to-date: /home/moad/VigiWheels/jetsonNano/ros2_ws/install/interfaces/include/interfaces/interfaces/msg/detail/joystick_order__type_support.c
[0.652s] -- Up-to-date: /home/moad/VigiWheels/jetsonNano/ros2_ws/install/interfaces/include/interfaces/interfaces/msg/detail/system_check__rosidl_typesupport_introspection_c.h
[0.652s] -- Up-to-date: /home/moad/VigiWheels/jetsonNano/ros2_ws/install/interfaces/include/interfaces/interfaces/msg/detail/general_data__rosidl_typesupport_introspection_c.h
[0.652s] -- Up-to-date: /home/moad/VigiWheels/jetsonNano/ros2_ws/install/interfaces/include/interfaces/interfaces/msg/detail/ultrasonic__type_support.c
[0.652s] -- Up-to-date: /home/moad/VigiWheels/jetsonNano/ros2_ws/install/interfaces/include/interfaces/interfaces/msg/detail/motors_order__rosidl_typesupport_introspection_c.h
[0.652s] -- Up-to-date: /home/moad/VigiWheels/jetsonNano/ros2_ws/install/interfaces/include/interfaces/interfaces/msg/detail/ultrasonic__rosidl_typesupport_introspection_c.h
[0.652s] -- Up-to-date: /home/moad/VigiWheels/jetsonNano/ros2_ws/install/interfaces/include/interfaces/interfaces/msg/detail/steering_calibration__rosidl_typesupport_introspection_c.h
[0.652s] -- Up-to-date: /home/moad/VigiWheels/jetsonNano/ros2_ws/install/interfaces/include/interfaces/interfaces/msg/detail/gnss__type_support.c
[0.652s] -- Up-to-date: /home/moad/VigiWheels/jetsonNano/ros2_ws/install/interfaces/include/interfaces/interfaces/msg/detail/motors_feedback__rosidl_typesupport_introspection_c.h
[0.652s] -- Up-to-date: /home/moad/VigiWheels/jetsonNano/ros2_ws/install/interfaces/include/interfaces/interfaces/msg/detail/steering_calibration__type_support.c
[0.653s] -- Up-to-date: /home/moad/VigiWheels/jetsonNano/ros2_ws/install/interfaces/include/interfaces/interfaces/msg/rosidl_typesupport_introspection_c__visibility_control.h
[0.653s] -- Up-to-date: /home/moad/VigiWheels/jetsonNano/ros2_ws/install/interfaces/lib/libinterfaces__rosidl_typesupport_introspection_c.so
[0.653s] -- Up-to-date: /home/moad/VigiWheels/jetsonNano/ros2_ws/install/interfaces/lib/libinterfaces__rosidl_typesupport_c.so
[0.653s] -- Up-to-date: /home/moad/VigiWheels/jetsonNano/ros2_ws/install/interfaces/include/interfaces/interfaces
[0.653s] -- Up-to-date: /home/moad/VigiWheels/jetsonNano/ros2_ws/install/interfaces/include/interfaces/interfaces/msg
[0.653s] -- Up-to-date: /home/moad/VigiWheels/jetsonNano/ros2_ws/install/interfaces/include/interfaces/interfaces/msg/detail
[0.653s] -- Up-to-date: /home/moad/VigiWheels/jetsonNano/ros2_ws/install/interfaces/include/interfaces/interfaces/msg/detail/general_data__rosidl_typesupport_introspection_cpp.hpp
[0.653s] -- Up-to-date: /home/moad/VigiWheels/jetsonNano/ros2_ws/install/interfaces/include/interfaces/interfaces/msg/detail/ultrasonic__type_support.cpp
[0.653s] -- Up-to-date: /home/moad/VigiWheels/jetsonNano/ros2_ws/install/interfaces/include/interfaces/interfaces/msg/detail/steering_calibration__type_support.cpp
[0.654s] -- Up-to-date: /home/moad/VigiWheels/jetsonNano/ros2_ws/install/interfaces/include/interfaces/interfaces/msg/detail/joystick_order__type_support.cpp
[0.654s] -- Up-to-date: /home/moad/VigiWheels/jetsonNano/ros2_ws/install/interfaces/include/interfaces/interfaces/msg/detail/motors_feedback__type_support.cpp
[0.654s] -- Up-to-date: /home/moad/VigiWheels/jetsonNano/ros2_ws/install/interfaces/include/interfaces/interfaces/msg/detail/gnss__type_support.cpp
[0.654s] -- Up-to-date: /home/moad/VigiWheels/jetsonNano/ros2_ws/install/interfaces/include/interfaces/interfaces/msg/detail/system_check__type_support.cpp
[0.654s] -- Up-to-date: /home/moad/VigiWheels/jetsonNano/ros2_ws/install/interfaces/include/interfaces/interfaces/msg/detail/motors_feedback__rosidl_typesupport_introspection_cpp.hpp
[0.654s] -- Up-to-date: /home/moad/VigiWheels/jetsonNano/ros2_ws/install/interfaces/include/interfaces/interfaces/msg/detail/steering_calibration__rosidl_typesupport_introspection_cpp.hpp
[0.654s] -- Up-to-date: /home/moad/VigiWheels/jetsonNano/ros2_ws/install/interfaces/include/interfaces/interfaces/msg/detail/gnss__rosidl_typesupport_introspection_cpp.hpp
[0.654s] -- Up-to-date: /home/moad/VigiWheels/jetsonNano/ros2_ws/install/interfaces/include/interfaces/interfaces/msg/detail/motors_order__rosidl_typesupport_introspection_cpp.hpp
[0.654s] -- Up-to-date: /home/moad/VigiWheels/jetsonNano/ros2_ws/install/interfaces/include/interfaces/interfaces/msg/detail/system_check__rosidl_typesupport_introspection_cpp.hpp
[0.654s] -- Up-to-date: /home/moad/VigiWheels/jetsonNano/ros2_ws/install/interfaces/include/interfaces/interfaces/msg/detail/general_data__type_support.cpp
[0.654s] -- Up-to-date: /home/moad/VigiWheels/jetsonNano/ros2_ws/install/interfaces/include/interfaces/interfaces/msg/detail/ultrasonic__rosidl_typesupport_introspection_cpp.hpp
[0.654s] -- Up-to-date: /home/moad/VigiWheels/jetsonNano/ros2_ws/install/interfaces/include/interfaces/interfaces/msg/detail/joystick_order__rosidl_typesupport_introspection_cpp.hpp
[0.655s] -- Up-to-date: /home/moad/VigiWheels/jetsonNano/ros2_ws/install/interfaces/include/interfaces/interfaces/msg/detail/motors_order__type_support.cpp
[0.655s] -- Up-to-date: /home/moad/VigiWheels/jetsonNano/ros2_ws/install/interfaces/lib/libinterfaces__rosidl_typesupport_introspection_cpp.so
[0.655s] -- Up-to-date: /home/moad/VigiWheels/jetsonNano/ros2_ws/install/interfaces/lib/libinterfaces__rosidl_typesupport_cpp.so
[0.655s] -- Up-to-date: /home/moad/VigiWheels/jetsonNano/ros2_ws/install/interfaces/share/interfaces/environment/pythonpath.sh
[0.655s] -- Up-to-date: /home/moad/VigiWheels/jetsonNano/ros2_ws/install/interfaces/share/interfaces/environment/pythonpath.dsv
[0.655s] -- Up-to-date: /home/moad/VigiWheels/jetsonNano/ros2_ws/install/interfaces/local/lib/python3.10/dist-packages/interfaces-0.0.0-py3.10.egg-info
[0.655s] -- Installing: /home/moad/VigiWheels/jetsonNano/ros2_ws/install/interfaces/local/lib/python3.10/dist-packages/interfaces-0.0.0-py3.10.egg-info/SOURCES.txt
[0.655s] -- Installing: /home/moad/VigiWheels/jetsonNano/ros2_ws/install/interfaces/local/lib/python3.10/dist-packages/interfaces-0.0.0-py3.10.egg-info/dependency_links.txt
[0.655s] -- Installing: /home/moad/VigiWheels/jetsonNano/ros2_ws/install/interfaces/local/lib/python3.10/dist-packages/interfaces-0.0.0-py3.10.egg-info/top_level.txt
[0.655s] -- Installing: /home/moad/VigiWheels/jetsonNano/ros2_ws/install/interfaces/local/lib/python3.10/dist-packages/interfaces-0.0.0-py3.10.egg-info/PKG-INFO
[0.655s] -- Up-to-date: /home/moad/VigiWheels/jetsonNano/ros2_ws/install/interfaces/local/lib/python3.10/dist-packages/interfaces
[0.656s] -- Up-to-date: /home/moad/VigiWheels/jetsonNano/ros2_ws/install/interfaces/local/lib/python3.10/dist-packages/interfaces/interfaces_s__rosidl_typesupport_fastrtps_c.cpython-310-x86_64-linux-gnu.so
[0.656s] -- Up-to-date: /home/moad/VigiWheels/jetsonNano/ros2_ws/install/interfaces/local/lib/python3.10/dist-packages/interfaces/_interfaces_s.ep.rosidl_typesupport_c.c
[0.656s] -- Up-to-date: /home/moad/VigiWheels/jetsonNano/ros2_ws/install/interfaces/local/lib/python3.10/dist-packages/interfaces/interfaces_s__rosidl_typesupport_introspection_c.cpython-310-x86_64-linux-gnu.so
[0.656s] -- Up-to-date: /home/moad/VigiWheels/jetsonNano/ros2_ws/install/interfaces/local/lib/python3.10/dist-packages/interfaces/_interfaces_s.ep.rosidl_typesupport_fastrtps_c.c
[0.656s] -- Up-to-date: /home/moad/VigiWheels/jetsonNano/ros2_ws/install/interfaces/local/lib/python3.10/dist-packages/interfaces/_interfaces_s.ep.rosidl_typesupport_introspection_c.c
[0.656s] -- Up-to-date: /home/moad/VigiWheels/jetsonNano/ros2_ws/install/interfaces/local/lib/python3.10/dist-packages/interfaces/msg
[0.656s] -- Up-to-date: /home/moad/VigiWheels/jetsonNano/ros2_ws/install/interfaces/local/lib/python3.10/dist-packages/interfaces/msg/_steering_calibration_s.c
[0.656s] -- Up-to-date: /home/moad/VigiWheels/jetsonNano/ros2_ws/install/interfaces/local/lib/python3.10/dist-packages/interfaces/msg/_ultrasonic_s.c
[0.656s] -- Up-to-date: /home/moad/VigiWheels/jetsonNano/ros2_ws/install/interfaces/local/lib/python3.10/dist-packages/interfaces/msg/_gnss_s.c
[0.656s] -- Up-to-date: /home/moad/VigiWheels/jetsonNano/ros2_ws/install/interfaces/local/lib/python3.10/dist-packages/interfaces/msg/_motors_order_s.c
[0.656s] -- Up-to-date: /home/moad/VigiWheels/jetsonNano/ros2_ws/install/interfaces/local/lib/python3.10/dist-packages/interfaces/msg/_general_data.py
[0.656s] -- Up-to-date: /home/moad/VigiWheels/jetsonNano/ros2_ws/install/interfaces/local/lib/python3.10/dist-packages/interfaces/msg/_motors_feedback.py
[0.657s] -- Up-to-date: /home/moad/VigiWheels/jetsonNano/ros2_ws/install/interfaces/local/lib/python3.10/dist-packages/interfaces/msg/_system_check_s.c
[0.657s] -- Up-to-date: /home/moad/VigiWheels/jetsonNano/ros2_ws/install/interfaces/local/lib/python3.10/dist-packages/interfaces/msg/_gnss.py
[0.657s] -- Up-to-date: /home/moad/VigiWheels/jetsonNano/ros2_ws/install/interfaces/local/lib/python3.10/dist-packages/interfaces/msg/_ultrasonic.py
[0.657s] -- Up-to-date: /home/moad/VigiWheels/jetsonNano/ros2_ws/install/interfaces/local/lib/python3.10/dist-packages/interfaces/msg/__init__.py
[0.657s] -- Up-to-date: /home/moad/VigiWheels/jetsonNano/ros2_ws/install/interfaces/local/lib/python3.10/dist-packages/interfaces/msg/_joystick_order_s.c
[0.657s] -- Up-to-date: /home/moad/VigiWheels/jetsonNano/ros2_ws/install/interfaces/local/lib/python3.10/dist-packages/interfaces/msg/_system_check.py
[0.657s] -- Up-to-date: /home/moad/VigiWheels/jetsonNano/ros2_ws/install/interfaces/local/lib/python3.10/dist-packages/interfaces/msg/_motors_order.py
[0.657s] -- Up-to-date: /home/moad/VigiWheels/jetsonNano/ros2_ws/install/interfaces/local/lib/python3.10/dist-packages/interfaces/msg/_motors_feedback_s.c
[0.657s] -- Up-to-date: /home/moad/VigiWheels/jetsonNano/ros2_ws/install/interfaces/local/lib/python3.10/dist-packages/interfaces/msg/_joystick_order.py
[0.657s] -- Up-to-date: /home/moad/VigiWheels/jetsonNano/ros2_ws/install/interfaces/local/lib/python3.10/dist-packages/interfaces/msg/_general_data_s.c
[0.658s] -- Up-to-date: /home/moad/VigiWheels/jetsonNano/ros2_ws/install/interfaces/local/lib/python3.10/dist-packages/interfaces/msg/_steering_calibration.py
[0.658s] -- Up-to-date: /home/moad/VigiWheels/jetsonNano/ros2_ws/install/interfaces/local/lib/python3.10/dist-packages/interfaces/interfaces_s__rosidl_typesupport_c.cpython-310-x86_64-linux-gnu.so
[0.658s] -- Up-to-date: /home/moad/VigiWheels/jetsonNano/ros2_ws/install/interfaces/local/lib/python3.10/dist-packages/interfaces/__init__.py
[0.658s] -- Up-to-date: /home/moad/VigiWheels/jetsonNano/ros2_ws/install/interfaces/local/lib/python3.10/dist-packages/interfaces/libinterfaces__rosidl_generator_py.so
[0.667s] Listing '/home/moad/VigiWheels/jetsonNano/ros2_ws/install/interfaces/local/lib/python3.10/dist-packages/interfaces'...
[0.667s] Listing '/home/moad/VigiWheels/jetsonNano/ros2_ws/install/interfaces/local/lib/python3.10/dist-packages/interfaces/msg'...
[0.669s] -- Up-to-date: /home/moad/VigiWheels/jetsonNano/ros2_ws/install/interfaces/local/lib/python3.10/dist-packages/interfaces/interfaces_s__rosidl_typesupport_fastrtps_c.cpython-310-x86_64-linux-gnu.so
[0.669s] -- Up-to-date: /home/moad/VigiWheels/jetsonNano/ros2_ws/install/interfaces/local/lib/python3.10/dist-packages/interfaces/interfaces_s__rosidl_typesupport_introspection_c.cpython-310-x86_64-linux-gnu.so
[0.670s] -- Up-to-date: /home/moad/VigiWheels/jetsonNano/ros2_ws/install/interfaces/local/lib/python3.10/dist-packages/interfaces/interfaces_s__rosidl_typesupport_c.cpython-310-x86_64-linux-gnu.so
[0.670s] -- Up-to-date: /home/moad/VigiWheels/jetsonNano/ros2_ws/install/interfaces/lib/libinterfaces__rosidl_generator_py.so
[0.670s] -- Up-to-date: /home/moad/VigiWheels/jetsonNano/ros2_ws/install/interfaces/share/interfaces/msg/JoystickOrder.idl
[0.670s] -- Up-to-date: /home/moad/VigiWheels/jetsonNano/ros2_ws/install/interfaces/share/interfaces/msg/MotorsOrder.idl
[0.670s] -- Up-to-date: /home/moad/VigiWheels/jetsonNano/ros2_ws/install/interfaces/share/interfaces/msg/MotorsFeedback.idl
[0.670s] -- Up-to-date: /home/moad/VigiWheels/jetsonNano/ros2_ws/install/interfaces/share/interfaces/msg/GeneralData.idl
[0.670s] -- Up-to-date: /home/moad/VigiWheels/jetsonNano/ros2_ws/install/interfaces/share/interfaces/msg/SteeringCalibration.idl
[0.670s] -- Up-to-date: /home/moad/VigiWheels/jetsonNano/ros2_ws/install/interfaces/share/interfaces/msg/Ultrasonic.idl
[0.670s] -- Up-to-date: /home/moad/VigiWheels/jetsonNano/ros2_ws/install/interfaces/share/interfaces/msg/Gnss.idl
[0.670s] -- Up-to-date: /home/moad/VigiWheels/jetsonNano/ros2_ws/install/interfaces/share/interfaces/msg/SystemCheck.idl
[0.671s] -- Up-to-date: /home/moad/VigiWheels/jetsonNano/ros2_ws/install/interfaces/share/interfaces/msg/JoystickOrder.msg
[0.671s] -- Up-to-date: /home/moad/VigiWheels/jetsonNano/ros2_ws/install/interfaces/share/interfaces/msg/MotorsOrder.msg
[0.671s] -- Up-to-date: /home/moad/VigiWheels/jetsonNano/ros2_ws/install/interfaces/share/interfaces/msg/MotorsFeedback.msg
[0.671s] -- Up-to-date: /home/moad/VigiWheels/jetsonNano/ros2_ws/install/interfaces/share/interfaces/msg/GeneralData.msg
[0.671s] -- Up-to-date: /home/moad/VigiWheels/jetsonNano/ros2_ws/install/interfaces/share/interfaces/msg/SteeringCalibration.msg
[0.671s] -- Up-to-date: /home/moad/VigiWheels/jetsonNano/ros2_ws/install/interfaces/share/interfaces/msg/Ultrasonic.msg
[0.671s] -- Up-to-date: /home/moad/VigiWheels/jetsonNano/ros2_ws/install/interfaces/share/interfaces/msg/Gnss.msg
[0.671s] -- Up-to-date: /home/moad/VigiWheels/jetsonNano/ros2_ws/install/interfaces/share/interfaces/msg/SystemCheck.msg
[0.671s] -- Up-to-date: /home/moad/VigiWheels/jetsonNano/ros2_ws/install/interfaces/share/ament_index/resource_index/package_run_dependencies/interfaces
[0.671s] -- Up-to-date: /home/moad/VigiWheels/jetsonNano/ros2_ws/install/interfaces/share/ament_index/resource_index/parent_prefix_path/interfaces
[0.671s] -- Up-to-date: /home/moad/VigiWheels/jetsonNano/ros2_ws/install/interfaces/share/interfaces/environment/ament_prefix_path.sh
[0.671s] -- Up-to-date: /home/moad/VigiWheels/jetsonNano/ros2_ws/install/interfaces/share/interfaces/environment/ament_prefix_path.dsv
[0.671s] -- Up-to-date: /home/moad/VigiWheels/jetsonNano/ros2_ws/install/interfaces/share/interfaces/environment/path.sh
[0.671s] -- Up-to-date: /home/moad/VigiWheels/jetsonNano/ros2_ws/install/interfaces/share/interfaces/environment/path.dsv
[0.671s] -- Up-to-date: /home/moad/VigiWheels/jetsonNano/ros2_ws/install/interfaces/share/interfaces/local_setup.bash
[0.671s] -- Up-to-date: /home/moad/VigiWheels/jetsonNano/ros2_ws/install/interfaces/share/interfaces/local_setup.sh
[0.671s] -- Up-to-date: /home/moad/VigiWheels/jetsonNano/ros2_ws/install/interfaces/share/interfaces/local_setup.zsh
[0.671s] -- Up-to-date: /home/moad/VigiWheels/jetsonNano/ros2_ws/install/interfaces/share/interfaces/local_setup.dsv
[0.671s] -- Installing: /home/moad/VigiWheels/jetsonNano/ros2_ws/install/interfaces/share/interfaces/package.dsv
[0.671s] -- Up-to-date: /home/moad/VigiWheels/jetsonNano/ros2_ws/install/interfaces/share/ament_index/resource_index/packages/interfaces
[0.672s] -- Up-to-date: /home/moad/VigiWheels/jetsonNano/ros2_ws/install/interfaces/share/interfaces/cmake/export_interfaces__rosidl_generator_cExport.cmake
[0.672s] -- Up-to-date: /home/moad/VigiWheels/jetsonNano/ros2_ws/install/interfaces/share/interfaces/cmake/export_interfaces__rosidl_generator_cExport-noconfig.cmake
[0.672s] -- Up-to-date: /home/moad/VigiWheels/jetsonNano/ros2_ws/install/interfaces/share/interfaces/cmake/export_interfaces__rosidl_typesupport_fastrtps_cExport.cmake
[0.672s] -- Up-to-date: /home/moad/VigiWheels/jetsonNano/ros2_ws/install/interfaces/share/interfaces/cmake/export_interfaces__rosidl_typesupport_fastrtps_cExport-noconfig.cmake
[0.672s] -- Up-to-date: /home/moad/VigiWheels/jetsonNano/ros2_ws/install/interfaces/share/interfaces/cmake/export_interfaces__rosidl_generator_cppExport.cmake
[0.672s] -- Up-to-date: /home/moad/VigiWheels/jetsonNano/ros2_ws/install/interfaces/share/interfaces/cmake/export_interfaces__rosidl_typesupport_fastrtps_cppExport.cmake
[0.672s] -- Up-to-date: /home/moad/VigiWheels/jetsonNano/ros2_ws/install/interfaces/share/interfaces/cmake/export_interfaces__rosidl_typesupport_fastrtps_cppExport-noconfig.cmake
[0.672s] -- Up-to-date: /home/moad/VigiWheels/jetsonNano/ros2_ws/install/interfaces/share/interfaces/cmake/interfaces__rosidl_typesupport_introspection_cExport.cmake
[0.672s] -- Up-to-date: /home/moad/VigiWheels/jetsonNano/ros2_ws/install/interfaces/share/interfaces/cmake/interfaces__rosidl_typesupport_introspection_cExport-noconfig.cmake
[0.672s] -- Up-to-date: /home/moad/VigiWheels/jetsonNano/ros2_ws/install/interfaces/share/interfaces/cmake/interfaces__rosidl_typesupport_cExport.cmake
[0.673s] -- Up-to-date: /home/moad/VigiWheels/jetsonNano/ros2_ws/install/interfaces/share/interfaces/cmake/interfaces__rosidl_typesupport_cExport-noconfig.cmake
[0.673s] -- Up-to-date: /home/moad/VigiWheels/jetsonNano/ros2_ws/install/interfaces/share/interfaces/cmake/interfaces__rosidl_typesupport_introspection_cppExport.cmake
[0.673s] -- Up-to-date: /home/moad/VigiWheels/jetsonNano/ros2_ws/install/interfaces/share/interfaces/cmake/interfaces__rosidl_typesupport_introspection_cppExport-noconfig.cmake
[0.673s] -- Up-to-date: /home/moad/VigiWheels/jetsonNano/ros2_ws/install/interfaces/share/interfaces/cmake/interfaces__rosidl_typesupport_cppExport.cmake
[0.673s] -- Up-to-date: /home/moad/VigiWheels/jetsonNano/ros2_ws/install/interfaces/share/interfaces/cmake/interfaces__rosidl_typesupport_cppExport-noconfig.cmake
[0.673s] -- Up-to-date: /home/moad/VigiWheels/jetsonNano/ros2_ws/install/interfaces/share/interfaces/cmake/export_interfaces__rosidl_generator_pyExport.cmake
[0.673s] -- Up-to-date: /home/moad/VigiWheels/jetsonNano/ros2_ws/install/interfaces/share/interfaces/cmake/export_interfaces__rosidl_generator_pyExport-noconfig.cmake
[0.673s] -- Up-to-date: /home/moad/VigiWheels/jetsonNano/ros2_ws/install/interfaces/share/interfaces/cmake/rosidl_cmake-extras.cmake
[0.673s] -- Up-to-date: /home/moad/VigiWheels/jetsonNano/ros2_ws/install/interfaces/share/interfaces/cmake/ament_cmake_export_include_directories-extras.cmake
[0.673s] -- Up-to-date: /home/moad/VigiWheels/jetsonNano/ros2_ws/install/interfaces/share/interfaces/cmake/ament_cmake_export_libraries-extras.cmake
[0.673s] -- Up-to-date: /home/moad/VigiWheels/jetsonNano/ros2_ws/install/interfaces/share/interfaces/cmake/ament_cmake_export_targets-extras.cmake
[0.673s] -- Up-to-date: /home/moad/VigiWheels/jetsonNano/ros2_ws/install/interfaces/share/interfaces/cmake/rosidl_cmake_export_typesupport_targets-extras.cmake
[0.673s] -- Up-to-date: /home/moad/VigiWheels/jetsonNano/ros2_ws/install/interfaces/share/interfaces/cmake/ament_cmake_export_dependencies-extras.cmake
[0.673s] -- Up-to-date: /home/moad/VigiWheels/jetsonNano/ros2_ws/install/interfaces/share/interfaces/cmake/rosidl_cmake_export_typesupport_libraries-extras.cmake
[0.673s] -- Up-to-date: /home/moad/VigiWheels/jetsonNano/ros2_ws/install/interfaces/share/interfaces/cmake/interfacesConfig.cmake
[0.673s] -- Up-to-date: /home/moad/VigiWheels/jetsonNano/ros2_ws/install/interfaces/share/interfaces/cmake/interfacesConfig-version.cmake
[0.673s] -- Up-to-date: /home/moad/VigiWheels/jetsonNano/ros2_ws/install/interfaces/share/interfaces/package.xml
[0.751s] Invoked command in '/home/moad/VigiWheels/jetsonNano/ros2_ws/build/interfaces' returned '0': CMAKE_PREFIX_PATH=/home/moad/ros2_ws/install/my_robot_controller:/home/moad/ros2_ws/install/manometer_detection:/opt/ros/humble /usr/bin/cmake --install /home/moad/VigiWheels/jetsonNano/ros2_ws/build/interfaces
