[0.046s] Invoking command in '/home/moad/VigiWheels/jetsonNano/ros2_ws/build/interfaces': CMAKE_PREFIX_PATH=${CMAKE_PREFIX_PATH}:/home/moad/VigiWheels/jetsonNano/ros2_ws/install/manometer_detection:/home/moad/ros2_ws/install/pressure_level:/home/moad/ros2_ws/install/my_robot_controller:/home/moad/ros2_ws/install/manometer_detection:/opt/ros/humble /usr/bin/cmake --build /home/moad/VigiWheels/jetsonNano/ros2_ws/build/interfaces -- -j12 -l12
[0.080s] [35m[1mConsolidate compiler generated dependencies of target interfaces__rosidl_generator_c[0m
[0.085s] [  0%] Built target interfaces__cpp
[0.090s] [ 12%] Built target interfaces__rosidl_generator_c
[0.096s] [35m[1mConsolidate compiler generated dependencies of target interfaces__rosidl_typesupport_cpp[0m
[0.098s] [35m[1mConsolidate compiler generated dependencies of target interfaces__rosidl_typesupport_introspection_cpp[0m
[0.104s] [35m[1mConsolidate compiler generated dependencies of target interfaces__rosidl_typesupport_c[0m
[0.104s] [35m[1mConsolidate compiler generated dependencies of target interfaces__rosidl_typesupport_fastrtps_cpp[0m
[0.104s] [35m[1mConsolidate compiler generated dependencies of target interfaces__rosidl_typesupport_introspection_c[0m
[0.107s] [ 12%] Built target ament_cmake_python_copy_interfaces
[0.107s] [35m[1mConsolidate compiler generated dependencies of target interfaces__rosidl_typesupport_fastrtps_c[0m
[0.110s] [ 24%] Built target interfaces__rosidl_typesupport_cpp
[0.115s] [ 36%] Built target interfaces__rosidl_typesupport_introspection_cpp
[0.117s] [ 48%] Built target interfaces__rosidl_typesupport_introspection_c
[0.117s] [ 60%] Built target interfaces__rosidl_typesupport_c
[0.128s] [ 72%] Built target interfaces__rosidl_typesupport_fastrtps_c
[0.130s] [ 84%] Built target interfaces__rosidl_typesupport_fastrtps_cpp
[0.144s] [ 84%] Built target interfaces
[0.159s] [ 85%] Built target interfaces__py
[0.170s] [35m[1mConsolidate compiler generated dependencies of target interfaces__rosidl_generator_py[0m
[0.185s] [ 96%] Built target interfaces__rosidl_generator_py
[0.195s] [35m[1mConsolidate compiler generated dependencies of target interfaces__rosidl_typesupport_fastrtps_c__pyext[0m
[0.198s] [35m[1mConsolidate compiler generated dependencies of target interfaces__rosidl_typesupport_c__pyext[0m
[0.198s] [35m[1mConsolidate compiler generated dependencies of target interfaces__rosidl_typesupport_introspection_c__pyext[0m
[0.205s] [ 97%] Built target interfaces__rosidl_typesupport_fastrtps_c__pyext
[0.211s] [ 99%] Built target interfaces__rosidl_typesupport_introspection_c__pyext
[0.212s] [100%] Built target interfaces__rosidl_typesupport_c__pyext
[0.271s] running egg_info
[0.271s] writing interfaces.egg-info/PKG-INFO
[0.272s] writing dependency_links to interfaces.egg-info/dependency_links.txt
[0.272s] writing top-level names to interfaces.egg-info/top_level.txt
[0.273s] reading manifest file 'interfaces.egg-info/SOURCES.txt'
[0.273s] writing manifest file 'interfaces.egg-info/SOURCES.txt'
[0.292s] [100%] Built target ament_cmake_python_build_interfaces_egg
[0.301s] Invoked command in '/home/moad/VigiWheels/jetsonNano/ros2_ws/build/interfaces' returned '0': CMAKE_PREFIX_PATH=${CMAKE_PREFIX_PATH}:/home/moad/VigiWheels/jetsonNano/ros2_ws/install/manometer_detection:/home/moad/ros2_ws/install/pressure_level:/home/moad/ros2_ws/install/my_robot_controller:/home/moad/ros2_ws/install/manometer_detection:/opt/ros/humble /usr/bin/cmake --build /home/moad/VigiWheels/jetsonNano/ros2_ws/build/interfaces -- -j12 -l12
[0.488s] Invoking command in '/home/moad/VigiWheels/jetsonNano/ros2_ws/build/interfaces': CMAKE_PREFIX_PATH=${CMAKE_PREFIX_PATH}:/home/moad/VigiWheels/jetsonNano/ros2_ws/install/manometer_detection:/home/moad/ros2_ws/install/pressure_level:/home/moad/ros2_ws/install/my_robot_controller:/home/moad/ros2_ws/install/manometer_detection:/opt/ros/humble /usr/bin/cmake --install /home/moad/VigiWheels/jetsonNano/ros2_ws/build/interfaces
[0.492s] -- Install configuration: ""
[0.493s] -- Up-to-date: /home/moad/VigiWheels/jetsonNano/ros2_ws/install/interfaces/share/ament_index/resource_index/rosidl_interfaces/interfaces
[0.493s] -- Up-to-date: /home/moad/VigiWheels/jetsonNano/ros2_ws/install/interfaces/include/interfaces/interfaces
[0.493s] -- Up-to-date: /home/moad/VigiWheels/jetsonNano/ros2_ws/install/interfaces/include/interfaces/interfaces/msg
[0.493s] -- Up-to-date: /home/moad/VigiWheels/jetsonNano/ros2_ws/install/interfaces/include/interfaces/interfaces/msg/gnss.h
[0.493s] -- Up-to-date: /home/moad/VigiWheels/jetsonNano/ros2_ws/install/interfaces/include/interfaces/interfaces/msg/obstacles_order.h
[0.493s] -- Up-to-date: /home/moad/VigiWheels/jetsonNano/ros2_ws/install/interfaces/include/interfaces/interfaces/msg/system_check.h
[0.493s] -- Up-to-date: /home/moad/VigiWheels/jetsonNano/ros2_ws/install/interfaces/include/interfaces/interfaces/msg/motors_feedback.h
[0.494s] -- Up-to-date: /home/moad/VigiWheels/jetsonNano/ros2_ws/install/interfaces/include/interfaces/interfaces/msg/rosidl_generator_c__visibility_control.h
[0.494s] -- Up-to-date: /home/moad/VigiWheels/jetsonNano/ros2_ws/install/interfaces/include/interfaces/interfaces/msg/joystick_order.h
[0.494s] -- Up-to-date: /home/moad/VigiWheels/jetsonNano/ros2_ws/install/interfaces/include/interfaces/interfaces/msg/motors_order.h
[0.494s] -- Up-to-date: /home/moad/VigiWheels/jetsonNano/ros2_ws/install/interfaces/include/interfaces/interfaces/msg/steering_calibration.h
[0.494s] -- Up-to-date: /home/moad/VigiWheels/jetsonNano/ros2_ws/install/interfaces/include/interfaces/interfaces/msg/pressure_level.h
[0.494s] -- Up-to-date: /home/moad/VigiWheels/jetsonNano/ros2_ws/install/interfaces/include/interfaces/interfaces/msg/fire_sensor.h
[0.495s] -- Up-to-date: /home/moad/VigiWheels/jetsonNano/ros2_ws/install/interfaces/include/interfaces/interfaces/msg/manometer_info.h
[0.495s] -- Up-to-date: /home/moad/VigiWheels/jetsonNano/ros2_ws/install/interfaces/include/interfaces/interfaces/msg/emergency_alert_fire.h
[0.495s] -- Up-to-date: /home/moad/VigiWheels/jetsonNano/ros2_ws/install/interfaces/include/interfaces/interfaces/msg/detail
[0.495s] -- Up-to-date: /home/moad/VigiWheels/jetsonNano/ros2_ws/install/interfaces/include/interfaces/interfaces/msg/detail/general_data__type_support.h
[0.495s] -- Up-to-date: /home/moad/VigiWheels/jetsonNano/ros2_ws/install/interfaces/include/interfaces/interfaces/msg/detail/gnss__struct.h
[0.495s] -- Up-to-date: /home/moad/VigiWheels/jetsonNano/ros2_ws/install/interfaces/include/interfaces/interfaces/msg/detail/emergency_alert_fire__functions.c
[0.496s] -- Up-to-date: /home/moad/VigiWheels/jetsonNano/ros2_ws/install/interfaces/include/interfaces/interfaces/msg/detail/emergency_alert_fire__type_support.h
[0.496s] -- Up-to-date: /home/moad/VigiWheels/jetsonNano/ros2_ws/install/interfaces/include/interfaces/interfaces/msg/detail/motors_order__functions.h
[0.496s] -- Up-to-date: /home/moad/VigiWheels/jetsonNano/ros2_ws/install/interfaces/include/interfaces/interfaces/msg/detail/system_check__type_support.h
[0.496s] -- Up-to-date: /home/moad/VigiWheels/jetsonNano/ros2_ws/install/interfaces/include/interfaces/interfaces/msg/detail/motors_feedback__functions.h
[0.496s] -- Up-to-date: /home/moad/VigiWheels/jetsonNano/ros2_ws/install/interfaces/include/interfaces/interfaces/msg/detail/motors_feedback__functions.c
[0.496s] -- Up-to-date: /home/moad/VigiWheels/jetsonNano/ros2_ws/install/interfaces/include/interfaces/interfaces/msg/detail/obstacles_order__struct.h
[0.496s] -- Up-to-date: /home/moad/VigiWheels/jetsonNano/ros2_ws/install/interfaces/include/interfaces/interfaces/msg/detail/motors_order__struct.h
[0.496s] -- Up-to-date: /home/moad/VigiWheels/jetsonNano/ros2_ws/install/interfaces/include/interfaces/interfaces/msg/detail/gnss__type_support.h
[0.496s] -- Up-to-date: /home/moad/VigiWheels/jetsonNano/ros2_ws/install/interfaces/include/interfaces/interfaces/msg/detail/motors_feedback__struct.h
[0.497s] -- Up-to-date: /home/moad/VigiWheels/jetsonNano/ros2_ws/install/interfaces/include/interfaces/interfaces/msg/detail/cam_pos_order__struct.h
[0.497s] -- Up-to-date: /home/moad/VigiWheels/jetsonNano/ros2_ws/install/interfaces/include/interfaces/interfaces/msg/detail/steering_calibration__type_support.h
[0.497s] -- Up-to-date: /home/moad/VigiWheels/jetsonNano/ros2_ws/install/interfaces/include/interfaces/interfaces/msg/detail/fire_sensor__functions.c
[0.497s] -- Up-to-date: /home/moad/VigiWheels/jetsonNano/ros2_ws/install/interfaces/include/interfaces/interfaces/msg/detail/steering_calibration__struct.h
[0.497s] -- Up-to-date: /home/moad/VigiWheels/jetsonNano/ros2_ws/install/interfaces/include/interfaces/interfaces/msg/detail/pressure_level__struct.h
[0.497s] -- Up-to-date: /home/moad/VigiWheels/jetsonNano/ros2_ws/install/interfaces/include/interfaces/interfaces/msg/detail/servo_cam_order__struct.h
[0.497s] -- Up-to-date: /home/moad/VigiWheels/jetsonNano/ros2_ws/install/interfaces/include/interfaces/interfaces/msg/detail/manometer_info__struct.h
[0.497s] -- Up-to-date: /home/moad/VigiWheels/jetsonNano/ros2_ws/install/interfaces/include/interfaces/interfaces/msg/detail/fire_sensor__functions.h
[0.497s] -- Up-to-date: /home/moad/VigiWheels/jetsonNano/ros2_ws/install/interfaces/include/interfaces/interfaces/msg/detail/servo_cam_order__functions.c
[0.497s] -- Up-to-date: /home/moad/VigiWheels/jetsonNano/ros2_ws/install/interfaces/include/interfaces/interfaces/msg/detail/pressure_level__type_support.h
[0.497s] -- Up-to-date: /home/moad/VigiWheels/jetsonNano/ros2_ws/install/interfaces/include/interfaces/interfaces/msg/detail/system_check__functions.c
[0.497s] -- Up-to-date: /home/moad/VigiWheels/jetsonNano/ros2_ws/install/interfaces/include/interfaces/interfaces/msg/detail/system_check__functions.h
[0.498s] -- Up-to-date: /home/moad/VigiWheels/jetsonNano/ros2_ws/install/interfaces/include/interfaces/interfaces/msg/detail/obstacles_order__functions.h
[0.498s] -- Up-to-date: /home/moad/VigiWheels/jetsonNano/ros2_ws/install/interfaces/include/interfaces/interfaces/msg/detail/gnss__functions.c
[0.498s] -- Up-to-date: /home/moad/VigiWheels/jetsonNano/ros2_ws/install/interfaces/include/interfaces/interfaces/msg/detail/motors_order__type_support.h
[0.498s] -- Up-to-date: /home/moad/VigiWheels/jetsonNano/ros2_ws/install/interfaces/include/interfaces/interfaces/msg/detail/gnss__functions.h
[0.498s] -- Up-to-date: /home/moad/VigiWheels/jetsonNano/ros2_ws/install/interfaces/include/interfaces/interfaces/msg/detail/obstacles_order__functions.c
[0.498s] -- Up-to-date: /home/moad/VigiWheels/jetsonNano/ros2_ws/install/interfaces/include/interfaces/interfaces/msg/detail/general_data__functions.c
[0.498s] -- Up-to-date: /home/moad/VigiWheels/jetsonNano/ros2_ws/install/interfaces/include/interfaces/interfaces/msg/detail/cam_pos_order__type_support.h
[0.498s] -- Up-to-date: /home/moad/VigiWheels/jetsonNano/ros2_ws/install/interfaces/include/interfaces/interfaces/msg/detail/manometer_info__functions.c
[0.498s] -- Up-to-date: /home/moad/VigiWheels/jetsonNano/ros2_ws/install/interfaces/include/interfaces/interfaces/msg/detail/steering_calibration__functions.h
[0.498s] -- Up-to-date: /home/moad/VigiWheels/jetsonNano/ros2_ws/install/interfaces/include/interfaces/interfaces/msg/detail/motors_feedback__type_support.h
[0.498s] -- Up-to-date: /home/moad/VigiWheels/jetsonNano/ros2_ws/install/interfaces/include/interfaces/interfaces/msg/detail/servo_cam_order__type_support.h
[0.498s] -- Up-to-date: /home/moad/VigiWheels/jetsonNano/ros2_ws/install/interfaces/include/interfaces/interfaces/msg/detail/cam_pos_order__functions.c
[0.499s] -- Up-to-date: /home/moad/VigiWheels/jetsonNano/ros2_ws/install/interfaces/include/interfaces/interfaces/msg/detail/ultrasonic__struct.h
[0.499s] -- Up-to-date: /home/moad/VigiWheels/jetsonNano/ros2_ws/install/interfaces/include/interfaces/interfaces/msg/detail/motors_order__functions.c
[0.499s] -- Up-to-date: /home/moad/VigiWheels/jetsonNano/ros2_ws/install/interfaces/include/interfaces/interfaces/msg/detail/general_data__functions.h
[0.499s] -- Up-to-date: /home/moad/VigiWheels/jetsonNano/ros2_ws/install/interfaces/include/interfaces/interfaces/msg/detail/steering_calibration__functions.c
[0.499s] -- Up-to-date: /home/moad/VigiWheels/jetsonNano/ros2_ws/install/interfaces/include/interfaces/interfaces/msg/detail/manometer_info__type_support.h
[0.499s] -- Up-to-date: /home/moad/VigiWheels/jetsonNano/ros2_ws/install/interfaces/include/interfaces/interfaces/msg/detail/ultrasonic__functions.c
[0.499s] -- Up-to-date: /home/moad/VigiWheels/jetsonNano/ros2_ws/install/interfaces/include/interfaces/interfaces/msg/detail/cam_pos_order__functions.h
[0.499s] -- Up-to-date: /home/moad/VigiWheels/jetsonNano/ros2_ws/install/interfaces/include/interfaces/interfaces/msg/detail/ultrasonic__type_support.h
[0.499s] -- Up-to-date: /home/moad/VigiWheels/jetsonNano/ros2_ws/install/interfaces/include/interfaces/interfaces/msg/detail/joystick_order__type_support.h
[0.499s] -- Up-to-date: /home/moad/VigiWheels/jetsonNano/ros2_ws/install/interfaces/include/interfaces/interfaces/msg/detail/emergency_alert_fire__struct.h
[0.499s] -- Up-to-date: /home/moad/VigiWheels/jetsonNano/ros2_ws/install/interfaces/include/interfaces/interfaces/msg/detail/manometer_info__functions.h
[0.499s] -- Up-to-date: /home/moad/VigiWheels/jetsonNano/ros2_ws/install/interfaces/include/interfaces/interfaces/msg/detail/system_check__struct.h
[0.499s] -- Up-to-date: /home/moad/VigiWheels/jetsonNano/ros2_ws/install/interfaces/include/interfaces/interfaces/msg/detail/joystick_order__functions.h
[0.500s] -- Up-to-date: /home/moad/VigiWheels/jetsonNano/ros2_ws/install/interfaces/include/interfaces/interfaces/msg/detail/pressure_level__functions.c
[0.500s] -- Up-to-date: /home/moad/VigiWheels/jetsonNano/ros2_ws/install/interfaces/include/interfaces/interfaces/msg/detail/pressure_level__functions.h
[0.500s] -- Up-to-date: /home/moad/VigiWheels/jetsonNano/ros2_ws/install/interfaces/include/interfaces/interfaces/msg/detail/ultrasonic__functions.h
[0.500s] -- Up-to-date: /home/moad/VigiWheels/jetsonNano/ros2_ws/install/interfaces/include/interfaces/interfaces/msg/detail/joystick_order__functions.c
[0.500s] -- Up-to-date: /home/moad/VigiWheels/jetsonNano/ros2_ws/install/interfaces/include/interfaces/interfaces/msg/detail/fire_sensor__struct.h
[0.500s] -- Up-to-date: /home/moad/VigiWheels/jetsonNano/ros2_ws/install/interfaces/include/interfaces/interfaces/msg/detail/obstacles_order__type_support.h
[0.500s] -- Up-to-date: /home/moad/VigiWheels/jetsonNano/ros2_ws/install/interfaces/include/interfaces/interfaces/msg/detail/fire_sensor__type_support.h
[0.500s] -- Up-to-date: /home/moad/VigiWheels/jetsonNano/ros2_ws/install/interfaces/include/interfaces/interfaces/msg/detail/emergency_alert_fire__functions.h
[0.500s] -- Up-to-date: /home/moad/VigiWheels/jetsonNano/ros2_ws/install/interfaces/include/interfaces/interfaces/msg/detail/general_data__struct.h
[0.500s] -- Up-to-date: /home/moad/VigiWheels/jetsonNano/ros2_ws/install/interfaces/include/interfaces/interfaces/msg/detail/servo_cam_order__functions.h
[0.500s] -- Up-to-date: /home/moad/VigiWheels/jetsonNano/ros2_ws/install/interfaces/include/interfaces/interfaces/msg/detail/joystick_order__struct.h
[0.501s] -- Up-to-date: /home/moad/VigiWheels/jetsonNano/ros2_ws/install/interfaces/include/interfaces/interfaces/msg/cam_pos_order.h
[0.501s] -- Up-to-date: /home/moad/VigiWheels/jetsonNano/ros2_ws/install/interfaces/include/interfaces/interfaces/msg/general_data.h
[0.501s] -- Up-to-date: /home/moad/VigiWheels/jetsonNano/ros2_ws/install/interfaces/include/interfaces/interfaces/msg/servo_cam_order.h
[0.501s] -- Up-to-date: /home/moad/VigiWheels/jetsonNano/ros2_ws/install/interfaces/include/interfaces/interfaces/msg/ultrasonic.h
[0.501s] -- Up-to-date: /home/moad/VigiWheels/jetsonNano/ros2_ws/install/interfaces/share/interfaces/environment/library_path.sh
[0.501s] -- Up-to-date: /home/moad/VigiWheels/jetsonNano/ros2_ws/install/interfaces/share/interfaces/environment/library_path.dsv
[0.501s] -- Up-to-date: /home/moad/VigiWheels/jetsonNano/ros2_ws/install/interfaces/lib/libinterfaces__rosidl_generator_c.so
[0.501s] -- Up-to-date: /home/moad/VigiWheels/jetsonNano/ros2_ws/install/interfaces/include/interfaces/interfaces
[0.501s] -- Up-to-date: /home/moad/VigiWheels/jetsonNano/ros2_ws/install/interfaces/include/interfaces/interfaces/msg
[0.501s] -- Up-to-date: /home/moad/VigiWheels/jetsonNano/ros2_ws/install/interfaces/include/interfaces/interfaces/msg/rosidl_typesupport_fastrtps_c__visibility_control.h
[0.501s] -- Up-to-date: /home/moad/VigiWheels/jetsonNano/ros2_ws/install/interfaces/include/interfaces/interfaces/msg/detail
[0.501s] -- Up-to-date: /home/moad/VigiWheels/jetsonNano/ros2_ws/install/interfaces/include/interfaces/interfaces/msg/detail/gnss__rosidl_typesupport_fastrtps_c.h
[0.501s] -- Up-to-date: /home/moad/VigiWheels/jetsonNano/ros2_ws/install/interfaces/include/interfaces/interfaces/msg/detail/cam_pos_order__rosidl_typesupport_fastrtps_c.h
[0.501s] -- Up-to-date: /home/moad/VigiWheels/jetsonNano/ros2_ws/install/interfaces/include/interfaces/interfaces/msg/detail/manometer_info__rosidl_typesupport_fastrtps_c.h
[0.501s] -- Up-to-date: /home/moad/VigiWheels/jetsonNano/ros2_ws/install/interfaces/include/interfaces/interfaces/msg/detail/ultrasonic__rosidl_typesupport_fastrtps_c.h
[0.501s] -- Up-to-date: /home/moad/VigiWheels/jetsonNano/ros2_ws/install/interfaces/include/interfaces/interfaces/msg/detail/system_check__rosidl_typesupport_fastrtps_c.h
[0.501s] -- Up-to-date: /home/moad/VigiWheels/jetsonNano/ros2_ws/install/interfaces/include/interfaces/interfaces/msg/detail/servo_cam_order__rosidl_typesupport_fastrtps_c.h
[0.502s] -- Up-to-date: /home/moad/VigiWheels/jetsonNano/ros2_ws/install/interfaces/include/interfaces/interfaces/msg/detail/emergency_alert_fire__rosidl_typesupport_fastrtps_c.h
[0.502s] -- Up-to-date: /home/moad/VigiWheels/jetsonNano/ros2_ws/install/interfaces/include/interfaces/interfaces/msg/detail/fire_sensor__rosidl_typesupport_fastrtps_c.h
[0.502s] -- Up-to-date: /home/moad/VigiWheels/jetsonNano/ros2_ws/install/interfaces/include/interfaces/interfaces/msg/detail/general_data__rosidl_typesupport_fastrtps_c.h
[0.502s] -- Up-to-date: /home/moad/VigiWheels/jetsonNano/ros2_ws/install/interfaces/include/interfaces/interfaces/msg/detail/steering_calibration__rosidl_typesupport_fastrtps_c.h
[0.502s] -- Up-to-date: /home/moad/VigiWheels/jetsonNano/ros2_ws/install/interfaces/include/interfaces/interfaces/msg/detail/pressure_level__rosidl_typesupport_fastrtps_c.h
[0.502s] -- Up-to-date: /home/moad/VigiWheels/jetsonNano/ros2_ws/install/interfaces/include/interfaces/interfaces/msg/detail/motors_order__rosidl_typesupport_fastrtps_c.h
[0.502s] -- Up-to-date: /home/moad/VigiWheels/jetsonNano/ros2_ws/install/interfaces/include/interfaces/interfaces/msg/detail/obstacles_order__rosidl_typesupport_fastrtps_c.h
[0.502s] -- Up-to-date: /home/moad/VigiWheels/jetsonNano/ros2_ws/install/interfaces/include/interfaces/interfaces/msg/detail/joystick_order__rosidl_typesupport_fastrtps_c.h
[0.502s] -- Up-to-date: /home/moad/VigiWheels/jetsonNano/ros2_ws/install/interfaces/include/interfaces/interfaces/msg/detail/motors_feedback__rosidl_typesupport_fastrtps_c.h
[0.502s] -- Up-to-date: /home/moad/VigiWheels/jetsonNano/ros2_ws/install/interfaces/lib/libinterfaces__rosidl_typesupport_fastrtps_c.so
[0.502s] -- Up-to-date: /home/moad/VigiWheels/jetsonNano/ros2_ws/install/interfaces/include/interfaces/interfaces
[0.502s] -- Up-to-date: /home/moad/VigiWheels/jetsonNano/ros2_ws/install/interfaces/include/interfaces/interfaces/msg
[0.502s] -- Up-to-date: /home/moad/VigiWheels/jetsonNano/ros2_ws/install/interfaces/include/interfaces/interfaces/msg/gnss.hpp
[0.502s] -- Up-to-date: /home/moad/VigiWheels/jetsonNano/ros2_ws/install/interfaces/include/interfaces/interfaces/msg/fire_sensor.hpp
[0.502s] -- Up-to-date: /home/moad/VigiWheels/jetsonNano/ros2_ws/install/interfaces/include/interfaces/interfaces/msg/steering_calibration.hpp
[0.502s] -- Up-to-date: /home/moad/VigiWheels/jetsonNano/ros2_ws/install/interfaces/include/interfaces/interfaces/msg/general_data.hpp
[0.502s] -- Up-to-date: /home/moad/VigiWheels/jetsonNano/ros2_ws/install/interfaces/include/interfaces/interfaces/msg/emergency_alert_fire.hpp
[0.502s] -- Up-to-date: /home/moad/VigiWheels/jetsonNano/ros2_ws/install/interfaces/include/interfaces/interfaces/msg/system_check.hpp
[0.502s] -- Up-to-date: /home/moad/VigiWheels/jetsonNano/ros2_ws/install/interfaces/include/interfaces/interfaces/msg/servo_cam_order.hpp
[0.502s] -- Up-to-date: /home/moad/VigiWheels/jetsonNano/ros2_ws/install/interfaces/include/interfaces/interfaces/msg/obstacles_order.hpp
[0.502s] -- Up-to-date: /home/moad/VigiWheels/jetsonNano/ros2_ws/install/interfaces/include/interfaces/interfaces/msg/manometer_info.hpp
[0.502s] -- Up-to-date: /home/moad/VigiWheels/jetsonNano/ros2_ws/install/interfaces/include/interfaces/interfaces/msg/joystick_order.hpp
[0.502s] -- Up-to-date: /home/moad/VigiWheels/jetsonNano/ros2_ws/install/interfaces/include/interfaces/interfaces/msg/motors_order.hpp
[0.502s] -- Up-to-date: /home/moad/VigiWheels/jetsonNano/ros2_ws/install/interfaces/include/interfaces/interfaces/msg/detail
[0.502s] -- Up-to-date: /home/moad/VigiWheels/jetsonNano/ros2_ws/install/interfaces/include/interfaces/interfaces/msg/detail/motors_order__traits.hpp
[0.502s] -- Up-to-date: /home/moad/VigiWheels/jetsonNano/ros2_ws/install/interfaces/include/interfaces/interfaces/msg/detail/obstacles_order__struct.hpp
[0.502s] -- Up-to-date: /home/moad/VigiWheels/jetsonNano/ros2_ws/install/interfaces/include/interfaces/interfaces/msg/detail/joystick_order__builder.hpp
[0.502s] -- Up-to-date: /home/moad/VigiWheels/jetsonNano/ros2_ws/install/interfaces/include/interfaces/interfaces/msg/detail/fire_sensor__builder.hpp
[0.502s] -- Up-to-date: /home/moad/VigiWheels/jetsonNano/ros2_ws/install/interfaces/include/interfaces/interfaces/msg/detail/obstacles_order__builder.hpp
[0.502s] -- Up-to-date: /home/moad/VigiWheels/jetsonNano/ros2_ws/install/interfaces/include/interfaces/interfaces/msg/detail/gnss__traits.hpp
[0.502s] -- Up-to-date: /home/moad/VigiWheels/jetsonNano/ros2_ws/install/interfaces/include/interfaces/interfaces/msg/detail/ultrasonic__struct.hpp
[0.502s] -- Up-to-date: /home/moad/VigiWheels/jetsonNano/ros2_ws/install/interfaces/include/interfaces/interfaces/msg/detail/cam_pos_order__struct.hpp
[0.502s] -- Up-to-date: /home/moad/VigiWheels/jetsonNano/ros2_ws/install/interfaces/include/interfaces/interfaces/msg/detail/fire_sensor__traits.hpp
[0.502s] -- Up-to-date: /home/moad/VigiWheels/jetsonNano/ros2_ws/install/interfaces/include/interfaces/interfaces/msg/detail/joystick_order__traits.hpp
[0.502s] -- Up-to-date: /home/moad/VigiWheels/jetsonNano/ros2_ws/install/interfaces/include/interfaces/interfaces/msg/detail/servo_cam_order__traits.hpp
[0.502s] -- Up-to-date: /home/moad/VigiWheels/jetsonNano/ros2_ws/install/interfaces/include/interfaces/interfaces/msg/detail/pressure_level__traits.hpp
[0.503s] -- Up-to-date: /home/moad/VigiWheels/jetsonNano/ros2_ws/install/interfaces/include/interfaces/interfaces/msg/detail/motors_feedback__builder.hpp
[0.503s] -- Up-to-date: /home/moad/VigiWheels/jetsonNano/ros2_ws/install/interfaces/include/interfaces/interfaces/msg/detail/fire_sensor__struct.hpp
[0.503s] -- Up-to-date: /home/moad/VigiWheels/jetsonNano/ros2_ws/install/interfaces/include/interfaces/interfaces/msg/detail/motors_order__struct.hpp
[0.503s] -- Up-to-date: /home/moad/VigiWheels/jetsonNano/ros2_ws/install/interfaces/include/interfaces/interfaces/msg/detail/servo_cam_order__builder.hpp
[0.503s] -- Up-to-date: /home/moad/VigiWheels/jetsonNano/ros2_ws/install/interfaces/include/interfaces/interfaces/msg/detail/gnss__builder.hpp
[0.503s] -- Up-to-date: /home/moad/VigiWheels/jetsonNano/ros2_ws/install/interfaces/include/interfaces/interfaces/msg/detail/gnss__struct.hpp
[0.503s] -- Up-to-date: /home/moad/VigiWheels/jetsonNano/ros2_ws/install/interfaces/include/interfaces/interfaces/msg/detail/general_data__struct.hpp
[0.503s] -- Up-to-date: /home/moad/VigiWheels/jetsonNano/ros2_ws/install/interfaces/include/interfaces/interfaces/msg/detail/steering_calibration__builder.hpp
[0.503s] -- Up-to-date: /home/moad/VigiWheels/jetsonNano/ros2_ws/install/interfaces/include/interfaces/interfaces/msg/detail/manometer_info__traits.hpp
[0.503s] -- Up-to-date: /home/moad/VigiWheels/jetsonNano/ros2_ws/install/interfaces/include/interfaces/interfaces/msg/detail/system_check__struct.hpp
[0.503s] -- Up-to-date: /home/moad/VigiWheels/jetsonNano/ros2_ws/install/interfaces/include/interfaces/interfaces/msg/detail/general_data__builder.hpp
[0.503s] -- Up-to-date: /home/moad/VigiWheels/jetsonNano/ros2_ws/install/interfaces/include/interfaces/interfaces/msg/detail/general_data__traits.hpp
[0.503s] -- Up-to-date: /home/moad/VigiWheels/jetsonNano/ros2_ws/install/interfaces/include/interfaces/interfaces/msg/detail/emergency_alert_fire__struct.hpp
[0.503s] -- Up-to-date: /home/moad/VigiWheels/jetsonNano/ros2_ws/install/interfaces/include/interfaces/interfaces/msg/detail/steering_calibration__traits.hpp
[0.503s] -- Up-to-date: /home/moad/VigiWheels/jetsonNano/ros2_ws/install/interfaces/include/interfaces/interfaces/msg/detail/motors_order__builder.hpp
[0.503s] -- Up-to-date: /home/moad/VigiWheels/jetsonNano/ros2_ws/install/interfaces/include/interfaces/interfaces/msg/detail/system_check__traits.hpp
[0.503s] -- Up-to-date: /home/moad/VigiWheels/jetsonNano/ros2_ws/install/interfaces/include/interfaces/interfaces/msg/detail/pressure_level__struct.hpp
[0.503s] -- Up-to-date: /home/moad/VigiWheels/jetsonNano/ros2_ws/install/interfaces/include/interfaces/interfaces/msg/detail/motors_feedback__struct.hpp
[0.503s] -- Up-to-date: /home/moad/VigiWheels/jetsonNano/ros2_ws/install/interfaces/include/interfaces/interfaces/msg/detail/ultrasonic__traits.hpp
[0.503s] -- Up-to-date: /home/moad/VigiWheels/jetsonNano/ros2_ws/install/interfaces/include/interfaces/interfaces/msg/detail/cam_pos_order__builder.hpp
[0.503s] -- Up-to-date: /home/moad/VigiWheels/jetsonNano/ros2_ws/install/interfaces/include/interfaces/interfaces/msg/detail/emergency_alert_fire__builder.hpp
[0.503s] -- Up-to-date: /home/moad/VigiWheels/jetsonNano/ros2_ws/install/interfaces/include/interfaces/interfaces/msg/detail/system_check__builder.hpp
[0.503s] -- Up-to-date: /home/moad/VigiWheels/jetsonNano/ros2_ws/install/interfaces/include/interfaces/interfaces/msg/detail/motors_feedback__traits.hpp
[0.503s] -- Up-to-date: /home/moad/VigiWheels/jetsonNano/ros2_ws/install/interfaces/include/interfaces/interfaces/msg/detail/servo_cam_order__struct.hpp
[0.503s] -- Up-to-date: /home/moad/VigiWheels/jetsonNano/ros2_ws/install/interfaces/include/interfaces/interfaces/msg/detail/ultrasonic__builder.hpp
[0.503s] -- Up-to-date: /home/moad/VigiWheels/jetsonNano/ros2_ws/install/interfaces/include/interfaces/interfaces/msg/detail/steering_calibration__struct.hpp
[0.503s] -- Up-to-date: /home/moad/VigiWheels/jetsonNano/ros2_ws/install/interfaces/include/interfaces/interfaces/msg/detail/emergency_alert_fire__traits.hpp
[0.503s] -- Up-to-date: /home/moad/VigiWheels/jetsonNano/ros2_ws/install/interfaces/include/interfaces/interfaces/msg/detail/manometer_info__struct.hpp
[0.503s] -- Up-to-date: /home/moad/VigiWheels/jetsonNano/ros2_ws/install/interfaces/include/interfaces/interfaces/msg/detail/joystick_order__struct.hpp
[0.503s] -- Up-to-date: /home/moad/VigiWheels/jetsonNano/ros2_ws/install/interfaces/include/interfaces/interfaces/msg/detail/obstacles_order__traits.hpp
[0.503s] -- Up-to-date: /home/moad/VigiWheels/jetsonNano/ros2_ws/install/interfaces/include/interfaces/interfaces/msg/detail/pressure_level__builder.hpp
[0.503s] -- Up-to-date: /home/moad/VigiWheels/jetsonNano/ros2_ws/install/interfaces/include/interfaces/interfaces/msg/detail/manometer_info__builder.hpp
[0.503s] -- Up-to-date: /home/moad/VigiWheels/jetsonNano/ros2_ws/install/interfaces/include/interfaces/interfaces/msg/detail/cam_pos_order__traits.hpp
[0.503s] -- Up-to-date: /home/moad/VigiWheels/jetsonNano/ros2_ws/install/interfaces/include/interfaces/interfaces/msg/ultrasonic.hpp
[0.503s] -- Up-to-date: /home/moad/VigiWheels/jetsonNano/ros2_ws/install/interfaces/include/interfaces/interfaces/msg/pressure_level.hpp
[0.503s] -- Up-to-date: /home/moad/VigiWheels/jetsonNano/ros2_ws/install/interfaces/include/interfaces/interfaces/msg/cam_pos_order.hpp
[0.503s] -- Up-to-date: /home/moad/VigiWheels/jetsonNano/ros2_ws/install/interfaces/include/interfaces/interfaces/msg/motors_feedback.hpp
[0.504s] -- Up-to-date: /home/moad/VigiWheels/jetsonNano/ros2_ws/install/interfaces/include/interfaces/interfaces
[0.504s] -- Up-to-date: /home/moad/VigiWheels/jetsonNano/ros2_ws/install/interfaces/include/interfaces/interfaces/msg
[0.504s] -- Up-to-date: /home/moad/VigiWheels/jetsonNano/ros2_ws/install/interfaces/include/interfaces/interfaces/msg/detail
[0.504s] -- Up-to-date: /home/moad/VigiWheels/jetsonNano/ros2_ws/install/interfaces/include/interfaces/interfaces/msg/detail/motors_feedback__rosidl_typesupport_fastrtps_cpp.hpp
[0.504s] -- Up-to-date: /home/moad/VigiWheels/jetsonNano/ros2_ws/install/interfaces/include/interfaces/interfaces/msg/detail/steering_calibration__rosidl_typesupport_fastrtps_cpp.hpp
[0.504s] -- Up-to-date: /home/moad/VigiWheels/jetsonNano/ros2_ws/install/interfaces/include/interfaces/interfaces/msg/detail/motors_order__rosidl_typesupport_fastrtps_cpp.hpp
[0.504s] -- Up-to-date: /home/moad/VigiWheels/jetsonNano/ros2_ws/install/interfaces/include/interfaces/interfaces/msg/detail/dds_fastrtps
[0.504s] -- Up-to-date: /home/moad/VigiWheels/jetsonNano/ros2_ws/install/interfaces/include/interfaces/interfaces/msg/detail/fire_sensor__rosidl_typesupport_fastrtps_cpp.hpp
[0.504s] -- Up-to-date: /home/moad/VigiWheels/jetsonNano/ros2_ws/install/interfaces/include/interfaces/interfaces/msg/detail/obstacles_order__rosidl_typesupport_fastrtps_cpp.hpp
[0.504s] -- Up-to-date: /home/moad/VigiWheels/jetsonNano/ros2_ws/install/interfaces/include/interfaces/interfaces/msg/detail/cam_pos_order__rosidl_typesupport_fastrtps_cpp.hpp
[0.504s] -- Up-to-date: /home/moad/VigiWheels/jetsonNano/ros2_ws/install/interfaces/include/interfaces/interfaces/msg/detail/pressure_level__rosidl_typesupport_fastrtps_cpp.hpp
[0.504s] -- Up-to-date: /home/moad/VigiWheels/jetsonNano/ros2_ws/install/interfaces/include/interfaces/interfaces/msg/detail/system_check__rosidl_typesupport_fastrtps_cpp.hpp
[0.504s] -- Up-to-date: /home/moad/VigiWheels/jetsonNano/ros2_ws/install/interfaces/include/interfaces/interfaces/msg/detail/manometer_info__rosidl_typesupport_fastrtps_cpp.hpp
[0.504s] -- Up-to-date: /home/moad/VigiWheels/jetsonNano/ros2_ws/install/interfaces/include/interfaces/interfaces/msg/detail/general_data__rosidl_typesupport_fastrtps_cpp.hpp
[0.504s] -- Up-to-date: /home/moad/VigiWheels/jetsonNano/ros2_ws/install/interfaces/include/interfaces/interfaces/msg/detail/gnss__rosidl_typesupport_fastrtps_cpp.hpp
[0.504s] -- Up-to-date: /home/moad/VigiWheels/jetsonNano/ros2_ws/install/interfaces/include/interfaces/interfaces/msg/detail/joystick_order__rosidl_typesupport_fastrtps_cpp.hpp
[0.504s] -- Up-to-date: /home/moad/VigiWheels/jetsonNano/ros2_ws/install/interfaces/include/interfaces/interfaces/msg/detail/servo_cam_order__rosidl_typesupport_fastrtps_cpp.hpp
[0.504s] -- Up-to-date: /home/moad/VigiWheels/jetsonNano/ros2_ws/install/interfaces/include/interfaces/interfaces/msg/detail/ultrasonic__rosidl_typesupport_fastrtps_cpp.hpp
[0.504s] -- Up-to-date: /home/moad/VigiWheels/jetsonNano/ros2_ws/install/interfaces/include/interfaces/interfaces/msg/detail/emergency_alert_fire__rosidl_typesupport_fastrtps_cpp.hpp
[0.504s] -- Up-to-date: /home/moad/VigiWheels/jetsonNano/ros2_ws/install/interfaces/include/interfaces/interfaces/msg/rosidl_typesupport_fastrtps_cpp__visibility_control.h
[0.504s] -- Up-to-date: /home/moad/VigiWheels/jetsonNano/ros2_ws/install/interfaces/lib/libinterfaces__rosidl_typesupport_fastrtps_cpp.so
[0.504s] -- Up-to-date: /home/moad/VigiWheels/jetsonNano/ros2_ws/install/interfaces/include/interfaces/interfaces
[0.504s] -- Up-to-date: /home/moad/VigiWheels/jetsonNano/ros2_ws/install/interfaces/include/interfaces/interfaces/msg
[0.504s] -- Up-to-date: /home/moad/VigiWheels/jetsonNano/ros2_ws/install/interfaces/include/interfaces/interfaces/msg/detail
[0.504s] -- Up-to-date: /home/moad/VigiWheels/jetsonNano/ros2_ws/install/interfaces/include/interfaces/interfaces/msg/detail/gnss__rosidl_typesupport_introspection_c.h
[0.504s] -- Up-to-date: /home/moad/VigiWheels/jetsonNano/ros2_ws/install/interfaces/include/interfaces/interfaces/msg/detail/servo_cam_order__rosidl_typesupport_introspection_c.h
[0.504s] -- Up-to-date: /home/moad/VigiWheels/jetsonNano/ros2_ws/install/interfaces/include/interfaces/interfaces/msg/detail/manometer_info__rosidl_typesupport_introspection_c.h
[0.504s] -- Up-to-date: /home/moad/VigiWheels/jetsonNano/ros2_ws/install/interfaces/include/interfaces/interfaces/msg/detail/fire_sensor__rosidl_typesupport_introspection_c.h
[0.504s] -- Up-to-date: /home/moad/VigiWheels/jetsonNano/ros2_ws/install/interfaces/include/interfaces/interfaces/msg/detail/motors_order__type_support.c
[0.504s] -- Up-to-date: /home/moad/VigiWheels/jetsonNano/ros2_ws/install/interfaces/include/interfaces/interfaces/msg/detail/motors_feedback__type_support.c
[0.504s] -- Up-to-date: /home/moad/VigiWheels/jetsonNano/ros2_ws/install/interfaces/include/interfaces/interfaces/msg/detail/system_check__type_support.c
[0.504s] -- Up-to-date: /home/moad/VigiWheels/jetsonNano/ros2_ws/install/interfaces/include/interfaces/interfaces/msg/detail/cam_pos_order__rosidl_typesupport_introspection_c.h
[0.504s] -- Up-to-date: /home/moad/VigiWheels/jetsonNano/ros2_ws/install/interfaces/include/interfaces/interfaces/msg/detail/emergency_alert_fire__type_support.c
[0.504s] -- Up-to-date: /home/moad/VigiWheels/jetsonNano/ros2_ws/install/interfaces/include/interfaces/interfaces/msg/detail/joystick_order__rosidl_typesupport_introspection_c.h
[0.504s] -- Up-to-date: /home/moad/VigiWheels/jetsonNano/ros2_ws/install/interfaces/include/interfaces/interfaces/msg/detail/pressure_level__rosidl_typesupport_introspection_c.h
[0.504s] -- Up-to-date: /home/moad/VigiWheels/jetsonNano/ros2_ws/install/interfaces/include/interfaces/interfaces/msg/detail/general_data__type_support.c
[0.504s] -- Up-to-date: /home/moad/VigiWheels/jetsonNano/ros2_ws/install/interfaces/include/interfaces/interfaces/msg/detail/joystick_order__type_support.c
[0.504s] -- Up-to-date: /home/moad/VigiWheels/jetsonNano/ros2_ws/install/interfaces/include/interfaces/interfaces/msg/detail/system_check__rosidl_typesupport_introspection_c.h
[0.505s] -- Up-to-date: /home/moad/VigiWheels/jetsonNano/ros2_ws/install/interfaces/include/interfaces/interfaces/msg/detail/general_data__rosidl_typesupport_introspection_c.h
[0.505s] -- Up-to-date: /home/moad/VigiWheels/jetsonNano/ros2_ws/install/interfaces/include/interfaces/interfaces/msg/detail/ultrasonic__type_support.c
[0.505s] -- Up-to-date: /home/moad/VigiWheels/jetsonNano/ros2_ws/install/interfaces/include/interfaces/interfaces/msg/detail/motors_order__rosidl_typesupport_introspection_c.h
[0.505s] -- Up-to-date: /home/moad/VigiWheels/jetsonNano/ros2_ws/install/interfaces/include/interfaces/interfaces/msg/detail/obstacles_order__type_support.c
[0.505s] -- Up-to-date: /home/moad/VigiWheels/jetsonNano/ros2_ws/install/interfaces/include/interfaces/interfaces/msg/detail/ultrasonic__rosidl_typesupport_introspection_c.h
[0.505s] -- Up-to-date: /home/moad/VigiWheels/jetsonNano/ros2_ws/install/interfaces/include/interfaces/interfaces/msg/detail/servo_cam_order__type_support.c
[0.505s] -- Up-to-date: /home/moad/VigiWheels/jetsonNano/ros2_ws/install/interfaces/include/interfaces/interfaces/msg/detail/steering_calibration__rosidl_typesupport_introspection_c.h
[0.505s] -- Up-to-date: /home/moad/VigiWheels/jetsonNano/ros2_ws/install/interfaces/include/interfaces/interfaces/msg/detail/cam_pos_order__type_support.c
[0.505s] -- Up-to-date: /home/moad/VigiWheels/jetsonNano/ros2_ws/install/interfaces/include/interfaces/interfaces/msg/detail/emergency_alert_fire__rosidl_typesupport_introspection_c.h
[0.505s] -- Up-to-date: /home/moad/VigiWheels/jetsonNano/ros2_ws/install/interfaces/include/interfaces/interfaces/msg/detail/fire_sensor__type_support.c
[0.505s] -- Up-to-date: /home/moad/VigiWheels/jetsonNano/ros2_ws/install/interfaces/include/interfaces/interfaces/msg/detail/gnss__type_support.c
[0.505s] -- Up-to-date: /home/moad/VigiWheels/jetsonNano/ros2_ws/install/interfaces/include/interfaces/interfaces/msg/detail/pressure_level__type_support.c
[0.505s] -- Up-to-date: /home/moad/VigiWheels/jetsonNano/ros2_ws/install/interfaces/include/interfaces/interfaces/msg/detail/motors_feedback__rosidl_typesupport_introspection_c.h
[0.505s] -- Up-to-date: /home/moad/VigiWheels/jetsonNano/ros2_ws/install/interfaces/include/interfaces/interfaces/msg/detail/obstacles_order__rosidl_typesupport_introspection_c.h
[0.505s] -- Up-to-date: /home/moad/VigiWheels/jetsonNano/ros2_ws/install/interfaces/include/interfaces/interfaces/msg/detail/manometer_info__type_support.c
[0.505s] -- Up-to-date: /home/moad/VigiWheels/jetsonNano/ros2_ws/install/interfaces/include/interfaces/interfaces/msg/detail/steering_calibration__type_support.c
[0.505s] -- Up-to-date: /home/moad/VigiWheels/jetsonNano/ros2_ws/install/interfaces/include/interfaces/interfaces/msg/rosidl_typesupport_introspection_c__visibility_control.h
[0.505s] -- Up-to-date: /home/moad/VigiWheels/jetsonNano/ros2_ws/install/interfaces/lib/libinterfaces__rosidl_typesupport_introspection_c.so
[0.505s] -- Up-to-date: /home/moad/VigiWheels/jetsonNano/ros2_ws/install/interfaces/lib/libinterfaces__rosidl_typesupport_c.so
[0.505s] -- Up-to-date: /home/moad/VigiWheels/jetsonNano/ros2_ws/install/interfaces/include/interfaces/interfaces
[0.505s] -- Up-to-date: /home/moad/VigiWheels/jetsonNano/ros2_ws/install/interfaces/include/interfaces/interfaces/msg
[0.505s] -- Up-to-date: /home/moad/VigiWheels/jetsonNano/ros2_ws/install/interfaces/include/interfaces/interfaces/msg/detail
[0.505s] -- Up-to-date: /home/moad/VigiWheels/jetsonNano/ros2_ws/install/interfaces/include/interfaces/interfaces/msg/detail/fire_sensor__rosidl_typesupport_introspection_cpp.hpp
[0.505s] -- Up-to-date: /home/moad/VigiWheels/jetsonNano/ros2_ws/install/interfaces/include/interfaces/interfaces/msg/detail/general_data__rosidl_typesupport_introspection_cpp.hpp
[0.505s] -- Up-to-date: /home/moad/VigiWheels/jetsonNano/ros2_ws/install/interfaces/include/interfaces/interfaces/msg/detail/cam_pos_order__rosidl_typesupport_introspection_cpp.hpp
[0.505s] -- Up-to-date: /home/moad/VigiWheels/jetsonNano/ros2_ws/install/interfaces/include/interfaces/interfaces/msg/detail/ultrasonic__type_support.cpp
[0.505s] -- Up-to-date: /home/moad/VigiWheels/jetsonNano/ros2_ws/install/interfaces/include/interfaces/interfaces/msg/detail/pressure_level__type_support.cpp
[0.505s] -- Up-to-date: /home/moad/VigiWheels/jetsonNano/ros2_ws/install/interfaces/include/interfaces/interfaces/msg/detail/cam_pos_order__type_support.cpp
[0.505s] -- Up-to-date: /home/moad/VigiWheels/jetsonNano/ros2_ws/install/interfaces/include/interfaces/interfaces/msg/detail/steering_calibration__type_support.cpp
[0.505s] -- Up-to-date: /home/moad/VigiWheels/jetsonNano/ros2_ws/install/interfaces/include/interfaces/interfaces/msg/detail/joystick_order__type_support.cpp
[0.505s] -- Up-to-date: /home/moad/VigiWheels/jetsonNano/ros2_ws/install/interfaces/include/interfaces/interfaces/msg/detail/servo_cam_order__rosidl_typesupport_introspection_cpp.hpp
[0.505s] -- Up-to-date: /home/moad/VigiWheels/jetsonNano/ros2_ws/install/interfaces/include/interfaces/interfaces/msg/detail/motors_feedback__type_support.cpp
[0.505s] -- Up-to-date: /home/moad/VigiWheels/jetsonNano/ros2_ws/install/interfaces/include/interfaces/interfaces/msg/detail/gnss__type_support.cpp
[0.505s] -- Up-to-date: /home/moad/VigiWheels/jetsonNano/ros2_ws/install/interfaces/include/interfaces/interfaces/msg/detail/manometer_info__rosidl_typesupport_introspection_cpp.hpp
[0.505s] -- Up-to-date: /home/moad/VigiWheels/jetsonNano/ros2_ws/install/interfaces/include/interfaces/interfaces/msg/detail/system_check__type_support.cpp
[0.505s] -- Up-to-date: /home/moad/VigiWheels/jetsonNano/ros2_ws/install/interfaces/include/interfaces/interfaces/msg/detail/servo_cam_order__type_support.cpp
[0.506s] -- Up-to-date: /home/moad/VigiWheels/jetsonNano/ros2_ws/install/interfaces/include/interfaces/interfaces/msg/detail/pressure_level__rosidl_typesupport_introspection_cpp.hpp
[0.506s] -- Up-to-date: /home/moad/VigiWheels/jetsonNano/ros2_ws/install/interfaces/include/interfaces/interfaces/msg/detail/obstacles_order__type_support.cpp
[0.506s] -- Up-to-date: /home/moad/VigiWheels/jetsonNano/ros2_ws/install/interfaces/include/interfaces/interfaces/msg/detail/manometer_info__type_support.cpp
[0.506s] -- Up-to-date: /home/moad/VigiWheels/jetsonNano/ros2_ws/install/interfaces/include/interfaces/interfaces/msg/detail/obstacles_order__rosidl_typesupport_introspection_cpp.hpp
[0.506s] -- Up-to-date: /home/moad/VigiWheels/jetsonNano/ros2_ws/install/interfaces/include/interfaces/interfaces/msg/detail/motors_feedback__rosidl_typesupport_introspection_cpp.hpp
[0.506s] -- Up-to-date: /home/moad/VigiWheels/jetsonNano/ros2_ws/install/interfaces/include/interfaces/interfaces/msg/detail/emergency_alert_fire__rosidl_typesupport_introspection_cpp.hpp
[0.506s] -- Up-to-date: /home/moad/VigiWheels/jetsonNano/ros2_ws/install/interfaces/include/interfaces/interfaces/msg/detail/steering_calibration__rosidl_typesupport_introspection_cpp.hpp
[0.506s] -- Up-to-date: /home/moad/VigiWheels/jetsonNano/ros2_ws/install/interfaces/include/interfaces/interfaces/msg/detail/gnss__rosidl_typesupport_introspection_cpp.hpp
[0.506s] -- Up-to-date: /home/moad/VigiWheels/jetsonNano/ros2_ws/install/interfaces/include/interfaces/interfaces/msg/detail/motors_order__rosidl_typesupport_introspection_cpp.hpp
[0.506s] -- Up-to-date: /home/moad/VigiWheels/jetsonNano/ros2_ws/install/interfaces/include/interfaces/interfaces/msg/detail/system_check__rosidl_typesupport_introspection_cpp.hpp
[0.506s] -- Up-to-date: /home/moad/VigiWheels/jetsonNano/ros2_ws/install/interfaces/include/interfaces/interfaces/msg/detail/general_data__type_support.cpp
[0.506s] -- Up-to-date: /home/moad/VigiWheels/jetsonNano/ros2_ws/install/interfaces/include/interfaces/interfaces/msg/detail/fire_sensor__type_support.cpp
[0.506s] -- Up-to-date: /home/moad/VigiWheels/jetsonNano/ros2_ws/install/interfaces/include/interfaces/interfaces/msg/detail/ultrasonic__rosidl_typesupport_introspection_cpp.hpp
[0.506s] -- Up-to-date: /home/moad/VigiWheels/jetsonNano/ros2_ws/install/interfaces/include/interfaces/interfaces/msg/detail/emergency_alert_fire__type_support.cpp
[0.506s] -- Up-to-date: /home/moad/VigiWheels/jetsonNano/ros2_ws/install/interfaces/include/interfaces/interfaces/msg/detail/joystick_order__rosidl_typesupport_introspection_cpp.hpp
[0.506s] -- Up-to-date: /home/moad/VigiWheels/jetsonNano/ros2_ws/install/interfaces/include/interfaces/interfaces/msg/detail/motors_order__type_support.cpp
[0.506s] -- Up-to-date: /home/moad/VigiWheels/jetsonNano/ros2_ws/install/interfaces/lib/libinterfaces__rosidl_typesupport_introspection_cpp.so
[0.506s] -- Up-to-date: /home/moad/VigiWheels/jetsonNano/ros2_ws/install/interfaces/lib/libinterfaces__rosidl_typesupport_cpp.so
[0.506s] -- Up-to-date: /home/moad/VigiWheels/jetsonNano/ros2_ws/install/interfaces/share/interfaces/environment/pythonpath.sh
[0.506s] -- Up-to-date: /home/moad/VigiWheels/jetsonNano/ros2_ws/install/interfaces/share/interfaces/environment/pythonpath.dsv
[0.506s] -- Up-to-date: /home/moad/VigiWheels/jetsonNano/ros2_ws/install/interfaces/local/lib/python3.10/dist-packages/interfaces-0.0.0-py3.10.egg-info
[0.506s] -- Installing: /home/moad/VigiWheels/jetsonNano/ros2_ws/install/interfaces/local/lib/python3.10/dist-packages/interfaces-0.0.0-py3.10.egg-info/SOURCES.txt
[0.506s] -- Installing: /home/moad/VigiWheels/jetsonNano/ros2_ws/install/interfaces/local/lib/python3.10/dist-packages/interfaces-0.0.0-py3.10.egg-info/dependency_links.txt
[0.506s] -- Installing: /home/moad/VigiWheels/jetsonNano/ros2_ws/install/interfaces/local/lib/python3.10/dist-packages/interfaces-0.0.0-py3.10.egg-info/top_level.txt
[0.506s] -- Installing: /home/moad/VigiWheels/jetsonNano/ros2_ws/install/interfaces/local/lib/python3.10/dist-packages/interfaces-0.0.0-py3.10.egg-info/PKG-INFO
[0.506s] -- Up-to-date: /home/moad/VigiWheels/jetsonNano/ros2_ws/install/interfaces/local/lib/python3.10/dist-packages/interfaces
[0.506s] -- Up-to-date: /home/moad/VigiWheels/jetsonNano/ros2_ws/install/interfaces/local/lib/python3.10/dist-packages/interfaces/interfaces_s__rosidl_typesupport_fastrtps_c.cpython-310-x86_64-linux-gnu.so
[0.506s] -- Up-to-date: /home/moad/VigiWheels/jetsonNano/ros2_ws/install/interfaces/local/lib/python3.10/dist-packages/interfaces/_interfaces_s.ep.rosidl_typesupport_c.c
[0.506s] -- Up-to-date: /home/moad/VigiWheels/jetsonNano/ros2_ws/install/interfaces/local/lib/python3.10/dist-packages/interfaces/interfaces_s__rosidl_typesupport_introspection_c.cpython-310-x86_64-linux-gnu.so
[0.506s] -- Up-to-date: /home/moad/VigiWheels/jetsonNano/ros2_ws/install/interfaces/local/lib/python3.10/dist-packages/interfaces/_interfaces_s.ep.rosidl_typesupport_fastrtps_c.c
[0.506s] -- Up-to-date: /home/moad/VigiWheels/jetsonNano/ros2_ws/install/interfaces/local/lib/python3.10/dist-packages/interfaces/_interfaces_s.ep.rosidl_typesupport_introspection_c.c
[0.506s] -- Up-to-date: /home/moad/VigiWheels/jetsonNano/ros2_ws/install/interfaces/local/lib/python3.10/dist-packages/interfaces/msg
[0.506s] -- Up-to-date: /home/moad/VigiWheels/jetsonNano/ros2_ws/install/interfaces/local/lib/python3.10/dist-packages/interfaces/msg/_steering_calibration_s.c
[0.506s] -- Up-to-date: /home/moad/VigiWheels/jetsonNano/ros2_ws/install/interfaces/local/lib/python3.10/dist-packages/interfaces/msg/_cam_pos_order_s.c
[0.506s] -- Up-to-date: /home/moad/VigiWheels/jetsonNano/ros2_ws/install/interfaces/local/lib/python3.10/dist-packages/interfaces/msg/_pressure_level_s.c
[0.506s] -- Up-to-date: /home/moad/VigiWheels/jetsonNano/ros2_ws/install/interfaces/local/lib/python3.10/dist-packages/interfaces/msg/_ultrasonic_s.c
[0.506s] -- Up-to-date: /home/moad/VigiWheels/jetsonNano/ros2_ws/install/interfaces/local/lib/python3.10/dist-packages/interfaces/msg/_gnss_s.c
[0.507s] -- Up-to-date: /home/moad/VigiWheels/jetsonNano/ros2_ws/install/interfaces/local/lib/python3.10/dist-packages/interfaces/msg/_motors_order_s.c
[0.507s] -- Up-to-date: /home/moad/VigiWheels/jetsonNano/ros2_ws/install/interfaces/local/lib/python3.10/dist-packages/interfaces/msg/_general_data.py
[0.507s] -- Up-to-date: /home/moad/VigiWheels/jetsonNano/ros2_ws/install/interfaces/local/lib/python3.10/dist-packages/interfaces/msg/_motors_feedback.py
[0.507s] -- Up-to-date: /home/moad/VigiWheels/jetsonNano/ros2_ws/install/interfaces/local/lib/python3.10/dist-packages/interfaces/msg/_cam_pos_order.py
[0.507s] -- Up-to-date: /home/moad/VigiWheels/jetsonNano/ros2_ws/install/interfaces/local/lib/python3.10/dist-packages/interfaces/msg/_manometer_info.py
[0.507s] -- Up-to-date: /home/moad/VigiWheels/jetsonNano/ros2_ws/install/interfaces/local/lib/python3.10/dist-packages/interfaces/msg/_system_check_s.c
[0.507s] -- Up-to-date: /home/moad/VigiWheels/jetsonNano/ros2_ws/install/interfaces/local/lib/python3.10/dist-packages/interfaces/msg/_gnss.py
[0.507s] -- Up-to-date: /home/moad/VigiWheels/jetsonNano/ros2_ws/install/interfaces/local/lib/python3.10/dist-packages/interfaces/msg/_servo_cam_order_s.c
[0.507s] -- Up-to-date: /home/moad/VigiWheels/jetsonNano/ros2_ws/install/interfaces/local/lib/python3.10/dist-packages/interfaces/msg/_obstacles_order.py
[0.507s] -- Up-to-date: /home/moad/VigiWheels/jetsonNano/ros2_ws/install/interfaces/local/lib/python3.10/dist-packages/interfaces/msg/_ultrasonic.py
[0.507s] -- Up-to-date: /home/moad/VigiWheels/jetsonNano/ros2_ws/install/interfaces/local/lib/python3.10/dist-packages/interfaces/msg/__init__.py
[0.507s] -- Up-to-date: /home/moad/VigiWheels/jetsonNano/ros2_ws/install/interfaces/local/lib/python3.10/dist-packages/interfaces/msg/_joystick_order_s.c
[0.507s] -- Up-to-date: /home/moad/VigiWheels/jetsonNano/ros2_ws/install/interfaces/local/lib/python3.10/dist-packages/interfaces/msg/_servo_cam_order.py
[0.507s] -- Up-to-date: /home/moad/VigiWheels/jetsonNano/ros2_ws/install/interfaces/local/lib/python3.10/dist-packages/interfaces/msg/_system_check.py
[0.507s] -- Up-to-date: /home/moad/VigiWheels/jetsonNano/ros2_ws/install/interfaces/local/lib/python3.10/dist-packages/interfaces/msg/_motors_order.py
[0.507s] -- Up-to-date: /home/moad/VigiWheels/jetsonNano/ros2_ws/install/interfaces/local/lib/python3.10/dist-packages/interfaces/msg/_obstacles_order_s.c
[0.507s] -- Up-to-date: /home/moad/VigiWheels/jetsonNano/ros2_ws/install/interfaces/local/lib/python3.10/dist-packages/interfaces/msg/_motors_feedback_s.c
[0.507s] -- Up-to-date: /home/moad/VigiWheels/jetsonNano/ros2_ws/install/interfaces/local/lib/python3.10/dist-packages/interfaces/msg/_joystick_order.py
[0.507s] -- Up-to-date: /home/moad/VigiWheels/jetsonNano/ros2_ws/install/interfaces/local/lib/python3.10/dist-packages/interfaces/msg/_fire_sensor_s.c
[0.507s] -- Up-to-date: /home/moad/VigiWheels/jetsonNano/ros2_ws/install/interfaces/local/lib/python3.10/dist-packages/interfaces/msg/_manometer_info_s.c
[0.507s] -- Up-to-date: /home/moad/VigiWheels/jetsonNano/ros2_ws/install/interfaces/local/lib/python3.10/dist-packages/interfaces/msg/_general_data_s.c
[0.507s] -- Up-to-date: /home/moad/VigiWheels/jetsonNano/ros2_ws/install/interfaces/local/lib/python3.10/dist-packages/interfaces/msg/_steering_calibration.py
[0.507s] -- Up-to-date: /home/moad/VigiWheels/jetsonNano/ros2_ws/install/interfaces/local/lib/python3.10/dist-packages/interfaces/msg/_fire_sensor.py
[0.507s] -- Up-to-date: /home/moad/VigiWheels/jetsonNano/ros2_ws/install/interfaces/local/lib/python3.10/dist-packages/interfaces/msg/_emergency_alert_fire_s.c
[0.507s] -- Up-to-date: /home/moad/VigiWheels/jetsonNano/ros2_ws/install/interfaces/local/lib/python3.10/dist-packages/interfaces/msg/_emergency_alert_fire.py
[0.507s] -- Up-to-date: /home/moad/VigiWheels/jetsonNano/ros2_ws/install/interfaces/local/lib/python3.10/dist-packages/interfaces/msg/_pressure_level.py
[0.507s] -- Up-to-date: /home/moad/VigiWheels/jetsonNano/ros2_ws/install/interfaces/local/lib/python3.10/dist-packages/interfaces/interfaces_s__rosidl_typesupport_c.cpython-310-x86_64-linux-gnu.so
[0.507s] -- Up-to-date: /home/moad/VigiWheels/jetsonNano/ros2_ws/install/interfaces/local/lib/python3.10/dist-packages/interfaces/__init__.py
[0.507s] -- Up-to-date: /home/moad/VigiWheels/jetsonNano/ros2_ws/install/interfaces/local/lib/python3.10/dist-packages/interfaces/libinterfaces__rosidl_generator_py.so
[0.519s] Listing '/home/moad/VigiWheels/jetsonNano/ros2_ws/install/interfaces/local/lib/python3.10/dist-packages/interfaces'...
[0.520s] Listing '/home/moad/VigiWheels/jetsonNano/ros2_ws/install/interfaces/local/lib/python3.10/dist-packages/interfaces/msg'...
[0.522s] -- Up-to-date: /home/moad/VigiWheels/jetsonNano/ros2_ws/install/interfaces/local/lib/python3.10/dist-packages/interfaces/interfaces_s__rosidl_typesupport_fastrtps_c.cpython-310-x86_64-linux-gnu.so
[0.523s] -- Up-to-date: /home/moad/VigiWheels/jetsonNano/ros2_ws/install/interfaces/local/lib/python3.10/dist-packages/interfaces/interfaces_s__rosidl_typesupport_introspection_c.cpython-310-x86_64-linux-gnu.so
[0.523s] -- Up-to-date: /home/moad/VigiWheels/jetsonNano/ros2_ws/install/interfaces/local/lib/python3.10/dist-packages/interfaces/interfaces_s__rosidl_typesupport_c.cpython-310-x86_64-linux-gnu.so
[0.523s] -- Up-to-date: /home/moad/VigiWheels/jetsonNano/ros2_ws/install/interfaces/lib/libinterfaces__rosidl_generator_py.so
[0.523s] -- Up-to-date: /home/moad/VigiWheels/jetsonNano/ros2_ws/install/interfaces/share/interfaces/msg/JoystickOrder.idl
[0.523s] -- Up-to-date: /home/moad/VigiWheels/jetsonNano/ros2_ws/install/interfaces/share/interfaces/msg/MotorsOrder.idl
[0.524s] -- Up-to-date: /home/moad/VigiWheels/jetsonNano/ros2_ws/install/interfaces/share/interfaces/msg/MotorsFeedback.idl
[0.524s] -- Up-to-date: /home/moad/VigiWheels/jetsonNano/ros2_ws/install/interfaces/share/interfaces/msg/GeneralData.idl
[0.524s] -- Up-to-date: /home/moad/VigiWheels/jetsonNano/ros2_ws/install/interfaces/share/interfaces/msg/SteeringCalibration.idl
[0.524s] -- Up-to-date: /home/moad/VigiWheels/jetsonNano/ros2_ws/install/interfaces/share/interfaces/msg/Ultrasonic.idl
[0.524s] -- Up-to-date: /home/moad/VigiWheels/jetsonNano/ros2_ws/install/interfaces/share/interfaces/msg/Gnss.idl
[0.524s] -- Up-to-date: /home/moad/VigiWheels/jetsonNano/ros2_ws/install/interfaces/share/interfaces/msg/SystemCheck.idl
[0.524s] -- Up-to-date: /home/moad/VigiWheels/jetsonNano/ros2_ws/install/interfaces/share/interfaces/msg/ManometerInfo.idl
[0.524s] -- Up-to-date: /home/moad/VigiWheels/jetsonNano/ros2_ws/install/interfaces/share/interfaces/msg/ObstaclesOrder.idl
[0.524s] -- Up-to-date: /home/moad/VigiWheels/jetsonNano/ros2_ws/install/interfaces/share/interfaces/msg/ServoCamOrder.idl
[0.524s] -- Up-to-date: /home/moad/VigiWheels/jetsonNano/ros2_ws/install/interfaces/share/interfaces/msg/CamPosOrder.idl
[0.525s] -- Up-to-date: /home/moad/VigiWheels/jetsonNano/ros2_ws/install/interfaces/share/interfaces/msg/FireSensor.idl
[0.525s] -- Up-to-date: /home/moad/VigiWheels/jetsonNano/ros2_ws/install/interfaces/share/interfaces/msg/EmergencyAlertFire.idl
[0.525s] -- Up-to-date: /home/moad/VigiWheels/jetsonNano/ros2_ws/install/interfaces/share/interfaces/msg/PressureLevel.idl
[0.525s] -- Up-to-date: /home/moad/VigiWheels/jetsonNano/ros2_ws/install/interfaces/share/interfaces/msg/JoystickOrder.msg
[0.525s] -- Up-to-date: /home/moad/VigiWheels/jetsonNano/ros2_ws/install/interfaces/share/interfaces/msg/MotorsOrder.msg
[0.525s] -- Up-to-date: /home/moad/VigiWheels/jetsonNano/ros2_ws/install/interfaces/share/interfaces/msg/MotorsFeedback.msg
[0.526s] -- Up-to-date: /home/moad/VigiWheels/jetsonNano/ros2_ws/install/interfaces/share/interfaces/msg/GeneralData.msg
[0.526s] -- Up-to-date: /home/moad/VigiWheels/jetsonNano/ros2_ws/install/interfaces/share/interfaces/msg/SteeringCalibration.msg
[0.526s] -- Up-to-date: /home/moad/VigiWheels/jetsonNano/ros2_ws/install/interfaces/share/interfaces/msg/Ultrasonic.msg
[0.526s] -- Up-to-date: /home/moad/VigiWheels/jetsonNano/ros2_ws/install/interfaces/share/interfaces/msg/Gnss.msg
[0.526s] -- Up-to-date: /home/moad/VigiWheels/jetsonNano/ros2_ws/install/interfaces/share/interfaces/msg/SystemCheck.msg
[0.527s] -- Up-to-date: /home/moad/VigiWheels/jetsonNano/ros2_ws/install/interfaces/share/interfaces/msg/ManometerInfo.msg
[0.527s] -- Up-to-date: /home/moad/VigiWheels/jetsonNano/ros2_ws/install/interfaces/share/interfaces/msg/ObstaclesOrder.msg
[0.528s] -- Up-to-date: /home/moad/VigiWheels/jetsonNano/ros2_ws/install/interfaces/share/interfaces/msg/ServoCamOrder.msg
[0.528s] -- Up-to-date: /home/moad/VigiWheels/jetsonNano/ros2_ws/install/interfaces/share/interfaces/msg/CamPosOrder.msg
[0.528s] -- Up-to-date: /home/moad/VigiWheels/jetsonNano/ros2_ws/install/interfaces/share/interfaces/msg/FireSensor.msg
[0.528s] -- Up-to-date: /home/moad/VigiWheels/jetsonNano/ros2_ws/install/interfaces/share/interfaces/msg/EmergencyAlertFire.msg
[0.528s] -- Up-to-date: /home/moad/VigiWheels/jetsonNano/ros2_ws/install/interfaces/share/interfaces/msg/PressureLevel.msg
[0.528s] -- Up-to-date: /home/moad/VigiWheels/jetsonNano/ros2_ws/install/interfaces/share/ament_index/resource_index/package_run_dependencies/interfaces
[0.528s] -- Up-to-date: /home/moad/VigiWheels/jetsonNano/ros2_ws/install/interfaces/share/ament_index/resource_index/parent_prefix_path/interfaces
[0.528s] -- Up-to-date: /home/moad/VigiWheels/jetsonNano/ros2_ws/install/interfaces/share/interfaces/environment/ament_prefix_path.sh
[0.529s] -- Up-to-date: /home/moad/VigiWheels/jetsonNano/ros2_ws/install/interfaces/share/interfaces/environment/ament_prefix_path.dsv
[0.529s] -- Up-to-date: /home/moad/VigiWheels/jetsonNano/ros2_ws/install/interfaces/share/interfaces/environment/path.sh
[0.529s] -- Up-to-date: /home/moad/VigiWheels/jetsonNano/ros2_ws/install/interfaces/share/interfaces/environment/path.dsv
[0.529s] -- Up-to-date: /home/moad/VigiWheels/jetsonNano/ros2_ws/install/interfaces/share/interfaces/local_setup.bash
[0.529s] -- Up-to-date: /home/moad/VigiWheels/jetsonNano/ros2_ws/install/interfaces/share/interfaces/local_setup.sh
[0.529s] -- Up-to-date: /home/moad/VigiWheels/jetsonNano/ros2_ws/install/interfaces/share/interfaces/local_setup.zsh
[0.529s] -- Up-to-date: /home/moad/VigiWheels/jetsonNano/ros2_ws/install/interfaces/share/interfaces/local_setup.dsv
[0.529s] -- Installing: /home/moad/VigiWheels/jetsonNano/ros2_ws/install/interfaces/share/interfaces/package.dsv
[0.529s] -- Up-to-date: /home/moad/VigiWheels/jetsonNano/ros2_ws/install/interfaces/share/ament_index/resource_index/packages/interfaces
[0.529s] -- Up-to-date: /home/moad/VigiWheels/jetsonNano/ros2_ws/install/interfaces/share/interfaces/cmake/export_interfaces__rosidl_generator_cExport.cmake
[0.530s] -- Up-to-date: /home/moad/VigiWheels/jetsonNano/ros2_ws/install/interfaces/share/interfaces/cmake/export_interfaces__rosidl_generator_cExport-noconfig.cmake
[0.530s] -- Up-to-date: /home/moad/VigiWheels/jetsonNano/ros2_ws/install/interfaces/share/interfaces/cmake/export_interfaces__rosidl_typesupport_fastrtps_cExport.cmake
[0.530s] -- Up-to-date: /home/moad/VigiWheels/jetsonNano/ros2_ws/install/interfaces/share/interfaces/cmake/export_interfaces__rosidl_typesupport_fastrtps_cExport-noconfig.cmake
[0.530s] -- Up-to-date: /home/moad/VigiWheels/jetsonNano/ros2_ws/install/interfaces/share/interfaces/cmake/export_interfaces__rosidl_generator_cppExport.cmake
[0.530s] -- Up-to-date: /home/moad/VigiWheels/jetsonNano/ros2_ws/install/interfaces/share/interfaces/cmake/export_interfaces__rosidl_typesupport_fastrtps_cppExport.cmake
[0.530s] -- Up-to-date: /home/moad/VigiWheels/jetsonNano/ros2_ws/install/interfaces/share/interfaces/cmake/export_interfaces__rosidl_typesupport_fastrtps_cppExport-noconfig.cmake
[0.530s] -- Up-to-date: /home/moad/VigiWheels/jetsonNano/ros2_ws/install/interfaces/share/interfaces/cmake/interfaces__rosidl_typesupport_introspection_cExport.cmake
[0.530s] -- Up-to-date: /home/moad/VigiWheels/jetsonNano/ros2_ws/install/interfaces/share/interfaces/cmake/interfaces__rosidl_typesupport_introspection_cExport-noconfig.cmake
[0.530s] -- Up-to-date: /home/moad/VigiWheels/jetsonNano/ros2_ws/install/interfaces/share/interfaces/cmake/interfaces__rosidl_typesupport_cExport.cmake
[0.530s] -- Up-to-date: /home/moad/VigiWheels/jetsonNano/ros2_ws/install/interfaces/share/interfaces/cmake/interfaces__rosidl_typesupport_cExport-noconfig.cmake
[0.530s] -- Up-to-date: /home/moad/VigiWheels/jetsonNano/ros2_ws/install/interfaces/share/interfaces/cmake/interfaces__rosidl_typesupport_introspection_cppExport.cmake
[0.530s] -- Up-to-date: /home/moad/VigiWheels/jetsonNano/ros2_ws/install/interfaces/share/interfaces/cmake/interfaces__rosidl_typesupport_introspection_cppExport-noconfig.cmake
[0.530s] -- Up-to-date: /home/moad/VigiWheels/jetsonNano/ros2_ws/install/interfaces/share/interfaces/cmake/interfaces__rosidl_typesupport_cppExport.cmake
[0.530s] -- Up-to-date: /home/moad/VigiWheels/jetsonNano/ros2_ws/install/interfaces/share/interfaces/cmake/interfaces__rosidl_typesupport_cppExport-noconfig.cmake
[0.530s] -- Up-to-date: /home/moad/VigiWheels/jetsonNano/ros2_ws/install/interfaces/share/interfaces/cmake/export_interfaces__rosidl_generator_pyExport.cmake
[0.530s] -- Up-to-date: /home/moad/VigiWheels/jetsonNano/ros2_ws/install/interfaces/share/interfaces/cmake/export_interfaces__rosidl_generator_pyExport-noconfig.cmake
[0.530s] -- Up-to-date: /home/moad/VigiWheels/jetsonNano/ros2_ws/install/interfaces/share/interfaces/cmake/rosidl_cmake-extras.cmake
[0.530s] -- Up-to-date: /home/moad/VigiWheels/jetsonNano/ros2_ws/install/interfaces/share/interfaces/cmake/ament_cmake_export_include_directories-extras.cmake
[0.530s] -- Up-to-date: /home/moad/VigiWheels/jetsonNano/ros2_ws/install/interfaces/share/interfaces/cmake/ament_cmake_export_libraries-extras.cmake
[0.530s] -- Up-to-date: /home/moad/VigiWheels/jetsonNano/ros2_ws/install/interfaces/share/interfaces/cmake/ament_cmake_export_targets-extras.cmake
[0.530s] -- Up-to-date: /home/moad/VigiWheels/jetsonNano/ros2_ws/install/interfaces/share/interfaces/cmake/rosidl_cmake_export_typesupport_targets-extras.cmake
[0.530s] -- Up-to-date: /home/moad/VigiWheels/jetsonNano/ros2_ws/install/interfaces/share/interfaces/cmake/ament_cmake_export_dependencies-extras.cmake
[0.530s] -- Up-to-date: /home/moad/VigiWheels/jetsonNano/ros2_ws/install/interfaces/share/interfaces/cmake/rosidl_cmake_export_typesupport_libraries-extras.cmake
[0.530s] -- Up-to-date: /home/moad/VigiWheels/jetsonNano/ros2_ws/install/interfaces/share/interfaces/cmake/interfacesConfig.cmake
[0.530s] -- Up-to-date: /home/moad/VigiWheels/jetsonNano/ros2_ws/install/interfaces/share/interfaces/cmake/interfacesConfig-version.cmake
[0.530s] -- Up-to-date: /home/moad/VigiWheels/jetsonNano/ros2_ws/install/interfaces/share/interfaces/package.xml
[0.530s] Invoked command in '/home/moad/VigiWheels/jetsonNano/ros2_ws/build/interfaces' returned '0': CMAKE_PREFIX_PATH=${CMAKE_PREFIX_PATH}:/home/moad/VigiWheels/jetsonNano/ros2_ws/install/manometer_detection:/home/moad/ros2_ws/install/pressure_level:/home/moad/ros2_ws/install/my_robot_controller:/home/moad/ros2_ws/install/manometer_detection:/opt/ros/humble /usr/bin/cmake --install /home/moad/VigiWheels/jetsonNano/ros2_ws/build/interfaces
