-- The C compiler identification is GNU 11.4.0
-- The CXX compiler identification is GNU 11.4.0
-- Detecting C compiler ABI info
-- Detecting C compiler ABI info - done
-- Check for working C compiler: /usr/bin/cc - skipped
-- Detecting C compile features
-- Detecting C compile features - done
-- Detecting CXX compiler ABI info
-- Detecting CXX compiler ABI info - done
-- Check for working CXX compiler: /usr/bin/c++ - skipped
-- Detecting CXX compile features
-- Detecting CXX compile features - done
-- Found ament_cmake: 1.3.5 (/opt/ros/humble/share/ament_cmake/cmake)
-- Found Python3: /usr/bin/python3.10 (found version "3.10.12") found components: Interpreter 
-- Found rclcpp: 16.0.6 (/opt/ros/humble/share/rclcpp/cmake)
-- Found rosidl_generator_c: 3.1.5 (/opt/ros/humble/share/rosidl_generator_c/cmake)
-- Found rosidl_adapter: 3.1.5 (/opt/ros/humble/share/rosidl_adapter/cmake)
-- Found rosidl_generator_cpp: 3.1.5 (/opt/ros/humble/share/rosidl_generator_cpp/cmake)
-- Using all available rosidl_typesupport_c: rosidl_typesupport_fastrtps_c;rosidl_typesupport_introspection_c
-- Using all available rosidl_typesupport_cpp: rosidl_typesupport_fastrtps_cpp;rosidl_typesupport_introspection_cpp
-- Found rmw_implementation_cmake: 6.1.1 (/opt/ros/humble/share/rmw_implementation_cmake/cmake)
-- Found rmw_fastrtps_cpp: 6.2.4 (/opt/ros/humble/share/rmw_fastrtps_cpp/cmake)
-- Found OpenSSL: /usr/lib/x86_64-linux-gnu/libcrypto.so (found version "3.0.2")  
-- Found FastRTPS: /opt/ros/humble/include  
-- Using RMW implementation 'rmw_fastrtps_cpp' as default
-- Looking for pthread.h
-- Looking for pthread.h - found
-- Performing Test CMAKE_HAVE_LIBC_PTHREAD
-- Performing Test CMAKE_HAVE_LIBC_PTHREAD - Success
-- Found Threads: TRUE  
-- Found rosidl_default_generators: 1.2.0 (/opt/ros/humble/share/rosidl_default_generators/cmake)
-- Found ament_cmake_ros: 0.10.0 (/opt/ros/humble/share/ament_cmake_ros/cmake)
-- Using all available rosidl_typesupport_c: rosidl_typesupport_fastrtps_c;rosidl_typesupport_introspection_c
-- Using all available rosidl_typesupport_cpp: rosidl_typesupport_fastrtps_cpp;rosidl_typesupport_introspection_cpp
-- Found PythonInterp: /usr/bin/python3 (found suitable version "3.10.12", minimum required is "3.6") 
-- Found python_cmake_module: 0.10.0 (/opt/ros/humble/share/python_cmake_module/cmake)
-- Found PythonLibs: /usr/lib/x86_64-linux-gnu/libpython3.10.so (found suitable version "3.10.12", minimum required is "3.5") 
-- Using PYTHON_EXECUTABLE: /usr/bin/python3
-- Using PYTHON_INCLUDE_DIRS: /usr/include/python3.10
-- Using PYTHON_LIBRARIES: /usr/lib/x86_64-linux-gnu/libpython3.10.so
-- Found PythonExtra: .so  
-- Found ament_lint_auto: 0.12.8 (/opt/ros/humble/share/ament_lint_auto/cmake)
-- Added test 'lint_cmake' to check CMake code style
-- Added test 'xmllint' to check XML markup files
-- Configuring done
-- Generating done
-- Build files have been written to: /home/insa/Desktop/VigiWheels2.0/raspberryPI3/build/carla_msgs
[  3%] [34m[1mGenerating C code for ROS interfaces[0m
[  6%] [34m[1mGenerating C++ code for ROS interfaces[0m
[  6%] Built target ament_cmake_python_copy_carla_msgs
running egg_info
creating carla_msgs.egg-info
writing carla_msgs.egg-info/PKG-INFO
writing dependency_links to carla_msgs.egg-info/dependency_links.txt
writing top-level names to carla_msgs.egg-info/top_level.txt
writing manifest file 'carla_msgs.egg-info/SOURCES.txt'
reading manifest file 'carla_msgs.egg-info/SOURCES.txt'
writing manifest file 'carla_msgs.egg-info/SOURCES.txt'
[  6%] Built target ament_cmake_python_build_carla_msgs_egg
[  6%] Built target carla_msgs__cpp
[  9%] [32mBuilding C object CMakeFiles/carla_msgs__rosidl_generator_c.dir/rosidl_generator_c/carla_msgs/msg/detail/carla_ego_vehicle_control__functions.c.o[0m
[ 12%] [34m[1mGenerating C++ type support dispatch for ROS interfaces[0m
[ 16%] [34m[1mGenerating C++ type support for eProsima Fast-RTPS[0m
[ 19%] [34m[1mGenerating C++ introspection for ROS interfaces[0m
[ 22%] [32m[1mLinking C shared library libcarla_msgs__rosidl_generator_c.so[0m
[ 22%] Built target carla_msgs__rosidl_generator_c
[ 25%] [34m[1mGenerating C type support for eProsima Fast-RTPS[0m
[ 29%] [34m[1mGenerating C introspection for ROS interfaces[0m
[ 32%] [34m[1mGenerating C type support dispatch for ROS interfaces[0m
[ 35%] [32mBuilding CXX object CMakeFiles/carla_msgs__rosidl_typesupport_introspection_cpp.dir/rosidl_typesupport_introspection_cpp/carla_msgs/msg/detail/carla_ego_vehicle_control__type_support.cpp.o[0m
[ 38%] [32mBuilding CXX object CMakeFiles/carla_msgs__rosidl_typesupport_cpp.dir/rosidl_typesupport_cpp/carla_msgs/msg/carla_ego_vehicle_control__type_support.cpp.o[0m
[ 41%] [32mBuilding CXX object CMakeFiles/carla_msgs__rosidl_typesupport_fastrtps_cpp.dir/rosidl_typesupport_fastrtps_cpp/carla_msgs/msg/detail/dds_fastrtps/carla_ego_vehicle_control__type_support.cpp.o[0m
[ 45%] [32mBuilding CXX object CMakeFiles/carla_msgs__rosidl_typesupport_c.dir/rosidl_typesupport_c/carla_msgs/msg/carla_ego_vehicle_control__type_support.cpp.o[0m
[ 48%] [32mBuilding CXX object CMakeFiles/carla_msgs__rosidl_typesupport_fastrtps_c.dir/rosidl_typesupport_fastrtps_c/carla_msgs/msg/detail/carla_ego_vehicle_control__type_support_c.cpp.o[0m
[ 51%] [32m[1mLinking CXX shared library libcarla_msgs__rosidl_typesupport_cpp.so[0m
[ 54%] [32m[1mLinking CXX shared library libcarla_msgs__rosidl_typesupport_c.so[0m
[ 58%] [32mBuilding C object CMakeFiles/carla_msgs__rosidl_typesupport_introspection_c.dir/rosidl_typesupport_introspection_c/carla_msgs/msg/detail/carla_ego_vehicle_control__type_support.c.o[0m
[ 61%] [32m[1mLinking CXX shared library libcarla_msgs__rosidl_typesupport_introspection_cpp.so[0m
[ 61%] Built target carla_msgs__rosidl_typesupport_cpp
[ 61%] Built target carla_msgs__rosidl_typesupport_c
[ 64%] [32m[1mLinking C shared library libcarla_msgs__rosidl_typesupport_introspection_c.so[0m
[ 67%] [32m[1mLinking CXX shared library libcarla_msgs__rosidl_typesupport_fastrtps_cpp.so[0m
[ 67%] Built target carla_msgs__rosidl_typesupport_introspection_c
[ 67%] Built target carla_msgs__rosidl_typesupport_introspection_cpp
[ 67%] Built target carla_msgs__rosidl_typesupport_fastrtps_cpp
[ 70%] [32m[1mLinking CXX shared library libcarla_msgs__rosidl_typesupport_fastrtps_c.so[0m
[ 70%] Built target carla_msgs__rosidl_typesupport_fastrtps_c
[ 70%] Built target carla_msgs
[ 74%] [34m[1mGenerating Python code for ROS interfaces[0m
[ 74%] Built target carla_msgs__py
[ 77%] [32mBuilding C object CMakeFiles/carla_msgs__rosidl_generator_py.dir/rosidl_generator_py/carla_msgs/msg/_carla_ego_vehicle_control_s.c.o[0m
[ 80%] [32m[1mLinking C shared library rosidl_generator_py/carla_msgs/libcarla_msgs__rosidl_generator_py.so[0m
[ 80%] Built target carla_msgs__rosidl_generator_py
[ 83%] [32mBuilding C object CMakeFiles/carla_msgs__rosidl_typesupport_fastrtps_c__pyext.dir/rosidl_generator_py/carla_msgs/_carla_msgs_s.ep.rosidl_typesupport_fastrtps_c.c.o[0m
[ 87%] [32mBuilding C object CMakeFiles/carla_msgs__rosidl_typesupport_c__pyext.dir/rosidl_generator_py/carla_msgs/_carla_msgs_s.ep.rosidl_typesupport_c.c.o[0m
[ 90%] [32mBuilding C object CMakeFiles/carla_msgs__rosidl_typesupport_introspection_c__pyext.dir/rosidl_generator_py/carla_msgs/_carla_msgs_s.ep.rosidl_typesupport_introspection_c.c.o[0m
[ 93%] [32m[1mLinking C shared library rosidl_generator_py/carla_msgs/carla_msgs_s__rosidl_typesupport_fastrtps_c.cpython-310-x86_64-linux-gnu.so[0m
[ 96%] [32m[1mLinking C shared library rosidl_generator_py/carla_msgs/carla_msgs_s__rosidl_typesupport_introspection_c.cpython-310-x86_64-linux-gnu.so[0m
[100%] [32m[1mLinking C shared library rosidl_generator_py/carla_msgs/carla_msgs_s__rosidl_typesupport_c.cpython-310-x86_64-linux-gnu.so[0m
[100%] Built target carla_msgs__rosidl_typesupport_fastrtps_c__pyext
[100%] Built target carla_msgs__rosidl_typesupport_introspection_c__pyext
[100%] Built target carla_msgs__rosidl_typesupport_c__pyext
-- Install configuration: ""
-- Installing: /home/insa/Desktop/VigiWheels2.0/raspberryPI3/install/carla_msgs/share/ament_index/resource_index/rosidl_interfaces/carla_msgs
-- Installing: /home/insa/Desktop/VigiWheels2.0/raspberryPI3/install/carla_msgs/include/carla_msgs/carla_msgs
-- Installing: /home/insa/Desktop/VigiWheels2.0/raspberryPI3/install/carla_msgs/include/carla_msgs/carla_msgs/msg
-- Installing: /home/insa/Desktop/VigiWheels2.0/raspberryPI3/install/carla_msgs/include/carla_msgs/carla_msgs/msg/rosidl_generator_c__visibility_control.h
-- Installing: /home/insa/Desktop/VigiWheels2.0/raspberryPI3/install/carla_msgs/include/carla_msgs/carla_msgs/msg/detail
-- Installing: /home/insa/Desktop/VigiWheels2.0/raspberryPI3/install/carla_msgs/include/carla_msgs/carla_msgs/msg/detail/carla_ego_vehicle_control__struct.h
-- Installing: /home/insa/Desktop/VigiWheels2.0/raspberryPI3/install/carla_msgs/include/carla_msgs/carla_msgs/msg/detail/carla_ego_vehicle_control__functions.c
-- Installing: /home/insa/Desktop/VigiWheels2.0/raspberryPI3/install/carla_msgs/include/carla_msgs/carla_msgs/msg/detail/carla_ego_vehicle_control__functions.h
-- Installing: /home/insa/Desktop/VigiWheels2.0/raspberryPI3/install/carla_msgs/include/carla_msgs/carla_msgs/msg/detail/carla_ego_vehicle_control__type_support.h
-- Installing: /home/insa/Desktop/VigiWheels2.0/raspberryPI3/install/carla_msgs/include/carla_msgs/carla_msgs/msg/carla_ego_vehicle_control.h
-- Installing: /home/insa/Desktop/VigiWheels2.0/raspberryPI3/install/carla_msgs/share/carla_msgs/environment/library_path.sh
-- Installing: /home/insa/Desktop/VigiWheels2.0/raspberryPI3/install/carla_msgs/share/carla_msgs/environment/library_path.dsv
-- Installing: /home/insa/Desktop/VigiWheels2.0/raspberryPI3/install/carla_msgs/lib/libcarla_msgs__rosidl_generator_c.so
-- Set runtime path of "/home/insa/Desktop/VigiWheels2.0/raspberryPI3/install/carla_msgs/lib/libcarla_msgs__rosidl_generator_c.so" to ""
-- Up-to-date: /home/insa/Desktop/VigiWheels2.0/raspberryPI3/install/carla_msgs/include/carla_msgs/carla_msgs
-- Up-to-date: /home/insa/Desktop/VigiWheels2.0/raspberryPI3/install/carla_msgs/include/carla_msgs/carla_msgs/msg
-- Up-to-date: /home/insa/Desktop/VigiWheels2.0/raspberryPI3/install/carla_msgs/include/carla_msgs/carla_msgs/msg/detail
-- Installing: /home/insa/Desktop/VigiWheels2.0/raspberryPI3/install/carla_msgs/include/carla_msgs/carla_msgs/msg/detail/carla_ego_vehicle_control__rosidl_typesupport_fastrtps_c.h
-- Installing: /home/insa/Desktop/VigiWheels2.0/raspberryPI3/install/carla_msgs/include/carla_msgs/carla_msgs/msg/rosidl_typesupport_fastrtps_c__visibility_control.h
-- Installing: /home/insa/Desktop/VigiWheels2.0/raspberryPI3/install/carla_msgs/lib/libcarla_msgs__rosidl_typesupport_fastrtps_c.so
-- Set runtime path of "/home/insa/Desktop/VigiWheels2.0/raspberryPI3/install/carla_msgs/lib/libcarla_msgs__rosidl_typesupport_fastrtps_c.so" to ""
-- Up-to-date: /home/insa/Desktop/VigiWheels2.0/raspberryPI3/install/carla_msgs/include/carla_msgs/carla_msgs
-- Up-to-date: /home/insa/Desktop/VigiWheels2.0/raspberryPI3/install/carla_msgs/include/carla_msgs/carla_msgs/msg
-- Up-to-date: /home/insa/Desktop/VigiWheels2.0/raspberryPI3/install/carla_msgs/include/carla_msgs/carla_msgs/msg/detail
-- Installing: /home/insa/Desktop/VigiWheels2.0/raspberryPI3/install/carla_msgs/include/carla_msgs/carla_msgs/msg/detail/carla_ego_vehicle_control__struct.hpp
-- Installing: /home/insa/Desktop/VigiWheels2.0/raspberryPI3/install/carla_msgs/include/carla_msgs/carla_msgs/msg/detail/carla_ego_vehicle_control__traits.hpp
-- Installing: /home/insa/Desktop/VigiWheels2.0/raspberryPI3/install/carla_msgs/include/carla_msgs/carla_msgs/msg/detail/carla_ego_vehicle_control__builder.hpp
-- Installing: /home/insa/Desktop/VigiWheels2.0/raspberryPI3/install/carla_msgs/include/carla_msgs/carla_msgs/msg/carla_ego_vehicle_control.hpp
-- Up-to-date: /home/insa/Desktop/VigiWheels2.0/raspberryPI3/install/carla_msgs/include/carla_msgs/carla_msgs
-- Up-to-date: /home/insa/Desktop/VigiWheels2.0/raspberryPI3/install/carla_msgs/include/carla_msgs/carla_msgs/msg
-- Installing: /home/insa/Desktop/VigiWheels2.0/raspberryPI3/install/carla_msgs/include/carla_msgs/carla_msgs/msg/rosidl_typesupport_fastrtps_cpp__visibility_control.h
-- Up-to-date: /home/insa/Desktop/VigiWheels2.0/raspberryPI3/install/carla_msgs/include/carla_msgs/carla_msgs/msg/detail
-- Installing: /home/insa/Desktop/VigiWheels2.0/raspberryPI3/install/carla_msgs/include/carla_msgs/carla_msgs/msg/detail/carla_ego_vehicle_control__rosidl_typesupport_fastrtps_cpp.hpp
-- Installing: /home/insa/Desktop/VigiWheels2.0/raspberryPI3/install/carla_msgs/include/carla_msgs/carla_msgs/msg/detail/dds_fastrtps
-- Installing: /home/insa/Desktop/VigiWheels2.0/raspberryPI3/install/carla_msgs/lib/libcarla_msgs__rosidl_typesupport_fastrtps_cpp.so
-- Set runtime path of "/home/insa/Desktop/VigiWheels2.0/raspberryPI3/install/carla_msgs/lib/libcarla_msgs__rosidl_typesupport_fastrtps_cpp.so" to ""
-- Up-to-date: /home/insa/Desktop/VigiWheels2.0/raspberryPI3/install/carla_msgs/include/carla_msgs/carla_msgs
-- Up-to-date: /home/insa/Desktop/VigiWheels2.0/raspberryPI3/install/carla_msgs/include/carla_msgs/carla_msgs/msg
-- Installing: /home/insa/Desktop/VigiWheels2.0/raspberryPI3/install/carla_msgs/include/carla_msgs/carla_msgs/msg/rosidl_typesupport_introspection_c__visibility_control.h
-- Up-to-date: /home/insa/Desktop/VigiWheels2.0/raspberryPI3/install/carla_msgs/include/carla_msgs/carla_msgs/msg/detail
-- Installing: /home/insa/Desktop/VigiWheels2.0/raspberryPI3/install/carla_msgs/include/carla_msgs/carla_msgs/msg/detail/carla_ego_vehicle_control__rosidl_typesupport_introspection_c.h
-- Installing: /home/insa/Desktop/VigiWheels2.0/raspberryPI3/install/carla_msgs/include/carla_msgs/carla_msgs/msg/detail/carla_ego_vehicle_control__type_support.c
-- Installing: /home/insa/Desktop/VigiWheels2.0/raspberryPI3/install/carla_msgs/lib/libcarla_msgs__rosidl_typesupport_introspection_c.so
-- Set runtime path of "/home/insa/Desktop/VigiWheels2.0/raspberryPI3/install/carla_msgs/lib/libcarla_msgs__rosidl_typesupport_introspection_c.so" to ""
-- Installing: /home/insa/Desktop/VigiWheels2.0/raspberryPI3/install/carla_msgs/lib/libcarla_msgs__rosidl_typesupport_c.so
-- Set runtime path of "/home/insa/Desktop/VigiWheels2.0/raspberryPI3/install/carla_msgs/lib/libcarla_msgs__rosidl_typesupport_c.so" to ""
-- Up-to-date: /home/insa/Desktop/VigiWheels2.0/raspberryPI3/install/carla_msgs/include/carla_msgs/carla_msgs
-- Up-to-date: /home/insa/Desktop/VigiWheels2.0/raspberryPI3/install/carla_msgs/include/carla_msgs/carla_msgs/msg
-- Up-to-date: /home/insa/Desktop/VigiWheels2.0/raspberryPI3/install/carla_msgs/include/carla_msgs/carla_msgs/msg/detail
-- Installing: /home/insa/Desktop/VigiWheels2.0/raspberryPI3/install/carla_msgs/include/carla_msgs/carla_msgs/msg/detail/carla_ego_vehicle_control__type_support.cpp
-- Installing: /home/insa/Desktop/VigiWheels2.0/raspberryPI3/install/carla_msgs/include/carla_msgs/carla_msgs/msg/detail/carla_ego_vehicle_control__rosidl_typesupport_introspection_cpp.hpp
-- Installing: /home/insa/Desktop/VigiWheels2.0/raspberryPI3/install/carla_msgs/lib/libcarla_msgs__rosidl_typesupport_introspection_cpp.so
-- Set runtime path of "/home/insa/Desktop/VigiWheels2.0/raspberryPI3/install/carla_msgs/lib/libcarla_msgs__rosidl_typesupport_introspection_cpp.so" to ""
-- Installing: /home/insa/Desktop/VigiWheels2.0/raspberryPI3/install/carla_msgs/lib/libcarla_msgs__rosidl_typesupport_cpp.so
-- Set runtime path of "/home/insa/Desktop/VigiWheels2.0/raspberryPI3/install/carla_msgs/lib/libcarla_msgs__rosidl_typesupport_cpp.so" to ""
-- Installing: /home/insa/Desktop/VigiWheels2.0/raspberryPI3/install/carla_msgs/share/carla_msgs/environment/pythonpath.sh
-- Installing: /home/insa/Desktop/VigiWheels2.0/raspberryPI3/install/carla_msgs/share/carla_msgs/environment/pythonpath.dsv
-- Installing: /home/insa/Desktop/VigiWheels2.0/raspberryPI3/install/carla_msgs/local/lib/python3.10/dist-packages/carla_msgs-0.0.0-py3.10.egg-info
-- Installing: /home/insa/Desktop/VigiWheels2.0/raspberryPI3/install/carla_msgs/local/lib/python3.10/dist-packages/carla_msgs-0.0.0-py3.10.egg-info/dependency_links.txt
-- Installing: /home/insa/Desktop/VigiWheels2.0/raspberryPI3/install/carla_msgs/local/lib/python3.10/dist-packages/carla_msgs-0.0.0-py3.10.egg-info/PKG-INFO
-- Installing: /home/insa/Desktop/VigiWheels2.0/raspberryPI3/install/carla_msgs/local/lib/python3.10/dist-packages/carla_msgs-0.0.0-py3.10.egg-info/SOURCES.txt
-- Installing: /home/insa/Desktop/VigiWheels2.0/raspberryPI3/install/carla_msgs/local/lib/python3.10/dist-packages/carla_msgs-0.0.0-py3.10.egg-info/top_level.txt
-- Installing: /home/insa/Desktop/VigiWheels2.0/raspberryPI3/install/carla_msgs/local/lib/python3.10/dist-packages/carla_msgs
-- Installing: /home/insa/Desktop/VigiWheels2.0/raspberryPI3/install/carla_msgs/local/lib/python3.10/dist-packages/carla_msgs/carla_msgs_s__rosidl_typesupport_fastrtps_c.cpython-310-x86_64-linux-gnu.so
-- Installing: /home/insa/Desktop/VigiWheels2.0/raspberryPI3/install/carla_msgs/local/lib/python3.10/dist-packages/carla_msgs/libcarla_msgs__rosidl_generator_py.so
-- Installing: /home/insa/Desktop/VigiWheels2.0/raspberryPI3/install/carla_msgs/local/lib/python3.10/dist-packages/carla_msgs/__init__.py
-- Installing: /home/insa/Desktop/VigiWheels2.0/raspberryPI3/install/carla_msgs/local/lib/python3.10/dist-packages/carla_msgs/_carla_msgs_s.ep.rosidl_typesupport_introspection_c.c
-- Installing: /home/insa/Desktop/VigiWheels2.0/raspberryPI3/install/carla_msgs/local/lib/python3.10/dist-packages/carla_msgs/carla_msgs_s__rosidl_typesupport_introspection_c.cpython-310-x86_64-linux-gnu.so
-- Installing: /home/insa/Desktop/VigiWheels2.0/raspberryPI3/install/carla_msgs/local/lib/python3.10/dist-packages/carla_msgs/_carla_msgs_s.ep.rosidl_typesupport_fastrtps_c.c
-- Installing: /home/insa/Desktop/VigiWheels2.0/raspberryPI3/install/carla_msgs/local/lib/python3.10/dist-packages/carla_msgs/msg
-- Installing: /home/insa/Desktop/VigiWheels2.0/raspberryPI3/install/carla_msgs/local/lib/python3.10/dist-packages/carla_msgs/msg/_carla_ego_vehicle_control_s.c
-- Installing: /home/insa/Desktop/VigiWheels2.0/raspberryPI3/install/carla_msgs/local/lib/python3.10/dist-packages/carla_msgs/msg/__init__.py
-- Installing: /home/insa/Desktop/VigiWheels2.0/raspberryPI3/install/carla_msgs/local/lib/python3.10/dist-packages/carla_msgs/msg/_carla_ego_vehicle_control.py
-- Installing: /home/insa/Desktop/VigiWheels2.0/raspberryPI3/install/carla_msgs/local/lib/python3.10/dist-packages/carla_msgs/_carla_msgs_s.ep.rosidl_typesupport_c.c
-- Installing: /home/insa/Desktop/VigiWheels2.0/raspberryPI3/install/carla_msgs/local/lib/python3.10/dist-packages/carla_msgs/carla_msgs_s__rosidl_typesupport_c.cpython-310-x86_64-linux-gnu.so
Listing '/home/insa/Desktop/VigiWheels2.0/raspberryPI3/install/carla_msgs/local/lib/python3.10/dist-packages/carla_msgs'...
Compiling '/home/insa/Desktop/VigiWheels2.0/raspberryPI3/install/carla_msgs/local/lib/python3.10/dist-packages/carla_msgs/__init__.py'...
Listing '/home/insa/Desktop/VigiWheels2.0/raspberryPI3/install/carla_msgs/local/lib/python3.10/dist-packages/carla_msgs/msg'...
Compiling '/home/insa/Desktop/VigiWheels2.0/raspberryPI3/install/carla_msgs/local/lib/python3.10/dist-packages/carla_msgs/msg/__init__.py'...
Compiling '/home/insa/Desktop/VigiWheels2.0/raspberryPI3/install/carla_msgs/local/lib/python3.10/dist-packages/carla_msgs/msg/_carla_ego_vehicle_control.py'...
-- Installing: /home/insa/Desktop/VigiWheels2.0/raspberryPI3/install/carla_msgs/local/lib/python3.10/dist-packages/carla_msgs/carla_msgs_s__rosidl_typesupport_fastrtps_c.cpython-310-x86_64-linux-gnu.so
-- Set runtime path of "/home/insa/Desktop/VigiWheels2.0/raspberryPI3/install/carla_msgs/local/lib/python3.10/dist-packages/carla_msgs/carla_msgs_s__rosidl_typesupport_fastrtps_c.cpython-310-x86_64-linux-gnu.so" to ""
-- Installing: /home/insa/Desktop/VigiWheels2.0/raspberryPI3/install/carla_msgs/local/lib/python3.10/dist-packages/carla_msgs/carla_msgs_s__rosidl_typesupport_introspection_c.cpython-310-x86_64-linux-gnu.so
-- Set runtime path of "/home/insa/Desktop/VigiWheels2.0/raspberryPI3/install/carla_msgs/local/lib/python3.10/dist-packages/carla_msgs/carla_msgs_s__rosidl_typesupport_introspection_c.cpython-310-x86_64-linux-gnu.so" to ""
-- Installing: /home/insa/Desktop/VigiWheels2.0/raspberryPI3/install/carla_msgs/local/lib/python3.10/dist-packages/carla_msgs/carla_msgs_s__rosidl_typesupport_c.cpython-310-x86_64-linux-gnu.so
-- Set runtime path of "/home/insa/Desktop/VigiWheels2.0/raspberryPI3/install/carla_msgs/local/lib/python3.10/dist-packages/carla_msgs/carla_msgs_s__rosidl_typesupport_c.cpython-310-x86_64-linux-gnu.so" to ""
-- Installing: /home/insa/Desktop/VigiWheels2.0/raspberryPI3/install/carla_msgs/lib/libcarla_msgs__rosidl_generator_py.so
-- Set runtime path of "/home/insa/Desktop/VigiWheels2.0/raspberryPI3/install/carla_msgs/lib/libcarla_msgs__rosidl_generator_py.so" to ""
-- Installing: /home/insa/Desktop/VigiWheels2.0/raspberryPI3/install/carla_msgs/share/carla_msgs/msg/CarlaEgoVehicleControl.idl
-- Installing: /home/insa/Desktop/VigiWheels2.0/raspberryPI3/install/carla_msgs/share/carla_msgs/msg/CarlaEgoVehicleControl.msg
-- Installing: /home/insa/Desktop/VigiWheels2.0/raspberryPI3/install/carla_msgs/share/ament_index/resource_index/package_run_dependencies/carla_msgs
-- Installing: /home/insa/Desktop/VigiWheels2.0/raspberryPI3/install/carla_msgs/share/ament_index/resource_index/parent_prefix_path/carla_msgs
-- Installing: /home/insa/Desktop/VigiWheels2.0/raspberryPI3/install/carla_msgs/share/carla_msgs/environment/ament_prefix_path.sh
-- Installing: /home/insa/Desktop/VigiWheels2.0/raspberryPI3/install/carla_msgs/share/carla_msgs/environment/ament_prefix_path.dsv
-- Installing: /home/insa/Desktop/VigiWheels2.0/raspberryPI3/install/carla_msgs/share/carla_msgs/environment/path.sh
-- Installing: /home/insa/Desktop/VigiWheels2.0/raspberryPI3/install/carla_msgs/share/carla_msgs/environment/path.dsv
-- Installing: /home/insa/Desktop/VigiWheels2.0/raspberryPI3/install/carla_msgs/share/carla_msgs/local_setup.bash
-- Installing: /home/insa/Desktop/VigiWheels2.0/raspberryPI3/install/carla_msgs/share/carla_msgs/local_setup.sh
-- Installing: /home/insa/Desktop/VigiWheels2.0/raspberryPI3/install/carla_msgs/share/carla_msgs/local_setup.zsh
-- Installing: /home/insa/Desktop/VigiWheels2.0/raspberryPI3/install/carla_msgs/share/carla_msgs/local_setup.dsv
-- Installing: /home/insa/Desktop/VigiWheels2.0/raspberryPI3/install/carla_msgs/share/carla_msgs/package.dsv
-- Installing: /home/insa/Desktop/VigiWheels2.0/raspberryPI3/install/carla_msgs/share/ament_index/resource_index/packages/carla_msgs
-- Installing: /home/insa/Desktop/VigiWheels2.0/raspberryPI3/install/carla_msgs/share/carla_msgs/cmake/export_carla_msgs__rosidl_generator_cExport.cmake
-- Installing: /home/insa/Desktop/VigiWheels2.0/raspberryPI3/install/carla_msgs/share/carla_msgs/cmake/export_carla_msgs__rosidl_generator_cExport-noconfig.cmake
-- Installing: /home/insa/Desktop/VigiWheels2.0/raspberryPI3/install/carla_msgs/share/carla_msgs/cmake/export_carla_msgs__rosidl_typesupport_fastrtps_cExport.cmake
-- Installing: /home/insa/Desktop/VigiWheels2.0/raspberryPI3/install/carla_msgs/share/carla_msgs/cmake/export_carla_msgs__rosidl_typesupport_fastrtps_cExport-noconfig.cmake
-- Installing: /home/insa/Desktop/VigiWheels2.0/raspberryPI3/install/carla_msgs/share/carla_msgs/cmake/export_carla_msgs__rosidl_generator_cppExport.cmake
-- Installing: /home/insa/Desktop/VigiWheels2.0/raspberryPI3/install/carla_msgs/share/carla_msgs/cmake/export_carla_msgs__rosidl_typesupport_fastrtps_cppExport.cmake
-- Installing: /home/insa/Desktop/VigiWheels2.0/raspberryPI3/install/carla_msgs/share/carla_msgs/cmake/export_carla_msgs__rosidl_typesupport_fastrtps_cppExport-noconfig.cmake
-- Installing: /home/insa/Desktop/VigiWheels2.0/raspberryPI3/install/carla_msgs/share/carla_msgs/cmake/carla_msgs__rosidl_typesupport_introspection_cExport.cmake
-- Installing: /home/insa/Desktop/VigiWheels2.0/raspberryPI3/install/carla_msgs/share/carla_msgs/cmake/carla_msgs__rosidl_typesupport_introspection_cExport-noconfig.cmake
-- Installing: /home/insa/Desktop/VigiWheels2.0/raspberryPI3/install/carla_msgs/share/carla_msgs/cmake/carla_msgs__rosidl_typesupport_cExport.cmake
-- Installing: /home/insa/Desktop/VigiWheels2.0/raspberryPI3/install/carla_msgs/share/carla_msgs/cmake/carla_msgs__rosidl_typesupport_cExport-noconfig.cmake
-- Installing: /home/insa/Desktop/VigiWheels2.0/raspberryPI3/install/carla_msgs/share/carla_msgs/cmake/carla_msgs__rosidl_typesupport_introspection_cppExport.cmake
-- Installing: /home/insa/Desktop/VigiWheels2.0/raspberryPI3/install/carla_msgs/share/carla_msgs/cmake/carla_msgs__rosidl_typesupport_introspection_cppExport-noconfig.cmake
-- Installing: /home/insa/Desktop/VigiWheels2.0/raspberryPI3/install/carla_msgs/share/carla_msgs/cmake/carla_msgs__rosidl_typesupport_cppExport.cmake
-- Installing: /home/insa/Desktop/VigiWheels2.0/raspberryPI3/install/carla_msgs/share/carla_msgs/cmake/carla_msgs__rosidl_typesupport_cppExport-noconfig.cmake
-- Installing: /home/insa/Desktop/VigiWheels2.0/raspberryPI3/install/carla_msgs/share/carla_msgs/cmake/export_carla_msgs__rosidl_generator_pyExport.cmake
-- Installing: /home/insa/Desktop/VigiWheels2.0/raspberryPI3/install/carla_msgs/share/carla_msgs/cmake/export_carla_msgs__rosidl_generator_pyExport-noconfig.cmake
-- Installing: /home/insa/Desktop/VigiWheels2.0/raspberryPI3/install/carla_msgs/share/carla_msgs/cmake/rosidl_cmake-extras.cmake
-- Installing: /home/insa/Desktop/VigiWheels2.0/raspberryPI3/install/carla_msgs/share/carla_msgs/cmake/ament_cmake_export_dependencies-extras.cmake
-- Installing: /home/insa/Desktop/VigiWheels2.0/raspberryPI3/install/carla_msgs/share/carla_msgs/cmake/ament_cmake_export_include_directories-extras.cmake
-- Installing: /home/insa/Desktop/VigiWheels2.0/raspberryPI3/install/carla_msgs/share/carla_msgs/cmake/ament_cmake_export_libraries-extras.cmake
-- Installing: /home/insa/Desktop/VigiWheels2.0/raspberryPI3/install/carla_msgs/share/carla_msgs/cmake/ament_cmake_export_targets-extras.cmake
-- Installing: /home/insa/Desktop/VigiWheels2.0/raspberryPI3/install/carla_msgs/share/carla_msgs/cmake/rosidl_cmake_export_typesupport_targets-extras.cmake
-- Installing: /home/insa/Desktop/VigiWheels2.0/raspberryPI3/install/carla_msgs/share/carla_msgs/cmake/rosidl_cmake_export_typesupport_libraries-extras.cmake
-- Installing: /home/insa/Desktop/VigiWheels2.0/raspberryPI3/install/carla_msgs/share/carla_msgs/cmake/carla_msgsConfig.cmake
-- Installing: /home/insa/Desktop/VigiWheels2.0/raspberryPI3/install/carla_msgs/share/carla_msgs/cmake/carla_msgsConfig-version.cmake
-- Installing: /home/insa/Desktop/VigiWheels2.0/raspberryPI3/install/carla_msgs/share/carla_msgs/package.xml
