[0.168s] Invoking command in '/home/insa/Desktop/VigiWheels2.0/raspberryPI3/build/carla_msgs': CMAKE_PREFIX_PATH=${CMAKE_PREFIX_PATH}:/opt/ros/humble /usr/bin/cmake /home/insa/Desktop/VigiWheels2.0/raspberryPI3/ros2_ws/src/carla_msgs -DCMAKE_INSTALL_PREFIX=/home/insa/Desktop/VigiWheels2.0/raspberryPI3/install/carla_msgs
[0.254s] -- The C compiler identification is GNU 11.4.0
[0.356s] -- The CXX compiler identification is GNU 11.4.0
[0.362s] -- Detecting C compiler ABI info
[0.416s] -- Detecting C compiler ABI info - done
[0.422s] -- Check for working C compiler: /usr/bin/cc - skipped
[0.422s] -- Detecting C compile features
[0.422s] -- Detecting C compile features - done
[0.424s] -- Detecting CXX compiler ABI info
[0.496s] -- Detecting CXX compiler ABI info - done
[0.505s] -- Check for working CXX compiler: /usr/bin/c++ - skipped
[0.506s] -- Detecting CXX compile features
[0.506s] -- Detecting CXX compile features - done
[0.511s] -- Found ament_cmake: 1.3.5 (/opt/ros/humble/share/ament_cmake/cmake)
[0.663s] -- Found Python3: /usr/bin/python3.10 (found version "3.10.12") found components: Interpreter 
[0.803s] -- Found rclcpp: 16.0.6 (/opt/ros/humble/share/rclcpp/cmake)
[0.877s] -- Found rosidl_generator_c: 3.1.5 (/opt/ros/humble/share/rosidl_generator_c/cmake)
[0.888s] -- Found rosidl_adapter: 3.1.5 (/opt/ros/humble/share/rosidl_adapter/cmake)
[0.903s] -- Found rosidl_generator_cpp: 3.1.5 (/opt/ros/humble/share/rosidl_generator_cpp/cmake)
[0.926s] -- Using all available rosidl_typesupport_c: rosidl_typesupport_fastrtps_c;rosidl_typesupport_introspection_c
[0.958s] -- Using all available rosidl_typesupport_cpp: rosidl_typesupport_fastrtps_cpp;rosidl_typesupport_introspection_cpp
[1.069s] -- Found rmw_implementation_cmake: 6.1.1 (/opt/ros/humble/share/rmw_implementation_cmake/cmake)
[1.076s] -- Found rmw_fastrtps_cpp: 6.2.4 (/opt/ros/humble/share/rmw_fastrtps_cpp/cmake)
[1.193s] -- Found OpenSSL: /usr/lib/x86_64-linux-gnu/libcrypto.so (found version "3.0.2")  
[1.229s] -- Found FastRTPS: /opt/ros/humble/include  
[1.280s] -- Using RMW implementation 'rmw_fastrtps_cpp' as default
[1.292s] -- Looking for pthread.h
[1.355s] -- Looking for pthread.h - found
[1.355s] -- Performing Test CMAKE_HAVE_LIBC_PTHREAD
[1.416s] -- Performing Test CMAKE_HAVE_LIBC_PTHREAD - Success
[1.417s] -- Found Threads: TRUE  
[1.581s] -- Found rosidl_default_generators: 1.2.0 (/opt/ros/humble/share/rosidl_default_generators/cmake)
[1.804s] -- Found ament_cmake_ros: 0.10.0 (/opt/ros/humble/share/ament_cmake_ros/cmake)
[2.162s] -- Using all available rosidl_typesupport_c: rosidl_typesupport_fastrtps_c;rosidl_typesupport_introspection_c
[2.331s] -- Using all available rosidl_typesupport_cpp: rosidl_typesupport_fastrtps_cpp;rosidl_typesupport_introspection_cpp
[2.361s] -- Found PythonInterp: /usr/bin/python3 (found suitable version "3.10.12", minimum required is "3.6") 
[2.366s] -- Found python_cmake_module: 0.10.0 (/opt/ros/humble/share/python_cmake_module/cmake)
[2.398s] -- Found PythonLibs: /usr/lib/x86_64-linux-gnu/libpython3.10.so (found suitable version "3.10.12", minimum required is "3.5") 
[2.398s] -- Using PYTHON_EXECUTABLE: /usr/bin/python3
[2.398s] -- Using PYTHON_INCLUDE_DIRS: /usr/include/python3.10
[2.398s] -- Using PYTHON_LIBRARIES: /usr/lib/x86_64-linux-gnu/libpython3.10.so
[2.426s] -- Found PythonExtra: .so  
[2.531s] -- Found ament_lint_auto: 0.12.8 (/opt/ros/humble/share/ament_lint_auto/cmake)
[2.634s] -- Added test 'lint_cmake' to check CMake code style
[2.640s] -- Added test 'xmllint' to check XML markup files
[2.645s] -- Configuring done
[2.691s] -- Generating done
[2.695s] -- Build files have been written to: /home/insa/Desktop/VigiWheels2.0/raspberryPI3/build/carla_msgs
[2.722s] Invoked command in '/home/insa/Desktop/VigiWheels2.0/raspberryPI3/build/carla_msgs' returned '0': CMAKE_PREFIX_PATH=${CMAKE_PREFIX_PATH}:/opt/ros/humble /usr/bin/cmake /home/insa/Desktop/VigiWheels2.0/raspberryPI3/ros2_ws/src/carla_msgs -DCMAKE_INSTALL_PREFIX=/home/insa/Desktop/VigiWheels2.0/raspberryPI3/install/carla_msgs
[2.723s] Invoking command in '/home/insa/Desktop/VigiWheels2.0/raspberryPI3/build/carla_msgs': CMAKE_PREFIX_PATH=${CMAKE_PREFIX_PATH}:/opt/ros/humble /usr/bin/cmake --build /home/insa/Desktop/VigiWheels2.0/raspberryPI3/build/carla_msgs -- -j8 -l8
[2.845s] [  3%] [34m[1mGenerating C code for ROS interfaces[0m
[2.981s] [  6%] [34m[1mGenerating C++ code for ROS interfaces[0m
[3.023s] [  6%] Built target ament_cmake_python_copy_carla_msgs
[3.567s] running egg_info
[3.568s] creating carla_msgs.egg-info
[3.568s] writing carla_msgs.egg-info/PKG-INFO
[3.568s] writing dependency_links to carla_msgs.egg-info/dependency_links.txt
[3.568s] writing top-level names to carla_msgs.egg-info/top_level.txt
[3.571s] writing manifest file 'carla_msgs.egg-info/SOURCES.txt'
[3.574s] reading manifest file 'carla_msgs.egg-info/SOURCES.txt'
[3.575s] writing manifest file 'carla_msgs.egg-info/SOURCES.txt'
[3.616s] [  6%] Built target ament_cmake_python_build_carla_msgs_egg
[3.672s] [  6%] Built target carla_msgs__cpp
[3.681s] [  9%] [32mBuilding C object CMakeFiles/carla_msgs__rosidl_generator_c.dir/rosidl_generator_c/carla_msgs/msg/detail/carla_ego_vehicle_control__functions.c.o[0m
[3.708s] [ 12%] [34m[1mGenerating C++ type support dispatch for ROS interfaces[0m
[3.740s] [ 16%] [34m[1mGenerating C++ type support for eProsima Fast-RTPS[0m
[3.740s] [ 19%] [34m[1mGenerating C++ introspection for ROS interfaces[0m
[3.820s] [ 22%] [32m[1mLinking C shared library libcarla_msgs__rosidl_generator_c.so[0m
[4.012s] [ 22%] Built target carla_msgs__rosidl_generator_c
[4.088s] [ 25%] [34m[1mGenerating C type support for eProsima Fast-RTPS[0m
[4.096s] [ 29%] [34m[1mGenerating C introspection for ROS interfaces[0m
[4.116s] [ 32%] [34m[1mGenerating C type support dispatch for ROS interfaces[0m
[4.325s] [ 35%] [32mBuilding CXX object CMakeFiles/carla_msgs__rosidl_typesupport_introspection_cpp.dir/rosidl_typesupport_introspection_cpp/carla_msgs/msg/detail/carla_ego_vehicle_control__type_support.cpp.o[0m
[4.426s] [ 38%] [32mBuilding CXX object CMakeFiles/carla_msgs__rosidl_typesupport_cpp.dir/rosidl_typesupport_cpp/carla_msgs/msg/carla_ego_vehicle_control__type_support.cpp.o[0m
[4.641s] [ 41%] [32mBuilding CXX object CMakeFiles/carla_msgs__rosidl_typesupport_fastrtps_cpp.dir/rosidl_typesupport_fastrtps_cpp/carla_msgs/msg/detail/dds_fastrtps/carla_ego_vehicle_control__type_support.cpp.o[0m
[4.987s] [ 45%] [32mBuilding CXX object CMakeFiles/carla_msgs__rosidl_typesupport_c.dir/rosidl_typesupport_c/carla_msgs/msg/carla_ego_vehicle_control__type_support.cpp.o[0m
[5.004s] [ 48%] [32mBuilding CXX object CMakeFiles/carla_msgs__rosidl_typesupport_fastrtps_c.dir/rosidl_typesupport_fastrtps_c/carla_msgs/msg/detail/carla_ego_vehicle_control__type_support_c.cpp.o[0m
[5.108s] [ 51%] [32m[1mLinking CXX shared library libcarla_msgs__rosidl_typesupport_cpp.so[0m
[5.120s] [ 54%] [32m[1mLinking CXX shared library libcarla_msgs__rosidl_typesupport_c.so[0m
[5.133s] [ 58%] [32mBuilding C object CMakeFiles/carla_msgs__rosidl_typesupport_introspection_c.dir/rosidl_typesupport_introspection_c/carla_msgs/msg/detail/carla_ego_vehicle_control__type_support.c.o[0m
[5.250s] [ 61%] [32m[1mLinking CXX shared library libcarla_msgs__rosidl_typesupport_introspection_cpp.so[0m
[5.250s] [ 61%] Built target carla_msgs__rosidl_typesupport_cpp
[5.279s] [ 61%] Built target carla_msgs__rosidl_typesupport_c
[5.281s] [ 64%] [32m[1mLinking C shared library libcarla_msgs__rosidl_typesupport_introspection_c.so[0m
[5.389s] [ 67%] [32m[1mLinking CXX shared library libcarla_msgs__rosidl_typesupport_fastrtps_cpp.so[0m
[5.442s] [ 67%] Built target carla_msgs__rosidl_typesupport_introspection_c
[5.537s] [ 67%] Built target carla_msgs__rosidl_typesupport_introspection_cpp
[5.721s] [ 67%] Built target carla_msgs__rosidl_typesupport_fastrtps_cpp
[5.928s] [ 70%] [32m[1mLinking CXX shared library libcarla_msgs__rosidl_typesupport_fastrtps_c.so[0m
[6.321s] [ 70%] Built target carla_msgs__rosidl_typesupport_fastrtps_c
[6.452s] [ 70%] Built target carla_msgs
[6.555s] [ 74%] [34m[1mGenerating Python code for ROS interfaces[0m
[8.389s] [ 74%] Built target carla_msgs__py
[8.512s] [ 77%] [32mBuilding C object CMakeFiles/carla_msgs__rosidl_generator_py.dir/rosidl_generator_py/carla_msgs/msg/_carla_ego_vehicle_control_s.c.o[0m
[8.943s] [ 80%] [32m[1mLinking C shared library rosidl_generator_py/carla_msgs/libcarla_msgs__rosidl_generator_py.so[0m
[9.188s] [ 80%] Built target carla_msgs__rosidl_generator_py
[9.341s] [ 83%] [32mBuilding C object CMakeFiles/carla_msgs__rosidl_typesupport_fastrtps_c__pyext.dir/rosidl_generator_py/carla_msgs/_carla_msgs_s.ep.rosidl_typesupport_fastrtps_c.c.o[0m
[9.385s] [ 87%] [32mBuilding C object CMakeFiles/carla_msgs__rosidl_typesupport_c__pyext.dir/rosidl_generator_py/carla_msgs/_carla_msgs_s.ep.rosidl_typesupport_c.c.o[0m
[9.412s] [ 90%] [32mBuilding C object CMakeFiles/carla_msgs__rosidl_typesupport_introspection_c__pyext.dir/rosidl_generator_py/carla_msgs/_carla_msgs_s.ep.rosidl_typesupport_introspection_c.c.o[0m
[9.718s] [ 93%] [32m[1mLinking C shared library rosidl_generator_py/carla_msgs/carla_msgs_s__rosidl_typesupport_fastrtps_c.cpython-310-x86_64-linux-gnu.so[0m
[9.770s] [ 96%] [32m[1mLinking C shared library rosidl_generator_py/carla_msgs/carla_msgs_s__rosidl_typesupport_introspection_c.cpython-310-x86_64-linux-gnu.so[0m
[9.805s] [100%] [32m[1mLinking C shared library rosidl_generator_py/carla_msgs/carla_msgs_s__rosidl_typesupport_c.cpython-310-x86_64-linux-gnu.so[0m
[9.922s] [100%] Built target carla_msgs__rosidl_typesupport_fastrtps_c__pyext
[9.929s] [100%] Built target carla_msgs__rosidl_typesupport_introspection_c__pyext
[9.960s] [100%] Built target carla_msgs__rosidl_typesupport_c__pyext
[9.999s] Invoked command in '/home/insa/Desktop/VigiWheels2.0/raspberryPI3/build/carla_msgs' returned '0': CMAKE_PREFIX_PATH=${CMAKE_PREFIX_PATH}:/opt/ros/humble /usr/bin/cmake --build /home/insa/Desktop/VigiWheels2.0/raspberryPI3/build/carla_msgs -- -j8 -l8
[11.331s] Invoking command in '/home/insa/Desktop/VigiWheels2.0/raspberryPI3/build/carla_msgs': CMAKE_PREFIX_PATH=${CMAKE_PREFIX_PATH}:/opt/ros/humble /usr/bin/cmake --install /home/insa/Desktop/VigiWheels2.0/raspberryPI3/build/carla_msgs
[11.374s] -- Install configuration: ""
[11.374s] -- Installing: /home/insa/Desktop/VigiWheels2.0/raspberryPI3/install/carla_msgs/share/ament_index/resource_index/rosidl_interfaces/carla_msgs
[11.374s] -- Installing: /home/insa/Desktop/VigiWheels2.0/raspberryPI3/install/carla_msgs/include/carla_msgs/carla_msgs
[11.374s] -- Installing: /home/insa/Desktop/VigiWheels2.0/raspberryPI3/install/carla_msgs/include/carla_msgs/carla_msgs/msg
[11.374s] -- Installing: /home/insa/Desktop/VigiWheels2.0/raspberryPI3/install/carla_msgs/include/carla_msgs/carla_msgs/msg/rosidl_generator_c__visibility_control.h
[11.374s] -- Installing: /home/insa/Desktop/VigiWheels2.0/raspberryPI3/install/carla_msgs/include/carla_msgs/carla_msgs/msg/detail
[11.374s] -- Installing: /home/insa/Desktop/VigiWheels2.0/raspberryPI3/install/carla_msgs/include/carla_msgs/carla_msgs/msg/detail/carla_ego_vehicle_control__struct.h
[11.374s] -- Installing: /home/insa/Desktop/VigiWheels2.0/raspberryPI3/install/carla_msgs/include/carla_msgs/carla_msgs/msg/detail/carla_ego_vehicle_control__functions.c
[11.374s] -- Installing: /home/insa/Desktop/VigiWheels2.0/raspberryPI3/install/carla_msgs/include/carla_msgs/carla_msgs/msg/detail/carla_ego_vehicle_control__functions.h
[11.374s] -- Installing: /home/insa/Desktop/VigiWheels2.0/raspberryPI3/install/carla_msgs/include/carla_msgs/carla_msgs/msg/detail/carla_ego_vehicle_control__type_support.h
[11.375s] -- Installing: /home/insa/Desktop/VigiWheels2.0/raspberryPI3/install/carla_msgs/include/carla_msgs/carla_msgs/msg/carla_ego_vehicle_control.h
[11.375s] -- Installing: /home/insa/Desktop/VigiWheels2.0/raspberryPI3/install/carla_msgs/share/carla_msgs/environment/library_path.sh
[11.375s] -- Installing: /home/insa/Desktop/VigiWheels2.0/raspberryPI3/install/carla_msgs/share/carla_msgs/environment/library_path.dsv
[11.375s] -- Installing: /home/insa/Desktop/VigiWheels2.0/raspberryPI3/install/carla_msgs/lib/libcarla_msgs__rosidl_generator_c.so
[11.375s] -- Set runtime path of "/home/insa/Desktop/VigiWheels2.0/raspberryPI3/install/carla_msgs/lib/libcarla_msgs__rosidl_generator_c.so" to ""
[11.375s] -- Up-to-date: /home/insa/Desktop/VigiWheels2.0/raspberryPI3/install/carla_msgs/include/carla_msgs/carla_msgs
[11.376s] -- Up-to-date: /home/insa/Desktop/VigiWheels2.0/raspberryPI3/install/carla_msgs/include/carla_msgs/carla_msgs/msg
[11.376s] -- Up-to-date: /home/insa/Desktop/VigiWheels2.0/raspberryPI3/install/carla_msgs/include/carla_msgs/carla_msgs/msg/detail
[11.376s] -- Installing: /home/insa/Desktop/VigiWheels2.0/raspberryPI3/install/carla_msgs/include/carla_msgs/carla_msgs/msg/detail/carla_ego_vehicle_control__rosidl_typesupport_fastrtps_c.h
[11.376s] -- Installing: /home/insa/Desktop/VigiWheels2.0/raspberryPI3/install/carla_msgs/include/carla_msgs/carla_msgs/msg/rosidl_typesupport_fastrtps_c__visibility_control.h
[11.376s] -- Installing: /home/insa/Desktop/VigiWheels2.0/raspberryPI3/install/carla_msgs/lib/libcarla_msgs__rosidl_typesupport_fastrtps_c.so
[11.376s] -- Set runtime path of "/home/insa/Desktop/VigiWheels2.0/raspberryPI3/install/carla_msgs/lib/libcarla_msgs__rosidl_typesupport_fastrtps_c.so" to ""
[11.376s] -- Up-to-date: /home/insa/Desktop/VigiWheels2.0/raspberryPI3/install/carla_msgs/include/carla_msgs/carla_msgs
[11.376s] -- Up-to-date: /home/insa/Desktop/VigiWheels2.0/raspberryPI3/install/carla_msgs/include/carla_msgs/carla_msgs/msg
[11.376s] -- Up-to-date: /home/insa/Desktop/VigiWheels2.0/raspberryPI3/install/carla_msgs/include/carla_msgs/carla_msgs/msg/detail
[11.376s] -- Installing: /home/insa/Desktop/VigiWheels2.0/raspberryPI3/install/carla_msgs/include/carla_msgs/carla_msgs/msg/detail/carla_ego_vehicle_control__struct.hpp
[11.376s] -- Installing: /home/insa/Desktop/VigiWheels2.0/raspberryPI3/install/carla_msgs/include/carla_msgs/carla_msgs/msg/detail/carla_ego_vehicle_control__traits.hpp
[11.376s] -- Installing: /home/insa/Desktop/VigiWheels2.0/raspberryPI3/install/carla_msgs/include/carla_msgs/carla_msgs/msg/detail/carla_ego_vehicle_control__builder.hpp
[11.376s] -- Installing: /home/insa/Desktop/VigiWheels2.0/raspberryPI3/install/carla_msgs/include/carla_msgs/carla_msgs/msg/carla_ego_vehicle_control.hpp
[11.377s] -- Up-to-date: /home/insa/Desktop/VigiWheels2.0/raspberryPI3/install/carla_msgs/include/carla_msgs/carla_msgs
[11.377s] -- Up-to-date: /home/insa/Desktop/VigiWheels2.0/raspberryPI3/install/carla_msgs/include/carla_msgs/carla_msgs/msg
[11.377s] -- Installing: /home/insa/Desktop/VigiWheels2.0/raspberryPI3/install/carla_msgs/include/carla_msgs/carla_msgs/msg/rosidl_typesupport_fastrtps_cpp__visibility_control.h
[11.377s] -- Up-to-date: /home/insa/Desktop/VigiWheels2.0/raspberryPI3/install/carla_msgs/include/carla_msgs/carla_msgs/msg/detail
[11.377s] -- Installing: /home/insa/Desktop/VigiWheels2.0/raspberryPI3/install/carla_msgs/include/carla_msgs/carla_msgs/msg/detail/carla_ego_vehicle_control__rosidl_typesupport_fastrtps_cpp.hpp
[11.377s] -- Installing: /home/insa/Desktop/VigiWheels2.0/raspberryPI3/install/carla_msgs/include/carla_msgs/carla_msgs/msg/detail/dds_fastrtps
[11.377s] -- Installing: /home/insa/Desktop/VigiWheels2.0/raspberryPI3/install/carla_msgs/lib/libcarla_msgs__rosidl_typesupport_fastrtps_cpp.so
[11.377s] -- Set runtime path of "/home/insa/Desktop/VigiWheels2.0/raspberryPI3/install/carla_msgs/lib/libcarla_msgs__rosidl_typesupport_fastrtps_cpp.so" to ""
[11.377s] -- Up-to-date: /home/insa/Desktop/VigiWheels2.0/raspberryPI3/install/carla_msgs/include/carla_msgs/carla_msgs
[11.377s] -- Up-to-date: /home/insa/Desktop/VigiWheels2.0/raspberryPI3/install/carla_msgs/include/carla_msgs/carla_msgs/msg
[11.379s] -- Installing: /home/insa/Desktop/VigiWheels2.0/raspberryPI3/install/carla_msgs/include/carla_msgs/carla_msgs/msg/rosidl_typesupport_introspection_c__visibility_control.h
[11.379s] -- Up-to-date: /home/insa/Desktop/VigiWheels2.0/raspberryPI3/install/carla_msgs/include/carla_msgs/carla_msgs/msg/detail
[11.379s] -- Installing: /home/insa/Desktop/VigiWheels2.0/raspberryPI3/install/carla_msgs/include/carla_msgs/carla_msgs/msg/detail/carla_ego_vehicle_control__rosidl_typesupport_introspection_c.h
[11.379s] -- Installing: /home/insa/Desktop/VigiWheels2.0/raspberryPI3/install/carla_msgs/include/carla_msgs/carla_msgs/msg/detail/carla_ego_vehicle_control__type_support.c
[11.379s] -- Installing: /home/insa/Desktop/VigiWheels2.0/raspberryPI3/install/carla_msgs/lib/libcarla_msgs__rosidl_typesupport_introspection_c.so
[11.379s] -- Set runtime path of "/home/insa/Desktop/VigiWheels2.0/raspberryPI3/install/carla_msgs/lib/libcarla_msgs__rosidl_typesupport_introspection_c.so" to ""
[11.379s] -- Installing: /home/insa/Desktop/VigiWheels2.0/raspberryPI3/install/carla_msgs/lib/libcarla_msgs__rosidl_typesupport_c.so
[11.379s] -- Set runtime path of "/home/insa/Desktop/VigiWheels2.0/raspberryPI3/install/carla_msgs/lib/libcarla_msgs__rosidl_typesupport_c.so" to ""
[11.379s] -- Up-to-date: /home/insa/Desktop/VigiWheels2.0/raspberryPI3/install/carla_msgs/include/carla_msgs/carla_msgs
[11.379s] -- Up-to-date: /home/insa/Desktop/VigiWheels2.0/raspberryPI3/install/carla_msgs/include/carla_msgs/carla_msgs/msg
[11.379s] -- Up-to-date: /home/insa/Desktop/VigiWheels2.0/raspberryPI3/install/carla_msgs/include/carla_msgs/carla_msgs/msg/detail
[11.379s] -- Installing: /home/insa/Desktop/VigiWheels2.0/raspberryPI3/install/carla_msgs/include/carla_msgs/carla_msgs/msg/detail/carla_ego_vehicle_control__type_support.cpp
[11.379s] -- Installing: /home/insa/Desktop/VigiWheels2.0/raspberryPI3/install/carla_msgs/include/carla_msgs/carla_msgs/msg/detail/carla_ego_vehicle_control__rosidl_typesupport_introspection_cpp.hpp
[11.380s] -- Installing: /home/insa/Desktop/VigiWheels2.0/raspberryPI3/install/carla_msgs/lib/libcarla_msgs__rosidl_typesupport_introspection_cpp.so
[11.380s] -- Set runtime path of "/home/insa/Desktop/VigiWheels2.0/raspberryPI3/install/carla_msgs/lib/libcarla_msgs__rosidl_typesupport_introspection_cpp.so" to ""
[11.380s] -- Installing: /home/insa/Desktop/VigiWheels2.0/raspberryPI3/install/carla_msgs/lib/libcarla_msgs__rosidl_typesupport_cpp.so
[11.380s] -- Set runtime path of "/home/insa/Desktop/VigiWheels2.0/raspberryPI3/install/carla_msgs/lib/libcarla_msgs__rosidl_typesupport_cpp.so" to ""
[11.380s] -- Installing: /home/insa/Desktop/VigiWheels2.0/raspberryPI3/install/carla_msgs/share/carla_msgs/environment/pythonpath.sh
[11.382s] -- Installing: /home/insa/Desktop/VigiWheels2.0/raspberryPI3/install/carla_msgs/share/carla_msgs/environment/pythonpath.dsv
[11.383s] -- Installing: /home/insa/Desktop/VigiWheels2.0/raspberryPI3/install/carla_msgs/local/lib/python3.10/dist-packages/carla_msgs-0.0.0-py3.10.egg-info
[11.383s] -- Installing: /home/insa/Desktop/VigiWheels2.0/raspberryPI3/install/carla_msgs/local/lib/python3.10/dist-packages/carla_msgs-0.0.0-py3.10.egg-info/dependency_links.txt
[11.383s] -- Installing: /home/insa/Desktop/VigiWheels2.0/raspberryPI3/install/carla_msgs/local/lib/python3.10/dist-packages/carla_msgs-0.0.0-py3.10.egg-info/PKG-INFO
[11.383s] -- Installing: /home/insa/Desktop/VigiWheels2.0/raspberryPI3/install/carla_msgs/local/lib/python3.10/dist-packages/carla_msgs-0.0.0-py3.10.egg-info/SOURCES.txt
[11.383s] -- Installing: /home/insa/Desktop/VigiWheels2.0/raspberryPI3/install/carla_msgs/local/lib/python3.10/dist-packages/carla_msgs-0.0.0-py3.10.egg-info/top_level.txt
[11.383s] -- Installing: /home/insa/Desktop/VigiWheels2.0/raspberryPI3/install/carla_msgs/local/lib/python3.10/dist-packages/carla_msgs
[11.383s] -- Installing: /home/insa/Desktop/VigiWheels2.0/raspberryPI3/install/carla_msgs/local/lib/python3.10/dist-packages/carla_msgs/carla_msgs_s__rosidl_typesupport_fastrtps_c.cpython-310-x86_64-linux-gnu.so
[11.383s] -- Installing: /home/insa/Desktop/VigiWheels2.0/raspberryPI3/install/carla_msgs/local/lib/python3.10/dist-packages/carla_msgs/libcarla_msgs__rosidl_generator_py.so
[11.383s] -- Installing: /home/insa/Desktop/VigiWheels2.0/raspberryPI3/install/carla_msgs/local/lib/python3.10/dist-packages/carla_msgs/__init__.py
[11.383s] -- Installing: /home/insa/Desktop/VigiWheels2.0/raspberryPI3/install/carla_msgs/local/lib/python3.10/dist-packages/carla_msgs/_carla_msgs_s.ep.rosidl_typesupport_introspection_c.c
[11.383s] -- Installing: /home/insa/Desktop/VigiWheels2.0/raspberryPI3/install/carla_msgs/local/lib/python3.10/dist-packages/carla_msgs/carla_msgs_s__rosidl_typesupport_introspection_c.cpython-310-x86_64-linux-gnu.so
[11.383s] -- Installing: /home/insa/Desktop/VigiWheels2.0/raspberryPI3/install/carla_msgs/local/lib/python3.10/dist-packages/carla_msgs/_carla_msgs_s.ep.rosidl_typesupport_fastrtps_c.c
[11.384s] -- Installing: /home/insa/Desktop/VigiWheels2.0/raspberryPI3/install/carla_msgs/local/lib/python3.10/dist-packages/carla_msgs/msg
[11.384s] -- Installing: /home/insa/Desktop/VigiWheels2.0/raspberryPI3/install/carla_msgs/local/lib/python3.10/dist-packages/carla_msgs/msg/_carla_ego_vehicle_control_s.c
[11.384s] -- Installing: /home/insa/Desktop/VigiWheels2.0/raspberryPI3/install/carla_msgs/local/lib/python3.10/dist-packages/carla_msgs/msg/__init__.py
[11.384s] -- Installing: /home/insa/Desktop/VigiWheels2.0/raspberryPI3/install/carla_msgs/local/lib/python3.10/dist-packages/carla_msgs/msg/_carla_ego_vehicle_control.py
[11.388s] -- Installing: /home/insa/Desktop/VigiWheels2.0/raspberryPI3/install/carla_msgs/local/lib/python3.10/dist-packages/carla_msgs/_carla_msgs_s.ep.rosidl_typesupport_c.c
[11.388s] -- Installing: /home/insa/Desktop/VigiWheels2.0/raspberryPI3/install/carla_msgs/local/lib/python3.10/dist-packages/carla_msgs/carla_msgs_s__rosidl_typesupport_c.cpython-310-x86_64-linux-gnu.so
[11.483s] Listing '/home/insa/Desktop/VigiWheels2.0/raspberryPI3/install/carla_msgs/local/lib/python3.10/dist-packages/carla_msgs'...
[11.483s] Compiling '/home/insa/Desktop/VigiWheels2.0/raspberryPI3/install/carla_msgs/local/lib/python3.10/dist-packages/carla_msgs/__init__.py'...
[11.483s] Listing '/home/insa/Desktop/VigiWheels2.0/raspberryPI3/install/carla_msgs/local/lib/python3.10/dist-packages/carla_msgs/msg'...
[11.483s] Compiling '/home/insa/Desktop/VigiWheels2.0/raspberryPI3/install/carla_msgs/local/lib/python3.10/dist-packages/carla_msgs/msg/__init__.py'...
[11.483s] Compiling '/home/insa/Desktop/VigiWheels2.0/raspberryPI3/install/carla_msgs/local/lib/python3.10/dist-packages/carla_msgs/msg/_carla_ego_vehicle_control.py'...
[11.490s] -- Installing: /home/insa/Desktop/VigiWheels2.0/raspberryPI3/install/carla_msgs/local/lib/python3.10/dist-packages/carla_msgs/carla_msgs_s__rosidl_typesupport_fastrtps_c.cpython-310-x86_64-linux-gnu.so
[11.490s] -- Set runtime path of "/home/insa/Desktop/VigiWheels2.0/raspberryPI3/install/carla_msgs/local/lib/python3.10/dist-packages/carla_msgs/carla_msgs_s__rosidl_typesupport_fastrtps_c.cpython-310-x86_64-linux-gnu.so" to ""
[11.491s] -- Installing: /home/insa/Desktop/VigiWheels2.0/raspberryPI3/install/carla_msgs/local/lib/python3.10/dist-packages/carla_msgs/carla_msgs_s__rosidl_typesupport_introspection_c.cpython-310-x86_64-linux-gnu.so
[11.491s] -- Set runtime path of "/home/insa/Desktop/VigiWheels2.0/raspberryPI3/install/carla_msgs/local/lib/python3.10/dist-packages/carla_msgs/carla_msgs_s__rosidl_typesupport_introspection_c.cpython-310-x86_64-linux-gnu.so" to ""
[11.491s] -- Installing: /home/insa/Desktop/VigiWheels2.0/raspberryPI3/install/carla_msgs/local/lib/python3.10/dist-packages/carla_msgs/carla_msgs_s__rosidl_typesupport_c.cpython-310-x86_64-linux-gnu.so
[11.491s] -- Set runtime path of "/home/insa/Desktop/VigiWheels2.0/raspberryPI3/install/carla_msgs/local/lib/python3.10/dist-packages/carla_msgs/carla_msgs_s__rosidl_typesupport_c.cpython-310-x86_64-linux-gnu.so" to ""
[11.491s] -- Installing: /home/insa/Desktop/VigiWheels2.0/raspberryPI3/install/carla_msgs/lib/libcarla_msgs__rosidl_generator_py.so
[11.491s] -- Set runtime path of "/home/insa/Desktop/VigiWheels2.0/raspberryPI3/install/carla_msgs/lib/libcarla_msgs__rosidl_generator_py.so" to ""
[11.491s] -- Installing: /home/insa/Desktop/VigiWheels2.0/raspberryPI3/install/carla_msgs/share/carla_msgs/msg/CarlaEgoVehicleControl.idl
[11.491s] -- Installing: /home/insa/Desktop/VigiWheels2.0/raspberryPI3/install/carla_msgs/share/carla_msgs/msg/CarlaEgoVehicleControl.msg
[11.491s] -- Installing: /home/insa/Desktop/VigiWheels2.0/raspberryPI3/install/carla_msgs/share/ament_index/resource_index/package_run_dependencies/carla_msgs
[11.491s] -- Installing: /home/insa/Desktop/VigiWheels2.0/raspberryPI3/install/carla_msgs/share/ament_index/resource_index/parent_prefix_path/carla_msgs
[11.491s] -- Installing: /home/insa/Desktop/VigiWheels2.0/raspberryPI3/install/carla_msgs/share/carla_msgs/environment/ament_prefix_path.sh
[11.492s] -- Installing: /home/insa/Desktop/VigiWheels2.0/raspberryPI3/install/carla_msgs/share/carla_msgs/environment/ament_prefix_path.dsv
[11.492s] -- Installing: /home/insa/Desktop/VigiWheels2.0/raspberryPI3/install/carla_msgs/share/carla_msgs/environment/path.sh
[11.492s] -- Installing: /home/insa/Desktop/VigiWheels2.0/raspberryPI3/install/carla_msgs/share/carla_msgs/environment/path.dsv
[11.492s] -- Installing: /home/insa/Desktop/VigiWheels2.0/raspberryPI3/install/carla_msgs/share/carla_msgs/local_setup.bash
[11.492s] -- Installing: /home/insa/Desktop/VigiWheels2.0/raspberryPI3/install/carla_msgs/share/carla_msgs/local_setup.sh
[11.492s] -- Installing: /home/insa/Desktop/VigiWheels2.0/raspberryPI3/install/carla_msgs/share/carla_msgs/local_setup.zsh
[11.492s] -- Installing: /home/insa/Desktop/VigiWheels2.0/raspberryPI3/install/carla_msgs/share/carla_msgs/local_setup.dsv
[11.492s] -- Installing: /home/insa/Desktop/VigiWheels2.0/raspberryPI3/install/carla_msgs/share/carla_msgs/package.dsv
[11.492s] -- Installing: /home/insa/Desktop/VigiWheels2.0/raspberryPI3/install/carla_msgs/share/ament_index/resource_index/packages/carla_msgs
[11.493s] -- Installing: /home/insa/Desktop/VigiWheels2.0/raspberryPI3/install/carla_msgs/share/carla_msgs/cmake/export_carla_msgs__rosidl_generator_cExport.cmake
[11.493s] -- Installing: /home/insa/Desktop/VigiWheels2.0/raspberryPI3/install/carla_msgs/share/carla_msgs/cmake/export_carla_msgs__rosidl_generator_cExport-noconfig.cmake
[11.493s] -- Installing: /home/insa/Desktop/VigiWheels2.0/raspberryPI3/install/carla_msgs/share/carla_msgs/cmake/export_carla_msgs__rosidl_typesupport_fastrtps_cExport.cmake
[11.493s] -- Installing: /home/insa/Desktop/VigiWheels2.0/raspberryPI3/install/carla_msgs/share/carla_msgs/cmake/export_carla_msgs__rosidl_typesupport_fastrtps_cExport-noconfig.cmake
[11.493s] -- Installing: /home/insa/Desktop/VigiWheels2.0/raspberryPI3/install/carla_msgs/share/carla_msgs/cmake/export_carla_msgs__rosidl_generator_cppExport.cmake
[11.493s] -- Installing: /home/insa/Desktop/VigiWheels2.0/raspberryPI3/install/carla_msgs/share/carla_msgs/cmake/export_carla_msgs__rosidl_typesupport_fastrtps_cppExport.cmake
[11.493s] -- Installing: /home/insa/Desktop/VigiWheels2.0/raspberryPI3/install/carla_msgs/share/carla_msgs/cmake/export_carla_msgs__rosidl_typesupport_fastrtps_cppExport-noconfig.cmake
[11.493s] -- Installing: /home/insa/Desktop/VigiWheels2.0/raspberryPI3/install/carla_msgs/share/carla_msgs/cmake/carla_msgs__rosidl_typesupport_introspection_cExport.cmake
[11.494s] -- Installing: /home/insa/Desktop/VigiWheels2.0/raspberryPI3/install/carla_msgs/share/carla_msgs/cmake/carla_msgs__rosidl_typesupport_introspection_cExport-noconfig.cmake
[11.494s] -- Installing: /home/insa/Desktop/VigiWheels2.0/raspberryPI3/install/carla_msgs/share/carla_msgs/cmake/carla_msgs__rosidl_typesupport_cExport.cmake
[11.494s] -- Installing: /home/insa/Desktop/VigiWheels2.0/raspberryPI3/install/carla_msgs/share/carla_msgs/cmake/carla_msgs__rosidl_typesupport_cExport-noconfig.cmake
[11.494s] -- Installing: /home/insa/Desktop/VigiWheels2.0/raspberryPI3/install/carla_msgs/share/carla_msgs/cmake/carla_msgs__rosidl_typesupport_introspection_cppExport.cmake
[11.495s] -- Installing: /home/insa/Desktop/VigiWheels2.0/raspberryPI3/install/carla_msgs/share/carla_msgs/cmake/carla_msgs__rosidl_typesupport_introspection_cppExport-noconfig.cmake
[11.495s] -- Installing: /home/insa/Desktop/VigiWheels2.0/raspberryPI3/install/carla_msgs/share/carla_msgs/cmake/carla_msgs__rosidl_typesupport_cppExport.cmake
[11.495s] -- Installing: /home/insa/Desktop/VigiWheels2.0/raspberryPI3/install/carla_msgs/share/carla_msgs/cmake/carla_msgs__rosidl_typesupport_cppExport-noconfig.cmake
[11.495s] -- Installing: /home/insa/Desktop/VigiWheels2.0/raspberryPI3/install/carla_msgs/share/carla_msgs/cmake/export_carla_msgs__rosidl_generator_pyExport.cmake
[11.496s] -- Installing: /home/insa/Desktop/VigiWheels2.0/raspberryPI3/install/carla_msgs/share/carla_msgs/cmake/export_carla_msgs__rosidl_generator_pyExport-noconfig.cmake
[11.496s] -- Installing: /home/insa/Desktop/VigiWheels2.0/raspberryPI3/install/carla_msgs/share/carla_msgs/cmake/rosidl_cmake-extras.cmake
[11.496s] -- Installing: /home/insa/Desktop/VigiWheels2.0/raspberryPI3/install/carla_msgs/share/carla_msgs/cmake/ament_cmake_export_dependencies-extras.cmake
[11.497s] -- Installing: /home/insa/Desktop/VigiWheels2.0/raspberryPI3/install/carla_msgs/share/carla_msgs/cmake/ament_cmake_export_include_directories-extras.cmake
[11.497s] -- Installing: /home/insa/Desktop/VigiWheels2.0/raspberryPI3/install/carla_msgs/share/carla_msgs/cmake/ament_cmake_export_libraries-extras.cmake
[11.497s] -- Installing: /home/insa/Desktop/VigiWheels2.0/raspberryPI3/install/carla_msgs/share/carla_msgs/cmake/ament_cmake_export_targets-extras.cmake
[11.497s] -- Installing: /home/insa/Desktop/VigiWheels2.0/raspberryPI3/install/carla_msgs/share/carla_msgs/cmake/rosidl_cmake_export_typesupport_targets-extras.cmake
[11.498s] -- Installing: /home/insa/Desktop/VigiWheels2.0/raspberryPI3/install/carla_msgs/share/carla_msgs/cmake/rosidl_cmake_export_typesupport_libraries-extras.cmake
[11.498s] -- Installing: /home/insa/Desktop/VigiWheels2.0/raspberryPI3/install/carla_msgs/share/carla_msgs/cmake/carla_msgsConfig.cmake
[11.498s] -- Installing: /home/insa/Desktop/VigiWheels2.0/raspberryPI3/install/carla_msgs/share/carla_msgs/cmake/carla_msgsConfig-version.cmake
[11.498s] -- Installing: /home/insa/Desktop/VigiWheels2.0/raspberryPI3/install/carla_msgs/share/carla_msgs/package.xml
[11.508s] Invoked command in '/home/insa/Desktop/VigiWheels2.0/raspberryPI3/build/carla_msgs' returned '0': CMAKE_PREFIX_PATH=${CMAKE_PREFIX_PATH}:/opt/ros/humble /usr/bin/cmake --install /home/insa/Desktop/VigiWheels2.0/raspberryPI3/build/carla_msgs
