[35m[1mConsolidate compiler generated dependencies of target can_rx_node[0m
[35m[1mConsolidate compiler generated dependencies of target can_tx_node[0m
[ 50%] Built target can_rx_node
[100%] Built target can_tx_node
-- Install configuration: ""
-- Installing: /home/insa/Desktop/VigiWheels2.0/raspberryPI3/install/can/lib/can/can_rx_node
-- Set runtime path of "/home/insa/Desktop/VigiWheels2.0/raspberryPI3/install/can/lib/can/can_rx_node" to ""
-- Installing: /home/insa/Desktop/VigiWheels2.0/raspberryPI3/install/can/lib/can/can_tx_node
-- Set runtime path of "/home/insa/Desktop/VigiWheels2.0/raspberryPI3/install/can/lib/can/can_tx_node" to ""
-- Installing: /home/insa/Desktop/VigiWheels2.0/raspberryPI3/install/can/share/ament_index/resource_index/package_run_dependencies/can
-- Installing: /home/insa/Desktop/VigiWheels2.0/raspberryPI3/install/can/share/ament_index/resource_index/parent_prefix_path/can
-- Installing: /home/insa/Desktop/VigiWheels2.0/raspberryPI3/install/can/share/can/environment/ament_prefix_path.sh
-- Installing: /home/insa/Desktop/VigiWheels2.0/raspberryPI3/install/can/share/can/environment/ament_prefix_path.dsv
-- Installing: /home/insa/Desktop/VigiWheels2.0/raspberryPI3/install/can/share/can/environment/path.sh
-- Installing: /home/insa/Desktop/VigiWheels2.0/raspberryPI3/install/can/share/can/environment/path.dsv
-- Installing: /home/insa/Desktop/VigiWheels2.0/raspberryPI3/install/can/share/can/local_setup.bash
-- Installing: /home/insa/Desktop/VigiWheels2.0/raspberryPI3/install/can/share/can/local_setup.sh
-- Installing: /home/insa/Desktop/VigiWheels2.0/raspberryPI3/install/can/share/can/local_setup.zsh
-- Installing: /home/insa/Desktop/VigiWheels2.0/raspberryPI3/install/can/share/can/local_setup.dsv
-- Installing: /home/insa/Desktop/VigiWheels2.0/raspberryPI3/install/can/share/can/package.dsv
-- Installing: /home/insa/Desktop/VigiWheels2.0/raspberryPI3/install/can/share/ament_index/resource_index/packages/can
-- Installing: /home/insa/Desktop/VigiWheels2.0/raspberryPI3/install/can/share/can/cmake/canConfig.cmake
-- Installing: /home/insa/Desktop/VigiWheels2.0/raspberryPI3/install/can/share/can/cmake/canConfig-version.cmake
-- Installing: /home/insa/Desktop/VigiWheels2.0/raspberryPI3/install/can/share/can/package.xml
