2023-12-03 08:58:37,646 [INFO] Activator:176 - 


2023-12-03 08:58:37,651 [INFO] Activator:177 - !SESSION log4j initialized
2023-12-03 08:58:40,794 [INFO] LogOutputStream:77 - [STDOUT_REDIRECT] 
2023-12-03 08:58:41,284 [INFO] ApplicationProperties:184 - Using Application install path: /opt/st/stm32cubeide_1.14.0/plugins/com.st.stm32cube.common.mx_6.10.0.202311202037
2023-12-03 08:58:41,294 [INFO] DbMcusXml:78 - Set database path to: /opt/st/stm32cubeide_1.14.0/plugins/com.st.stm32cube.common.mx_6.10.0.202311202037//db//mcu/
2023-12-03 08:58:41,295 [INFO] ApiDb:274 - Set plugin database path to: /opt/st/stm32cubeide_1.14.0/plugins/com.st.stm32cube.common.mx_6.10.0.202311202037//db//plugins/boardmanager/
2023-12-03 08:58:41,295 [WARN] ApiDb:259 - Overriding images path with different value:  => /opt/st/stm32cubeide_1.14.0/plugins/com.st.stm32cube.common.mx_6.10.0.202311202037//db//plugins/mcufinder/images/
2023-12-03 08:58:41,299 [INFO] ApiDb:250 - Set database path to: /home/insa/.stmcufinder/plugins/mcufinder//mcu/
2023-12-03 08:58:41,300 [INFO] DbMcusAds:125 - Set database path to: /home/insa/.stmcufinder/plugins/mcufinder//mcu/
2023-12-03 08:58:41,301 [INFO] CrossReferenceDbSqlite:203 - Set database path to: /home/insa/.stmcufinder/plugins/mcufinder//mcu/cs/
2023-12-03 08:58:41,372 [INFO] RulesReader:64 - Compatibility file has been processed (297 Rules)
2023-12-03 08:58:41,408 [INFO] DbMcusXml:78 - Set database path to: /opt/st/stm32cubeide_1.14.0/plugins/com.st.stm32cube.common.mx_6.10.0.202311202037//db//mcu/
2023-12-03 08:58:41,408 [INFO] ApiDb:274 - Set plugin database path to: /opt/st/stm32cubeide_1.14.0/plugins/com.st.stm32cube.common.mx_6.10.0.202311202037//db//plugins/boardmanager/
2023-12-03 08:58:41,408 [INFO] ApiDb:261 - Set plugin images path to: /opt/st/stm32cubeide_1.14.0/plugins/com.st.stm32cube.common.mx_6.10.0.202311202037//db//plugins/mcufinder/images/
2023-12-03 08:58:41,408 [WARN] DbFile:41 - Overriding database path with different value: /home/insa/.stmcufinder/plugins/mcufinder/ => /home/insa/.stmcufinder/plugins/mcufinder
2023-12-03 08:58:41,408 [INFO] ApiDb:250 - Set database path to: /home/insa/.stmcufinder/plugins/mcufinder//mcu/
2023-12-03 08:58:41,408 [WARN] DbFile:41 - Overriding database path with different value: /home/insa/.stmcufinder/plugins/mcufinder/ => /home/insa/.stmcufinder/plugins/mcufinder
2023-12-03 08:58:41,408 [INFO] DbMcusAds:125 - Set database path to: /home/insa/.stmcufinder/plugins/mcufinder//mcu/
2023-12-03 08:58:41,409 [WARN] DbFile:41 - Overriding database path with different value: /home/insa/.stmcufinder/plugins/mcufinder/ => /home/insa/.stmcufinder/plugins/mcufinder
2023-12-03 08:58:41,409 [WARN] DbFile:41 - Overriding database path with different value: /home/insa/.stmcufinder/plugins/mcufinder/ => /home/insa/.stmcufinder/plugins/mcufinder
2023-12-03 08:58:41,409 [INFO] CrossReferenceDbSqlite:203 - Set database path to: /home/insa/.stmcufinder/plugins/mcufinder//mcu/cs/
2023-12-03 08:58:41,451 [INFO] MainPanel:264 - HeapMemory: 268435456
2023-12-03 08:58:41,507 [INFO] DbMcusXml:78 - Set database path to: /opt/st/stm32cubeide_1.14.0/plugins/com.st.stm32cube.common.mx_6.10.0.202311202037//db//mcu/
2023-12-03 08:58:41,507 [INFO] ApiDb:274 - Set plugin database path to: /opt/st/stm32cubeide_1.14.0/plugins/com.st.stm32cube.common.mx_6.10.0.202311202037//db//plugins/boardmanager/
2023-12-03 08:58:41,507 [INFO] ApiDb:261 - Set plugin images path to: /opt/st/stm32cubeide_1.14.0/plugins/com.st.stm32cube.common.mx_6.10.0.202311202037//db//plugins/mcufinder/images/
2023-12-03 08:58:41,507 [WARN] DbFile:41 - Overriding database path with different value: /home/insa/.stmcufinder/plugins/mcufinder/ => /home/insa/.stmcufinder/plugins/mcufinder
2023-12-03 08:58:41,507 [INFO] ApiDb:250 - Set database path to: /home/insa/.stmcufinder/plugins/mcufinder//mcu/
2023-12-03 08:58:41,507 [WARN] DbFile:41 - Overriding database path with different value: /home/insa/.stmcufinder/plugins/mcufinder/ => /home/insa/.stmcufinder/plugins/mcufinder
2023-12-03 08:58:41,507 [INFO] DbMcusAds:125 - Set database path to: /home/insa/.stmcufinder/plugins/mcufinder//mcu/
2023-12-03 08:58:41,507 [WARN] DbFile:41 - Overriding database path with different value: /home/insa/.stmcufinder/plugins/mcufinder/ => /home/insa/.stmcufinder/plugins/mcufinder
2023-12-03 08:58:41,507 [WARN] DbFile:41 - Overriding database path with different value: /home/insa/.stmcufinder/plugins/mcufinder/ => /home/insa/.stmcufinder/plugins/mcufinder
2023-12-03 08:58:41,508 [INFO] CrossReferenceDbSqlite:203 - Set database path to: /home/insa/.stmcufinder/plugins/mcufinder//mcu/cs/
2023-12-03 08:58:41,518 [INFO] ApplicationProperties:184 - Using Application install path: /opt/st/stm32cubeide_1.14.0/plugins/com.st.stm32cube.common.mx_6.10.0.202311202037
2023-12-03 08:58:41,519 [INFO] PluginManage:196 - Search for loadable plugins [exclusion list=, ]
2023-12-03 08:58:41,520 [INFO] PluginManage:310 - Check plugin analytics
2023-12-03 08:58:41,631 [INFO] AnalyticsPlugin:253 - Accepted Software Licenses: 
2023-12-03 08:58:41,631 [INFO] AnalyticsPlugin:255 - Accepted CMSIS Pack Licenses: 
2023-12-03 08:58:41,632 [INFO] AnalyticsPlugin:257 - Accepted Firmware Licenses: FW.F4.1.27.0,FW.L4.1.18.0
2023-12-03 08:58:41,634 [INFO] PluginManage:359 - Loaded plugin analytics (category:tool,tabindex:-1)
2023-12-03 08:58:41,634 [INFO] PluginManage:310 - Check plugin cadmodel
2023-12-03 08:58:41,671 [INFO] CADModel:105 - Init CAD model plugin
2023-12-03 08:58:41,671 [INFO] PluginManage:359 - Loaded plugin cadmodel (category:power,tabindex:5)
2023-12-03 08:58:41,671 [INFO] PluginManage:310 - Check plugin clock
2023-12-03 08:58:41,678 [INFO] PluginManage:359 - Loaded plugin clock (category:base,tabindex:2)
2023-12-03 08:58:41,678 [INFO] PluginManage:310 - Check plugin ddr
2023-12-03 08:58:41,680 [INFO] PluginManage:359 - Loaded plugin ddr (category:tool,tabindex:6)
2023-12-03 08:58:41,680 [INFO] PluginManage:310 - Check plugin filemanager
2023-12-03 08:58:41,821 [INFO] PluginManage:359 - Loaded plugin filemanager (category:base,tabindex:10)
2023-12-03 08:58:41,821 [INFO] PluginManage:310 - Check plugin ipmanager
2023-12-03 08:58:41,825 [INFO] PluginManage:359 - Loaded plugin ipmanager (category:base,tabindex:5)
2023-12-03 08:58:41,825 [INFO] PluginManage:310 - Check plugin lpbam
2023-12-03 08:58:41,830 [INFO] PluginManage:359 - Loaded plugin lpbam (category:base,tabindex:0)
2023-12-03 08:58:41,830 [INFO] PluginManage:310 - Check plugin memorymap
2023-12-03 08:58:41,838 [INFO] PluginManage:359 - Loaded plugin memorymap (category:base,tabindex:4)
2023-12-03 08:58:41,838 [INFO] PluginManage:310 - Check plugin pinoutandconfiguration
2023-12-03 08:58:41,842 [INFO] PluginManage:359 - Loaded plugin pinoutandconfiguration (category:base,tabindex:1)
2023-12-03 08:58:41,843 [INFO] PluginManage:310 - Check plugin pinoutconfig
2023-12-03 08:58:41,893 [WARN] SupportedApi:132 - Cannot load RTOS API schema: s4s-elt-must-match.1: The content of 'definitions' must match (annotation?, (simpleType | complexType)?, (unique | key | keyref)*)). A problem was found starting at: attribute.
2023-12-03 08:58:41,969 [INFO] PluginManage:359 - Loaded plugin pinoutconfig (category:base,tabindex:0)
2023-12-03 08:58:41,969 [INFO] PluginManage:310 - Check plugin power
2023-12-03 08:58:41,975 [INFO] PluginManage:359 - Loaded plugin power (category:power,tabindex:4)
2023-12-03 08:58:41,976 [INFO] PluginManage:310 - Check plugin projectmanager
2023-12-03 08:58:41,989 [INFO] PluginManage:359 - Loaded plugin projectmanager (category:projectmanager,tabindex:3)
2023-12-03 08:58:41,990 [INFO] PluginManage:310 - Check plugin thirdparty
2023-12-03 08:58:42,077 [INFO] PluginManage:359 - Loaded plugin thirdparty (category:base,tabindex:-1)
2023-12-03 08:58:42,077 [WARN] IntegrityCheckThread:84 - waiting for thirdparty lock release [integrity check]
2023-12-03 08:58:42,079 [INFO] PluginManage:310 - Check plugin tools
2023-12-03 08:58:42,080 [INFO] IntegrityCheckThread:86 - entering critical section [integrity check]
2023-12-03 08:58:42,083 [INFO] ThirdPartyUpdaterWithRetryManager:70 - Updater plugin not ready yet. [1/15]
2023-12-03 08:58:42,095 [INFO] PluginManage:359 - Loaded plugin tools (category:base,tabindex:7)
2023-12-03 08:58:42,095 [INFO] PluginManage:310 - Check plugin tutovideos
2023-12-03 08:58:42,216 [INFO] PluginManage:359 - Loaded plugin tutovideos (category:base,tabindex:-1)
2023-12-03 08:58:42,217 [INFO] PluginManage:310 - Check plugin updater
2023-12-03 08:58:42,224 [INFO] PluginManage:359 - Loaded plugin updater (category:base,tabindex:12)
2023-12-03 08:58:42,224 [INFO] PluginManage:310 - Check plugin userauth
2023-12-03 08:58:42,228 [INFO] UserAuth:114 - Init User Auth plugin
2023-12-03 08:58:42,228 [INFO] PluginManage:359 - Loaded plugin userauth (category:base,tabindex:14)
2023-12-03 08:58:42,228 [INFO] PluginManage:283 - PluginManage : Loaded plugins [17]
2023-12-03 08:58:42,358 [INFO] PinOutPanel:1499 - setPackage(No Configuration,No Configuration)
2023-12-03 08:58:42,405 [INFO] CADModel:165 - CPN selected for project level
2023-12-03 08:58:42,405 [INFO] CADModel:114 - Register for checkConnection events
2023-12-03 08:58:42,414 [INFO] IPUIPlugin:80 - create IPUIPlugin
2023-12-03 08:58:42,415 [INFO] PluginManager:220 - loadIPPluginJar : add spi
2023-12-03 08:58:42,417 [INFO] IPUIPlugin:80 - create IPUIPlugin
2023-12-03 08:58:42,417 [INFO] PluginManager:220 - loadIPPluginJar : add i3c
2023-12-03 08:58:42,418 [INFO] IPUIPlugin:80 - create IPUIPlugin
2023-12-03 08:58:42,418 [INFO] PluginManager:220 - loadIPPluginJar : add ltdc
2023-12-03 08:58:42,422 [INFO] IPUIPlugin:80 - create IPUIPlugin
2023-12-03 08:58:42,422 [INFO] PluginManager:220 - loadIPPluginJar : add gic
2023-12-03 08:58:42,424 [INFO] IPUIPlugin:80 - create IPUIPlugin
2023-12-03 08:58:42,424 [INFO] PluginManager:220 - loadIPPluginJar : add dfsdm
2023-12-03 08:58:42,427 [INFO] IPUIPlugin:80 - create IPUIPlugin
2023-12-03 08:58:42,427 [INFO] PluginManager:220 - loadIPPluginJar : add nvic
2023-12-03 08:58:42,433 [INFO] IPUIPlugin:80 - create IPUIPlugin
2023-12-03 08:58:42,433 [INFO] PluginManager:220 - loadIPPluginJar : add mdma
2023-12-03 08:58:42,435 [INFO] IPUIPlugin:80 - create IPUIPlugin
2023-12-03 08:58:42,435 [INFO] PluginManager:220 - loadIPPluginJar : add cryp
2023-12-03 08:58:42,436 [INFO] IPUIPlugin:80 - create IPUIPlugin
2023-12-03 08:58:42,436 [INFO] PluginManager:220 - loadIPPluginJar : add comp
2023-12-03 08:58:42,437 [INFO] IPUIPlugin:80 - create IPUIPlugin
2023-12-03 08:58:42,438 [INFO] PluginManager:220 - loadIPPluginJar : add fatfs
2023-12-03 08:58:42,441 [INFO] IPUIPlugin:80 - create IPUIPlugin
2023-12-03 08:58:42,441 [INFO] PluginManager:220 - loadIPPluginJar : add lorawan
2023-12-03 08:58:42,443 [INFO] IPUIPlugin:80 - create IPUIPlugin
2023-12-03 08:58:42,443 [INFO] PluginManager:220 - loadIPPluginJar : add dma3
2023-12-03 08:58:42,449 [INFO] IPUIPlugin:80 - create IPUIPlugin
2023-12-03 08:58:42,449 [INFO] PluginManager:220 - loadIPPluginJar : add freertos
2023-12-03 08:58:42,451 [INFO] IPUIPlugin:80 - create IPUIPlugin
2023-12-03 08:58:42,451 [INFO] PluginManager:220 - loadIPPluginJar : add hash
2023-12-03 08:58:42,454 [INFO] IPUIPlugin:80 - create IPUIPlugin
2023-12-03 08:58:42,454 [INFO] PluginManager:220 - loadIPPluginJar : add sai
2023-12-03 08:58:42,457 [INFO] IPUIPlugin:80 - create IPUIPlugin
2023-12-03 08:58:42,457 [INFO] PluginManager:220 - loadIPPluginJar : add opamp
2023-12-03 08:58:42,458 [INFO] IPUIPlugin:80 - create IPUIPlugin
2023-12-03 08:58:42,458 [INFO] PluginManager:220 - loadIPPluginJar : add touchsensing
2023-12-03 08:58:42,459 [INFO] IPUIPlugin:80 - create IPUIPlugin
2023-12-03 08:58:42,459 [INFO] PluginManager:220 - loadIPPluginJar : add ucpd
2023-12-03 08:58:42,460 [INFO] IPUIPlugin:80 - create IPUIPlugin
2023-12-03 08:58:42,460 [INFO] PluginManager:220 - loadIPPluginJar : add tsc
2023-12-03 08:58:42,461 [INFO] IPUIPlugin:80 - create IPUIPlugin
2023-12-03 08:58:42,462 [INFO] PluginManager:220 - loadIPPluginJar : add gtzc
2023-12-03 08:58:42,463 [INFO] IPUIPlugin:80 - create IPUIPlugin
2023-12-03 08:58:42,463 [INFO] PluginManager:220 - loadIPPluginJar : add usart
2023-12-03 08:58:42,467 [INFO] IPUIPlugin:80 - create IPUIPlugin
2023-12-03 08:58:42,467 [INFO] PluginManager:220 - loadIPPluginJar : add fmc
2023-12-03 08:58:42,472 [INFO] IPUIPlugin:80 - create IPUIPlugin
2023-12-03 08:58:42,474 [INFO] PluginManager:220 - loadIPPluginJar : add plateformsettings
2023-12-03 08:58:42,475 [INFO] IPUIPlugin:80 - create IPUIPlugin
2023-12-03 08:58:42,475 [INFO] PluginManager:220 - loadIPPluginJar : add genericplugin
2023-12-03 08:58:42,477 [INFO] IPUIPlugin:80 - create IPUIPlugin
2023-12-03 08:58:42,477 [INFO] PluginManager:220 - loadIPPluginJar : add resmgrutility
2023-12-03 08:58:42,478 [INFO] IPUIPlugin:80 - create IPUIPlugin
2023-12-03 08:58:42,478 [INFO] PluginManager:220 - loadIPPluginJar : add quadspi
2023-12-03 08:58:42,480 [INFO] IPUIPlugin:80 - create IPUIPlugin
2023-12-03 08:58:42,480 [INFO] PluginManager:220 - loadIPPluginJar : add tim
2023-12-03 08:58:42,487 [INFO] IPUIPlugin:80 - create IPUIPlugin
2023-12-03 08:58:42,487 [INFO] PluginManager:220 - loadIPPluginJar : add linkedlist
2023-12-03 08:58:42,488 [INFO] IPUIPlugin:80 - create IPUIPlugin
2023-12-03 08:58:42,489 [INFO] PluginManager:220 - loadIPPluginJar : add i2s
2023-12-03 08:58:42,493 [INFO] IPUIPlugin:80 - create IPUIPlugin
2023-12-03 08:58:42,493 [INFO] PluginManager:220 - loadIPPluginJar : add dma
2023-12-03 08:58:42,503 [INFO] IPUIPlugin:80 - create IPUIPlugin
2023-12-03 08:58:42,504 [INFO] PluginManager:220 - loadIPPluginJar : add ipddr
2023-12-03 08:58:42,507 [INFO] IPUIPlugin:80 - create IPUIPlugin
2023-12-03 08:58:42,507 [INFO] PluginManager:220 - loadIPPluginJar : add gpio
2023-12-03 08:58:42,509 [INFO] IPUIPlugin:80 - create IPUIPlugin
2023-12-03 08:58:42,509 [INFO] PluginManager:220 - loadIPPluginJar : add gfxmmu
2023-12-03 08:58:42,511 [INFO] IPUIPlugin:80 - create IPUIPlugin
2023-12-03 08:58:42,511 [INFO] PluginManager:220 - loadIPPluginJar : add aes
2023-12-03 08:58:42,512 [INFO] IPUIPlugin:80 - create IPUIPlugin
2023-12-03 08:58:42,512 [INFO] PluginManager:220 - loadIPPluginJar : add tracer_emb
2023-12-03 08:58:42,514 [INFO] IPUIPlugin:80 - create IPUIPlugin
2023-12-03 08:58:42,514 [INFO] PluginManager:220 - loadIPPluginJar : add i2c
2023-12-03 08:58:42,518 [INFO] IPUIPlugin:80 - create IPUIPlugin
2023-12-03 08:58:42,518 [INFO] PluginManager:220 - loadIPPluginJar : add stm32_wpan
2023-12-03 08:58:42,520 [INFO] IPUIPlugin:80 - create IPUIPlugin
2023-12-03 08:58:42,520 [INFO] PluginManager:220 - loadIPPluginJar : add ts
2023-12-03 08:58:42,521 [INFO] IPUIPlugin:80 - create IPUIPlugin
2023-12-03 08:58:42,522 [INFO] PluginManager:220 - loadIPPluginJar : add can
2023-12-03 08:58:42,526 [INFO] IPUIPlugin:80 - create IPUIPlugin
2023-12-03 08:58:42,526 [INFO] PluginManager:220 - loadIPPluginJar : add adc
2023-12-03 08:58:42,528 [INFO] IPUIPlugin:80 - create IPUIPlugin
2023-12-03 08:58:42,528 [INFO] PluginManager:220 - loadIPPluginJar : add usbx
2023-12-03 08:58:42,529 [INFO] IPUIPlugin:80 - create IPUIPlugin
2023-12-03 08:58:42,530 [INFO] PluginManager:220 - loadIPPluginJar : add pdm2pcm
2023-12-03 08:58:42,531 [INFO] IPUIPlugin:80 - create IPUIPlugin
2023-12-03 08:58:42,531 [INFO] PluginManager:220 - loadIPPluginJar : add openamp
2023-12-03 08:58:42,633 [INFO] CADModel:165 - CPN selected for project level
2023-12-03 08:58:42,633 [INFO] CADModel:114 - Register for checkConnection events
2023-12-03 08:58:42,634 [FATAL] Updater:308 - Updater called before beeing initialized
2023-12-03 08:58:42,634 [ERROR] CADModel:125 - Updater not yet initialized, retry later 
2023-12-03 08:58:42,730 [INFO] CADModel:165 - CPN selected for project level
2023-12-03 08:58:42,730 [INFO] CADModel:114 - Register for checkConnection events
2023-12-03 08:58:42,730 [FATAL] Updater:308 - Updater called before beeing initialized
2023-12-03 08:58:42,730 [ERROR] CADModel:125 - Updater not yet initialized, retry later 
2023-12-03 08:58:42,732 [FATAL] Updater:308 - Updater called before beeing initialized
2023-12-03 08:58:42,779 [FATAL] Updater:308 - Updater called before beeing initialized
2023-12-03 08:58:42,782 [INFO] DbMcusAds:53 - JSON generation date=Tue Mar 07 09:50:55 CET 2023 (1678179055335)
2023-12-03 08:58:42,783 [FATAL] Updater:308 - Updater called before beeing initialized
2023-12-03 08:58:42,806 [WARN] DetailPanel:346 - Failed to get advertising image, set to default
2023-12-03 08:58:42,876 [FATAL] Updater:308 - Updater called before beeing initialized
2023-12-03 08:58:42,877 [FATAL] Updater:308 - Updater called before beeing initialized
2023-12-03 08:58:42,877 [FATAL] Updater:308 - Updater called before beeing initialized
2023-12-03 08:58:42,877 [WARN] DetailPanel:346 - Failed to get advertising image, set to default
2023-12-03 08:58:42,878 [FATAL] Updater:308 - Updater called before beeing initialized
2023-12-03 08:58:42,920 [ERROR] Updater:1120 - MainUpdater not yet initialized. External WinMGr cannot be set.
2023-12-03 08:58:42,922 [INFO] Updater:1056 - Updater Version found : 6.10.0
2023-12-03 08:58:42,950 [INFO] ApplicationProperties:184 - Using Application install path: /opt/st/stm32cubeide_1.14.0/plugins/com.st.stm32cube.common.mx_6.10.0.202311202037
2023-12-03 08:58:43,234 [INFO] MainUpdater:2873 - connection check result : 10
2023-12-03 08:58:43,234 [INFO] MainUpdater:3567 - Updater definition file requires update
2023-12-03 08:58:43,235 [INFO] MainUpdater:290 - Updater Check For Update Now.
2023-12-03 08:58:43,235 [INFO] MicroXplorer:498 - Change Database Version : DB.6.0.100
2023-12-03 08:58:43,240 [INFO] McuFinderGlobals:63 - Set McuFinder mode to 2 (CubeIDE integrated)
2023-12-03 08:58:43,299 [INFO] ServerAccessManage:473 - Download File updaters.zip
2023-12-03 08:58:43,378 [INFO] FileExtend:240 - Unzip File : updaters.zip
2023-12-03 08:58:43,378 [INFO] FileExtend:255 - Standard Zip Deflate
2023-12-03 08:58:43,402 [INFO] UserAuth:404 - Internet connection configuration mode: 1
2023-12-03 08:58:43,424 [INFO] JxBrowserEngine:152 - Initiate JxBrowser Engine with user profile folder
2023-12-03 08:58:43,469 [INFO] ServerAccessManage:473 - Download File PacksControlFlags.xml
2023-12-03 08:58:43,533 [INFO] ServerAccessManage:473 - Download File cubemx.pidx
2023-12-03 08:58:43,813 [INFO] ServerAccessManage:473 - Download File STMicroelectronics.FP-SNS-MOTENVWB1.pdsc
2023-12-03 08:58:44,275 [INFO] WebApp:161 - Instantiating new browser for Auth
2023-12-03 08:58:44,703 [INFO] WebApp:780 - Register for checkConnection events
2023-12-03 08:58:44,704 [INFO] WebApp:414 - Apply proxy settings
2023-12-03 08:58:44,704 [INFO] WebApp:499 - Chromium requires no authentication
2023-12-03 08:58:44,707 [INFO] WebApp:442 - Direct internet connection detected
2023-12-03 08:58:44,785 [INFO] WebApp:192 - Starting web application
2023-12-03 08:58:44,785 [INFO] WebApp:544 - Web application path used /opt/st/stm32cubeide_1.14.0/plugins/com.st.stm32cube.common.mx_6.10.0.202311202037/db/plugins/mcufinder/reactClient1/index.html
2023-12-03 08:58:44,868 [ERROR] ServerAccessManage:1096 - Problem, Http access forbiden
2023-12-03 08:58:44,869 [ERROR] ServerAccessManage:651 - Problem, Http access forbiden : RoweBots.I-CUBE-UNISONRTOS.pdsc.
2023-12-03 08:58:45,056 [ERROR] ServerAccessManage:1172 - Problem during Server Connection :  IO error PKIX path building failed: sun.security.provider.certpath.SunCertPathBuilderException: unable to find valid certification path to requested target
2023-12-03 08:58:45,056 [ERROR] ServerAccessManage:651 - Problem during Server Connection :  : SEGGER.I-CUBE-embOS.pdsc.
2023-12-03 08:58:45,085 [WARN] MainUpdater:1194 - Updater busy. Cannot search thirdparties
2023-12-03 08:58:45,085 [INFO] ThirdPartyUpdaterWithRetryManager:96 - Updater plugin is busy. [1/15]
2023-12-03 08:58:45,154 [WARN] PackLoader:240 - Cannot read IP mode file for STMicroelectronics.FP-SNS-MOTENVWB1.1.3.1
2023-12-03 08:58:45,156 [INFO] PopulateThirdPartyThread:66 - Ending populate Thread
2023-12-03 08:58:45,158 [INFO] ThirdParty:1030 - CMSIS Pack Vendor :STMicroelectronics FP-SNS-MOTENVWB1 1.3.1
2023-12-03 08:58:45,158 [INFO] LoadServerUpdatesThread:375 - End of LoadServerUpdate Thread
2023-12-03 08:58:45,269 [INFO] CheckServerUpdateThread:120 - End of CheckServer Thread
2023-12-03 08:58:48,154 [WARN] PackLoader:240 - Cannot read IP mode file for STMicroelectronics.X-CUBE-SMBUS.2.1.0
2023-12-03 08:58:48,170 [WARN] PackLoader:240 - Cannot read IP mode file for STMicroelectronics.X-CUBE-AZRTOS-F7.1.1.0
2023-12-03 08:58:48,184 [WARN] PackLoader:240 - Cannot read IP mode file for STMicroelectronics.FP-SNS-MOTENV1.4.3.2
2023-12-03 08:58:48,189 [WARN] PackLoader:240 - Cannot read IP mode file for STMicroelectronics.FP-SNS-FLIGHT1.5.0.2
2023-12-03 08:58:48,194 [WARN] PackLoader:240 - Cannot read IP mode file for STMicroelectronics.X-CUBE-DISPLAY.3.0.0
2023-12-03 08:58:48,202 [WARN] PackLoader:240 - Cannot read IP mode file for STMicroelectronics.X-CUBE-BLE1.7.0.0
2023-12-03 08:58:48,206 [WARN] PackLoader:240 - Cannot read IP mode file for emotas.I-CUBE-CANOPEN.1.3.0
2023-12-03 08:58:48,208 [WARN] PackLoader:240 - Cannot read IP mode file for STMicroelectronics.X-CUBE-TOUCHGFX.4.22.1
2023-12-03 08:58:48,211 [WARN] PackLoader:240 - Cannot read IP mode file for STMicroelectronics.FP-SNS-SMARTAG2.1.2.0
2023-12-03 08:58:48,217 [INFO] LogOutputStream:77 - [STDOUT_REDIRECT] 1 : Invalid condition id : UX_CORESTACK_Condition cause : null
2023-12-03 08:58:48,217 [INFO] LogOutputStream:77 - [STDOUT_REDIRECT] 1 : Invalid condition id : UX_CORESTACK_Condition cause : null
2023-12-03 08:58:48,217 [INFO] LogOutputStream:77 - [STDOUT_REDIRECT] 1 : Invalid condition id : UX_CORESTACK_Condition cause : null
2023-12-03 08:58:48,217 [INFO] LogOutputStream:77 - [STDOUT_REDIRECT] 1 : Invalid condition id : UX_CORESTACK_Condition cause : null
2023-12-03 08:58:48,218 [INFO] LogOutputStream:77 - [STDOUT_REDIRECT] 1 : Invalid condition id : UX_CORESTACK_Condition cause : null
2023-12-03 08:58:48,220 [WARN] PackLoader:240 - Cannot read IP mode file for STMicroelectronics.X-CUBE-AZRTOS-WL.2.0.0
2023-12-03 08:58:48,226 [WARN] PackLoader:240 - Cannot read IP mode file for WES.I-CUBE-Cesium.1.3.0
2023-12-03 08:58:48,228 [WARN] PackLoader:240 - Cannot read IP mode file for STMicroelectronics.X-CUBE-BLE2.3.3.0
2023-12-03 08:58:48,232 [WARN] PackLoader:240 - Cannot read IP mode file for STMicroelectronics.X-CUBE-ALGOBUILD.1.3.0
2023-12-03 08:58:48,243 [WARN] PackLoader:240 - Cannot read IP mode file for STMicroelectronics.X-CUBE-AZRTOS-G0.1.1.0
2023-12-03 08:58:48,248 [WARN] PackLoader:240 - Cannot read IP mode file for STMicroelectronics.X-CUBE-NFC4.3.0.0
2023-12-03 08:58:48,255 [WARN] PackLoader:240 - Cannot read IP mode file for STMicroelectronics.X-CUBE-BLEMGR.3.0.0
2023-12-03 08:58:48,259 [WARN] PackLoader:240 - Cannot read IP mode file for STMicroelectronics.FP-ATR-SIGFOX1.3.2.0
2023-12-03 08:58:48,262 [WARN] PackLoader:240 - Cannot read IP mode file for STMicroelectronics.X-CUBE-GNSS1.6.0.0
2023-12-03 08:58:48,273 [WARN] PackLoader:240 - Cannot read IP mode file for STMicroelectronics.X-CUBE-AZRTOS-F4.1.1.0
2023-12-03 08:58:48,277 [WARN] PackLoader:240 - Cannot read IP mode file for wolfSSL.I-CUBE-wolfSSL.5.6.4
2023-12-03 08:58:48,288 [WARN] PackLoader:240 - Cannot read IP mode file for STMicroelectronics.X-CUBE-AZRTOS-L5.2.0.0
2023-12-03 08:58:48,293 [WARN] PackLoader:240 - Cannot read IP mode file for STMicroelectronics.X-CUBE-EEPRMA1.4.2.0
2023-12-03 08:58:48,296 [WARN] PackLoader:240 - Cannot read IP mode file for ITTIA_DB.I-CUBE-ITTIADB.8.8.0
2023-12-03 08:58:48,307 [WARN] ConditionMgr:438 - getConditionDescription Invalid condition id : UX DEVICE CLASS RTOS Condition cause : null
2023-12-03 08:58:48,307 [WARN] ConditionMgr:438 - getConditionDescription Invalid condition id : UX DEVICE CLASS RTOS Condition cause : null
2023-12-03 08:58:48,310 [WARN] PackLoader:240 - Cannot read IP mode file for STMicroelectronics.X-CUBE-AZRTOS-H7.3.1.0
2023-12-03 08:58:48,311 [WARN] ConditionMgr:1039 - genDependencies : Invalid condition id : UX DEVICE CLASS RTOS Condition cause : null
2023-12-03 08:58:48,311 [WARN] ConditionMgr:1039 - genDependencies : Invalid condition id : UX DEVICE CLASS RTOS Condition cause : null
2023-12-03 08:58:48,311 [WARN] ConditionMgr:1039 - genDependencies : Invalid condition id : UX DEVICE CLASS RTOS Condition cause : null
2023-12-03 08:58:48,312 [WARN] ConditionMgr:1039 - genDependencies : Invalid condition id : UX DEVICE CLASS RTOS Condition cause : null
2023-12-03 08:58:48,312 [WARN] ConditionMgr:1039 - genDependencies : Invalid condition id : UX DEVICE CLASS RTOS Condition cause : null
2023-12-03 08:58:48,315 [WARN] PackLoader:240 - Cannot read IP mode file for STMicroelectronics.X-CUBE-NFC7.1.0.1
2023-12-03 08:58:48,320 [WARN] PackLoader:240 - Cannot read IP mode file for STMicroelectronics.X-CUBE-NFC6.3.0.0
2023-12-03 08:58:48,323 [WARN] PackLoader:240 - Cannot read IP mode file for STMicroelectronics.X-CUBE-AI.8.1.0
2023-12-03 08:58:48,335 [WARN] ConditionMgr:438 - getConditionDescription Invalid condition id : LAN8742 Phy interface Condition cause : null
2023-12-03 08:58:48,336 [WARN] PackLoader:240 - Cannot read IP mode file for STMicroelectronics.X-CUBE-AZRTOS-L4.2.0.0
2023-12-03 08:58:48,336 [WARN] ConditionMgr:1039 - genDependencies : Invalid condition id : LAN8742 Phy interface Condition cause : null
2023-12-03 08:58:48,337 [WARN] ConditionMgr:1039 - genDependencies : Invalid condition id : LAN8742 Phy interface Condition cause : null
2023-12-03 08:58:48,337 [WARN] ConditionMgr:1039 - genDependencies : Invalid condition id : LAN8742 Phy interface Condition cause : null
2023-12-03 08:58:48,342 [WARN] PackLoader:240 - Cannot read IP mode file for STMicroelectronics.X-CUBE-SFXS2LP1.4.0.0
2023-12-03 08:58:48,346 [WARN] PackLoader:240 - Cannot read IP mode file for STMicroelectronics.X-CUBE-ISPU.1.1.0
2023-12-03 08:58:48,353 [WARN] ConditionMgr:438 - getConditionDescription Invalid condition id : UX DEVICE CLASS RTOS Condition cause : null
2023-12-03 08:58:48,353 [WARN] ConditionMgr:438 - getConditionDescription Invalid condition id : UX DEVICE CLASS RTOS Condition cause : null
2023-12-03 08:58:48,355 [WARN] PackLoader:240 - Cannot read IP mode file for STMicroelectronics.X-CUBE-AZRTOS-WB.2.0.0
2023-12-03 08:58:48,355 [WARN] ConditionMgr:1039 - genDependencies : Invalid condition id : UX DEVICE CLASS RTOS Condition cause : null
2023-12-03 08:58:48,355 [WARN] ConditionMgr:1039 - genDependencies : Invalid condition id : UX DEVICE CLASS RTOS Condition cause : null
2023-12-03 08:58:48,355 [WARN] ConditionMgr:1039 - genDependencies : Invalid condition id : UX DEVICE CLASS RTOS Condition cause : null
2023-12-03 08:58:48,356 [WARN] ConditionMgr:1039 - genDependencies : Invalid condition id : UX DEVICE CLASS RTOS Condition cause : null
2023-12-03 08:58:48,356 [WARN] ConditionMgr:1039 - genDependencies : Invalid condition id : UX DEVICE CLASS RTOS Condition cause : null
2023-12-03 08:58:48,363 [WARN] PackLoader:240 - Cannot read IP mode file for STMicroelectronics.X-CUBE-SUBG2.5.0.0
2023-12-03 08:58:48,372 [WARN] PackLoader:240 - Cannot read IP mode file for STMicroelectronics.X-CUBE-TOF1.3.3.1
2023-12-03 08:58:48,388 [WARN] PackLoader:240 - Cannot read IP mode file for STMicroelectronics.X-CUBE-AZRTOS-G4.2.0.0
2023-12-03 08:58:48,396 [WARN] PackLoader:240 - Cannot read IP mode file for Infineon.AIROC-Wi-Fi-Bluetooth-STM32.1.5.1
2023-12-03 08:58:48,401 [WARN] PackLoader:240 - Cannot read IP mode file for STMicroelectronics.FP-SNS-MOTENVWB1.1.3.0
2023-12-03 08:58:48,404 [WARN] PackLoader:240 - Cannot read IP mode file for STMicroelectronics.FP-SNS-MOTENVWB1.1.3.1
2023-12-03 08:58:48,430 [WARN] PackLoader:240 - Cannot read IP mode file for STMicroelectronics.X-CUBE-MEMS1.10.0.0
2023-12-03 08:58:48,539 [WARN] PackLoader:240 - Cannot read IP mode file for STMicroelectronics.X-CUBE-FREERTOS.1.1.0
2023-12-03 08:58:48,542 [WARN] PackLoader:240 - Cannot read IP mode file for portGmbH.I-Cube-SoM-uGOAL.1.1.0
2023-12-03 08:58:48,544 [WARN] PackLoader:240 - Cannot read IP mode file for STMicroelectronics.X-CUBE-ALS.1.0.1
2023-12-03 08:58:48,547 [WARN] PackLoader:240 - Cannot read IP mode file for STMicroelectronics.FP-ATR-ASTRA1.2.0.0
2023-12-03 08:58:48,553 [WARN] PackLoader:240 - Cannot read IP mode file for STMicroelectronics.X-CUBE-TOF1.3.4.0
2023-12-03 08:58:48,560 [INFO] ThirdParty:978 - Integrity check success = true
2023-12-03 08:58:48,560 [INFO] IntegrityCheckThread:100 - exiting critical section [integrity check]
2023-12-03 08:58:48,560 [INFO] IntegrityCheckThread:103 - End integrity checks thread
2023-12-03 08:59:05,094 [ERROR] LogOutputStream:75 - [STDERR_REDIRECT] SLF4J: Failed to load class "org.slf4j.impl.StaticLoggerBinder".
2023-12-03 08:59:05,094 [ERROR] LogOutputStream:75 - [STDERR_REDIRECT] SLF4J: Defaulting to no-operation (NOP) logger implementation
2023-12-03 08:59:05,094 [ERROR] LogOutputStream:75 - [STDERR_REDIRECT] SLF4J: See http://www.slf4j.org/codes.html#StaticLoggerBinder for further details.
2023-12-03 11:08:04,923 [ERROR] LogOutputStream:75 - [STDERR_REDIRECT] SWT SessionManagerDBus: Failed to UnregisterClient: GDBus.Error:org.freedesktop.DBus.Error.NoReply: Message recipient disconnected from message bus without replying
