2023-11-25 11:02:38,971 [INFO] Activator:176 - 


2023-11-25 11:02:38,975 [INFO] Activator:177 - !SESSION log4j initialized
2023-11-25 11:02:42,907 [INFO] LogOutputStream:77 - [STDOUT_REDIRECT] 
2023-11-25 11:02:43,803 [INFO] ApplicationProperties:184 - Using Application install path: /opt/st/stm32cubeide_1.14.0/plugins/com.st.stm32cube.common.mx_6.10.0.202311202037
2023-11-25 11:02:43,832 [INFO] DbMcusXml:78 - Set database path to: /opt/st/stm32cubeide_1.14.0/plugins/com.st.stm32cube.common.mx_6.10.0.202311202037//db//mcu/
2023-11-25 11:02:43,833 [INFO] ApiDb:274 - Set plugin database path to: /opt/st/stm32cubeide_1.14.0/plugins/com.st.stm32cube.common.mx_6.10.0.202311202037//db//plugins/boardmanager/
2023-11-25 11:02:43,833 [WARN] ApiDb:259 - Overriding images path with different value:  => /opt/st/stm32cubeide_1.14.0/plugins/com.st.stm32cube.common.mx_6.10.0.202311202037//db//plugins/mcufinder/images/
2023-11-25 11:02:43,840 [INFO] ApiDb:250 - Set database path to: /home/insa/.stmcufinder/plugins/mcufinder//mcu/
2023-11-25 11:02:43,841 [INFO] DbMcusAds:125 - Set database path to: /home/insa/.stmcufinder/plugins/mcufinder//mcu/
2023-11-25 11:02:43,843 [INFO] CrossReferenceDbSqlite:203 - Set database path to: /home/insa/.stmcufinder/plugins/mcufinder//mcu/cs/
2023-11-25 11:02:43,936 [INFO] RulesReader:64 - Compatibility file has been processed (297 Rules)
2023-11-25 11:02:43,981 [INFO] DbMcusXml:78 - Set database path to: /opt/st/stm32cubeide_1.14.0/plugins/com.st.stm32cube.common.mx_6.10.0.202311202037//db//mcu/
2023-11-25 11:02:43,981 [INFO] ApiDb:274 - Set plugin database path to: /opt/st/stm32cubeide_1.14.0/plugins/com.st.stm32cube.common.mx_6.10.0.202311202037//db//plugins/boardmanager/
2023-11-25 11:02:43,981 [INFO] ApiDb:261 - Set plugin images path to: /opt/st/stm32cubeide_1.14.0/plugins/com.st.stm32cube.common.mx_6.10.0.202311202037//db//plugins/mcufinder/images/
2023-11-25 11:02:43,982 [WARN] DbFile:41 - Overriding database path with different value: /home/insa/.stmcufinder/plugins/mcufinder/ => /home/insa/.stmcufinder/plugins/mcufinder
2023-11-25 11:02:43,982 [INFO] ApiDb:250 - Set database path to: /home/insa/.stmcufinder/plugins/mcufinder//mcu/
2023-11-25 11:02:43,982 [WARN] DbFile:41 - Overriding database path with different value: /home/insa/.stmcufinder/plugins/mcufinder/ => /home/insa/.stmcufinder/plugins/mcufinder
2023-11-25 11:02:43,982 [INFO] DbMcusAds:125 - Set database path to: /home/insa/.stmcufinder/plugins/mcufinder//mcu/
2023-11-25 11:02:43,982 [WARN] DbFile:41 - Overriding database path with different value: /home/insa/.stmcufinder/plugins/mcufinder/ => /home/insa/.stmcufinder/plugins/mcufinder
2023-11-25 11:02:43,982 [WARN] DbFile:41 - Overriding database path with different value: /home/insa/.stmcufinder/plugins/mcufinder/ => /home/insa/.stmcufinder/plugins/mcufinder
2023-11-25 11:02:43,982 [INFO] CrossReferenceDbSqlite:203 - Set database path to: /home/insa/.stmcufinder/plugins/mcufinder//mcu/cs/
2023-11-25 11:02:44,042 [INFO] MainPanel:264 - HeapMemory: 268435456
2023-11-25 11:02:44,118 [INFO] DbMcusXml:78 - Set database path to: /opt/st/stm32cubeide_1.14.0/plugins/com.st.stm32cube.common.mx_6.10.0.202311202037//db//mcu/
2023-11-25 11:02:44,118 [INFO] ApiDb:274 - Set plugin database path to: /opt/st/stm32cubeide_1.14.0/plugins/com.st.stm32cube.common.mx_6.10.0.202311202037//db//plugins/boardmanager/
2023-11-25 11:02:44,118 [INFO] ApiDb:261 - Set plugin images path to: /opt/st/stm32cubeide_1.14.0/plugins/com.st.stm32cube.common.mx_6.10.0.202311202037//db//plugins/mcufinder/images/
2023-11-25 11:02:44,119 [WARN] DbFile:41 - Overriding database path with different value: /home/insa/.stmcufinder/plugins/mcufinder/ => /home/insa/.stmcufinder/plugins/mcufinder
2023-11-25 11:02:44,119 [INFO] ApiDb:250 - Set database path to: /home/insa/.stmcufinder/plugins/mcufinder//mcu/
2023-11-25 11:02:44,119 [WARN] DbFile:41 - Overriding database path with different value: /home/insa/.stmcufinder/plugins/mcufinder/ => /home/insa/.stmcufinder/plugins/mcufinder
2023-11-25 11:02:44,119 [INFO] DbMcusAds:125 - Set database path to: /home/insa/.stmcufinder/plugins/mcufinder//mcu/
2023-11-25 11:02:44,119 [WARN] DbFile:41 - Overriding database path with different value: /home/insa/.stmcufinder/plugins/mcufinder/ => /home/insa/.stmcufinder/plugins/mcufinder
2023-11-25 11:02:44,119 [WARN] DbFile:41 - Overriding database path with different value: /home/insa/.stmcufinder/plugins/mcufinder/ => /home/insa/.stmcufinder/plugins/mcufinder
2023-11-25 11:02:44,119 [INFO] CrossReferenceDbSqlite:203 - Set database path to: /home/insa/.stmcufinder/plugins/mcufinder//mcu/cs/
2023-11-25 11:02:44,135 [INFO] ApplicationProperties:184 - Using Application install path: /opt/st/stm32cubeide_1.14.0/plugins/com.st.stm32cube.common.mx_6.10.0.202311202037
2023-11-25 11:02:44,136 [INFO] PluginManage:196 - Search for loadable plugins [exclusion list=, ]
2023-11-25 11:02:44,137 [INFO] PluginManage:310 - Check plugin analytics
2023-11-25 11:02:44,258 [INFO] AnalyticsPlugin:253 - Accepted Software Licenses: 
2023-11-25 11:02:44,258 [INFO] AnalyticsPlugin:255 - Accepted CMSIS Pack Licenses: 
2023-11-25 11:02:44,258 [INFO] AnalyticsPlugin:257 - Accepted Firmware Licenses: FW.F4.1.27.0,FW.L4.1.18.0
2023-11-25 11:02:44,260 [INFO] PluginManage:359 - Loaded plugin analytics (category:tool,tabindex:-1)
2023-11-25 11:02:44,260 [INFO] PluginManage:310 - Check plugin cadmodel
2023-11-25 11:02:44,286 [INFO] CADModel:105 - Init CAD model plugin
2023-11-25 11:02:44,287 [INFO] PluginManage:359 - Loaded plugin cadmodel (category:power,tabindex:5)
2023-11-25 11:02:44,287 [INFO] PluginManage:310 - Check plugin clock
2023-11-25 11:02:44,298 [INFO] PluginManage:359 - Loaded plugin clock (category:base,tabindex:2)
2023-11-25 11:02:44,298 [INFO] PluginManage:310 - Check plugin ddr
2023-11-25 11:02:44,300 [INFO] PluginManage:359 - Loaded plugin ddr (category:tool,tabindex:6)
2023-11-25 11:02:44,300 [INFO] PluginManage:310 - Check plugin filemanager
2023-11-25 11:02:44,472 [INFO] PluginManage:359 - Loaded plugin filemanager (category:base,tabindex:10)
2023-11-25 11:02:44,473 [INFO] PluginManage:310 - Check plugin ipmanager
2023-11-25 11:02:44,486 [INFO] PluginManage:359 - Loaded plugin ipmanager (category:base,tabindex:5)
2023-11-25 11:02:44,486 [INFO] PluginManage:310 - Check plugin lpbam
2023-11-25 11:02:44,505 [INFO] PluginManage:359 - Loaded plugin lpbam (category:base,tabindex:0)
2023-11-25 11:02:44,506 [INFO] PluginManage:310 - Check plugin memorymap
2023-11-25 11:02:44,522 [INFO] PluginManage:359 - Loaded plugin memorymap (category:base,tabindex:4)
2023-11-25 11:02:44,522 [INFO] PluginManage:310 - Check plugin pinoutandconfiguration
2023-11-25 11:02:44,532 [INFO] PluginManage:359 - Loaded plugin pinoutandconfiguration (category:base,tabindex:1)
2023-11-25 11:02:44,533 [INFO] PluginManage:310 - Check plugin pinoutconfig
2023-11-25 11:02:44,634 [WARN] SupportedApi:132 - Cannot load RTOS API schema: s4s-elt-must-match.1: The content of 'definitions' must match (annotation?, (simpleType | complexType)?, (unique | key | keyref)*)). A problem was found starting at: attribute.
2023-11-25 11:02:44,786 [INFO] PluginManage:359 - Loaded plugin pinoutconfig (category:base,tabindex:0)
2023-11-25 11:02:44,787 [INFO] PluginManage:310 - Check plugin power
2023-11-25 11:02:44,798 [INFO] PluginManage:359 - Loaded plugin power (category:power,tabindex:4)
2023-11-25 11:02:44,798 [INFO] PluginManage:310 - Check plugin projectmanager
2023-11-25 11:02:44,815 [INFO] PluginManage:359 - Loaded plugin projectmanager (category:projectmanager,tabindex:3)
2023-11-25 11:02:44,815 [INFO] PluginManage:310 - Check plugin thirdparty
2023-11-25 11:02:44,953 [WARN] IntegrityCheckThread:84 - waiting for thirdparty lock release [integrity check]
2023-11-25 11:02:44,953 [INFO] PluginManage:359 - Loaded plugin thirdparty (category:base,tabindex:-1)
2023-11-25 11:02:44,953 [INFO] IntegrityCheckThread:86 - entering critical section [integrity check]
2023-11-25 11:02:44,953 [INFO] PluginManage:310 - Check plugin tools
2023-11-25 11:02:44,953 [INFO] ThirdPartyUpdaterWithRetryManager:70 - Updater plugin not ready yet. [1/15]
2023-11-25 11:02:44,956 [INFO] PluginManage:359 - Loaded plugin tools (category:base,tabindex:7)
2023-11-25 11:02:44,956 [INFO] PluginManage:310 - Check plugin tutovideos
2023-11-25 11:02:45,142 [INFO] PluginManage:359 - Loaded plugin tutovideos (category:base,tabindex:-1)
2023-11-25 11:02:45,142 [INFO] PluginManage:310 - Check plugin updater
2023-11-25 11:02:45,154 [INFO] PluginManage:359 - Loaded plugin updater (category:base,tabindex:12)
2023-11-25 11:02:45,154 [INFO] PluginManage:310 - Check plugin userauth
2023-11-25 11:02:45,159 [INFO] UserAuth:114 - Init User Auth plugin
2023-11-25 11:02:45,159 [INFO] PluginManage:359 - Loaded plugin userauth (category:base,tabindex:14)
2023-11-25 11:02:45,159 [INFO] PluginManage:283 - PluginManage : Loaded plugins [17]
2023-11-25 11:02:45,340 [INFO] PinOutPanel:1499 - setPackage(No Configuration,No Configuration)
2023-11-25 11:02:45,395 [INFO] CADModel:165 - CPN selected for project level
2023-11-25 11:02:45,396 [INFO] CADModel:114 - Register for checkConnection events
2023-11-25 11:02:45,407 [INFO] IPUIPlugin:80 - create IPUIPlugin
2023-11-25 11:02:45,407 [INFO] PluginManager:220 - loadIPPluginJar : add spi
2023-11-25 11:02:45,409 [INFO] IPUIPlugin:80 - create IPUIPlugin
2023-11-25 11:02:45,409 [INFO] PluginManager:220 - loadIPPluginJar : add i3c
2023-11-25 11:02:45,410 [INFO] IPUIPlugin:80 - create IPUIPlugin
2023-11-25 11:02:45,410 [INFO] PluginManager:220 - loadIPPluginJar : add ltdc
2023-11-25 11:02:45,415 [INFO] IPUIPlugin:80 - create IPUIPlugin
2023-11-25 11:02:45,415 [INFO] PluginManager:220 - loadIPPluginJar : add gic
2023-11-25 11:02:45,416 [INFO] IPUIPlugin:80 - create IPUIPlugin
2023-11-25 11:02:45,417 [INFO] PluginManager:220 - loadIPPluginJar : add dfsdm
2023-11-25 11:02:45,419 [INFO] IPUIPlugin:80 - create IPUIPlugin
2023-11-25 11:02:45,419 [INFO] PluginManager:220 - loadIPPluginJar : add nvic
2023-11-25 11:02:45,425 [INFO] IPUIPlugin:80 - create IPUIPlugin
2023-11-25 11:02:45,426 [INFO] PluginManager:220 - loadIPPluginJar : add mdma
2023-11-25 11:02:45,428 [INFO] IPUIPlugin:80 - create IPUIPlugin
2023-11-25 11:02:45,428 [INFO] PluginManager:220 - loadIPPluginJar : add cryp
2023-11-25 11:02:45,430 [INFO] IPUIPlugin:80 - create IPUIPlugin
2023-11-25 11:02:45,430 [INFO] PluginManager:220 - loadIPPluginJar : add comp
2023-11-25 11:02:45,431 [INFO] IPUIPlugin:80 - create IPUIPlugin
2023-11-25 11:02:45,431 [INFO] PluginManager:220 - loadIPPluginJar : add fatfs
2023-11-25 11:02:45,433 [INFO] IPUIPlugin:80 - create IPUIPlugin
2023-11-25 11:02:45,433 [INFO] PluginManager:220 - loadIPPluginJar : add lorawan
2023-11-25 11:02:45,435 [INFO] IPUIPlugin:80 - create IPUIPlugin
2023-11-25 11:02:45,435 [INFO] PluginManager:220 - loadIPPluginJar : add dma3
2023-11-25 11:02:45,441 [INFO] IPUIPlugin:80 - create IPUIPlugin
2023-11-25 11:02:45,441 [INFO] PluginManager:220 - loadIPPluginJar : add freertos
2023-11-25 11:02:45,443 [INFO] IPUIPlugin:80 - create IPUIPlugin
2023-11-25 11:02:45,443 [INFO] PluginManager:220 - loadIPPluginJar : add hash
2023-11-25 11:02:45,446 [INFO] IPUIPlugin:80 - create IPUIPlugin
2023-11-25 11:02:45,447 [INFO] PluginManager:220 - loadIPPluginJar : add sai
2023-11-25 11:02:45,451 [INFO] IPUIPlugin:80 - create IPUIPlugin
2023-11-25 11:02:45,451 [INFO] PluginManager:220 - loadIPPluginJar : add opamp
2023-11-25 11:02:45,453 [INFO] IPUIPlugin:80 - create IPUIPlugin
2023-11-25 11:02:45,453 [INFO] PluginManager:220 - loadIPPluginJar : add touchsensing
2023-11-25 11:02:45,454 [INFO] IPUIPlugin:80 - create IPUIPlugin
2023-11-25 11:02:45,454 [INFO] PluginManager:220 - loadIPPluginJar : add ucpd
2023-11-25 11:02:45,455 [INFO] IPUIPlugin:80 - create IPUIPlugin
2023-11-25 11:02:45,455 [INFO] PluginManager:220 - loadIPPluginJar : add tsc
2023-11-25 11:02:45,457 [INFO] IPUIPlugin:80 - create IPUIPlugin
2023-11-25 11:02:45,457 [INFO] PluginManager:220 - loadIPPluginJar : add gtzc
2023-11-25 11:02:45,459 [INFO] IPUIPlugin:80 - create IPUIPlugin
2023-11-25 11:02:45,459 [INFO] PluginManager:220 - loadIPPluginJar : add usart
2023-11-25 11:02:45,464 [INFO] IPUIPlugin:80 - create IPUIPlugin
2023-11-25 11:02:45,464 [INFO] PluginManager:220 - loadIPPluginJar : add fmc
2023-11-25 11:02:45,468 [INFO] IPUIPlugin:80 - create IPUIPlugin
2023-11-25 11:02:45,471 [INFO] PluginManager:220 - loadIPPluginJar : add plateformsettings
2023-11-25 11:02:45,472 [INFO] IPUIPlugin:80 - create IPUIPlugin
2023-11-25 11:02:45,472 [INFO] PluginManager:220 - loadIPPluginJar : add genericplugin
2023-11-25 11:02:45,474 [INFO] IPUIPlugin:80 - create IPUIPlugin
2023-11-25 11:02:45,474 [INFO] PluginManager:220 - loadIPPluginJar : add resmgrutility
2023-11-25 11:02:45,475 [INFO] IPUIPlugin:80 - create IPUIPlugin
2023-11-25 11:02:45,475 [INFO] PluginManager:220 - loadIPPluginJar : add quadspi
2023-11-25 11:02:45,476 [INFO] IPUIPlugin:80 - create IPUIPlugin
2023-11-25 11:02:45,476 [INFO] PluginManager:220 - loadIPPluginJar : add tim
2023-11-25 11:02:45,483 [INFO] IPUIPlugin:80 - create IPUIPlugin
2023-11-25 11:02:45,484 [INFO] PluginManager:220 - loadIPPluginJar : add linkedlist
2023-11-25 11:02:45,486 [INFO] IPUIPlugin:80 - create IPUIPlugin
2023-11-25 11:02:45,486 [INFO] PluginManager:220 - loadIPPluginJar : add i2s
2023-11-25 11:02:45,491 [INFO] IPUIPlugin:80 - create IPUIPlugin
2023-11-25 11:02:45,491 [INFO] PluginManager:220 - loadIPPluginJar : add dma
2023-11-25 11:02:45,493 [INFO] IPUIPlugin:80 - create IPUIPlugin
2023-11-25 11:02:45,494 [INFO] PluginManager:220 - loadIPPluginJar : add ipddr
2023-11-25 11:02:45,499 [INFO] IPUIPlugin:80 - create IPUIPlugin
2023-11-25 11:02:45,499 [INFO] PluginManager:220 - loadIPPluginJar : add gpio
2023-11-25 11:02:45,500 [INFO] IPUIPlugin:80 - create IPUIPlugin
2023-11-25 11:02:45,501 [INFO] PluginManager:220 - loadIPPluginJar : add gfxmmu
2023-11-25 11:02:45,502 [INFO] IPUIPlugin:80 - create IPUIPlugin
2023-11-25 11:02:45,502 [INFO] PluginManager:220 - loadIPPluginJar : add aes
2023-11-25 11:02:45,504 [INFO] IPUIPlugin:80 - create IPUIPlugin
2023-11-25 11:02:45,504 [INFO] PluginManager:220 - loadIPPluginJar : add tracer_emb
2023-11-25 11:02:45,506 [INFO] IPUIPlugin:80 - create IPUIPlugin
2023-11-25 11:02:45,506 [INFO] PluginManager:220 - loadIPPluginJar : add i2c
2023-11-25 11:02:45,510 [INFO] IPUIPlugin:80 - create IPUIPlugin
2023-11-25 11:02:45,510 [INFO] PluginManager:220 - loadIPPluginJar : add stm32_wpan
2023-11-25 11:02:45,511 [INFO] IPUIPlugin:80 - create IPUIPlugin
2023-11-25 11:02:45,511 [INFO] PluginManager:220 - loadIPPluginJar : add ts
2023-11-25 11:02:45,514 [INFO] IPUIPlugin:80 - create IPUIPlugin
2023-11-25 11:02:45,514 [INFO] PluginManager:220 - loadIPPluginJar : add can
2023-11-25 11:02:45,519 [INFO] IPUIPlugin:80 - create IPUIPlugin
2023-11-25 11:02:45,519 [INFO] PluginManager:220 - loadIPPluginJar : add adc
2023-11-25 11:02:45,521 [INFO] IPUIPlugin:80 - create IPUIPlugin
2023-11-25 11:02:45,521 [INFO] PluginManager:220 - loadIPPluginJar : add usbx
2023-11-25 11:02:45,523 [INFO] IPUIPlugin:80 - create IPUIPlugin
2023-11-25 11:02:45,523 [INFO] PluginManager:220 - loadIPPluginJar : add pdm2pcm
2023-11-25 11:02:45,525 [INFO] IPUIPlugin:80 - create IPUIPlugin
2023-11-25 11:02:45,525 [INFO] PluginManager:220 - loadIPPluginJar : add openamp
2023-11-25 11:02:45,622 [INFO] CADModel:165 - CPN selected for project level
2023-11-25 11:02:45,623 [INFO] CADModel:114 - Register for checkConnection events
2023-11-25 11:02:45,623 [FATAL] Updater:308 - Updater called before beeing initialized
2023-11-25 11:02:45,623 [ERROR] CADModel:125 - Updater not yet initialized, retry later 
2023-11-25 11:02:45,728 [INFO] CADModel:165 - CPN selected for project level
2023-11-25 11:02:45,729 [INFO] CADModel:114 - Register for checkConnection events
2023-11-25 11:02:45,729 [FATAL] Updater:308 - Updater called before beeing initialized
2023-11-25 11:02:45,729 [ERROR] CADModel:125 - Updater not yet initialized, retry later 
2023-11-25 11:02:45,733 [FATAL] Updater:308 - Updater called before beeing initialized
2023-11-25 11:02:45,805 [FATAL] Updater:308 - Updater called before beeing initialized
2023-11-25 11:02:45,808 [INFO] DbMcusAds:53 - JSON generation date=Tue Mar 07 09:50:55 CET 2023 (1678179055335)
2023-11-25 11:02:45,809 [FATAL] Updater:308 - Updater called before beeing initialized
2023-11-25 11:02:45,844 [WARN] DetailPanel:346 - Failed to get advertising image, set to default
2023-11-25 11:02:45,927 [FATAL] Updater:308 - Updater called before beeing initialized
2023-11-25 11:02:45,928 [FATAL] Updater:308 - Updater called before beeing initialized
2023-11-25 11:02:45,929 [FATAL] Updater:308 - Updater called before beeing initialized
2023-11-25 11:02:45,929 [WARN] DetailPanel:346 - Failed to get advertising image, set to default
2023-11-25 11:02:45,930 [FATAL] Updater:308 - Updater called before beeing initialized
2023-11-25 11:02:45,957 [ERROR] Updater:1120 - MainUpdater not yet initialized. External WinMGr cannot be set.
2023-11-25 11:02:45,958 [INFO] Updater:1056 - Updater Version found : 6.10.0
2023-11-25 11:02:45,978 [INFO] ApplicationProperties:184 - Using Application install path: /opt/st/stm32cubeide_1.14.0/plugins/com.st.stm32cube.common.mx_6.10.0.202311202037
2023-11-25 11:02:46,242 [INFO] MainUpdater:2873 - connection check result : 10
2023-11-25 11:02:46,243 [INFO] MainUpdater:290 - Updater Check For Update Now.
2023-11-25 11:02:46,243 [INFO] MicroXplorer:498 - Change Database Version : DB.6.0.100
2023-11-25 11:02:46,247 [INFO] McuFinderGlobals:63 - Set McuFinder mode to 2 (CubeIDE integrated)
2023-11-25 11:02:46,434 [INFO] CheckServerUpdateThread:120 - End of CheckServer Thread
2023-11-25 11:02:46,438 [INFO] UserAuth:404 - Internet connection configuration mode: 1
2023-11-25 11:02:46,449 [INFO] JxBrowserEngine:152 - Initiate JxBrowser Engine with user profile folder
2023-11-25 11:02:47,571 [INFO] WebApp:161 - Instantiating new browser for Auth
2023-11-25 11:02:48,027 [WARN] PackLoader:240 - Cannot read IP mode file for STMicroelectronics.X-CUBE-SMBUS.2.1.0
2023-11-25 11:02:48,058 [WARN] PackLoader:240 - Cannot read IP mode file for STMicroelectronics.X-CUBE-AZRTOS-F7.1.1.0
2023-11-25 11:02:48,070 [WARN] PackLoader:240 - Cannot read IP mode file for STMicroelectronics.FP-SNS-MOTENV1.4.3.2
2023-11-25 11:02:48,077 [WARN] PackLoader:240 - Cannot read IP mode file for STMicroelectronics.FP-SNS-FLIGHT1.5.0.2
2023-11-25 11:02:48,087 [WARN] PackLoader:240 - Cannot read IP mode file for STMicroelectronics.X-CUBE-DISPLAY.3.0.0
2023-11-25 11:02:48,100 [WARN] PackLoader:240 - Cannot read IP mode file for STMicroelectronics.X-CUBE-BLE1.7.0.0
2023-11-25 11:02:48,105 [INFO] WebApp:780 - Register for checkConnection events
2023-11-25 11:02:48,105 [INFO] WebApp:414 - Apply proxy settings
2023-11-25 11:02:48,106 [INFO] WebApp:499 - Chromium requires no authentication
2023-11-25 11:02:48,106 [WARN] PackLoader:240 - Cannot read IP mode file for emotas.I-CUBE-CANOPEN.1.3.0
2023-11-25 11:02:48,109 [WARN] PackLoader:240 - Cannot read IP mode file for STMicroelectronics.X-CUBE-TOUCHGFX.4.22.1
2023-11-25 11:02:48,113 [INFO] WebApp:442 - Direct internet connection detected
2023-11-25 11:02:48,113 [WARN] PackLoader:240 - Cannot read IP mode file for STMicroelectronics.FP-SNS-SMARTAG2.1.2.0
2023-11-25 11:02:48,156 [INFO] LogOutputStream:77 - [STDOUT_REDIRECT] 1 : Invalid condition id : UX_CORESTACK_Condition cause : null
2023-11-25 11:02:48,156 [INFO] LogOutputStream:77 - [STDOUT_REDIRECT] 1 : Invalid condition id : UX_CORESTACK_Condition cause : null
2023-11-25 11:02:48,157 [INFO] LogOutputStream:77 - [STDOUT_REDIRECT] 1 : Invalid condition id : UX_CORESTACK_Condition cause : null
2023-11-25 11:02:48,157 [INFO] LogOutputStream:77 - [STDOUT_REDIRECT] 1 : Invalid condition id : UX_CORESTACK_Condition cause : null
2023-11-25 11:02:48,157 [INFO] LogOutputStream:77 - [STDOUT_REDIRECT] 1 : Invalid condition id : UX_CORESTACK_Condition cause : null
2023-11-25 11:02:48,160 [WARN] PackLoader:240 - Cannot read IP mode file for STMicroelectronics.X-CUBE-AZRTOS-WL.2.0.0
2023-11-25 11:02:48,169 [WARN] PackLoader:240 - Cannot read IP mode file for WES.I-CUBE-Cesium.1.3.0
2023-11-25 11:02:48,174 [WARN] PackLoader:240 - Cannot read IP mode file for STMicroelectronics.X-CUBE-BLE2.3.3.0
2023-11-25 11:02:48,181 [WARN] PackLoader:240 - Cannot read IP mode file for STMicroelectronics.X-CUBE-ALGOBUILD.1.3.0
2023-11-25 11:02:48,205 [WARN] PackLoader:240 - Cannot read IP mode file for STMicroelectronics.X-CUBE-AZRTOS-G0.1.1.0
2023-11-25 11:02:48,213 [WARN] PackLoader:240 - Cannot read IP mode file for STMicroelectronics.X-CUBE-NFC4.3.0.0
2023-11-25 11:02:48,224 [WARN] PackLoader:240 - Cannot read IP mode file for STMicroelectronics.X-CUBE-BLEMGR.3.0.0
2023-11-25 11:02:48,229 [WARN] PackLoader:240 - Cannot read IP mode file for STMicroelectronics.FP-ATR-SIGFOX1.3.2.0
2023-11-25 11:02:48,233 [WARN] PackLoader:240 - Cannot read IP mode file for STMicroelectronics.X-CUBE-GNSS1.6.0.0
2023-11-25 11:02:48,249 [WARN] PackLoader:240 - Cannot read IP mode file for STMicroelectronics.X-CUBE-AZRTOS-F4.1.1.0
2023-11-25 11:02:48,255 [WARN] PackLoader:240 - Cannot read IP mode file for wolfSSL.I-CUBE-wolfSSL.5.6.4
2023-11-25 11:02:48,274 [WARN] PackLoader:240 - Cannot read IP mode file for STMicroelectronics.X-CUBE-AZRTOS-L5.2.0.0
2023-11-25 11:02:48,281 [WARN] PackLoader:240 - Cannot read IP mode file for STMicroelectronics.X-CUBE-EEPRMA1.4.2.0
2023-11-25 11:02:48,286 [WARN] PackLoader:240 - Cannot read IP mode file for ITTIA_DB.I-CUBE-ITTIADB.8.8.0
2023-11-25 11:02:48,303 [INFO] WebApp:192 - Starting web application
2023-11-25 11:02:48,303 [INFO] WebApp:544 - Web application path used /opt/st/stm32cubeide_1.14.0/plugins/com.st.stm32cube.common.mx_6.10.0.202311202037/db/plugins/mcufinder/reactClient1/index.html
2023-11-25 11:02:48,311 [WARN] ConditionMgr:438 - getConditionDescription Invalid condition id : UX DEVICE CLASS RTOS Condition cause : null
2023-11-25 11:02:48,315 [WARN] ConditionMgr:438 - getConditionDescription Invalid condition id : UX DEVICE CLASS RTOS Condition cause : null
2023-11-25 11:02:48,321 [WARN] PackLoader:240 - Cannot read IP mode file for STMicroelectronics.X-CUBE-AZRTOS-H7.3.1.0
2023-11-25 11:02:48,322 [WARN] ConditionMgr:1039 - genDependencies : Invalid condition id : UX DEVICE CLASS RTOS Condition cause : null
2023-11-25 11:02:48,323 [WARN] ConditionMgr:1039 - genDependencies : Invalid condition id : UX DEVICE CLASS RTOS Condition cause : null
2023-11-25 11:02:48,323 [WARN] ConditionMgr:1039 - genDependencies : Invalid condition id : UX DEVICE CLASS RTOS Condition cause : null
2023-11-25 11:02:48,324 [WARN] ConditionMgr:1039 - genDependencies : Invalid condition id : UX DEVICE CLASS RTOS Condition cause : null
2023-11-25 11:02:48,324 [WARN] ConditionMgr:1039 - genDependencies : Invalid condition id : UX DEVICE CLASS RTOS Condition cause : null
2023-11-25 11:02:48,338 [WARN] PackLoader:240 - Cannot read IP mode file for STMicroelectronics.X-CUBE-NFC7.1.0.1
2023-11-25 11:02:48,350 [WARN] PackLoader:240 - Cannot read IP mode file for STMicroelectronics.X-CUBE-NFC6.3.0.0
2023-11-25 11:02:48,357 [WARN] PackLoader:240 - Cannot read IP mode file for STMicroelectronics.X-CUBE-AI.8.1.0
2023-11-25 11:02:48,378 [WARN] ConditionMgr:438 - getConditionDescription Invalid condition id : LAN8742 Phy interface Condition cause : null
2023-11-25 11:02:48,379 [WARN] PackLoader:240 - Cannot read IP mode file for STMicroelectronics.X-CUBE-AZRTOS-L4.2.0.0
2023-11-25 11:02:48,380 [WARN] ConditionMgr:1039 - genDependencies : Invalid condition id : LAN8742 Phy interface Condition cause : null
2023-11-25 11:02:48,381 [WARN] ConditionMgr:1039 - genDependencies : Invalid condition id : LAN8742 Phy interface Condition cause : null
2023-11-25 11:02:48,381 [WARN] ConditionMgr:1039 - genDependencies : Invalid condition id : LAN8742 Phy interface Condition cause : null
2023-11-25 11:02:48,389 [WARN] PackLoader:240 - Cannot read IP mode file for STMicroelectronics.X-CUBE-SFXS2LP1.4.0.0
2023-11-25 11:02:48,394 [WARN] PackLoader:240 - Cannot read IP mode file for STMicroelectronics.X-CUBE-ISPU.1.1.0
2023-11-25 11:02:48,409 [WARN] ConditionMgr:438 - getConditionDescription Invalid condition id : UX DEVICE CLASS RTOS Condition cause : null
2023-11-25 11:02:48,410 [WARN] ConditionMgr:438 - getConditionDescription Invalid condition id : UX DEVICE CLASS RTOS Condition cause : null
2023-11-25 11:02:48,413 [WARN] PackLoader:240 - Cannot read IP mode file for STMicroelectronics.X-CUBE-AZRTOS-WB.2.0.0
2023-11-25 11:02:48,413 [WARN] ConditionMgr:1039 - genDependencies : Invalid condition id : UX DEVICE CLASS RTOS Condition cause : null
2023-11-25 11:02:48,414 [WARN] ConditionMgr:1039 - genDependencies : Invalid condition id : UX DEVICE CLASS RTOS Condition cause : null
2023-11-25 11:02:48,414 [WARN] ConditionMgr:1039 - genDependencies : Invalid condition id : UX DEVICE CLASS RTOS Condition cause : null
2023-11-25 11:02:48,415 [WARN] ConditionMgr:1039 - genDependencies : Invalid condition id : UX DEVICE CLASS RTOS Condition cause : null
2023-11-25 11:02:48,415 [WARN] ConditionMgr:1039 - genDependencies : Invalid condition id : UX DEVICE CLASS RTOS Condition cause : null
2023-11-25 11:02:48,434 [WARN] PackLoader:240 - Cannot read IP mode file for STMicroelectronics.X-CUBE-SUBG2.5.0.0
2023-11-25 11:02:48,452 [WARN] PackLoader:240 - Cannot read IP mode file for STMicroelectronics.X-CUBE-TOF1.3.3.1
2023-11-25 11:02:48,501 [WARN] PackLoader:240 - Cannot read IP mode file for STMicroelectronics.X-CUBE-AZRTOS-G4.2.0.0
2023-11-25 11:02:48,526 [WARN] PackLoader:240 - Cannot read IP mode file for Infineon.AIROC-Wi-Fi-Bluetooth-STM32.1.5.1
2023-11-25 11:02:48,543 [WARN] PackLoader:240 - Cannot read IP mode file for STMicroelectronics.FP-SNS-MOTENVWB1.1.3.0
2023-11-25 11:02:48,589 [WARN] PackLoader:240 - Cannot read IP mode file for STMicroelectronics.X-CUBE-MEMS1.10.0.0
2023-11-25 11:02:48,777 [WARN] PackLoader:240 - Cannot read IP mode file for STMicroelectronics.X-CUBE-FREERTOS.1.1.0
2023-11-25 11:02:48,783 [WARN] PackLoader:240 - Cannot read IP mode file for portGmbH.I-Cube-SoM-uGOAL.1.1.0
2023-11-25 11:02:48,788 [WARN] PackLoader:240 - Cannot read IP mode file for STMicroelectronics.X-CUBE-ALS.1.0.1
2023-11-25 11:02:48,793 [WARN] PackLoader:240 - Cannot read IP mode file for STMicroelectronics.FP-ATR-ASTRA1.2.0.0
2023-11-25 11:02:48,794 [INFO] ThirdParty:978 - Integrity check success = true
2023-11-25 11:02:48,794 [INFO] IntegrityCheckThread:100 - exiting critical section [integrity check]
2023-11-25 11:02:48,794 [INFO] IntegrityCheckThread:103 - End integrity checks thread
2023-11-25 11:03:08,707 [ERROR] LogOutputStream:75 - [STDERR_REDIRECT] SLF4J: Failed to load class "org.slf4j.impl.StaticLoggerBinder".
2023-11-25 11:03:08,708 [ERROR] LogOutputStream:75 - [STDERR_REDIRECT] SLF4J: Defaulting to no-operation (NOP) logger implementation
2023-11-25 11:03:08,708 [ERROR] LogOutputStream:75 - [STDERR_REDIRECT] SLF4J: See http://www.slf4j.org/codes.html#StaticLoggerBinder for further details.
2023-11-25 12:33:06,298 [INFO] McuFinderGlobals:63 - Set McuFinder mode to 2 (CubeIDE integrated)
2023-11-25 12:33:06,300 [INFO] MainUpdater:2873 - connection check result : 10
2023-11-25 12:33:06,300 [INFO] MainUpdater:2873 - connection check result : 10
2023-11-25 12:33:06,324 [INFO] MicroXplorer:468 - Change Database Path : 
2023-11-25 12:33:06,324 [INFO] MicroXplorer:498 - Change Database Version : DB.6.0.100
2023-11-25 12:33:06,327 [WARN] ThirdParty:871 - waiting for thirdparty lock release [close project]
2023-11-25 12:33:06,327 [INFO] ThirdParty:873 - entering critical section [close project]
2023-11-25 12:33:06,328 [INFO] ThirdParty:883 - exiting critical section [close project]
2023-11-25 12:33:06,329 [INFO] PinOutPanel:1499 - setPackage(No Configuration,No Configuration)
2023-11-25 12:33:06,332 [INFO] UtilMem:75 - Begin LoadConfig() Used Memory: 250468832 Bytes (685768704)
2023-11-25 12:33:06,334 [INFO] MicroXplorer:468 - Change Database Path : 
2023-11-25 12:33:06,335 [INFO] MicroXplorer:498 - Change Database Version : DB.6.0.100
2023-11-25 12:33:06,335 [INFO] OpenFileManager:312 - Change cursor
2023-11-25 12:33:06,368 [INFO] Mcu:2016 - Initializing MCU STM32L476R(C-E-G)Tx STM32L476RGTx STM32L476RGT3
2023-11-25 12:33:07,412 [INFO] Context:659 - Trying to add GPIOservice into a context  which must be forbidden
2023-11-25 12:33:07,910 [INFO] RtosManager:555 - Registered RTOS mode: class=CMSIS, group=RTOS, mode=CMSIS_V1, owner=FREERTOS
2023-11-25 12:33:07,911 [INFO] RtosManager:555 - Registered RTOS mode: class=CMSIS, group=RTOS2, mode=CMSIS_V2, owner=FREERTOS
2023-11-25 12:33:07,911 [INFO] RtosManager:555 - Registered RTOS mode: class=RTOS, group=Core, mode=CMSIS_V1, owner=FREERTOS
2023-11-25 12:33:07,911 [INFO] RtosManager:555 - Registered RTOS mode: class=RTOS, group=Core, mode=CMSIS_V2, owner=FREERTOS
2023-11-25 12:33:07,911 [WARN] ModelIntegratedComponent:184 - Missing modes for component STMicroelectronics:FreeRTOS:0.0.1:STMicroelectronics:RTOS:FreeRTOS:Core:::10.2.0:
2023-11-25 12:33:07,923 [WARN] ModelIntegratedComponent:63 - No mode defined for component null
2023-11-25 12:33:07,923 [WARN] ModelIntegratedComponent:63 - No mode defined for component null
2023-11-25 12:33:07,923 [WARN] ModelIntegratedComponent:63 - No mode defined for component null
2023-11-25 12:33:07,923 [WARN] ModelIntegratedComponent:63 - No mode defined for component null
2023-11-25 12:33:07,923 [WARN] ModelIntegratedComponent:63 - No mode defined for component null
2023-11-25 12:33:07,923 [WARN] ModelIntegratedComponent:63 - No mode defined for component null
2023-11-25 12:33:07,923 [WARN] ModelIntegratedComponent:63 - No mode defined for component null
2023-11-25 12:33:07,923 [WARN] ModelIntegratedComponent:63 - No mode defined for component null
2023-11-25 12:33:07,923 [WARN] ModelIntegratedComponent:63 - No mode defined for component null
2023-11-25 12:33:07,923 [WARN] ModelIntegratedComponent:63 - No mode defined for component null
2023-11-25 12:33:07,923 [WARN] ModelIntegratedComponent:63 - No mode defined for component null
2023-11-25 12:33:07,923 [WARN] ModelIntegratedComponent:63 - No mode defined for component null
2023-11-25 12:33:07,923 [WARN] ModelIntegratedComponent:63 - No mode defined for component null
2023-11-25 12:33:07,924 [WARN] ModelIntegratedComponent:63 - No mode defined for component null
2023-11-25 12:33:07,924 [WARN] ModelIntegratedComponent:63 - No mode defined for component null
2023-11-25 12:33:07,924 [WARN] ModelIntegratedComponent:63 - No mode defined for component null
2023-11-25 12:33:07,924 [WARN] ModelIntegratedComponent:63 - No mode defined for component null
2023-11-25 12:33:07,924 [WARN] ModelIntegratedComponent:63 - No mode defined for component null
2023-11-25 12:33:07,924 [WARN] ModelIntegratedComponent:63 - No mode defined for component null
2023-11-25 12:33:07,924 [WARN] ModelIntegratedComponent:63 - No mode defined for component null
2023-11-25 12:33:07,924 [WARN] ModelIntegratedComponent:63 - No mode defined for component null
2023-11-25 12:33:07,924 [WARN] ModelIntegratedComponent:63 - No mode defined for component null
2023-11-25 12:33:07,924 [WARN] ModelIntegratedComponent:63 - No mode defined for component null
2023-11-25 12:33:07,924 [WARN] ModelIntegratedComponent:63 - No mode defined for component null
2023-11-25 12:33:07,924 [WARN] ModelIntegratedComponent:63 - No mode defined for component null
2023-11-25 12:33:07,924 [WARN] ModelIntegratedComponent:63 - No mode defined for component null
2023-11-25 12:33:07,924 [WARN] ModelIntegratedComponent:63 - No mode defined for component null
2023-11-25 12:33:07,924 [WARN] ModelIntegratedComponent:63 - No mode defined for component null
2023-11-25 12:33:07,924 [WARN] ModelIntegratedComponent:63 - No mode defined for component null
2023-11-25 12:33:07,924 [WARN] ModelIntegratedComponent:63 - No mode defined for component null
2023-11-25 12:33:07,924 [WARN] ModelIntegratedComponent:63 - No mode defined for component null
2023-11-25 12:33:07,924 [WARN] ModelIntegratedComponent:63 - No mode defined for component null
2023-11-25 12:33:07,924 [WARN] ModelIntegratedComponent:63 - No mode defined for component null
2023-11-25 12:33:07,978 [INFO] ThirdPartyModel:298 - Start build external matchings
2023-11-25 12:33:08,132 [INFO] ThirdPartyModel:316 - End build external matchings
2023-11-25 12:33:08,141 [INFO] ImportTextPane:194 - (OptionalMessage_ERROR) IP (ADC1) : Parameter (CommonPathInternal) has invalid value (null|null|null|null)
2023-11-25 12:33:08,141 [INFO] ImportTextPane:194 - (OptionalMessage_ERROR) IP (ADC2) : Parameter (CommonPathInternal) has invalid value (null|null|null|null)
2023-11-25 12:33:08,143 [INFO] ImportTextPane:194 - (OptionalMessage_ERROR) IP (RCC) : Invalid parameter (FamilyName)
2023-11-25 12:33:08,144 [INFO] ImportTextPane:194 - (OptionalMessage_ERROR) IP (RCC) : Parameter (RNGFreq_Value) has invalid value (64000000)
2023-11-25 12:33:08,145 [INFO] ImportTextPane:194 - (OptionalMessage_ERROR) IP (RCC) : Parameter (SDMMCFreq_Value) has invalid value (64000000)
2023-11-25 12:33:08,145 [INFO] ImportTextPane:194 - (OptionalMessage_ERROR) IP (RCC) : Parameter (USBFreq_Value) has invalid value (64000000)
2023-11-25 12:33:08,360 [INFO] UtilMem:75 - End LoadConfig() Used Memory: 327744880 Bytes (685768704)
2023-11-25 12:33:08,454 [INFO] ApiDb:581 - Connected to CubeFinder SQLite database (/home/insa/.stmcufinder/plugins/mcufinder/mcu/cube-finder-db.db)
2023-11-25 12:33:08,494 [INFO] ApiDb:668 - CubeFinder database Data Model version=2.1
2023-11-25 12:33:08,494 [INFO] ApiDb:669 - CubeFinder database Configuration version=3.0.37
2023-11-25 12:33:08,495 [INFO] ApiDb:670 - CubeFinder database generation date=2023-10-13 (1697197505)
2023-11-25 12:33:08,495 [INFO] ApiDb:671 - CubeFinder database FW Pack versions=[FP-ATR-ASTRA1_V2.0.0, FP-SNS-FLIGHT1_V5.0.1, FP-SNS-FLIGHT1_V5.0.2, FP-SNS-MOTENV1_V4.3.1, FP-SNS-MOTENV1_V4.3.2, FP-SNS-SMARTAG2_V1.2.0, I-CUBE-ITTIADB_V8.6.3-1, STM32Cube_FW_C0_V1.1.0, STM32Cube_FW_F4_V1.27.1, STM32Cube_FW_F7_V1.17.0, STM32Cube_FW_G0_V1.6.1, STM32Cube_FW_G4_V1.5.1, STM32Cube_FW_H5_V0.5.1, STM32Cube_FW_H5_V1.1.1, STM32Cube_FW_H7_V1.11.0, STM32Cube_FW_L0_V1.12.2, STM32Cube_FW_L5_V1.5.0, STM32Cube_FW_U5_V1.3.0, STM32Cube_FW_U5_V1.3.0RC4, STM32Cube_FW_WBA_V1.0.0RC1, STM32Cube_FW_WBA_V1.1.0RC1, STM32Cube_FW_WBA_V1.1.1, STM32Cube_FW_WB_V1.15.0RC1, STM32Cube_FW_WB_V1.16.0, STM32Cube_FW_WB_V1.16.0RC2, STM32Cube_FW_WB_V1.17.3, STM32Cube_FW_WL_V1.3.0, X-CUBE-ALGOBUILD_V1.3.0, X-CUBE-ALS_V1.0.1, X-CUBE-AZRTOS-F4_V1.1.0, X-CUBE-AZRTOS-F7_V1.1.0, X-CUBE-AZRTOS-G0_V1.1.0, X-CUBE-AZRTOS-G4_V2.0.0, X-CUBE-AZRTOS-H7_V3.1.0, X-CUBE-AZRTOS-L4_V1.0.0, X-CUBE-AZRTOS-L4_V2.0.0, X-CUBE-AZRTOS-L5_V1.1.0, X-CUBE-AZRTOS-WB_V2.0.0, X-CUBE-AZRTOS-WL_V2.0.0, X-CUBE-BLE1_V7.0.0, X-CUBE-BLE2_V3.3.0, X-CUBE-BLEMGR_V2.0.0, X-CUBE-EEPRMA1_V4.1.0, X-CUBE-FREERTOS_V1.1.0, X-CUBE-GNSS1_V6.0.0, X-CUBE-MEMS1_V10.0.0, X-CUBE-MEMS1_V9.1.0, X-CUBE-MEMS1_V9.4.0, X-CUBE-MEMS1_V9.6.0, X-CUBE-NFC4_V3.0.0, X-CUBE-NFC7_V1.0.1, X-CUBE-SFXS2LP1_V4.0.0, X-CUBE-SUBG2_V5.0.0, X-CUBE-TOF1_V3.3.1]
2023-11-25 12:33:09,840 [ERROR] DbMcusSqlite:539 - Found 1 error(s) while decoding attributes due to database compatibility issues
2023-11-25 12:33:09,841 [ERROR] DbMcusSqlite:541 - SQL statement error: no such column: 'AMCTimer' (3848)
2023-11-25 12:33:09,842 [INFO] ApiDb:240 - Found 371 in-development CPN: [B-G473E-ZEST1S, B-WB1M-WPAN1, B-WL5M-SUBG1, NUCLEO-C031C6, NUCLEO-H503RB, NUCLEO-H563ZI, NUCLEO-U545RE-Q, NUCLEO-U5A5ZJ-Q, NUCLEO-WBA52CG, NUCLEO-WBA55CG, STEVAL-MKBOXPRO, STEVAL-PROTEUS1, STEVAL-STWINBX1, STM320518-EVAL, STM32C0116-DK, STM32C011D6Y3TR, STM32C011D6Y6TR, STM32C011F4P3, STM32C011F4P6, STM32C011F4U3, STM32C011F4U6TR, STM32C011F6P3, STM32C011F6P6, STM32C011F6U3, STM32C011F6U6TR, STM32C011J4M3, STM32C011J4M6, STM32C011J6M3, STM32C011J6M6, STM32C0316-DK, STM32C031C4T3, STM32C031C4T6, STM32C031C4U3, STM32C031C4U6, STM32C031C6T3, STM32C031C6T6, STM32C031C6U3, STM32C031C6U6, STM32C031F4P3, STM32C031F4P6, STM32C031F6P3, STM32C031F6P6, STM32C031G4U3, STM32C031G4U6, STM32C031G6U3, STM32C031G6U6, STM32C031K4T3, STM32C031K4T6, STM32C031K4U3, STM32C031K4U6, STM32C031K6T3, STM32C031K6T6, STM32C031K6U3, STM32C031K6U6, STM32G071K8TXN, STM32G071K8UXN, STM32G081GBU6N, STM32G081KBT6N, STM32G081KBUXN, STM32G0B1CCT6N, STM32G0B1KCT6, STM32G0B1NEY6TR, STM32G0B1RCT6N, STM32G0C1CCT6, STM32G0C1CCT6N, STM32G0C1CCU6N, STM32G0C1CET6N, STM32G0C1CEU6N, STM32G0C1KCT6, STM32G0C1NEY6TR, STM32G0C1RCI6N, STM32G0C1RCT6N, STM32G0C1REI6N, STM32G0C1RET6N, STM32G0C1VCI6, STM32G0C1VEI6, STM32G471CCT6, STM32G471CCU6, STM32G471CET3, STM32G471CET6, STM32G471CEU3, STM32G471CEU6, STM32G471MCT6, STM32G471MET3, STM32G471MET6, STM32G471MEY6TR, STM32G471QCT6, STM32G471QET3, STM32G471RCT6, STM32G471RET3, STM32G471RET6, STM32G471VCH6, STM32G471VCI6, STM32G471VCT6, STM32G471VEH3, STM32G471VEH6, STM32G471VEI3, STM32G471VEI6, STM32G471VET3, STM32G471VET6, STM32G474CCT6, STM32H503CBT6, STM32H503CBU6, STM32H503EBY6TR, STM32H503KBU6, STM32H503RBT6, STM32H562AGI6, STM32H562AII6, STM32H562IGK6, STM32H562IGT6, STM32H562IIK6, STM32H562IIT6, STM32H562RGT6, STM32H562RGV6, STM32H562RIT6, STM32H562RIV6, STM32H562VGT6, STM32H562VIT6, STM32H562ZGT6, STM32H562ZIT6, STM32H563AGI6, STM32H563AII3Q, STM32H563AII6, STM32H563IGK6, STM32H563IGT6, STM32H563IIK3Q, STM32H563IIK6, STM32H563IIT3Q, STM32H563IIT6, STM32H563MIY3QTR, STM32H563RGT6, STM32H563RGV6, STM32H563RIT6, STM32H563RIV6, STM32H563VGT6, STM32H563VIT3Q, STM32H563VIT6, STM32H563ZGT6, STM32H563ZIT3Q, STM32H563ZIT6, STM32H573AII3Q, STM32H573AII6, STM32H573I-DK, STM32H573IIK3Q, STM32H573IIK6, STM32H573IIT3Q, STM32H573IIT6, STM32H573MIY3QTR, STM32H573RIT6, STM32H573RIV6, STM32H573VIT3Q, STM32H573VIT6, STM32H573ZIT3Q, STM32H573ZIT6, STM32L4R5QGI6STR, STM32MP131AAE3, STM32MP131AAF3, STM32MP131AAG3, STM32MP131CAE3, STM32MP131CAF3, STM32MP131CAG3, STM32MP131DAE7, STM32MP131DAF7, STM32MP131DAG7, STM32MP131FAE7, STM32MP131FAF7, STM32MP131FAG7, STM32MP133AAE3, STM32MP133AAF3, STM32MP133AAG3, STM32MP133CAE3, STM32MP133CAF3, STM32MP133CAG3, STM32MP133DAE7, STM32MP133DAF7, STM32MP133DAG7, STM32MP133FAE7, STM32MP133FAF7, STM32MP133FAG7, STM32MP135AAE3, STM32MP135AAF3, STM32MP135AAG3, STM32MP135CAE3, STM32MP135CAF3, STM32MP135CAG3, STM32MP135DAE7, STM32MP135DAF7, STM32MP135DAG7, STM32MP135F-DK, STM32MP135FAE7, STM32MP135FAF7, STM32MP135FAF7T, STM32MP135FAF7U, STM32MP135FAG7, STM32U535CBT6, STM32U535CBT6Q, STM32U535CBU6, STM32U535CBU6Q, STM32U535CCT6, STM32U535CCT6Q, STM32U535CCU6, STM32U535CCU6Q, STM32U535CET6, STM32U535CET6Q, STM32U535CEU6, STM32U535CEU6Q, STM32U535JEY6QTR, STM32U535NCY6QTR, STM32U535NEY6QTR, STM32U535RBI6, STM32U535RBI6Q, STM32U535RBT6, STM32U535RBT6Q, STM32U535RCI6, STM32U535RCI6Q, STM32U535RCT6, STM32U535RCT6Q, STM32U535REI6, STM32U535REI6Q, STM32U535RET6, STM32U535RET6Q, STM32U535VCI6, STM32U535VCI6Q, STM32U535VCT6, STM32U535VCT6Q, STM32U535VEI6, STM32U535VEI6Q, STM32U535VET6, STM32U535VET6Q, STM32U545CET6, STM32U545CET6Q, STM32U545CEU6, STM32U545CEU6Q, STM32U545JEY6QTR, STM32U545NEY6QTR, STM32U545REI6, STM32U545REI6Q, STM32U545RET6, STM32U545RET6Q, STM32U545VEI6, STM32U545VEI6Q, STM32U545VET6, STM32U545VET6Q, STM32U595AIH6, STM32U595AIH6Q, STM32U595AJH6, STM32U595AJH6Q, STM32U595QII6, STM32U595QII6Q, STM32U595QJI6, STM32U595QJI6Q, STM32U595RIT6, STM32U595RIT6Q, STM32U595RJT6, STM32U595RJT6Q, STM32U595VIT6, STM32U595VIT6Q, STM32U595VJT6, STM32U595VJT6Q, STM32U595ZIT6, STM32U595ZIT6Q, STM32U595ZIY6QTR, STM32U595ZJT6, STM32U595ZJT6Q, STM32U595ZJY6QTR, STM32U599BJY6QTR, STM32U599NIH6Q, STM32U599NJH6Q, STM32U599VIT6Q, STM32U599VJT6, STM32U599VJT6Q, STM32U599ZIT6Q, STM32U599ZIY6QTR, STM32U599ZJT6Q, STM32U599ZJY6QTR, STM32U5A5AJH6, STM32U5A5AJH6Q, STM32U5A5QJI6, STM32U5A5QJI6Q, STM32U5A5RJT6, STM32U5A5RJT6Q, STM32U5A5VJT6, STM32U5A5VJT6Q, STM32U5A5ZJT6, STM32U5A5ZJT6Q, STM32U5A5ZJY6QTR, STM32U5A9BJY6QTR, STM32U5A9J-DK, STM32U5A9NJH6Q, STM32U5A9VJT6Q, STM32U5A9ZJT6Q, STM32U5A9ZJY6QTR, STM32U5F7VIT6, STM32U5F7VIT6Q, STM32U5F7VJT6, STM32U5F7VJT6Q, STM32U5F9BJY6QTR, STM32U5F9NJH6Q, STM32U5F9VIT6Q, STM32U5F9VJT6Q, STM32U5F9ZIJ6QTR, STM32U5F9ZIT6Q, STM32U5F9ZJJ6QTR, STM32U5F9ZJT6Q, STM32U5G7VJT6, STM32U5G7VJT6Q, STM32U5G9BJY6QTR, STM32U5G9J-DK1, STM32U5G9J-DK2, STM32U5G9NJH6Q, STM32U5G9VJT6Q, STM32U5G9ZJJ6QTR, STM32U5G9ZJT6Q, STM32WB1MMCH6, STM32WBA50KEU6, STM32WBA50KEU6TR, STM32WBA50KGU6, STM32WBA50KGU6TR, STM32WBA52CEU6, STM32WBA52CEU6TR, STM32WBA52CEU7, STM32WBA52CEU7TR, STM32WBA52CGU6, STM32WBA52CGU6TR, STM32WBA52CGU6U, STM32WBA52CGU7, STM32WBA52CGU7TR, STM32WBA52KEU6, STM32WBA52KEU6TR, STM32WBA52KGU6, STM32WBA52KGU6TR, STM32WBA54CEU6, STM32WBA54CEU6TR, STM32WBA54CEU7, STM32WBA54CEU7TR, STM32WBA54CGU6, STM32WBA54CGU6TR, STM32WBA54CGU7, STM32WBA54CGU7TR, STM32WBA54KEU6, STM32WBA54KEU6TR, STM32WBA54KEU7, STM32WBA54KEU7TR, STM32WBA54KGU6, STM32WBA54KGU6TR, STM32WBA54KGU7, STM32WBA54KGU7TR, STM32WBA55CEU6, STM32WBA55CEU6TR, STM32WBA55CEU7, STM32WBA55CEU7TR, STM32WBA55CGU6, STM32WBA55CGU6TR, STM32WBA55CGU6U, STM32WBA55CGU7, STM32WBA55CGU7TR, STM32WBA55G-DK1, STM32WBA55HEF6, STM32WBA55HEF7, STM32WBA55HGF6, STM32WBA55HGF7, STM32WBA55UEI6, STM32WBA55UEI6TR, STM32WBA55UEI7, STM32WBA55UEI7TR, STM32WBA55UGI6, STM32WBA55UGI6TR, STM32WBA55UGI7, STM32WBA55UGI7TR, STM32WL5MOCH6, STM32WL5MOCH6TR]
2023-11-25 12:33:09,845 [INFO] DbMcus:218 - Found 3844 MCUs, 3844 are supported
2023-11-25 12:33:09,845 [INFO] ApiDb:423 - Load user favorites file /home/insa/.stm32cubeide/favorites.mcus.txt: 0 item(s)
2023-11-25 12:33:09,845 [INFO] ApiDb:427 - User favorites MCUs=[]
2023-11-25 12:33:09,845 [INFO] DbMcus:224 - Set 0 / 0 favorites MCUs
2023-11-25 12:33:10,063 [INFO] MicroXplorer:468 - Change Database Path : 
2023-11-25 12:33:10,063 [INFO] MicroXplorer:498 - Change Database Version : DB.6.0.100
2023-11-25 12:33:10,063 [WARN] ThirdParty:833 - waiting for thirdparty lock release [change project]
2023-11-25 12:33:10,063 [INFO] ThirdParty:835 - entering critical section [change project]
2023-11-25 12:33:10,063 [INFO] ThirdParty:1030 - CMSIS Pack Vendor :STMicroelectronics X-CUBE-ISPU 1.1.0
2023-11-25 12:33:10,063 [INFO] ThirdParty:1030 - CMSIS Pack Vendor :STMicroelectronics USBPD 4.1
2023-11-25 12:33:10,063 [INFO] ThirdParty:1030 - CMSIS Pack Vendor :STMicroelectronics X-CUBE-GNSS1 6.0.0
2023-11-25 12:33:10,063 [INFO] ThirdParty:1030 - CMSIS Pack Vendor :STMicroelectronics USB_HOST 2.0.0
2023-11-25 12:33:10,063 [INFO] ThirdParty:1030 - CMSIS Pack Vendor :STMicroelectronics X-CUBE-AZRTOS-F4 1.1.0
2023-11-25 12:33:10,063 [INFO] ThirdParty:1030 - CMSIS Pack Vendor :STMicroelectronics LIBJPEG 8.0.0
2023-11-25 12:33:10,063 [INFO] ThirdParty:1030 - CMSIS Pack Vendor :wolfSSL I-CUBE-wolfSSL 5.6.4
2023-11-25 12:33:10,063 [INFO] ThirdParty:1030 - CMSIS Pack Vendor :STMicroelectronics X-CUBE-SMBUS 2.1.0
2023-11-25 12:33:10,063 [INFO] ThirdParty:1030 - CMSIS Pack Vendor :STMicroelectronics USB_DEVICE 3.0.0
2023-11-25 12:33:10,063 [INFO] ThirdParty:1030 - CMSIS Pack Vendor :STMicroelectronics X-CUBE-AZRTOS-WB 2.0.0
2023-11-25 12:33:10,063 [INFO] ThirdParty:1030 - CMSIS Pack Vendor :STMicroelectronics X-CUBE-AZRTOS-F7 1.1.0
2023-11-25 12:33:10,063 [INFO] ThirdParty:1030 - CMSIS Pack Vendor :STMicroelectronics X-CUBE-AZRTOS-L5 2.0.0
2023-11-25 12:33:10,063 [INFO] ThirdParty:1030 - CMSIS Pack Vendor :STMicroelectronics USB_DEVICE 2.0.0
2023-11-25 12:33:10,063 [INFO] ThirdParty:1030 - CMSIS Pack Vendor :STMicroelectronics X-CUBE-EEPRMA1 4.2.0
2023-11-25 12:33:10,063 [INFO] ThirdParty:1030 - CMSIS Pack Vendor :ITTIA_DB I-CUBE-ITTIADB 8.8.0
2023-11-25 12:33:10,063 [INFO] ThirdParty:1030 - CMSIS Pack Vendor :STMicroelectronics FP-SNS-MOTENV1 4.3.2
2023-11-25 12:33:10,063 [INFO] ThirdParty:1030 - CMSIS Pack Vendor :STMicroelectronics X-CUBE-ALGOBUILD 1.3.0
2023-11-25 12:33:10,063 [INFO] ThirdParty:1030 - CMSIS Pack Vendor :STMicroelectronics FreeRTOS 0.0.1
2023-11-25 12:33:10,063 [INFO] ThirdParty:1030 - CMSIS Pack Vendor :STMicroelectronics X-CUBE-AZRTOS-G0 1.1.0
2023-11-25 12:33:10,063 [INFO] ThirdParty:1030 - CMSIS Pack Vendor :STMicroelectronics X-CUBE-NFC4 3.0.0
2023-11-25 12:33:10,064 [INFO] ThirdParty:1030 - CMSIS Pack Vendor :STMicroelectronics X-CUBE-SUBG2 5.0.0
2023-11-25 12:33:10,064 [INFO] ThirdParty:1030 - CMSIS Pack Vendor :STMicroelectronics STM32_WPAN 1.0.0
2023-11-25 12:33:10,064 [INFO] ThirdParty:1030 - CMSIS Pack Vendor :STMicroelectronics lwIP 2.0.3
2023-11-25 12:33:10,064 [INFO] ThirdParty:1030 - CMSIS Pack Vendor :STMicroelectronics FP-SNS-FLIGHT1 5.0.2
2023-11-25 12:33:10,064 [INFO] ThirdParty:1030 - CMSIS Pack Vendor :STMicroelectronics USB_HOST 1.0.0
2023-11-25 12:33:10,064 [INFO] ThirdParty:1030 - CMSIS Pack Vendor :STMicroelectronics X-CUBE-TOF1 3.3.1
2023-11-25 12:33:10,064 [INFO] ThirdParty:1030 - CMSIS Pack Vendor :STMicroelectronics X-CUBE-AZRTOS-G4 2.0.0
2023-11-25 12:33:10,064 [INFO] ThirdParty:1030 - CMSIS Pack Vendor :STMicroelectronics PDM2PCM 3.1.0
2023-11-25 12:33:10,064 [INFO] ThirdParty:1030 - CMSIS Pack Vendor :STMicroelectronics X-CUBE-AZRTOS-H7 3.1.0
2023-11-25 12:33:10,064 [INFO] ThirdParty:1030 - CMSIS Pack Vendor :Infineon AIROC-Wi-Fi-Bluetooth-STM32 1.5.1
2023-11-25 12:33:10,064 [INFO] ThirdParty:1030 - CMSIS Pack Vendor :STMicroelectronics X-CUBE-BLEMGR 3.0.0
2023-11-25 12:33:10,064 [INFO] ThirdParty:1030 - CMSIS Pack Vendor :STMicroelectronics PDM2PCM 3.3.0
2023-11-25 12:33:10,064 [INFO] ThirdParty:1030 - CMSIS Pack Vendor :STMicroelectronics X-CUBE-DISPLAY 3.0.0
2023-11-25 12:33:10,064 [INFO] ThirdParty:1030 - CMSIS Pack Vendor :STMicroelectronics FP-SNS-MOTENVWB1 1.3.0
2023-11-25 12:33:10,064 [INFO] ThirdParty:1030 - CMSIS Pack Vendor :STMicroelectronics X-CUBE-BLE1 7.0.0
2023-11-25 12:33:10,064 [INFO] ThirdParty:1030 - CMSIS Pack Vendor :STMicroelectronics FP-ATR-SIGFOX1 3.2.0
2023-11-25 12:33:10,064 [INFO] ThirdParty:1030 - CMSIS Pack Vendor :STMicroelectronics HAL Drivers 0.0.0
2023-11-25 12:33:10,064 [INFO] ThirdParty:1030 - CMSIS Pack Vendor :STMicroelectronics MBEDTLS 2.16.2
2023-11-25 12:33:10,064 [INFO] ThirdParty:1030 - CMSIS Pack Vendor :emotas I-CUBE-CANOPEN 1.3.0
2023-11-25 12:33:10,064 [INFO] ThirdParty:1030 - CMSIS Pack Vendor :STMicroelectronics X-CUBE-MEMS1 10.0.0
2023-11-25 12:33:10,064 [INFO] ThirdParty:1030 - CMSIS Pack Vendor :STMicroelectronics X-CUBE-FREERTOS 1.1.0
2023-11-25 12:33:10,064 [INFO] ThirdParty:1030 - CMSIS Pack Vendor :STMicroelectronics X-CUBE-NFC7 1.0.1
2023-11-25 12:33:10,064 [INFO] ThirdParty:1030 - CMSIS Pack Vendor :STMicroelectronics MBEDTLS 2.14.1
2023-11-25 12:33:10,064 [INFO] ThirdParty:1030 - CMSIS Pack Vendor :STMicroelectronics X-CUBE-TOUCHGFX 4.22.1
2023-11-25 12:33:10,064 [INFO] ThirdParty:1030 - CMSIS Pack Vendor :STMicroelectronics X-CUBE-NFC6 3.0.0
2023-11-25 12:33:10,064 [INFO] ThirdParty:1030 - CMSIS Pack Vendor :portGmbH I-Cube-SoM-uGOAL 1.1.0
2023-11-25 12:33:10,064 [INFO] ThirdParty:1030 - CMSIS Pack Vendor :STMicroelectronics X-CUBE-ALS 1.0.1
2023-11-25 12:33:10,064 [INFO] ThirdParty:1030 - CMSIS Pack Vendor :STMicroelectronics ThreadX 1.0.0
2023-11-25 12:33:10,064 [INFO] ThirdParty:1030 - CMSIS Pack Vendor :STMicroelectronics FP-SNS-SMARTAG2 1.2.0
2023-11-25 12:33:10,064 [INFO] ThirdParty:1030 - CMSIS Pack Vendor :STMicroelectronics X-CUBE-AZRTOS-WL 2.0.0
2023-11-25 12:33:10,064 [INFO] ThirdParty:1030 - CMSIS Pack Vendor :STMicroelectronics USB_DEVICE 1.0.0
2023-11-25 12:33:10,064 [INFO] ThirdParty:1030 - CMSIS Pack Vendor :STMicroelectronics X-CUBE-AI 8.1.0
2023-11-25 12:33:10,064 [INFO] ThirdParty:1030 - CMSIS Pack Vendor :STMicroelectronics X-CUBE-AZRTOS-L4 2.0.0
2023-11-25 12:33:10,064 [INFO] ThirdParty:1030 - CMSIS Pack Vendor :STMicroelectronics ThreadX 0.0.2
2023-11-25 12:33:10,064 [INFO] ThirdParty:1030 - CMSIS Pack Vendor :WES I-CUBE-Cesium 1.3.0
2023-11-25 12:33:10,065 [INFO] ThirdParty:1030 - CMSIS Pack Vendor :STMicroelectronics FP-ATR-ASTRA1 2.0.0
2023-11-25 12:33:10,065 [INFO] ThirdParty:1030 - CMSIS Pack Vendor :STMicroelectronics lwIP 2.1.2
2023-11-25 12:33:10,065 [INFO] ThirdParty:1030 - CMSIS Pack Vendor :STMicroelectronics X-CUBE-SFXS2LP1 4.0.0
2023-11-25 12:33:10,065 [INFO] ThirdParty:1030 - CMSIS Pack Vendor :STMicroelectronics X-CUBE-BLE2 3.3.0
2023-11-25 12:33:10,065 [INFO] ThirdParty:1030 - CMSIS Pack Vendor :STMicroelectronics PDM2PCM 3.2.0
2023-11-25 12:33:10,065 [INFO] ThirdParty:841 - exiting critical section [change project]
2023-11-25 12:33:10,436 [INFO] PinOutPanel:1499 - setPackage(No Configuration,No Configuration)
2023-11-25 12:33:10,437 [INFO] PinOutPanel:1499 - setPackage(STM32L476RGTx,LQFP64)
2023-11-25 12:33:11,082 [INFO] UtilMem:75 - Before build in PCC Used Memory: 409417728 Bytes (723517440)
2023-11-25 12:33:11,755 [INFO] UtilMem:75 - After build in PCC Used Memory: 616785160 Bytes (723517440)
2023-11-25 12:33:11,803 [INFO] IPUIPlugin:80 - create IPUIPlugin
2023-11-25 12:33:11,803 [INFO] IPUIPlugin:80 - create IPUIPlugin
2023-11-25 12:33:11,803 [INFO] IPUIPlugin:80 - create IPUIPlugin
2023-11-25 12:33:11,803 [INFO] IPUIPlugin:80 - create IPUIPlugin
2023-11-25 12:33:11,803 [INFO] IPUIPlugin:80 - create IPUIPlugin
2023-11-25 12:33:11,803 [INFO] IPUIPlugin:80 - create IPUIPlugin
2023-11-25 12:33:11,803 [INFO] IPUIPlugin:80 - create IPUIPlugin
2023-11-25 12:33:11,803 [INFO] IPUIPlugin:80 - create IPUIPlugin
2023-11-25 12:33:11,803 [INFO] IPUIPlugin:80 - create IPUIPlugin
2023-11-25 12:33:11,803 [INFO] IPUIPlugin:80 - create IPUIPlugin
2023-11-25 12:33:11,804 [INFO] IPUIPlugin:80 - create IPUIPlugin
2023-11-25 12:33:11,804 [INFO] IPUIPlugin:80 - create IPUIPlugin
2023-11-25 12:33:11,804 [INFO] IPUIPlugin:80 - create IPUIPlugin
2023-11-25 12:33:11,804 [INFO] IPUIPlugin:80 - create IPUIPlugin
2023-11-25 12:33:11,804 [INFO] IPUIPlugin:80 - create IPUIPlugin
2023-11-25 12:33:11,804 [INFO] IPUIPlugin:80 - create IPUIPlugin
2023-11-25 12:33:11,804 [INFO] IPUIPlugin:80 - create IPUIPlugin
2023-11-25 12:33:11,804 [INFO] IPUIPlugin:80 - create IPUIPlugin
2023-11-25 12:33:11,804 [INFO] IPUIPlugin:80 - create IPUIPlugin
2023-11-25 12:33:11,804 [INFO] IPUIPlugin:80 - create IPUIPlugin
2023-11-25 12:33:11,805 [INFO] IPUIPlugin:80 - create IPUIPlugin
2023-11-25 12:33:11,805 [INFO] IPUIPlugin:80 - create IPUIPlugin
2023-11-25 12:33:11,805 [INFO] IPUIPlugin:80 - create IPUIPlugin
2023-11-25 12:33:11,805 [INFO] IPUIPlugin:80 - create IPUIPlugin
2023-11-25 12:33:11,805 [INFO] IPUIPlugin:80 - create IPUIPlugin
2023-11-25 12:33:11,805 [INFO] IPUIPlugin:80 - create IPUIPlugin
2023-11-25 12:33:11,805 [INFO] IPUIPlugin:80 - create IPUIPlugin
2023-11-25 12:33:11,805 [INFO] IPUIPlugin:80 - create IPUIPlugin
2023-11-25 12:33:11,805 [INFO] IPUIPlugin:80 - create IPUIPlugin
2023-11-25 12:33:11,805 [INFO] IPUIPlugin:80 - create IPUIPlugin
2023-11-25 12:33:11,806 [INFO] IPUIPlugin:80 - create IPUIPlugin
2023-11-25 12:33:11,806 [INFO] IPUIPlugin:80 - create IPUIPlugin
2023-11-25 12:33:11,806 [INFO] IPUIPlugin:80 - create IPUIPlugin
2023-11-25 12:33:11,806 [INFO] IPUIPlugin:80 - create IPUIPlugin
2023-11-25 12:33:11,806 [INFO] IPUIPlugin:80 - create IPUIPlugin
2023-11-25 12:33:11,806 [INFO] IPUIPlugin:80 - create IPUIPlugin
2023-11-25 12:33:11,806 [INFO] IPUIPlugin:80 - create IPUIPlugin
2023-11-25 12:33:11,806 [INFO] IPUIPlugin:80 - create IPUIPlugin
2023-11-25 12:33:11,806 [INFO] IPUIPlugin:80 - create IPUIPlugin
2023-11-25 12:33:11,806 [INFO] IPUIPlugin:80 - create IPUIPlugin
2023-11-25 12:33:11,807 [INFO] IPUIPlugin:80 - create IPUIPlugin
2023-11-25 12:33:11,807 [INFO] IPUIPlugin:80 - create IPUIPlugin
2023-11-25 12:33:11,807 [INFO] IPUIPlugin:80 - create IPUIPlugin
2023-11-25 12:33:11,807 [INFO] IPUIPlugin:80 - create IPUIPlugin
2023-11-25 12:33:11,807 [INFO] IPUIPlugin:80 - create IPUIPlugin
2023-11-25 12:33:11,807 [INFO] IPUIPlugin:80 - create IPUIPlugin
2023-11-25 12:33:11,807 [INFO] IPUIPlugin:80 - create IPUIPlugin
2023-11-25 12:33:11,807 [INFO] IPUIPlugin:80 - create IPUIPlugin
2023-11-25 12:33:11,807 [INFO] IPUIPlugin:80 - create IPUIPlugin
2023-11-25 12:33:11,808 [INFO] IPUIPlugin:80 - create IPUIPlugin
2023-11-25 12:33:11,808 [INFO] IPUIPlugin:80 - create IPUIPlugin
2023-11-25 12:33:11,808 [INFO] IPUIPlugin:80 - create IPUIPlugin
2023-11-25 12:33:11,808 [INFO] IPUIPlugin:80 - create IPUIPlugin
2023-11-25 12:33:11,808 [INFO] IPUIPlugin:80 - create IPUIPlugin
2023-11-25 12:33:11,808 [INFO] IPUIPlugin:80 - create IPUIPlugin
2023-11-25 12:33:11,808 [INFO] IPUIPlugin:80 - create IPUIPlugin
2023-11-25 12:33:11,809 [INFO] IPUIPlugin:80 - create IPUIPlugin
2023-11-25 12:33:11,809 [INFO] IPUIPlugin:80 - create IPUIPlugin
2023-11-25 12:33:11,809 [INFO] IPUIPlugin:80 - create IPUIPlugin
2023-11-25 12:33:11,958 [INFO] CADModel:165 - CPN selected for project levelSTM32L476RGT3
2023-11-25 12:33:11,958 [INFO] CADModel:114 - Register for checkConnection events
2023-11-25 12:33:11,996 [INFO] OpenFileManager:343 - Restore cursor
2023-11-25 13:30:14,654 [INFO] UtilMem:75 - End SaveConfig() Used Memory: 344810920 Bytes (790626304)
2023-11-25 13:30:14,804 [INFO] UtilMem:75 - End SaveConfig() Used Memory: 375733680 Bytes (790626304)
2023-11-25 13:30:15,179 [INFO] BlockDiagram:2759 - set Specific Code input for plugin: ADC
2023-11-25 13:30:15,179 [INFO] BlockDiagram:2759 - set Specific Code input for plugin: SYS
2023-11-25 13:30:15,179 [INFO] BlockDiagram:2759 - set Specific Code input for plugin: ADC
2023-11-25 13:30:15,179 [INFO] BlockDiagram:2759 - set Specific Code input for plugin: RCC
2023-11-25 13:30:15,180 [INFO] BlockDiagram:2759 - set Specific Code input for plugin: NVIC
2023-11-25 13:30:15,180 [INFO] BlockDiagram:2759 - set Specific Code input for plugin: USART
2023-11-25 13:30:15,180 [INFO] BlockDiagram:2759 - set Specific Code input for plugin: GPIO
2023-11-25 13:30:15,181 [INFO] CodeGenerator:807 - code generatio: config db path: /opt/st/stm32cubeide_1.14.0/plugins/com.st.stm32cube.common.mx_6.10.0.202311202037//db/
2023-11-25 13:30:15,349 [INFO] CodeEngine:255 - oldGeneratedFile, /home/insa/Desktop/VigiWheels/nucleoL476Fire/firmware/MXTmpFiles/license.tmp_save
2023-11-25 13:30:15,670 [INFO] CodeEngine:279 - Generated code: /home/insa/Desktop/VigiWheels/nucleoL476Fire/firmware/MXTmpFiles/license.tmp
2023-11-25 13:30:15,753 [INFO] CodeEngine:255 - oldGeneratedFile, /home/insa/Desktop/VigiWheels/nucleoL476Fire/firmware/MXTmpFiles/gpio.tmp_save
2023-11-25 13:30:15,872 [INFO] CodeEngine:279 - Generated code: /home/insa/Desktop/VigiWheels/nucleoL476Fire/firmware/MXTmpFiles/gpio.tmp
2023-11-25 13:30:16,133 [INFO] CodeEngine:255 - oldGeneratedFile, /home/insa/Desktop/VigiWheels/nucleoL476Fire/firmware/Core/Src/stm32l4xx_it.c_save
2023-11-25 13:30:16,211 [INFO] CodeEngine:279 - Generated code: /home/insa/Desktop/VigiWheels/nucleoL476Fire/firmware/Core/Src/stm32l4xx_it.c
2023-11-25 13:30:16,213 [INFO] CodeEngine:255 - oldGeneratedFile, /home/insa/Desktop/VigiWheels/nucleoL476Fire/firmware/Core/Inc/stm32l4xx_it.h_save
2023-11-25 13:30:16,258 [INFO] CodeEngine:279 - Generated code: /home/insa/Desktop/VigiWheels/nucleoL476Fire/firmware/Core/Inc/stm32l4xx_it.h
2023-11-25 13:30:16,263 [INFO] CodeEngine:255 - oldGeneratedFile, /home/insa/Desktop/VigiWheels/nucleoL476Fire/firmware/Core/Src/stm32l4xx_hal_msp.c_save
2023-11-25 13:30:16,398 [INFO] CodeEngine:279 - Generated code: /home/insa/Desktop/VigiWheels/nucleoL476Fire/firmware/Core/Src/stm32l4xx_hal_msp.c
2023-11-25 13:30:16,400 [INFO] CodeEngine:255 - oldGeneratedFile, /home/insa/Desktop/VigiWheels/nucleoL476Fire/firmware/MXTmpFiles/system.tmp_save
2023-11-25 13:30:16,460 [INFO] CodeEngine:279 - Generated code: /home/insa/Desktop/VigiWheels/nucleoL476Fire/firmware/MXTmpFiles/system.tmp
2023-11-25 13:30:16,465 [INFO] CodeEngine:311 - oldGeneratedFile, /home/insa/Desktop/VigiWheels/nucleoL476Fire/firmware/Core/Inc/stm32l4xx_hal_conf.h_save
2023-11-25 13:30:16,537 [INFO] CodeEngine:335 - Generated code: /home/insa/Desktop/VigiWheels/nucleoL476Fire/firmware/Core/Inc/stm32l4xx_hal_conf.h
2023-11-25 13:30:16,571 [INFO] CodeEngine:255 - oldGeneratedFile, /home/insa/Desktop/VigiWheels/nucleoL476Fire/firmware/Core/Inc/main.h_save
2023-11-25 13:30:16,652 [INFO] CodeEngine:279 - Generated code: /home/insa/Desktop/VigiWheels/nucleoL476Fire/firmware/Core/Inc/main.h
2023-11-25 13:30:16,654 [INFO] CodeEngine:255 - oldGeneratedFile, /home/insa/Desktop/VigiWheels/nucleoL476Fire/firmware/Core/Src/main.c_save
2023-11-25 13:30:16,816 [INFO] CodeEngine:279 - Generated code: /home/insa/Desktop/VigiWheels/nucleoL476Fire/firmware/Core/Src/main.c
2023-11-25 13:30:17,208 [INFO] ProjectBuilder:3076 - Time for Copy HAL[1] : 37mS.
2023-11-25 13:30:17,211 [INFO] ProjectBuilder:4485 - Project Generator version: 4.2.0-B44
2023-11-25 13:30:17,356 [INFO] ConfigFileManager:1495 - The Die is : DIE415
2023-11-25 13:30:17,370 [INFO] ApiDbMcu:508 - Load IP Config File for FATFS
2023-11-25 13:30:17,373 [INFO] ApiDbMcu:508 - Load IP Config File for FREERTOS
2023-11-25 13:30:17,379 [INFO] ApiDbMcu:508 - Load IP Config File for TOUCHSENSING
2023-11-25 13:30:17,385 [INFO] ApiDbMcu:508 - Load IP Config File for USB_DEVICE
2023-11-25 13:30:17,387 [INFO] ApiDbMcu:508 - Load IP Config File for USB_HOST
2023-11-25 13:30:18,069 [INFO] LogOutputStream:77 - [STDOUT_REDIRECT] 
2023-11-25 13:30:18,658 [INFO] ProjectBuilder:4747 - Time for Generating toolchain IDE Files: 1446mS.
2023-11-25 13:30:18,659 [INFO] ProjectBuilder:2947 - Time for Copy CMSIS : 1mS.
2023-11-25 13:30:18,660 [INFO] ProjectBuilder:2947 - Time for Copy CMSIS : 0mS.
2023-11-25 13:31:07,741 [INFO] UtilMem:75 - End SaveConfig() Used Memory: 701632280 Bytes (985661440)
2023-11-25 13:31:07,889 [INFO] BlockDiagram:2759 - set Specific Code input for plugin: ADC
2023-11-25 13:31:07,889 [INFO] BlockDiagram:2759 - set Specific Code input for plugin: SYS
2023-11-25 13:31:07,889 [INFO] BlockDiagram:2759 - set Specific Code input for plugin: ADC
2023-11-25 13:31:07,889 [INFO] BlockDiagram:2759 - set Specific Code input for plugin: RCC
2023-11-25 13:31:07,889 [INFO] BlockDiagram:2759 - set Specific Code input for plugin: NVIC
2023-11-25 13:31:07,889 [INFO] BlockDiagram:2759 - set Specific Code input for plugin: USART
2023-11-25 13:31:07,890 [INFO] BlockDiagram:2759 - set Specific Code input for plugin: GPIO
2023-11-25 13:31:07,890 [INFO] CodeGenerator:807 - code generatio: config db path: /opt/st/stm32cubeide_1.14.0/plugins/com.st.stm32cube.common.mx_6.10.0.202311202037//db/
2023-11-25 13:31:08,038 [INFO] CodeEngine:255 - oldGeneratedFile, /home/insa/Desktop/VigiWheels/nucleoL476Fire/firmware/MXTmpFiles/license.tmp_save
2023-11-25 13:31:08,081 [INFO] CodeEngine:279 - Generated code: /home/insa/Desktop/VigiWheels/nucleoL476Fire/firmware/MXTmpFiles/license.tmp
2023-11-25 13:31:08,101 [INFO] CodeEngine:255 - oldGeneratedFile, /home/insa/Desktop/VigiWheels/nucleoL476Fire/firmware/MXTmpFiles/gpio.tmp_save
2023-11-25 13:31:08,152 [INFO] CodeEngine:279 - Generated code: /home/insa/Desktop/VigiWheels/nucleoL476Fire/firmware/MXTmpFiles/gpio.tmp
2023-11-25 13:31:08,262 [INFO] CodeEngine:255 - oldGeneratedFile, /home/insa/Desktop/VigiWheels/nucleoL476Fire/firmware/Core/Src/stm32l4xx_it.c_save
2023-11-25 13:31:08,324 [INFO] CodeEngine:279 - Generated code: /home/insa/Desktop/VigiWheels/nucleoL476Fire/firmware/Core/Src/stm32l4xx_it.c
2023-11-25 13:31:08,326 [INFO] CodeEngine:255 - oldGeneratedFile, /home/insa/Desktop/VigiWheels/nucleoL476Fire/firmware/Core/Inc/stm32l4xx_it.h_save
2023-11-25 13:31:08,363 [INFO] CodeEngine:279 - Generated code: /home/insa/Desktop/VigiWheels/nucleoL476Fire/firmware/Core/Inc/stm32l4xx_it.h
2023-11-25 13:31:08,365 [INFO] CodeEngine:255 - oldGeneratedFile, /home/insa/Desktop/VigiWheels/nucleoL476Fire/firmware/Core/Src/stm32l4xx_hal_msp.c_save
2023-11-25 13:31:08,431 [INFO] CodeEngine:279 - Generated code: /home/insa/Desktop/VigiWheels/nucleoL476Fire/firmware/Core/Src/stm32l4xx_hal_msp.c
2023-11-25 13:31:08,432 [INFO] CodeEngine:255 - oldGeneratedFile, /home/insa/Desktop/VigiWheels/nucleoL476Fire/firmware/MXTmpFiles/system.tmp_save
2023-11-25 13:31:08,480 [INFO] CodeEngine:279 - Generated code: /home/insa/Desktop/VigiWheels/nucleoL476Fire/firmware/MXTmpFiles/system.tmp
2023-11-25 13:31:08,481 [INFO] CodeEngine:311 - oldGeneratedFile, /home/insa/Desktop/VigiWheels/nucleoL476Fire/firmware/Core/Inc/stm32l4xx_hal_conf.h_save
2023-11-25 13:31:08,519 [INFO] CodeEngine:335 - Generated code: /home/insa/Desktop/VigiWheels/nucleoL476Fire/firmware/Core/Inc/stm32l4xx_hal_conf.h
2023-11-25 13:31:08,535 [INFO] CodeEngine:255 - oldGeneratedFile, /home/insa/Desktop/VigiWheels/nucleoL476Fire/firmware/Core/Inc/main.h_save
2023-11-25 13:31:08,576 [INFO] CodeEngine:279 - Generated code: /home/insa/Desktop/VigiWheels/nucleoL476Fire/firmware/Core/Inc/main.h
2023-11-25 13:31:08,577 [INFO] CodeEngine:255 - oldGeneratedFile, /home/insa/Desktop/VigiWheels/nucleoL476Fire/firmware/Core/Src/main.c_save
2023-11-25 13:31:08,640 [INFO] CodeEngine:279 - Generated code: /home/insa/Desktop/VigiWheels/nucleoL476Fire/firmware/Core/Src/main.c
2023-11-25 13:31:08,857 [INFO] ProjectBuilder:3076 - Time for Copy HAL[1] : 14mS.
2023-11-25 13:31:08,859 [INFO] ProjectBuilder:4485 - Project Generator version: 4.2.0-B44
2023-11-25 13:31:09,135 [INFO] ConfigFileManager:1495 - The Die is : DIE415
2023-11-25 13:31:10,013 [INFO] ProjectBuilder:4747 - Time for Generating toolchain IDE Files: 1154mS.
2023-11-25 13:31:10,013 [INFO] ProjectBuilder:2947 - Time for Copy CMSIS : 0mS.
2023-11-25 13:31:10,015 [INFO] ProjectBuilder:2947 - Time for Copy CMSIS : 0mS.
2023-11-25 14:15:16,582 [INFO] UtilMem:75 - End SaveConfig() Used Memory: 598212048 Bytes (1006632960)
2023-11-25 14:15:16,699 [INFO] UtilMem:75 - End SaveConfig() Used Memory: 624948688 Bytes (1006632960)
2023-11-25 14:15:16,850 [INFO] BlockDiagram:2759 - set Specific Code input for plugin: ADC
2023-11-25 14:15:16,850 [INFO] BlockDiagram:2759 - set Specific Code input for plugin: SYS
2023-11-25 14:15:16,850 [INFO] BlockDiagram:2759 - set Specific Code input for plugin: ADC
2023-11-25 14:15:16,850 [INFO] BlockDiagram:2759 - set Specific Code input for plugin: RCC
2023-11-25 14:15:16,850 [INFO] BlockDiagram:2759 - set Specific Code input for plugin: NVIC
2023-11-25 14:15:16,850 [INFO] BlockDiagram:2759 - set Specific Code input for plugin: USART
2023-11-25 14:15:16,850 [INFO] BlockDiagram:2759 - set Specific Code input for plugin: GPIO
2023-11-25 14:15:16,850 [INFO] CodeGenerator:807 - code generatio: config db path: /opt/st/stm32cubeide_1.14.0/plugins/com.st.stm32cube.common.mx_6.10.0.202311202037//db/
2023-11-25 14:15:16,994 [INFO] CodeEngine:255 - oldGeneratedFile, /home/insa/Desktop/VigiWheels/nucleoL476Fire/firmware/MXTmpFiles/license.tmp_save
2023-11-25 14:15:17,058 [INFO] CodeEngine:279 - Generated code: /home/insa/Desktop/VigiWheels/nucleoL476Fire/firmware/MXTmpFiles/license.tmp
2023-11-25 14:15:17,073 [INFO] CodeEngine:255 - oldGeneratedFile, /home/insa/Desktop/VigiWheels/nucleoL476Fire/firmware/MXTmpFiles/gpio.tmp_save
2023-11-25 14:15:17,128 [INFO] CodeEngine:279 - Generated code: /home/insa/Desktop/VigiWheels/nucleoL476Fire/firmware/MXTmpFiles/gpio.tmp
2023-11-25 14:15:17,247 [INFO] CodeEngine:255 - oldGeneratedFile, /home/insa/Desktop/VigiWheels/nucleoL476Fire/firmware/Core/Src/stm32l4xx_it.c_save
2023-11-25 14:15:17,363 [INFO] CodeEngine:279 - Generated code: /home/insa/Desktop/VigiWheels/nucleoL476Fire/firmware/Core/Src/stm32l4xx_it.c
2023-11-25 14:15:17,365 [INFO] CodeEngine:255 - oldGeneratedFile, /home/insa/Desktop/VigiWheels/nucleoL476Fire/firmware/Core/Inc/stm32l4xx_it.h_save
2023-11-25 14:15:17,401 [INFO] CodeEngine:279 - Generated code: /home/insa/Desktop/VigiWheels/nucleoL476Fire/firmware/Core/Inc/stm32l4xx_it.h
2023-11-25 14:15:17,403 [INFO] CodeEngine:255 - oldGeneratedFile, /home/insa/Desktop/VigiWheels/nucleoL476Fire/firmware/Core/Src/stm32l4xx_hal_msp.c_save
2023-11-25 14:15:17,478 [INFO] CodeEngine:279 - Generated code: /home/insa/Desktop/VigiWheels/nucleoL476Fire/firmware/Core/Src/stm32l4xx_hal_msp.c
2023-11-25 14:15:17,479 [INFO] CodeEngine:255 - oldGeneratedFile, /home/insa/Desktop/VigiWheels/nucleoL476Fire/firmware/MXTmpFiles/system.tmp_save
2023-11-25 14:15:17,515 [INFO] CodeEngine:279 - Generated code: /home/insa/Desktop/VigiWheels/nucleoL476Fire/firmware/MXTmpFiles/system.tmp
2023-11-25 14:15:17,518 [INFO] CodeEngine:311 - oldGeneratedFile, /home/insa/Desktop/VigiWheels/nucleoL476Fire/firmware/Core/Inc/stm32l4xx_hal_conf.h_save
2023-11-25 14:15:17,561 [INFO] CodeEngine:335 - Generated code: /home/insa/Desktop/VigiWheels/nucleoL476Fire/firmware/Core/Inc/stm32l4xx_hal_conf.h
2023-11-25 14:15:17,583 [INFO] CodeEngine:255 - oldGeneratedFile, /home/insa/Desktop/VigiWheels/nucleoL476Fire/firmware/Core/Inc/main.h_save
2023-11-25 14:15:17,641 [INFO] CodeEngine:279 - Generated code: /home/insa/Desktop/VigiWheels/nucleoL476Fire/firmware/Core/Inc/main.h
2023-11-25 14:15:17,642 [INFO] CodeEngine:255 - oldGeneratedFile, /home/insa/Desktop/VigiWheels/nucleoL476Fire/firmware/Core/Src/main.c_save
2023-11-25 14:15:17,708 [INFO] CodeEngine:279 - Generated code: /home/insa/Desktop/VigiWheels/nucleoL476Fire/firmware/Core/Src/main.c
2023-11-25 14:15:18,087 [INFO] ProjectBuilder:3076 - Time for Copy HAL[1] : 24mS.
2023-11-25 14:15:18,088 [INFO] ProjectBuilder:4485 - Project Generator version: 4.2.0-B44
2023-11-25 14:15:18,211 [INFO] ConfigFileManager:1495 - The Die is : DIE415
2023-11-25 14:15:19,083 [INFO] ProjectBuilder:4747 - Time for Generating toolchain IDE Files: 995mS.
2023-11-25 14:15:19,083 [INFO] ProjectBuilder:2947 - Time for Copy CMSIS : 0mS.
2023-11-25 14:15:19,083 [INFO] ProjectBuilder:2947 - Time for Copy CMSIS : 0mS.
2023-11-25 17:12:37,492 [ERROR] LogOutputStream:75 - [STDERR_REDIRECT] 
2023-11-25 17:44:39,108 [INFO] Activator:176 - 


2023-11-25 17:44:39,109 [INFO] Activator:177 - !SESSION log4j initialized
2023-11-25 17:44:42,052 [INFO] LogOutputStream:77 - [STDOUT_REDIRECT] 
2023-11-25 17:44:42,627 [INFO] ApplicationProperties:184 - Using Application install path: /opt/st/stm32cubeide_1.14.0/plugins/com.st.stm32cube.common.mx_6.10.0.202311202037
2023-11-25 17:44:42,638 [INFO] DbMcusXml:78 - Set database path to: /opt/st/stm32cubeide_1.14.0/plugins/com.st.stm32cube.common.mx_6.10.0.202311202037//db//mcu/
2023-11-25 17:44:42,638 [INFO] ApiDb:274 - Set plugin database path to: /opt/st/stm32cubeide_1.14.0/plugins/com.st.stm32cube.common.mx_6.10.0.202311202037//db//plugins/boardmanager/
2023-11-25 17:44:42,638 [WARN] ApiDb:259 - Overriding images path with different value:  => /opt/st/stm32cubeide_1.14.0/plugins/com.st.stm32cube.common.mx_6.10.0.202311202037//db//plugins/mcufinder/images/
2023-11-25 17:44:42,643 [INFO] ApiDb:250 - Set database path to: /home/insa/.stmcufinder/plugins/mcufinder//mcu/
2023-11-25 17:44:42,643 [INFO] DbMcusAds:125 - Set database path to: /home/insa/.stmcufinder/plugins/mcufinder//mcu/
2023-11-25 17:44:42,645 [INFO] CrossReferenceDbSqlite:203 - Set database path to: /home/insa/.stmcufinder/plugins/mcufinder//mcu/cs/
2023-11-25 17:44:42,724 [INFO] RulesReader:64 - Compatibility file has been processed (297 Rules)
2023-11-25 17:44:42,762 [INFO] DbMcusXml:78 - Set database path to: /opt/st/stm32cubeide_1.14.0/plugins/com.st.stm32cube.common.mx_6.10.0.202311202037//db//mcu/
2023-11-25 17:44:42,763 [INFO] ApiDb:274 - Set plugin database path to: /opt/st/stm32cubeide_1.14.0/plugins/com.st.stm32cube.common.mx_6.10.0.202311202037//db//plugins/boardmanager/
2023-11-25 17:44:42,763 [INFO] ApiDb:261 - Set plugin images path to: /opt/st/stm32cubeide_1.14.0/plugins/com.st.stm32cube.common.mx_6.10.0.202311202037//db//plugins/mcufinder/images/
2023-11-25 17:44:42,763 [WARN] DbFile:41 - Overriding database path with different value: /home/insa/.stmcufinder/plugins/mcufinder/ => /home/insa/.stmcufinder/plugins/mcufinder
2023-11-25 17:44:42,763 [INFO] ApiDb:250 - Set database path to: /home/insa/.stmcufinder/plugins/mcufinder//mcu/
2023-11-25 17:44:42,763 [WARN] DbFile:41 - Overriding database path with different value: /home/insa/.stmcufinder/plugins/mcufinder/ => /home/insa/.stmcufinder/plugins/mcufinder
2023-11-25 17:44:42,763 [INFO] DbMcusAds:125 - Set database path to: /home/insa/.stmcufinder/plugins/mcufinder//mcu/
2023-11-25 17:44:42,763 [WARN] DbFile:41 - Overriding database path with different value: /home/insa/.stmcufinder/plugins/mcufinder/ => /home/insa/.stmcufinder/plugins/mcufinder
2023-11-25 17:44:42,763 [WARN] DbFile:41 - Overriding database path with different value: /home/insa/.stmcufinder/plugins/mcufinder/ => /home/insa/.stmcufinder/plugins/mcufinder
2023-11-25 17:44:42,763 [INFO] CrossReferenceDbSqlite:203 - Set database path to: /home/insa/.stmcufinder/plugins/mcufinder//mcu/cs/
2023-11-25 17:44:42,803 [INFO] MainPanel:264 - HeapMemory: 268435456
2023-11-25 17:44:42,862 [INFO] DbMcusXml:78 - Set database path to: /opt/st/stm32cubeide_1.14.0/plugins/com.st.stm32cube.common.mx_6.10.0.202311202037//db//mcu/
2023-11-25 17:44:42,862 [INFO] ApiDb:274 - Set plugin database path to: /opt/st/stm32cubeide_1.14.0/plugins/com.st.stm32cube.common.mx_6.10.0.202311202037//db//plugins/boardmanager/
2023-11-25 17:44:42,863 [INFO] ApiDb:261 - Set plugin images path to: /opt/st/stm32cubeide_1.14.0/plugins/com.st.stm32cube.common.mx_6.10.0.202311202037//db//plugins/mcufinder/images/
2023-11-25 17:44:42,863 [WARN] DbFile:41 - Overriding database path with different value: /home/insa/.stmcufinder/plugins/mcufinder/ => /home/insa/.stmcufinder/plugins/mcufinder
2023-11-25 17:44:42,863 [INFO] ApiDb:250 - Set database path to: /home/insa/.stmcufinder/plugins/mcufinder//mcu/
2023-11-25 17:44:42,863 [WARN] DbFile:41 - Overriding database path with different value: /home/insa/.stmcufinder/plugins/mcufinder/ => /home/insa/.stmcufinder/plugins/mcufinder
2023-11-25 17:44:42,863 [INFO] DbMcusAds:125 - Set database path to: /home/insa/.stmcufinder/plugins/mcufinder//mcu/
2023-11-25 17:44:42,863 [WARN] DbFile:41 - Overriding database path with different value: /home/insa/.stmcufinder/plugins/mcufinder/ => /home/insa/.stmcufinder/plugins/mcufinder
2023-11-25 17:44:42,863 [WARN] DbFile:41 - Overriding database path with different value: /home/insa/.stmcufinder/plugins/mcufinder/ => /home/insa/.stmcufinder/plugins/mcufinder
2023-11-25 17:44:42,863 [INFO] CrossReferenceDbSqlite:203 - Set database path to: /home/insa/.stmcufinder/plugins/mcufinder//mcu/cs/
2023-11-25 17:44:42,875 [INFO] ApplicationProperties:184 - Using Application install path: /opt/st/stm32cubeide_1.14.0/plugins/com.st.stm32cube.common.mx_6.10.0.202311202037
2023-11-25 17:44:42,876 [INFO] PluginManage:196 - Search for loadable plugins [exclusion list=, ]
2023-11-25 17:44:42,876 [INFO] PluginManage:310 - Check plugin analytics
2023-11-25 17:44:42,991 [INFO] AnalyticsPlugin:253 - Accepted Software Licenses: 
2023-11-25 17:44:42,991 [INFO] AnalyticsPlugin:255 - Accepted CMSIS Pack Licenses: 
2023-11-25 17:44:42,991 [INFO] AnalyticsPlugin:257 - Accepted Firmware Licenses: FW.F4.1.27.0,FW.L4.1.18.0
2023-11-25 17:44:42,993 [INFO] PluginManage:359 - Loaded plugin analytics (category:tool,tabindex:-1)
2023-11-25 17:44:42,994 [INFO] PluginManage:310 - Check plugin cadmodel
2023-11-25 17:44:43,016 [INFO] CADModel:105 - Init CAD model plugin
2023-11-25 17:44:43,016 [INFO] PluginManage:359 - Loaded plugin cadmodel (category:power,tabindex:5)
2023-11-25 17:44:43,016 [INFO] PluginManage:310 - Check plugin clock
2023-11-25 17:44:43,023 [INFO] PluginManage:359 - Loaded plugin clock (category:base,tabindex:2)
2023-11-25 17:44:43,024 [INFO] PluginManage:310 - Check plugin ddr
2023-11-25 17:44:43,025 [INFO] PluginManage:359 - Loaded plugin ddr (category:tool,tabindex:6)
2023-11-25 17:44:43,025 [INFO] PluginManage:310 - Check plugin filemanager
2023-11-25 17:44:43,133 [INFO] PluginManage:359 - Loaded plugin filemanager (category:base,tabindex:10)
2023-11-25 17:44:43,133 [INFO] PluginManage:310 - Check plugin ipmanager
2023-11-25 17:44:43,137 [INFO] PluginManage:359 - Loaded plugin ipmanager (category:base,tabindex:5)
2023-11-25 17:44:43,137 [INFO] PluginManage:310 - Check plugin lpbam
2023-11-25 17:44:43,143 [INFO] PluginManage:359 - Loaded plugin lpbam (category:base,tabindex:0)
2023-11-25 17:44:43,143 [INFO] PluginManage:310 - Check plugin memorymap
2023-11-25 17:44:43,150 [INFO] PluginManage:359 - Loaded plugin memorymap (category:base,tabindex:4)
2023-11-25 17:44:43,150 [INFO] PluginManage:310 - Check plugin pinoutandconfiguration
2023-11-25 17:44:43,154 [INFO] PluginManage:359 - Loaded plugin pinoutandconfiguration (category:base,tabindex:1)
2023-11-25 17:44:43,155 [INFO] PluginManage:310 - Check plugin pinoutconfig
2023-11-25 17:44:43,210 [WARN] SupportedApi:132 - Cannot load RTOS API schema: s4s-elt-must-match.1: The content of 'definitions' must match (annotation?, (simpleType | complexType)?, (unique | key | keyref)*)). A problem was found starting at: attribute.
2023-11-25 17:44:43,293 [INFO] PluginManage:359 - Loaded plugin pinoutconfig (category:base,tabindex:0)
2023-11-25 17:44:43,293 [INFO] PluginManage:310 - Check plugin power
2023-11-25 17:44:43,300 [INFO] PluginManage:359 - Loaded plugin power (category:power,tabindex:4)
2023-11-25 17:44:43,300 [INFO] PluginManage:310 - Check plugin projectmanager
2023-11-25 17:44:43,311 [INFO] PluginManage:359 - Loaded plugin projectmanager (category:projectmanager,tabindex:3)
2023-11-25 17:44:43,312 [INFO] PluginManage:310 - Check plugin thirdparty
2023-11-25 17:44:43,385 [INFO] PluginManage:359 - Loaded plugin thirdparty (category:base,tabindex:-1)
2023-11-25 17:44:43,385 [WARN] IntegrityCheckThread:84 - waiting for thirdparty lock release [integrity check]
2023-11-25 17:44:43,386 [INFO] PluginManage:310 - Check plugin tools
2023-11-25 17:44:43,386 [INFO] IntegrityCheckThread:86 - entering critical section [integrity check]
2023-11-25 17:44:43,386 [INFO] ThirdPartyUpdaterWithRetryManager:70 - Updater plugin not ready yet. [1/15]
2023-11-25 17:44:43,387 [INFO] PluginManage:359 - Loaded plugin tools (category:base,tabindex:7)
2023-11-25 17:44:43,387 [INFO] PluginManage:310 - Check plugin tutovideos
2023-11-25 17:44:43,495 [INFO] PluginManage:359 - Loaded plugin tutovideos (category:base,tabindex:-1)
2023-11-25 17:44:43,495 [INFO] PluginManage:310 - Check plugin updater
2023-11-25 17:44:43,504 [INFO] PluginManage:359 - Loaded plugin updater (category:base,tabindex:12)
2023-11-25 17:44:43,504 [INFO] PluginManage:310 - Check plugin userauth
2023-11-25 17:44:43,508 [INFO] UserAuth:114 - Init User Auth plugin
2023-11-25 17:44:43,508 [INFO] PluginManage:359 - Loaded plugin userauth (category:base,tabindex:14)
2023-11-25 17:44:43,508 [INFO] PluginManage:283 - PluginManage : Loaded plugins [17]
2023-11-25 17:44:43,638 [INFO] PinOutPanel:1499 - setPackage(No Configuration,No Configuration)
2023-11-25 17:44:43,697 [INFO] CADModel:165 - CPN selected for project level
2023-11-25 17:44:43,697 [INFO] CADModel:114 - Register for checkConnection events
2023-11-25 17:44:43,707 [INFO] IPUIPlugin:80 - create IPUIPlugin
2023-11-25 17:44:43,707 [INFO] PluginManager:220 - loadIPPluginJar : add spi
2023-11-25 17:44:43,710 [INFO] IPUIPlugin:80 - create IPUIPlugin
2023-11-25 17:44:43,710 [INFO] PluginManager:220 - loadIPPluginJar : add i3c
2023-11-25 17:44:43,711 [INFO] IPUIPlugin:80 - create IPUIPlugin
2023-11-25 17:44:43,711 [INFO] PluginManager:220 - loadIPPluginJar : add ltdc
2023-11-25 17:44:43,716 [INFO] IPUIPlugin:80 - create IPUIPlugin
2023-11-25 17:44:43,716 [INFO] PluginManager:220 - loadIPPluginJar : add gic
2023-11-25 17:44:43,718 [INFO] IPUIPlugin:80 - create IPUIPlugin
2023-11-25 17:44:43,718 [INFO] PluginManager:220 - loadIPPluginJar : add dfsdm
2023-11-25 17:44:43,721 [INFO] IPUIPlugin:80 - create IPUIPlugin
2023-11-25 17:44:43,721 [INFO] PluginManager:220 - loadIPPluginJar : add nvic
2023-11-25 17:44:43,726 [INFO] IPUIPlugin:80 - create IPUIPlugin
2023-11-25 17:44:43,727 [INFO] PluginManager:220 - loadIPPluginJar : add mdma
2023-11-25 17:44:43,729 [INFO] IPUIPlugin:80 - create IPUIPlugin
2023-11-25 17:44:43,729 [INFO] PluginManager:220 - loadIPPluginJar : add cryp
2023-11-25 17:44:43,730 [INFO] IPUIPlugin:80 - create IPUIPlugin
2023-11-25 17:44:43,730 [INFO] PluginManager:220 - loadIPPluginJar : add comp
2023-11-25 17:44:43,731 [INFO] IPUIPlugin:80 - create IPUIPlugin
2023-11-25 17:44:43,731 [INFO] PluginManager:220 - loadIPPluginJar : add fatfs
2023-11-25 17:44:43,733 [INFO] IPUIPlugin:80 - create IPUIPlugin
2023-11-25 17:44:43,733 [INFO] PluginManager:220 - loadIPPluginJar : add lorawan
2023-11-25 17:44:43,734 [INFO] IPUIPlugin:80 - create IPUIPlugin
2023-11-25 17:44:43,735 [INFO] PluginManager:220 - loadIPPluginJar : add dma3
2023-11-25 17:44:43,740 [INFO] IPUIPlugin:80 - create IPUIPlugin
2023-11-25 17:44:43,740 [INFO] PluginManager:220 - loadIPPluginJar : add freertos
2023-11-25 17:44:43,743 [INFO] IPUIPlugin:80 - create IPUIPlugin
2023-11-25 17:44:43,743 [INFO] PluginManager:220 - loadIPPluginJar : add hash
2023-11-25 17:44:43,746 [INFO] IPUIPlugin:80 - create IPUIPlugin
2023-11-25 17:44:43,746 [INFO] PluginManager:220 - loadIPPluginJar : add sai
2023-11-25 17:44:43,750 [INFO] IPUIPlugin:80 - create IPUIPlugin
2023-11-25 17:44:43,750 [INFO] PluginManager:220 - loadIPPluginJar : add opamp
2023-11-25 17:44:43,752 [INFO] IPUIPlugin:80 - create IPUIPlugin
2023-11-25 17:44:43,753 [INFO] PluginManager:220 - loadIPPluginJar : add touchsensing
2023-11-25 17:44:43,754 [INFO] IPUIPlugin:80 - create IPUIPlugin
2023-11-25 17:44:43,754 [INFO] PluginManager:220 - loadIPPluginJar : add ucpd
2023-11-25 17:44:43,755 [INFO] IPUIPlugin:80 - create IPUIPlugin
2023-11-25 17:44:43,755 [INFO] PluginManager:220 - loadIPPluginJar : add tsc
2023-11-25 17:44:43,757 [INFO] IPUIPlugin:80 - create IPUIPlugin
2023-11-25 17:44:43,757 [INFO] PluginManager:220 - loadIPPluginJar : add gtzc
2023-11-25 17:44:43,760 [INFO] IPUIPlugin:80 - create IPUIPlugin
2023-11-25 17:44:43,760 [INFO] PluginManager:220 - loadIPPluginJar : add usart
2023-11-25 17:44:43,764 [INFO] IPUIPlugin:80 - create IPUIPlugin
2023-11-25 17:44:43,765 [INFO] PluginManager:220 - loadIPPluginJar : add fmc
2023-11-25 17:44:43,771 [INFO] IPUIPlugin:80 - create IPUIPlugin
2023-11-25 17:44:43,774 [INFO] PluginManager:220 - loadIPPluginJar : add plateformsettings
2023-11-25 17:44:43,775 [INFO] IPUIPlugin:80 - create IPUIPlugin
2023-11-25 17:44:43,775 [INFO] PluginManager:220 - loadIPPluginJar : add genericplugin
2023-11-25 17:44:43,779 [INFO] IPUIPlugin:80 - create IPUIPlugin
2023-11-25 17:44:43,779 [INFO] PluginManager:220 - loadIPPluginJar : add resmgrutility
2023-11-25 17:44:43,781 [INFO] IPUIPlugin:80 - create IPUIPlugin
2023-11-25 17:44:43,781 [INFO] PluginManager:220 - loadIPPluginJar : add quadspi
2023-11-25 17:44:43,782 [INFO] IPUIPlugin:80 - create IPUIPlugin
2023-11-25 17:44:43,782 [INFO] PluginManager:220 - loadIPPluginJar : add tim
2023-11-25 17:44:43,790 [INFO] IPUIPlugin:80 - create IPUIPlugin
2023-11-25 17:44:43,790 [INFO] PluginManager:220 - loadIPPluginJar : add linkedlist
2023-11-25 17:44:43,792 [INFO] IPUIPlugin:80 - create IPUIPlugin
2023-11-25 17:44:43,792 [INFO] PluginManager:220 - loadIPPluginJar : add i2s
2023-11-25 17:44:43,798 [INFO] IPUIPlugin:80 - create IPUIPlugin
2023-11-25 17:44:43,798 [INFO] PluginManager:220 - loadIPPluginJar : add dma
2023-11-25 17:44:43,801 [INFO] IPUIPlugin:80 - create IPUIPlugin
2023-11-25 17:44:43,801 [INFO] PluginManager:220 - loadIPPluginJar : add ipddr
2023-11-25 17:44:43,806 [INFO] IPUIPlugin:80 - create IPUIPlugin
2023-11-25 17:44:43,806 [INFO] PluginManager:220 - loadIPPluginJar : add gpio
2023-11-25 17:44:43,808 [INFO] IPUIPlugin:80 - create IPUIPlugin
2023-11-25 17:44:43,808 [INFO] PluginManager:220 - loadIPPluginJar : add gfxmmu
2023-11-25 17:44:43,810 [INFO] IPUIPlugin:80 - create IPUIPlugin
2023-11-25 17:44:43,810 [INFO] PluginManager:220 - loadIPPluginJar : add aes
2023-11-25 17:44:43,811 [INFO] IPUIPlugin:80 - create IPUIPlugin
2023-11-25 17:44:43,812 [INFO] PluginManager:220 - loadIPPluginJar : add tracer_emb
2023-11-25 17:44:43,814 [INFO] IPUIPlugin:80 - create IPUIPlugin
2023-11-25 17:44:43,814 [INFO] PluginManager:220 - loadIPPluginJar : add i2c
2023-11-25 17:44:43,817 [INFO] IPUIPlugin:80 - create IPUIPlugin
2023-11-25 17:44:43,818 [INFO] PluginManager:220 - loadIPPluginJar : add stm32_wpan
2023-11-25 17:44:43,819 [INFO] IPUIPlugin:80 - create IPUIPlugin
2023-11-25 17:44:43,819 [INFO] PluginManager:220 - loadIPPluginJar : add ts
2023-11-25 17:44:43,820 [INFO] IPUIPlugin:80 - create IPUIPlugin
2023-11-25 17:44:43,820 [INFO] PluginManager:220 - loadIPPluginJar : add can
2023-11-25 17:44:43,824 [INFO] IPUIPlugin:80 - create IPUIPlugin
2023-11-25 17:44:43,824 [INFO] PluginManager:220 - loadIPPluginJar : add adc
2023-11-25 17:44:43,827 [INFO] IPUIPlugin:80 - create IPUIPlugin
2023-11-25 17:44:43,827 [INFO] PluginManager:220 - loadIPPluginJar : add usbx
2023-11-25 17:44:43,829 [INFO] IPUIPlugin:80 - create IPUIPlugin
2023-11-25 17:44:43,829 [INFO] PluginManager:220 - loadIPPluginJar : add pdm2pcm
2023-11-25 17:44:43,831 [INFO] IPUIPlugin:80 - create IPUIPlugin
2023-11-25 17:44:43,831 [INFO] PluginManager:220 - loadIPPluginJar : add openamp
2023-11-25 17:44:43,935 [INFO] CADModel:165 - CPN selected for project level
2023-11-25 17:44:43,935 [INFO] CADModel:114 - Register for checkConnection events
2023-11-25 17:44:43,935 [FATAL] Updater:308 - Updater called before beeing initialized
2023-11-25 17:44:43,936 [ERROR] CADModel:125 - Updater not yet initialized, retry later 
2023-11-25 17:44:44,082 [INFO] CADModel:165 - CPN selected for project level
2023-11-25 17:44:44,082 [INFO] CADModel:114 - Register for checkConnection events
2023-11-25 17:44:44,082 [FATAL] Updater:308 - Updater called before beeing initialized
2023-11-25 17:44:44,082 [ERROR] CADModel:125 - Updater not yet initialized, retry later 
2023-11-25 17:44:44,088 [FATAL] Updater:308 - Updater called before beeing initialized
2023-11-25 17:44:44,168 [FATAL] Updater:308 - Updater called before beeing initialized
2023-11-25 17:44:44,172 [INFO] DbMcusAds:53 - JSON generation date=Tue Mar 07 09:50:55 CET 2023 (1678179055335)
2023-11-25 17:44:44,172 [FATAL] Updater:308 - Updater called before beeing initialized
2023-11-25 17:44:44,210 [WARN] DetailPanel:346 - Failed to get advertising image, set to default
2023-11-25 17:44:44,313 [FATAL] Updater:308 - Updater called before beeing initialized
2023-11-25 17:44:44,315 [FATAL] Updater:308 - Updater called before beeing initialized
2023-11-25 17:44:44,315 [FATAL] Updater:308 - Updater called before beeing initialized
2023-11-25 17:44:44,315 [WARN] DetailPanel:346 - Failed to get advertising image, set to default
2023-11-25 17:44:44,316 [FATAL] Updater:308 - Updater called before beeing initialized
2023-11-25 17:44:44,349 [ERROR] Updater:1120 - MainUpdater not yet initialized. External WinMGr cannot be set.
2023-11-25 17:44:44,351 [INFO] Updater:1056 - Updater Version found : 6.10.0
2023-11-25 17:44:44,373 [INFO] ApplicationProperties:184 - Using Application install path: /opt/st/stm32cubeide_1.14.0/plugins/com.st.stm32cube.common.mx_6.10.0.202311202037
2023-11-25 17:44:44,700 [INFO] MainUpdater:2873 - connection check result : 10
2023-11-25 17:44:44,701 [INFO] MainUpdater:290 - Updater Check For Update Now.
2023-11-25 17:44:44,701 [INFO] MicroXplorer:498 - Change Database Version : DB.6.0.100
2023-11-25 17:44:44,709 [INFO] McuFinderGlobals:63 - Set McuFinder mode to 2 (CubeIDE integrated)
2023-11-25 17:44:44,885 [INFO] UserAuth:404 - Internet connection configuration mode: 1
2023-11-25 17:44:44,896 [INFO] CheckServerUpdateThread:120 - End of CheckServer Thread
2023-11-25 17:44:44,897 [INFO] JxBrowserEngine:152 - Initiate JxBrowser Engine with user profile folder
2023-11-25 17:44:45,510 [INFO] WebApp:161 - Instantiating new browser for Auth
2023-11-25 17:44:45,882 [INFO] WebApp:780 - Register for checkConnection events
2023-11-25 17:44:45,883 [INFO] WebApp:414 - Apply proxy settings
2023-11-25 17:44:45,883 [INFO] WebApp:499 - Chromium requires no authentication
2023-11-25 17:44:45,887 [INFO] WebApp:442 - Direct internet connection detected
2023-11-25 17:44:45,975 [INFO] WebApp:192 - Starting web application
2023-11-25 17:44:45,976 [INFO] WebApp:544 - Web application path used /opt/st/stm32cubeide_1.14.0/plugins/com.st.stm32cube.common.mx_6.10.0.202311202037/db/plugins/mcufinder/reactClient1/index.html
2023-11-25 17:44:46,460 [WARN] PackLoader:240 - Cannot read IP mode file for STMicroelectronics.X-CUBE-SMBUS.2.1.0
2023-11-25 17:44:46,483 [WARN] PackLoader:240 - Cannot read IP mode file for STMicroelectronics.X-CUBE-AZRTOS-F7.1.1.0
2023-11-25 17:44:46,492 [WARN] PackLoader:240 - Cannot read IP mode file for STMicroelectronics.FP-SNS-MOTENV1.4.3.2
2023-11-25 17:44:46,497 [WARN] PackLoader:240 - Cannot read IP mode file for STMicroelectronics.FP-SNS-FLIGHT1.5.0.2
2023-11-25 17:44:46,503 [WARN] PackLoader:240 - Cannot read IP mode file for STMicroelectronics.X-CUBE-DISPLAY.3.0.0
2023-11-25 17:44:46,513 [WARN] PackLoader:240 - Cannot read IP mode file for STMicroelectronics.X-CUBE-BLE1.7.0.0
2023-11-25 17:44:46,516 [WARN] PackLoader:240 - Cannot read IP mode file for emotas.I-CUBE-CANOPEN.1.3.0
2023-11-25 17:44:46,520 [WARN] PackLoader:240 - Cannot read IP mode file for STMicroelectronics.X-CUBE-TOUCHGFX.4.22.1
2023-11-25 17:44:46,523 [WARN] PackLoader:240 - Cannot read IP mode file for STMicroelectronics.FP-SNS-SMARTAG2.1.2.0
2023-11-25 17:44:46,532 [INFO] LogOutputStream:77 - [STDOUT_REDIRECT] 1 : Invalid condition id : UX_CORESTACK_Condition cause : null
2023-11-25 17:44:46,533 [INFO] LogOutputStream:77 - [STDOUT_REDIRECT] 1 : Invalid condition id : UX_CORESTACK_Condition cause : null
2023-11-25 17:44:46,533 [INFO] LogOutputStream:77 - [STDOUT_REDIRECT] 1 : Invalid condition id : UX_CORESTACK_Condition cause : null
2023-11-25 17:44:46,533 [INFO] LogOutputStream:77 - [STDOUT_REDIRECT] 1 : Invalid condition id : UX_CORESTACK_Condition cause : null
2023-11-25 17:44:46,533 [INFO] LogOutputStream:77 - [STDOUT_REDIRECT] 1 : Invalid condition id : UX_CORESTACK_Condition cause : null
2023-11-25 17:44:46,536 [WARN] PackLoader:240 - Cannot read IP mode file for STMicroelectronics.X-CUBE-AZRTOS-WL.2.0.0
2023-11-25 17:44:46,543 [WARN] PackLoader:240 - Cannot read IP mode file for WES.I-CUBE-Cesium.1.3.0
2023-11-25 17:44:46,547 [WARN] PackLoader:240 - Cannot read IP mode file for STMicroelectronics.X-CUBE-BLE2.3.3.0
2023-11-25 17:44:46,552 [WARN] PackLoader:240 - Cannot read IP mode file for STMicroelectronics.X-CUBE-ALGOBUILD.1.3.0
2023-11-25 17:44:46,565 [WARN] PackLoader:240 - Cannot read IP mode file for STMicroelectronics.X-CUBE-AZRTOS-G0.1.1.0
2023-11-25 17:44:46,572 [WARN] PackLoader:240 - Cannot read IP mode file for STMicroelectronics.X-CUBE-NFC4.3.0.0
2023-11-25 17:44:46,590 [WARN] PackLoader:240 - Cannot read IP mode file for STMicroelectronics.X-CUBE-BLEMGR.3.0.0
2023-11-25 17:44:46,597 [WARN] PackLoader:240 - Cannot read IP mode file for STMicroelectronics.FP-ATR-SIGFOX1.3.2.0
2023-11-25 17:44:46,602 [WARN] PackLoader:240 - Cannot read IP mode file for STMicroelectronics.X-CUBE-GNSS1.6.0.0
2023-11-25 17:44:46,623 [WARN] PackLoader:240 - Cannot read IP mode file for STMicroelectronics.X-CUBE-AZRTOS-F4.1.1.0
2023-11-25 17:44:46,630 [WARN] PackLoader:240 - Cannot read IP mode file for wolfSSL.I-CUBE-wolfSSL.5.6.4
2023-11-25 17:44:46,658 [WARN] PackLoader:240 - Cannot read IP mode file for STMicroelectronics.X-CUBE-AZRTOS-L5.2.0.0
2023-11-25 17:44:46,665 [WARN] PackLoader:240 - Cannot read IP mode file for STMicroelectronics.X-CUBE-EEPRMA1.4.2.0
2023-11-25 17:44:46,683 [WARN] PackLoader:240 - Cannot read IP mode file for ITTIA_DB.I-CUBE-ITTIADB.8.8.0
2023-11-25 17:44:46,707 [WARN] ConditionMgr:438 - getConditionDescription Invalid condition id : UX DEVICE CLASS RTOS Condition cause : null
2023-11-25 17:44:46,708 [WARN] ConditionMgr:438 - getConditionDescription Invalid condition id : UX DEVICE CLASS RTOS Condition cause : null
2023-11-25 17:44:46,712 [WARN] PackLoader:240 - Cannot read IP mode file for STMicroelectronics.X-CUBE-AZRTOS-H7.3.1.0
2023-11-25 17:44:46,713 [WARN] ConditionMgr:1039 - genDependencies : Invalid condition id : UX DEVICE CLASS RTOS Condition cause : null
2023-11-25 17:44:46,714 [WARN] ConditionMgr:1039 - genDependencies : Invalid condition id : UX DEVICE CLASS RTOS Condition cause : null
2023-11-25 17:44:46,714 [WARN] ConditionMgr:1039 - genDependencies : Invalid condition id : UX DEVICE CLASS RTOS Condition cause : null
2023-11-25 17:44:46,715 [WARN] ConditionMgr:1039 - genDependencies : Invalid condition id : UX DEVICE CLASS RTOS Condition cause : null
2023-11-25 17:44:46,715 [WARN] ConditionMgr:1039 - genDependencies : Invalid condition id : UX DEVICE CLASS RTOS Condition cause : null
2023-11-25 17:44:46,722 [WARN] PackLoader:240 - Cannot read IP mode file for STMicroelectronics.X-CUBE-NFC7.1.0.1
2023-11-25 17:44:46,741 [WARN] PackLoader:240 - Cannot read IP mode file for STMicroelectronics.X-CUBE-NFC6.3.0.0
2023-11-25 17:44:46,746 [WARN] PackLoader:240 - Cannot read IP mode file for STMicroelectronics.X-CUBE-AI.8.1.0
2023-11-25 17:44:46,762 [WARN] ConditionMgr:438 - getConditionDescription Invalid condition id : LAN8742 Phy interface Condition cause : null
2023-11-25 17:44:46,763 [WARN] PackLoader:240 - Cannot read IP mode file for STMicroelectronics.X-CUBE-AZRTOS-L4.2.0.0
2023-11-25 17:44:46,764 [WARN] ConditionMgr:1039 - genDependencies : Invalid condition id : LAN8742 Phy interface Condition cause : null
2023-11-25 17:44:46,765 [WARN] ConditionMgr:1039 - genDependencies : Invalid condition id : LAN8742 Phy interface Condition cause : null
2023-11-25 17:44:46,765 [WARN] ConditionMgr:1039 - genDependencies : Invalid condition id : LAN8742 Phy interface Condition cause : null
2023-11-25 17:44:46,772 [WARN] PackLoader:240 - Cannot read IP mode file for STMicroelectronics.X-CUBE-SFXS2LP1.4.0.0
2023-11-25 17:44:46,776 [WARN] PackLoader:240 - Cannot read IP mode file for STMicroelectronics.X-CUBE-ISPU.1.1.0
2023-11-25 17:44:46,788 [WARN] ConditionMgr:438 - getConditionDescription Invalid condition id : UX DEVICE CLASS RTOS Condition cause : null
2023-11-25 17:44:46,788 [WARN] ConditionMgr:438 - getConditionDescription Invalid condition id : UX DEVICE CLASS RTOS Condition cause : null
2023-11-25 17:44:46,790 [WARN] PackLoader:240 - Cannot read IP mode file for STMicroelectronics.X-CUBE-AZRTOS-WB.2.0.0
2023-11-25 17:44:46,791 [WARN] ConditionMgr:1039 - genDependencies : Invalid condition id : UX DEVICE CLASS RTOS Condition cause : null
2023-11-25 17:44:46,791 [WARN] ConditionMgr:1039 - genDependencies : Invalid condition id : UX DEVICE CLASS RTOS Condition cause : null
2023-11-25 17:44:46,791 [WARN] ConditionMgr:1039 - genDependencies : Invalid condition id : UX DEVICE CLASS RTOS Condition cause : null
2023-11-25 17:44:46,791 [WARN] ConditionMgr:1039 - genDependencies : Invalid condition id : UX DEVICE CLASS RTOS Condition cause : null
2023-11-25 17:44:46,791 [WARN] ConditionMgr:1039 - genDependencies : Invalid condition id : UX DEVICE CLASS RTOS Condition cause : null
2023-11-25 17:44:46,801 [WARN] PackLoader:240 - Cannot read IP mode file for STMicroelectronics.X-CUBE-SUBG2.5.0.0
2023-11-25 17:44:46,814 [WARN] PackLoader:240 - Cannot read IP mode file for STMicroelectronics.X-CUBE-TOF1.3.3.1
2023-11-25 17:44:46,847 [WARN] PackLoader:240 - Cannot read IP mode file for STMicroelectronics.X-CUBE-AZRTOS-G4.2.0.0
2023-11-25 17:44:46,856 [WARN] PackLoader:240 - Cannot read IP mode file for Infineon.AIROC-Wi-Fi-Bluetooth-STM32.1.5.1
2023-11-25 17:44:46,863 [WARN] PackLoader:240 - Cannot read IP mode file for STMicroelectronics.FP-SNS-MOTENVWB1.1.3.0
2023-11-25 17:44:46,886 [WARN] PackLoader:240 - Cannot read IP mode file for STMicroelectronics.X-CUBE-MEMS1.10.0.0
2023-11-25 17:44:46,980 [WARN] PackLoader:240 - Cannot read IP mode file for STMicroelectronics.X-CUBE-FREERTOS.1.1.0
2023-11-25 17:44:46,983 [WARN] PackLoader:240 - Cannot read IP mode file for portGmbH.I-Cube-SoM-uGOAL.1.1.0
2023-11-25 17:44:46,985 [WARN] PackLoader:240 - Cannot read IP mode file for STMicroelectronics.X-CUBE-ALS.1.0.1
2023-11-25 17:44:46,991 [WARN] PackLoader:240 - Cannot read IP mode file for STMicroelectronics.FP-ATR-ASTRA1.2.0.0
2023-11-25 17:44:46,991 [INFO] ThirdParty:978 - Integrity check success = true
2023-11-25 17:44:46,992 [INFO] IntegrityCheckThread:100 - exiting critical section [integrity check]
2023-11-25 17:44:46,992 [INFO] IntegrityCheckThread:103 - End integrity checks thread
2023-11-25 17:45:06,223 [ERROR] LogOutputStream:75 - [STDERR_REDIRECT] SLF4J: Failed to load class "org.slf4j.impl.StaticLoggerBinder".
2023-11-25 17:45:06,224 [ERROR] LogOutputStream:75 - [STDERR_REDIRECT] SLF4J: Defaulting to no-operation (NOP) logger implementation
2023-11-25 17:45:06,224 [ERROR] LogOutputStream:75 - [STDERR_REDIRECT] SLF4J: See http://www.slf4j.org/codes.html#StaticLoggerBinder for further details.
2023-11-25 19:01:35,105 [ERROR] LogOutputStream:75 - [STDERR_REDIRECT] 
