[0.100s] Invoking command in '/home/moad/VigiWheels/jetsonNano/ros2_ws/build/system_check_ack': AMENT_PREFIX_PATH=/home/moad/VigiWheels/jetsonNano/ros2_ws/install/interfaces:${AMENT_PREFIX_PATH} CMAKE_PREFIX_PATH=/home/moad/VigiWheels/jetsonNano/ros2_ws/install/interfaces:/home/moad/ros2_ws/install/my_robot_controller:/home/moad/ros2_ws/install/manometer_detection:/opt/ros/humble LD_LIBRARY_PATH=/home/moad/VigiWheels/jetsonNano/ros2_ws/install/interfaces/lib:${LD_LIBRARY_PATH} PYTHONPATH=/home/moad/VigiWheels/jetsonNano/ros2_ws/install/interfaces/local/lib/python3.10/dist-packages:${PYTHONPATH} /usr/bin/cmake --build /home/moad/VigiWheels/jetsonNano/ros2_ws/build/system_check_ack -- -j12 -l12
[0.134s] [100%] Built target system_check_ack_node
[0.140s] Invoked command in '/home/moad/VigiWheels/jetsonNano/ros2_ws/build/system_check_ack' returned '0': AMENT_PREFIX_PATH=/home/moad/VigiWheels/jetsonNano/ros2_ws/install/interfaces:${AMENT_PREFIX_PATH} CMAKE_PREFIX_PATH=/home/moad/VigiWheels/jetsonNano/ros2_ws/install/interfaces:/home/moad/ros2_ws/install/my_robot_controller:/home/moad/ros2_ws/install/manometer_detection:/opt/ros/humble LD_LIBRARY_PATH=/home/moad/VigiWheels/jetsonNano/ros2_ws/install/interfaces/lib:${LD_LIBRARY_PATH} PYTHONPATH=/home/moad/VigiWheels/jetsonNano/ros2_ws/install/interfaces/local/lib/python3.10/dist-packages:${PYTHONPATH} /usr/bin/cmake --build /home/moad/VigiWheels/jetsonNano/ros2_ws/build/system_check_ack -- -j12 -l12
[0.155s] Invoking command in '/home/moad/VigiWheels/jetsonNano/ros2_ws/build/system_check_ack': AMENT_PREFIX_PATH=/home/moad/VigiWheels/jetsonNano/ros2_ws/install/interfaces:${AMENT_PREFIX_PATH} CMAKE_PREFIX_PATH=/home/moad/VigiWheels/jetsonNano/ros2_ws/install/interfaces:/home/moad/ros2_ws/install/my_robot_controller:/home/moad/ros2_ws/install/manometer_detection:/opt/ros/humble LD_LIBRARY_PATH=/home/moad/VigiWheels/jetsonNano/ros2_ws/install/interfaces/lib:${LD_LIBRARY_PATH} PYTHONPATH=/home/moad/VigiWheels/jetsonNano/ros2_ws/install/interfaces/local/lib/python3.10/dist-packages:${PYTHONPATH} /usr/bin/cmake --install /home/moad/VigiWheels/jetsonNano/ros2_ws/build/system_check_ack
[0.160s] -- Install configuration: ""
[0.160s] -- Up-to-date: /home/moad/VigiWheels/jetsonNano/ros2_ws/install/system_check_ack/lib/system_check_ack/system_check_ack_node
[0.160s] -- Up-to-date: /home/moad/VigiWheels/jetsonNano/ros2_ws/install/system_check_ack/share/ament_index/resource_index/package_run_dependencies/system_check_ack
[0.160s] -- Up-to-date: /home/moad/VigiWheels/jetsonNano/ros2_ws/install/system_check_ack/share/ament_index/resource_index/parent_prefix_path/system_check_ack
[0.160s] -- Up-to-date: /home/moad/VigiWheels/jetsonNano/ros2_ws/install/system_check_ack/share/system_check_ack/environment/ament_prefix_path.sh
[0.160s] -- Up-to-date: /home/moad/VigiWheels/jetsonNano/ros2_ws/install/system_check_ack/share/system_check_ack/environment/ament_prefix_path.dsv
[0.160s] -- Up-to-date: /home/moad/VigiWheels/jetsonNano/ros2_ws/install/system_check_ack/share/system_check_ack/environment/path.sh
[0.160s] -- Up-to-date: /home/moad/VigiWheels/jetsonNano/ros2_ws/install/system_check_ack/share/system_check_ack/environment/path.dsv
[0.161s] -- Up-to-date: /home/moad/VigiWheels/jetsonNano/ros2_ws/install/system_check_ack/share/system_check_ack/local_setup.bash
[0.161s] -- Up-to-date: /home/moad/VigiWheels/jetsonNano/ros2_ws/install/system_check_ack/share/system_check_ack/local_setup.sh
[0.161s] -- Up-to-date: /home/moad/VigiWheels/jetsonNano/ros2_ws/install/system_check_ack/share/system_check_ack/local_setup.zsh
[0.161s] -- Up-to-date: /home/moad/VigiWheels/jetsonNano/ros2_ws/install/system_check_ack/share/system_check_ack/local_setup.dsv
[0.161s] -- Installing: /home/moad/VigiWheels/jetsonNano/ros2_ws/install/system_check_ack/share/system_check_ack/package.dsv
[0.161s] -- Up-to-date: /home/moad/VigiWheels/jetsonNano/ros2_ws/install/system_check_ack/share/ament_index/resource_index/packages/system_check_ack
[0.161s] -- Up-to-date: /home/moad/VigiWheels/jetsonNano/ros2_ws/install/system_check_ack/share/system_check_ack/cmake/system_check_ackConfig.cmake
[0.161s] -- Up-to-date: /home/moad/VigiWheels/jetsonNano/ros2_ws/install/system_check_ack/share/system_check_ack/cmake/system_check_ackConfig-version.cmake
[0.161s] -- Up-to-date: /home/moad/VigiWheels/jetsonNano/ros2_ws/install/system_check_ack/share/system_check_ack/package.xml
[0.162s] Invoked command in '/home/moad/VigiWheels/jetsonNano/ros2_ws/build/system_check_ack' returned '0': AMENT_PREFIX_PATH=/home/moad/VigiWheels/jetsonNano/ros2_ws/install/interfaces:${AMENT_PREFIX_PATH} CMAKE_PREFIX_PATH=/home/moad/VigiWheels/jetsonNano/ros2_ws/install/interfaces:/home/moad/ros2_ws/install/my_robot_controller:/home/moad/ros2_ws/install/manometer_detection:/opt/ros/humble LD_LIBRARY_PATH=/home/moad/VigiWheels/jetsonNano/ros2_ws/install/interfaces/lib:${LD_LIBRARY_PATH} PYTHONPATH=/home/moad/VigiWheels/jetsonNano/ros2_ws/install/interfaces/local/lib/python3.10/dist-packages:${PYTHONPATH} /usr/bin/cmake --install /home/moad/VigiWheels/jetsonNano/ros2_ws/build/system_check_ack
