running egg_info
creating ../../build/high_alert/high_alert.egg-info
writing ../../build/high_alert/high_alert.egg-info/PKG-INFO
writing dependency_links to ../../build/high_alert/high_alert.egg-info/dependency_links.txt
writing entry points to ../../build/high_alert/high_alert.egg-info/entry_points.txt
writing requirements to ../../build/high_alert/high_alert.egg-info/requires.txt
writing top-level names to ../../build/high_alert/high_alert.egg-info/top_level.txt
writing manifest file '../../build/high_alert/high_alert.egg-info/SOURCES.txt'
reading manifest file '../../build/high_alert/high_alert.egg-info/SOURCES.txt'
writing manifest file '../../build/high_alert/high_alert.egg-info/SOURCES.txt'
running build
running build_py
creating /home/insa/Desktop/3.0/VigiWheels/raspberryPI3/ros2_ws/build/high_alert/build
creating /home/insa/Desktop/3.0/VigiWheels/raspberryPI3/ros2_ws/build/high_alert/build/lib
creating /home/insa/Desktop/3.0/VigiWheels/raspberryPI3/ros2_ws/build/high_alert/build/lib/high_alert
copying high_alert/__init__.py -> /home/insa/Desktop/3.0/VigiWheels/raspberryPI3/ros2_ws/build/high_alert/build/lib/high_alert
copying high_alert/high_alert.py -> /home/insa/Desktop/3.0/VigiWheels/raspberryPI3/ros2_ws/build/high_alert/build/lib/high_alert
running install
running install_lib
creating /home/insa/Desktop/3.0/VigiWheels/raspberryPI3/ros2_ws/install/high_alert/lib/python3.10/site-packages/high_alert
copying /home/insa/Desktop/3.0/VigiWheels/raspberryPI3/ros2_ws/build/high_alert/build/lib/high_alert/__init__.py -> /home/insa/Desktop/3.0/VigiWheels/raspberryPI3/ros2_ws/install/high_alert/lib/python3.10/site-packages/high_alert
copying /home/insa/Desktop/3.0/VigiWheels/raspberryPI3/ros2_ws/build/high_alert/build/lib/high_alert/high_alert.py -> /home/insa/Desktop/3.0/VigiWheels/raspberryPI3/ros2_ws/install/high_alert/lib/python3.10/site-packages/high_alert
byte-compiling /home/insa/Desktop/3.0/VigiWheels/raspberryPI3/ros2_ws/install/high_alert/lib/python3.10/site-packages/high_alert/__init__.py to __init__.cpython-310.pyc
byte-compiling /home/insa/Desktop/3.0/VigiWheels/raspberryPI3/ros2_ws/install/high_alert/lib/python3.10/site-packages/high_alert/high_alert.py to high_alert.cpython-310.pyc
running install_data
creating /home/insa/Desktop/3.0/VigiWheels/raspberryPI3/ros2_ws/install/high_alert/share/ament_index
creating /home/insa/Desktop/3.0/VigiWheels/raspberryPI3/ros2_ws/install/high_alert/share/ament_index/resource_index
creating /home/insa/Desktop/3.0/VigiWheels/raspberryPI3/ros2_ws/install/high_alert/share/ament_index/resource_index/packages
copying resource/high_alert -> /home/insa/Desktop/3.0/VigiWheels/raspberryPI3/ros2_ws/install/high_alert/share/ament_index/resource_index/packages
copying package.xml -> /home/insa/Desktop/3.0/VigiWheels/raspberryPI3/ros2_ws/install/high_alert/share/high_alert
running install_egg_info
Copying ../../build/high_alert/high_alert.egg-info to /home/insa/Desktop/3.0/VigiWheels/raspberryPI3/ros2_ws/install/high_alert/lib/python3.10/site-packages/high_alert-0.0.0-py3.10.egg-info
running install_scripts
Installing alarm_node script to /home/insa/Desktop/3.0/VigiWheels/raspberryPI3/ros2_ws/install/high_alert/lib/high_alert
writing list of installed files to '/home/insa/Desktop/3.0/VigiWheels/raspberryPI3/ros2_ws/build/high_alert/install.log'
