[35m[1mConsolidate compiler generated dependencies of target servo_cam[0m
[100%] Built target servo_cam
-- Install configuration: ""
-- Installing: /home/insa/Desktop/VigiWheels2.0/raspberryPI3/install/servo_cam/lib/servo_cam/servo_cam
-- Set runtime path of "/home/insa/Desktop/VigiWheels2.0/raspberryPI3/install/servo_cam/lib/servo_cam/servo_cam" to ""
-- Installing: /home/insa/Desktop/VigiWheels2.0/raspberryPI3/install/servo_cam/share/ament_index/resource_index/package_run_dependencies/servo_cam
-- Installing: /home/insa/Desktop/VigiWheels2.0/raspberryPI3/install/servo_cam/share/ament_index/resource_index/parent_prefix_path/servo_cam
-- Installing: /home/insa/Desktop/VigiWheels2.0/raspberryPI3/install/servo_cam/share/servo_cam/environment/ament_prefix_path.sh
-- Installing: /home/insa/Desktop/VigiWheels2.0/raspberryPI3/install/servo_cam/share/servo_cam/environment/ament_prefix_path.dsv
-- Installing: /home/insa/Desktop/VigiWheels2.0/raspberryPI3/install/servo_cam/share/servo_cam/environment/path.sh
-- Installing: /home/insa/Desktop/VigiWheels2.0/raspberryPI3/install/servo_cam/share/servo_cam/environment/path.dsv
-- Installing: /home/insa/Desktop/VigiWheels2.0/raspberryPI3/install/servo_cam/share/servo_cam/local_setup.bash
-- Installing: /home/insa/Desktop/VigiWheels2.0/raspberryPI3/install/servo_cam/share/servo_cam/local_setup.sh
-- Installing: /home/insa/Desktop/VigiWheels2.0/raspberryPI3/install/servo_cam/share/servo_cam/local_setup.zsh
-- Installing: /home/insa/Desktop/VigiWheels2.0/raspberryPI3/install/servo_cam/share/servo_cam/local_setup.dsv
-- Installing: /home/insa/Desktop/VigiWheels2.0/raspberryPI3/install/servo_cam/share/servo_cam/package.dsv
-- Installing: /home/insa/Desktop/VigiWheels2.0/raspberryPI3/install/servo_cam/share/ament_index/resource_index/packages/servo_cam
-- Installing: /home/insa/Desktop/VigiWheels2.0/raspberryPI3/install/servo_cam/share/servo_cam/cmake/ament_cmake_export_include_directories-extras.cmake
-- Installing: /home/insa/Desktop/VigiWheels2.0/raspberryPI3/install/servo_cam/share/servo_cam/cmake/servo_camConfig.cmake
-- Installing: /home/insa/Desktop/VigiWheels2.0/raspberryPI3/install/servo_cam/share/servo_cam/cmake/servo_camConfig-version.cmake
-- Installing: /home/insa/Desktop/VigiWheels2.0/raspberryPI3/install/servo_cam/share/servo_cam/package.xml
