[0.091s] Invoking command in '/home/insa/Desktop/VigiWheels/raspberryPI3/ros2_ws/build/serial_port': CMAKE_PREFIX_PATH=/home/insa/Desktop/VigiWheels/raspberryPI3/ros2_ws/install/interfaces:/home/insa/Desktop/VigiWheels/raspberryPI3/ros2_ws/install/geicar_start:/home/insa/Desktop/VigiWheels/raspberryPI3/ros2_ws/install/system_check:/home/insa/Desktop/VigiWheels/raspberryPI3/ros2_ws/install/simulation:/home/insa/Desktop/VigiWheels/raspberryPI3/ros2_ws/install/serial_port:/home/insa/Desktop/VigiWheels/raspberryPI3/ros2_ws/install/imu_tools:/home/insa/Desktop/VigiWheels/raspberryPI3/ros2_ws/install/rviz_imu_plugin:/home/insa/Desktop/VigiWheels/raspberryPI3/ros2_ws/install/joystick:/home/insa/Desktop/VigiWheels/raspberryPI3/ros2_ws/install/fire_detection:/home/insa/Desktop/VigiWheels/raspberryPI3/ros2_ws/install/car_control:/home/insa/Desktop/VigiWheels/raspberryPI3/ros2_ws/install/can:/home/insa/Desktop/VigiWheels/raspberryPI3/ros2_ws/install/imu_filter_madgwick:/home/insa/Desktop/VigiWheels/raspberryPI3/ros2_ws/install/imu_complementary_filter:/home/insa/Desktop/VigiWheels/raspberryPI3/ros2_ws/install/carla_msgs:/home/insa/ros2_ws/install/my_fire_pkg:/home/insa/ros2_ws/install/demo_sensor_pkg:/home/insa/ros2_ws/install/my_robot_interfaces:/home/insa/ros2_ws/install/my_cpp_pkg:/home/insa/ros2_ws/install/johann_cpp_pkg:/opt/ros/humble LD_LIBRARY_PATH=/home/insa/Desktop/VigiWheels/raspberryPI3/ros2_ws/install/interfaces/lib:/home/insa/Desktop/VigiWheels/raspberryPI3/ros2_ws/install/rviz_imu_plugin/lib:/home/insa/Desktop/VigiWheels/raspberryPI3/ros2_ws/install/imu_filter_madgwick/lib:/home/insa/Desktop/VigiWheels/raspberryPI3/ros2_ws/install/carla_msgs/lib:/home/insa/ros2_ws/install/my_robot_interfaces/lib:/usr/lib/x86_64-linux-gnu/gazebo-11/plugins:/opt/ros/humble/opt/rviz_ogre_vendor/lib:/opt/ros/humble/lib/x86_64-linux-gnu:/opt/ros/humble/lib /usr/bin/cmake --build /home/insa/Desktop/VigiWheels/raspberryPI3/ros2_ws/build/serial_port -- -j8 -l8
[0.136s] [35m[1mConsolidate compiler generated dependencies of target serial_reading_node[0m
[0.151s] [ 50%] Built target serial_writing_node
[0.155s] [ 75%] [32mBuilding CXX object CMakeFiles/serial_reading_node.dir/src/serial_reading.cpp.o[0m
[2.589s] In file included from [01m[K/opt/ros/humble/include/rclcpp/rclcpp/logging.hpp:24[m[K,
[2.589s]                  from [01m[K/opt/ros/humble/include/rclcpp/rclcpp/client.hpp:40[m[K,
[2.589s]                  from [01m[K/opt/ros/humble/include/rclcpp/rclcpp/callback_group.hpp:24[m[K,
[2.589s]                  from [01m[K/opt/ros/humble/include/rclcpp/rclcpp/any_executable.hpp:20[m[K,
[2.589s]                  from [01m[K/opt/ros/humble/include/rclcpp/rclcpp/memory_strategy.hpp:25[m[K,
[2.589s]                  from [01m[K/opt/ros/humble/include/rclcpp/rclcpp/memory_strategies.hpp:18[m[K,
[2.589s]                  from [01m[K/opt/ros/humble/include/rclcpp/rclcpp/executor_options.hpp:20[m[K,
[2.589s]                  from [01m[K/opt/ros/humble/include/rclcpp/rclcpp/executor.hpp:37[m[K,
[2.589s]                  from [01m[K/opt/ros/humble/include/rclcpp/rclcpp/executors/multi_threaded_executor.hpp:25[m[K,
[2.589s]                  from [01m[K/opt/ros/humble/include/rclcpp/rclcpp/executors.hpp:21[m[K,
[2.589s]                  from [01m[K/opt/ros/humble/include/rclcpp/rclcpp/rclcpp.hpp:155[m[K,
[2.589s]                  from [01m[K/home/insa/Desktop/VigiWheels/raspberryPI3/ros2_ws/src/serial_port/src/serial_reading.cpp:7[m[K:
[2.590s] [01m[K/home/insa/Desktop/VigiWheels/raspberryPI3/ros2_ws/src/serial_port/src/serial_reading.cpp:[m[K In member function ‘[01m[Kvoid SerialReadingNode::receiveDataFire()[m[K’:
[2.590s] [01m[K/home/insa/Desktop/VigiWheels/raspberryPI3/ros2_ws/src/serial_port/src/serial_reading.cpp:134:45:[m[K [01;35m[Kwarning: [m[Kformat ‘[01m[K%s[m[K’ expects argument of type ‘[01m[Kchar*[m[K’, but argument 5 has type ‘[01m[Kint[m[K’ [[01;35m[K]8;;https://gcc.gnu.org/onlinedocs/gcc/Warning-Options.html#index-Wformat=-Wformat=]8;;[m[K]
[2.590s]   134 |             RCLCPP_INFO(this->get_logger(), [01;35m[K"Data received : %s\n"[m[K, [32m[Kbuf[m[K);
[2.590s]       |                                             [01;35m[K^~~~~~~~~~~~~~~~~~~~~~[m[K  [32m[K~~~[m[K
[2.590s]       |                                                                     [32m[K|[m[K
[2.590s]       |                                                                     [32m[Kint[m[K
[2.590s] [01m[K/home/insa/Desktop/VigiWheels/raspberryPI3/ros2_ws/src/serial_port/src/serial_reading.cpp:134:63:[m[K [01;36m[Knote: [m[Kformat string is defined here
[2.590s]   134 |             RCLCPP_INFO(this->get_logger(), "Data received : [01;36m[K%s[m[K\n", buf);
[2.590s]       |                                                              [01;36m[K~^[m[K
[2.590s]       |                                                               [01;36m[K|[m[K
[2.590s]       |                                                               [01;36m[Kchar*[m[K
[2.590s]       |                                                              [32m[K%d[m[K
[4.762s] [100%] [32m[1mLinking CXX executable serial_reading_node[0m
[4.958s] [100%] Built target serial_reading_node
[4.969s] Invoked command in '/home/insa/Desktop/VigiWheels/raspberryPI3/ros2_ws/build/serial_port' returned '0': CMAKE_PREFIX_PATH=/home/insa/Desktop/VigiWheels/raspberryPI3/ros2_ws/install/interfaces:/home/insa/Desktop/VigiWheels/raspberryPI3/ros2_ws/install/geicar_start:/home/insa/Desktop/VigiWheels/raspberryPI3/ros2_ws/install/system_check:/home/insa/Desktop/VigiWheels/raspberryPI3/ros2_ws/install/simulation:/home/insa/Desktop/VigiWheels/raspberryPI3/ros2_ws/install/serial_port:/home/insa/Desktop/VigiWheels/raspberryPI3/ros2_ws/install/imu_tools:/home/insa/Desktop/VigiWheels/raspberryPI3/ros2_ws/install/rviz_imu_plugin:/home/insa/Desktop/VigiWheels/raspberryPI3/ros2_ws/install/joystick:/home/insa/Desktop/VigiWheels/raspberryPI3/ros2_ws/install/fire_detection:/home/insa/Desktop/VigiWheels/raspberryPI3/ros2_ws/install/car_control:/home/insa/Desktop/VigiWheels/raspberryPI3/ros2_ws/install/can:/home/insa/Desktop/VigiWheels/raspberryPI3/ros2_ws/install/imu_filter_madgwick:/home/insa/Desktop/VigiWheels/raspberryPI3/ros2_ws/install/imu_complementary_filter:/home/insa/Desktop/VigiWheels/raspberryPI3/ros2_ws/install/carla_msgs:/home/insa/ros2_ws/install/my_fire_pkg:/home/insa/ros2_ws/install/demo_sensor_pkg:/home/insa/ros2_ws/install/my_robot_interfaces:/home/insa/ros2_ws/install/my_cpp_pkg:/home/insa/ros2_ws/install/johann_cpp_pkg:/opt/ros/humble LD_LIBRARY_PATH=/home/insa/Desktop/VigiWheels/raspberryPI3/ros2_ws/install/interfaces/lib:/home/insa/Desktop/VigiWheels/raspberryPI3/ros2_ws/install/rviz_imu_plugin/lib:/home/insa/Desktop/VigiWheels/raspberryPI3/ros2_ws/install/imu_filter_madgwick/lib:/home/insa/Desktop/VigiWheels/raspberryPI3/ros2_ws/install/carla_msgs/lib:/home/insa/ros2_ws/install/my_robot_interfaces/lib:/usr/lib/x86_64-linux-gnu/gazebo-11/plugins:/opt/ros/humble/opt/rviz_ogre_vendor/lib:/opt/ros/humble/lib/x86_64-linux-gnu:/opt/ros/humble/lib /usr/bin/cmake --build /home/insa/Desktop/VigiWheels/raspberryPI3/ros2_ws/build/serial_port -- -j8 -l8
[5.012s] Invoking command in '/home/insa/Desktop/VigiWheels/raspberryPI3/ros2_ws/build/serial_port': CMAKE_PREFIX_PATH=/home/insa/Desktop/VigiWheels/raspberryPI3/ros2_ws/install/interfaces:/home/insa/Desktop/VigiWheels/raspberryPI3/ros2_ws/install/geicar_start:/home/insa/Desktop/VigiWheels/raspberryPI3/ros2_ws/install/system_check:/home/insa/Desktop/VigiWheels/raspberryPI3/ros2_ws/install/simulation:/home/insa/Desktop/VigiWheels/raspberryPI3/ros2_ws/install/serial_port:/home/insa/Desktop/VigiWheels/raspberryPI3/ros2_ws/install/imu_tools:/home/insa/Desktop/VigiWheels/raspberryPI3/ros2_ws/install/rviz_imu_plugin:/home/insa/Desktop/VigiWheels/raspberryPI3/ros2_ws/install/joystick:/home/insa/Desktop/VigiWheels/raspberryPI3/ros2_ws/install/fire_detection:/home/insa/Desktop/VigiWheels/raspberryPI3/ros2_ws/install/car_control:/home/insa/Desktop/VigiWheels/raspberryPI3/ros2_ws/install/can:/home/insa/Desktop/VigiWheels/raspberryPI3/ros2_ws/install/imu_filter_madgwick:/home/insa/Desktop/VigiWheels/raspberryPI3/ros2_ws/install/imu_complementary_filter:/home/insa/Desktop/VigiWheels/raspberryPI3/ros2_ws/install/carla_msgs:/home/insa/ros2_ws/install/my_fire_pkg:/home/insa/ros2_ws/install/demo_sensor_pkg:/home/insa/ros2_ws/install/my_robot_interfaces:/home/insa/ros2_ws/install/my_cpp_pkg:/home/insa/ros2_ws/install/johann_cpp_pkg:/opt/ros/humble LD_LIBRARY_PATH=/home/insa/Desktop/VigiWheels/raspberryPI3/ros2_ws/install/interfaces/lib:/home/insa/Desktop/VigiWheels/raspberryPI3/ros2_ws/install/rviz_imu_plugin/lib:/home/insa/Desktop/VigiWheels/raspberryPI3/ros2_ws/install/imu_filter_madgwick/lib:/home/insa/Desktop/VigiWheels/raspberryPI3/ros2_ws/install/carla_msgs/lib:/home/insa/ros2_ws/install/my_robot_interfaces/lib:/usr/lib/x86_64-linux-gnu/gazebo-11/plugins:/opt/ros/humble/opt/rviz_ogre_vendor/lib:/opt/ros/humble/lib/x86_64-linux-gnu:/opt/ros/humble/lib /usr/bin/cmake --install /home/insa/Desktop/VigiWheels/raspberryPI3/ros2_ws/build/serial_port
[5.019s] -- Install configuration: ""
[5.019s] -- Installing: /home/insa/Desktop/VigiWheels/raspberryPI3/ros2_ws/install/serial_port/lib/serial_port/serial_reading_node
[5.021s] -- Set runtime path of "/home/insa/Desktop/VigiWheels/raspberryPI3/ros2_ws/install/serial_port/lib/serial_port/serial_reading_node" to ""
[5.021s] -- Up-to-date: /home/insa/Desktop/VigiWheels/raspberryPI3/ros2_ws/install/serial_port/lib/serial_port/serial_writing_node
[5.021s] -- Up-to-date: /home/insa/Desktop/VigiWheels/raspberryPI3/ros2_ws/install/serial_port/share/ament_index/resource_index/package_run_dependencies/serial_port
[5.021s] -- Up-to-date: /home/insa/Desktop/VigiWheels/raspberryPI3/ros2_ws/install/serial_port/share/ament_index/resource_index/parent_prefix_path/serial_port
[5.021s] -- Up-to-date: /home/insa/Desktop/VigiWheels/raspberryPI3/ros2_ws/install/serial_port/share/serial_port/environment/ament_prefix_path.sh
[5.022s] -- Up-to-date: /home/insa/Desktop/VigiWheels/raspberryPI3/ros2_ws/install/serial_port/share/serial_port/environment/ament_prefix_path.dsv
[5.022s] -- Up-to-date: /home/insa/Desktop/VigiWheels/raspberryPI3/ros2_ws/install/serial_port/share/serial_port/environment/path.sh
[5.022s] -- Up-to-date: /home/insa/Desktop/VigiWheels/raspberryPI3/ros2_ws/install/serial_port/share/serial_port/environment/path.dsv
[5.022s] -- Up-to-date: /home/insa/Desktop/VigiWheels/raspberryPI3/ros2_ws/install/serial_port/share/serial_port/local_setup.bash
[5.022s] -- Up-to-date: /home/insa/Desktop/VigiWheels/raspberryPI3/ros2_ws/install/serial_port/share/serial_port/local_setup.sh
[5.022s] -- Up-to-date: /home/insa/Desktop/VigiWheels/raspberryPI3/ros2_ws/install/serial_port/share/serial_port/local_setup.zsh
[5.022s] -- Up-to-date: /home/insa/Desktop/VigiWheels/raspberryPI3/ros2_ws/install/serial_port/share/serial_port/local_setup.dsv
[5.022s] -- Installing: /home/insa/Desktop/VigiWheels/raspberryPI3/ros2_ws/install/serial_port/share/serial_port/package.dsv
[5.023s] -- Up-to-date: /home/insa/Desktop/VigiWheels/raspberryPI3/ros2_ws/install/serial_port/share/ament_index/resource_index/packages/serial_port
[5.023s] -- Up-to-date: /home/insa/Desktop/VigiWheels/raspberryPI3/ros2_ws/install/serial_port/share/serial_port/cmake/serial_portConfig.cmake
[5.023s] -- Up-to-date: /home/insa/Desktop/VigiWheels/raspberryPI3/ros2_ws/install/serial_port/share/serial_port/cmake/serial_portConfig-version.cmake
[5.023s] -- Up-to-date: /home/insa/Desktop/VigiWheels/raspberryPI3/ros2_ws/install/serial_port/share/serial_port/package.xml
[5.025s] Invoked command in '/home/insa/Desktop/VigiWheels/raspberryPI3/ros2_ws/build/serial_port' returned '0': CMAKE_PREFIX_PATH=/home/insa/Desktop/VigiWheels/raspberryPI3/ros2_ws/install/interfaces:/home/insa/Desktop/VigiWheels/raspberryPI3/ros2_ws/install/geicar_start:/home/insa/Desktop/VigiWheels/raspberryPI3/ros2_ws/install/system_check:/home/insa/Desktop/VigiWheels/raspberryPI3/ros2_ws/install/simulation:/home/insa/Desktop/VigiWheels/raspberryPI3/ros2_ws/install/serial_port:/home/insa/Desktop/VigiWheels/raspberryPI3/ros2_ws/install/imu_tools:/home/insa/Desktop/VigiWheels/raspberryPI3/ros2_ws/install/rviz_imu_plugin:/home/insa/Desktop/VigiWheels/raspberryPI3/ros2_ws/install/joystick:/home/insa/Desktop/VigiWheels/raspberryPI3/ros2_ws/install/fire_detection:/home/insa/Desktop/VigiWheels/raspberryPI3/ros2_ws/install/car_control:/home/insa/Desktop/VigiWheels/raspberryPI3/ros2_ws/install/can:/home/insa/Desktop/VigiWheels/raspberryPI3/ros2_ws/install/imu_filter_madgwick:/home/insa/Desktop/VigiWheels/raspberryPI3/ros2_ws/install/imu_complementary_filter:/home/insa/Desktop/VigiWheels/raspberryPI3/ros2_ws/install/carla_msgs:/home/insa/ros2_ws/install/my_fire_pkg:/home/insa/ros2_ws/install/demo_sensor_pkg:/home/insa/ros2_ws/install/my_robot_interfaces:/home/insa/ros2_ws/install/my_cpp_pkg:/home/insa/ros2_ws/install/johann_cpp_pkg:/opt/ros/humble LD_LIBRARY_PATH=/home/insa/Desktop/VigiWheels/raspberryPI3/ros2_ws/install/interfaces/lib:/home/insa/Desktop/VigiWheels/raspberryPI3/ros2_ws/install/rviz_imu_plugin/lib:/home/insa/Desktop/VigiWheels/raspberryPI3/ros2_ws/install/imu_filter_madgwick/lib:/home/insa/Desktop/VigiWheels/raspberryPI3/ros2_ws/install/carla_msgs/lib:/home/insa/ros2_ws/install/my_robot_interfaces/lib:/usr/lib/x86_64-linux-gnu/gazebo-11/plugins:/opt/ros/humble/opt/rviz_ogre_vendor/lib:/opt/ros/humble/lib/x86_64-linux-gnu:/opt/ros/humble/lib /usr/bin/cmake --install /home/insa/Desktop/VigiWheels/raspberryPI3/ros2_ws/build/serial_port
