[  0%] Built target interfaces__cpp
[ 12%] Built target interfaces__rosidl_generator_c
[ 12%] Built target ament_cmake_python_copy_interfaces
[ 24%] Built target interfaces__rosidl_typesupport_cpp
[ 52%] Built target interfaces__rosidl_typesupport_c
[ 55%] Built target interfaces__rosidl_typesupport_introspection_c
[ 72%] Built target interfaces__rosidl_typesupport_fastrtps_cpp
[ 60%] Built target interfaces__rosidl_typesupport_introspection_cpp
[ 84%] Built target interfaces__rosidl_typesupport_fastrtps_c
[ 84%] Built target interfaces
[ 85%] Built target interfaces__py
[ 96%] Built target interfaces__rosidl_generator_py
[ 97%] Built target interfaces__rosidl_typesupport_fastrtps_c__pyext
[ 99%] Built target interfaces__rosidl_typesupport_introspection_c__pyext
[100%] Built target interfaces__rosidl_typesupport_c__pyext
running egg_info
writing interfaces.egg-info/PKG-INFO
writing dependency_links to interfaces.egg-info/dependency_links.txt
writing top-level names to interfaces.egg-info/top_level.txt
reading manifest file 'interfaces.egg-info/SOURCES.txt'
writing manifest file 'interfaces.egg-info/SOURCES.txt'
[100%] Built target ament_cmake_python_build_interfaces_egg
-- Install configuration: ""
-- Up-to-date: /home/insa/Desktop/VigiWheels2.0/raspberryPI3/ros2_ws/install/interfaces/share/ament_index/resource_index/rosidl_interfaces/interfaces
-- Up-to-date: /home/insa/Desktop/VigiWheels2.0/raspberryPI3/ros2_ws/install/interfaces/include/interfaces/interfaces
-- Up-to-date: /home/insa/Desktop/VigiWheels2.0/raspberryPI3/ros2_ws/install/interfaces/include/interfaces/interfaces/msg
-- Up-to-date: /home/insa/Desktop/VigiWheels2.0/raspberryPI3/ros2_ws/install/interfaces/include/interfaces/interfaces/msg/system_check.h
-- Up-to-date: /home/insa/Desktop/VigiWheels2.0/raspberryPI3/ros2_ws/install/interfaces/include/interfaces/interfaces/msg/servo_cam_order.h
-- Up-to-date: /home/insa/Desktop/VigiWheels2.0/raspberryPI3/ros2_ws/install/interfaces/include/interfaces/interfaces/msg/fire_sensor.h
-- Up-to-date: /home/insa/Desktop/VigiWheels2.0/raspberryPI3/ros2_ws/install/interfaces/include/interfaces/interfaces/msg/motors_feedback.h
-- Up-to-date: /home/insa/Desktop/VigiWheels2.0/raspberryPI3/ros2_ws/install/interfaces/include/interfaces/interfaces/msg/manometer_info.h
-- Up-to-date: /home/insa/Desktop/VigiWheels2.0/raspberryPI3/ros2_ws/install/interfaces/include/interfaces/interfaces/msg/rosidl_generator_c__visibility_control.h
-- Up-to-date: /home/insa/Desktop/VigiWheels2.0/raspberryPI3/ros2_ws/install/interfaces/include/interfaces/interfaces/msg/steering_calibration.h
-- Up-to-date: /home/insa/Desktop/VigiWheels2.0/raspberryPI3/ros2_ws/install/interfaces/include/interfaces/interfaces/msg/general_data.h
-- Up-to-date: /home/insa/Desktop/VigiWheels2.0/raspberryPI3/ros2_ws/install/interfaces/include/interfaces/interfaces/msg/ultrasonic.h
-- Up-to-date: /home/insa/Desktop/VigiWheels2.0/raspberryPI3/ros2_ws/install/interfaces/include/interfaces/interfaces/msg/emergency_alert_fire.h
-- Up-to-date: /home/insa/Desktop/VigiWheels2.0/raspberryPI3/ros2_ws/install/interfaces/include/interfaces/interfaces/msg/detail
-- Up-to-date: /home/insa/Desktop/VigiWheels2.0/raspberryPI3/ros2_ws/install/interfaces/include/interfaces/interfaces/msg/detail/gnss__functions.h
-- Up-to-date: /home/insa/Desktop/VigiWheels2.0/raspberryPI3/ros2_ws/install/interfaces/include/interfaces/interfaces/msg/detail/cam_pos_order__type_support.h
-- Up-to-date: /home/insa/Desktop/VigiWheels2.0/raspberryPI3/ros2_ws/install/interfaces/include/interfaces/interfaces/msg/detail/motors_order__functions.c
-- Up-to-date: /home/insa/Desktop/VigiWheels2.0/raspberryPI3/ros2_ws/install/interfaces/include/interfaces/interfaces/msg/detail/obstacles_order__struct.h
-- Up-to-date: /home/insa/Desktop/VigiWheels2.0/raspberryPI3/ros2_ws/install/interfaces/include/interfaces/interfaces/msg/detail/fire_sensor__functions.h
-- Up-to-date: /home/insa/Desktop/VigiWheels2.0/raspberryPI3/ros2_ws/install/interfaces/include/interfaces/interfaces/msg/detail/servo_cam_order__type_support.h
-- Up-to-date: /home/insa/Desktop/VigiWheels2.0/raspberryPI3/ros2_ws/install/interfaces/include/interfaces/interfaces/msg/detail/ultrasonic__type_support.h
-- Up-to-date: /home/insa/Desktop/VigiWheels2.0/raspberryPI3/ros2_ws/install/interfaces/include/interfaces/interfaces/msg/detail/joystick_order__struct.h
-- Up-to-date: /home/insa/Desktop/VigiWheels2.0/raspberryPI3/ros2_ws/install/interfaces/include/interfaces/interfaces/msg/detail/obstacles_order__functions.h
-- Up-to-date: /home/insa/Desktop/VigiWheels2.0/raspberryPI3/ros2_ws/install/interfaces/include/interfaces/interfaces/msg/detail/cam_pos_order__struct.h
-- Up-to-date: /home/insa/Desktop/VigiWheels2.0/raspberryPI3/ros2_ws/install/interfaces/include/interfaces/interfaces/msg/detail/fire_sensor__functions.c
-- Up-to-date: /home/insa/Desktop/VigiWheels2.0/raspberryPI3/ros2_ws/install/interfaces/include/interfaces/interfaces/msg/detail/emergency_alert_fire__functions.c
-- Up-to-date: /home/insa/Desktop/VigiWheels2.0/raspberryPI3/ros2_ws/install/interfaces/include/interfaces/interfaces/msg/detail/system_check__functions.h
-- Up-to-date: /home/insa/Desktop/VigiWheels2.0/raspberryPI3/ros2_ws/install/interfaces/include/interfaces/interfaces/msg/detail/general_data__struct.h
-- Up-to-date: /home/insa/Desktop/VigiWheels2.0/raspberryPI3/ros2_ws/install/interfaces/include/interfaces/interfaces/msg/detail/joystick_order__type_support.h
-- Up-to-date: /home/insa/Desktop/VigiWheels2.0/raspberryPI3/ros2_ws/install/interfaces/include/interfaces/interfaces/msg/detail/emergency_alert_fire__type_support.h
-- Up-to-date: /home/insa/Desktop/VigiWheels2.0/raspberryPI3/ros2_ws/install/interfaces/include/interfaces/interfaces/msg/detail/cam_pos_order__functions.h
-- Up-to-date: /home/insa/Desktop/VigiWheels2.0/raspberryPI3/ros2_ws/install/interfaces/include/interfaces/interfaces/msg/detail/gnss__type_support.h
-- Up-to-date: /home/insa/Desktop/VigiWheels2.0/raspberryPI3/ros2_ws/install/interfaces/include/interfaces/interfaces/msg/detail/steering_calibration__struct.h
-- Up-to-date: /home/insa/Desktop/VigiWheels2.0/raspberryPI3/ros2_ws/install/interfaces/include/interfaces/interfaces/msg/detail/ultrasonic__functions.h
-- Up-to-date: /home/insa/Desktop/VigiWheels2.0/raspberryPI3/ros2_ws/install/interfaces/include/interfaces/interfaces/msg/detail/manometer_info__struct.h
-- Up-to-date: /home/insa/Desktop/VigiWheels2.0/raspberryPI3/ros2_ws/install/interfaces/include/interfaces/interfaces/msg/detail/motors_order__type_support.h
-- Up-to-date: /home/insa/Desktop/VigiWheels2.0/raspberryPI3/ros2_ws/install/interfaces/include/interfaces/interfaces/msg/detail/fire_sensor__struct.h
-- Up-to-date: /home/insa/Desktop/VigiWheels2.0/raspberryPI3/ros2_ws/install/interfaces/include/interfaces/interfaces/msg/detail/servo_cam_order__struct.h
-- Up-to-date: /home/insa/Desktop/VigiWheels2.0/raspberryPI3/ros2_ws/install/interfaces/include/interfaces/interfaces/msg/detail/system_check__functions.c
-- Up-to-date: /home/insa/Desktop/VigiWheels2.0/raspberryPI3/ros2_ws/install/interfaces/include/interfaces/interfaces/msg/detail/manometer_info__functions.h
-- Up-to-date: /home/insa/Desktop/VigiWheels2.0/raspberryPI3/ros2_ws/install/interfaces/include/interfaces/interfaces/msg/detail/steering_calibration__functions.h
-- Up-to-date: /home/insa/Desktop/VigiWheels2.0/raspberryPI3/ros2_ws/install/interfaces/include/interfaces/interfaces/msg/detail/manometer_info__functions.c
-- Up-to-date: /home/insa/Desktop/VigiWheels2.0/raspberryPI3/ros2_ws/install/interfaces/include/interfaces/interfaces/msg/detail/system_check__type_support.h
-- Up-to-date: /home/insa/Desktop/VigiWheels2.0/raspberryPI3/ros2_ws/install/interfaces/include/interfaces/interfaces/msg/detail/gnss__struct.h
-- Up-to-date: /home/insa/Desktop/VigiWheels2.0/raspberryPI3/ros2_ws/install/interfaces/include/interfaces/interfaces/msg/detail/system_check__struct.h
-- Up-to-date: /home/insa/Desktop/VigiWheels2.0/raspberryPI3/ros2_ws/install/interfaces/include/interfaces/interfaces/msg/detail/ultrasonic__struct.h
-- Up-to-date: /home/insa/Desktop/VigiWheels2.0/raspberryPI3/ros2_ws/install/interfaces/include/interfaces/interfaces/msg/detail/steering_calibration__functions.c
-- Up-to-date: /home/insa/Desktop/VigiWheels2.0/raspberryPI3/ros2_ws/install/interfaces/include/interfaces/interfaces/msg/detail/motors_order__functions.h
-- Up-to-date: /home/insa/Desktop/VigiWheels2.0/raspberryPI3/ros2_ws/install/interfaces/include/interfaces/interfaces/msg/detail/joystick_order__functions.c
-- Up-to-date: /home/insa/Desktop/VigiWheels2.0/raspberryPI3/ros2_ws/install/interfaces/include/interfaces/interfaces/msg/detail/manometer_info__type_support.h
-- Up-to-date: /home/insa/Desktop/VigiWheels2.0/raspberryPI3/ros2_ws/install/interfaces/include/interfaces/interfaces/msg/detail/general_data__type_support.h
-- Up-to-date: /home/insa/Desktop/VigiWheels2.0/raspberryPI3/ros2_ws/install/interfaces/include/interfaces/interfaces/msg/detail/emergency_alert_fire__struct.h
-- Up-to-date: /home/insa/Desktop/VigiWheels2.0/raspberryPI3/ros2_ws/install/interfaces/include/interfaces/interfaces/msg/detail/motors_order__struct.h
-- Up-to-date: /home/insa/Desktop/VigiWheels2.0/raspberryPI3/ros2_ws/install/interfaces/include/interfaces/interfaces/msg/detail/servo_cam_order__functions.c
-- Up-to-date: /home/insa/Desktop/VigiWheels2.0/raspberryPI3/ros2_ws/install/interfaces/include/interfaces/interfaces/msg/detail/motors_feedback__functions.h
-- Up-to-date: /home/insa/Desktop/VigiWheels2.0/raspberryPI3/ros2_ws/install/interfaces/include/interfaces/interfaces/msg/detail/obstacles_order__functions.c
-- Up-to-date: /home/insa/Desktop/VigiWheels2.0/raspberryPI3/ros2_ws/install/interfaces/include/interfaces/interfaces/msg/detail/general_data__functions.h
-- Up-to-date: /home/insa/Desktop/VigiWheels2.0/raspberryPI3/ros2_ws/install/interfaces/include/interfaces/interfaces/msg/detail/joystick_order__functions.h
-- Up-to-date: /home/insa/Desktop/VigiWheels2.0/raspberryPI3/ros2_ws/install/interfaces/include/interfaces/interfaces/msg/detail/motors_feedback__struct.h
-- Up-to-date: /home/insa/Desktop/VigiWheels2.0/raspberryPI3/ros2_ws/install/interfaces/include/interfaces/interfaces/msg/detail/steering_calibration__type_support.h
-- Up-to-date: /home/insa/Desktop/VigiWheels2.0/raspberryPI3/ros2_ws/install/interfaces/include/interfaces/interfaces/msg/detail/obstacles_order__type_support.h
-- Up-to-date: /home/insa/Desktop/VigiWheels2.0/raspberryPI3/ros2_ws/install/interfaces/include/interfaces/interfaces/msg/detail/general_data__functions.c
-- Up-to-date: /home/insa/Desktop/VigiWheels2.0/raspberryPI3/ros2_ws/install/interfaces/include/interfaces/interfaces/msg/detail/servo_cam_order__functions.h
-- Up-to-date: /home/insa/Desktop/VigiWheels2.0/raspberryPI3/ros2_ws/install/interfaces/include/interfaces/interfaces/msg/detail/motors_feedback__functions.c
-- Up-to-date: /home/insa/Desktop/VigiWheels2.0/raspberryPI3/ros2_ws/install/interfaces/include/interfaces/interfaces/msg/detail/emergency_alert_fire__functions.h
-- Up-to-date: /home/insa/Desktop/VigiWheels2.0/raspberryPI3/ros2_ws/install/interfaces/include/interfaces/interfaces/msg/detail/ultrasonic__functions.c
-- Up-to-date: /home/insa/Desktop/VigiWheels2.0/raspberryPI3/ros2_ws/install/interfaces/include/interfaces/interfaces/msg/detail/cam_pos_order__functions.c
-- Up-to-date: /home/insa/Desktop/VigiWheels2.0/raspberryPI3/ros2_ws/install/interfaces/include/interfaces/interfaces/msg/detail/motors_feedback__type_support.h
-- Up-to-date: /home/insa/Desktop/VigiWheels2.0/raspberryPI3/ros2_ws/install/interfaces/include/interfaces/interfaces/msg/detail/fire_sensor__type_support.h
-- Up-to-date: /home/insa/Desktop/VigiWheels2.0/raspberryPI3/ros2_ws/install/interfaces/include/interfaces/interfaces/msg/detail/gnss__functions.c
-- Up-to-date: /home/insa/Desktop/VigiWheels2.0/raspberryPI3/ros2_ws/install/interfaces/include/interfaces/interfaces/msg/joystick_order.h
-- Up-to-date: /home/insa/Desktop/VigiWheels2.0/raspberryPI3/ros2_ws/install/interfaces/include/interfaces/interfaces/msg/cam_pos_order.h
-- Up-to-date: /home/insa/Desktop/VigiWheels2.0/raspberryPI3/ros2_ws/install/interfaces/include/interfaces/interfaces/msg/gnss.h
-- Up-to-date: /home/insa/Desktop/VigiWheels2.0/raspberryPI3/ros2_ws/install/interfaces/include/interfaces/interfaces/msg/obstacles_order.h
-- Up-to-date: /home/insa/Desktop/VigiWheels2.0/raspberryPI3/ros2_ws/install/interfaces/include/interfaces/interfaces/msg/motors_order.h
-- Up-to-date: /home/insa/Desktop/VigiWheels2.0/raspberryPI3/ros2_ws/install/interfaces/share/interfaces/environment/library_path.sh
-- Up-to-date: /home/insa/Desktop/VigiWheels2.0/raspberryPI3/ros2_ws/install/interfaces/share/interfaces/environment/library_path.dsv
-- Up-to-date: /home/insa/Desktop/VigiWheels2.0/raspberryPI3/ros2_ws/install/interfaces/lib/libinterfaces__rosidl_generator_c.so
-- Up-to-date: /home/insa/Desktop/VigiWheels2.0/raspberryPI3/ros2_ws/install/interfaces/include/interfaces/interfaces
-- Up-to-date: /home/insa/Desktop/VigiWheels2.0/raspberryPI3/ros2_ws/install/interfaces/include/interfaces/interfaces/msg
-- Up-to-date: /home/insa/Desktop/VigiWheels2.0/raspberryPI3/ros2_ws/install/interfaces/include/interfaces/interfaces/msg/detail
-- Up-to-date: /home/insa/Desktop/VigiWheels2.0/raspberryPI3/ros2_ws/install/interfaces/include/interfaces/interfaces/msg/detail/steering_calibration__rosidl_typesupport_fastrtps_c.h
-- Up-to-date: /home/insa/Desktop/VigiWheels2.0/raspberryPI3/ros2_ws/install/interfaces/include/interfaces/interfaces/msg/detail/joystick_order__rosidl_typesupport_fastrtps_c.h
-- Up-to-date: /home/insa/Desktop/VigiWheels2.0/raspberryPI3/ros2_ws/install/interfaces/include/interfaces/interfaces/msg/detail/motors_feedback__rosidl_typesupport_fastrtps_c.h
-- Up-to-date: /home/insa/Desktop/VigiWheels2.0/raspberryPI3/ros2_ws/install/interfaces/include/interfaces/interfaces/msg/detail/general_data__rosidl_typesupport_fastrtps_c.h
-- Up-to-date: /home/insa/Desktop/VigiWheels2.0/raspberryPI3/ros2_ws/install/interfaces/include/interfaces/interfaces/msg/detail/gnss__rosidl_typesupport_fastrtps_c.h
-- Up-to-date: /home/insa/Desktop/VigiWheels2.0/raspberryPI3/ros2_ws/install/interfaces/include/interfaces/interfaces/msg/detail/manometer_info__rosidl_typesupport_fastrtps_c.h
-- Up-to-date: /home/insa/Desktop/VigiWheels2.0/raspberryPI3/ros2_ws/install/interfaces/include/interfaces/interfaces/msg/detail/fire_sensor__rosidl_typesupport_fastrtps_c.h
-- Up-to-date: /home/insa/Desktop/VigiWheels2.0/raspberryPI3/ros2_ws/install/interfaces/include/interfaces/interfaces/msg/detail/emergency_alert_fire__rosidl_typesupport_fastrtps_c.h
-- Up-to-date: /home/insa/Desktop/VigiWheels2.0/raspberryPI3/ros2_ws/install/interfaces/include/interfaces/interfaces/msg/detail/servo_cam_order__rosidl_typesupport_fastrtps_c.h
-- Up-to-date: /home/insa/Desktop/VigiWheels2.0/raspberryPI3/ros2_ws/install/interfaces/include/interfaces/interfaces/msg/detail/motors_order__rosidl_typesupport_fastrtps_c.h
-- Up-to-date: /home/insa/Desktop/VigiWheels2.0/raspberryPI3/ros2_ws/install/interfaces/include/interfaces/interfaces/msg/detail/ultrasonic__rosidl_typesupport_fastrtps_c.h
-- Up-to-date: /home/insa/Desktop/VigiWheels2.0/raspberryPI3/ros2_ws/install/interfaces/include/interfaces/interfaces/msg/detail/cam_pos_order__rosidl_typesupport_fastrtps_c.h
-- Up-to-date: /home/insa/Desktop/VigiWheels2.0/raspberryPI3/ros2_ws/install/interfaces/include/interfaces/interfaces/msg/detail/obstacles_order__rosidl_typesupport_fastrtps_c.h
-- Up-to-date: /home/insa/Desktop/VigiWheels2.0/raspberryPI3/ros2_ws/install/interfaces/include/interfaces/interfaces/msg/detail/system_check__rosidl_typesupport_fastrtps_c.h
-- Up-to-date: /home/insa/Desktop/VigiWheels2.0/raspberryPI3/ros2_ws/install/interfaces/include/interfaces/interfaces/msg/rosidl_typesupport_fastrtps_c__visibility_control.h
-- Up-to-date: /home/insa/Desktop/VigiWheels2.0/raspberryPI3/ros2_ws/install/interfaces/lib/libinterfaces__rosidl_typesupport_fastrtps_c.so
-- Up-to-date: /home/insa/Desktop/VigiWheels2.0/raspberryPI3/ros2_ws/install/interfaces/include/interfaces/interfaces
-- Up-to-date: /home/insa/Desktop/VigiWheels2.0/raspberryPI3/ros2_ws/install/interfaces/include/interfaces/interfaces/msg
-- Up-to-date: /home/insa/Desktop/VigiWheels2.0/raspberryPI3/ros2_ws/install/interfaces/include/interfaces/interfaces/msg/emergency_alert_fire.hpp
-- Up-to-date: /home/insa/Desktop/VigiWheels2.0/raspberryPI3/ros2_ws/install/interfaces/include/interfaces/interfaces/msg/motors_order.hpp
-- Up-to-date: /home/insa/Desktop/VigiWheels2.0/raspberryPI3/ros2_ws/install/interfaces/include/interfaces/interfaces/msg/fire_sensor.hpp
-- Up-to-date: /home/insa/Desktop/VigiWheels2.0/raspberryPI3/ros2_ws/install/interfaces/include/interfaces/interfaces/msg/servo_cam_order.hpp
-- Up-to-date: /home/insa/Desktop/VigiWheels2.0/raspberryPI3/ros2_ws/install/interfaces/include/interfaces/interfaces/msg/ultrasonic.hpp
-- Up-to-date: /home/insa/Desktop/VigiWheels2.0/raspberryPI3/ros2_ws/install/interfaces/include/interfaces/interfaces/msg/motors_feedback.hpp
-- Up-to-date: /home/insa/Desktop/VigiWheels2.0/raspberryPI3/ros2_ws/install/interfaces/include/interfaces/interfaces/msg/general_data.hpp
-- Up-to-date: /home/insa/Desktop/VigiWheels2.0/raspberryPI3/ros2_ws/install/interfaces/include/interfaces/interfaces/msg/cam_pos_order.hpp
-- Up-to-date: /home/insa/Desktop/VigiWheels2.0/raspberryPI3/ros2_ws/install/interfaces/include/interfaces/interfaces/msg/gnss.hpp
-- Up-to-date: /home/insa/Desktop/VigiWheels2.0/raspberryPI3/ros2_ws/install/interfaces/include/interfaces/interfaces/msg/system_check.hpp
-- Up-to-date: /home/insa/Desktop/VigiWheels2.0/raspberryPI3/ros2_ws/install/interfaces/include/interfaces/interfaces/msg/joystick_order.hpp
-- Up-to-date: /home/insa/Desktop/VigiWheels2.0/raspberryPI3/ros2_ws/install/interfaces/include/interfaces/interfaces/msg/detail
-- Up-to-date: /home/insa/Desktop/VigiWheels2.0/raspberryPI3/ros2_ws/install/interfaces/include/interfaces/interfaces/msg/detail/gnss__struct.hpp
-- Up-to-date: /home/insa/Desktop/VigiWheels2.0/raspberryPI3/ros2_ws/install/interfaces/include/interfaces/interfaces/msg/detail/motors_order__builder.hpp
-- Up-to-date: /home/insa/Desktop/VigiWheels2.0/raspberryPI3/ros2_ws/install/interfaces/include/interfaces/interfaces/msg/detail/motors_order__struct.hpp
-- Up-to-date: /home/insa/Desktop/VigiWheels2.0/raspberryPI3/ros2_ws/install/interfaces/include/interfaces/interfaces/msg/detail/manometer_info__traits.hpp
-- Up-to-date: /home/insa/Desktop/VigiWheels2.0/raspberryPI3/ros2_ws/install/interfaces/include/interfaces/interfaces/msg/detail/steering_calibration__traits.hpp
-- Up-to-date: /home/insa/Desktop/VigiWheels2.0/raspberryPI3/ros2_ws/install/interfaces/include/interfaces/interfaces/msg/detail/motors_feedback__traits.hpp
-- Up-to-date: /home/insa/Desktop/VigiWheels2.0/raspberryPI3/ros2_ws/install/interfaces/include/interfaces/interfaces/msg/detail/fire_sensor__struct.hpp
-- Up-to-date: /home/insa/Desktop/VigiWheels2.0/raspberryPI3/ros2_ws/install/interfaces/include/interfaces/interfaces/msg/detail/servo_cam_order__traits.hpp
-- Up-to-date: /home/insa/Desktop/VigiWheels2.0/raspberryPI3/ros2_ws/install/interfaces/include/interfaces/interfaces/msg/detail/system_check__traits.hpp
-- Up-to-date: /home/insa/Desktop/VigiWheels2.0/raspberryPI3/ros2_ws/install/interfaces/include/interfaces/interfaces/msg/detail/general_data__builder.hpp
-- Up-to-date: /home/insa/Desktop/VigiWheels2.0/raspberryPI3/ros2_ws/install/interfaces/include/interfaces/interfaces/msg/detail/fire_sensor__traits.hpp
-- Up-to-date: /home/insa/Desktop/VigiWheels2.0/raspberryPI3/ros2_ws/install/interfaces/include/interfaces/interfaces/msg/detail/joystick_order__builder.hpp
-- Up-to-date: /home/insa/Desktop/VigiWheels2.0/raspberryPI3/ros2_ws/install/interfaces/include/interfaces/interfaces/msg/detail/steering_calibration__struct.hpp
-- Up-to-date: /home/insa/Desktop/VigiWheels2.0/raspberryPI3/ros2_ws/install/interfaces/include/interfaces/interfaces/msg/detail/joystick_order__struct.hpp
-- Up-to-date: /home/insa/Desktop/VigiWheels2.0/raspberryPI3/ros2_ws/install/interfaces/include/interfaces/interfaces/msg/detail/cam_pos_order__builder.hpp
-- Up-to-date: /home/insa/Desktop/VigiWheels2.0/raspberryPI3/ros2_ws/install/interfaces/include/interfaces/interfaces/msg/detail/gnss__builder.hpp
-- Up-to-date: /home/insa/Desktop/VigiWheels2.0/raspberryPI3/ros2_ws/install/interfaces/include/interfaces/interfaces/msg/detail/manometer_info__builder.hpp
-- Up-to-date: /home/insa/Desktop/VigiWheels2.0/raspberryPI3/ros2_ws/install/interfaces/include/interfaces/interfaces/msg/detail/steering_calibration__builder.hpp
-- Up-to-date: /home/insa/Desktop/VigiWheels2.0/raspberryPI3/ros2_ws/install/interfaces/include/interfaces/interfaces/msg/detail/obstacles_order__traits.hpp
-- Up-to-date: /home/insa/Desktop/VigiWheels2.0/raspberryPI3/ros2_ws/install/interfaces/include/interfaces/interfaces/msg/detail/motors_feedback__builder.hpp
-- Up-to-date: /home/insa/Desktop/VigiWheels2.0/raspberryPI3/ros2_ws/install/interfaces/include/interfaces/interfaces/msg/detail/fire_sensor__builder.hpp
-- Up-to-date: /home/insa/Desktop/VigiWheels2.0/raspberryPI3/ros2_ws/install/interfaces/include/interfaces/interfaces/msg/detail/joystick_order__traits.hpp
-- Up-to-date: /home/insa/Desktop/VigiWheels2.0/raspberryPI3/ros2_ws/install/interfaces/include/interfaces/interfaces/msg/detail/servo_cam_order__builder.hpp
-- Up-to-date: /home/insa/Desktop/VigiWheels2.0/raspberryPI3/ros2_ws/install/interfaces/include/interfaces/interfaces/msg/detail/system_check__struct.hpp
-- Up-to-date: /home/insa/Desktop/VigiWheels2.0/raspberryPI3/ros2_ws/install/interfaces/include/interfaces/interfaces/msg/detail/ultrasonic__struct.hpp
-- Up-to-date: /home/insa/Desktop/VigiWheels2.0/raspberryPI3/ros2_ws/install/interfaces/include/interfaces/interfaces/msg/detail/emergency_alert_fire__builder.hpp
-- Up-to-date: /home/insa/Desktop/VigiWheels2.0/raspberryPI3/ros2_ws/install/interfaces/include/interfaces/interfaces/msg/detail/general_data__traits.hpp
-- Up-to-date: /home/insa/Desktop/VigiWheels2.0/raspberryPI3/ros2_ws/install/interfaces/include/interfaces/interfaces/msg/detail/servo_cam_order__struct.hpp
-- Up-to-date: /home/insa/Desktop/VigiWheels2.0/raspberryPI3/ros2_ws/install/interfaces/include/interfaces/interfaces/msg/detail/obstacles_order__struct.hpp
-- Up-to-date: /home/insa/Desktop/VigiWheels2.0/raspberryPI3/ros2_ws/install/interfaces/include/interfaces/interfaces/msg/detail/emergency_alert_fire__struct.hpp
-- Up-to-date: /home/insa/Desktop/VigiWheels2.0/raspberryPI3/ros2_ws/install/interfaces/include/interfaces/interfaces/msg/detail/obstacles_order__builder.hpp
-- Up-to-date: /home/insa/Desktop/VigiWheels2.0/raspberryPI3/ros2_ws/install/interfaces/include/interfaces/interfaces/msg/detail/gnss__traits.hpp
-- Up-to-date: /home/insa/Desktop/VigiWheels2.0/raspberryPI3/ros2_ws/install/interfaces/include/interfaces/interfaces/msg/detail/emergency_alert_fire__traits.hpp
-- Up-to-date: /home/insa/Desktop/VigiWheels2.0/raspberryPI3/ros2_ws/install/interfaces/include/interfaces/interfaces/msg/detail/cam_pos_order__struct.hpp
-- Up-to-date: /home/insa/Desktop/VigiWheels2.0/raspberryPI3/ros2_ws/install/interfaces/include/interfaces/interfaces/msg/detail/ultrasonic__builder.hpp
-- Up-to-date: /home/insa/Desktop/VigiWheels2.0/raspberryPI3/ros2_ws/install/interfaces/include/interfaces/interfaces/msg/detail/general_data__struct.hpp
-- Up-to-date: /home/insa/Desktop/VigiWheels2.0/raspberryPI3/ros2_ws/install/interfaces/include/interfaces/interfaces/msg/detail/system_check__builder.hpp
-- Up-to-date: /home/insa/Desktop/VigiWheels2.0/raspberryPI3/ros2_ws/install/interfaces/include/interfaces/interfaces/msg/detail/motors_order__traits.hpp
-- Up-to-date: /home/insa/Desktop/VigiWheels2.0/raspberryPI3/ros2_ws/install/interfaces/include/interfaces/interfaces/msg/detail/motors_feedback__struct.hpp
-- Up-to-date: /home/insa/Desktop/VigiWheels2.0/raspberryPI3/ros2_ws/install/interfaces/include/interfaces/interfaces/msg/detail/ultrasonic__traits.hpp
-- Up-to-date: /home/insa/Desktop/VigiWheels2.0/raspberryPI3/ros2_ws/install/interfaces/include/interfaces/interfaces/msg/detail/cam_pos_order__traits.hpp
-- Up-to-date: /home/insa/Desktop/VigiWheels2.0/raspberryPI3/ros2_ws/install/interfaces/include/interfaces/interfaces/msg/detail/manometer_info__struct.hpp
-- Up-to-date: /home/insa/Desktop/VigiWheels2.0/raspberryPI3/ros2_ws/install/interfaces/include/interfaces/interfaces/msg/steering_calibration.hpp
-- Up-to-date: /home/insa/Desktop/VigiWheels2.0/raspberryPI3/ros2_ws/install/interfaces/include/interfaces/interfaces/msg/obstacles_order.hpp
-- Up-to-date: /home/insa/Desktop/VigiWheels2.0/raspberryPI3/ros2_ws/install/interfaces/include/interfaces/interfaces/msg/manometer_info.hpp
-- Up-to-date: /home/insa/Desktop/VigiWheels2.0/raspberryPI3/ros2_ws/install/interfaces/include/interfaces/interfaces
-- Up-to-date: /home/insa/Desktop/VigiWheels2.0/raspberryPI3/ros2_ws/install/interfaces/include/interfaces/interfaces/msg
-- Up-to-date: /home/insa/Desktop/VigiWheels2.0/raspberryPI3/ros2_ws/install/interfaces/include/interfaces/interfaces/msg/rosidl_typesupport_fastrtps_cpp__visibility_control.h
-- Up-to-date: /home/insa/Desktop/VigiWheels2.0/raspberryPI3/ros2_ws/install/interfaces/include/interfaces/interfaces/msg/detail
-- Up-to-date: /home/insa/Desktop/VigiWheels2.0/raspberryPI3/ros2_ws/install/interfaces/include/interfaces/interfaces/msg/detail/system_check__rosidl_typesupport_fastrtps_cpp.hpp
-- Up-to-date: /home/insa/Desktop/VigiWheels2.0/raspberryPI3/ros2_ws/install/interfaces/include/interfaces/interfaces/msg/detail/emergency_alert_fire__rosidl_typesupport_fastrtps_cpp.hpp
-- Up-to-date: /home/insa/Desktop/VigiWheels2.0/raspberryPI3/ros2_ws/install/interfaces/include/interfaces/interfaces/msg/detail/obstacles_order__rosidl_typesupport_fastrtps_cpp.hpp
-- Up-to-date: /home/insa/Desktop/VigiWheels2.0/raspberryPI3/ros2_ws/install/interfaces/include/interfaces/interfaces/msg/detail/motors_feedback__rosidl_typesupport_fastrtps_cpp.hpp
-- Up-to-date: /home/insa/Desktop/VigiWheels2.0/raspberryPI3/ros2_ws/install/interfaces/include/interfaces/interfaces/msg/detail/motors_order__rosidl_typesupport_fastrtps_cpp.hpp
-- Up-to-date: /home/insa/Desktop/VigiWheels2.0/raspberryPI3/ros2_ws/install/interfaces/include/interfaces/interfaces/msg/detail/gnss__rosidl_typesupport_fastrtps_cpp.hpp
-- Up-to-date: /home/insa/Desktop/VigiWheels2.0/raspberryPI3/ros2_ws/install/interfaces/include/interfaces/interfaces/msg/detail/joystick_order__rosidl_typesupport_fastrtps_cpp.hpp
-- Up-to-date: /home/insa/Desktop/VigiWheels2.0/raspberryPI3/ros2_ws/install/interfaces/include/interfaces/interfaces/msg/detail/general_data__rosidl_typesupport_fastrtps_cpp.hpp
-- Up-to-date: /home/insa/Desktop/VigiWheels2.0/raspberryPI3/ros2_ws/install/interfaces/include/interfaces/interfaces/msg/detail/cam_pos_order__rosidl_typesupport_fastrtps_cpp.hpp
-- Up-to-date: /home/insa/Desktop/VigiWheels2.0/raspberryPI3/ros2_ws/install/interfaces/include/interfaces/interfaces/msg/detail/dds_fastrtps
-- Up-to-date: /home/insa/Desktop/VigiWheels2.0/raspberryPI3/ros2_ws/install/interfaces/include/interfaces/interfaces/msg/detail/fire_sensor__rosidl_typesupport_fastrtps_cpp.hpp
-- Up-to-date: /home/insa/Desktop/VigiWheels2.0/raspberryPI3/ros2_ws/install/interfaces/include/interfaces/interfaces/msg/detail/steering_calibration__rosidl_typesupport_fastrtps_cpp.hpp
-- Up-to-date: /home/insa/Desktop/VigiWheels2.0/raspberryPI3/ros2_ws/install/interfaces/include/interfaces/interfaces/msg/detail/servo_cam_order__rosidl_typesupport_fastrtps_cpp.hpp
-- Up-to-date: /home/insa/Desktop/VigiWheels2.0/raspberryPI3/ros2_ws/install/interfaces/include/interfaces/interfaces/msg/detail/ultrasonic__rosidl_typesupport_fastrtps_cpp.hpp
-- Up-to-date: /home/insa/Desktop/VigiWheels2.0/raspberryPI3/ros2_ws/install/interfaces/include/interfaces/interfaces/msg/detail/manometer_info__rosidl_typesupport_fastrtps_cpp.hpp
-- Up-to-date: /home/insa/Desktop/VigiWheels2.0/raspberryPI3/ros2_ws/install/interfaces/lib/libinterfaces__rosidl_typesupport_fastrtps_cpp.so
-- Up-to-date: /home/insa/Desktop/VigiWheels2.0/raspberryPI3/ros2_ws/install/interfaces/include/interfaces/interfaces
-- Up-to-date: /home/insa/Desktop/VigiWheels2.0/raspberryPI3/ros2_ws/install/interfaces/include/interfaces/interfaces/msg
-- Up-to-date: /home/insa/Desktop/VigiWheels2.0/raspberryPI3/ros2_ws/install/interfaces/include/interfaces/interfaces/msg/rosidl_typesupport_introspection_c__visibility_control.h
-- Up-to-date: /home/insa/Desktop/VigiWheels2.0/raspberryPI3/ros2_ws/install/interfaces/include/interfaces/interfaces/msg/detail
-- Up-to-date: /home/insa/Desktop/VigiWheels2.0/raspberryPI3/ros2_ws/install/interfaces/include/interfaces/interfaces/msg/detail/motors_order__type_support.c
-- Up-to-date: /home/insa/Desktop/VigiWheels2.0/raspberryPI3/ros2_ws/install/interfaces/include/interfaces/interfaces/msg/detail/cam_pos_order__type_support.c
-- Up-to-date: /home/insa/Desktop/VigiWheels2.0/raspberryPI3/ros2_ws/install/interfaces/include/interfaces/interfaces/msg/detail/motors_order__rosidl_typesupport_introspection_c.h
-- Up-to-date: /home/insa/Desktop/VigiWheels2.0/raspberryPI3/ros2_ws/install/interfaces/include/interfaces/interfaces/msg/detail/fire_sensor__type_support.c
-- Up-to-date: /home/insa/Desktop/VigiWheels2.0/raspberryPI3/ros2_ws/install/interfaces/include/interfaces/interfaces/msg/detail/servo_cam_order__type_support.c
-- Up-to-date: /home/insa/Desktop/VigiWheels2.0/raspberryPI3/ros2_ws/install/interfaces/include/interfaces/interfaces/msg/detail/emergency_alert_fire__rosidl_typesupport_introspection_c.h
-- Up-to-date: /home/insa/Desktop/VigiWheels2.0/raspberryPI3/ros2_ws/install/interfaces/include/interfaces/interfaces/msg/detail/steering_calibration__type_support.c
-- Up-to-date: /home/insa/Desktop/VigiWheels2.0/raspberryPI3/ros2_ws/install/interfaces/include/interfaces/interfaces/msg/detail/gnss__rosidl_typesupport_introspection_c.h
-- Up-to-date: /home/insa/Desktop/VigiWheels2.0/raspberryPI3/ros2_ws/install/interfaces/include/interfaces/interfaces/msg/detail/joystick_order__type_support.c
-- Up-to-date: /home/insa/Desktop/VigiWheels2.0/raspberryPI3/ros2_ws/install/interfaces/include/interfaces/interfaces/msg/detail/general_data__rosidl_typesupport_introspection_c.h
-- Up-to-date: /home/insa/Desktop/VigiWheels2.0/raspberryPI3/ros2_ws/install/interfaces/include/interfaces/interfaces/msg/detail/emergency_alert_fire__type_support.c
-- Up-to-date: /home/insa/Desktop/VigiWheels2.0/raspberryPI3/ros2_ws/install/interfaces/include/interfaces/interfaces/msg/detail/cam_pos_order__rosidl_typesupport_introspection_c.h
-- Up-to-date: /home/insa/Desktop/VigiWheels2.0/raspberryPI3/ros2_ws/install/interfaces/include/interfaces/interfaces/msg/detail/motors_feedback__rosidl_typesupport_introspection_c.h
-- Up-to-date: /home/insa/Desktop/VigiWheels2.0/raspberryPI3/ros2_ws/install/interfaces/include/interfaces/interfaces/msg/detail/system_check__rosidl_typesupport_introspection_c.h
-- Up-to-date: /home/insa/Desktop/VigiWheels2.0/raspberryPI3/ros2_ws/install/interfaces/include/interfaces/interfaces/msg/detail/steering_calibration__rosidl_typesupport_introspection_c.h
-- Up-to-date: /home/insa/Desktop/VigiWheels2.0/raspberryPI3/ros2_ws/install/interfaces/include/interfaces/interfaces/msg/detail/obstacles_order__rosidl_typesupport_introspection_c.h
-- Up-to-date: /home/insa/Desktop/VigiWheels2.0/raspberryPI3/ros2_ws/install/interfaces/include/interfaces/interfaces/msg/detail/joystick_order__rosidl_typesupport_introspection_c.h
-- Up-to-date: /home/insa/Desktop/VigiWheels2.0/raspberryPI3/ros2_ws/install/interfaces/include/interfaces/interfaces/msg/detail/obstacles_order__type_support.c
-- Up-to-date: /home/insa/Desktop/VigiWheels2.0/raspberryPI3/ros2_ws/install/interfaces/include/interfaces/interfaces/msg/detail/manometer_info__type_support.c
-- Up-to-date: /home/insa/Desktop/VigiWheels2.0/raspberryPI3/ros2_ws/install/interfaces/include/interfaces/interfaces/msg/detail/manometer_info__rosidl_typesupport_introspection_c.h
-- Up-to-date: /home/insa/Desktop/VigiWheels2.0/raspberryPI3/ros2_ws/install/interfaces/include/interfaces/interfaces/msg/detail/motors_feedback__type_support.c
-- Up-to-date: /home/insa/Desktop/VigiWheels2.0/raspberryPI3/ros2_ws/install/interfaces/include/interfaces/interfaces/msg/detail/general_data__type_support.c
-- Up-to-date: /home/insa/Desktop/VigiWheels2.0/raspberryPI3/ros2_ws/install/interfaces/include/interfaces/interfaces/msg/detail/fire_sensor__rosidl_typesupport_introspection_c.h
-- Up-to-date: /home/insa/Desktop/VigiWheels2.0/raspberryPI3/ros2_ws/install/interfaces/include/interfaces/interfaces/msg/detail/system_check__type_support.c
-- Up-to-date: /home/insa/Desktop/VigiWheels2.0/raspberryPI3/ros2_ws/install/interfaces/include/interfaces/interfaces/msg/detail/gnss__type_support.c
-- Up-to-date: /home/insa/Desktop/VigiWheels2.0/raspberryPI3/ros2_ws/install/interfaces/include/interfaces/interfaces/msg/detail/ultrasonic__type_support.c
-- Up-to-date: /home/insa/Desktop/VigiWheels2.0/raspberryPI3/ros2_ws/install/interfaces/include/interfaces/interfaces/msg/detail/ultrasonic__rosidl_typesupport_introspection_c.h
-- Up-to-date: /home/insa/Desktop/VigiWheels2.0/raspberryPI3/ros2_ws/install/interfaces/include/interfaces/interfaces/msg/detail/servo_cam_order__rosidl_typesupport_introspection_c.h
-- Up-to-date: /home/insa/Desktop/VigiWheels2.0/raspberryPI3/ros2_ws/install/interfaces/lib/libinterfaces__rosidl_typesupport_introspection_c.so
-- Up-to-date: /home/insa/Desktop/VigiWheels2.0/raspberryPI3/ros2_ws/install/interfaces/lib/libinterfaces__rosidl_typesupport_c.so
-- Up-to-date: /home/insa/Desktop/VigiWheels2.0/raspberryPI3/ros2_ws/install/interfaces/include/interfaces/interfaces
-- Up-to-date: /home/insa/Desktop/VigiWheels2.0/raspberryPI3/ros2_ws/install/interfaces/include/interfaces/interfaces/msg
-- Up-to-date: /home/insa/Desktop/VigiWheels2.0/raspberryPI3/ros2_ws/install/interfaces/include/interfaces/interfaces/msg/detail
-- Up-to-date: /home/insa/Desktop/VigiWheels2.0/raspberryPI3/ros2_ws/install/interfaces/include/interfaces/interfaces/msg/detail/general_data__rosidl_typesupport_introspection_cpp.hpp
-- Up-to-date: /home/insa/Desktop/VigiWheels2.0/raspberryPI3/ros2_ws/install/interfaces/include/interfaces/interfaces/msg/detail/steering_calibration__type_support.cpp
-- Up-to-date: /home/insa/Desktop/VigiWheels2.0/raspberryPI3/ros2_ws/install/interfaces/include/interfaces/interfaces/msg/detail/cam_pos_order__type_support.cpp
-- Up-to-date: /home/insa/Desktop/VigiWheels2.0/raspberryPI3/ros2_ws/install/interfaces/include/interfaces/interfaces/msg/detail/emergency_alert_fire__rosidl_typesupport_introspection_cpp.hpp
-- Up-to-date: /home/insa/Desktop/VigiWheels2.0/raspberryPI3/ros2_ws/install/interfaces/include/interfaces/interfaces/msg/detail/fire_sensor__rosidl_typesupport_introspection_cpp.hpp
-- Up-to-date: /home/insa/Desktop/VigiWheels2.0/raspberryPI3/ros2_ws/install/interfaces/include/interfaces/interfaces/msg/detail/emergency_alert_fire__type_support.cpp
-- Up-to-date: /home/insa/Desktop/VigiWheels2.0/raspberryPI3/ros2_ws/install/interfaces/include/interfaces/interfaces/msg/detail/servo_cam_order__type_support.cpp
-- Up-to-date: /home/insa/Desktop/VigiWheels2.0/raspberryPI3/ros2_ws/install/interfaces/include/interfaces/interfaces/msg/detail/manometer_info__rosidl_typesupport_introspection_cpp.hpp
-- Up-to-date: /home/insa/Desktop/VigiWheels2.0/raspberryPI3/ros2_ws/install/interfaces/include/interfaces/interfaces/msg/detail/obstacles_order__rosidl_typesupport_introspection_cpp.hpp
-- Up-to-date: /home/insa/Desktop/VigiWheels2.0/raspberryPI3/ros2_ws/install/interfaces/include/interfaces/interfaces/msg/detail/joystick_order__type_support.cpp
-- Up-to-date: /home/insa/Desktop/VigiWheels2.0/raspberryPI3/ros2_ws/install/interfaces/include/interfaces/interfaces/msg/detail/general_data__type_support.cpp
-- Up-to-date: /home/insa/Desktop/VigiWheels2.0/raspberryPI3/ros2_ws/install/interfaces/include/interfaces/interfaces/msg/detail/obstacles_order__type_support.cpp
-- Up-to-date: /home/insa/Desktop/VigiWheels2.0/raspberryPI3/ros2_ws/install/interfaces/include/interfaces/interfaces/msg/detail/motors_order__rosidl_typesupport_introspection_cpp.hpp
-- Up-to-date: /home/insa/Desktop/VigiWheels2.0/raspberryPI3/ros2_ws/install/interfaces/include/interfaces/interfaces/msg/detail/system_check__type_support.cpp
-- Up-to-date: /home/insa/Desktop/VigiWheels2.0/raspberryPI3/ros2_ws/install/interfaces/include/interfaces/interfaces/msg/detail/fire_sensor__type_support.cpp
-- Up-to-date: /home/insa/Desktop/VigiWheels2.0/raspberryPI3/ros2_ws/install/interfaces/include/interfaces/interfaces/msg/detail/manometer_info__type_support.cpp
-- Up-to-date: /home/insa/Desktop/VigiWheels2.0/raspberryPI3/ros2_ws/install/interfaces/include/interfaces/interfaces/msg/detail/gnss__rosidl_typesupport_introspection_cpp.hpp
-- Up-to-date: /home/insa/Desktop/VigiWheels2.0/raspberryPI3/ros2_ws/install/interfaces/include/interfaces/interfaces/msg/detail/servo_cam_order__rosidl_typesupport_introspection_cpp.hpp
-- Up-to-date: /home/insa/Desktop/VigiWheels2.0/raspberryPI3/ros2_ws/install/interfaces/include/interfaces/interfaces/msg/detail/motors_order__type_support.cpp
-- Up-to-date: /home/insa/Desktop/VigiWheels2.0/raspberryPI3/ros2_ws/install/interfaces/include/interfaces/interfaces/msg/detail/system_check__rosidl_typesupport_introspection_cpp.hpp
-- Up-to-date: /home/insa/Desktop/VigiWheels2.0/raspberryPI3/ros2_ws/install/interfaces/include/interfaces/interfaces/msg/detail/motors_feedback__rosidl_typesupport_introspection_cpp.hpp
-- Up-to-date: /home/insa/Desktop/VigiWheels2.0/raspberryPI3/ros2_ws/install/interfaces/include/interfaces/interfaces/msg/detail/steering_calibration__rosidl_typesupport_introspection_cpp.hpp
-- Up-to-date: /home/insa/Desktop/VigiWheels2.0/raspberryPI3/ros2_ws/install/interfaces/include/interfaces/interfaces/msg/detail/motors_feedback__type_support.cpp
-- Up-to-date: /home/insa/Desktop/VigiWheels2.0/raspberryPI3/ros2_ws/install/interfaces/include/interfaces/interfaces/msg/detail/gnss__type_support.cpp
-- Up-to-date: /home/insa/Desktop/VigiWheels2.0/raspberryPI3/ros2_ws/install/interfaces/include/interfaces/interfaces/msg/detail/cam_pos_order__rosidl_typesupport_introspection_cpp.hpp
-- Up-to-date: /home/insa/Desktop/VigiWheels2.0/raspberryPI3/ros2_ws/install/interfaces/include/interfaces/interfaces/msg/detail/joystick_order__rosidl_typesupport_introspection_cpp.hpp
-- Up-to-date: /home/insa/Desktop/VigiWheels2.0/raspberryPI3/ros2_ws/install/interfaces/include/interfaces/interfaces/msg/detail/ultrasonic__type_support.cpp
-- Up-to-date: /home/insa/Desktop/VigiWheels2.0/raspberryPI3/ros2_ws/install/interfaces/include/interfaces/interfaces/msg/detail/ultrasonic__rosidl_typesupport_introspection_cpp.hpp
-- Up-to-date: /home/insa/Desktop/VigiWheels2.0/raspberryPI3/ros2_ws/install/interfaces/lib/libinterfaces__rosidl_typesupport_introspection_cpp.so
-- Up-to-date: /home/insa/Desktop/VigiWheels2.0/raspberryPI3/ros2_ws/install/interfaces/lib/libinterfaces__rosidl_typesupport_cpp.so
-- Up-to-date: /home/insa/Desktop/VigiWheels2.0/raspberryPI3/ros2_ws/install/interfaces/share/interfaces/environment/pythonpath.sh
-- Up-to-date: /home/insa/Desktop/VigiWheels2.0/raspberryPI3/ros2_ws/install/interfaces/share/interfaces/environment/pythonpath.dsv
-- Up-to-date: /home/insa/Desktop/VigiWheels2.0/raspberryPI3/ros2_ws/install/interfaces/local/lib/python3.10/dist-packages/interfaces-0.0.0-py3.10.egg-info
-- Installing: /home/insa/Desktop/VigiWheels2.0/raspberryPI3/ros2_ws/install/interfaces/local/lib/python3.10/dist-packages/interfaces-0.0.0-py3.10.egg-info/dependency_links.txt
-- Installing: /home/insa/Desktop/VigiWheels2.0/raspberryPI3/ros2_ws/install/interfaces/local/lib/python3.10/dist-packages/interfaces-0.0.0-py3.10.egg-info/PKG-INFO
-- Installing: /home/insa/Desktop/VigiWheels2.0/raspberryPI3/ros2_ws/install/interfaces/local/lib/python3.10/dist-packages/interfaces-0.0.0-py3.10.egg-info/SOURCES.txt
-- Installing: /home/insa/Desktop/VigiWheels2.0/raspberryPI3/ros2_ws/install/interfaces/local/lib/python3.10/dist-packages/interfaces-0.0.0-py3.10.egg-info/top_level.txt
-- Up-to-date: /home/insa/Desktop/VigiWheels2.0/raspberryPI3/ros2_ws/install/interfaces/local/lib/python3.10/dist-packages/interfaces
-- Up-to-date: /home/insa/Desktop/VigiWheels2.0/raspberryPI3/ros2_ws/install/interfaces/local/lib/python3.10/dist-packages/interfaces/libinterfaces__rosidl_generator_py.so
-- Up-to-date: /home/insa/Desktop/VigiWheels2.0/raspberryPI3/ros2_ws/install/interfaces/local/lib/python3.10/dist-packages/interfaces/interfaces_s__rosidl_typesupport_introspection_c.cpython-310-x86_64-linux-gnu.so
-- Up-to-date: /home/insa/Desktop/VigiWheels2.0/raspberryPI3/ros2_ws/install/interfaces/local/lib/python3.10/dist-packages/interfaces/_interfaces_s.ep.rosidl_typesupport_fastrtps_c.c
-- Up-to-date: /home/insa/Desktop/VigiWheels2.0/raspberryPI3/ros2_ws/install/interfaces/local/lib/python3.10/dist-packages/interfaces/_interfaces_s.ep.rosidl_typesupport_c.c
-- Up-to-date: /home/insa/Desktop/VigiWheels2.0/raspberryPI3/ros2_ws/install/interfaces/local/lib/python3.10/dist-packages/interfaces/interfaces_s__rosidl_typesupport_fastrtps_c.cpython-310-x86_64-linux-gnu.so
-- Up-to-date: /home/insa/Desktop/VigiWheels2.0/raspberryPI3/ros2_ws/install/interfaces/local/lib/python3.10/dist-packages/interfaces/__init__.py
-- Up-to-date: /home/insa/Desktop/VigiWheels2.0/raspberryPI3/ros2_ws/install/interfaces/local/lib/python3.10/dist-packages/interfaces/msg
-- Up-to-date: /home/insa/Desktop/VigiWheels2.0/raspberryPI3/ros2_ws/install/interfaces/local/lib/python3.10/dist-packages/interfaces/msg/_emergency_alert_fire_s.c
-- Up-to-date: /home/insa/Desktop/VigiWheels2.0/raspberryPI3/ros2_ws/install/interfaces/local/lib/python3.10/dist-packages/interfaces/msg/_cam_pos_order_s.c
-- Up-to-date: /home/insa/Desktop/VigiWheels2.0/raspberryPI3/ros2_ws/install/interfaces/local/lib/python3.10/dist-packages/interfaces/msg/_gnss.py
-- Up-to-date: /home/insa/Desktop/VigiWheels2.0/raspberryPI3/ros2_ws/install/interfaces/local/lib/python3.10/dist-packages/interfaces/msg/_general_data.py
-- Up-to-date: /home/insa/Desktop/VigiWheels2.0/raspberryPI3/ros2_ws/install/interfaces/local/lib/python3.10/dist-packages/interfaces/msg/_steering_calibration.py
-- Up-to-date: /home/insa/Desktop/VigiWheels2.0/raspberryPI3/ros2_ws/install/interfaces/local/lib/python3.10/dist-packages/interfaces/msg/_motors_feedback.py
-- Up-to-date: /home/insa/Desktop/VigiWheels2.0/raspberryPI3/ros2_ws/install/interfaces/local/lib/python3.10/dist-packages/interfaces/msg/_emergency_alert_fire.py
-- Up-to-date: /home/insa/Desktop/VigiWheels2.0/raspberryPI3/ros2_ws/install/interfaces/local/lib/python3.10/dist-packages/interfaces/msg/_ultrasonic.py
-- Up-to-date: /home/insa/Desktop/VigiWheels2.0/raspberryPI3/ros2_ws/install/interfaces/local/lib/python3.10/dist-packages/interfaces/msg/_manometer_info.py
-- Up-to-date: /home/insa/Desktop/VigiWheels2.0/raspberryPI3/ros2_ws/install/interfaces/local/lib/python3.10/dist-packages/interfaces/msg/_steering_calibration_s.c
-- Up-to-date: /home/insa/Desktop/VigiWheels2.0/raspberryPI3/ros2_ws/install/interfaces/local/lib/python3.10/dist-packages/interfaces/msg/__init__.py
-- Up-to-date: /home/insa/Desktop/VigiWheels2.0/raspberryPI3/ros2_ws/install/interfaces/local/lib/python3.10/dist-packages/interfaces/msg/_motors_feedback_s.c
-- Up-to-date: /home/insa/Desktop/VigiWheels2.0/raspberryPI3/ros2_ws/install/interfaces/local/lib/python3.10/dist-packages/interfaces/msg/_motors_order_s.c
-- Up-to-date: /home/insa/Desktop/VigiWheels2.0/raspberryPI3/ros2_ws/install/interfaces/local/lib/python3.10/dist-packages/interfaces/msg/_obstacles_order_s.c
-- Up-to-date: /home/insa/Desktop/VigiWheels2.0/raspberryPI3/ros2_ws/install/interfaces/local/lib/python3.10/dist-packages/interfaces/msg/_cam_pos_order.py
-- Up-to-date: /home/insa/Desktop/VigiWheels2.0/raspberryPI3/ros2_ws/install/interfaces/local/lib/python3.10/dist-packages/interfaces/msg/_motors_order.py
-- Up-to-date: /home/insa/Desktop/VigiWheels2.0/raspberryPI3/ros2_ws/install/interfaces/local/lib/python3.10/dist-packages/interfaces/msg/_joystick_order_s.c
-- Up-to-date: /home/insa/Desktop/VigiWheels2.0/raspberryPI3/ros2_ws/install/interfaces/local/lib/python3.10/dist-packages/interfaces/msg/_system_check.py
-- Up-to-date: /home/insa/Desktop/VigiWheels2.0/raspberryPI3/ros2_ws/install/interfaces/local/lib/python3.10/dist-packages/interfaces/msg/_fire_sensor_s.c
-- Up-to-date: /home/insa/Desktop/VigiWheels2.0/raspberryPI3/ros2_ws/install/interfaces/local/lib/python3.10/dist-packages/interfaces/msg/_manometer_info_s.c
-- Up-to-date: /home/insa/Desktop/VigiWheels2.0/raspberryPI3/ros2_ws/install/interfaces/local/lib/python3.10/dist-packages/interfaces/msg/_system_check_s.c
-- Up-to-date: /home/insa/Desktop/VigiWheels2.0/raspberryPI3/ros2_ws/install/interfaces/local/lib/python3.10/dist-packages/interfaces/msg/_gnss_s.c
-- Up-to-date: /home/insa/Desktop/VigiWheels2.0/raspberryPI3/ros2_ws/install/interfaces/local/lib/python3.10/dist-packages/interfaces/msg/_servo_cam_order_s.c
-- Up-to-date: /home/insa/Desktop/VigiWheels2.0/raspberryPI3/ros2_ws/install/interfaces/local/lib/python3.10/dist-packages/interfaces/msg/_general_data_s.c
-- Up-to-date: /home/insa/Desktop/VigiWheels2.0/raspberryPI3/ros2_ws/install/interfaces/local/lib/python3.10/dist-packages/interfaces/msg/_servo_cam_order.py
-- Up-to-date: /home/insa/Desktop/VigiWheels2.0/raspberryPI3/ros2_ws/install/interfaces/local/lib/python3.10/dist-packages/interfaces/msg/_obstacles_order.py
-- Up-to-date: /home/insa/Desktop/VigiWheels2.0/raspberryPI3/ros2_ws/install/interfaces/local/lib/python3.10/dist-packages/interfaces/msg/_fire_sensor.py
-- Up-to-date: /home/insa/Desktop/VigiWheels2.0/raspberryPI3/ros2_ws/install/interfaces/local/lib/python3.10/dist-packages/interfaces/msg/_ultrasonic_s.c
-- Up-to-date: /home/insa/Desktop/VigiWheels2.0/raspberryPI3/ros2_ws/install/interfaces/local/lib/python3.10/dist-packages/interfaces/msg/_joystick_order.py
-- Up-to-date: /home/insa/Desktop/VigiWheels2.0/raspberryPI3/ros2_ws/install/interfaces/local/lib/python3.10/dist-packages/interfaces/_interfaces_s.ep.rosidl_typesupport_introspection_c.c
-- Up-to-date: /home/insa/Desktop/VigiWheels2.0/raspberryPI3/ros2_ws/install/interfaces/local/lib/python3.10/dist-packages/interfaces/interfaces_s__rosidl_typesupport_c.cpython-310-x86_64-linux-gnu.so
Listing '/home/insa/Desktop/VigiWheels2.0/raspberryPI3/ros2_ws/install/interfaces/local/lib/python3.10/dist-packages/interfaces'...
Listing '/home/insa/Desktop/VigiWheels2.0/raspberryPI3/ros2_ws/install/interfaces/local/lib/python3.10/dist-packages/interfaces/msg'...
-- Up-to-date: /home/insa/Desktop/VigiWheels2.0/raspberryPI3/ros2_ws/install/interfaces/local/lib/python3.10/dist-packages/interfaces/interfaces_s__rosidl_typesupport_fastrtps_c.cpython-310-x86_64-linux-gnu.so
-- Up-to-date: /home/insa/Desktop/VigiWheels2.0/raspberryPI3/ros2_ws/install/interfaces/local/lib/python3.10/dist-packages/interfaces/interfaces_s__rosidl_typesupport_introspection_c.cpython-310-x86_64-linux-gnu.so
-- Up-to-date: /home/insa/Desktop/VigiWheels2.0/raspberryPI3/ros2_ws/install/interfaces/local/lib/python3.10/dist-packages/interfaces/interfaces_s__rosidl_typesupport_c.cpython-310-x86_64-linux-gnu.so
-- Up-to-date: /home/insa/Desktop/VigiWheels2.0/raspberryPI3/ros2_ws/install/interfaces/lib/libinterfaces__rosidl_generator_py.so
-- Up-to-date: /home/insa/Desktop/VigiWheels2.0/raspberryPI3/ros2_ws/install/interfaces/share/interfaces/msg/JoystickOrder.idl
-- Up-to-date: /home/insa/Desktop/VigiWheels2.0/raspberryPI3/ros2_ws/install/interfaces/share/interfaces/msg/MotorsOrder.idl
-- Up-to-date: /home/insa/Desktop/VigiWheels2.0/raspberryPI3/ros2_ws/install/interfaces/share/interfaces/msg/MotorsFeedback.idl
-- Up-to-date: /home/insa/Desktop/VigiWheels2.0/raspberryPI3/ros2_ws/install/interfaces/share/interfaces/msg/GeneralData.idl
-- Up-to-date: /home/insa/Desktop/VigiWheels2.0/raspberryPI3/ros2_ws/install/interfaces/share/interfaces/msg/SteeringCalibration.idl
-- Up-to-date: /home/insa/Desktop/VigiWheels2.0/raspberryPI3/ros2_ws/install/interfaces/share/interfaces/msg/Ultrasonic.idl
-- Up-to-date: /home/insa/Desktop/VigiWheels2.0/raspberryPI3/ros2_ws/install/interfaces/share/interfaces/msg/Gnss.idl
-- Up-to-date: /home/insa/Desktop/VigiWheels2.0/raspberryPI3/ros2_ws/install/interfaces/share/interfaces/msg/SystemCheck.idl
-- Up-to-date: /home/insa/Desktop/VigiWheels2.0/raspberryPI3/ros2_ws/install/interfaces/share/interfaces/msg/ManometerInfo.idl
-- Up-to-date: /home/insa/Desktop/VigiWheels2.0/raspberryPI3/ros2_ws/install/interfaces/share/interfaces/msg/ObstaclesOrder.idl
-- Up-to-date: /home/insa/Desktop/VigiWheels2.0/raspberryPI3/ros2_ws/install/interfaces/share/interfaces/msg/ServoCamOrder.idl
-- Up-to-date: /home/insa/Desktop/VigiWheels2.0/raspberryPI3/ros2_ws/install/interfaces/share/interfaces/msg/CamPosOrder.idl
-- Up-to-date: /home/insa/Desktop/VigiWheels2.0/raspberryPI3/ros2_ws/install/interfaces/share/interfaces/msg/FireSensor.idl
-- Up-to-date: /home/insa/Desktop/VigiWheels2.0/raspberryPI3/ros2_ws/install/interfaces/share/interfaces/msg/EmergencyAlertFire.idl
-- Up-to-date: /home/insa/Desktop/VigiWheels2.0/raspberryPI3/ros2_ws/install/interfaces/share/interfaces/msg/JoystickOrder.msg
-- Up-to-date: /home/insa/Desktop/VigiWheels2.0/raspberryPI3/ros2_ws/install/interfaces/share/interfaces/msg/MotorsOrder.msg
-- Up-to-date: /home/insa/Desktop/VigiWheels2.0/raspberryPI3/ros2_ws/install/interfaces/share/interfaces/msg/MotorsFeedback.msg
-- Up-to-date: /home/insa/Desktop/VigiWheels2.0/raspberryPI3/ros2_ws/install/interfaces/share/interfaces/msg/GeneralData.msg
-- Up-to-date: /home/insa/Desktop/VigiWheels2.0/raspberryPI3/ros2_ws/install/interfaces/share/interfaces/msg/SteeringCalibration.msg
-- Up-to-date: /home/insa/Desktop/VigiWheels2.0/raspberryPI3/ros2_ws/install/interfaces/share/interfaces/msg/Ultrasonic.msg
-- Up-to-date: /home/insa/Desktop/VigiWheels2.0/raspberryPI3/ros2_ws/install/interfaces/share/interfaces/msg/Gnss.msg
-- Up-to-date: /home/insa/Desktop/VigiWheels2.0/raspberryPI3/ros2_ws/install/interfaces/share/interfaces/msg/SystemCheck.msg
-- Up-to-date: /home/insa/Desktop/VigiWheels2.0/raspberryPI3/ros2_ws/install/interfaces/share/interfaces/msg/ManometerInfo.msg
-- Up-to-date: /home/insa/Desktop/VigiWheels2.0/raspberryPI3/ros2_ws/install/interfaces/share/interfaces/msg/ObstaclesOrder.msg
-- Up-to-date: /home/insa/Desktop/VigiWheels2.0/raspberryPI3/ros2_ws/install/interfaces/share/interfaces/msg/ServoCamOrder.msg
-- Up-to-date: /home/insa/Desktop/VigiWheels2.0/raspberryPI3/ros2_ws/install/interfaces/share/interfaces/msg/CamPosOrder.msg
-- Up-to-date: /home/insa/Desktop/VigiWheels2.0/raspberryPI3/ros2_ws/install/interfaces/share/interfaces/msg/FireSensor.msg
-- Up-to-date: /home/insa/Desktop/VigiWheels2.0/raspberryPI3/ros2_ws/install/interfaces/share/interfaces/msg/EmergencyAlertFire.msg
-- Up-to-date: /home/insa/Desktop/VigiWheels2.0/raspberryPI3/ros2_ws/install/interfaces/share/ament_index/resource_index/package_run_dependencies/interfaces
-- Up-to-date: /home/insa/Desktop/VigiWheels2.0/raspberryPI3/ros2_ws/install/interfaces/share/ament_index/resource_index/parent_prefix_path/interfaces
-- Up-to-date: /home/insa/Desktop/VigiWheels2.0/raspberryPI3/ros2_ws/install/interfaces/share/interfaces/environment/ament_prefix_path.sh
-- Up-to-date: /home/insa/Desktop/VigiWheels2.0/raspberryPI3/ros2_ws/install/interfaces/share/interfaces/environment/ament_prefix_path.dsv
-- Up-to-date: /home/insa/Desktop/VigiWheels2.0/raspberryPI3/ros2_ws/install/interfaces/share/interfaces/environment/path.sh
-- Up-to-date: /home/insa/Desktop/VigiWheels2.0/raspberryPI3/ros2_ws/install/interfaces/share/interfaces/environment/path.dsv
-- Up-to-date: /home/insa/Desktop/VigiWheels2.0/raspberryPI3/ros2_ws/install/interfaces/share/interfaces/local_setup.bash
-- Up-to-date: /home/insa/Desktop/VigiWheels2.0/raspberryPI3/ros2_ws/install/interfaces/share/interfaces/local_setup.sh
-- Up-to-date: /home/insa/Desktop/VigiWheels2.0/raspberryPI3/ros2_ws/install/interfaces/share/interfaces/local_setup.zsh
-- Up-to-date: /home/insa/Desktop/VigiWheels2.0/raspberryPI3/ros2_ws/install/interfaces/share/interfaces/local_setup.dsv
-- Installing: /home/insa/Desktop/VigiWheels2.0/raspberryPI3/ros2_ws/install/interfaces/share/interfaces/package.dsv
-- Up-to-date: /home/insa/Desktop/VigiWheels2.0/raspberryPI3/ros2_ws/install/interfaces/share/ament_index/resource_index/packages/interfaces
-- Up-to-date: /home/insa/Desktop/VigiWheels2.0/raspberryPI3/ros2_ws/install/interfaces/share/interfaces/cmake/export_interfaces__rosidl_generator_cExport.cmake
-- Up-to-date: /home/insa/Desktop/VigiWheels2.0/raspberryPI3/ros2_ws/install/interfaces/share/interfaces/cmake/export_interfaces__rosidl_generator_cExport-noconfig.cmake
-- Up-to-date: /home/insa/Desktop/VigiWheels2.0/raspberryPI3/ros2_ws/install/interfaces/share/interfaces/cmake/export_interfaces__rosidl_typesupport_fastrtps_cExport.cmake
-- Up-to-date: /home/insa/Desktop/VigiWheels2.0/raspberryPI3/ros2_ws/install/interfaces/share/interfaces/cmake/export_interfaces__rosidl_typesupport_fastrtps_cExport-noconfig.cmake
-- Up-to-date: /home/insa/Desktop/VigiWheels2.0/raspberryPI3/ros2_ws/install/interfaces/share/interfaces/cmake/export_interfaces__rosidl_generator_cppExport.cmake
-- Up-to-date: /home/insa/Desktop/VigiWheels2.0/raspberryPI3/ros2_ws/install/interfaces/share/interfaces/cmake/export_interfaces__rosidl_typesupport_fastrtps_cppExport.cmake
-- Up-to-date: /home/insa/Desktop/VigiWheels2.0/raspberryPI3/ros2_ws/install/interfaces/share/interfaces/cmake/export_interfaces__rosidl_typesupport_fastrtps_cppExport-noconfig.cmake
-- Up-to-date: /home/insa/Desktop/VigiWheels2.0/raspberryPI3/ros2_ws/install/interfaces/share/interfaces/cmake/interfaces__rosidl_typesupport_introspection_cExport.cmake
-- Up-to-date: /home/insa/Desktop/VigiWheels2.0/raspberryPI3/ros2_ws/install/interfaces/share/interfaces/cmake/interfaces__rosidl_typesupport_introspection_cExport-noconfig.cmake
-- Up-to-date: /home/insa/Desktop/VigiWheels2.0/raspberryPI3/ros2_ws/install/interfaces/share/interfaces/cmake/interfaces__rosidl_typesupport_cExport.cmake
-- Up-to-date: /home/insa/Desktop/VigiWheels2.0/raspberryPI3/ros2_ws/install/interfaces/share/interfaces/cmake/interfaces__rosidl_typesupport_cExport-noconfig.cmake
-- Up-to-date: /home/insa/Desktop/VigiWheels2.0/raspberryPI3/ros2_ws/install/interfaces/share/interfaces/cmake/interfaces__rosidl_typesupport_introspection_cppExport.cmake
-- Up-to-date: /home/insa/Desktop/VigiWheels2.0/raspberryPI3/ros2_ws/install/interfaces/share/interfaces/cmake/interfaces__rosidl_typesupport_introspection_cppExport-noconfig.cmake
-- Up-to-date: /home/insa/Desktop/VigiWheels2.0/raspberryPI3/ros2_ws/install/interfaces/share/interfaces/cmake/interfaces__rosidl_typesupport_cppExport.cmake
-- Up-to-date: /home/insa/Desktop/VigiWheels2.0/raspberryPI3/ros2_ws/install/interfaces/share/interfaces/cmake/interfaces__rosidl_typesupport_cppExport-noconfig.cmake
-- Up-to-date: /home/insa/Desktop/VigiWheels2.0/raspberryPI3/ros2_ws/install/interfaces/share/interfaces/cmake/export_interfaces__rosidl_generator_pyExport.cmake
-- Up-to-date: /home/insa/Desktop/VigiWheels2.0/raspberryPI3/ros2_ws/install/interfaces/share/interfaces/cmake/export_interfaces__rosidl_generator_pyExport-noconfig.cmake
-- Up-to-date: /home/insa/Desktop/VigiWheels2.0/raspberryPI3/ros2_ws/install/interfaces/share/interfaces/cmake/rosidl_cmake-extras.cmake
-- Up-to-date: /home/insa/Desktop/VigiWheels2.0/raspberryPI3/ros2_ws/install/interfaces/share/interfaces/cmake/ament_cmake_export_include_directories-extras.cmake
-- Up-to-date: /home/insa/Desktop/VigiWheels2.0/raspberryPI3/ros2_ws/install/interfaces/share/interfaces/cmake/ament_cmake_export_libraries-extras.cmake
-- Up-to-date: /home/insa/Desktop/VigiWheels2.0/raspberryPI3/ros2_ws/install/interfaces/share/interfaces/cmake/ament_cmake_export_targets-extras.cmake
-- Up-to-date: /home/insa/Desktop/VigiWheels2.0/raspberryPI3/ros2_ws/install/interfaces/share/interfaces/cmake/rosidl_cmake_export_typesupport_targets-extras.cmake
-- Up-to-date: /home/insa/Desktop/VigiWheels2.0/raspberryPI3/ros2_ws/install/interfaces/share/interfaces/cmake/ament_cmake_export_dependencies-extras.cmake
-- Up-to-date: /home/insa/Desktop/VigiWheels2.0/raspberryPI3/ros2_ws/install/interfaces/share/interfaces/cmake/rosidl_cmake_export_typesupport_libraries-extras.cmake
-- Up-to-date: /home/insa/Desktop/VigiWheels2.0/raspberryPI3/ros2_ws/install/interfaces/share/interfaces/cmake/interfacesConfig.cmake
-- Up-to-date: /home/insa/Desktop/VigiWheels2.0/raspberryPI3/ros2_ws/install/interfaces/share/interfaces/cmake/interfacesConfig-version.cmake
-- Up-to-date: /home/insa/Desktop/VigiWheels2.0/raspberryPI3/ros2_ws/install/interfaces/share/interfaces/package.xml
