[0.064s] Invoking command in '/home/insa/Desktop/VigiWheels2.0/raspberryPI3/build/rviz_imu_plugin': CMAKE_PREFIX_PATH=${CMAKE_PREFIX_PATH}:/opt/ros/humble /usr/bin/cmake --build /home/insa/Desktop/VigiWheels2.0/raspberryPI3/build/rviz_imu_plugin -- -j8 -l8
[0.138s] [ 11%] [34m[1mAutomatic MOC for target rviz_imu_plugin[0m
[0.198s] [ 11%] Built target rviz_imu_plugin_autogen
[0.225s] [35m[1mConsolidate compiler generated dependencies of target rviz_imu_plugin[0m
[0.262s] [100%] Built target rviz_imu_plugin
[0.278s] Invoked command in '/home/insa/Desktop/VigiWheels2.0/raspberryPI3/build/rviz_imu_plugin' returned '0': CMAKE_PREFIX_PATH=${CMAKE_PREFIX_PATH}:/opt/ros/humble /usr/bin/cmake --build /home/insa/Desktop/VigiWheels2.0/raspberryPI3/build/rviz_imu_plugin -- -j8 -l8
[0.369s] Invoking command in '/home/insa/Desktop/VigiWheels2.0/raspberryPI3/build/rviz_imu_plugin': CMAKE_PREFIX_PATH=${CMAKE_PREFIX_PATH}:/opt/ros/humble /usr/bin/cmake --install /home/insa/Desktop/VigiWheels2.0/raspberryPI3/build/rviz_imu_plugin
[0.378s] -- Install configuration: ""
[0.378s] -- Installing: /home/insa/Desktop/VigiWheels2.0/raspberryPI3/install/rviz_imu_plugin/share/rviz_imu_plugin/plugin_description.xml
[0.378s] -- Installing: /home/insa/Desktop/VigiWheels2.0/raspberryPI3/install/rviz_imu_plugin/share/rviz_imu_plugin/environment/library_path.sh
[0.378s] -- Installing: /home/insa/Desktop/VigiWheels2.0/raspberryPI3/install/rviz_imu_plugin/share/rviz_imu_plugin/environment/library_path.dsv
[0.378s] -- Installing: /home/insa/Desktop/VigiWheels2.0/raspberryPI3/install/rviz_imu_plugin/lib/librviz_imu_plugin.so
[0.388s] -- Set runtime path of "/home/insa/Desktop/VigiWheels2.0/raspberryPI3/install/rviz_imu_plugin/lib/librviz_imu_plugin.so" to ""
[0.388s] -- Installing: /home/insa/Desktop/VigiWheels2.0/raspberryPI3/install/rviz_imu_plugin/share/ament_index/resource_index/package_run_dependencies/rviz_imu_plugin
[0.390s] -- Installing: /home/insa/Desktop/VigiWheels2.0/raspberryPI3/install/rviz_imu_plugin/share/ament_index/resource_index/parent_prefix_path/rviz_imu_plugin
[0.390s] -- Installing: /home/insa/Desktop/VigiWheels2.0/raspberryPI3/install/rviz_imu_plugin/share/rviz_imu_plugin/environment/ament_prefix_path.sh
[0.390s] -- Installing: /home/insa/Desktop/VigiWheels2.0/raspberryPI3/install/rviz_imu_plugin/share/rviz_imu_plugin/environment/ament_prefix_path.dsv
[0.390s] -- Installing: /home/insa/Desktop/VigiWheels2.0/raspberryPI3/install/rviz_imu_plugin/share/rviz_imu_plugin/environment/path.sh
[0.390s] -- Installing: /home/insa/Desktop/VigiWheels2.0/raspberryPI3/install/rviz_imu_plugin/share/rviz_imu_plugin/environment/path.dsv
[0.391s] -- Installing: /home/insa/Desktop/VigiWheels2.0/raspberryPI3/install/rviz_imu_plugin/share/rviz_imu_plugin/local_setup.bash
[0.391s] -- Installing: /home/insa/Desktop/VigiWheels2.0/raspberryPI3/install/rviz_imu_plugin/share/rviz_imu_plugin/local_setup.sh
[0.391s] -- Installing: /home/insa/Desktop/VigiWheels2.0/raspberryPI3/install/rviz_imu_plugin/share/rviz_imu_plugin/local_setup.zsh
[0.391s] -- Installing: /home/insa/Desktop/VigiWheels2.0/raspberryPI3/install/rviz_imu_plugin/share/rviz_imu_plugin/local_setup.dsv
[0.391s] -- Installing: /home/insa/Desktop/VigiWheels2.0/raspberryPI3/install/rviz_imu_plugin/share/rviz_imu_plugin/package.dsv
[0.392s] -- Installing: /home/insa/Desktop/VigiWheels2.0/raspberryPI3/install/rviz_imu_plugin/share/ament_index/resource_index/packages/rviz_imu_plugin
[0.392s] -- Installing: /home/insa/Desktop/VigiWheels2.0/raspberryPI3/install/rviz_imu_plugin/share/ament_index/resource_index/rviz_common__pluginlib__plugin/rviz_imu_plugin
[0.392s] -- Installing: /home/insa/Desktop/VigiWheels2.0/raspberryPI3/install/rviz_imu_plugin/share/rviz_imu_plugin/cmake/ament_cmake_export_include_directories-extras.cmake
[0.392s] -- Installing: /home/insa/Desktop/VigiWheels2.0/raspberryPI3/install/rviz_imu_plugin/share/rviz_imu_plugin/cmake/ament_cmake_export_libraries-extras.cmake
[0.393s] -- Installing: /home/insa/Desktop/VigiWheels2.0/raspberryPI3/install/rviz_imu_plugin/share/rviz_imu_plugin/cmake/ament_cmake_export_dependencies-extras.cmake
[0.393s] -- Installing: /home/insa/Desktop/VigiWheels2.0/raspberryPI3/install/rviz_imu_plugin/share/rviz_imu_plugin/cmake/rviz_imu_pluginConfig.cmake
[0.393s] -- Installing: /home/insa/Desktop/VigiWheels2.0/raspberryPI3/install/rviz_imu_plugin/share/rviz_imu_plugin/cmake/rviz_imu_pluginConfig-version.cmake
[0.393s] -- Installing: /home/insa/Desktop/VigiWheels2.0/raspberryPI3/install/rviz_imu_plugin/share/rviz_imu_plugin/package.xml
[0.482s] Invoked command in '/home/insa/Desktop/VigiWheels2.0/raspberryPI3/build/rviz_imu_plugin' returned '0': CMAKE_PREFIX_PATH=${CMAKE_PREFIX_PATH}:/opt/ros/humble /usr/bin/cmake --install /home/insa/Desktop/VigiWheels2.0/raspberryPI3/build/rviz_imu_plugin
