[0.058s] Invoking command in '/home/insa/Desktop/VigiWheels/raspberryPI3/ros2_ws/build/fire_detection': CMAKE_PREFIX_PATH=/home/insa/Desktop/VigiWheels/raspberryPI3/ros2_ws/install/interfaces:/home/insa/Desktop/VigiWheels/raspberryPI3/ros2_ws/install/fire_detection:/home/insa/ros2_ws/install/my_fire_pkg:/home/insa/ros2_ws/install/demo_sensor_pkg:/home/insa/ros2_ws/install/my_robot_interfaces:/home/insa/ros2_ws/install/my_cpp_pkg:/home/insa/ros2_ws/install/johann_cpp_pkg:/opt/ros/humble /usr/bin/cmake --build /home/insa/Desktop/VigiWheels/raspberryPI3/ros2_ws/build/fire_detection -- -j8 -l8
[0.090s] [35m[1mConsolidate compiler generated dependencies of target processing_data_fire_node[0m
[0.099s] [ 33%] [32mBuilding CXX object CMakeFiles/serial_reading_node.dir/src/serial_reading.cpp.o[0m
[0.100s] [ 33%] [32mBuilding CXX object CMakeFiles/serial_writing_node.dir/src/serial_writing.cpp.o[0m
[0.102s] [ 50%] [32mBuilding CXX object CMakeFiles/processing_data_fire_node.dir/src/processing_data_fire.cpp.o[0m
[3.493s] [ 66%] [32m[1mLinking CXX executable serial_reading_node[0m
[3.659s] [ 66%] Built target serial_reading_node
[6.161s] [ 83%] [32m[1mLinking CXX executable serial_writing_node[0m
[6.430s] [ 83%] Built target serial_writing_node
[6.497s] [100%] [32m[1mLinking CXX executable processing_data_fire_node[0m
[6.775s] [100%] Built target processing_data_fire_node
[6.784s] Invoked command in '/home/insa/Desktop/VigiWheels/raspberryPI3/ros2_ws/build/fire_detection' returned '0': CMAKE_PREFIX_PATH=/home/insa/Desktop/VigiWheels/raspberryPI3/ros2_ws/install/interfaces:/home/insa/Desktop/VigiWheels/raspberryPI3/ros2_ws/install/fire_detection:/home/insa/ros2_ws/install/my_fire_pkg:/home/insa/ros2_ws/install/demo_sensor_pkg:/home/insa/ros2_ws/install/my_robot_interfaces:/home/insa/ros2_ws/install/my_cpp_pkg:/home/insa/ros2_ws/install/johann_cpp_pkg:/opt/ros/humble /usr/bin/cmake --build /home/insa/Desktop/VigiWheels/raspberryPI3/ros2_ws/build/fire_detection -- -j8 -l8
[6.811s] Invoking command in '/home/insa/Desktop/VigiWheels/raspberryPI3/ros2_ws/build/fire_detection': CMAKE_PREFIX_PATH=/home/insa/Desktop/VigiWheels/raspberryPI3/ros2_ws/install/interfaces:/home/insa/Desktop/VigiWheels/raspberryPI3/ros2_ws/install/fire_detection:/home/insa/ros2_ws/install/my_fire_pkg:/home/insa/ros2_ws/install/demo_sensor_pkg:/home/insa/ros2_ws/install/my_robot_interfaces:/home/insa/ros2_ws/install/my_cpp_pkg:/home/insa/ros2_ws/install/johann_cpp_pkg:/opt/ros/humble /usr/bin/cmake --install /home/insa/Desktop/VigiWheels/raspberryPI3/ros2_ws/build/fire_detection
[6.816s] -- Install configuration: ""
[6.816s] -- Installing: /home/insa/Desktop/VigiWheels/raspberryPI3/ros2_ws/install/fire_detection/lib/fire_detection/serial_reading_node
[6.817s] -- Set runtime path of "/home/insa/Desktop/VigiWheels/raspberryPI3/ros2_ws/install/fire_detection/lib/fire_detection/serial_reading_node" to ""
[6.817s] -- Installing: /home/insa/Desktop/VigiWheels/raspberryPI3/ros2_ws/install/fire_detection/lib/fire_detection/processing_data_fire_node
[6.819s] -- Set runtime path of "/home/insa/Desktop/VigiWheels/raspberryPI3/ros2_ws/install/fire_detection/lib/fire_detection/processing_data_fire_node" to ""
[6.819s] -- Installing: /home/insa/Desktop/VigiWheels/raspberryPI3/ros2_ws/install/fire_detection/lib/fire_detection/serial_writing_node
[6.822s] -- Set runtime path of "/home/insa/Desktop/VigiWheels/raspberryPI3/ros2_ws/install/fire_detection/lib/fire_detection/serial_writing_node" to ""
[6.822s] -- Up-to-date: /home/insa/Desktop/VigiWheels/raspberryPI3/ros2_ws/install/fire_detection/share/ament_index/resource_index/package_run_dependencies/fire_detection
[6.822s] -- Up-to-date: /home/insa/Desktop/VigiWheels/raspberryPI3/ros2_ws/install/fire_detection/share/ament_index/resource_index/parent_prefix_path/fire_detection
[6.822s] -- Up-to-date: /home/insa/Desktop/VigiWheels/raspberryPI3/ros2_ws/install/fire_detection/share/fire_detection/environment/ament_prefix_path.sh
[6.822s] -- Up-to-date: /home/insa/Desktop/VigiWheels/raspberryPI3/ros2_ws/install/fire_detection/share/fire_detection/environment/ament_prefix_path.dsv
[6.822s] -- Up-to-date: /home/insa/Desktop/VigiWheels/raspberryPI3/ros2_ws/install/fire_detection/share/fire_detection/environment/path.sh
[6.822s] -- Up-to-date: /home/insa/Desktop/VigiWheels/raspberryPI3/ros2_ws/install/fire_detection/share/fire_detection/environment/path.dsv
[6.822s] -- Up-to-date: /home/insa/Desktop/VigiWheels/raspberryPI3/ros2_ws/install/fire_detection/share/fire_detection/local_setup.bash
[6.822s] -- Up-to-date: /home/insa/Desktop/VigiWheels/raspberryPI3/ros2_ws/install/fire_detection/share/fire_detection/local_setup.sh
[6.822s] -- Up-to-date: /home/insa/Desktop/VigiWheels/raspberryPI3/ros2_ws/install/fire_detection/share/fire_detection/local_setup.zsh
[6.822s] -- Up-to-date: /home/insa/Desktop/VigiWheels/raspberryPI3/ros2_ws/install/fire_detection/share/fire_detection/local_setup.dsv
[6.822s] -- Installing: /home/insa/Desktop/VigiWheels/raspberryPI3/ros2_ws/install/fire_detection/share/fire_detection/package.dsv
[6.822s] -- Up-to-date: /home/insa/Desktop/VigiWheels/raspberryPI3/ros2_ws/install/fire_detection/share/ament_index/resource_index/packages/fire_detection
[6.822s] -- Up-to-date: /home/insa/Desktop/VigiWheels/raspberryPI3/ros2_ws/install/fire_detection/share/fire_detection/cmake/fire_detectionConfig.cmake
[6.822s] -- Up-to-date: /home/insa/Desktop/VigiWheels/raspberryPI3/ros2_ws/install/fire_detection/share/fire_detection/cmake/fire_detectionConfig-version.cmake
[6.822s] -- Up-to-date: /home/insa/Desktop/VigiWheels/raspberryPI3/ros2_ws/install/fire_detection/share/fire_detection/package.xml
[6.823s] Invoked command in '/home/insa/Desktop/VigiWheels/raspberryPI3/ros2_ws/build/fire_detection' returned '0': CMAKE_PREFIX_PATH=/home/insa/Desktop/VigiWheels/raspberryPI3/ros2_ws/install/interfaces:/home/insa/Desktop/VigiWheels/raspberryPI3/ros2_ws/install/fire_detection:/home/insa/ros2_ws/install/my_fire_pkg:/home/insa/ros2_ws/install/demo_sensor_pkg:/home/insa/ros2_ws/install/my_robot_interfaces:/home/insa/ros2_ws/install/my_cpp_pkg:/home/insa/ros2_ws/install/johann_cpp_pkg:/opt/ros/humble /usr/bin/cmake --install /home/insa/Desktop/VigiWheels/raspberryPI3/ros2_ws/build/fire_detection
