[0.332s] Invoking command in '/home/insa/Desktop/VigiWheels2.0/raspberryPI3/build/car_control': AMENT_PREFIX_PATH=/home/insa/Desktop/VigiWheels2.0/raspberryPI3/install/interfaces:${AMENT_PREFIX_PATH} CMAKE_PREFIX_PATH=/home/insa/Desktop/VigiWheels2.0/raspberryPI3/install/interfaces:/home/insa/Desktop/VigiWheels2.0/raspberryPI3/ros2_ws/install/geicar_start:/home/insa/Desktop/VigiWheels2.0/raspberryPI3/ros2_ws/install/uart:/home/insa/Desktop/VigiWheels2.0/raspberryPI3/ros2_ws/install/system_check:/home/insa/Desktop/VigiWheels2.0/raspberryPI3/ros2_ws/install/simulation:/home/insa/Desktop/VigiWheels2.0/raspberryPI3/ros2_ws/install/servo_cam:/home/insa/Desktop/VigiWheels2.0/raspberryPI3/ros2_ws/install/imu_tools:/home/insa/Desktop/VigiWheels2.0/raspberryPI3/ros2_ws/install/rviz_imu_plugin:/home/insa/Desktop/VigiWheels2.0/raspberryPI3/ros2_ws/install/pressure_level:/home/insa/Desktop/VigiWheels2.0/raspberryPI3/ros2_ws/install/obstacles:/home/insa/Desktop/VigiWheels2.0/raspberryPI3/ros2_ws/install/joystick:/home/insa/Desktop/VigiWheels2.0/raspberryPI3/ros2_ws/install/fire_detection:/home/insa/Desktop/VigiWheels2.0/raspberryPI3/ros2_ws/install/car_control:/home/insa/Desktop/VigiWheels2.0/raspberryPI3/ros2_ws/install/can:/home/insa/Desktop/VigiWheels2.0/raspberryPI3/ros2_ws/install/interfaces:/home/insa/Desktop/VigiWheels2.0/raspberryPI3/ros2_ws/install/imu_filter_madgwick:/home/insa/Desktop/VigiWheels2.0/raspberryPI3/ros2_ws/install/imu_complementary_filter:/home/insa/Desktop/VigiWheels2.0/raspberryPI3/ros2_ws/install/carla_msgs:/home/insa/Desktop/VigiWheels/raspberryPI3/ros2_ws/install/geicar_start:/home/insa/Desktop/VigiWheels/raspberryPI3/ros2_ws/install/system_check:/home/insa/Desktop/VigiWheels/raspberryPI3/ros2_ws/install/simulation:/home/insa/Desktop/VigiWheels/raspberryPI3/ros2_ws/install/serial_port:/home/insa/Desktop/VigiWheels/raspberryPI3/ros2_ws/install/imu_tools:/home/insa/Desktop/VigiWheels/raspberryPI3/ros2_ws/install/rviz_imu_plugin:/home/insa/Desktop/VigiWheels/raspberryPI3/ros2_ws/install/joystick:/home/insa/Desktop/VigiWheels/raspberryPI3/ros2_ws/install/fire_detection:/home/insa/Desktop/VigiWheels/raspberryPI3/ros2_ws/install/car_control:/home/insa/Desktop/VigiWheels/raspberryPI3/ros2_ws/install/can:/home/insa/Desktop/VigiWheels/raspberryPI3/ros2_ws/install/interfaces:/home/insa/Desktop/VigiWheels/raspberryPI3/ros2_ws/install/imu_filter_madgwick:/home/insa/Desktop/VigiWheels/raspberryPI3/ros2_ws/install/imu_complementary_filter:/home/insa/Desktop/VigiWheels/raspberryPI3/ros2_ws/install/carla_msgs:/opt/ros/humble LD_LIBRARY_PATH=/home/insa/Desktop/VigiWheels2.0/raspberryPI3/install/interfaces/lib:${LD_LIBRARY_PATH} PYTHONPATH=/home/insa/Desktop/VigiWheels2.0/raspberryPI3/install/interfaces/local/lib/python3.10/dist-packages:${PYTHONPATH} /usr/bin/cmake /home/insa/Desktop/VigiWheels2.0/raspberryPI3/ros2_ws/src/car_control -DCMAKE_INSTALL_PREFIX=/home/insa/Desktop/VigiWheels2.0/raspberryPI3/install/car_control
[0.456s] -- The C compiler identification is GNU 11.4.0
[0.552s] -- The CXX compiler identification is GNU 11.4.0
[0.563s] -- Detecting C compiler ABI info
[0.751s] -- Detecting C compiler ABI info - done
[0.767s] -- Check for working C compiler: /usr/bin/cc - skipped
[0.777s] -- Detecting C compile features
[0.778s] -- Detecting C compile features - done
[0.782s] -- Detecting CXX compiler ABI info
[0.975s] -- Detecting CXX compiler ABI info - done
[0.998s] -- Check for working CXX compiler: /usr/bin/c++ - skipped
[0.999s] -- Detecting CXX compile features
[1.000s] -- Detecting CXX compile features - done
[1.026s] -- Found ament_cmake: 1.3.5 (/opt/ros/humble/share/ament_cmake/cmake)
[1.428s] -- Found Python3: /usr/bin/python3.10 (found version "3.10.12") found components: Interpreter 
[1.706s] -- Found rclcpp: 16.0.6 (/opt/ros/humble/share/rclcpp/cmake)
[1.897s] -- Found rosidl_generator_c: 3.1.5 (/opt/ros/humble/share/rosidl_generator_c/cmake)
[1.915s] -- Found rosidl_adapter: 3.1.5 (/opt/ros/humble/share/rosidl_adapter/cmake)
[1.939s] -- Found rosidl_generator_cpp: 3.1.5 (/opt/ros/humble/share/rosidl_generator_cpp/cmake)
[1.974s] -- Using all available rosidl_typesupport_c: rosidl_typesupport_fastrtps_c;rosidl_typesupport_introspection_c
[2.025s] -- Using all available rosidl_typesupport_cpp: rosidl_typesupport_fastrtps_cpp;rosidl_typesupport_introspection_cpp
[2.212s] -- Found rmw_implementation_cmake: 6.1.1 (/opt/ros/humble/share/rmw_implementation_cmake/cmake)
[2.222s] -- Found rmw_fastrtps_cpp: 6.2.4 (/opt/ros/humble/share/rmw_fastrtps_cpp/cmake)
[2.431s] -- Found OpenSSL: /usr/lib/x86_64-linux-gnu/libcrypto.so (found version "3.0.2")  
[2.491s] -- Found FastRTPS: /opt/ros/humble/include  
[2.589s] -- Using RMW implementation 'rmw_fastrtps_cpp' as default
[2.619s] -- Looking for pthread.h
[2.733s] -- Looking for pthread.h - found
[2.734s] -- Performing Test CMAKE_HAVE_LIBC_PTHREAD
[2.850s] -- Performing Test CMAKE_HAVE_LIBC_PTHREAD - Success
[2.853s] -- Found Threads: TRUE  
[3.155s] -- Found interfaces: 0.0.0 (/home/insa/Desktop/VigiWheels2.0/raspberryPI3/install/interfaces/share/interfaces/cmake)
[3.191s] -- Found sensor_msgs: 4.2.3 (/opt/ros/humble/share/sensor_msgs/cmake)
[3.434s] -- Found std_srvs: 4.2.3 (/opt/ros/humble/share/std_srvs/cmake)
[3.483s] -- Found ament_lint_auto: 0.12.8 (/opt/ros/humble/share/ament_lint_auto/cmake)
[3.657s] -- Added test 'cppcheck' to perform static code analysis on C / C++ code
[3.657s] -- Configured cppcheck include dirs: $<BUILD_INTERFACE:/home/insa/Desktop/VigiWheels2.0/raspberryPI3/ros2_ws/src/car_control/include>
[3.658s] -- Configured cppcheck exclude dirs and/or files: 
[3.661s] -- Added test 'lint_cmake' to check CMake code style
[3.664s] -- Added test 'uncrustify' to check C / C++ code style
[3.664s] -- Configured uncrustify additional arguments: 
[3.666s] -- Added test 'xmllint' to check XML markup files
[3.671s] -- Configuring done
[3.689s] -- Generating done
[3.692s] -- Build files have been written to: /home/insa/Desktop/VigiWheels2.0/raspberryPI3/build/car_control
[3.715s] Invoked command in '/home/insa/Desktop/VigiWheels2.0/raspberryPI3/build/car_control' returned '0': AMENT_PREFIX_PATH=/home/insa/Desktop/VigiWheels2.0/raspberryPI3/install/interfaces:${AMENT_PREFIX_PATH} CMAKE_PREFIX_PATH=/home/insa/Desktop/VigiWheels2.0/raspberryPI3/install/interfaces:/home/insa/Desktop/VigiWheels2.0/raspberryPI3/ros2_ws/install/geicar_start:/home/insa/Desktop/VigiWheels2.0/raspberryPI3/ros2_ws/install/uart:/home/insa/Desktop/VigiWheels2.0/raspberryPI3/ros2_ws/install/system_check:/home/insa/Desktop/VigiWheels2.0/raspberryPI3/ros2_ws/install/simulation:/home/insa/Desktop/VigiWheels2.0/raspberryPI3/ros2_ws/install/servo_cam:/home/insa/Desktop/VigiWheels2.0/raspberryPI3/ros2_ws/install/imu_tools:/home/insa/Desktop/VigiWheels2.0/raspberryPI3/ros2_ws/install/rviz_imu_plugin:/home/insa/Desktop/VigiWheels2.0/raspberryPI3/ros2_ws/install/pressure_level:/home/insa/Desktop/VigiWheels2.0/raspberryPI3/ros2_ws/install/obstacles:/home/insa/Desktop/VigiWheels2.0/raspberryPI3/ros2_ws/install/joystick:/home/insa/Desktop/VigiWheels2.0/raspberryPI3/ros2_ws/install/fire_detection:/home/insa/Desktop/VigiWheels2.0/raspberryPI3/ros2_ws/install/car_control:/home/insa/Desktop/VigiWheels2.0/raspberryPI3/ros2_ws/install/can:/home/insa/Desktop/VigiWheels2.0/raspberryPI3/ros2_ws/install/interfaces:/home/insa/Desktop/VigiWheels2.0/raspberryPI3/ros2_ws/install/imu_filter_madgwick:/home/insa/Desktop/VigiWheels2.0/raspberryPI3/ros2_ws/install/imu_complementary_filter:/home/insa/Desktop/VigiWheels2.0/raspberryPI3/ros2_ws/install/carla_msgs:/home/insa/Desktop/VigiWheels/raspberryPI3/ros2_ws/install/geicar_start:/home/insa/Desktop/VigiWheels/raspberryPI3/ros2_ws/install/system_check:/home/insa/Desktop/VigiWheels/raspberryPI3/ros2_ws/install/simulation:/home/insa/Desktop/VigiWheels/raspberryPI3/ros2_ws/install/serial_port:/home/insa/Desktop/VigiWheels/raspberryPI3/ros2_ws/install/imu_tools:/home/insa/Desktop/VigiWheels/raspberryPI3/ros2_ws/install/rviz_imu_plugin:/home/insa/Desktop/VigiWheels/raspberryPI3/ros2_ws/install/joystick:/home/insa/Desktop/VigiWheels/raspberryPI3/ros2_ws/install/fire_detection:/home/insa/Desktop/VigiWheels/raspberryPI3/ros2_ws/install/car_control:/home/insa/Desktop/VigiWheels/raspberryPI3/ros2_ws/install/can:/home/insa/Desktop/VigiWheels/raspberryPI3/ros2_ws/install/interfaces:/home/insa/Desktop/VigiWheels/raspberryPI3/ros2_ws/install/imu_filter_madgwick:/home/insa/Desktop/VigiWheels/raspberryPI3/ros2_ws/install/imu_complementary_filter:/home/insa/Desktop/VigiWheels/raspberryPI3/ros2_ws/install/carla_msgs:/opt/ros/humble LD_LIBRARY_PATH=/home/insa/Desktop/VigiWheels2.0/raspberryPI3/install/interfaces/lib:${LD_LIBRARY_PATH} PYTHONPATH=/home/insa/Desktop/VigiWheels2.0/raspberryPI3/install/interfaces/local/lib/python3.10/dist-packages:${PYTHONPATH} /usr/bin/cmake /home/insa/Desktop/VigiWheels2.0/raspberryPI3/ros2_ws/src/car_control -DCMAKE_INSTALL_PREFIX=/home/insa/Desktop/VigiWheels2.0/raspberryPI3/install/car_control
[3.716s] Invoking command in '/home/insa/Desktop/VigiWheels2.0/raspberryPI3/build/car_control': AMENT_PREFIX_PATH=/home/insa/Desktop/VigiWheels2.0/raspberryPI3/install/interfaces:${AMENT_PREFIX_PATH} CMAKE_PREFIX_PATH=/home/insa/Desktop/VigiWheels2.0/raspberryPI3/install/interfaces:/home/insa/Desktop/VigiWheels2.0/raspberryPI3/ros2_ws/install/geicar_start:/home/insa/Desktop/VigiWheels2.0/raspberryPI3/ros2_ws/install/uart:/home/insa/Desktop/VigiWheels2.0/raspberryPI3/ros2_ws/install/system_check:/home/insa/Desktop/VigiWheels2.0/raspberryPI3/ros2_ws/install/simulation:/home/insa/Desktop/VigiWheels2.0/raspberryPI3/ros2_ws/install/servo_cam:/home/insa/Desktop/VigiWheels2.0/raspberryPI3/ros2_ws/install/imu_tools:/home/insa/Desktop/VigiWheels2.0/raspberryPI3/ros2_ws/install/rviz_imu_plugin:/home/insa/Desktop/VigiWheels2.0/raspberryPI3/ros2_ws/install/pressure_level:/home/insa/Desktop/VigiWheels2.0/raspberryPI3/ros2_ws/install/obstacles:/home/insa/Desktop/VigiWheels2.0/raspberryPI3/ros2_ws/install/joystick:/home/insa/Desktop/VigiWheels2.0/raspberryPI3/ros2_ws/install/fire_detection:/home/insa/Desktop/VigiWheels2.0/raspberryPI3/ros2_ws/install/car_control:/home/insa/Desktop/VigiWheels2.0/raspberryPI3/ros2_ws/install/can:/home/insa/Desktop/VigiWheels2.0/raspberryPI3/ros2_ws/install/interfaces:/home/insa/Desktop/VigiWheels2.0/raspberryPI3/ros2_ws/install/imu_filter_madgwick:/home/insa/Desktop/VigiWheels2.0/raspberryPI3/ros2_ws/install/imu_complementary_filter:/home/insa/Desktop/VigiWheels2.0/raspberryPI3/ros2_ws/install/carla_msgs:/home/insa/Desktop/VigiWheels/raspberryPI3/ros2_ws/install/geicar_start:/home/insa/Desktop/VigiWheels/raspberryPI3/ros2_ws/install/system_check:/home/insa/Desktop/VigiWheels/raspberryPI3/ros2_ws/install/simulation:/home/insa/Desktop/VigiWheels/raspberryPI3/ros2_ws/install/serial_port:/home/insa/Desktop/VigiWheels/raspberryPI3/ros2_ws/install/imu_tools:/home/insa/Desktop/VigiWheels/raspberryPI3/ros2_ws/install/rviz_imu_plugin:/home/insa/Desktop/VigiWheels/raspberryPI3/ros2_ws/install/joystick:/home/insa/Desktop/VigiWheels/raspberryPI3/ros2_ws/install/fire_detection:/home/insa/Desktop/VigiWheels/raspberryPI3/ros2_ws/install/car_control:/home/insa/Desktop/VigiWheels/raspberryPI3/ros2_ws/install/can:/home/insa/Desktop/VigiWheels/raspberryPI3/ros2_ws/install/interfaces:/home/insa/Desktop/VigiWheels/raspberryPI3/ros2_ws/install/imu_filter_madgwick:/home/insa/Desktop/VigiWheels/raspberryPI3/ros2_ws/install/imu_complementary_filter:/home/insa/Desktop/VigiWheels/raspberryPI3/ros2_ws/install/carla_msgs:/opt/ros/humble LD_LIBRARY_PATH=/home/insa/Desktop/VigiWheels2.0/raspberryPI3/install/interfaces/lib:${LD_LIBRARY_PATH} PYTHONPATH=/home/insa/Desktop/VigiWheels2.0/raspberryPI3/install/interfaces/local/lib/python3.10/dist-packages:${PYTHONPATH} /usr/bin/cmake --build /home/insa/Desktop/VigiWheels2.0/raspberryPI3/build/car_control -- -j8 -l8
[3.802s] [ 20%] [32mBuilding CXX object CMakeFiles/car_control_node.dir/src/car_control_node.cpp.o[0m
[3.819s] [ 40%] [32mBuilding CXX object CMakeFiles/car_control_node.dir/src/propulsionCmd.cpp.o[0m
[3.819s] [ 60%] [32mBuilding CXX object CMakeFiles/car_control_node.dir/src/controlCmd.cpp.o[0m
[3.835s] [ 80%] [32mBuilding CXX object CMakeFiles/car_control_node.dir/src/steeringCmd.cpp.o[0m
[26.310s] [100%] [32m[1mLinking CXX executable car_control_node[0m
[27.011s] [100%] Built target car_control_node
