[35m[1mConsolidate compiler generated dependencies of target serial_reading_node[0m
[ 25%] [32mBuilding CXX object CMakeFiles/serial_writing_node.dir/src/serial_writing.cpp.o[0m
[ 50%] [32mBuilding CXX object CMakeFiles/serial_reading_node.dir/src/serial_reading.cpp.o[0m
[ 75%] [32m[1mLinking CXX executable serial_reading_node[0m
[ 75%] Built target serial_reading_node
[100%] [32m[1mLinking CXX executable serial_writing_node[0m
[100%] Built target serial_writing_node
-- Install configuration: ""
-- Installing: /home/insa/Desktop/VigiWheels/raspberryPI3/ros2_ws/install/serial_port/lib/serial_port/serial_reading_node
-- Set runtime path of "/home/insa/Desktop/VigiWheels/raspberryPI3/ros2_ws/install/serial_port/lib/serial_port/serial_reading_node" to ""
-- Installing: /home/insa/Desktop/VigiWheels/raspberryPI3/ros2_ws/install/serial_port/lib/serial_port/serial_writing_node
-- Set runtime path of "/home/insa/Desktop/VigiWheels/raspberryPI3/ros2_ws/install/serial_port/lib/serial_port/serial_writing_node" to ""
-- Up-to-date: /home/insa/Desktop/VigiWheels/raspberryPI3/ros2_ws/install/serial_port/share/ament_index/resource_index/package_run_dependencies/serial_port
-- Up-to-date: /home/insa/Desktop/VigiWheels/raspberryPI3/ros2_ws/install/serial_port/share/ament_index/resource_index/parent_prefix_path/serial_port
-- Up-to-date: /home/insa/Desktop/VigiWheels/raspberryPI3/ros2_ws/install/serial_port/share/serial_port/environment/ament_prefix_path.sh
-- Up-to-date: /home/insa/Desktop/VigiWheels/raspberryPI3/ros2_ws/install/serial_port/share/serial_port/environment/ament_prefix_path.dsv
-- Up-to-date: /home/insa/Desktop/VigiWheels/raspberryPI3/ros2_ws/install/serial_port/share/serial_port/environment/path.sh
-- Up-to-date: /home/insa/Desktop/VigiWheels/raspberryPI3/ros2_ws/install/serial_port/share/serial_port/environment/path.dsv
-- Up-to-date: /home/insa/Desktop/VigiWheels/raspberryPI3/ros2_ws/install/serial_port/share/serial_port/local_setup.bash
-- Up-to-date: /home/insa/Desktop/VigiWheels/raspberryPI3/ros2_ws/install/serial_port/share/serial_port/local_setup.sh
-- Up-to-date: /home/insa/Desktop/VigiWheels/raspberryPI3/ros2_ws/install/serial_port/share/serial_port/local_setup.zsh
-- Up-to-date: /home/insa/Desktop/VigiWheels/raspberryPI3/ros2_ws/install/serial_port/share/serial_port/local_setup.dsv
-- Installing: /home/insa/Desktop/VigiWheels/raspberryPI3/ros2_ws/install/serial_port/share/serial_port/package.dsv
-- Up-to-date: /home/insa/Desktop/VigiWheels/raspberryPI3/ros2_ws/install/serial_port/share/ament_index/resource_index/packages/serial_port
-- Up-to-date: /home/insa/Desktop/VigiWheels/raspberryPI3/ros2_ws/install/serial_port/share/serial_port/cmake/serial_portConfig.cmake
-- Up-to-date: /home/insa/Desktop/VigiWheels/raspberryPI3/ros2_ws/install/serial_port/share/serial_port/cmake/serial_portConfig-version.cmake
-- Up-to-date: /home/insa/Desktop/VigiWheels/raspberryPI3/ros2_ws/install/serial_port/share/serial_port/package.xml
