[0.050s] Invoking command in '/home/insa/Desktop/VigiWheels/raspberryPI3/ros2_ws/build/interfaces': CMAKE_PREFIX_PATH=${CMAKE_PREFIX_PATH}:/opt/ros/humble /usr/bin/cmake --build /home/insa/Desktop/VigiWheels/raspberryPI3/ros2_ws/build/interfaces -- -j8 -l8
[0.068s] -- Found ament_cmake: 1.3.5 (/opt/ros/humble/share/ament_cmake/cmake)
[0.165s] -- Found rclcpp: 16.0.6 (/opt/ros/humble/share/rclcpp/cmake)
[0.184s] -- Found rosidl_generator_c: 3.1.5 (/opt/ros/humble/share/rosidl_generator_c/cmake)
[0.186s] -- Found rosidl_adapter: 3.1.5 (/opt/ros/humble/share/rosidl_adapter/cmake)
[0.189s] -- Found rosidl_generator_cpp: 3.1.5 (/opt/ros/humble/share/rosidl_generator_cpp/cmake)
[0.196s] -- Using all available rosidl_typesupport_c: rosidl_typesupport_fastrtps_c;rosidl_typesupport_introspection_c
[0.206s] -- Using all available rosidl_typesupport_cpp: rosidl_typesupport_fastrtps_cpp;rosidl_typesupport_introspection_cpp
[0.242s] -- Found rmw_implementation_cmake: 6.1.1 (/opt/ros/humble/share/rmw_implementation_cmake/cmake)
[0.243s] -- Found rmw_fastrtps_cpp: 6.2.4 (/opt/ros/humble/share/rmw_fastrtps_cpp/cmake)
[0.320s] -- Using RMW implementation 'rmw_fastrtps_cpp' as default
[0.417s] -- Found rosidl_default_generators: 1.2.0 (/opt/ros/humble/share/rosidl_default_generators/cmake)
[0.617s] -- Found ament_cmake_ros: 0.10.0 (/opt/ros/humble/share/ament_cmake_ros/cmake)
[0.837s] -- Using all available rosidl_typesupport_c: rosidl_typesupport_fastrtps_c;rosidl_typesupport_introspection_c
[0.914s] -- Using all available rosidl_typesupport_cpp: rosidl_typesupport_fastrtps_cpp;rosidl_typesupport_introspection_cpp
[0.933s] -- Found python_cmake_module: 0.10.0 (/opt/ros/humble/share/python_cmake_module/cmake)
[0.948s] -- Using PYTHON_EXECUTABLE: /usr/bin/python3
[0.948s] -- Using PYTHON_INCLUDE_DIRS: /usr/include/python3.10
[0.948s] -- Using PYTHON_LIBRARIES: /usr/lib/x86_64-linux-gnu/libpython3.10.so
[0.957s] -- Found ament_lint_auto: 0.12.8 (/opt/ros/humble/share/ament_lint_auto/cmake)
[0.962s] -- Added test 'lint_cmake' to check CMake code style
[0.962s] -- Added test 'xmllint' to check XML markup files
[0.963s] -- Configuring done
[0.989s] -- Generating done
[0.991s] -- Build files have been written to: /home/insa/Desktop/VigiWheels/raspberryPI3/ros2_ws/build/interfaces
[1.010s] [  1%] [34m[1mGenerating C code for ROS interfaces[0m
[1.017s] [  1%] [34m[1mGenerating C++ code for ROS interfaces[0m
[1.024s] [  1%] Built target ament_cmake_python_copy_interfaces
[1.373s] running egg_info
[1.373s] writing interfaces.egg-info/PKG-INFO
[1.373s] writing dependency_links to interfaces.egg-info/dependency_links.txt
[1.373s] writing top-level names to interfaces.egg-info/top_level.txt
[1.375s] reading manifest file 'interfaces.egg-info/SOURCES.txt'
[1.375s] writing manifest file 'interfaces.egg-info/SOURCES.txt'
[1.411s] [  1%] Built target ament_cmake_python_build_interfaces_egg
[2.029s] [  1%] Built target interfaces__cpp
[2.038s] [  4%] [34m[1mGenerating C++ type support for eProsima Fast-RTPS[0m
[2.038s] [  4%] [34m[1mGenerating C++ type support dispatch for ROS interfaces[0m
[2.038s] [  4%] [34m[1mGenerating C++ introspection for ROS interfaces[0m
[2.191s] [35m[1mConsolidate compiler generated dependencies of target interfaces__rosidl_generator_c[0m
[2.220s] [  7%] [32mBuilding C object CMakeFiles/interfaces__rosidl_generator_c.dir/rosidl_generator_c/interfaces/msg/detail/steering_calibration__functions.c.o[0m
[2.221s] [  7%] [32mBuilding C object CMakeFiles/interfaces__rosidl_generator_c.dir/rosidl_generator_c/interfaces/msg/detail/joystick_order__functions.c.o[0m
[2.221s] [  8%] [32mBuilding C object CMakeFiles/interfaces__rosidl_generator_c.dir/rosidl_generator_c/interfaces/msg/detail/general_data__functions.c.o[0m
[2.221s] [  9%] [32mBuilding C object CMakeFiles/interfaces__rosidl_generator_c.dir/rosidl_generator_c/interfaces/msg/detail/motors_feedback__functions.c.o[0m
[2.221s] [  9%] [32mBuilding C object CMakeFiles/interfaces__rosidl_generator_c.dir/rosidl_generator_c/interfaces/msg/detail/motors_order__functions.c.o[0m
[2.272s] [ 10%] [32mBuilding C object CMakeFiles/interfaces__rosidl_generator_c.dir/rosidl_generator_c/interfaces/msg/detail/ultrasonic__functions.c.o[0m
[2.274s] [ 11%] [32mBuilding C object CMakeFiles/interfaces__rosidl_generator_c.dir/rosidl_generator_c/interfaces/msg/detail/gnss__functions.c.o[0m
[2.276s] [ 13%] [32mBuilding C object CMakeFiles/interfaces__rosidl_generator_c.dir/rosidl_generator_c/interfaces/msg/detail/system_check__functions.c.o[0m
[2.277s] [ 13%] [32mBuilding C object CMakeFiles/interfaces__rosidl_generator_c.dir/rosidl_generator_c/interfaces/msg/detail/fire_sensor__functions.c.o[0m
[2.280s] [ 14%] [32mBuilding C object CMakeFiles/interfaces__rosidl_generator_c.dir/rosidl_generator_c/interfaces/msg/detail/emergency_alert_fire__functions.c.o[0m
[2.333s] [ 15%] [32m[1mLinking C shared library libinterfaces__rosidl_generator_c.so[0m
[2.362s] [ 15%] Built target interfaces__rosidl_generator_c
[2.387s] [ 16%] [34m[1mGenerating C introspection for ROS interfaces[0m
[2.389s] [ 17%] [34m[1mGenerating C type support for eProsima Fast-RTPS[0m
[2.390s] [ 18%] [34m[1mGenerating C type support dispatch for ROS interfaces[0m
[2.974s] [35m[1mConsolidate compiler generated dependencies of target interfaces__rosidl_typesupport_cpp[0m
[2.991s] [ 19%] [32mBuilding CXX object CMakeFiles/interfaces__rosidl_typesupport_cpp.dir/rosidl_typesupport_cpp/interfaces/msg/joystick_order__type_support.cpp.o[0m
[2.991s] [ 20%] [32mBuilding CXX object CMakeFiles/interfaces__rosidl_typesupport_cpp.dir/rosidl_typesupport_cpp/interfaces/msg/motors_order__type_support.cpp.o[0m
[2.991s] [ 21%] [32mBuilding CXX object CMakeFiles/interfaces__rosidl_typesupport_cpp.dir/rosidl_typesupport_cpp/interfaces/msg/motors_feedback__type_support.cpp.o[0m
[3.320s] [ 22%] [32mBuilding CXX object CMakeFiles/interfaces__rosidl_typesupport_cpp.dir/rosidl_typesupport_cpp/interfaces/msg/general_data__type_support.cpp.o[0m
[3.347s] [ 23%] [32mBuilding CXX object CMakeFiles/interfaces__rosidl_typesupport_cpp.dir/rosidl_typesupport_cpp/interfaces/msg/steering_calibration__type_support.cpp.o[0m
[3.364s] [ 24%] [32mBuilding CXX object CMakeFiles/interfaces__rosidl_typesupport_cpp.dir/rosidl_typesupport_cpp/interfaces/msg/ultrasonic__type_support.cpp.o[0m
[3.482s] [35m[1mConsolidate compiler generated dependencies of target interfaces__rosidl_typesupport_c[0m
[3.509s] [ 25%] [32mBuilding CXX object CMakeFiles/interfaces__rosidl_typesupport_c.dir/rosidl_typesupport_c/interfaces/msg/joystick_order__type_support.cpp.o[0m
[3.547s] [ 26%] [32mBuilding CXX object CMakeFiles/interfaces__rosidl_typesupport_c.dir/rosidl_typesupport_c/interfaces/msg/motors_order__type_support.cpp.o[0m
[3.587s] [ 27%] [32mBuilding CXX object CMakeFiles/interfaces__rosidl_typesupport_c.dir/rosidl_typesupport_c/interfaces/msg/motors_feedback__type_support.cpp.o[0m
[3.631s] [ 28%] [32mBuilding CXX object CMakeFiles/interfaces__rosidl_typesupport_c.dir/rosidl_typesupport_c/interfaces/msg/general_data__type_support.cpp.o[0m
[3.655s] [ 29%] [32mBuilding CXX object CMakeFiles/interfaces__rosidl_typesupport_cpp.dir/rosidl_typesupport_cpp/interfaces/msg/gnss__type_support.cpp.o[0m
[3.683s] [ 30%] [32mBuilding CXX object CMakeFiles/interfaces__rosidl_typesupport_c.dir/rosidl_typesupport_c/interfaces/msg/steering_calibration__type_support.cpp.o[0m
[3.694s] [ 31%] [32mBuilding CXX object CMakeFiles/interfaces__rosidl_typesupport_cpp.dir/rosidl_typesupport_cpp/interfaces/msg/system_check__type_support.cpp.o[0m
[3.733s] [ 32%] [32mBuilding CXX object CMakeFiles/interfaces__rosidl_typesupport_c.dir/rosidl_typesupport_c/interfaces/msg/ultrasonic__type_support.cpp.o[0m
[3.787s] [ 33%] [32mBuilding CXX object CMakeFiles/interfaces__rosidl_typesupport_c.dir/rosidl_typesupport_c/interfaces/msg/gnss__type_support.cpp.o[0m
[3.795s] [35m[1mConsolidate compiler generated dependencies of target interfaces__rosidl_typesupport_introspection_cpp[0m
[3.806s] [ 34%] [32mBuilding CXX object CMakeFiles/interfaces__rosidl_typesupport_c.dir/rosidl_typesupport_c/interfaces/msg/system_check__type_support.cpp.o[0m
[3.811s] [35m[1mConsolidate compiler generated dependencies of target interfaces__rosidl_typesupport_fastrtps_cpp[0m
[3.819s] [ 35%] [32mBuilding CXX object CMakeFiles/interfaces__rosidl_typesupport_introspection_cpp.dir/rosidl_typesupport_introspection_cpp/interfaces/msg/detail/joystick_order__type_support.cpp.o[0m
[3.842s] [ 36%] [32mBuilding CXX object CMakeFiles/interfaces__rosidl_typesupport_introspection_cpp.dir/rosidl_typesupport_introspection_cpp/interfaces/msg/detail/motors_order__type_support.cpp.o[0m
[3.845s] [ 37%] [32mBuilding CXX object CMakeFiles/interfaces__rosidl_typesupport_c.dir/rosidl_typesupport_c/interfaces/msg/fire_sensor__type_support.cpp.o[0m
[3.845s] [ 37%] [32mBuilding CXX object CMakeFiles/interfaces__rosidl_typesupport_fastrtps_cpp.dir/rosidl_typesupport_fastrtps_cpp/interfaces/msg/detail/dds_fastrtps/joystick_order__type_support.cpp.o[0m
[3.883s] [ 38%] [32mBuilding CXX object CMakeFiles/interfaces__rosidl_typesupport_c.dir/rosidl_typesupport_c/interfaces/msg/emergency_alert_fire__type_support.cpp.o[0m
[3.922s] [ 39%] [32m[1mLinking CXX shared library libinterfaces__rosidl_typesupport_c.so[0m
[3.973s] [ 39%] Built target interfaces__rosidl_typesupport_c
[3.983s] [ 40%] [32mBuilding CXX object CMakeFiles/interfaces__rosidl_typesupport_introspection_cpp.dir/rosidl_typesupport_introspection_cpp/interfaces/msg/detail/motors_feedback__type_support.cpp.o[0m
[4.026s] [ 41%] [32mBuilding CXX object CMakeFiles/interfaces__rosidl_typesupport_cpp.dir/rosidl_typesupport_cpp/interfaces/msg/fire_sensor__type_support.cpp.o[0m
[4.131s] [ 42%] [32mBuilding CXX object CMakeFiles/interfaces__rosidl_typesupport_cpp.dir/rosidl_typesupport_cpp/interfaces/msg/emergency_alert_fire__type_support.cpp.o[0m
[4.267s] [35m[1mConsolidate compiler generated dependencies of target interfaces__rosidl_typesupport_fastrtps_c[0m
[4.290s] [ 43%] [32mBuilding CXX object CMakeFiles/interfaces__rosidl_typesupport_fastrtps_c.dir/rosidl_typesupport_fastrtps_c/interfaces/msg/detail/joystick_order__type_support_c.cpp.o[0m
[4.381s] [ 44%] [32mBuilding CXX object CMakeFiles/interfaces__rosidl_typesupport_fastrtps_c.dir/rosidl_typesupport_fastrtps_c/interfaces/msg/detail/motors_order__type_support_c.cpp.o[0m
[4.384s] [35m[1mConsolidate compiler generated dependencies of target interfaces__rosidl_typesupport_introspection_c[0m
[4.390s] [ 45%] [32mBuilding CXX object CMakeFiles/interfaces__rosidl_typesupport_introspection_cpp.dir/rosidl_typesupport_introspection_cpp/interfaces/msg/detail/general_data__type_support.cpp.o[0m
[4.399s] [ 46%] [32mBuilding CXX object CMakeFiles/interfaces__rosidl_typesupport_introspection_cpp.dir/rosidl_typesupport_introspection_cpp/interfaces/msg/detail/steering_calibration__type_support.cpp.o[0m
[4.408s] [ 47%] [32mBuilding C object CMakeFiles/interfaces__rosidl_typesupport_introspection_c.dir/rosidl_typesupport_introspection_c/interfaces/msg/detail/joystick_order__type_support.c.o[0m
[4.434s] [ 48%] [32mBuilding CXX object CMakeFiles/interfaces__rosidl_typesupport_fastrtps_cpp.dir/rosidl_typesupport_fastrtps_cpp/interfaces/msg/detail/dds_fastrtps/motors_order__type_support.cpp.o[0m
[4.454s] [ 49%] [32mBuilding C object CMakeFiles/interfaces__rosidl_typesupport_introspection_c.dir/rosidl_typesupport_introspection_c/interfaces/msg/detail/motors_order__type_support.c.o[0m
[4.471s] [ 50%] [32m[1mLinking CXX shared library libinterfaces__rosidl_typesupport_cpp.so[0m
[4.481s] [ 51%] [32mBuilding CXX object CMakeFiles/interfaces__rosidl_typesupport_introspection_cpp.dir/rosidl_typesupport_introspection_cpp/interfaces/msg/detail/ultrasonic__type_support.cpp.o[0m
[4.496s] [ 52%] [32mBuilding C object CMakeFiles/interfaces__rosidl_typesupport_introspection_c.dir/rosidl_typesupport_introspection_c/interfaces/msg/detail/motors_feedback__type_support.c.o[0m
[4.525s] [ 52%] Built target interfaces__rosidl_typesupport_cpp
[4.533s] [ 53%] [32mBuilding C object CMakeFiles/interfaces__rosidl_typesupport_introspection_c.dir/rosidl_typesupport_introspection_c/interfaces/msg/detail/general_data__type_support.c.o[0m
[4.536s] [ 54%] [32mBuilding C object CMakeFiles/interfaces__rosidl_typesupport_introspection_c.dir/rosidl_typesupport_introspection_c/interfaces/msg/detail/steering_calibration__type_support.c.o[0m
[4.574s] [ 55%] [32mBuilding C object CMakeFiles/interfaces__rosidl_typesupport_introspection_c.dir/rosidl_typesupport_introspection_c/interfaces/msg/detail/ultrasonic__type_support.c.o[0m
[4.579s] [ 56%] [32mBuilding CXX object CMakeFiles/interfaces__rosidl_typesupport_introspection_cpp.dir/rosidl_typesupport_introspection_cpp/interfaces/msg/detail/gnss__type_support.cpp.o[0m
[4.613s] [ 57%] [32mBuilding C object CMakeFiles/interfaces__rosidl_typesupport_introspection_c.dir/rosidl_typesupport_introspection_c/interfaces/msg/detail/gnss__type_support.c.o[0m
[4.685s] [ 58%] [32mBuilding C object CMakeFiles/interfaces__rosidl_typesupport_introspection_c.dir/rosidl_typesupport_introspection_c/interfaces/msg/detail/system_check__type_support.c.o[0m
[4.727s] [ 59%] [32mBuilding CXX object CMakeFiles/interfaces__rosidl_typesupport_fastrtps_c.dir/rosidl_typesupport_fastrtps_c/interfaces/msg/detail/motors_feedback__type_support_c.cpp.o[0m
[4.767s] [ 60%] [32mBuilding C object CMakeFiles/interfaces__rosidl_typesupport_introspection_c.dir/rosidl_typesupport_introspection_c/interfaces/msg/detail/fire_sensor__type_support.c.o[0m
[4.823s] [ 61%] [32mBuilding C object CMakeFiles/interfaces__rosidl_typesupport_introspection_c.dir/rosidl_typesupport_introspection_c/interfaces/msg/detail/emergency_alert_fire__type_support.c.o[0m
[4.857s] [ 62%] [32mBuilding CXX object CMakeFiles/interfaces__rosidl_typesupport_fastrtps_c.dir/rosidl_typesupport_fastrtps_c/interfaces/msg/detail/general_data__type_support_c.cpp.o[0m
[4.864s] [ 63%] [32m[1mLinking C shared library libinterfaces__rosidl_typesupport_introspection_c.so[0m
[4.902s] [ 63%] Built target interfaces__rosidl_typesupport_introspection_c
[4.913s] [ 64%] [32mBuilding CXX object CMakeFiles/interfaces__rosidl_typesupport_fastrtps_c.dir/rosidl_typesupport_fastrtps_c/interfaces/msg/detail/steering_calibration__type_support_c.cpp.o[0m
[4.933s] [ 65%] [32mBuilding CXX object CMakeFiles/interfaces__rosidl_typesupport_introspection_cpp.dir/rosidl_typesupport_introspection_cpp/interfaces/msg/detail/system_check__type_support.cpp.o[0m
[4.974s] [ 66%] [32mBuilding CXX object CMakeFiles/interfaces__rosidl_typesupport_introspection_cpp.dir/rosidl_typesupport_introspection_cpp/interfaces/msg/detail/fire_sensor__type_support.cpp.o[0m
[5.019s] [ 67%] [32mBuilding CXX object CMakeFiles/interfaces__rosidl_typesupport_introspection_cpp.dir/rosidl_typesupport_introspection_cpp/interfaces/msg/detail/emergency_alert_fire__type_support.cpp.o[0m
[5.029s] [ 67%] [32mBuilding CXX object CMakeFiles/interfaces__rosidl_typesupport_fastrtps_cpp.dir/rosidl_typesupport_fastrtps_cpp/interfaces/msg/detail/dds_fastrtps/motors_feedback__type_support.cpp.o[0m
[5.097s] [ 68%] [32mBuilding CXX object CMakeFiles/interfaces__rosidl_typesupport_fastrtps_cpp.dir/rosidl_typesupport_fastrtps_cpp/interfaces/msg/detail/dds_fastrtps/general_data__type_support.cpp.o[0m
[5.148s] [ 69%] [32mBuilding CXX object CMakeFiles/interfaces__rosidl_typesupport_fastrtps_c.dir/rosidl_typesupport_fastrtps_c/interfaces/msg/detail/ultrasonic__type_support_c.cpp.o[0m
[5.266s] [ 70%] [32mBuilding CXX object CMakeFiles/interfaces__rosidl_typesupport_fastrtps_c.dir/rosidl_typesupport_fastrtps_c/interfaces/msg/detail/gnss__type_support_c.cpp.o[0m
[5.288s] [ 71%] [32mBuilding CXX object CMakeFiles/interfaces__rosidl_typesupport_fastrtps_c.dir/rosidl_typesupport_fastrtps_c/interfaces/msg/detail/system_check__type_support_c.cpp.o[0m
[5.424s] [ 72%] [32mBuilding CXX object CMakeFiles/interfaces__rosidl_typesupport_fastrtps_c.dir/rosidl_typesupport_fastrtps_c/interfaces/msg/detail/fire_sensor__type_support_c.cpp.o[0m
