[0.095s] Invoking command in '/home/moad/VigiWheels/jetsonNano/ros2_ws/build/geicar_start_jetson': AMENT_PREFIX_PATH=/home/moad/VigiWheels/jetsonNano/ros2_ws/install/usb_cam:/home/moad/VigiWheels/jetsonNano/ros2_ws/install/rplidar_ros:${AMENT_PREFIX_PATH} CMAKE_PREFIX_PATH=/home/moad/VigiWheels/jetsonNano/ros2_ws/install/usb_cam:/home/moad/VigiWheels/jetsonNano/ros2_ws/install/rplidar_ros:/home/moad/ros2_ws/install/my_robot_controller:/home/moad/ros2_ws/install/manometer_detection:/opt/ros/humble LD_LIBRARY_PATH=/home/moad/VigiWheels/jetsonNano/ros2_ws/install/usb_cam/lib:/home/moad/VigiWheels/jetsonNano/ros2_ws/install/rplidar_ros/lib:${LD_LIBRARY_PATH} /usr/bin/cmake --build /home/moad/VigiWheels/jetsonNano/ros2_ws/build/geicar_start_jetson -- -j12 -l12
[0.136s] Invoked command in '/home/moad/VigiWheels/jetsonNano/ros2_ws/build/geicar_start_jetson' returned '0': AMENT_PREFIX_PATH=/home/moad/VigiWheels/jetsonNano/ros2_ws/install/usb_cam:/home/moad/VigiWheels/jetsonNano/ros2_ws/install/rplidar_ros:${AMENT_PREFIX_PATH} CMAKE_PREFIX_PATH=/home/moad/VigiWheels/jetsonNano/ros2_ws/install/usb_cam:/home/moad/VigiWheels/jetsonNano/ros2_ws/install/rplidar_ros:/home/moad/ros2_ws/install/my_robot_controller:/home/moad/ros2_ws/install/manometer_detection:/opt/ros/humble LD_LIBRARY_PATH=/home/moad/VigiWheels/jetsonNano/ros2_ws/install/usb_cam/lib:/home/moad/VigiWheels/jetsonNano/ros2_ws/install/rplidar_ros/lib:${LD_LIBRARY_PATH} /usr/bin/cmake --build /home/moad/VigiWheels/jetsonNano/ros2_ws/build/geicar_start_jetson -- -j12 -l12
[0.153s] Invoking command in '/home/moad/VigiWheels/jetsonNano/ros2_ws/build/geicar_start_jetson': AMENT_PREFIX_PATH=/home/moad/VigiWheels/jetsonNano/ros2_ws/install/usb_cam:/home/moad/VigiWheels/jetsonNano/ros2_ws/install/rplidar_ros:${AMENT_PREFIX_PATH} CMAKE_PREFIX_PATH=/home/moad/VigiWheels/jetsonNano/ros2_ws/install/usb_cam:/home/moad/VigiWheels/jetsonNano/ros2_ws/install/rplidar_ros:/home/moad/ros2_ws/install/my_robot_controller:/home/moad/ros2_ws/install/manometer_detection:/opt/ros/humble LD_LIBRARY_PATH=/home/moad/VigiWheels/jetsonNano/ros2_ws/install/usb_cam/lib:/home/moad/VigiWheels/jetsonNano/ros2_ws/install/rplidar_ros/lib:${LD_LIBRARY_PATH} /usr/bin/cmake --install /home/moad/VigiWheels/jetsonNano/ros2_ws/build/geicar_start_jetson
[0.158s] -- Install configuration: ""
[0.158s] -- Up-to-date: /home/moad/VigiWheels/jetsonNano/ros2_ws/install/geicar_start_jetson/share/geicar_start_jetson/launch
[0.158s] -- Up-to-date: /home/moad/VigiWheels/jetsonNano/ros2_ws/install/geicar_start_jetson/share/geicar_start_jetson/launch/geicar.jetson.launch.py
[0.158s] -- Up-to-date: /home/moad/VigiWheels/jetsonNano/ros2_ws/install/geicar_start_jetson/share/ament_index/resource_index/package_run_dependencies/geicar_start_jetson
[0.158s] -- Up-to-date: /home/moad/VigiWheels/jetsonNano/ros2_ws/install/geicar_start_jetson/share/ament_index/resource_index/parent_prefix_path/geicar_start_jetson
[0.158s] -- Up-to-date: /home/moad/VigiWheels/jetsonNano/ros2_ws/install/geicar_start_jetson/share/geicar_start_jetson/environment/ament_prefix_path.sh
[0.158s] -- Up-to-date: /home/moad/VigiWheels/jetsonNano/ros2_ws/install/geicar_start_jetson/share/geicar_start_jetson/environment/ament_prefix_path.dsv
[0.158s] -- Up-to-date: /home/moad/VigiWheels/jetsonNano/ros2_ws/install/geicar_start_jetson/share/geicar_start_jetson/environment/path.sh
[0.159s] -- Up-to-date: /home/moad/VigiWheels/jetsonNano/ros2_ws/install/geicar_start_jetson/share/geicar_start_jetson/environment/path.dsv
[0.159s] -- Up-to-date: /home/moad/VigiWheels/jetsonNano/ros2_ws/install/geicar_start_jetson/share/geicar_start_jetson/local_setup.bash
[0.159s] -- Up-to-date: /home/moad/VigiWheels/jetsonNano/ros2_ws/install/geicar_start_jetson/share/geicar_start_jetson/local_setup.sh
[0.159s] -- Up-to-date: /home/moad/VigiWheels/jetsonNano/ros2_ws/install/geicar_start_jetson/share/geicar_start_jetson/local_setup.zsh
[0.159s] -- Up-to-date: /home/moad/VigiWheels/jetsonNano/ros2_ws/install/geicar_start_jetson/share/geicar_start_jetson/local_setup.dsv
[0.159s] -- Installing: /home/moad/VigiWheels/jetsonNano/ros2_ws/install/geicar_start_jetson/share/geicar_start_jetson/package.dsv
[0.159s] -- Up-to-date: /home/moad/VigiWheels/jetsonNano/ros2_ws/install/geicar_start_jetson/share/ament_index/resource_index/packages/geicar_start_jetson
[0.160s] -- Up-to-date: /home/moad/VigiWheels/jetsonNano/ros2_ws/install/geicar_start_jetson/share/geicar_start_jetson/cmake/geicar_start_jetsonConfig.cmake
[0.160s] -- Up-to-date: /home/moad/VigiWheels/jetsonNano/ros2_ws/install/geicar_start_jetson/share/geicar_start_jetson/cmake/geicar_start_jetsonConfig-version.cmake
[0.160s] -- Up-to-date: /home/moad/VigiWheels/jetsonNano/ros2_ws/install/geicar_start_jetson/share/geicar_start_jetson/package.xml
[0.160s] Invoked command in '/home/moad/VigiWheels/jetsonNano/ros2_ws/build/geicar_start_jetson' returned '0': AMENT_PREFIX_PATH=/home/moad/VigiWheels/jetsonNano/ros2_ws/install/usb_cam:/home/moad/VigiWheels/jetsonNano/ros2_ws/install/rplidar_ros:${AMENT_PREFIX_PATH} CMAKE_PREFIX_PATH=/home/moad/VigiWheels/jetsonNano/ros2_ws/install/usb_cam:/home/moad/VigiWheels/jetsonNano/ros2_ws/install/rplidar_ros:/home/moad/ros2_ws/install/my_robot_controller:/home/moad/ros2_ws/install/manometer_detection:/opt/ros/humble LD_LIBRARY_PATH=/home/moad/VigiWheels/jetsonNano/ros2_ws/install/usb_cam/lib:/home/moad/VigiWheels/jetsonNano/ros2_ws/install/rplidar_ros/lib:${LD_LIBRARY_PATH} /usr/bin/cmake --install /home/moad/VigiWheels/jetsonNano/ros2_ws/build/geicar_start_jetson
