[0.594s] DEBUG:colcon:Command line arguments: ['/usr/bin/colcon', 'build', '--packages-select', 'serial_port']
[0.594s] DEBUG:colcon:Parsed command line arguments: Namespace(log_base=None, log_level=None, verb_name='build', build_base='build', install_base='install', merge_install=False, symlink_install=False, test_result_base=None, continue_on_error=False, executor='parallel', parallel_workers=8, event_handlers=None, ignore_user_meta=False, metas=['./colcon.meta'], base_paths=['.'], packages_ignore=None, packages_ignore_regex=None, paths=None, packages_up_to=None, packages_up_to_regex=None, packages_above=None, packages_above_and_dependencies=None, packages_above_depth=None, packages_select_by_dep=None, packages_skip_by_dep=None, packages_skip_up_to=None, packages_select_build_failed=False, packages_skip_build_finished=False, packages_select_test_failures=False, packages_skip_test_passed=False, packages_select=['serial_port'], packages_skip=None, packages_select_regex=None, packages_skip_regex=None, packages_start=None, packages_end=None, allow_overriding=[], cmake_args=None, cmake_target=None, cmake_target_skip_unavailable=False, cmake_clean_cache=False, cmake_clean_first=False, cmake_force_configure=False, ament_cmake_args=None, catkin_cmake_args=None, catkin_skip_building_tests=False, verb_parser=<colcon_defaults.argument_parser.defaults.DefaultArgumentsDecorator object at 0x7f9d4c6d9090>, verb_extension=<colcon_core.verb.build.BuildVerb object at 0x7f9d4c6d82e0>, main=<bound method BuildVerb.main of <colcon_core.verb.build.BuildVerb object at 0x7f9d4c6d82e0>>)
[0.622s] Level 1:colcon.colcon_core.package_discovery:discover_packages(colcon_meta) check parameters
[0.622s] Level 1:colcon.colcon_core.package_discovery:discover_packages(recursive) check parameters
[0.622s] Level 1:colcon.colcon_core.package_discovery:discover_packages(ignore) check parameters
[0.622s] Level 1:colcon.colcon_core.package_discovery:discover_packages(path) check parameters
[0.622s] Level 1:colcon.colcon_core.package_discovery:discover_packages(colcon_meta) discover
[0.622s] Level 1:colcon.colcon_core.package_discovery:discover_packages(recursive) discover
[0.622s] INFO:colcon.colcon_core.package_discovery:Crawling recursively for packages in '/home/insa/Desktop/VigiWheels/raspberryPI3/ros2_ws/src'
[0.622s] Level 1:colcon.colcon_core.package_identification:_identify(.) by extensions ['ignore', 'ignore_ament_install']
[0.622s] Level 1:colcon.colcon_core.package_identification:_identify(.) by extension 'ignore'
[0.622s] Level 1:colcon.colcon_core.package_identification:_identify(.) by extension 'ignore_ament_install'
[0.623s] Level 1:colcon.colcon_core.package_identification:_identify(.) by extensions ['colcon_pkg']
[0.623s] Level 1:colcon.colcon_core.package_identification:_identify(.) by extension 'colcon_pkg'
[0.623s] Level 1:colcon.colcon_core.package_identification:_identify(.) by extensions ['colcon_meta']
[0.623s] Level 1:colcon.colcon_core.package_identification:_identify(.) by extension 'colcon_meta'
[0.623s] Level 1:colcon.colcon_core.package_identification:_identify(.) by extensions ['ros']
[0.623s] Level 1:colcon.colcon_core.package_identification:_identify(.) by extension 'ros'
[0.630s] Level 1:colcon.colcon_core.package_identification:_identify(.) by extensions ['cmake', 'python']
[0.630s] Level 1:colcon.colcon_core.package_identification:_identify(.) by extension 'cmake'
[0.630s] Level 1:colcon.colcon_core.package_identification:_identify(.) by extension 'python'
[0.630s] Level 1:colcon.colcon_core.package_identification:_identify(.) by extensions ['python_setup_py']
[0.630s] Level 1:colcon.colcon_core.package_identification:_identify(.) by extension 'python_setup_py'
[0.630s] Level 1:colcon.colcon_core.package_identification:_identify(build) by extensions ['ignore', 'ignore_ament_install']
[0.630s] Level 1:colcon.colcon_core.package_identification:_identify(build) by extension 'ignore'
[0.630s] Level 1:colcon.colcon_core.package_identification:_identify(build) ignored
[0.630s] Level 1:colcon.colcon_core.package_identification:_identify(can) by extensions ['ignore', 'ignore_ament_install']
[0.630s] Level 1:colcon.colcon_core.package_identification:_identify(can) by extension 'ignore'
[0.630s] Level 1:colcon.colcon_core.package_identification:_identify(can) by extension 'ignore_ament_install'
[0.630s] Level 1:colcon.colcon_core.package_identification:_identify(can) by extensions ['colcon_pkg']
[0.630s] Level 1:colcon.colcon_core.package_identification:_identify(can) by extension 'colcon_pkg'
[0.630s] Level 1:colcon.colcon_core.package_identification:_identify(can) by extensions ['colcon_meta']
[0.630s] Level 1:colcon.colcon_core.package_identification:_identify(can) by extension 'colcon_meta'
[0.630s] Level 1:colcon.colcon_core.package_identification:_identify(can) by extensions ['ros']
[0.630s] Level 1:colcon.colcon_core.package_identification:_identify(can) by extension 'ros'
[0.632s] DEBUG:colcon.colcon_core.package_identification:Package 'can' with type 'ros.ament_cmake' and name 'can'
[0.632s] Level 1:colcon.colcon_core.package_identification:_identify(car_control) by extensions ['ignore', 'ignore_ament_install']
[0.632s] Level 1:colcon.colcon_core.package_identification:_identify(car_control) by extension 'ignore'
[0.632s] Level 1:colcon.colcon_core.package_identification:_identify(car_control) by extension 'ignore_ament_install'
[0.632s] Level 1:colcon.colcon_core.package_identification:_identify(car_control) by extensions ['colcon_pkg']
[0.632s] Level 1:colcon.colcon_core.package_identification:_identify(car_control) by extension 'colcon_pkg'
[0.632s] Level 1:colcon.colcon_core.package_identification:_identify(car_control) by extensions ['colcon_meta']
[0.632s] Level 1:colcon.colcon_core.package_identification:_identify(car_control) by extension 'colcon_meta'
[0.632s] Level 1:colcon.colcon_core.package_identification:_identify(car_control) by extensions ['ros']
[0.632s] Level 1:colcon.colcon_core.package_identification:_identify(car_control) by extension 'ros'
[0.633s] DEBUG:colcon.colcon_core.package_identification:Package 'car_control' with type 'ros.ament_cmake' and name 'car_control'
[0.633s] Level 1:colcon.colcon_core.package_identification:_identify(carla_msgs) by extensions ['ignore', 'ignore_ament_install']
[0.633s] Level 1:colcon.colcon_core.package_identification:_identify(carla_msgs) by extension 'ignore'
[0.633s] Level 1:colcon.colcon_core.package_identification:_identify(carla_msgs) by extension 'ignore_ament_install'
[0.633s] Level 1:colcon.colcon_core.package_identification:_identify(carla_msgs) by extensions ['colcon_pkg']
[0.633s] Level 1:colcon.colcon_core.package_identification:_identify(carla_msgs) by extension 'colcon_pkg'
[0.633s] Level 1:colcon.colcon_core.package_identification:_identify(carla_msgs) by extensions ['colcon_meta']
[0.633s] Level 1:colcon.colcon_core.package_identification:_identify(carla_msgs) by extension 'colcon_meta'
[0.633s] Level 1:colcon.colcon_core.package_identification:_identify(carla_msgs) by extensions ['ros']
[0.633s] Level 1:colcon.colcon_core.package_identification:_identify(carla_msgs) by extension 'ros'
[0.633s] DEBUG:colcon.colcon_core.package_identification:Package 'carla_msgs' with type 'ros.ament_cmake' and name 'carla_msgs'
[0.633s] Level 1:colcon.colcon_core.package_identification:_identify(fire_detection) by extensions ['ignore', 'ignore_ament_install']
[0.633s] Level 1:colcon.colcon_core.package_identification:_identify(fire_detection) by extension 'ignore'
[0.633s] Level 1:colcon.colcon_core.package_identification:_identify(fire_detection) by extension 'ignore_ament_install'
[0.633s] Level 1:colcon.colcon_core.package_identification:_identify(fire_detection) by extensions ['colcon_pkg']
[0.633s] Level 1:colcon.colcon_core.package_identification:_identify(fire_detection) by extension 'colcon_pkg'
[0.633s] Level 1:colcon.colcon_core.package_identification:_identify(fire_detection) by extensions ['colcon_meta']
[0.633s] Level 1:colcon.colcon_core.package_identification:_identify(fire_detection) by extension 'colcon_meta'
[0.633s] Level 1:colcon.colcon_core.package_identification:_identify(fire_detection) by extensions ['ros']
[0.634s] Level 1:colcon.colcon_core.package_identification:_identify(fire_detection) by extension 'ros'
[0.634s] DEBUG:colcon.colcon_core.package_identification:Package 'fire_detection' with type 'ros.ament_cmake' and name 'fire_detection'
[0.634s] Level 1:colcon.colcon_core.package_identification:_identify(geicar_start) by extensions ['ignore', 'ignore_ament_install']
[0.634s] Level 1:colcon.colcon_core.package_identification:_identify(geicar_start) by extension 'ignore'
[0.634s] Level 1:colcon.colcon_core.package_identification:_identify(geicar_start) by extension 'ignore_ament_install'
[0.634s] Level 1:colcon.colcon_core.package_identification:_identify(geicar_start) by extensions ['colcon_pkg']
[0.634s] Level 1:colcon.colcon_core.package_identification:_identify(geicar_start) by extension 'colcon_pkg'
[0.634s] Level 1:colcon.colcon_core.package_identification:_identify(geicar_start) by extensions ['colcon_meta']
[0.634s] Level 1:colcon.colcon_core.package_identification:_identify(geicar_start) by extension 'colcon_meta'
[0.634s] Level 1:colcon.colcon_core.package_identification:_identify(geicar_start) by extensions ['ros']
[0.634s] Level 1:colcon.colcon_core.package_identification:_identify(geicar_start) by extension 'ros'
[0.634s] DEBUG:colcon.colcon_core.package_identification:Package 'geicar_start' with type 'ros.ament_cmake' and name 'geicar_start'
[0.634s] Level 1:colcon.colcon_core.package_identification:_identify(imu_tools) by extensions ['ignore', 'ignore_ament_install']
[0.635s] Level 1:colcon.colcon_core.package_identification:_identify(imu_tools) by extension 'ignore'
[0.635s] Level 1:colcon.colcon_core.package_identification:_identify(imu_tools) by extension 'ignore_ament_install'
[0.635s] Level 1:colcon.colcon_core.package_identification:_identify(imu_tools) by extensions ['colcon_pkg']
[0.635s] Level 1:colcon.colcon_core.package_identification:_identify(imu_tools) by extension 'colcon_pkg'
[0.635s] Level 1:colcon.colcon_core.package_identification:_identify(imu_tools) by extensions ['colcon_meta']
[0.635s] Level 1:colcon.colcon_core.package_identification:_identify(imu_tools) by extension 'colcon_meta'
[0.635s] Level 1:colcon.colcon_core.package_identification:_identify(imu_tools) by extensions ['ros']
[0.635s] Level 1:colcon.colcon_core.package_identification:_identify(imu_tools) by extension 'ros'
[0.635s] Level 1:colcon.colcon_core.package_identification:_identify(imu_tools) by extensions ['cmake', 'python']
[0.635s] Level 1:colcon.colcon_core.package_identification:_identify(imu_tools) by extension 'cmake'
[0.635s] Level 1:colcon.colcon_core.package_identification:_identify(imu_tools) by extension 'python'
[0.635s] Level 1:colcon.colcon_core.package_identification:_identify(imu_tools) by extensions ['python_setup_py']
[0.635s] Level 1:colcon.colcon_core.package_identification:_identify(imu_tools) by extension 'python_setup_py'
[0.635s] Level 1:colcon.colcon_core.package_identification:_identify(imu_tools/imu_complementary_filter) by extensions ['ignore', 'ignore_ament_install']
[0.635s] Level 1:colcon.colcon_core.package_identification:_identify(imu_tools/imu_complementary_filter) by extension 'ignore'
[0.635s] Level 1:colcon.colcon_core.package_identification:_identify(imu_tools/imu_complementary_filter) by extension 'ignore_ament_install'
[0.635s] Level 1:colcon.colcon_core.package_identification:_identify(imu_tools/imu_complementary_filter) by extensions ['colcon_pkg']
[0.635s] Level 1:colcon.colcon_core.package_identification:_identify(imu_tools/imu_complementary_filter) by extension 'colcon_pkg'
[0.635s] Level 1:colcon.colcon_core.package_identification:_identify(imu_tools/imu_complementary_filter) by extensions ['colcon_meta']
[0.635s] Level 1:colcon.colcon_core.package_identification:_identify(imu_tools/imu_complementary_filter) by extension 'colcon_meta'
[0.635s] Level 1:colcon.colcon_core.package_identification:_identify(imu_tools/imu_complementary_filter) by extensions ['ros']
[0.635s] Level 1:colcon.colcon_core.package_identification:_identify(imu_tools/imu_complementary_filter) by extension 'ros'
[0.635s] DEBUG:colcon.colcon_core.package_identification:Package 'imu_tools/imu_complementary_filter' with type 'ros.ament_cmake' and name 'imu_complementary_filter'
[0.635s] Level 1:colcon.colcon_core.package_identification:_identify(imu_tools/imu_filter_madgwick) by extensions ['ignore', 'ignore_ament_install']
[0.635s] Level 1:colcon.colcon_core.package_identification:_identify(imu_tools/imu_filter_madgwick) by extension 'ignore'
[0.635s] Level 1:colcon.colcon_core.package_identification:_identify(imu_tools/imu_filter_madgwick) by extension 'ignore_ament_install'
[0.635s] Level 1:colcon.colcon_core.package_identification:_identify(imu_tools/imu_filter_madgwick) by extensions ['colcon_pkg']
[0.635s] Level 1:colcon.colcon_core.package_identification:_identify(imu_tools/imu_filter_madgwick) by extension 'colcon_pkg'
[0.635s] Level 1:colcon.colcon_core.package_identification:_identify(imu_tools/imu_filter_madgwick) by extensions ['colcon_meta']
[0.636s] Level 1:colcon.colcon_core.package_identification:_identify(imu_tools/imu_filter_madgwick) by extension 'colcon_meta'
[0.636s] Level 1:colcon.colcon_core.package_identification:_identify(imu_tools/imu_filter_madgwick) by extensions ['ros']
[0.636s] Level 1:colcon.colcon_core.package_identification:_identify(imu_tools/imu_filter_madgwick) by extension 'ros'
[0.636s] DEBUG:colcon.colcon_core.package_identification:Package 'imu_tools/imu_filter_madgwick' with type 'ros.ament_cmake' and name 'imu_filter_madgwick'
[0.636s] Level 1:colcon.colcon_core.package_identification:_identify(imu_tools/imu_tools) by extensions ['ignore', 'ignore_ament_install']
[0.636s] Level 1:colcon.colcon_core.package_identification:_identify(imu_tools/imu_tools) by extension 'ignore'
[0.636s] Level 1:colcon.colcon_core.package_identification:_identify(imu_tools/imu_tools) by extension 'ignore_ament_install'
[0.636s] Level 1:colcon.colcon_core.package_identification:_identify(imu_tools/imu_tools) by extensions ['colcon_pkg']
[0.636s] Level 1:colcon.colcon_core.package_identification:_identify(imu_tools/imu_tools) by extension 'colcon_pkg'
[0.636s] Level 1:colcon.colcon_core.package_identification:_identify(imu_tools/imu_tools) by extensions ['colcon_meta']
[0.636s] Level 1:colcon.colcon_core.package_identification:_identify(imu_tools/imu_tools) by extension 'colcon_meta'
[0.636s] Level 1:colcon.colcon_core.package_identification:_identify(imu_tools/imu_tools) by extensions ['ros']
[0.636s] Level 1:colcon.colcon_core.package_identification:_identify(imu_tools/imu_tools) by extension 'ros'
[0.637s] DEBUG:colcon.colcon_core.package_identification:Package 'imu_tools/imu_tools' with type 'ros.ament_cmake' and name 'imu_tools'
[0.637s] Level 1:colcon.colcon_core.package_identification:_identify(imu_tools/rviz_imu_plugin) by extensions ['ignore', 'ignore_ament_install']
[0.637s] Level 1:colcon.colcon_core.package_identification:_identify(imu_tools/rviz_imu_plugin) by extension 'ignore'
[0.637s] Level 1:colcon.colcon_core.package_identification:_identify(imu_tools/rviz_imu_plugin) by extension 'ignore_ament_install'
[0.637s] Level 1:colcon.colcon_core.package_identification:_identify(imu_tools/rviz_imu_plugin) by extensions ['colcon_pkg']
[0.637s] Level 1:colcon.colcon_core.package_identification:_identify(imu_tools/rviz_imu_plugin) by extension 'colcon_pkg'
[0.637s] Level 1:colcon.colcon_core.package_identification:_identify(imu_tools/rviz_imu_plugin) by extensions ['colcon_meta']
[0.637s] Level 1:colcon.colcon_core.package_identification:_identify(imu_tools/rviz_imu_plugin) by extension 'colcon_meta'
[0.637s] Level 1:colcon.colcon_core.package_identification:_identify(imu_tools/rviz_imu_plugin) by extensions ['ros']
[0.637s] Level 1:colcon.colcon_core.package_identification:_identify(imu_tools/rviz_imu_plugin) by extension 'ros'
[0.638s] DEBUG:colcon.colcon_core.package_identification:Package 'imu_tools/rviz_imu_plugin' with type 'ros.ament_cmake' and name 'rviz_imu_plugin'
[0.638s] Level 1:colcon.colcon_core.package_identification:_identify(install) by extensions ['ignore', 'ignore_ament_install']
[0.638s] Level 1:colcon.colcon_core.package_identification:_identify(install) by extension 'ignore'
[0.638s] Level 1:colcon.colcon_core.package_identification:_identify(install) ignored
[0.638s] Level 1:colcon.colcon_core.package_identification:_identify(interfaces) by extensions ['ignore', 'ignore_ament_install']
[0.638s] Level 1:colcon.colcon_core.package_identification:_identify(interfaces) by extension 'ignore'
[0.638s] Level 1:colcon.colcon_core.package_identification:_identify(interfaces) by extension 'ignore_ament_install'
[0.638s] Level 1:colcon.colcon_core.package_identification:_identify(interfaces) by extensions ['colcon_pkg']
[0.638s] Level 1:colcon.colcon_core.package_identification:_identify(interfaces) by extension 'colcon_pkg'
[0.638s] Level 1:colcon.colcon_core.package_identification:_identify(interfaces) by extensions ['colcon_meta']
[0.638s] Level 1:colcon.colcon_core.package_identification:_identify(interfaces) by extension 'colcon_meta'
[0.638s] Level 1:colcon.colcon_core.package_identification:_identify(interfaces) by extensions ['ros']
[0.638s] Level 1:colcon.colcon_core.package_identification:_identify(interfaces) by extension 'ros'
[0.639s] DEBUG:colcon.colcon_core.package_identification:Package 'interfaces' with type 'ros.ament_cmake' and name 'interfaces'
[0.639s] Level 1:colcon.colcon_core.package_identification:_identify(joystick) by extensions ['ignore', 'ignore_ament_install']
[0.639s] Level 1:colcon.colcon_core.package_identification:_identify(joystick) by extension 'ignore'
[0.639s] Level 1:colcon.colcon_core.package_identification:_identify(joystick) by extension 'ignore_ament_install'
[0.639s] Level 1:colcon.colcon_core.package_identification:_identify(joystick) by extensions ['colcon_pkg']
[0.639s] Level 1:colcon.colcon_core.package_identification:_identify(joystick) by extension 'colcon_pkg'
[0.639s] Level 1:colcon.colcon_core.package_identification:_identify(joystick) by extensions ['colcon_meta']
[0.639s] Level 1:colcon.colcon_core.package_identification:_identify(joystick) by extension 'colcon_meta'
[0.639s] Level 1:colcon.colcon_core.package_identification:_identify(joystick) by extensions ['ros']
[0.639s] Level 1:colcon.colcon_core.package_identification:_identify(joystick) by extension 'ros'
[0.640s] DEBUG:colcon.colcon_core.package_identification:Package 'joystick' with type 'ros.ament_cmake' and name 'joystick'
[0.640s] Level 1:colcon.colcon_core.package_identification:_identify(log) by extensions ['ignore', 'ignore_ament_install']
[0.640s] Level 1:colcon.colcon_core.package_identification:_identify(log) by extension 'ignore'
[0.640s] Level 1:colcon.colcon_core.package_identification:_identify(log) ignored
[0.640s] Level 1:colcon.colcon_core.package_identification:_identify(simulation) by extensions ['ignore', 'ignore_ament_install']
[0.640s] Level 1:colcon.colcon_core.package_identification:_identify(simulation) by extension 'ignore'
[0.640s] Level 1:colcon.colcon_core.package_identification:_identify(simulation) by extension 'ignore_ament_install'
[0.640s] Level 1:colcon.colcon_core.package_identification:_identify(simulation) by extensions ['colcon_pkg']
[0.640s] Level 1:colcon.colcon_core.package_identification:_identify(simulation) by extension 'colcon_pkg'
[0.640s] Level 1:colcon.colcon_core.package_identification:_identify(simulation) by extensions ['colcon_meta']
[0.640s] Level 1:colcon.colcon_core.package_identification:_identify(simulation) by extension 'colcon_meta'
[0.640s] Level 1:colcon.colcon_core.package_identification:_identify(simulation) by extensions ['ros']
[0.640s] Level 1:colcon.colcon_core.package_identification:_identify(simulation) by extension 'ros'
[0.640s] DEBUG:colcon.colcon_core.package_identification:Package 'simulation' with type 'ros.ament_cmake' and name 'simulation'
[0.640s] Level 1:colcon.colcon_core.package_identification:_identify(system_check) by extensions ['ignore', 'ignore_ament_install']
[0.640s] Level 1:colcon.colcon_core.package_identification:_identify(system_check) by extension 'ignore'
[0.641s] Level 1:colcon.colcon_core.package_identification:_identify(system_check) by extension 'ignore_ament_install'
[0.641s] Level 1:colcon.colcon_core.package_identification:_identify(system_check) by extensions ['colcon_pkg']
[0.641s] Level 1:colcon.colcon_core.package_identification:_identify(system_check) by extension 'colcon_pkg'
[0.641s] Level 1:colcon.colcon_core.package_identification:_identify(system_check) by extensions ['colcon_meta']
[0.641s] Level 1:colcon.colcon_core.package_identification:_identify(system_check) by extension 'colcon_meta'
[0.641s] Level 1:colcon.colcon_core.package_identification:_identify(system_check) by extensions ['ros']
[0.641s] Level 1:colcon.colcon_core.package_identification:_identify(system_check) by extension 'ros'
[0.641s] DEBUG:colcon.colcon_core.package_identification:Package 'system_check' with type 'ros.ament_cmake' and name 'system_check'
[0.641s] Level 1:colcon.colcon_core.package_discovery:discover_packages(recursive) using defaults
[0.641s] Level 1:colcon.colcon_core.package_discovery:discover_packages(ignore) discover
[0.641s] Level 1:colcon.colcon_core.package_discovery:discover_packages(ignore) using defaults
[0.641s] Level 1:colcon.colcon_core.package_discovery:discover_packages(path) discover
[0.641s] Level 1:colcon.colcon_core.package_discovery:discover_packages(path) using defaults
[0.650s] WARNING:colcon.colcon_core.package_selection:ignoring unknown package 'serial_port' in --packages-select
[0.680s] INFO:colcon.colcon_core.package_selection:Skipping not selected package 'carla_msgs' in 'carla_msgs'
[0.680s] INFO:colcon.colcon_core.package_selection:Skipping not selected package 'imu_complementary_filter' in 'imu_tools/imu_complementary_filter'
[0.680s] INFO:colcon.colcon_core.package_selection:Skipping not selected package 'imu_filter_madgwick' in 'imu_tools/imu_filter_madgwick'
[0.680s] INFO:colcon.colcon_core.package_selection:Skipping not selected package 'interfaces' in 'interfaces'
[0.680s] INFO:colcon.colcon_core.package_selection:Skipping not selected package 'rviz_imu_plugin' in 'imu_tools/rviz_imu_plugin'
[0.680s] INFO:colcon.colcon_core.package_selection:Skipping not selected package 'can' in 'can'
[0.680s] INFO:colcon.colcon_core.package_selection:Skipping not selected package 'car_control' in 'car_control'
[0.680s] INFO:colcon.colcon_core.package_selection:Skipping not selected package 'fire_detection' in 'fire_detection'
[0.680s] INFO:colcon.colcon_core.package_selection:Skipping not selected package 'imu_tools' in 'imu_tools/imu_tools'
[0.680s] INFO:colcon.colcon_core.package_selection:Skipping not selected package 'joystick' in 'joystick'
[0.680s] INFO:colcon.colcon_core.package_selection:Skipping not selected package 'simulation' in 'simulation'
[0.680s] INFO:colcon.colcon_core.package_selection:Skipping not selected package 'system_check' in 'system_check'
[0.680s] INFO:colcon.colcon_core.package_selection:Skipping not selected package 'geicar_start' in 'geicar_start'
[0.697s] Level 1:colcon.colcon_core.package_discovery:discover_packages(prefix_path) check parameters
[0.697s] Level 1:colcon.colcon_core.package_discovery:discover_packages(prefix_path) discover
[0.714s] DEBUG:colcon.colcon_installed_package_information.package_discovery:Found 2 installed packages in /home/insa/Desktop/VigiWheels/raspberryPI3/ros2_ws/install
[0.722s] DEBUG:colcon.colcon_installed_package_information.package_discovery:Found 5 installed packages in /home/insa/ros2_ws/install
[0.732s] DEBUG:colcon.colcon_installed_package_information.package_discovery:Found 388 installed packages in /opt/ros/humble
[0.733s] Level 1:colcon.colcon_core.package_discovery:discover_packages(prefix_path) using defaults
[0.796s] INFO:colcon.colcon_core.executor:Executing jobs using 'parallel' executor
[0.812s] DEBUG:colcon.colcon_parallel_executor.executor.parallel:run_until_complete
[0.813s] DEBUG:colcon.colcon_parallel_executor.executor.parallel:closing loop
[0.813s] DEBUG:colcon.colcon_parallel_executor.executor.parallel:loop closed
[0.813s] DEBUG:colcon.colcon_parallel_executor.executor.parallel:run_until_complete finished with '0'
[0.813s] DEBUG:colcon.colcon_core.event_reactor:joining thread
[0.824s] INFO:colcon.colcon_core.plugin_system:Skipping extension 'colcon_notification.desktop_notification.terminal_notifier': Not used on non-Darwin systems
[0.824s] INFO:colcon.colcon_core.plugin_system:Skipping extension 'colcon_notification.desktop_notification.win32': Not used on non-Windows systems
[0.824s] INFO:colcon.colcon_notification.desktop_notification:Sending desktop notification using 'notify2'
[0.830s] DEBUG:colcon.colcon_core.event_reactor:joined thread
[0.839s] INFO:colcon.colcon_core.plugin_system:Skipping extension 'colcon_core.shell.bat': Not used on non-Windows systems
[0.839s] INFO:colcon.colcon_core.shell:Creating prefix script '/home/insa/Desktop/VigiWheels/raspberryPI3/ros2_ws/src/install/local_setup.ps1'
[0.840s] INFO:colcon.colcon_core.shell:Creating prefix util module '/home/insa/Desktop/VigiWheels/raspberryPI3/ros2_ws/src/install/_local_setup_util_ps1.py'
[0.841s] INFO:colcon.colcon_core.shell:Creating prefix chain script '/home/insa/Desktop/VigiWheels/raspberryPI3/ros2_ws/src/install/setup.ps1'
[0.852s] INFO:colcon.colcon_core.shell:Creating prefix script '/home/insa/Desktop/VigiWheels/raspberryPI3/ros2_ws/src/install/local_setup.sh'
[0.852s] INFO:colcon.colcon_core.shell:Creating prefix util module '/home/insa/Desktop/VigiWheels/raspberryPI3/ros2_ws/src/install/_local_setup_util_sh.py'
[0.852s] INFO:colcon.colcon_core.shell:Creating prefix chain script '/home/insa/Desktop/VigiWheels/raspberryPI3/ros2_ws/src/install/setup.sh'
[0.862s] INFO:colcon.colcon_core.shell:Creating prefix script '/home/insa/Desktop/VigiWheels/raspberryPI3/ros2_ws/src/install/local_setup.bash'
[0.863s] INFO:colcon.colcon_core.shell:Creating prefix chain script '/home/insa/Desktop/VigiWheels/raspberryPI3/ros2_ws/src/install/setup.bash'
[0.872s] INFO:colcon.colcon_core.shell:Creating prefix script '/home/insa/Desktop/VigiWheels/raspberryPI3/ros2_ws/src/install/local_setup.zsh'
[0.872s] INFO:colcon.colcon_core.shell:Creating prefix chain script '/home/insa/Desktop/VigiWheels/raspberryPI3/ros2_ws/src/install/setup.zsh'
