[0.178s] Invoking command in '/home/moad/VigiWheels/jetsonNano/ros2_ws/build/interfaces': CMAKE_PREFIX_PATH=${CMAKE_PREFIX_PATH}:/home/moad/VigiWheels/jetsonNano/ros2_ws/install/pressure_level:/home/moad/VigiWheels/jetsonNano/ros2_ws/install/manometer_detection:/home/moad/ros2_ws/install/pressure_level:/home/moad/ros2_ws/install/my_robot_controller:/home/moad/ros2_ws/install/manometer_detection:/opt/ros/humble /usr/bin/cmake --build /home/moad/VigiWheels/jetsonNano/ros2_ws/build/interfaces -- -j12 -l12
[0.212s] [  0%] Built target interfaces__cpp
[0.216s] [ 12%] Built target interfaces__rosidl_generator_c
[0.231s] [ 12%] Built target ament_cmake_python_copy_interfaces
[0.236s] [ 24%] Built target interfaces__rosidl_typesupport_fastrtps_cpp
[0.238s] [ 36%] Built target interfaces__rosidl_typesupport_cpp
[0.239s] [ 48%] Built target interfaces__rosidl_typesupport_introspection_c
[0.241s] [ 60%] Built target interfaces__rosidl_typesupport_c
[0.243s] [ 72%] Built target interfaces__rosidl_typesupport_introspection_cpp
[0.249s] [ 84%] Built target interfaces__rosidl_typesupport_fastrtps_c
[0.269s] [ 84%] Built target interfaces
[0.284s] [ 85%] Built target interfaces__py
[0.305s] [ 96%] Built target interfaces__rosidl_generator_py
[0.330s] [100%] Built target interfaces__rosidl_typesupport_introspection_c__pyext
[0.330s] [100%] Built target interfaces__rosidl_typesupport_fastrtps_c__pyext
[0.330s] [100%] Built target interfaces__rosidl_typesupport_c__pyext
[0.392s] running egg_info
[0.392s] writing interfaces.egg-info/PKG-INFO
[0.392s] writing dependency_links to interfaces.egg-info/dependency_links.txt
[0.392s] writing top-level names to interfaces.egg-info/top_level.txt
[0.394s] reading manifest file 'interfaces.egg-info/SOURCES.txt'
[0.394s] writing manifest file 'interfaces.egg-info/SOURCES.txt'
[0.415s] [100%] Built target ament_cmake_python_build_interfaces_egg
[0.455s] Invoked command in '/home/moad/VigiWheels/jetsonNano/ros2_ws/build/interfaces' returned '0': CMAKE_PREFIX_PATH=${CMAKE_PREFIX_PATH}:/home/moad/VigiWheels/jetsonNano/ros2_ws/install/pressure_level:/home/moad/VigiWheels/jetsonNano/ros2_ws/install/manometer_detection:/home/moad/ros2_ws/install/pressure_level:/home/moad/ros2_ws/install/my_robot_controller:/home/moad/ros2_ws/install/manometer_detection:/opt/ros/humble /usr/bin/cmake --build /home/moad/VigiWheels/jetsonNano/ros2_ws/build/interfaces -- -j12 -l12
[0.700s] Invoking command in '/home/moad/VigiWheels/jetsonNano/ros2_ws/build/interfaces': CMAKE_PREFIX_PATH=${CMAKE_PREFIX_PATH}:/home/moad/VigiWheels/jetsonNano/ros2_ws/install/pressure_level:/home/moad/VigiWheels/jetsonNano/ros2_ws/install/manometer_detection:/home/moad/ros2_ws/install/pressure_level:/home/moad/ros2_ws/install/my_robot_controller:/home/moad/ros2_ws/install/manometer_detection:/opt/ros/humble /usr/bin/cmake --install /home/moad/VigiWheels/jetsonNano/ros2_ws/build/interfaces
[0.705s] -- Install configuration: ""
[0.705s] -- Installing: /home/moad/VigiWheels/jetsonNano/ros2_ws/install/interfaces/share/ament_index/resource_index/rosidl_interfaces/interfaces
[0.706s] -- Installing: /home/moad/VigiWheels/jetsonNano/ros2_ws/install/interfaces/include/interfaces/interfaces
[0.706s] -- Installing: /home/moad/VigiWheels/jetsonNano/ros2_ws/install/interfaces/include/interfaces/interfaces/msg
[0.706s] -- Installing: /home/moad/VigiWheels/jetsonNano/ros2_ws/install/interfaces/include/interfaces/interfaces/msg/gnss.h
[0.706s] -- Installing: /home/moad/VigiWheels/jetsonNano/ros2_ws/install/interfaces/include/interfaces/interfaces/msg/obstacles_order.h
[0.706s] -- Installing: /home/moad/VigiWheels/jetsonNano/ros2_ws/install/interfaces/include/interfaces/interfaces/msg/system_check.h
[0.707s] -- Installing: /home/moad/VigiWheels/jetsonNano/ros2_ws/install/interfaces/include/interfaces/interfaces/msg/motors_feedback.h
[0.707s] -- Installing: /home/moad/VigiWheels/jetsonNano/ros2_ws/install/interfaces/include/interfaces/interfaces/msg/rosidl_generator_c__visibility_control.h
[0.707s] -- Installing: /home/moad/VigiWheels/jetsonNano/ros2_ws/install/interfaces/include/interfaces/interfaces/msg/joystick_order.h
[0.708s] -- Installing: /home/moad/VigiWheels/jetsonNano/ros2_ws/install/interfaces/include/interfaces/interfaces/msg/motors_order.h
[0.708s] -- Installing: /home/moad/VigiWheels/jetsonNano/ros2_ws/install/interfaces/include/interfaces/interfaces/msg/steering_calibration.h
[0.708s] -- Installing: /home/moad/VigiWheels/jetsonNano/ros2_ws/install/interfaces/include/interfaces/interfaces/msg/pressure_level.h
[0.708s] -- Installing: /home/moad/VigiWheels/jetsonNano/ros2_ws/install/interfaces/include/interfaces/interfaces/msg/fire_sensor.h
[0.708s] -- Installing: /home/moad/VigiWheels/jetsonNano/ros2_ws/install/interfaces/include/interfaces/interfaces/msg/manometer_info.h
[0.708s] -- Installing: /home/moad/VigiWheels/jetsonNano/ros2_ws/install/interfaces/include/interfaces/interfaces/msg/emergency_alert_fire.h
[0.708s] -- Installing: /home/moad/VigiWheels/jetsonNano/ros2_ws/install/interfaces/include/interfaces/interfaces/msg/detail
[0.708s] -- Installing: /home/moad/VigiWheels/jetsonNano/ros2_ws/install/interfaces/include/interfaces/interfaces/msg/detail/general_data__type_support.h
[0.709s] -- Installing: /home/moad/VigiWheels/jetsonNano/ros2_ws/install/interfaces/include/interfaces/interfaces/msg/detail/gnss__struct.h
[0.709s] -- Installing: /home/moad/VigiWheels/jetsonNano/ros2_ws/install/interfaces/include/interfaces/interfaces/msg/detail/emergency_alert_fire__functions.c
[0.709s] -- Installing: /home/moad/VigiWheels/jetsonNano/ros2_ws/install/interfaces/include/interfaces/interfaces/msg/detail/emergency_alert_fire__type_support.h
[0.709s] -- Installing: /home/moad/VigiWheels/jetsonNano/ros2_ws/install/interfaces/include/interfaces/interfaces/msg/detail/motors_order__functions.h
[0.709s] -- Installing: /home/moad/VigiWheels/jetsonNano/ros2_ws/install/interfaces/include/interfaces/interfaces/msg/detail/system_check__type_support.h
[0.709s] -- Installing: /home/moad/VigiWheels/jetsonNano/ros2_ws/install/interfaces/include/interfaces/interfaces/msg/detail/motors_feedback__functions.h
[0.709s] -- Installing: /home/moad/VigiWheels/jetsonNano/ros2_ws/install/interfaces/include/interfaces/interfaces/msg/detail/motors_feedback__functions.c
[0.709s] -- Installing: /home/moad/VigiWheels/jetsonNano/ros2_ws/install/interfaces/include/interfaces/interfaces/msg/detail/obstacles_order__struct.h
[0.710s] -- Installing: /home/moad/VigiWheels/jetsonNano/ros2_ws/install/interfaces/include/interfaces/interfaces/msg/detail/motors_order__struct.h
[0.710s] -- Installing: /home/moad/VigiWheels/jetsonNano/ros2_ws/install/interfaces/include/interfaces/interfaces/msg/detail/gnss__type_support.h
[0.710s] -- Installing: /home/moad/VigiWheels/jetsonNano/ros2_ws/install/interfaces/include/interfaces/interfaces/msg/detail/motors_feedback__struct.h
[0.710s] -- Installing: /home/moad/VigiWheels/jetsonNano/ros2_ws/install/interfaces/include/interfaces/interfaces/msg/detail/cam_pos_order__struct.h
[0.710s] -- Installing: /home/moad/VigiWheels/jetsonNano/ros2_ws/install/interfaces/include/interfaces/interfaces/msg/detail/steering_calibration__type_support.h
[0.710s] -- Installing: /home/moad/VigiWheels/jetsonNano/ros2_ws/install/interfaces/include/interfaces/interfaces/msg/detail/fire_sensor__functions.c
[0.710s] -- Installing: /home/moad/VigiWheels/jetsonNano/ros2_ws/install/interfaces/include/interfaces/interfaces/msg/detail/steering_calibration__struct.h
[0.710s] -- Installing: /home/moad/VigiWheels/jetsonNano/ros2_ws/install/interfaces/include/interfaces/interfaces/msg/detail/pressure_level__struct.h
[0.710s] -- Installing: /home/moad/VigiWheels/jetsonNano/ros2_ws/install/interfaces/include/interfaces/interfaces/msg/detail/servo_cam_order__struct.h
[0.710s] -- Installing: /home/moad/VigiWheels/jetsonNano/ros2_ws/install/interfaces/include/interfaces/interfaces/msg/detail/manometer_info__struct.h
[0.711s] -- Installing: /home/moad/VigiWheels/jetsonNano/ros2_ws/install/interfaces/include/interfaces/interfaces/msg/detail/fire_sensor__functions.h
[0.711s] -- Installing: /home/moad/VigiWheels/jetsonNano/ros2_ws/install/interfaces/include/interfaces/interfaces/msg/detail/servo_cam_order__functions.c
[0.711s] -- Installing: /home/moad/VigiWheels/jetsonNano/ros2_ws/install/interfaces/include/interfaces/interfaces/msg/detail/pressure_level__type_support.h
[0.711s] -- Installing: /home/moad/VigiWheels/jetsonNano/ros2_ws/install/interfaces/include/interfaces/interfaces/msg/detail/system_check__functions.c
[0.711s] -- Installing: /home/moad/VigiWheels/jetsonNano/ros2_ws/install/interfaces/include/interfaces/interfaces/msg/detail/system_check__functions.h
[0.711s] -- Installing: /home/moad/VigiWheels/jetsonNano/ros2_ws/install/interfaces/include/interfaces/interfaces/msg/detail/obstacles_order__functions.h
[0.711s] -- Installing: /home/moad/VigiWheels/jetsonNano/ros2_ws/install/interfaces/include/interfaces/interfaces/msg/detail/gnss__functions.c
[0.711s] -- Installing: /home/moad/VigiWheels/jetsonNano/ros2_ws/install/interfaces/include/interfaces/interfaces/msg/detail/motors_order__type_support.h
[0.712s] -- Installing: /home/moad/VigiWheels/jetsonNano/ros2_ws/install/interfaces/include/interfaces/interfaces/msg/detail/gnss__functions.h
[0.712s] -- Installing: /home/moad/VigiWheels/jetsonNano/ros2_ws/install/interfaces/include/interfaces/interfaces/msg/detail/obstacles_order__functions.c
[0.712s] -- Installing: /home/moad/VigiWheels/jetsonNano/ros2_ws/install/interfaces/include/interfaces/interfaces/msg/detail/general_data__functions.c
[0.712s] -- Installing: /home/moad/VigiWheels/jetsonNano/ros2_ws/install/interfaces/include/interfaces/interfaces/msg/detail/cam_pos_order__type_support.h
[0.712s] -- Installing: /home/moad/VigiWheels/jetsonNano/ros2_ws/install/interfaces/include/interfaces/interfaces/msg/detail/manometer_info__functions.c
[0.712s] -- Installing: /home/moad/VigiWheels/jetsonNano/ros2_ws/install/interfaces/include/interfaces/interfaces/msg/detail/steering_calibration__functions.h
[0.713s] -- Installing: /home/moad/VigiWheels/jetsonNano/ros2_ws/install/interfaces/include/interfaces/interfaces/msg/detail/motors_feedback__type_support.h
[0.713s] -- Installing: /home/moad/VigiWheels/jetsonNano/ros2_ws/install/interfaces/include/interfaces/interfaces/msg/detail/servo_cam_order__type_support.h
[0.713s] -- Installing: /home/moad/VigiWheels/jetsonNano/ros2_ws/install/interfaces/include/interfaces/interfaces/msg/detail/cam_pos_order__functions.c
[0.713s] -- Installing: /home/moad/VigiWheels/jetsonNano/ros2_ws/install/interfaces/include/interfaces/interfaces/msg/detail/ultrasonic__struct.h
[0.714s] -- Installing: /home/moad/VigiWheels/jetsonNano/ros2_ws/install/interfaces/include/interfaces/interfaces/msg/detail/motors_order__functions.c
[0.714s] -- Installing: /home/moad/VigiWheels/jetsonNano/ros2_ws/install/interfaces/include/interfaces/interfaces/msg/detail/general_data__functions.h
[0.714s] -- Installing: /home/moad/VigiWheels/jetsonNano/ros2_ws/install/interfaces/include/interfaces/interfaces/msg/detail/steering_calibration__functions.c
[0.714s] -- Installing: /home/moad/VigiWheels/jetsonNano/ros2_ws/install/interfaces/include/interfaces/interfaces/msg/detail/manometer_info__type_support.h
[0.714s] -- Installing: /home/moad/VigiWheels/jetsonNano/ros2_ws/install/interfaces/include/interfaces/interfaces/msg/detail/ultrasonic__functions.c
[0.714s] -- Installing: /home/moad/VigiWheels/jetsonNano/ros2_ws/install/interfaces/include/interfaces/interfaces/msg/detail/cam_pos_order__functions.h
[0.714s] -- Installing: /home/moad/VigiWheels/jetsonNano/ros2_ws/install/interfaces/include/interfaces/interfaces/msg/detail/ultrasonic__type_support.h
[0.714s] -- Installing: /home/moad/VigiWheels/jetsonNano/ros2_ws/install/interfaces/include/interfaces/interfaces/msg/detail/joystick_order__type_support.h
[0.714s] -- Installing: /home/moad/VigiWheels/jetsonNano/ros2_ws/install/interfaces/include/interfaces/interfaces/msg/detail/emergency_alert_fire__struct.h
[0.714s] -- Installing: /home/moad/VigiWheels/jetsonNano/ros2_ws/install/interfaces/include/interfaces/interfaces/msg/detail/manometer_info__functions.h
[0.715s] -- Installing: /home/moad/VigiWheels/jetsonNano/ros2_ws/install/interfaces/include/interfaces/interfaces/msg/detail/system_check__struct.h
[0.715s] -- Installing: /home/moad/VigiWheels/jetsonNano/ros2_ws/install/interfaces/include/interfaces/interfaces/msg/detail/joystick_order__functions.h
[0.715s] -- Installing: /home/moad/VigiWheels/jetsonNano/ros2_ws/install/interfaces/include/interfaces/interfaces/msg/detail/pressure_level__functions.c
[0.715s] -- Installing: /home/moad/VigiWheels/jetsonNano/ros2_ws/install/interfaces/include/interfaces/interfaces/msg/detail/pressure_level__functions.h
[0.715s] -- Installing: /home/moad/VigiWheels/jetsonNano/ros2_ws/install/interfaces/include/interfaces/interfaces/msg/detail/ultrasonic__functions.h
[0.715s] -- Installing: /home/moad/VigiWheels/jetsonNano/ros2_ws/install/interfaces/include/interfaces/interfaces/msg/detail/joystick_order__functions.c
[0.715s] -- Installing: /home/moad/VigiWheels/jetsonNano/ros2_ws/install/interfaces/include/interfaces/interfaces/msg/detail/fire_sensor__struct.h
[0.715s] -- Installing: /home/moad/VigiWheels/jetsonNano/ros2_ws/install/interfaces/include/interfaces/interfaces/msg/detail/obstacles_order__type_support.h
[0.715s] -- Installing: /home/moad/VigiWheels/jetsonNano/ros2_ws/install/interfaces/include/interfaces/interfaces/msg/detail/fire_sensor__type_support.h
[0.716s] -- Installing: /home/moad/VigiWheels/jetsonNano/ros2_ws/install/interfaces/include/interfaces/interfaces/msg/detail/emergency_alert_fire__functions.h
[0.716s] -- Installing: /home/moad/VigiWheels/jetsonNano/ros2_ws/install/interfaces/include/interfaces/interfaces/msg/detail/general_data__struct.h
[0.716s] -- Installing: /home/moad/VigiWheels/jetsonNano/ros2_ws/install/interfaces/include/interfaces/interfaces/msg/detail/servo_cam_order__functions.h
[0.716s] -- Installing: /home/moad/VigiWheels/jetsonNano/ros2_ws/install/interfaces/include/interfaces/interfaces/msg/detail/joystick_order__struct.h
[0.716s] -- Installing: /home/moad/VigiWheels/jetsonNano/ros2_ws/install/interfaces/include/interfaces/interfaces/msg/cam_pos_order.h
[0.716s] -- Installing: /home/moad/VigiWheels/jetsonNano/ros2_ws/install/interfaces/include/interfaces/interfaces/msg/general_data.h
[0.716s] -- Installing: /home/moad/VigiWheels/jetsonNano/ros2_ws/install/interfaces/include/interfaces/interfaces/msg/servo_cam_order.h
[0.716s] -- Installing: /home/moad/VigiWheels/jetsonNano/ros2_ws/install/interfaces/include/interfaces/interfaces/msg/ultrasonic.h
[0.716s] -- Installing: /home/moad/VigiWheels/jetsonNano/ros2_ws/install/interfaces/share/interfaces/environment/library_path.sh
[0.717s] -- Installing: /home/moad/VigiWheels/jetsonNano/ros2_ws/install/interfaces/share/interfaces/environment/library_path.dsv
[0.717s] -- Installing: /home/moad/VigiWheels/jetsonNano/ros2_ws/install/interfaces/lib/libinterfaces__rosidl_generator_c.so
[0.717s] -- Set runtime path of "/home/moad/VigiWheels/jetsonNano/ros2_ws/install/interfaces/lib/libinterfaces__rosidl_generator_c.so" to ""
[0.717s] -- Up-to-date: /home/moad/VigiWheels/jetsonNano/ros2_ws/install/interfaces/include/interfaces/interfaces
[0.717s] -- Up-to-date: /home/moad/VigiWheels/jetsonNano/ros2_ws/install/interfaces/include/interfaces/interfaces/msg
[0.717s] -- Installing: /home/moad/VigiWheels/jetsonNano/ros2_ws/install/interfaces/include/interfaces/interfaces/msg/rosidl_typesupport_fastrtps_c__visibility_control.h
[0.717s] -- Up-to-date: /home/moad/VigiWheels/jetsonNano/ros2_ws/install/interfaces/include/interfaces/interfaces/msg/detail
[0.717s] -- Installing: /home/moad/VigiWheels/jetsonNano/ros2_ws/install/interfaces/include/interfaces/interfaces/msg/detail/gnss__rosidl_typesupport_fastrtps_c.h
[0.717s] -- Installing: /home/moad/VigiWheels/jetsonNano/ros2_ws/install/interfaces/include/interfaces/interfaces/msg/detail/cam_pos_order__rosidl_typesupport_fastrtps_c.h
[0.718s] -- Installing: /home/moad/VigiWheels/jetsonNano/ros2_ws/install/interfaces/include/interfaces/interfaces/msg/detail/manometer_info__rosidl_typesupport_fastrtps_c.h
[0.718s] -- Installing: /home/moad/VigiWheels/jetsonNano/ros2_ws/install/interfaces/include/interfaces/interfaces/msg/detail/ultrasonic__rosidl_typesupport_fastrtps_c.h
[0.718s] -- Installing: /home/moad/VigiWheels/jetsonNano/ros2_ws/install/interfaces/include/interfaces/interfaces/msg/detail/system_check__rosidl_typesupport_fastrtps_c.h
[0.718s] -- Installing: /home/moad/VigiWheels/jetsonNano/ros2_ws/install/interfaces/include/interfaces/interfaces/msg/detail/servo_cam_order__rosidl_typesupport_fastrtps_c.h
[0.718s] -- Installing: /home/moad/VigiWheels/jetsonNano/ros2_ws/install/interfaces/include/interfaces/interfaces/msg/detail/emergency_alert_fire__rosidl_typesupport_fastrtps_c.h
[0.718s] -- Installing: /home/moad/VigiWheels/jetsonNano/ros2_ws/install/interfaces/include/interfaces/interfaces/msg/detail/fire_sensor__rosidl_typesupport_fastrtps_c.h
[0.718s] -- Installing: /home/moad/VigiWheels/jetsonNano/ros2_ws/install/interfaces/include/interfaces/interfaces/msg/detail/general_data__rosidl_typesupport_fastrtps_c.h
[0.718s] -- Installing: /home/moad/VigiWheels/jetsonNano/ros2_ws/install/interfaces/include/interfaces/interfaces/msg/detail/steering_calibration__rosidl_typesupport_fastrtps_c.h
[0.718s] -- Installing: /home/moad/VigiWheels/jetsonNano/ros2_ws/install/interfaces/include/interfaces/interfaces/msg/detail/pressure_level__rosidl_typesupport_fastrtps_c.h
[0.719s] -- Installing: /home/moad/VigiWheels/jetsonNano/ros2_ws/install/interfaces/include/interfaces/interfaces/msg/detail/motors_order__rosidl_typesupport_fastrtps_c.h
[0.719s] -- Installing: /home/moad/VigiWheels/jetsonNano/ros2_ws/install/interfaces/include/interfaces/interfaces/msg/detail/obstacles_order__rosidl_typesupport_fastrtps_c.h
[0.719s] -- Installing: /home/moad/VigiWheels/jetsonNano/ros2_ws/install/interfaces/include/interfaces/interfaces/msg/detail/joystick_order__rosidl_typesupport_fastrtps_c.h
[0.719s] -- Installing: /home/moad/VigiWheels/jetsonNano/ros2_ws/install/interfaces/include/interfaces/interfaces/msg/detail/motors_feedback__rosidl_typesupport_fastrtps_c.h
[0.719s] -- Installing: /home/moad/VigiWheels/jetsonNano/ros2_ws/install/interfaces/lib/libinterfaces__rosidl_typesupport_fastrtps_c.so
[0.719s] -- Set runtime path of "/home/moad/VigiWheels/jetsonNano/ros2_ws/install/interfaces/lib/libinterfaces__rosidl_typesupport_fastrtps_c.so" to ""
[0.719s] -- Up-to-date: /home/moad/VigiWheels/jetsonNano/ros2_ws/install/interfaces/include/interfaces/interfaces
[0.719s] -- Up-to-date: /home/moad/VigiWheels/jetsonNano/ros2_ws/install/interfaces/include/interfaces/interfaces/msg
[0.719s] -- Installing: /home/moad/VigiWheels/jetsonNano/ros2_ws/install/interfaces/include/interfaces/interfaces/msg/gnss.hpp
[0.719s] -- Installing: /home/moad/VigiWheels/jetsonNano/ros2_ws/install/interfaces/include/interfaces/interfaces/msg/fire_sensor.hpp
[0.719s] -- Installing: /home/moad/VigiWheels/jetsonNano/ros2_ws/install/interfaces/include/interfaces/interfaces/msg/steering_calibration.hpp
[0.719s] -- Installing: /home/moad/VigiWheels/jetsonNano/ros2_ws/install/interfaces/include/interfaces/interfaces/msg/general_data.hpp
[0.720s] -- Installing: /home/moad/VigiWheels/jetsonNano/ros2_ws/install/interfaces/include/interfaces/interfaces/msg/emergency_alert_fire.hpp
[0.720s] -- Installing: /home/moad/VigiWheels/jetsonNano/ros2_ws/install/interfaces/include/interfaces/interfaces/msg/system_check.hpp
[0.720s] -- Installing: /home/moad/VigiWheels/jetsonNano/ros2_ws/install/interfaces/include/interfaces/interfaces/msg/servo_cam_order.hpp
[0.720s] -- Installing: /home/moad/VigiWheels/jetsonNano/ros2_ws/install/interfaces/include/interfaces/interfaces/msg/obstacles_order.hpp
[0.720s] -- Installing: /home/moad/VigiWheels/jetsonNano/ros2_ws/install/interfaces/include/interfaces/interfaces/msg/manometer_info.hpp
[0.720s] -- Installing: /home/moad/VigiWheels/jetsonNano/ros2_ws/install/interfaces/include/interfaces/interfaces/msg/joystick_order.hpp
[0.720s] -- Installing: /home/moad/VigiWheels/jetsonNano/ros2_ws/install/interfaces/include/interfaces/interfaces/msg/motors_order.hpp
[0.720s] -- Up-to-date: /home/moad/VigiWheels/jetsonNano/ros2_ws/install/interfaces/include/interfaces/interfaces/msg/detail
[0.720s] -- Installing: /home/moad/VigiWheels/jetsonNano/ros2_ws/install/interfaces/include/interfaces/interfaces/msg/detail/motors_order__traits.hpp
[0.720s] -- Installing: /home/moad/VigiWheels/jetsonNano/ros2_ws/install/interfaces/include/interfaces/interfaces/msg/detail/obstacles_order__struct.hpp
[0.720s] -- Installing: /home/moad/VigiWheels/jetsonNano/ros2_ws/install/interfaces/include/interfaces/interfaces/msg/detail/joystick_order__builder.hpp
[0.720s] -- Installing: /home/moad/VigiWheels/jetsonNano/ros2_ws/install/interfaces/include/interfaces/interfaces/msg/detail/fire_sensor__builder.hpp
[0.721s] -- Installing: /home/moad/VigiWheels/jetsonNano/ros2_ws/install/interfaces/include/interfaces/interfaces/msg/detail/obstacles_order__builder.hpp
[0.721s] -- Installing: /home/moad/VigiWheels/jetsonNano/ros2_ws/install/interfaces/include/interfaces/interfaces/msg/detail/gnss__traits.hpp
[0.721s] -- Installing: /home/moad/VigiWheels/jetsonNano/ros2_ws/install/interfaces/include/interfaces/interfaces/msg/detail/ultrasonic__struct.hpp
[0.721s] -- Installing: /home/moad/VigiWheels/jetsonNano/ros2_ws/install/interfaces/include/interfaces/interfaces/msg/detail/cam_pos_order__struct.hpp
[0.721s] -- Installing: /home/moad/VigiWheels/jetsonNano/ros2_ws/install/interfaces/include/interfaces/interfaces/msg/detail/fire_sensor__traits.hpp
[0.721s] -- Installing: /home/moad/VigiWheels/jetsonNano/ros2_ws/install/interfaces/include/interfaces/interfaces/msg/detail/joystick_order__traits.hpp
[0.721s] -- Installing: /home/moad/VigiWheels/jetsonNano/ros2_ws/install/interfaces/include/interfaces/interfaces/msg/detail/servo_cam_order__traits.hpp
[0.721s] -- Installing: /home/moad/VigiWheels/jetsonNano/ros2_ws/install/interfaces/include/interfaces/interfaces/msg/detail/pressure_level__traits.hpp
[0.721s] -- Installing: /home/moad/VigiWheels/jetsonNano/ros2_ws/install/interfaces/include/interfaces/interfaces/msg/detail/motors_feedback__builder.hpp
[0.721s] -- Installing: /home/moad/VigiWheels/jetsonNano/ros2_ws/install/interfaces/include/interfaces/interfaces/msg/detail/fire_sensor__struct.hpp
[0.721s] -- Installing: /home/moad/VigiWheels/jetsonNano/ros2_ws/install/interfaces/include/interfaces/interfaces/msg/detail/motors_order__struct.hpp
[0.721s] -- Installing: /home/moad/VigiWheels/jetsonNano/ros2_ws/install/interfaces/include/interfaces/interfaces/msg/detail/servo_cam_order__builder.hpp
[0.721s] -- Installing: /home/moad/VigiWheels/jetsonNano/ros2_ws/install/interfaces/include/interfaces/interfaces/msg/detail/gnss__builder.hpp
[0.722s] -- Installing: /home/moad/VigiWheels/jetsonNano/ros2_ws/install/interfaces/include/interfaces/interfaces/msg/detail/gnss__struct.hpp
[0.722s] -- Installing: /home/moad/VigiWheels/jetsonNano/ros2_ws/install/interfaces/include/interfaces/interfaces/msg/detail/general_data__struct.hpp
[0.722s] -- Installing: /home/moad/VigiWheels/jetsonNano/ros2_ws/install/interfaces/include/interfaces/interfaces/msg/detail/steering_calibration__builder.hpp
[0.722s] -- Installing: /home/moad/VigiWheels/jetsonNano/ros2_ws/install/interfaces/include/interfaces/interfaces/msg/detail/manometer_info__traits.hpp
[0.722s] -- Installing: /home/moad/VigiWheels/jetsonNano/ros2_ws/install/interfaces/include/interfaces/interfaces/msg/detail/system_check__struct.hpp
[0.722s] -- Installing: /home/moad/VigiWheels/jetsonNano/ros2_ws/install/interfaces/include/interfaces/interfaces/msg/detail/general_data__builder.hpp
[0.722s] -- Installing: /home/moad/VigiWheels/jetsonNano/ros2_ws/install/interfaces/include/interfaces/interfaces/msg/detail/general_data__traits.hpp
[0.722s] -- Installing: /home/moad/VigiWheels/jetsonNano/ros2_ws/install/interfaces/include/interfaces/interfaces/msg/detail/emergency_alert_fire__struct.hpp
[0.722s] -- Installing: /home/moad/VigiWheels/jetsonNano/ros2_ws/install/interfaces/include/interfaces/interfaces/msg/detail/steering_calibration__traits.hpp
[0.722s] -- Installing: /home/moad/VigiWheels/jetsonNano/ros2_ws/install/interfaces/include/interfaces/interfaces/msg/detail/motors_order__builder.hpp
[0.722s] -- Installing: /home/moad/VigiWheels/jetsonNano/ros2_ws/install/interfaces/include/interfaces/interfaces/msg/detail/system_check__traits.hpp
[0.722s] -- Installing: /home/moad/VigiWheels/jetsonNano/ros2_ws/install/interfaces/include/interfaces/interfaces/msg/detail/pressure_level__struct.hpp
[0.722s] -- Installing: /home/moad/VigiWheels/jetsonNano/ros2_ws/install/interfaces/include/interfaces/interfaces/msg/detail/motors_feedback__struct.hpp
[0.723s] -- Installing: /home/moad/VigiWheels/jetsonNano/ros2_ws/install/interfaces/include/interfaces/interfaces/msg/detail/ultrasonic__traits.hpp
[0.723s] -- Installing: /home/moad/VigiWheels/jetsonNano/ros2_ws/install/interfaces/include/interfaces/interfaces/msg/detail/cam_pos_order__builder.hpp
[0.723s] -- Installing: /home/moad/VigiWheels/jetsonNano/ros2_ws/install/interfaces/include/interfaces/interfaces/msg/detail/emergency_alert_fire__builder.hpp
[0.723s] -- Installing: /home/moad/VigiWheels/jetsonNano/ros2_ws/install/interfaces/include/interfaces/interfaces/msg/detail/system_check__builder.hpp
[0.723s] -- Installing: /home/moad/VigiWheels/jetsonNano/ros2_ws/install/interfaces/include/interfaces/interfaces/msg/detail/motors_feedback__traits.hpp
[0.723s] -- Installing: /home/moad/VigiWheels/jetsonNano/ros2_ws/install/interfaces/include/interfaces/interfaces/msg/detail/servo_cam_order__struct.hpp
[0.723s] -- Installing: /home/moad/VigiWheels/jetsonNano/ros2_ws/install/interfaces/include/interfaces/interfaces/msg/detail/ultrasonic__builder.hpp
[0.723s] -- Installing: /home/moad/VigiWheels/jetsonNano/ros2_ws/install/interfaces/include/interfaces/interfaces/msg/detail/steering_calibration__struct.hpp
[0.723s] -- Installing: /home/moad/VigiWheels/jetsonNano/ros2_ws/install/interfaces/include/interfaces/interfaces/msg/detail/emergency_alert_fire__traits.hpp
[0.723s] -- Installing: /home/moad/VigiWheels/jetsonNano/ros2_ws/install/interfaces/include/interfaces/interfaces/msg/detail/manometer_info__struct.hpp
[0.723s] -- Installing: /home/moad/VigiWheels/jetsonNano/ros2_ws/install/interfaces/include/interfaces/interfaces/msg/detail/joystick_order__struct.hpp
[0.723s] -- Installing: /home/moad/VigiWheels/jetsonNano/ros2_ws/install/interfaces/include/interfaces/interfaces/msg/detail/obstacles_order__traits.hpp
[0.724s] -- Installing: /home/moad/VigiWheels/jetsonNano/ros2_ws/install/interfaces/include/interfaces/interfaces/msg/detail/pressure_level__builder.hpp
[0.724s] -- Installing: /home/moad/VigiWheels/jetsonNano/ros2_ws/install/interfaces/include/interfaces/interfaces/msg/detail/manometer_info__builder.hpp
[0.724s] -- Installing: /home/moad/VigiWheels/jetsonNano/ros2_ws/install/interfaces/include/interfaces/interfaces/msg/detail/cam_pos_order__traits.hpp
[0.724s] -- Installing: /home/moad/VigiWheels/jetsonNano/ros2_ws/install/interfaces/include/interfaces/interfaces/msg/ultrasonic.hpp
[0.724s] -- Installing: /home/moad/VigiWheels/jetsonNano/ros2_ws/install/interfaces/include/interfaces/interfaces/msg/pressure_level.hpp
[0.724s] -- Installing: /home/moad/VigiWheels/jetsonNano/ros2_ws/install/interfaces/include/interfaces/interfaces/msg/cam_pos_order.hpp
[0.724s] -- Installing: /home/moad/VigiWheels/jetsonNano/ros2_ws/install/interfaces/include/interfaces/interfaces/msg/motors_feedback.hpp
[0.724s] -- Up-to-date: /home/moad/VigiWheels/jetsonNano/ros2_ws/install/interfaces/include/interfaces/interfaces
[0.724s] -- Up-to-date: /home/moad/VigiWheels/jetsonNano/ros2_ws/install/interfaces/include/interfaces/interfaces/msg
[0.724s] -- Up-to-date: /home/moad/VigiWheels/jetsonNano/ros2_ws/install/interfaces/include/interfaces/interfaces/msg/detail
[0.724s] -- Installing: /home/moad/VigiWheels/jetsonNano/ros2_ws/install/interfaces/include/interfaces/interfaces/msg/detail/motors_feedback__rosidl_typesupport_fastrtps_cpp.hpp
[0.724s] -- Installing: /home/moad/VigiWheels/jetsonNano/ros2_ws/install/interfaces/include/interfaces/interfaces/msg/detail/steering_calibration__rosidl_typesupport_fastrtps_cpp.hpp
[0.724s] -- Installing: /home/moad/VigiWheels/jetsonNano/ros2_ws/install/interfaces/include/interfaces/interfaces/msg/detail/motors_order__rosidl_typesupport_fastrtps_cpp.hpp
[0.725s] -- Installing: /home/moad/VigiWheels/jetsonNano/ros2_ws/install/interfaces/include/interfaces/interfaces/msg/detail/dds_fastrtps
[0.725s] -- Installing: /home/moad/VigiWheels/jetsonNano/ros2_ws/install/interfaces/include/interfaces/interfaces/msg/detail/fire_sensor__rosidl_typesupport_fastrtps_cpp.hpp
[0.725s] -- Installing: /home/moad/VigiWheels/jetsonNano/ros2_ws/install/interfaces/include/interfaces/interfaces/msg/detail/obstacles_order__rosidl_typesupport_fastrtps_cpp.hpp
[0.725s] -- Installing: /home/moad/VigiWheels/jetsonNano/ros2_ws/install/interfaces/include/interfaces/interfaces/msg/detail/cam_pos_order__rosidl_typesupport_fastrtps_cpp.hpp
[0.725s] -- Installing: /home/moad/VigiWheels/jetsonNano/ros2_ws/install/interfaces/include/interfaces/interfaces/msg/detail/pressure_level__rosidl_typesupport_fastrtps_cpp.hpp
[0.725s] -- Installing: /home/moad/VigiWheels/jetsonNano/ros2_ws/install/interfaces/include/interfaces/interfaces/msg/detail/system_check__rosidl_typesupport_fastrtps_cpp.hpp
[0.725s] -- Installing: /home/moad/VigiWheels/jetsonNano/ros2_ws/install/interfaces/include/interfaces/interfaces/msg/detail/manometer_info__rosidl_typesupport_fastrtps_cpp.hpp
[0.725s] -- Installing: /home/moad/VigiWheels/jetsonNano/ros2_ws/install/interfaces/include/interfaces/interfaces/msg/detail/general_data__rosidl_typesupport_fastrtps_cpp.hpp
[0.725s] -- Installing: /home/moad/VigiWheels/jetsonNano/ros2_ws/install/interfaces/include/interfaces/interfaces/msg/detail/gnss__rosidl_typesupport_fastrtps_cpp.hpp
[0.725s] -- Installing: /home/moad/VigiWheels/jetsonNano/ros2_ws/install/interfaces/include/interfaces/interfaces/msg/detail/joystick_order__rosidl_typesupport_fastrtps_cpp.hpp
[0.725s] -- Installing: /home/moad/VigiWheels/jetsonNano/ros2_ws/install/interfaces/include/interfaces/interfaces/msg/detail/servo_cam_order__rosidl_typesupport_fastrtps_cpp.hpp
[0.725s] -- Installing: /home/moad/VigiWheels/jetsonNano/ros2_ws/install/interfaces/include/interfaces/interfaces/msg/detail/ultrasonic__rosidl_typesupport_fastrtps_cpp.hpp
[0.725s] -- Installing: /home/moad/VigiWheels/jetsonNano/ros2_ws/install/interfaces/include/interfaces/interfaces/msg/detail/emergency_alert_fire__rosidl_typesupport_fastrtps_cpp.hpp
[0.726s] -- Installing: /home/moad/VigiWheels/jetsonNano/ros2_ws/install/interfaces/include/interfaces/interfaces/msg/rosidl_typesupport_fastrtps_cpp__visibility_control.h
[0.726s] -- Installing: /home/moad/VigiWheels/jetsonNano/ros2_ws/install/interfaces/lib/libinterfaces__rosidl_typesupport_fastrtps_cpp.so
[0.726s] -- Set runtime path of "/home/moad/VigiWheels/jetsonNano/ros2_ws/install/interfaces/lib/libinterfaces__rosidl_typesupport_fastrtps_cpp.so" to ""
[0.726s] -- Up-to-date: /home/moad/VigiWheels/jetsonNano/ros2_ws/install/interfaces/include/interfaces/interfaces
[0.726s] -- Up-to-date: /home/moad/VigiWheels/jetsonNano/ros2_ws/install/interfaces/include/interfaces/interfaces/msg
[0.726s] -- Up-to-date: /home/moad/VigiWheels/jetsonNano/ros2_ws/install/interfaces/include/interfaces/interfaces/msg/detail
[0.726s] -- Installing: /home/moad/VigiWheels/jetsonNano/ros2_ws/install/interfaces/include/interfaces/interfaces/msg/detail/gnss__rosidl_typesupport_introspection_c.h
[0.726s] -- Installing: /home/moad/VigiWheels/jetsonNano/ros2_ws/install/interfaces/include/interfaces/interfaces/msg/detail/servo_cam_order__rosidl_typesupport_introspection_c.h
[0.726s] -- Installing: /home/moad/VigiWheels/jetsonNano/ros2_ws/install/interfaces/include/interfaces/interfaces/msg/detail/manometer_info__rosidl_typesupport_introspection_c.h
[0.726s] -- Installing: /home/moad/VigiWheels/jetsonNano/ros2_ws/install/interfaces/include/interfaces/interfaces/msg/detail/fire_sensor__rosidl_typesupport_introspection_c.h
[0.726s] -- Installing: /home/moad/VigiWheels/jetsonNano/ros2_ws/install/interfaces/include/interfaces/interfaces/msg/detail/motors_order__type_support.c
[0.726s] -- Installing: /home/moad/VigiWheels/jetsonNano/ros2_ws/install/interfaces/include/interfaces/interfaces/msg/detail/motors_feedback__type_support.c
[0.726s] -- Installing: /home/moad/VigiWheels/jetsonNano/ros2_ws/install/interfaces/include/interfaces/interfaces/msg/detail/system_check__type_support.c
[0.727s] -- Installing: /home/moad/VigiWheels/jetsonNano/ros2_ws/install/interfaces/include/interfaces/interfaces/msg/detail/cam_pos_order__rosidl_typesupport_introspection_c.h
[0.727s] -- Installing: /home/moad/VigiWheels/jetsonNano/ros2_ws/install/interfaces/include/interfaces/interfaces/msg/detail/emergency_alert_fire__type_support.c
[0.727s] -- Installing: /home/moad/VigiWheels/jetsonNano/ros2_ws/install/interfaces/include/interfaces/interfaces/msg/detail/joystick_order__rosidl_typesupport_introspection_c.h
[0.727s] -- Installing: /home/moad/VigiWheels/jetsonNano/ros2_ws/install/interfaces/include/interfaces/interfaces/msg/detail/pressure_level__rosidl_typesupport_introspection_c.h
[0.727s] -- Installing: /home/moad/VigiWheels/jetsonNano/ros2_ws/install/interfaces/include/interfaces/interfaces/msg/detail/general_data__type_support.c
[0.727s] -- Installing: /home/moad/VigiWheels/jetsonNano/ros2_ws/install/interfaces/include/interfaces/interfaces/msg/detail/joystick_order__type_support.c
[0.727s] -- Installing: /home/moad/VigiWheels/jetsonNano/ros2_ws/install/interfaces/include/interfaces/interfaces/msg/detail/system_check__rosidl_typesupport_introspection_c.h
[0.727s] -- Installing: /home/moad/VigiWheels/jetsonNano/ros2_ws/install/interfaces/include/interfaces/interfaces/msg/detail/general_data__rosidl_typesupport_introspection_c.h
[0.727s] -- Installing: /home/moad/VigiWheels/jetsonNano/ros2_ws/install/interfaces/include/interfaces/interfaces/msg/detail/ultrasonic__type_support.c
[0.727s] -- Installing: /home/moad/VigiWheels/jetsonNano/ros2_ws/install/interfaces/include/interfaces/interfaces/msg/detail/motors_order__rosidl_typesupport_introspection_c.h
[0.727s] -- Installing: /home/moad/VigiWheels/jetsonNano/ros2_ws/install/interfaces/include/interfaces/interfaces/msg/detail/obstacles_order__type_support.c
[0.728s] -- Installing: /home/moad/VigiWheels/jetsonNano/ros2_ws/install/interfaces/include/interfaces/interfaces/msg/detail/ultrasonic__rosidl_typesupport_introspection_c.h
[0.728s] -- Installing: /home/moad/VigiWheels/jetsonNano/ros2_ws/install/interfaces/include/interfaces/interfaces/msg/detail/servo_cam_order__type_support.c
[0.728s] -- Installing: /home/moad/VigiWheels/jetsonNano/ros2_ws/install/interfaces/include/interfaces/interfaces/msg/detail/steering_calibration__rosidl_typesupport_introspection_c.h
[0.728s] -- Installing: /home/moad/VigiWheels/jetsonNano/ros2_ws/install/interfaces/include/interfaces/interfaces/msg/detail/cam_pos_order__type_support.c
[0.728s] -- Installing: /home/moad/VigiWheels/jetsonNano/ros2_ws/install/interfaces/include/interfaces/interfaces/msg/detail/emergency_alert_fire__rosidl_typesupport_introspection_c.h
[0.728s] -- Installing: /home/moad/VigiWheels/jetsonNano/ros2_ws/install/interfaces/include/interfaces/interfaces/msg/detail/fire_sensor__type_support.c
[0.728s] -- Installing: /home/moad/VigiWheels/jetsonNano/ros2_ws/install/interfaces/include/interfaces/interfaces/msg/detail/gnss__type_support.c
[0.728s] -- Installing: /home/moad/VigiWheels/jetsonNano/ros2_ws/install/interfaces/include/interfaces/interfaces/msg/detail/pressure_level__type_support.c
[0.728s] -- Installing: /home/moad/VigiWheels/jetsonNano/ros2_ws/install/interfaces/include/interfaces/interfaces/msg/detail/motors_feedback__rosidl_typesupport_introspection_c.h
[0.728s] -- Installing: /home/moad/VigiWheels/jetsonNano/ros2_ws/install/interfaces/include/interfaces/interfaces/msg/detail/obstacles_order__rosidl_typesupport_introspection_c.h
[0.728s] -- Installing: /home/moad/VigiWheels/jetsonNano/ros2_ws/install/interfaces/include/interfaces/interfaces/msg/detail/manometer_info__type_support.c
[0.728s] -- Installing: /home/moad/VigiWheels/jetsonNano/ros2_ws/install/interfaces/include/interfaces/interfaces/msg/detail/steering_calibration__type_support.c
[0.728s] -- Installing: /home/moad/VigiWheels/jetsonNano/ros2_ws/install/interfaces/include/interfaces/interfaces/msg/rosidl_typesupport_introspection_c__visibility_control.h
[0.729s] -- Installing: /home/moad/VigiWheels/jetsonNano/ros2_ws/install/interfaces/lib/libinterfaces__rosidl_typesupport_introspection_c.so
[0.729s] -- Set runtime path of "/home/moad/VigiWheels/jetsonNano/ros2_ws/install/interfaces/lib/libinterfaces__rosidl_typesupport_introspection_c.so" to ""
[0.729s] -- Installing: /home/moad/VigiWheels/jetsonNano/ros2_ws/install/interfaces/lib/libinterfaces__rosidl_typesupport_c.so
[0.729s] -- Set runtime path of "/home/moad/VigiWheels/jetsonNano/ros2_ws/install/interfaces/lib/libinterfaces__rosidl_typesupport_c.so" to ""
[0.729s] -- Up-to-date: /home/moad/VigiWheels/jetsonNano/ros2_ws/install/interfaces/include/interfaces/interfaces
[0.729s] -- Up-to-date: /home/moad/VigiWheels/jetsonNano/ros2_ws/install/interfaces/include/interfaces/interfaces/msg
[0.729s] -- Up-to-date: /home/moad/VigiWheels/jetsonNano/ros2_ws/install/interfaces/include/interfaces/interfaces/msg/detail
[0.729s] -- Installing: /home/moad/VigiWheels/jetsonNano/ros2_ws/install/interfaces/include/interfaces/interfaces/msg/detail/fire_sensor__rosidl_typesupport_introspection_cpp.hpp
[0.729s] -- Installing: /home/moad/VigiWheels/jetsonNano/ros2_ws/install/interfaces/include/interfaces/interfaces/msg/detail/general_data__rosidl_typesupport_introspection_cpp.hpp
[0.729s] -- Installing: /home/moad/VigiWheels/jetsonNano/ros2_ws/install/interfaces/include/interfaces/interfaces/msg/detail/cam_pos_order__rosidl_typesupport_introspection_cpp.hpp
[0.729s] -- Installing: /home/moad/VigiWheels/jetsonNano/ros2_ws/install/interfaces/include/interfaces/interfaces/msg/detail/ultrasonic__type_support.cpp
[0.729s] -- Installing: /home/moad/VigiWheels/jetsonNano/ros2_ws/install/interfaces/include/interfaces/interfaces/msg/detail/pressure_level__type_support.cpp
[0.729s] -- Installing: /home/moad/VigiWheels/jetsonNano/ros2_ws/install/interfaces/include/interfaces/interfaces/msg/detail/cam_pos_order__type_support.cpp
[0.729s] -- Installing: /home/moad/VigiWheels/jetsonNano/ros2_ws/install/interfaces/include/interfaces/interfaces/msg/detail/steering_calibration__type_support.cpp
[0.730s] -- Installing: /home/moad/VigiWheels/jetsonNano/ros2_ws/install/interfaces/include/interfaces/interfaces/msg/detail/joystick_order__type_support.cpp
[0.730s] -- Installing: /home/moad/VigiWheels/jetsonNano/ros2_ws/install/interfaces/include/interfaces/interfaces/msg/detail/servo_cam_order__rosidl_typesupport_introspection_cpp.hpp
[0.730s] -- Installing: /home/moad/VigiWheels/jetsonNano/ros2_ws/install/interfaces/include/interfaces/interfaces/msg/detail/motors_feedback__type_support.cpp
[0.730s] -- Installing: /home/moad/VigiWheels/jetsonNano/ros2_ws/install/interfaces/include/interfaces/interfaces/msg/detail/gnss__type_support.cpp
[0.730s] -- Installing: /home/moad/VigiWheels/jetsonNano/ros2_ws/install/interfaces/include/interfaces/interfaces/msg/detail/manometer_info__rosidl_typesupport_introspection_cpp.hpp
[0.730s] -- Installing: /home/moad/VigiWheels/jetsonNano/ros2_ws/install/interfaces/include/interfaces/interfaces/msg/detail/system_check__type_support.cpp
[0.730s] -- Installing: /home/moad/VigiWheels/jetsonNano/ros2_ws/install/interfaces/include/interfaces/interfaces/msg/detail/servo_cam_order__type_support.cpp
[0.730s] -- Installing: /home/moad/VigiWheels/jetsonNano/ros2_ws/install/interfaces/include/interfaces/interfaces/msg/detail/pressure_level__rosidl_typesupport_introspection_cpp.hpp
[0.730s] -- Installing: /home/moad/VigiWheels/jetsonNano/ros2_ws/install/interfaces/include/interfaces/interfaces/msg/detail/obstacles_order__type_support.cpp
[0.730s] -- Installing: /home/moad/VigiWheels/jetsonNano/ros2_ws/install/interfaces/include/interfaces/interfaces/msg/detail/manometer_info__type_support.cpp
[0.730s] -- Installing: /home/moad/VigiWheels/jetsonNano/ros2_ws/install/interfaces/include/interfaces/interfaces/msg/detail/obstacles_order__rosidl_typesupport_introspection_cpp.hpp
[0.730s] -- Installing: /home/moad/VigiWheels/jetsonNano/ros2_ws/install/interfaces/include/interfaces/interfaces/msg/detail/motors_feedback__rosidl_typesupport_introspection_cpp.hpp
[0.730s] -- Installing: /home/moad/VigiWheels/jetsonNano/ros2_ws/install/interfaces/include/interfaces/interfaces/msg/detail/emergency_alert_fire__rosidl_typesupport_introspection_cpp.hpp
[0.731s] -- Installing: /home/moad/VigiWheels/jetsonNano/ros2_ws/install/interfaces/include/interfaces/interfaces/msg/detail/steering_calibration__rosidl_typesupport_introspection_cpp.hpp
[0.731s] -- Installing: /home/moad/VigiWheels/jetsonNano/ros2_ws/install/interfaces/include/interfaces/interfaces/msg/detail/gnss__rosidl_typesupport_introspection_cpp.hpp
[0.731s] -- Installing: /home/moad/VigiWheels/jetsonNano/ros2_ws/install/interfaces/include/interfaces/interfaces/msg/detail/motors_order__rosidl_typesupport_introspection_cpp.hpp
[0.731s] -- Installing: /home/moad/VigiWheels/jetsonNano/ros2_ws/install/interfaces/include/interfaces/interfaces/msg/detail/system_check__rosidl_typesupport_introspection_cpp.hpp
[0.731s] -- Installing: /home/moad/VigiWheels/jetsonNano/ros2_ws/install/interfaces/include/interfaces/interfaces/msg/detail/general_data__type_support.cpp
[0.731s] -- Installing: /home/moad/VigiWheels/jetsonNano/ros2_ws/install/interfaces/include/interfaces/interfaces/msg/detail/fire_sensor__type_support.cpp
[0.731s] -- Installing: /home/moad/VigiWheels/jetsonNano/ros2_ws/install/interfaces/include/interfaces/interfaces/msg/detail/ultrasonic__rosidl_typesupport_introspection_cpp.hpp
[0.731s] -- Installing: /home/moad/VigiWheels/jetsonNano/ros2_ws/install/interfaces/include/interfaces/interfaces/msg/detail/emergency_alert_fire__type_support.cpp
[0.731s] -- Installing: /home/moad/VigiWheels/jetsonNano/ros2_ws/install/interfaces/include/interfaces/interfaces/msg/detail/joystick_order__rosidl_typesupport_introspection_cpp.hpp
[0.731s] -- Installing: /home/moad/VigiWheels/jetsonNano/ros2_ws/install/interfaces/include/interfaces/interfaces/msg/detail/motors_order__type_support.cpp
[0.731s] -- Installing: /home/moad/VigiWheels/jetsonNano/ros2_ws/install/interfaces/lib/libinterfaces__rosidl_typesupport_introspection_cpp.so
[0.731s] -- Set runtime path of "/home/moad/VigiWheels/jetsonNano/ros2_ws/install/interfaces/lib/libinterfaces__rosidl_typesupport_introspection_cpp.so" to ""
[0.731s] -- Installing: /home/moad/VigiWheels/jetsonNano/ros2_ws/install/interfaces/lib/libinterfaces__rosidl_typesupport_cpp.so
[0.732s] -- Set runtime path of "/home/moad/VigiWheels/jetsonNano/ros2_ws/install/interfaces/lib/libinterfaces__rosidl_typesupport_cpp.so" to ""
[0.732s] -- Installing: /home/moad/VigiWheels/jetsonNano/ros2_ws/install/interfaces/share/interfaces/environment/pythonpath.sh
[0.732s] -- Installing: /home/moad/VigiWheels/jetsonNano/ros2_ws/install/interfaces/share/interfaces/environment/pythonpath.dsv
[0.732s] -- Installing: /home/moad/VigiWheels/jetsonNano/ros2_ws/install/interfaces/local/lib/python3.10/dist-packages/interfaces-0.0.0-py3.10.egg-info
[0.732s] -- Installing: /home/moad/VigiWheels/jetsonNano/ros2_ws/install/interfaces/local/lib/python3.10/dist-packages/interfaces-0.0.0-py3.10.egg-info/SOURCES.txt
[0.732s] -- Installing: /home/moad/VigiWheels/jetsonNano/ros2_ws/install/interfaces/local/lib/python3.10/dist-packages/interfaces-0.0.0-py3.10.egg-info/dependency_links.txt
[0.732s] -- Installing: /home/moad/VigiWheels/jetsonNano/ros2_ws/install/interfaces/local/lib/python3.10/dist-packages/interfaces-0.0.0-py3.10.egg-info/top_level.txt
[0.732s] -- Installing: /home/moad/VigiWheels/jetsonNano/ros2_ws/install/interfaces/local/lib/python3.10/dist-packages/interfaces-0.0.0-py3.10.egg-info/PKG-INFO
[0.732s] -- Installing: /home/moad/VigiWheels/jetsonNano/ros2_ws/install/interfaces/local/lib/python3.10/dist-packages/interfaces
[0.732s] -- Installing: /home/moad/VigiWheels/jetsonNano/ros2_ws/install/interfaces/local/lib/python3.10/dist-packages/interfaces/interfaces_s__rosidl_typesupport_fastrtps_c.cpython-310-x86_64-linux-gnu.so
[0.732s] -- Installing: /home/moad/VigiWheels/jetsonNano/ros2_ws/install/interfaces/local/lib/python3.10/dist-packages/interfaces/_interfaces_s.ep.rosidl_typesupport_c.c
[0.732s] -- Installing: /home/moad/VigiWheels/jetsonNano/ros2_ws/install/interfaces/local/lib/python3.10/dist-packages/interfaces/interfaces_s__rosidl_typesupport_introspection_c.cpython-310-x86_64-linux-gnu.so
[0.732s] -- Installing: /home/moad/VigiWheels/jetsonNano/ros2_ws/install/interfaces/local/lib/python3.10/dist-packages/interfaces/_interfaces_s.ep.rosidl_typesupport_fastrtps_c.c
[0.733s] -- Installing: /home/moad/VigiWheels/jetsonNano/ros2_ws/install/interfaces/local/lib/python3.10/dist-packages/interfaces/_interfaces_s.ep.rosidl_typesupport_introspection_c.c
[0.733s] -- Installing: /home/moad/VigiWheels/jetsonNano/ros2_ws/install/interfaces/local/lib/python3.10/dist-packages/interfaces/msg
[0.733s] -- Installing: /home/moad/VigiWheels/jetsonNano/ros2_ws/install/interfaces/local/lib/python3.10/dist-packages/interfaces/msg/_steering_calibration_s.c
[0.733s] -- Installing: /home/moad/VigiWheels/jetsonNano/ros2_ws/install/interfaces/local/lib/python3.10/dist-packages/interfaces/msg/_cam_pos_order_s.c
[0.733s] -- Installing: /home/moad/VigiWheels/jetsonNano/ros2_ws/install/interfaces/local/lib/python3.10/dist-packages/interfaces/msg/_pressure_level_s.c
[0.733s] -- Installing: /home/moad/VigiWheels/jetsonNano/ros2_ws/install/interfaces/local/lib/python3.10/dist-packages/interfaces/msg/_ultrasonic_s.c
[0.733s] -- Installing: /home/moad/VigiWheels/jetsonNano/ros2_ws/install/interfaces/local/lib/python3.10/dist-packages/interfaces/msg/_gnss_s.c
[0.733s] -- Installing: /home/moad/VigiWheels/jetsonNano/ros2_ws/install/interfaces/local/lib/python3.10/dist-packages/interfaces/msg/_motors_order_s.c
[0.733s] -- Installing: /home/moad/VigiWheels/jetsonNano/ros2_ws/install/interfaces/local/lib/python3.10/dist-packages/interfaces/msg/_general_data.py
[0.733s] -- Installing: /home/moad/VigiWheels/jetsonNano/ros2_ws/install/interfaces/local/lib/python3.10/dist-packages/interfaces/msg/_motors_feedback.py
[0.733s] -- Installing: /home/moad/VigiWheels/jetsonNano/ros2_ws/install/interfaces/local/lib/python3.10/dist-packages/interfaces/msg/_cam_pos_order.py
[0.733s] -- Installing: /home/moad/VigiWheels/jetsonNano/ros2_ws/install/interfaces/local/lib/python3.10/dist-packages/interfaces/msg/_manometer_info.py
[0.733s] -- Installing: /home/moad/VigiWheels/jetsonNano/ros2_ws/install/interfaces/local/lib/python3.10/dist-packages/interfaces/msg/_system_check_s.c
[0.733s] -- Installing: /home/moad/VigiWheels/jetsonNano/ros2_ws/install/interfaces/local/lib/python3.10/dist-packages/interfaces/msg/_gnss.py
[0.734s] -- Installing: /home/moad/VigiWheels/jetsonNano/ros2_ws/install/interfaces/local/lib/python3.10/dist-packages/interfaces/msg/_servo_cam_order_s.c
[0.734s] -- Installing: /home/moad/VigiWheels/jetsonNano/ros2_ws/install/interfaces/local/lib/python3.10/dist-packages/interfaces/msg/_obstacles_order.py
[0.734s] -- Installing: /home/moad/VigiWheels/jetsonNano/ros2_ws/install/interfaces/local/lib/python3.10/dist-packages/interfaces/msg/_ultrasonic.py
[0.734s] -- Installing: /home/moad/VigiWheels/jetsonNano/ros2_ws/install/interfaces/local/lib/python3.10/dist-packages/interfaces/msg/__init__.py
[0.734s] -- Installing: /home/moad/VigiWheels/jetsonNano/ros2_ws/install/interfaces/local/lib/python3.10/dist-packages/interfaces/msg/_joystick_order_s.c
[0.734s] -- Installing: /home/moad/VigiWheels/jetsonNano/ros2_ws/install/interfaces/local/lib/python3.10/dist-packages/interfaces/msg/_servo_cam_order.py
[0.734s] -- Installing: /home/moad/VigiWheels/jetsonNano/ros2_ws/install/interfaces/local/lib/python3.10/dist-packages/interfaces/msg/_system_check.py
[0.734s] -- Installing: /home/moad/VigiWheels/jetsonNano/ros2_ws/install/interfaces/local/lib/python3.10/dist-packages/interfaces/msg/_motors_order.py
[0.734s] -- Installing: /home/moad/VigiWheels/jetsonNano/ros2_ws/install/interfaces/local/lib/python3.10/dist-packages/interfaces/msg/_obstacles_order_s.c
[0.734s] -- Installing: /home/moad/VigiWheels/jetsonNano/ros2_ws/install/interfaces/local/lib/python3.10/dist-packages/interfaces/msg/_motors_feedback_s.c
[0.734s] -- Installing: /home/moad/VigiWheels/jetsonNano/ros2_ws/install/interfaces/local/lib/python3.10/dist-packages/interfaces/msg/_joystick_order.py
[0.734s] -- Installing: /home/moad/VigiWheels/jetsonNano/ros2_ws/install/interfaces/local/lib/python3.10/dist-packages/interfaces/msg/_fire_sensor_s.c
[0.734s] -- Installing: /home/moad/VigiWheels/jetsonNano/ros2_ws/install/interfaces/local/lib/python3.10/dist-packages/interfaces/msg/_manometer_info_s.c
[0.735s] -- Installing: /home/moad/VigiWheels/jetsonNano/ros2_ws/install/interfaces/local/lib/python3.10/dist-packages/interfaces/msg/_general_data_s.c
[0.735s] -- Installing: /home/moad/VigiWheels/jetsonNano/ros2_ws/install/interfaces/local/lib/python3.10/dist-packages/interfaces/msg/_steering_calibration.py
[0.735s] -- Installing: /home/moad/VigiWheels/jetsonNano/ros2_ws/install/interfaces/local/lib/python3.10/dist-packages/interfaces/msg/_fire_sensor.py
[0.735s] -- Installing: /home/moad/VigiWheels/jetsonNano/ros2_ws/install/interfaces/local/lib/python3.10/dist-packages/interfaces/msg/_emergency_alert_fire_s.c
[0.735s] -- Installing: /home/moad/VigiWheels/jetsonNano/ros2_ws/install/interfaces/local/lib/python3.10/dist-packages/interfaces/msg/_emergency_alert_fire.py
[0.735s] -- Installing: /home/moad/VigiWheels/jetsonNano/ros2_ws/install/interfaces/local/lib/python3.10/dist-packages/interfaces/msg/_pressure_level.py
[0.735s] -- Installing: /home/moad/VigiWheels/jetsonNano/ros2_ws/install/interfaces/local/lib/python3.10/dist-packages/interfaces/interfaces_s__rosidl_typesupport_c.cpython-310-x86_64-linux-gnu.so
[0.735s] -- Installing: /home/moad/VigiWheels/jetsonNano/ros2_ws/install/interfaces/local/lib/python3.10/dist-packages/interfaces/__init__.py
[0.735s] -- Installing: /home/moad/VigiWheels/jetsonNano/ros2_ws/install/interfaces/local/lib/python3.10/dist-packages/interfaces/libinterfaces__rosidl_generator_py.so
[0.755s] Listing '/home/moad/VigiWheels/jetsonNano/ros2_ws/install/interfaces/local/lib/python3.10/dist-packages/interfaces'...
[0.755s] Compiling '/home/moad/VigiWheels/jetsonNano/ros2_ws/install/interfaces/local/lib/python3.10/dist-packages/interfaces/__init__.py'...
[0.756s] Listing '/home/moad/VigiWheels/jetsonNano/ros2_ws/install/interfaces/local/lib/python3.10/dist-packages/interfaces/msg'...
[0.756s] Compiling '/home/moad/VigiWheels/jetsonNano/ros2_ws/install/interfaces/local/lib/python3.10/dist-packages/interfaces/msg/__init__.py'...
[0.756s] Compiling '/home/moad/VigiWheels/jetsonNano/ros2_ws/install/interfaces/local/lib/python3.10/dist-packages/interfaces/msg/_cam_pos_order.py'...
[0.756s] Compiling '/home/moad/VigiWheels/jetsonNano/ros2_ws/install/interfaces/local/lib/python3.10/dist-packages/interfaces/msg/_emergency_alert_fire.py'...
[0.756s] Compiling '/home/moad/VigiWheels/jetsonNano/ros2_ws/install/interfaces/local/lib/python3.10/dist-packages/interfaces/msg/_fire_sensor.py'...
[0.756s] Compiling '/home/moad/VigiWheels/jetsonNano/ros2_ws/install/interfaces/local/lib/python3.10/dist-packages/interfaces/msg/_general_data.py'...
[0.756s] Compiling '/home/moad/VigiWheels/jetsonNano/ros2_ws/install/interfaces/local/lib/python3.10/dist-packages/interfaces/msg/_gnss.py'...
[0.756s] Compiling '/home/moad/VigiWheels/jetsonNano/ros2_ws/install/interfaces/local/lib/python3.10/dist-packages/interfaces/msg/_joystick_order.py'...
[0.756s] Compiling '/home/moad/VigiWheels/jetsonNano/ros2_ws/install/interfaces/local/lib/python3.10/dist-packages/interfaces/msg/_manometer_info.py'...
[0.756s] Compiling '/home/moad/VigiWheels/jetsonNano/ros2_ws/install/interfaces/local/lib/python3.10/dist-packages/interfaces/msg/_motors_feedback.py'...
[0.756s] Compiling '/home/moad/VigiWheels/jetsonNano/ros2_ws/install/interfaces/local/lib/python3.10/dist-packages/interfaces/msg/_motors_order.py'...
[0.757s] Compiling '/home/moad/VigiWheels/jetsonNano/ros2_ws/install/interfaces/local/lib/python3.10/dist-packages/interfaces/msg/_obstacles_order.py'...
[0.757s] Compiling '/home/moad/VigiWheels/jetsonNano/ros2_ws/install/interfaces/local/lib/python3.10/dist-packages/interfaces/msg/_pressure_level.py'...
[0.757s] Compiling '/home/moad/VigiWheels/jetsonNano/ros2_ws/install/interfaces/local/lib/python3.10/dist-packages/interfaces/msg/_servo_cam_order.py'...
[0.757s] Compiling '/home/moad/VigiWheels/jetsonNano/ros2_ws/install/interfaces/local/lib/python3.10/dist-packages/interfaces/msg/_steering_calibration.py'...
[0.757s] Compiling '/home/moad/VigiWheels/jetsonNano/ros2_ws/install/interfaces/local/lib/python3.10/dist-packages/interfaces/msg/_system_check.py'...
[0.758s] Compiling '/home/moad/VigiWheels/jetsonNano/ros2_ws/install/interfaces/local/lib/python3.10/dist-packages/interfaces/msg/_ultrasonic.py'...
[0.759s] -- Installing: /home/moad/VigiWheels/jetsonNano/ros2_ws/install/interfaces/local/lib/python3.10/dist-packages/interfaces/interfaces_s__rosidl_typesupport_fastrtps_c.cpython-310-x86_64-linux-gnu.so
[0.759s] -- Set runtime path of "/home/moad/VigiWheels/jetsonNano/ros2_ws/install/interfaces/local/lib/python3.10/dist-packages/interfaces/interfaces_s__rosidl_typesupport_fastrtps_c.cpython-310-x86_64-linux-gnu.so" to ""
[0.759s] -- Installing: /home/moad/VigiWheels/jetsonNano/ros2_ws/install/interfaces/local/lib/python3.10/dist-packages/interfaces/interfaces_s__rosidl_typesupport_introspection_c.cpython-310-x86_64-linux-gnu.so
[0.759s] -- Set runtime path of "/home/moad/VigiWheels/jetsonNano/ros2_ws/install/interfaces/local/lib/python3.10/dist-packages/interfaces/interfaces_s__rosidl_typesupport_introspection_c.cpython-310-x86_64-linux-gnu.so" to ""
[0.759s] -- Installing: /home/moad/VigiWheels/jetsonNano/ros2_ws/install/interfaces/local/lib/python3.10/dist-packages/interfaces/interfaces_s__rosidl_typesupport_c.cpython-310-x86_64-linux-gnu.so
[0.759s] -- Set runtime path of "/home/moad/VigiWheels/jetsonNano/ros2_ws/install/interfaces/local/lib/python3.10/dist-packages/interfaces/interfaces_s__rosidl_typesupport_c.cpython-310-x86_64-linux-gnu.so" to ""
[0.759s] -- Installing: /home/moad/VigiWheels/jetsonNano/ros2_ws/install/interfaces/lib/libinterfaces__rosidl_generator_py.so
[0.759s] -- Set runtime path of "/home/moad/VigiWheels/jetsonNano/ros2_ws/install/interfaces/lib/libinterfaces__rosidl_generator_py.so" to ""
[0.760s] -- Installing: /home/moad/VigiWheels/jetsonNano/ros2_ws/install/interfaces/share/interfaces/msg/JoystickOrder.idl
[0.760s] -- Installing: /home/moad/VigiWheels/jetsonNano/ros2_ws/install/interfaces/share/interfaces/msg/MotorsOrder.idl
[0.760s] -- Installing: /home/moad/VigiWheels/jetsonNano/ros2_ws/install/interfaces/share/interfaces/msg/MotorsFeedback.idl
[0.760s] -- Installing: /home/moad/VigiWheels/jetsonNano/ros2_ws/install/interfaces/share/interfaces/msg/GeneralData.idl
[0.760s] -- Installing: /home/moad/VigiWheels/jetsonNano/ros2_ws/install/interfaces/share/interfaces/msg/SteeringCalibration.idl
[0.760s] -- Installing: /home/moad/VigiWheels/jetsonNano/ros2_ws/install/interfaces/share/interfaces/msg/Ultrasonic.idl
[0.760s] -- Installing: /home/moad/VigiWheels/jetsonNano/ros2_ws/install/interfaces/share/interfaces/msg/Gnss.idl
[0.761s] -- Installing: /home/moad/VigiWheels/jetsonNano/ros2_ws/install/interfaces/share/interfaces/msg/SystemCheck.idl
[0.761s] -- Installing: /home/moad/VigiWheels/jetsonNano/ros2_ws/install/interfaces/share/interfaces/msg/ManometerInfo.idl
[0.761s] -- Installing: /home/moad/VigiWheels/jetsonNano/ros2_ws/install/interfaces/share/interfaces/msg/ObstaclesOrder.idl
[0.761s] -- Installing: /home/moad/VigiWheels/jetsonNano/ros2_ws/install/interfaces/share/interfaces/msg/ServoCamOrder.idl
[0.761s] -- Installing: /home/moad/VigiWheels/jetsonNano/ros2_ws/install/interfaces/share/interfaces/msg/CamPosOrder.idl
[0.761s] -- Installing: /home/moad/VigiWheels/jetsonNano/ros2_ws/install/interfaces/share/interfaces/msg/FireSensor.idl
[0.761s] -- Installing: /home/moad/VigiWheels/jetsonNano/ros2_ws/install/interfaces/share/interfaces/msg/EmergencyAlertFire.idl
[0.762s] -- Installing: /home/moad/VigiWheels/jetsonNano/ros2_ws/install/interfaces/share/interfaces/msg/PressureLevel.idl
[0.762s] -- Installing: /home/moad/VigiWheels/jetsonNano/ros2_ws/install/interfaces/share/interfaces/msg/JoystickOrder.msg
[0.762s] -- Installing: /home/moad/VigiWheels/jetsonNano/ros2_ws/install/interfaces/share/interfaces/msg/MotorsOrder.msg
[0.762s] -- Installing: /home/moad/VigiWheels/jetsonNano/ros2_ws/install/interfaces/share/interfaces/msg/MotorsFeedback.msg
[0.762s] -- Installing: /home/moad/VigiWheels/jetsonNano/ros2_ws/install/interfaces/share/interfaces/msg/GeneralData.msg
[0.762s] -- Installing: /home/moad/VigiWheels/jetsonNano/ros2_ws/install/interfaces/share/interfaces/msg/SteeringCalibration.msg
[0.762s] -- Installing: /home/moad/VigiWheels/jetsonNano/ros2_ws/install/interfaces/share/interfaces/msg/Ultrasonic.msg
[0.763s] -- Installing: /home/moad/VigiWheels/jetsonNano/ros2_ws/install/interfaces/share/interfaces/msg/Gnss.msg
[0.763s] -- Installing: /home/moad/VigiWheels/jetsonNano/ros2_ws/install/interfaces/share/interfaces/msg/SystemCheck.msg
[0.763s] -- Installing: /home/moad/VigiWheels/jetsonNano/ros2_ws/install/interfaces/share/interfaces/msg/ManometerInfo.msg
[0.763s] -- Installing: /home/moad/VigiWheels/jetsonNano/ros2_ws/install/interfaces/share/interfaces/msg/ObstaclesOrder.msg
[0.763s] -- Installing: /home/moad/VigiWheels/jetsonNano/ros2_ws/install/interfaces/share/interfaces/msg/ServoCamOrder.msg
[0.763s] -- Installing: /home/moad/VigiWheels/jetsonNano/ros2_ws/install/interfaces/share/interfaces/msg/CamPosOrder.msg
[0.763s] -- Installing: /home/moad/VigiWheels/jetsonNano/ros2_ws/install/interfaces/share/interfaces/msg/FireSensor.msg
[0.764s] -- Installing: /home/moad/VigiWheels/jetsonNano/ros2_ws/install/interfaces/share/interfaces/msg/EmergencyAlertFire.msg
[0.764s] -- Installing: /home/moad/VigiWheels/jetsonNano/ros2_ws/install/interfaces/share/interfaces/msg/PressureLevel.msg
[0.764s] -- Installing: /home/moad/VigiWheels/jetsonNano/ros2_ws/install/interfaces/share/ament_index/resource_index/package_run_dependencies/interfaces
[0.764s] -- Installing: /home/moad/VigiWheels/jetsonNano/ros2_ws/install/interfaces/share/ament_index/resource_index/parent_prefix_path/interfaces
[0.764s] -- Installing: /home/moad/VigiWheels/jetsonNano/ros2_ws/install/interfaces/share/interfaces/environment/ament_prefix_path.sh
[0.764s] -- Installing: /home/moad/VigiWheels/jetsonNano/ros2_ws/install/interfaces/share/interfaces/environment/ament_prefix_path.dsv
[0.764s] -- Installing: /home/moad/VigiWheels/jetsonNano/ros2_ws/install/interfaces/share/interfaces/environment/path.sh
[0.765s] -- Installing: /home/moad/VigiWheels/jetsonNano/ros2_ws/install/interfaces/share/interfaces/environment/path.dsv
[0.765s] -- Installing: /home/moad/VigiWheels/jetsonNano/ros2_ws/install/interfaces/share/interfaces/local_setup.bash
[0.765s] -- Installing: /home/moad/VigiWheels/jetsonNano/ros2_ws/install/interfaces/share/interfaces/local_setup.sh
[0.765s] -- Installing: /home/moad/VigiWheels/jetsonNano/ros2_ws/install/interfaces/share/interfaces/local_setup.zsh
[0.765s] -- Installing: /home/moad/VigiWheels/jetsonNano/ros2_ws/install/interfaces/share/interfaces/local_setup.dsv
[0.765s] -- Installing: /home/moad/VigiWheels/jetsonNano/ros2_ws/install/interfaces/share/interfaces/package.dsv
[0.765s] -- Installing: /home/moad/VigiWheels/jetsonNano/ros2_ws/install/interfaces/share/ament_index/resource_index/packages/interfaces
[0.766s] -- Installing: /home/moad/VigiWheels/jetsonNano/ros2_ws/install/interfaces/share/interfaces/cmake/export_interfaces__rosidl_generator_cExport.cmake
[0.766s] -- Installing: /home/moad/VigiWheels/jetsonNano/ros2_ws/install/interfaces/share/interfaces/cmake/export_interfaces__rosidl_generator_cExport-noconfig.cmake
[0.766s] -- Installing: /home/moad/VigiWheels/jetsonNano/ros2_ws/install/interfaces/share/interfaces/cmake/export_interfaces__rosidl_typesupport_fastrtps_cExport.cmake
[0.766s] -- Installing: /home/moad/VigiWheels/jetsonNano/ros2_ws/install/interfaces/share/interfaces/cmake/export_interfaces__rosidl_typesupport_fastrtps_cExport-noconfig.cmake
[0.766s] -- Installing: /home/moad/VigiWheels/jetsonNano/ros2_ws/install/interfaces/share/interfaces/cmake/export_interfaces__rosidl_generator_cppExport.cmake
[0.766s] -- Installing: /home/moad/VigiWheels/jetsonNano/ros2_ws/install/interfaces/share/interfaces/cmake/export_interfaces__rosidl_typesupport_fastrtps_cppExport.cmake
[0.767s] -- Installing: /home/moad/VigiWheels/jetsonNano/ros2_ws/install/interfaces/share/interfaces/cmake/export_interfaces__rosidl_typesupport_fastrtps_cppExport-noconfig.cmake
[0.767s] -- Installing: /home/moad/VigiWheels/jetsonNano/ros2_ws/install/interfaces/share/interfaces/cmake/interfaces__rosidl_typesupport_introspection_cExport.cmake
[0.767s] -- Installing: /home/moad/VigiWheels/jetsonNano/ros2_ws/install/interfaces/share/interfaces/cmake/interfaces__rosidl_typesupport_introspection_cExport-noconfig.cmake
[0.767s] -- Installing: /home/moad/VigiWheels/jetsonNano/ros2_ws/install/interfaces/share/interfaces/cmake/interfaces__rosidl_typesupport_cExport.cmake
[0.767s] -- Installing: /home/moad/VigiWheels/jetsonNano/ros2_ws/install/interfaces/share/interfaces/cmake/interfaces__rosidl_typesupport_cExport-noconfig.cmake
[0.767s] -- Installing: /home/moad/VigiWheels/jetsonNano/ros2_ws/install/interfaces/share/interfaces/cmake/interfaces__rosidl_typesupport_introspection_cppExport.cmake
[0.768s] -- Installing: /home/moad/VigiWheels/jetsonNano/ros2_ws/install/interfaces/share/interfaces/cmake/interfaces__rosidl_typesupport_introspection_cppExport-noconfig.cmake
[0.768s] -- Installing: /home/moad/VigiWheels/jetsonNano/ros2_ws/install/interfaces/share/interfaces/cmake/interfaces__rosidl_typesupport_cppExport.cmake
[0.768s] -- Installing: /home/moad/VigiWheels/jetsonNano/ros2_ws/install/interfaces/share/interfaces/cmake/interfaces__rosidl_typesupport_cppExport-noconfig.cmake
[0.768s] -- Installing: /home/moad/VigiWheels/jetsonNano/ros2_ws/install/interfaces/share/interfaces/cmake/export_interfaces__rosidl_generator_pyExport.cmake
[0.769s] -- Installing: /home/moad/VigiWheels/jetsonNano/ros2_ws/install/interfaces/share/interfaces/cmake/export_interfaces__rosidl_generator_pyExport-noconfig.cmake
[0.769s] -- Installing: /home/moad/VigiWheels/jetsonNano/ros2_ws/install/interfaces/share/interfaces/cmake/rosidl_cmake-extras.cmake
[0.769s] -- Installing: /home/moad/VigiWheels/jetsonNano/ros2_ws/install/interfaces/share/interfaces/cmake/ament_cmake_export_include_directories-extras.cmake
[0.769s] -- Installing: /home/moad/VigiWheels/jetsonNano/ros2_ws/install/interfaces/share/interfaces/cmake/ament_cmake_export_libraries-extras.cmake
[0.769s] -- Installing: /home/moad/VigiWheels/jetsonNano/ros2_ws/install/interfaces/share/interfaces/cmake/ament_cmake_export_targets-extras.cmake
[0.769s] -- Installing: /home/moad/VigiWheels/jetsonNano/ros2_ws/install/interfaces/share/interfaces/cmake/rosidl_cmake_export_typesupport_targets-extras.cmake
[0.770s] -- Installing: /home/moad/VigiWheels/jetsonNano/ros2_ws/install/interfaces/share/interfaces/cmake/ament_cmake_export_dependencies-extras.cmake
[0.770s] -- Installing: /home/moad/VigiWheels/jetsonNano/ros2_ws/install/interfaces/share/interfaces/cmake/rosidl_cmake_export_typesupport_libraries-extras.cmake
[0.770s] -- Installing: /home/moad/VigiWheels/jetsonNano/ros2_ws/install/interfaces/share/interfaces/cmake/interfacesConfig.cmake
[0.770s] -- Installing: /home/moad/VigiWheels/jetsonNano/ros2_ws/install/interfaces/share/interfaces/cmake/interfacesConfig-version.cmake
[0.770s] -- Installing: /home/moad/VigiWheels/jetsonNano/ros2_ws/install/interfaces/share/interfaces/package.xml
[0.772s] Invoked command in '/home/moad/VigiWheels/jetsonNano/ros2_ws/build/interfaces' returned '0': CMAKE_PREFIX_PATH=${CMAKE_PREFIX_PATH}:/home/moad/VigiWheels/jetsonNano/ros2_ws/install/pressure_level:/home/moad/VigiWheels/jetsonNano/ros2_ws/install/manometer_detection:/home/moad/ros2_ws/install/pressure_level:/home/moad/ros2_ws/install/my_robot_controller:/home/moad/ros2_ws/install/manometer_detection:/opt/ros/humble /usr/bin/cmake --install /home/moad/VigiWheels/jetsonNano/ros2_ws/build/interfaces
