[0.183s] Invoking command in '/home/insa/Desktop/VigiWheels2.0/raspberryPI3/ros2_ws/build/imu_filter_madgwick': CMAKE_PREFIX_PATH=${CMAKE_PREFIX_PATH}:/opt/ros/humble /usr/bin/cmake --build /home/insa/Desktop/VigiWheels2.0/raspberryPI3/ros2_ws/build/imu_filter_madgwick -- -j8 -l8
[0.228s] [  7%] [32mBuilding CXX object gtest/CMakeFiles/gtest_main.dir/src/gtest_main.cc.o[0m
[0.229s] [ 14%] [32mBuilding CXX object CMakeFiles/imu_filter_madgwick.dir/src/imu_filter_ros.cpp.o[0m
[0.233s] [ 21%] [32mBuilding CXX object CMakeFiles/imu_filter_madgwick.dir/src/stateless_orientation.cpp.o[0m
[0.237s] [ 28%] [32mBuilding CXX object CMakeFiles/imu_filter_madgwick.dir/src/imu_filter.cpp.o[0m
[0.241s] [ 35%] [32mBuilding CXX object gtest/CMakeFiles/gtest.dir/src/gtest-all.cc.o[0m
[1.403s] [ 42%] [32m[1mLinking CXX static library libgtest_main.a[0m
[1.602s] [ 42%] Built target gtest_main
[5.600s] [ 50%] [32m[1mLinking CXX static library libgtest.a[0m
[5.874s] [ 50%] Built target gtest
[20.227s] [ 57%] [32m[1mLinking CXX shared library libimu_filter_madgwick.so[0m
[21.649s] [ 57%] Built target imu_filter_madgwick
[21.665s] [ 64%] [32mBuilding CXX object test/CMakeFiles/madgwick_test.dir/madgwick_test.cpp.o[0m
[21.666s] [ 71%] [32mBuilding CXX object test/CMakeFiles/stateless_orientation_test.dir/stateless_orientation_test.cpp.o[0m
[21.670s] [ 78%] [32mBuilding CXX object CMakeFiles/imu_filter_madgwick_node.dir/src/imu_filter_node.cpp.o[0m
[22.851s] [ 85%] [32m[1mLinking CXX executable madgwick_test[0m
[23.267s] [ 92%] [32m[1mLinking CXX executable stateless_orientation_test[0m
[23.378s] [ 92%] Built target madgwick_test
[23.843s] [ 92%] Built target stateless_orientation_test
[24.332s] [100%] [32m[1mLinking CXX executable imu_filter_madgwick_node[0m
[24.586s] [100%] Built target imu_filter_madgwick_node
