-- Found ament_cmake: 1.3.6 (/opt/ros/humble/share/ament_cmake/cmake)
-- Found rclcpp: 16.0.7 (/opt/ros/humble/share/rclcpp/cmake)
-- Found rosidl_generator_c: 3.1.5 (/opt/ros/humble/share/rosidl_generator_c/cmake)
-- Found rosidl_adapter: 3.1.5 (/opt/ros/humble/share/rosidl_adapter/cmake)
-- Found rosidl_generator_cpp: 3.1.5 (/opt/ros/humble/share/rosidl_generator_cpp/cmake)
-- Using all available rosidl_typesupport_c: rosidl_typesupport_fastrtps_c;rosidl_typesupport_introspection_c
-- Using all available rosidl_typesupport_cpp: rosidl_typesupport_fastrtps_cpp;rosidl_typesupport_introspection_cpp
-- Found rmw_implementation_cmake: 6.1.1 (/opt/ros/humble/share/rmw_implementation_cmake/cmake)
-- Found rmw_fastrtps_cpp: 6.2.5 (/opt/ros/humble/share/rmw_fastrtps_cpp/cmake)
-- Using RMW implementation 'rmw_fastrtps_cpp' as default
-- Found sensor_msgs: 4.2.3 (/opt/ros/humble/share/sensor_msgs/cmake)
-- Found interfaces: 0.0.0 (/home/moad/VigiWheels/jetsonNano/ros2_ws/install/interfaces/share/interfaces/cmake)
-- Found ament_lint_auto: 0.12.9 (/opt/ros/humble/share/ament_lint_auto/cmake)
-- Added test 'cppcheck' to perform static code analysis on C / C++ code
-- Configured cppcheck include dirs: $<BUILD_INTERFACE:/home/moad/VigiWheels/jetsonNano/ros2_ws/src/system_check_ack/include>
-- Configured cppcheck exclude dirs and/or files: 
-- Added test 'lint_cmake' to check CMake code style
-- Added test 'uncrustify' to check C / C++ code style
-- Configured uncrustify additional arguments: 
-- Added test 'xmllint' to check XML markup files
-- Configuring done
-- Generating done
-- Build files have been written to: /home/moad/VigiWheels/jetsonNano/ros2_ws/build/system_check_ack
[35m[1mConsolidate compiler generated dependencies of target system_check_ack_node[0m
[ 50%] [32mBuilding CXX object CMakeFiles/system_check_ack_node.dir/src/system_check_ack_node.cpp.o[0m
[100%] [32m[1mLinking CXX executable system_check_ack_node[0m
[100%] Built target system_check_ack_node
-- Install configuration: ""
-- Installing: /home/moad/VigiWheels/jetsonNano/ros2_ws/install/system_check_ack/lib/system_check_ack/system_check_ack_node
-- Set runtime path of "/home/moad/VigiWheels/jetsonNano/ros2_ws/install/system_check_ack/lib/system_check_ack/system_check_ack_node" to ""
-- Up-to-date: /home/moad/VigiWheels/jetsonNano/ros2_ws/install/system_check_ack/share/ament_index/resource_index/package_run_dependencies/system_check_ack
-- Installing: /home/moad/VigiWheels/jetsonNano/ros2_ws/install/system_check_ack/share/ament_index/resource_index/parent_prefix_path/system_check_ack
-- Up-to-date: /home/moad/VigiWheels/jetsonNano/ros2_ws/install/system_check_ack/share/system_check_ack/environment/ament_prefix_path.sh
-- Installing: /home/moad/VigiWheels/jetsonNano/ros2_ws/install/system_check_ack/share/system_check_ack/environment/ament_prefix_path.dsv
-- Up-to-date: /home/moad/VigiWheels/jetsonNano/ros2_ws/install/system_check_ack/share/system_check_ack/environment/path.sh
-- Installing: /home/moad/VigiWheels/jetsonNano/ros2_ws/install/system_check_ack/share/system_check_ack/environment/path.dsv
-- Up-to-date: /home/moad/VigiWheels/jetsonNano/ros2_ws/install/system_check_ack/share/system_check_ack/local_setup.bash
-- Up-to-date: /home/moad/VigiWheels/jetsonNano/ros2_ws/install/system_check_ack/share/system_check_ack/local_setup.sh
-- Up-to-date: /home/moad/VigiWheels/jetsonNano/ros2_ws/install/system_check_ack/share/system_check_ack/local_setup.zsh
-- Installing: /home/moad/VigiWheels/jetsonNano/ros2_ws/install/system_check_ack/share/system_check_ack/local_setup.dsv
-- Installing: /home/moad/VigiWheels/jetsonNano/ros2_ws/install/system_check_ack/share/system_check_ack/package.dsv
-- Up-to-date: /home/moad/VigiWheels/jetsonNano/ros2_ws/install/system_check_ack/share/ament_index/resource_index/packages/system_check_ack
-- Up-to-date: /home/moad/VigiWheels/jetsonNano/ros2_ws/install/system_check_ack/share/system_check_ack/cmake/system_check_ackConfig.cmake
-- Up-to-date: /home/moad/VigiWheels/jetsonNano/ros2_ws/install/system_check_ack/share/system_check_ack/cmake/system_check_ackConfig-version.cmake
-- Up-to-date: /home/moad/VigiWheels/jetsonNano/ros2_ws/install/system_check_ack/share/system_check_ack/package.xml
