[35m[1mConsolidate compiler generated dependencies of target serial_writing_node[0m
[ 66%] Built target serial_reading_node
[ 66%] Built target processing_data_fire_node
[ 83%] [32mBuilding CXX object CMakeFiles/serial_writing_node.dir/src/serial_writing.cpp.o[0m
[01m[K/home/insa/Desktop/VigiWheels/raspberryPI3/ros2_ws/src/fire_detection/src/serial_writing.cpp:[m[K In member function ‘[01m[Kint SerialWritingNode::EmergencyAlertFireCallBack()[m[K’:
[01m[K/home/insa/Desktop/VigiWheels/raspberryPI3/ros2_ws/src/fire_detection/src/serial_writing.cpp:110:38:[m[K [01;35m[Kwarning: [m[K‘[01m[Kssize_t write(int, const void*, size_t)[m[K’ reading 10 bytes from a region of size 7 [[01;35m[K]8;;https://gcc.gnu.org/onlinedocs/gcc/Warning-Options.html#index-Wstringop-overread-Wstringop-overread]8;;[m[K]
  110 |             int bytes_written = [01;35m[Kwrite(serial_port, "Johann", 10)[m[K;
      |                                 [01;35m[K~~~~~^~~~~~~~~~~~~~~~~~~~~~~~~~~[m[K
In file included from [01m[K/home/insa/Desktop/VigiWheels/raspberryPI3/ros2_ws/src/fire_detection/src/serial_writing.cpp:3[m[K:
[01m[K/usr/include/unistd.h:378:16:[m[K [01;36m[Knote: [m[Kin a call to function ‘[01m[Kssize_t write(int, const void*, size_t)[m[K’ declared with attribute ‘[01m[Kaccess (read_only, 2, 3)[m[K’
  378 | extern ssize_t [01;36m[Kwrite[m[K (int __fd, const void *__buf, size_t __n) __wur
      |                [01;36m[K^~~~~[m[K
[100%] [32m[1mLinking CXX executable serial_writing_node[0m
[100%] Built target serial_writing_node
-- Install configuration: ""
-- Up-to-date: /home/insa/Desktop/VigiWheels/raspberryPI3/ros2_ws/install/fire_detection/lib/fire_detection/serial_reading_node
-- Up-to-date: /home/insa/Desktop/VigiWheels/raspberryPI3/ros2_ws/install/fire_detection/lib/fire_detection/processing_data_fire_node
-- Installing: /home/insa/Desktop/VigiWheels/raspberryPI3/ros2_ws/install/fire_detection/lib/fire_detection/serial_writing_node
-- Set runtime path of "/home/insa/Desktop/VigiWheels/raspberryPI3/ros2_ws/install/fire_detection/lib/fire_detection/serial_writing_node" to ""
-- Up-to-date: /home/insa/Desktop/VigiWheels/raspberryPI3/ros2_ws/install/fire_detection/share/ament_index/resource_index/package_run_dependencies/fire_detection
-- Up-to-date: /home/insa/Desktop/VigiWheels/raspberryPI3/ros2_ws/install/fire_detection/share/ament_index/resource_index/parent_prefix_path/fire_detection
-- Up-to-date: /home/insa/Desktop/VigiWheels/raspberryPI3/ros2_ws/install/fire_detection/share/fire_detection/environment/ament_prefix_path.sh
-- Up-to-date: /home/insa/Desktop/VigiWheels/raspberryPI3/ros2_ws/install/fire_detection/share/fire_detection/environment/ament_prefix_path.dsv
-- Up-to-date: /home/insa/Desktop/VigiWheels/raspberryPI3/ros2_ws/install/fire_detection/share/fire_detection/environment/path.sh
-- Up-to-date: /home/insa/Desktop/VigiWheels/raspberryPI3/ros2_ws/install/fire_detection/share/fire_detection/environment/path.dsv
-- Up-to-date: /home/insa/Desktop/VigiWheels/raspberryPI3/ros2_ws/install/fire_detection/share/fire_detection/local_setup.bash
-- Up-to-date: /home/insa/Desktop/VigiWheels/raspberryPI3/ros2_ws/install/fire_detection/share/fire_detection/local_setup.sh
-- Up-to-date: /home/insa/Desktop/VigiWheels/raspberryPI3/ros2_ws/install/fire_detection/share/fire_detection/local_setup.zsh
-- Up-to-date: /home/insa/Desktop/VigiWheels/raspberryPI3/ros2_ws/install/fire_detection/share/fire_detection/local_setup.dsv
-- Installing: /home/insa/Desktop/VigiWheels/raspberryPI3/ros2_ws/install/fire_detection/share/fire_detection/package.dsv
-- Up-to-date: /home/insa/Desktop/VigiWheels/raspberryPI3/ros2_ws/install/fire_detection/share/ament_index/resource_index/packages/fire_detection
-- Up-to-date: /home/insa/Desktop/VigiWheels/raspberryPI3/ros2_ws/install/fire_detection/share/fire_detection/cmake/fire_detectionConfig.cmake
-- Up-to-date: /home/insa/Desktop/VigiWheels/raspberryPI3/ros2_ws/install/fire_detection/share/fire_detection/cmake/fire_detectionConfig-version.cmake
-- Up-to-date: /home/insa/Desktop/VigiWheels/raspberryPI3/ros2_ws/install/fire_detection/share/fire_detection/package.xml
