[0.064s] Invoking command in '/home/moad/VigiWheels/jetsonNano/ros2_ws/build/interfaces': CMAKE_PREFIX_PATH=${CMAKE_PREFIX_PATH}:/home/moad/VigiWheels/jetsonNano/ros2_ws/src/install/manometer_detection:/home/moad/VigiWheels/jetsonNano/ros2_ws/install/manometer_detection:/home/moad/ros2_ws/install/my_robot_controller:/home/moad/ros2_ws/install/manometer_detection:/opt/ros/humble /usr/bin/cmake --build /home/moad/VigiWheels/jetsonNano/ros2_ws/build/interfaces -- -j12 -l12
[0.085s] -- Found ament_cmake: 1.3.6 (/opt/ros/humble/share/ament_cmake/cmake)
[0.187s] -- Found rclcpp: 16.0.7 (/opt/ros/humble/share/rclcpp/cmake)
[0.206s] -- Found rosidl_generator_c: 3.1.5 (/opt/ros/humble/share/rosidl_generator_c/cmake)
[0.207s] -- Found rosidl_adapter: 3.1.5 (/opt/ros/humble/share/rosidl_adapter/cmake)
[0.211s] -- Found rosidl_generator_cpp: 3.1.5 (/opt/ros/humble/share/rosidl_generator_cpp/cmake)
[0.219s] -- Using all available rosidl_typesupport_c: rosidl_typesupport_fastrtps_c;rosidl_typesupport_introspection_c
[0.229s] -- Using all available rosidl_typesupport_cpp: rosidl_typesupport_fastrtps_cpp;rosidl_typesupport_introspection_cpp
[0.268s] -- Found rmw_implementation_cmake: 6.1.1 (/opt/ros/humble/share/rmw_implementation_cmake/cmake)
[0.269s] -- Found rmw_fastrtps_cpp: 6.2.5 (/opt/ros/humble/share/rmw_fastrtps_cpp/cmake)
[0.346s] -- Using RMW implementation 'rmw_fastrtps_cpp' as default
[0.451s] -- Found rosidl_default_generators: 1.2.0 (/opt/ros/humble/share/rosidl_default_generators/cmake)
[0.662s] -- Found ament_cmake_ros: 0.10.0 (/opt/ros/humble/share/ament_cmake_ros/cmake)
[0.876s] -- Using all available rosidl_typesupport_c: rosidl_typesupport_fastrtps_c;rosidl_typesupport_introspection_c
[0.961s] -- Using all available rosidl_typesupport_cpp: rosidl_typesupport_fastrtps_cpp;rosidl_typesupport_introspection_cpp
[0.978s] -- Found python_cmake_module: 0.10.0 (/opt/ros/humble/share/python_cmake_module/cmake)
[0.996s] -- Using PYTHON_EXECUTABLE: /usr/bin/python3
[0.996s] -- Using PYTHON_INCLUDE_DIRS: /usr/include/python3.10
[0.996s] -- Using PYTHON_LIBRARIES: /usr/lib/x86_64-linux-gnu/libpython3.10.so
[1.007s] -- Found ament_lint_auto: 0.12.9 (/opt/ros/humble/share/ament_lint_auto/cmake)
[1.032s] -- Added test 'cppcheck' to perform static code analysis on C / C++ code
[1.033s] -- Configured cppcheck include dirs: 
[1.033s] -- Configured cppcheck exclude dirs and/or files: 
[1.036s] -- Added test 'flake8' to check Python code syntax and style conventions
[1.041s] -- Added test 'lint_cmake' to check CMake code style
[1.043s] -- Added test 'pep257' to check Python code against some of the docstring style conventions in PEP 257
[1.062s] -- Added test 'uncrustify' to check C / C++ code style
[1.062s] -- Configured uncrustify additional arguments: 
[1.065s] -- Added test 'xmllint' to check XML markup files
[1.067s] -- Configuring done
[1.110s] -- Generating done
[1.112s] -- Build files have been written to: /home/moad/VigiWheels/jetsonNano/ros2_ws/build/interfaces
[1.130s] [  1%] [34m[1mGenerating C code for ROS interfaces[0m
[1.137s] [  2%] [34m[1mGenerating C++ code for ROS interfaces[0m
[1.157s] [  2%] Built target ament_cmake_python_copy_interfaces
[1.313s] running egg_info
[1.313s] writing interfaces.egg-info/PKG-INFO
[1.313s] writing dependency_links to interfaces.egg-info/dependency_links.txt
[1.313s] writing top-level names to interfaces.egg-info/top_level.txt
[1.314s] reading manifest file 'interfaces.egg-info/SOURCES.txt'
[1.315s] writing manifest file 'interfaces.egg-info/SOURCES.txt'
[1.332s] [  2%] Built target ament_cmake_python_build_interfaces_egg
[1.830s] [35m[1mConsolidate compiler generated dependencies of target interfaces__rosidl_generator_c[0m
[1.841s] [  3%] [32mBuilding C object CMakeFiles/interfaces__rosidl_generator_c.dir/rosidl_generator_c/interfaces/msg/detail/motors_feedback__functions.c.o[0m
[1.842s] [  4%] [32mBuilding C object CMakeFiles/interfaces__rosidl_generator_c.dir/rosidl_generator_c/interfaces/msg/detail/joystick_order__functions.c.o[0m
[1.843s] [  5%] [32mBuilding C object CMakeFiles/interfaces__rosidl_generator_c.dir/rosidl_generator_c/interfaces/msg/detail/motors_order__functions.c.o[0m
[1.843s] [  6%] [32mBuilding C object CMakeFiles/interfaces__rosidl_generator_c.dir/rosidl_generator_c/interfaces/msg/detail/general_data__functions.c.o[0m
[1.845s] [  7%] [32mBuilding C object CMakeFiles/interfaces__rosidl_generator_c.dir/rosidl_generator_c/interfaces/msg/detail/ultrasonic__functions.c.o[0m
[1.845s] [  8%] [32mBuilding C object CMakeFiles/interfaces__rosidl_generator_c.dir/rosidl_generator_c/interfaces/msg/detail/system_check__functions.c.o[0m
[1.845s] [  9%] [32mBuilding C object CMakeFiles/interfaces__rosidl_generator_c.dir/rosidl_generator_c/interfaces/msg/detail/manometer_info__functions.c.o[0m
[1.845s] [ 10%] [32mBuilding C object CMakeFiles/interfaces__rosidl_generator_c.dir/rosidl_generator_c/interfaces/msg/detail/steering_calibration__functions.c.o[0m
[1.847s] [ 11%] [32mBuilding C object CMakeFiles/interfaces__rosidl_generator_c.dir/rosidl_generator_c/interfaces/msg/detail/gnss__functions.c.o[0m
[1.901s] [ 12%] [32m[1mLinking C shared library libinterfaces__rosidl_generator_c.so[0m
[1.927s] [ 12%] Built target interfaces__cpp
[1.931s] [ 12%] Built target interfaces__rosidl_generator_c
[1.933s] [ 13%] [34m[1mGenerating C++ type support dispatch for ROS interfaces[0m
[1.938s] [ 14%] [34m[1mGenerating C type support for eProsima Fast-RTPS[0m
[1.939s] [ 15%] [34m[1mGenerating C++ type support for eProsima Fast-RTPS[0m
[1.941s] [ 16%] [34m[1mGenerating C++ introspection for ROS interfaces[0m
[1.943s] [ 18%] [34m[1mGenerating C type support dispatch for ROS interfaces[0m
[1.944s] [ 18%] [34m[1mGenerating C introspection for ROS interfaces[0m
[2.540s] [35m[1mConsolidate compiler generated dependencies of target interfaces__rosidl_typesupport_introspection_cpp[0m
[2.553s] [ 20%] [32mBuilding CXX object CMakeFiles/interfaces__rosidl_typesupport_introspection_cpp.dir/rosidl_typesupport_introspection_cpp/interfaces/msg/detail/joystick_order__type_support.cpp.o[0m
[2.555s] [ 21%] [32mBuilding CXX object CMakeFiles/interfaces__rosidl_typesupport_introspection_cpp.dir/rosidl_typesupport_introspection_cpp/interfaces/msg/detail/general_data__type_support.cpp.o[0m
[2.555s] [ 22%] [32mBuilding CXX object CMakeFiles/interfaces__rosidl_typesupport_introspection_cpp.dir/rosidl_typesupport_introspection_cpp/interfaces/msg/detail/motors_order__type_support.cpp.o[0m
[2.556s] [ 23%] [32mBuilding CXX object CMakeFiles/interfaces__rosidl_typesupport_introspection_cpp.dir/rosidl_typesupport_introspection_cpp/interfaces/msg/detail/motors_feedback__type_support.cpp.o[0m
[2.556s] [ 24%] [32mBuilding CXX object CMakeFiles/interfaces__rosidl_typesupport_introspection_cpp.dir/rosidl_typesupport_introspection_cpp/interfaces/msg/detail/steering_calibration__type_support.cpp.o[0m
[2.559s] [ 26%] [32mBuilding CXX object CMakeFiles/interfaces__rosidl_typesupport_introspection_cpp.dir/rosidl_typesupport_introspection_cpp/interfaces/msg/detail/ultrasonic__type_support.cpp.o[0m
[2.559s] [ 26%] [32mBuilding CXX object CMakeFiles/interfaces__rosidl_typesupport_introspection_cpp.dir/rosidl_typesupport_introspection_cpp/interfaces/msg/detail/gnss__type_support.cpp.o[0m
[2.725s] [35m[1mConsolidate compiler generated dependencies of target interfaces__rosidl_typesupport_fastrtps_c[0m
[2.745s] [ 27%] [32mBuilding CXX object CMakeFiles/interfaces__rosidl_typesupport_fastrtps_c.dir/rosidl_typesupport_fastrtps_c/interfaces/msg/detail/joystick_order__type_support_c.cpp.o[0m
[2.934s] [ 29%] [32mBuilding CXX object CMakeFiles/interfaces__rosidl_typesupport_introspection_cpp.dir/rosidl_typesupport_introspection_cpp/interfaces/msg/detail/system_check__type_support.cpp.o[0m
[2.934s] [ 29%] [32mBuilding CXX object CMakeFiles/interfaces__rosidl_typesupport_fastrtps_c.dir/rosidl_typesupport_fastrtps_c/interfaces/msg/detail/motors_order__type_support_c.cpp.o[0m
[2.934s] [ 30%] [32mBuilding CXX object CMakeFiles/interfaces__rosidl_typesupport_introspection_cpp.dir/rosidl_typesupport_introspection_cpp/interfaces/msg/detail/manometer_info__type_support.cpp.o[0m
[2.962s] [ 31%] [32mBuilding CXX object CMakeFiles/interfaces__rosidl_typesupport_fastrtps_c.dir/rosidl_typesupport_fastrtps_c/interfaces/msg/detail/motors_feedback__type_support_c.cpp.o[0m
[3.017s] [ 32%] [32mBuilding CXX object CMakeFiles/interfaces__rosidl_typesupport_fastrtps_c.dir/rosidl_typesupport_fastrtps_c/interfaces/msg/detail/general_data__type_support_c.cpp.o[0m
[3.042s] [ 33%] [32mBuilding CXX object CMakeFiles/interfaces__rosidl_typesupport_fastrtps_c.dir/rosidl_typesupport_fastrtps_c/interfaces/msg/detail/steering_calibration__type_support_c.cpp.o[0m
[3.049s] [ 34%] [32mBuilding CXX object CMakeFiles/interfaces__rosidl_typesupport_fastrtps_c.dir/rosidl_typesupport_fastrtps_c/interfaces/msg/detail/ultrasonic__type_support_c.cpp.o[0m
[3.056s] [35m[1mConsolidate compiler generated dependencies of target interfaces__rosidl_typesupport_cpp[0m
[3.068s] [35m[1mConsolidate compiler generated dependencies of target interfaces__rosidl_typesupport_c[0m
[3.074s] [ 35%] [32mBuilding CXX object CMakeFiles/interfaces__rosidl_typesupport_cpp.dir/rosidl_typesupport_cpp/interfaces/msg/joystick_order__type_support.cpp.o[0m
[3.107s] [ 36%] [32mBuilding CXX object CMakeFiles/interfaces__rosidl_typesupport_c.dir/rosidl_typesupport_c/interfaces/msg/joystick_order__type_support.cpp.o[0m
[3.151s] [ 37%] [32mBuilding CXX object CMakeFiles/interfaces__rosidl_typesupport_c.dir/rosidl_typesupport_c/interfaces/msg/motors_order__type_support.cpp.o[0m
[3.161s] [ 38%] [32mBuilding CXX object CMakeFiles/interfaces__rosidl_typesupport_cpp.dir/rosidl_typesupport_cpp/interfaces/msg/motors_order__type_support.cpp.o[0m
[3.185s] [ 40%] [32mBuilding CXX object CMakeFiles/interfaces__rosidl_typesupport_c.dir/rosidl_typesupport_c/interfaces/msg/motors_feedback__type_support.cpp.o[0m
[3.245s] [ 41%] [32mBuilding CXX object CMakeFiles/interfaces__rosidl_typesupport_c.dir/rosidl_typesupport_c/interfaces/msg/general_data__type_support.cpp.o[0m
[3.272s] [ 42%] [32mBuilding CXX object CMakeFiles/interfaces__rosidl_typesupport_c.dir/rosidl_typesupport_c/interfaces/msg/steering_calibration__type_support.cpp.o[0m
[3.283s] [35m[1mConsolidate compiler generated dependencies of target interfaces__rosidl_typesupport_introspection_c[0m
[3.288s] [ 43%] [32mBuilding CXX object CMakeFiles/interfaces__rosidl_typesupport_fastrtps_c.dir/rosidl_typesupport_fastrtps_c/interfaces/msg/detail/gnss__type_support_c.cpp.o[0m
[3.295s] [ 44%] [32mBuilding C object CMakeFiles/interfaces__rosidl_typesupport_introspection_c.dir/rosidl_typesupport_introspection_c/interfaces/msg/detail/joystick_order__type_support.c.o[0m
[3.297s] [ 45%] [32m[1mLinking CXX shared library libinterfaces__rosidl_typesupport_introspection_cpp.so[0m
[3.299s] [ 46%] [32mBuilding CXX object CMakeFiles/interfaces__rosidl_typesupport_c.dir/rosidl_typesupport_c/interfaces/msg/ultrasonic__type_support.cpp.o[0m
[3.327s] [ 48%] [32mBuilding CXX object CMakeFiles/interfaces__rosidl_typesupport_c.dir/rosidl_typesupport_c/interfaces/msg/gnss__type_support.cpp.o[0m
[3.327s] [ 48%] [32mBuilding C object CMakeFiles/interfaces__rosidl_typesupport_introspection_c.dir/rosidl_typesupport_introspection_c/interfaces/msg/detail/motors_order__type_support.c.o[0m
[3.357s] [ 49%] [32mBuilding CXX object CMakeFiles/interfaces__rosidl_typesupport_c.dir/rosidl_typesupport_c/interfaces/msg/system_check__type_support.cpp.o[0m
[3.359s] [ 50%] [32mBuilding C object CMakeFiles/interfaces__rosidl_typesupport_introspection_c.dir/rosidl_typesupport_introspection_c/interfaces/msg/detail/motors_feedback__type_support.c.o[0m
[3.361s] [35m[1mConsolidate compiler generated dependencies of target interfaces__rosidl_typesupport_fastrtps_cpp[0m
[3.372s] [ 51%] [32mBuilding CXX object CMakeFiles/interfaces__rosidl_typesupport_fastrtps_c.dir/rosidl_typesupport_fastrtps_c/interfaces/msg/detail/system_check__type_support_c.cpp.o[0m
[3.385s] [ 52%] [32mBuilding CXX object CMakeFiles/interfaces__rosidl_typesupport_c.dir/rosidl_typesupport_c/interfaces/msg/manometer_info__type_support.cpp.o[0m
[3.386s] [ 53%] [32mBuilding CXX object CMakeFiles/interfaces__rosidl_typesupport_fastrtps_cpp.dir/rosidl_typesupport_fastrtps_cpp/interfaces/msg/detail/dds_fastrtps/joystick_order__type_support.cpp.o[0m
[3.388s] [ 54%] [32mBuilding CXX object CMakeFiles/interfaces__rosidl_typesupport_fastrtps_c.dir/rosidl_typesupport_fastrtps_c/interfaces/msg/detail/manometer_info__type_support_c.cpp.o[0m
[3.408s] [ 55%] [32mBuilding C object CMakeFiles/interfaces__rosidl_typesupport_introspection_c.dir/rosidl_typesupport_introspection_c/interfaces/msg/detail/general_data__type_support.c.o[0m
[3.409s] [ 55%] Built target interfaces__rosidl_typesupport_introspection_cpp
[3.414s] [ 56%] [32mBuilding CXX object CMakeFiles/interfaces__rosidl_typesupport_cpp.dir/rosidl_typesupport_cpp/interfaces/msg/motors_feedback__type_support.cpp.o[0m
[3.430s] [ 57%] [32mBuilding C object CMakeFiles/interfaces__rosidl_typesupport_introspection_c.dir/rosidl_typesupport_introspection_c/interfaces/msg/detail/steering_calibration__type_support.c.o[0m
[3.430s] [ 58%] [32m[1mLinking CXX shared library libinterfaces__rosidl_typesupport_c.so[0m
[3.454s] [ 60%] [32mBuilding CXX object CMakeFiles/interfaces__rosidl_typesupport_fastrtps_cpp.dir/rosidl_typesupport_fastrtps_cpp/interfaces/msg/detail/dds_fastrtps/motors_order__type_support.cpp.o[0m
[3.466s] [ 61%] [32mBuilding C object CMakeFiles/interfaces__rosidl_typesupport_introspection_c.dir/rosidl_typesupport_introspection_c/interfaces/msg/detail/ultrasonic__type_support.c.o[0m
[3.472s] [ 62%] [32mBuilding CXX object CMakeFiles/interfaces__rosidl_typesupport_fastrtps_cpp.dir/rosidl_typesupport_fastrtps_cpp/interfaces/msg/detail/dds_fastrtps/motors_feedback__type_support.cpp.o[0m
[3.474s] [ 63%] [32mBuilding C object CMakeFiles/interfaces__rosidl_typesupport_introspection_c.dir/rosidl_typesupport_introspection_c/interfaces/msg/detail/gnss__type_support.c.o[0m
[3.487s] [ 63%] Built target interfaces__rosidl_typesupport_c
[3.498s] [ 64%] [32mBuilding CXX object CMakeFiles/interfaces__rosidl_typesupport_fastrtps_cpp.dir/rosidl_typesupport_fastrtps_cpp/interfaces/msg/detail/dds_fastrtps/steering_calibration__type_support.cpp.o[0m
[3.499s] [ 65%] [32mBuilding CXX object CMakeFiles/interfaces__rosidl_typesupport_fastrtps_cpp.dir/rosidl_typesupport_fastrtps_cpp/interfaces/msg/detail/dds_fastrtps/ultrasonic__type_support.cpp.o[0m
[3.501s] [ 66%] [32mBuilding CXX object CMakeFiles/interfaces__rosidl_typesupport_fastrtps_cpp.dir/rosidl_typesupport_fastrtps_cpp/interfaces/msg/detail/dds_fastrtps/general_data__type_support.cpp.o[0m
[3.510s] [ 67%] [32mBuilding CXX object CMakeFiles/interfaces__rosidl_typesupport_fastrtps_cpp.dir/rosidl_typesupport_fastrtps_cpp/interfaces/msg/detail/dds_fastrtps/gnss__type_support.cpp.o[0m
[3.513s] [ 68%] [32mBuilding C object CMakeFiles/interfaces__rosidl_typesupport_introspection_c.dir/rosidl_typesupport_introspection_c/interfaces/msg/detail/system_check__type_support.c.o[0m
[3.550s] [ 69%] [32mBuilding C object CMakeFiles/interfaces__rosidl_typesupport_introspection_c.dir/rosidl_typesupport_introspection_c/interfaces/msg/detail/manometer_info__type_support.c.o[0m
[3.581s] [ 70%] [32mBuilding CXX object CMakeFiles/interfaces__rosidl_typesupport_fastrtps_cpp.dir/rosidl_typesupport_fastrtps_cpp/interfaces/msg/detail/dds_fastrtps/system_check__type_support.cpp.o[0m
[3.618s] [ 71%] [32m[1mLinking C shared library libinterfaces__rosidl_typesupport_introspection_c.so[0m
[3.665s] [ 72%] [32mBuilding CXX object CMakeFiles/interfaces__rosidl_typesupport_cpp.dir/rosidl_typesupport_cpp/interfaces/msg/general_data__type_support.cpp.o[0m
[3.676s] [ 72%] Built target interfaces__rosidl_typesupport_introspection_c
[3.685s] [ 73%] [32mBuilding CXX object CMakeFiles/interfaces__rosidl_typesupport_cpp.dir/rosidl_typesupport_cpp/interfaces/msg/steering_calibration__type_support.cpp.o[0m
[3.707s] [ 74%] [32mBuilding CXX object CMakeFiles/interfaces__rosidl_typesupport_cpp.dir/rosidl_typesupport_cpp/interfaces/msg/ultrasonic__type_support.cpp.o[0m
[3.786s] [ 75%] [32m[1mLinking CXX shared library libinterfaces__rosidl_typesupport_fastrtps_c.so[0m
[3.894s] [ 75%] Built target interfaces__rosidl_typesupport_fastrtps_c
[3.908s] [ 76%] [32mBuilding CXX object CMakeFiles/interfaces__rosidl_typesupport_cpp.dir/rosidl_typesupport_cpp/interfaces/msg/gnss__type_support.cpp.o[0m
[3.910s] [ 77%] [32mBuilding CXX object CMakeFiles/interfaces__rosidl_typesupport_fastrtps_cpp.dir/rosidl_typesupport_fastrtps_cpp/interfaces/msg/detail/dds_fastrtps/manometer_info__type_support.cpp.o[0m
[3.913s] [ 78%] [32mBuilding CXX object CMakeFiles/interfaces__rosidl_typesupport_cpp.dir/rosidl_typesupport_cpp/interfaces/msg/system_check__type_support.cpp.o[0m
[3.917s] [ 80%] [32mBuilding CXX object CMakeFiles/interfaces__rosidl_typesupport_cpp.dir/rosidl_typesupport_cpp/interfaces/msg/manometer_info__type_support.cpp.o[0m
[4.173s] [ 81%] [32m[1mLinking CXX shared library libinterfaces__rosidl_typesupport_cpp.so[0m
[4.200s] [ 81%] Built target interfaces__rosidl_typesupport_cpp
[4.214s] [ 82%] [32m[1mLinking CXX shared library libinterfaces__rosidl_typesupport_fastrtps_cpp.so[0m
[4.264s] [ 82%] Built target interfaces__rosidl_typesupport_fastrtps_cpp
[4.278s] [ 82%] Built target interfaces
[4.292s] [ 83%] [34m[1mGenerating Python code for ROS interfaces[0m
[5.491s] [ 83%] Built target interfaces__py
[5.501s] [35m[1mConsolidate compiler generated dependencies of target interfaces__rosidl_generator_py[0m
[5.514s] [ 84%] [32mBuilding C object CMakeFiles/interfaces__rosidl_generator_py.dir/rosidl_generator_py/interfaces/msg/_joystick_order_s.c.o[0m
[5.517s] [ 85%] [32mBuilding C object CMakeFiles/interfaces__rosidl_generator_py.dir/rosidl_generator_py/interfaces/msg/_ultrasonic_s.c.o[0m
[5.520s] [ 86%] [32mBuilding C object CMakeFiles/interfaces__rosidl_generator_py.dir/rosidl_generator_py/interfaces/msg/_motors_order_s.c.o[0m
[5.520s] [ 88%] [32mBuilding C object CMakeFiles/interfaces__rosidl_generator_py.dir/rosidl_generator_py/interfaces/msg/_motors_feedback_s.c.o[0m
[5.521s] [ 88%] [32mBuilding C object CMakeFiles/interfaces__rosidl_generator_py.dir/rosidl_generator_py/interfaces/msg/_general_data_s.c.o[0m
[5.521s] [ 89%] [32mBuilding C object CMakeFiles/interfaces__rosidl_generator_py.dir/rosidl_generator_py/interfaces/msg/_steering_calibration_s.c.o[0m
[5.522s] [ 90%] [32mBuilding C object CMakeFiles/interfaces__rosidl_generator_py.dir/rosidl_generator_py/interfaces/msg/_gnss_s.c.o[0m
[5.523s] [ 92%] [32mBuilding C object CMakeFiles/interfaces__rosidl_generator_py.dir/rosidl_generator_py/interfaces/msg/_manometer_info_s.c.o[0m
[5.523s] [ 92%] [32mBuilding C object CMakeFiles/interfaces__rosidl_generator_py.dir/rosidl_generator_py/interfaces/msg/_system_check_s.c.o[0m
[5.638s] [ 93%] [32m[1mLinking C shared library rosidl_generator_py/interfaces/libinterfaces__rosidl_generator_py.so[0m
[5.666s] [ 93%] Built target interfaces__rosidl_generator_py
[5.673s] [35m[1mConsolidate compiler generated dependencies of target interfaces__rosidl_typesupport_introspection_c__pyext[0m
[5.674s] [35m[1mConsolidate compiler generated dependencies of target interfaces__rosidl_typesupport_fastrtps_c__pyext[0m
[5.680s] [35m[1mConsolidate compiler generated dependencies of target interfaces__rosidl_typesupport_c__pyext[0m
[5.682s] [ 94%] [32mBuilding C object CMakeFiles/interfaces__rosidl_typesupport_fastrtps_c__pyext.dir/rosidl_generator_py/interfaces/_interfaces_s.ep.rosidl_typesupport_fastrtps_c.c.o[0m
[5.682s] [ 95%] [32mBuilding C object CMakeFiles/interfaces__rosidl_typesupport_introspection_c__pyext.dir/rosidl_generator_py/interfaces/_interfaces_s.ep.rosidl_typesupport_introspection_c.c.o[0m
[5.688s] [ 96%] [32mBuilding C object CMakeFiles/interfaces__rosidl_typesupport_c__pyext.dir/rosidl_generator_py/interfaces/_interfaces_s.ep.rosidl_typesupport_c.c.o[0m
[5.751s] [ 97%] [32m[1mLinking C shared library rosidl_generator_py/interfaces/interfaces_s__rosidl_typesupport_introspection_c.cpython-310-x86_64-linux-gnu.so[0m
[5.764s] [ 98%] [32m[1mLinking C shared library rosidl_generator_py/interfaces/interfaces_s__rosidl_typesupport_fastrtps_c.cpython-310-x86_64-linux-gnu.so[0m
[5.773s] [ 98%] Built target interfaces__rosidl_typesupport_introspection_c__pyext
[5.787s] [ 98%] Built target interfaces__rosidl_typesupport_fastrtps_c__pyext
[5.793s] [100%] [32m[1mLinking C shared library rosidl_generator_py/interfaces/interfaces_s__rosidl_typesupport_c.cpython-310-x86_64-linux-gnu.so[0m
[5.815s] [100%] Built target interfaces__rosidl_typesupport_c__pyext
[5.824s] Invoked command in '/home/moad/VigiWheels/jetsonNano/ros2_ws/build/interfaces' returned '0': CMAKE_PREFIX_PATH=${CMAKE_PREFIX_PATH}:/home/moad/VigiWheels/jetsonNano/ros2_ws/src/install/manometer_detection:/home/moad/VigiWheels/jetsonNano/ros2_ws/install/manometer_detection:/home/moad/ros2_ws/install/my_robot_controller:/home/moad/ros2_ws/install/manometer_detection:/opt/ros/humble /usr/bin/cmake --build /home/moad/VigiWheels/jetsonNano/ros2_ws/build/interfaces -- -j12 -l12
[5.962s] Invoking command in '/home/moad/VigiWheels/jetsonNano/ros2_ws/build/interfaces': CMAKE_PREFIX_PATH=${CMAKE_PREFIX_PATH}:/home/moad/VigiWheels/jetsonNano/ros2_ws/src/install/manometer_detection:/home/moad/VigiWheels/jetsonNano/ros2_ws/install/manometer_detection:/home/moad/ros2_ws/install/my_robot_controller:/home/moad/ros2_ws/install/manometer_detection:/opt/ros/humble /usr/bin/cmake --install /home/moad/VigiWheels/jetsonNano/ros2_ws/build/interfaces
[5.967s] -- Install configuration: ""
[5.968s] -- Installing: /home/moad/VigiWheels/jetsonNano/ros2_ws/install/interfaces/share/ament_index/resource_index/rosidl_interfaces/interfaces
[5.968s] -- Up-to-date: /home/moad/VigiWheels/jetsonNano/ros2_ws/install/interfaces/include/interfaces/interfaces
[5.968s] -- Up-to-date: /home/moad/VigiWheels/jetsonNano/ros2_ws/install/interfaces/include/interfaces/interfaces/msg
[5.968s] -- Installing: /home/moad/VigiWheels/jetsonNano/ros2_ws/install/interfaces/include/interfaces/interfaces/msg/gnss.h
[5.968s] -- Installing: /home/moad/VigiWheels/jetsonNano/ros2_ws/install/interfaces/include/interfaces/interfaces/msg/system_check.h
[5.968s] -- Installing: /home/moad/VigiWheels/jetsonNano/ros2_ws/install/interfaces/include/interfaces/interfaces/msg/motors_feedback.h
[5.968s] -- Up-to-date: /home/moad/VigiWheels/jetsonNano/ros2_ws/install/interfaces/include/interfaces/interfaces/msg/rosidl_generator_c__visibility_control.h
[5.968s] -- Installing: /home/moad/VigiWheels/jetsonNano/ros2_ws/install/interfaces/include/interfaces/interfaces/msg/joystick_order.h
[5.968s] -- Installing: /home/moad/VigiWheels/jetsonNano/ros2_ws/install/interfaces/include/interfaces/interfaces/msg/motors_order.h
[5.968s] -- Installing: /home/moad/VigiWheels/jetsonNano/ros2_ws/install/interfaces/include/interfaces/interfaces/msg/steering_calibration.h
[5.969s] -- Installing: /home/moad/VigiWheels/jetsonNano/ros2_ws/install/interfaces/include/interfaces/interfaces/msg/manometer_info.h
[5.969s] -- Up-to-date: /home/moad/VigiWheels/jetsonNano/ros2_ws/install/interfaces/include/interfaces/interfaces/msg/detail
[5.969s] -- Installing: /home/moad/VigiWheels/jetsonNano/ros2_ws/install/interfaces/include/interfaces/interfaces/msg/detail/general_data__type_support.h
[5.969s] -- Installing: /home/moad/VigiWheels/jetsonNano/ros2_ws/install/interfaces/include/interfaces/interfaces/msg/detail/gnss__struct.h
[5.969s] -- Installing: /home/moad/VigiWheels/jetsonNano/ros2_ws/install/interfaces/include/interfaces/interfaces/msg/detail/motors_order__functions.h
[5.969s] -- Installing: /home/moad/VigiWheels/jetsonNano/ros2_ws/install/interfaces/include/interfaces/interfaces/msg/detail/system_check__type_support.h
[5.969s] -- Installing: /home/moad/VigiWheels/jetsonNano/ros2_ws/install/interfaces/include/interfaces/interfaces/msg/detail/motors_feedback__functions.h
[5.969s] -- Installing: /home/moad/VigiWheels/jetsonNano/ros2_ws/install/interfaces/include/interfaces/interfaces/msg/detail/motors_feedback__functions.c
[5.969s] -- Installing: /home/moad/VigiWheels/jetsonNano/ros2_ws/install/interfaces/include/interfaces/interfaces/msg/detail/motors_order__struct.h
[5.970s] -- Installing: /home/moad/VigiWheels/jetsonNano/ros2_ws/install/interfaces/include/interfaces/interfaces/msg/detail/gnss__type_support.h
[5.970s] -- Installing: /home/moad/VigiWheels/jetsonNano/ros2_ws/install/interfaces/include/interfaces/interfaces/msg/detail/motors_feedback__struct.h
[5.970s] -- Installing: /home/moad/VigiWheels/jetsonNano/ros2_ws/install/interfaces/include/interfaces/interfaces/msg/detail/steering_calibration__type_support.h
[5.970s] -- Installing: /home/moad/VigiWheels/jetsonNano/ros2_ws/install/interfaces/include/interfaces/interfaces/msg/detail/steering_calibration__struct.h
[5.970s] -- Installing: /home/moad/VigiWheels/jetsonNano/ros2_ws/install/interfaces/include/interfaces/interfaces/msg/detail/manometer_info__struct.h
[5.970s] -- Installing: /home/moad/VigiWheels/jetsonNano/ros2_ws/install/interfaces/include/interfaces/interfaces/msg/detail/system_check__functions.c
[5.970s] -- Installing: /home/moad/VigiWheels/jetsonNano/ros2_ws/install/interfaces/include/interfaces/interfaces/msg/detail/system_check__functions.h
[5.970s] -- Installing: /home/moad/VigiWheels/jetsonNano/ros2_ws/install/interfaces/include/interfaces/interfaces/msg/detail/gnss__functions.c
[5.970s] -- Installing: /home/moad/VigiWheels/jetsonNano/ros2_ws/install/interfaces/include/interfaces/interfaces/msg/detail/motors_order__type_support.h
[5.970s] -- Installing: /home/moad/VigiWheels/jetsonNano/ros2_ws/install/interfaces/include/interfaces/interfaces/msg/detail/gnss__functions.h
[5.970s] -- Installing: /home/moad/VigiWheels/jetsonNano/ros2_ws/install/interfaces/include/interfaces/interfaces/msg/detail/general_data__functions.c
[5.970s] -- Installing: /home/moad/VigiWheels/jetsonNano/ros2_ws/install/interfaces/include/interfaces/interfaces/msg/detail/manometer_info__functions.c
[5.970s] -- Installing: /home/moad/VigiWheels/jetsonNano/ros2_ws/install/interfaces/include/interfaces/interfaces/msg/detail/steering_calibration__functions.h
[5.971s] -- Installing: /home/moad/VigiWheels/jetsonNano/ros2_ws/install/interfaces/include/interfaces/interfaces/msg/detail/motors_feedback__type_support.h
[5.971s] -- Installing: /home/moad/VigiWheels/jetsonNano/ros2_ws/install/interfaces/include/interfaces/interfaces/msg/detail/ultrasonic__struct.h
[5.971s] -- Installing: /home/moad/VigiWheels/jetsonNano/ros2_ws/install/interfaces/include/interfaces/interfaces/msg/detail/motors_order__functions.c
[5.971s] -- Installing: /home/moad/VigiWheels/jetsonNano/ros2_ws/install/interfaces/include/interfaces/interfaces/msg/detail/general_data__functions.h
[5.971s] -- Installing: /home/moad/VigiWheels/jetsonNano/ros2_ws/install/interfaces/include/interfaces/interfaces/msg/detail/steering_calibration__functions.c
[5.971s] -- Installing: /home/moad/VigiWheels/jetsonNano/ros2_ws/install/interfaces/include/interfaces/interfaces/msg/detail/manometer_info__type_support.h
[5.971s] -- Installing: /home/moad/VigiWheels/jetsonNano/ros2_ws/install/interfaces/include/interfaces/interfaces/msg/detail/ultrasonic__functions.c
[5.971s] -- Installing: /home/moad/VigiWheels/jetsonNano/ros2_ws/install/interfaces/include/interfaces/interfaces/msg/detail/ultrasonic__type_support.h
[5.971s] -- Installing: /home/moad/VigiWheels/jetsonNano/ros2_ws/install/interfaces/include/interfaces/interfaces/msg/detail/joystick_order__type_support.h
[5.971s] -- Installing: /home/moad/VigiWheels/jetsonNano/ros2_ws/install/interfaces/include/interfaces/interfaces/msg/detail/manometer_info__functions.h
[5.971s] -- Installing: /home/moad/VigiWheels/jetsonNano/ros2_ws/install/interfaces/include/interfaces/interfaces/msg/detail/system_check__struct.h
[5.971s] -- Installing: /home/moad/VigiWheels/jetsonNano/ros2_ws/install/interfaces/include/interfaces/interfaces/msg/detail/joystick_order__functions.h
[5.971s] -- Installing: /home/moad/VigiWheels/jetsonNano/ros2_ws/install/interfaces/include/interfaces/interfaces/msg/detail/ultrasonic__functions.h
[5.971s] -- Installing: /home/moad/VigiWheels/jetsonNano/ros2_ws/install/interfaces/include/interfaces/interfaces/msg/detail/joystick_order__functions.c
[5.971s] -- Installing: /home/moad/VigiWheels/jetsonNano/ros2_ws/install/interfaces/include/interfaces/interfaces/msg/detail/general_data__struct.h
[5.971s] -- Installing: /home/moad/VigiWheels/jetsonNano/ros2_ws/install/interfaces/include/interfaces/interfaces/msg/detail/joystick_order__struct.h
[5.971s] -- Installing: /home/moad/VigiWheels/jetsonNano/ros2_ws/install/interfaces/include/interfaces/interfaces/msg/general_data.h
[5.971s] -- Installing: /home/moad/VigiWheels/jetsonNano/ros2_ws/install/interfaces/include/interfaces/interfaces/msg/ultrasonic.h
[5.971s] -- Up-to-date: /home/moad/VigiWheels/jetsonNano/ros2_ws/install/interfaces/share/interfaces/environment/library_path.sh
[5.971s] -- Installing: /home/moad/VigiWheels/jetsonNano/ros2_ws/install/interfaces/share/interfaces/environment/library_path.dsv
[5.978s] -- Installing: /home/moad/VigiWheels/jetsonNano/ros2_ws/install/interfaces/lib/libinterfaces__rosidl_generator_c.so
[5.978s] -- Set runtime path of "/home/moad/VigiWheels/jetsonNano/ros2_ws/install/interfaces/lib/libinterfaces__rosidl_generator_c.so" to ""
[5.978s] -- Up-to-date: /home/moad/VigiWheels/jetsonNano/ros2_ws/install/interfaces/include/interfaces/interfaces
[5.979s] -- Up-to-date: /home/moad/VigiWheels/jetsonNano/ros2_ws/install/interfaces/include/interfaces/interfaces/msg
[5.979s] -- Up-to-date: /home/moad/VigiWheels/jetsonNano/ros2_ws/install/interfaces/include/interfaces/interfaces/msg/rosidl_typesupport_fastrtps_c__visibility_control.h
[5.979s] -- Up-to-date: /home/moad/VigiWheels/jetsonNano/ros2_ws/install/interfaces/include/interfaces/interfaces/msg/detail
[5.979s] -- Installing: /home/moad/VigiWheels/jetsonNano/ros2_ws/install/interfaces/include/interfaces/interfaces/msg/detail/gnss__rosidl_typesupport_fastrtps_c.h
[5.979s] -- Installing: /home/moad/VigiWheels/jetsonNano/ros2_ws/install/interfaces/include/interfaces/interfaces/msg/detail/manometer_info__rosidl_typesupport_fastrtps_c.h
[5.979s] -- Installing: /home/moad/VigiWheels/jetsonNano/ros2_ws/install/interfaces/include/interfaces/interfaces/msg/detail/ultrasonic__rosidl_typesupport_fastrtps_c.h
[5.979s] -- Installing: /home/moad/VigiWheels/jetsonNano/ros2_ws/install/interfaces/include/interfaces/interfaces/msg/detail/system_check__rosidl_typesupport_fastrtps_c.h
[5.979s] -- Installing: /home/moad/VigiWheels/jetsonNano/ros2_ws/install/interfaces/include/interfaces/interfaces/msg/detail/general_data__rosidl_typesupport_fastrtps_c.h
[5.979s] -- Installing: /home/moad/VigiWheels/jetsonNano/ros2_ws/install/interfaces/include/interfaces/interfaces/msg/detail/steering_calibration__rosidl_typesupport_fastrtps_c.h
[5.979s] -- Installing: /home/moad/VigiWheels/jetsonNano/ros2_ws/install/interfaces/include/interfaces/interfaces/msg/detail/motors_order__rosidl_typesupport_fastrtps_c.h
[5.979s] -- Installing: /home/moad/VigiWheels/jetsonNano/ros2_ws/install/interfaces/include/interfaces/interfaces/msg/detail/joystick_order__rosidl_typesupport_fastrtps_c.h
[5.979s] -- Installing: /home/moad/VigiWheels/jetsonNano/ros2_ws/install/interfaces/include/interfaces/interfaces/msg/detail/motors_feedback__rosidl_typesupport_fastrtps_c.h
[5.980s] -- Installing: /home/moad/VigiWheels/jetsonNano/ros2_ws/install/interfaces/lib/libinterfaces__rosidl_typesupport_fastrtps_c.so
[5.980s] -- Set runtime path of "/home/moad/VigiWheels/jetsonNano/ros2_ws/install/interfaces/lib/libinterfaces__rosidl_typesupport_fastrtps_c.so" to ""
[5.980s] -- Up-to-date: /home/moad/VigiWheels/jetsonNano/ros2_ws/install/interfaces/include/interfaces/interfaces
[5.980s] -- Up-to-date: /home/moad/VigiWheels/jetsonNano/ros2_ws/install/interfaces/include/interfaces/interfaces/msg
[5.980s] -- Installing: /home/moad/VigiWheels/jetsonNano/ros2_ws/install/interfaces/include/interfaces/interfaces/msg/gnss.hpp
[5.980s] -- Installing: /home/moad/VigiWheels/jetsonNano/ros2_ws/install/interfaces/include/interfaces/interfaces/msg/steering_calibration.hpp
[5.980s] -- Installing: /home/moad/VigiWheels/jetsonNano/ros2_ws/install/interfaces/include/interfaces/interfaces/msg/general_data.hpp
[5.980s] -- Installing: /home/moad/VigiWheels/jetsonNano/ros2_ws/install/interfaces/include/interfaces/interfaces/msg/system_check.hpp
[5.980s] -- Installing: /home/moad/VigiWheels/jetsonNano/ros2_ws/install/interfaces/include/interfaces/interfaces/msg/manometer_info.hpp
[5.980s] -- Installing: /home/moad/VigiWheels/jetsonNano/ros2_ws/install/interfaces/include/interfaces/interfaces/msg/joystick_order.hpp
[5.980s] -- Installing: /home/moad/VigiWheels/jetsonNano/ros2_ws/install/interfaces/include/interfaces/interfaces/msg/motors_order.hpp
[5.980s] -- Up-to-date: /home/moad/VigiWheels/jetsonNano/ros2_ws/install/interfaces/include/interfaces/interfaces/msg/detail
[5.981s] -- Installing: /home/moad/VigiWheels/jetsonNano/ros2_ws/install/interfaces/include/interfaces/interfaces/msg/detail/motors_order__traits.hpp
[5.981s] -- Installing: /home/moad/VigiWheels/jetsonNano/ros2_ws/install/interfaces/include/interfaces/interfaces/msg/detail/joystick_order__builder.hpp
[5.981s] -- Installing: /home/moad/VigiWheels/jetsonNano/ros2_ws/install/interfaces/include/interfaces/interfaces/msg/detail/gnss__traits.hpp
[5.981s] -- Installing: /home/moad/VigiWheels/jetsonNano/ros2_ws/install/interfaces/include/interfaces/interfaces/msg/detail/ultrasonic__struct.hpp
[5.981s] -- Installing: /home/moad/VigiWheels/jetsonNano/ros2_ws/install/interfaces/include/interfaces/interfaces/msg/detail/joystick_order__traits.hpp
[5.981s] -- Installing: /home/moad/VigiWheels/jetsonNano/ros2_ws/install/interfaces/include/interfaces/interfaces/msg/detail/motors_feedback__builder.hpp
[5.981s] -- Installing: /home/moad/VigiWheels/jetsonNano/ros2_ws/install/interfaces/include/interfaces/interfaces/msg/detail/motors_order__struct.hpp
[5.981s] -- Installing: /home/moad/VigiWheels/jetsonNano/ros2_ws/install/interfaces/include/interfaces/interfaces/msg/detail/gnss__builder.hpp
[5.981s] -- Installing: /home/moad/VigiWheels/jetsonNano/ros2_ws/install/interfaces/include/interfaces/interfaces/msg/detail/gnss__struct.hpp
[5.981s] -- Installing: /home/moad/VigiWheels/jetsonNano/ros2_ws/install/interfaces/include/interfaces/interfaces/msg/detail/general_data__struct.hpp
[5.981s] -- Installing: /home/moad/VigiWheels/jetsonNano/ros2_ws/install/interfaces/include/interfaces/interfaces/msg/detail/steering_calibration__builder.hpp
[5.981s] -- Installing: /home/moad/VigiWheels/jetsonNano/ros2_ws/install/interfaces/include/interfaces/interfaces/msg/detail/manometer_info__traits.hpp
[5.981s] -- Installing: /home/moad/VigiWheels/jetsonNano/ros2_ws/install/interfaces/include/interfaces/interfaces/msg/detail/system_check__struct.hpp
[5.981s] -- Installing: /home/moad/VigiWheels/jetsonNano/ros2_ws/install/interfaces/include/interfaces/interfaces/msg/detail/general_data__builder.hpp
[5.981s] -- Installing: /home/moad/VigiWheels/jetsonNano/ros2_ws/install/interfaces/include/interfaces/interfaces/msg/detail/general_data__traits.hpp
[5.981s] -- Installing: /home/moad/VigiWheels/jetsonNano/ros2_ws/install/interfaces/include/interfaces/interfaces/msg/detail/steering_calibration__traits.hpp
[5.981s] -- Installing: /home/moad/VigiWheels/jetsonNano/ros2_ws/install/interfaces/include/interfaces/interfaces/msg/detail/motors_order__builder.hpp
[5.981s] -- Installing: /home/moad/VigiWheels/jetsonNano/ros2_ws/install/interfaces/include/interfaces/interfaces/msg/detail/system_check__traits.hpp
[5.981s] -- Installing: /home/moad/VigiWheels/jetsonNano/ros2_ws/install/interfaces/include/interfaces/interfaces/msg/detail/motors_feedback__struct.hpp
[5.982s] -- Installing: /home/moad/VigiWheels/jetsonNano/ros2_ws/install/interfaces/include/interfaces/interfaces/msg/detail/ultrasonic__traits.hpp
[5.982s] -- Installing: /home/moad/VigiWheels/jetsonNano/ros2_ws/install/interfaces/include/interfaces/interfaces/msg/detail/system_check__builder.hpp
[5.982s] -- Installing: /home/moad/VigiWheels/jetsonNano/ros2_ws/install/interfaces/include/interfaces/interfaces/msg/detail/motors_feedback__traits.hpp
[5.982s] -- Installing: /home/moad/VigiWheels/jetsonNano/ros2_ws/install/interfaces/include/interfaces/interfaces/msg/detail/ultrasonic__builder.hpp
[5.982s] -- Installing: /home/moad/VigiWheels/jetsonNano/ros2_ws/install/interfaces/include/interfaces/interfaces/msg/detail/steering_calibration__struct.hpp
[5.982s] -- Installing: /home/moad/VigiWheels/jetsonNano/ros2_ws/install/interfaces/include/interfaces/interfaces/msg/detail/manometer_info__struct.hpp
[5.982s] -- Installing: /home/moad/VigiWheels/jetsonNano/ros2_ws/install/interfaces/include/interfaces/interfaces/msg/detail/joystick_order__struct.hpp
[5.982s] -- Installing: /home/moad/VigiWheels/jetsonNano/ros2_ws/install/interfaces/include/interfaces/interfaces/msg/detail/manometer_info__builder.hpp
[5.982s] -- Installing: /home/moad/VigiWheels/jetsonNano/ros2_ws/install/interfaces/include/interfaces/interfaces/msg/ultrasonic.hpp
[5.982s] -- Installing: /home/moad/VigiWheels/jetsonNano/ros2_ws/install/interfaces/include/interfaces/interfaces/msg/motors_feedback.hpp
[5.982s] -- Up-to-date: /home/moad/VigiWheels/jetsonNano/ros2_ws/install/interfaces/include/interfaces/interfaces
[5.982s] -- Up-to-date: /home/moad/VigiWheels/jetsonNano/ros2_ws/install/interfaces/include/interfaces/interfaces/msg
[5.982s] -- Up-to-date: /home/moad/VigiWheels/jetsonNano/ros2_ws/install/interfaces/include/interfaces/interfaces/msg/detail
[5.982s] -- Installing: /home/moad/VigiWheels/jetsonNano/ros2_ws/install/interfaces/include/interfaces/interfaces/msg/detail/motors_feedback__rosidl_typesupport_fastrtps_cpp.hpp
[5.982s] -- Installing: /home/moad/VigiWheels/jetsonNano/ros2_ws/install/interfaces/include/interfaces/interfaces/msg/detail/steering_calibration__rosidl_typesupport_fastrtps_cpp.hpp
[5.982s] -- Installing: /home/moad/VigiWheels/jetsonNano/ros2_ws/install/interfaces/include/interfaces/interfaces/msg/detail/motors_order__rosidl_typesupport_fastrtps_cpp.hpp
[5.982s] -- Up-to-date: /home/moad/VigiWheels/jetsonNano/ros2_ws/install/interfaces/include/interfaces/interfaces/msg/detail/dds_fastrtps
[5.982s] -- Installing: /home/moad/VigiWheels/jetsonNano/ros2_ws/install/interfaces/include/interfaces/interfaces/msg/detail/system_check__rosidl_typesupport_fastrtps_cpp.hpp
[5.982s] -- Installing: /home/moad/VigiWheels/jetsonNano/ros2_ws/install/interfaces/include/interfaces/interfaces/msg/detail/manometer_info__rosidl_typesupport_fastrtps_cpp.hpp
[5.982s] -- Installing: /home/moad/VigiWheels/jetsonNano/ros2_ws/install/interfaces/include/interfaces/interfaces/msg/detail/general_data__rosidl_typesupport_fastrtps_cpp.hpp
[5.982s] -- Installing: /home/moad/VigiWheels/jetsonNano/ros2_ws/install/interfaces/include/interfaces/interfaces/msg/detail/gnss__rosidl_typesupport_fastrtps_cpp.hpp
[5.982s] -- Installing: /home/moad/VigiWheels/jetsonNano/ros2_ws/install/interfaces/include/interfaces/interfaces/msg/detail/joystick_order__rosidl_typesupport_fastrtps_cpp.hpp
[5.983s] -- Installing: /home/moad/VigiWheels/jetsonNano/ros2_ws/install/interfaces/include/interfaces/interfaces/msg/detail/ultrasonic__rosidl_typesupport_fastrtps_cpp.hpp
[5.983s] -- Up-to-date: /home/moad/VigiWheels/jetsonNano/ros2_ws/install/interfaces/include/interfaces/interfaces/msg/rosidl_typesupport_fastrtps_cpp__visibility_control.h
[5.983s] -- Installing: /home/moad/VigiWheels/jetsonNano/ros2_ws/install/interfaces/lib/libinterfaces__rosidl_typesupport_fastrtps_cpp.so
[5.983s] -- Set runtime path of "/home/moad/VigiWheels/jetsonNano/ros2_ws/install/interfaces/lib/libinterfaces__rosidl_typesupport_fastrtps_cpp.so" to ""
[5.983s] -- Up-to-date: /home/moad/VigiWheels/jetsonNano/ros2_ws/install/interfaces/include/interfaces/interfaces
[5.983s] -- Up-to-date: /home/moad/VigiWheels/jetsonNano/ros2_ws/install/interfaces/include/interfaces/interfaces/msg
[5.983s] -- Up-to-date: /home/moad/VigiWheels/jetsonNano/ros2_ws/install/interfaces/include/interfaces/interfaces/msg/detail
[5.983s] -- Installing: /home/moad/VigiWheels/jetsonNano/ros2_ws/install/interfaces/include/interfaces/interfaces/msg/detail/gnss__rosidl_typesupport_introspection_c.h
[5.983s] -- Installing: /home/moad/VigiWheels/jetsonNano/ros2_ws/install/interfaces/include/interfaces/interfaces/msg/detail/manometer_info__rosidl_typesupport_introspection_c.h
[5.983s] -- Installing: /home/moad/VigiWheels/jetsonNano/ros2_ws/install/interfaces/include/interfaces/interfaces/msg/detail/motors_order__type_support.c
[5.983s] -- Installing: /home/moad/VigiWheels/jetsonNano/ros2_ws/install/interfaces/include/interfaces/interfaces/msg/detail/motors_feedback__type_support.c
[5.983s] -- Installing: /home/moad/VigiWheels/jetsonNano/ros2_ws/install/interfaces/include/interfaces/interfaces/msg/detail/system_check__type_support.c
[5.983s] -- Installing: /home/moad/VigiWheels/jetsonNano/ros2_ws/install/interfaces/include/interfaces/interfaces/msg/detail/joystick_order__rosidl_typesupport_introspection_c.h
[5.983s] -- Installing: /home/moad/VigiWheels/jetsonNano/ros2_ws/install/interfaces/include/interfaces/interfaces/msg/detail/general_data__type_support.c
[5.983s] -- Installing: /home/moad/VigiWheels/jetsonNano/ros2_ws/install/interfaces/include/interfaces/interfaces/msg/detail/joystick_order__type_support.c
[5.983s] -- Installing: /home/moad/VigiWheels/jetsonNano/ros2_ws/install/interfaces/include/interfaces/interfaces/msg/detail/system_check__rosidl_typesupport_introspection_c.h
[5.984s] -- Installing: /home/moad/VigiWheels/jetsonNano/ros2_ws/install/interfaces/include/interfaces/interfaces/msg/detail/general_data__rosidl_typesupport_introspection_c.h
[5.984s] -- Installing: /home/moad/VigiWheels/jetsonNano/ros2_ws/install/interfaces/include/interfaces/interfaces/msg/detail/ultrasonic__type_support.c
[5.984s] -- Installing: /home/moad/VigiWheels/jetsonNano/ros2_ws/install/interfaces/include/interfaces/interfaces/msg/detail/motors_order__rosidl_typesupport_introspection_c.h
[5.984s] -- Installing: /home/moad/VigiWheels/jetsonNano/ros2_ws/install/interfaces/include/interfaces/interfaces/msg/detail/ultrasonic__rosidl_typesupport_introspection_c.h
[5.984s] -- Installing: /home/moad/VigiWheels/jetsonNano/ros2_ws/install/interfaces/include/interfaces/interfaces/msg/detail/steering_calibration__rosidl_typesupport_introspection_c.h
[5.984s] -- Installing: /home/moad/VigiWheels/jetsonNano/ros2_ws/install/interfaces/include/interfaces/interfaces/msg/detail/gnss__type_support.c
[5.984s] -- Installing: /home/moad/VigiWheels/jetsonNano/ros2_ws/install/interfaces/include/interfaces/interfaces/msg/detail/motors_feedback__rosidl_typesupport_introspection_c.h
[5.984s] -- Installing: /home/moad/VigiWheels/jetsonNano/ros2_ws/install/interfaces/include/interfaces/interfaces/msg/detail/manometer_info__type_support.c
[5.984s] -- Installing: /home/moad/VigiWheels/jetsonNano/ros2_ws/install/interfaces/include/interfaces/interfaces/msg/detail/steering_calibration__type_support.c
[5.984s] -- Up-to-date: /home/moad/VigiWheels/jetsonNano/ros2_ws/install/interfaces/include/interfaces/interfaces/msg/rosidl_typesupport_introspection_c__visibility_control.h
[5.984s] -- Installing: /home/moad/VigiWheels/jetsonNano/ros2_ws/install/interfaces/lib/libinterfaces__rosidl_typesupport_introspection_c.so
[5.984s] -- Set runtime path of "/home/moad/VigiWheels/jetsonNano/ros2_ws/install/interfaces/lib/libinterfaces__rosidl_typesupport_introspection_c.so" to ""
[5.985s] -- Installing: /home/moad/VigiWheels/jetsonNano/ros2_ws/install/interfaces/lib/libinterfaces__rosidl_typesupport_c.so
[5.985s] -- Set runtime path of "/home/moad/VigiWheels/jetsonNano/ros2_ws/install/interfaces/lib/libinterfaces__rosidl_typesupport_c.so" to ""
[5.985s] -- Up-to-date: /home/moad/VigiWheels/jetsonNano/ros2_ws/install/interfaces/include/interfaces/interfaces
[5.985s] -- Up-to-date: /home/moad/VigiWheels/jetsonNano/ros2_ws/install/interfaces/include/interfaces/interfaces/msg
[5.985s] -- Up-to-date: /home/moad/VigiWheels/jetsonNano/ros2_ws/install/interfaces/include/interfaces/interfaces/msg/detail
[5.985s] -- Installing: /home/moad/VigiWheels/jetsonNano/ros2_ws/install/interfaces/include/interfaces/interfaces/msg/detail/general_data__rosidl_typesupport_introspection_cpp.hpp
[5.985s] -- Installing: /home/moad/VigiWheels/jetsonNano/ros2_ws/install/interfaces/include/interfaces/interfaces/msg/detail/ultrasonic__type_support.cpp
[5.985s] -- Installing: /home/moad/VigiWheels/jetsonNano/ros2_ws/install/interfaces/include/interfaces/interfaces/msg/detail/steering_calibration__type_support.cpp
[5.985s] -- Installing: /home/moad/VigiWheels/jetsonNano/ros2_ws/install/interfaces/include/interfaces/interfaces/msg/detail/joystick_order__type_support.cpp
[5.985s] -- Installing: /home/moad/VigiWheels/jetsonNano/ros2_ws/install/interfaces/include/interfaces/interfaces/msg/detail/motors_feedback__type_support.cpp
[5.985s] -- Installing: /home/moad/VigiWheels/jetsonNano/ros2_ws/install/interfaces/include/interfaces/interfaces/msg/detail/gnss__type_support.cpp
[5.985s] -- Installing: /home/moad/VigiWheels/jetsonNano/ros2_ws/install/interfaces/include/interfaces/interfaces/msg/detail/manometer_info__rosidl_typesupport_introspection_cpp.hpp
[5.985s] -- Installing: /home/moad/VigiWheels/jetsonNano/ros2_ws/install/interfaces/include/interfaces/interfaces/msg/detail/system_check__type_support.cpp
[5.985s] -- Installing: /home/moad/VigiWheels/jetsonNano/ros2_ws/install/interfaces/include/interfaces/interfaces/msg/detail/manometer_info__type_support.cpp
[5.985s] -- Installing: /home/moad/VigiWheels/jetsonNano/ros2_ws/install/interfaces/include/interfaces/interfaces/msg/detail/motors_feedback__rosidl_typesupport_introspection_cpp.hpp
[5.985s] -- Installing: /home/moad/VigiWheels/jetsonNano/ros2_ws/install/interfaces/include/interfaces/interfaces/msg/detail/steering_calibration__rosidl_typesupport_introspection_cpp.hpp
[5.986s] -- Installing: /home/moad/VigiWheels/jetsonNano/ros2_ws/install/interfaces/include/interfaces/interfaces/msg/detail/gnss__rosidl_typesupport_introspection_cpp.hpp
[5.986s] -- Installing: /home/moad/VigiWheels/jetsonNano/ros2_ws/install/interfaces/include/interfaces/interfaces/msg/detail/motors_order__rosidl_typesupport_introspection_cpp.hpp
[5.986s] -- Installing: /home/moad/VigiWheels/jetsonNano/ros2_ws/install/interfaces/include/interfaces/interfaces/msg/detail/system_check__rosidl_typesupport_introspection_cpp.hpp
[5.986s] -- Installing: /home/moad/VigiWheels/jetsonNano/ros2_ws/install/interfaces/include/interfaces/interfaces/msg/detail/general_data__type_support.cpp
[5.986s] -- Installing: /home/moad/VigiWheels/jetsonNano/ros2_ws/install/interfaces/include/interfaces/interfaces/msg/detail/ultrasonic__rosidl_typesupport_introspection_cpp.hpp
[5.986s] -- Installing: /home/moad/VigiWheels/jetsonNano/ros2_ws/install/interfaces/include/interfaces/interfaces/msg/detail/joystick_order__rosidl_typesupport_introspection_cpp.hpp
[5.986s] -- Installing: /home/moad/VigiWheels/jetsonNano/ros2_ws/install/interfaces/include/interfaces/interfaces/msg/detail/motors_order__type_support.cpp
[5.986s] -- Installing: /home/moad/VigiWheels/jetsonNano/ros2_ws/install/interfaces/lib/libinterfaces__rosidl_typesupport_introspection_cpp.so
[5.986s] -- Set runtime path of "/home/moad/VigiWheels/jetsonNano/ros2_ws/install/interfaces/lib/libinterfaces__rosidl_typesupport_introspection_cpp.so" to ""
[5.987s] -- Installing: /home/moad/VigiWheels/jetsonNano/ros2_ws/install/interfaces/lib/libinterfaces__rosidl_typesupport_cpp.so
[5.987s] -- Set runtime path of "/home/moad/VigiWheels/jetsonNano/ros2_ws/install/interfaces/lib/libinterfaces__rosidl_typesupport_cpp.so" to ""
[5.987s] -- Up-to-date: /home/moad/VigiWheels/jetsonNano/ros2_ws/install/interfaces/share/interfaces/environment/pythonpath.sh
[5.987s] -- Installing: /home/moad/VigiWheels/jetsonNano/ros2_ws/install/interfaces/share/interfaces/environment/pythonpath.dsv
[5.987s] -- Up-to-date: /home/moad/VigiWheels/jetsonNano/ros2_ws/install/interfaces/local/lib/python3.10/dist-packages/interfaces-0.0.0-py3.10.egg-info
[5.987s] -- Installing: /home/moad/VigiWheels/jetsonNano/ros2_ws/install/interfaces/local/lib/python3.10/dist-packages/interfaces-0.0.0-py3.10.egg-info/SOURCES.txt
[5.987s] -- Installing: /home/moad/VigiWheels/jetsonNano/ros2_ws/install/interfaces/local/lib/python3.10/dist-packages/interfaces-0.0.0-py3.10.egg-info/dependency_links.txt
[5.987s] -- Installing: /home/moad/VigiWheels/jetsonNano/ros2_ws/install/interfaces/local/lib/python3.10/dist-packages/interfaces-0.0.0-py3.10.egg-info/top_level.txt
[5.987s] -- Installing: /home/moad/VigiWheels/jetsonNano/ros2_ws/install/interfaces/local/lib/python3.10/dist-packages/interfaces-0.0.0-py3.10.egg-info/PKG-INFO
[5.987s] -- Up-to-date: /home/moad/VigiWheels/jetsonNano/ros2_ws/install/interfaces/local/lib/python3.10/dist-packages/interfaces
[5.988s] -- Installing: /home/moad/VigiWheels/jetsonNano/ros2_ws/install/interfaces/local/lib/python3.10/dist-packages/interfaces/interfaces_s__rosidl_typesupport_fastrtps_c.cpython-310-x86_64-linux-gnu.so
[5.988s] -- Installing: /home/moad/VigiWheels/jetsonNano/ros2_ws/install/interfaces/local/lib/python3.10/dist-packages/interfaces/_interfaces_s.ep.rosidl_typesupport_c.c
[5.988s] -- Installing: /home/moad/VigiWheels/jetsonNano/ros2_ws/install/interfaces/local/lib/python3.10/dist-packages/interfaces/interfaces_s__rosidl_typesupport_introspection_c.cpython-310-x86_64-linux-gnu.so
[5.988s] -- Installing: /home/moad/VigiWheels/jetsonNano/ros2_ws/install/interfaces/local/lib/python3.10/dist-packages/interfaces/_interfaces_s.ep.rosidl_typesupport_fastrtps_c.c
[5.988s] -- Installing: /home/moad/VigiWheels/jetsonNano/ros2_ws/install/interfaces/local/lib/python3.10/dist-packages/interfaces/_interfaces_s.ep.rosidl_typesupport_introspection_c.c
[5.988s] -- Up-to-date: /home/moad/VigiWheels/jetsonNano/ros2_ws/install/interfaces/local/lib/python3.10/dist-packages/interfaces/msg
[5.988s] -- Installing: /home/moad/VigiWheels/jetsonNano/ros2_ws/install/interfaces/local/lib/python3.10/dist-packages/interfaces/msg/_steering_calibration_s.c
[5.988s] -- Installing: /home/moad/VigiWheels/jetsonNano/ros2_ws/install/interfaces/local/lib/python3.10/dist-packages/interfaces/msg/_ultrasonic_s.c
[5.988s] -- Installing: /home/moad/VigiWheels/jetsonNano/ros2_ws/install/interfaces/local/lib/python3.10/dist-packages/interfaces/msg/_gnss_s.c
[5.988s] -- Installing: /home/moad/VigiWheels/jetsonNano/ros2_ws/install/interfaces/local/lib/python3.10/dist-packages/interfaces/msg/_motors_order_s.c
[5.988s] -- Installing: /home/moad/VigiWheels/jetsonNano/ros2_ws/install/interfaces/local/lib/python3.10/dist-packages/interfaces/msg/_general_data.py
[5.988s] -- Installing: /home/moad/VigiWheels/jetsonNano/ros2_ws/install/interfaces/local/lib/python3.10/dist-packages/interfaces/msg/_motors_feedback.py
[5.988s] -- Installing: /home/moad/VigiWheels/jetsonNano/ros2_ws/install/interfaces/local/lib/python3.10/dist-packages/interfaces/msg/_manometer_info.py
[5.988s] -- Installing: /home/moad/VigiWheels/jetsonNano/ros2_ws/install/interfaces/local/lib/python3.10/dist-packages/interfaces/msg/_system_check_s.c
[5.988s] -- Installing: /home/moad/VigiWheels/jetsonNano/ros2_ws/install/interfaces/local/lib/python3.10/dist-packages/interfaces/msg/_gnss.py
[5.988s] -- Installing: /home/moad/VigiWheels/jetsonNano/ros2_ws/install/interfaces/local/lib/python3.10/dist-packages/interfaces/msg/_ultrasonic.py
[5.988s] -- Installing: /home/moad/VigiWheels/jetsonNano/ros2_ws/install/interfaces/local/lib/python3.10/dist-packages/interfaces/msg/__init__.py
[5.988s] -- Installing: /home/moad/VigiWheels/jetsonNano/ros2_ws/install/interfaces/local/lib/python3.10/dist-packages/interfaces/msg/_joystick_order_s.c
[5.988s] -- Installing: /home/moad/VigiWheels/jetsonNano/ros2_ws/install/interfaces/local/lib/python3.10/dist-packages/interfaces/msg/_system_check.py
[5.988s] -- Installing: /home/moad/VigiWheels/jetsonNano/ros2_ws/install/interfaces/local/lib/python3.10/dist-packages/interfaces/msg/_motors_order.py
[5.988s] -- Installing: /home/moad/VigiWheels/jetsonNano/ros2_ws/install/interfaces/local/lib/python3.10/dist-packages/interfaces/msg/_motors_feedback_s.c
[5.989s] -- Installing: /home/moad/VigiWheels/jetsonNano/ros2_ws/install/interfaces/local/lib/python3.10/dist-packages/interfaces/msg/_joystick_order.py
[5.989s] -- Installing: /home/moad/VigiWheels/jetsonNano/ros2_ws/install/interfaces/local/lib/python3.10/dist-packages/interfaces/msg/_manometer_info_s.c
[5.989s] -- Installing: /home/moad/VigiWheels/jetsonNano/ros2_ws/install/interfaces/local/lib/python3.10/dist-packages/interfaces/msg/_general_data_s.c
[5.989s] -- Installing: /home/moad/VigiWheels/jetsonNano/ros2_ws/install/interfaces/local/lib/python3.10/dist-packages/interfaces/msg/_steering_calibration.py
[5.989s] -- Installing: /home/moad/VigiWheels/jetsonNano/ros2_ws/install/interfaces/local/lib/python3.10/dist-packages/interfaces/interfaces_s__rosidl_typesupport_c.cpython-310-x86_64-linux-gnu.so
[5.989s] -- Installing: /home/moad/VigiWheels/jetsonNano/ros2_ws/install/interfaces/local/lib/python3.10/dist-packages/interfaces/__init__.py
[5.989s] -- Installing: /home/moad/VigiWheels/jetsonNano/ros2_ws/install/interfaces/local/lib/python3.10/dist-packages/interfaces/libinterfaces__rosidl_generator_py.so
[6.022s] Listing '/home/moad/VigiWheels/jetsonNano/ros2_ws/install/interfaces/local/lib/python3.10/dist-packages/interfaces'...
[6.022s] Compiling '/home/moad/VigiWheels/jetsonNano/ros2_ws/install/interfaces/local/lib/python3.10/dist-packages/interfaces/__init__.py'...
[6.022s] Listing '/home/moad/VigiWheels/jetsonNano/ros2_ws/install/interfaces/local/lib/python3.10/dist-packages/interfaces/msg'...
[6.022s] Compiling '/home/moad/VigiWheels/jetsonNano/ros2_ws/install/interfaces/local/lib/python3.10/dist-packages/interfaces/msg/__init__.py'...
[6.022s] Compiling '/home/moad/VigiWheels/jetsonNano/ros2_ws/install/interfaces/local/lib/python3.10/dist-packages/interfaces/msg/_general_data.py'...
[6.022s] Compiling '/home/moad/VigiWheels/jetsonNano/ros2_ws/install/interfaces/local/lib/python3.10/dist-packages/interfaces/msg/_gnss.py'...
[6.022s] Compiling '/home/moad/VigiWheels/jetsonNano/ros2_ws/install/interfaces/local/lib/python3.10/dist-packages/interfaces/msg/_joystick_order.py'...
[6.022s] Compiling '/home/moad/VigiWheels/jetsonNano/ros2_ws/install/interfaces/local/lib/python3.10/dist-packages/interfaces/msg/_manometer_info.py'...
[6.022s] Compiling '/home/moad/VigiWheels/jetsonNano/ros2_ws/install/interfaces/local/lib/python3.10/dist-packages/interfaces/msg/_motors_feedback.py'...
[6.022s] Compiling '/home/moad/VigiWheels/jetsonNano/ros2_ws/install/interfaces/local/lib/python3.10/dist-packages/interfaces/msg/_motors_order.py'...
[6.022s] Compiling '/home/moad/VigiWheels/jetsonNano/ros2_ws/install/interfaces/local/lib/python3.10/dist-packages/interfaces/msg/_steering_calibration.py'...
[6.022s] Compiling '/home/moad/VigiWheels/jetsonNano/ros2_ws/install/interfaces/local/lib/python3.10/dist-packages/interfaces/msg/_system_check.py'...
[6.022s] Compiling '/home/moad/VigiWheels/jetsonNano/ros2_ws/install/interfaces/local/lib/python3.10/dist-packages/interfaces/msg/_ultrasonic.py'...
[6.026s] -- Installing: /home/moad/VigiWheels/jetsonNano/ros2_ws/install/interfaces/local/lib/python3.10/dist-packages/interfaces/interfaces_s__rosidl_typesupport_fastrtps_c.cpython-310-x86_64-linux-gnu.so
[6.026s] -- Set runtime path of "/home/moad/VigiWheels/jetsonNano/ros2_ws/install/interfaces/local/lib/python3.10/dist-packages/interfaces/interfaces_s__rosidl_typesupport_fastrtps_c.cpython-310-x86_64-linux-gnu.so" to ""
[6.026s] -- Installing: /home/moad/VigiWheels/jetsonNano/ros2_ws/install/interfaces/local/lib/python3.10/dist-packages/interfaces/interfaces_s__rosidl_typesupport_introspection_c.cpython-310-x86_64-linux-gnu.so
[6.026s] -- Set runtime path of "/home/moad/VigiWheels/jetsonNano/ros2_ws/install/interfaces/local/lib/python3.10/dist-packages/interfaces/interfaces_s__rosidl_typesupport_introspection_c.cpython-310-x86_64-linux-gnu.so" to ""
[6.026s] -- Installing: /home/moad/VigiWheels/jetsonNano/ros2_ws/install/interfaces/local/lib/python3.10/dist-packages/interfaces/interfaces_s__rosidl_typesupport_c.cpython-310-x86_64-linux-gnu.so
[6.026s] -- Set runtime path of "/home/moad/VigiWheels/jetsonNano/ros2_ws/install/interfaces/local/lib/python3.10/dist-packages/interfaces/interfaces_s__rosidl_typesupport_c.cpython-310-x86_64-linux-gnu.so" to ""
[6.026s] -- Installing: /home/moad/VigiWheels/jetsonNano/ros2_ws/install/interfaces/lib/libinterfaces__rosidl_generator_py.so
[6.026s] -- Set runtime path of "/home/moad/VigiWheels/jetsonNano/ros2_ws/install/interfaces/lib/libinterfaces__rosidl_generator_py.so" to ""
[6.027s] -- Up-to-date: /home/moad/VigiWheels/jetsonNano/ros2_ws/install/interfaces/share/interfaces/msg/JoystickOrder.idl
[6.027s] -- Up-to-date: /home/moad/VigiWheels/jetsonNano/ros2_ws/install/interfaces/share/interfaces/msg/MotorsOrder.idl
[6.027s] -- Up-to-date: /home/moad/VigiWheels/jetsonNano/ros2_ws/install/interfaces/share/interfaces/msg/MotorsFeedback.idl
[6.027s] -- Up-to-date: /home/moad/VigiWheels/jetsonNano/ros2_ws/install/interfaces/share/interfaces/msg/GeneralData.idl
[6.027s] -- Up-to-date: /home/moad/VigiWheels/jetsonNano/ros2_ws/install/interfaces/share/interfaces/msg/SteeringCalibration.idl
[6.027s] -- Up-to-date: /home/moad/VigiWheels/jetsonNano/ros2_ws/install/interfaces/share/interfaces/msg/Ultrasonic.idl
[6.027s] -- Up-to-date: /home/moad/VigiWheels/jetsonNano/ros2_ws/install/interfaces/share/interfaces/msg/Gnss.idl
[6.027s] -- Up-to-date: /home/moad/VigiWheels/jetsonNano/ros2_ws/install/interfaces/share/interfaces/msg/SystemCheck.idl
[6.027s] -- Installing: /home/moad/VigiWheels/jetsonNano/ros2_ws/install/interfaces/share/interfaces/msg/ManometerInfo.idl
[6.027s] -- Up-to-date: /home/moad/VigiWheels/jetsonNano/ros2_ws/install/interfaces/share/interfaces/msg/JoystickOrder.msg
[6.027s] -- Up-to-date: /home/moad/VigiWheels/jetsonNano/ros2_ws/install/interfaces/share/interfaces/msg/MotorsOrder.msg
[6.027s] -- Up-to-date: /home/moad/VigiWheels/jetsonNano/ros2_ws/install/interfaces/share/interfaces/msg/MotorsFeedback.msg
[6.027s] -- Up-to-date: /home/moad/VigiWheels/jetsonNano/ros2_ws/install/interfaces/share/interfaces/msg/GeneralData.msg
[6.027s] -- Up-to-date: /home/moad/VigiWheels/jetsonNano/ros2_ws/install/interfaces/share/interfaces/msg/SteeringCalibration.msg
[6.027s] -- Up-to-date: /home/moad/VigiWheels/jetsonNano/ros2_ws/install/interfaces/share/interfaces/msg/Ultrasonic.msg
[6.027s] -- Up-to-date: /home/moad/VigiWheels/jetsonNano/ros2_ws/install/interfaces/share/interfaces/msg/Gnss.msg
[6.027s] -- Up-to-date: /home/moad/VigiWheels/jetsonNano/ros2_ws/install/interfaces/share/interfaces/msg/SystemCheck.msg
[6.027s] -- Installing: /home/moad/VigiWheels/jetsonNano/ros2_ws/install/interfaces/share/interfaces/msg/ManometerInfo.msg
[6.027s] -- Up-to-date: /home/moad/VigiWheels/jetsonNano/ros2_ws/install/interfaces/share/ament_index/resource_index/package_run_dependencies/interfaces
[6.027s] -- Installing: /home/moad/VigiWheels/jetsonNano/ros2_ws/install/interfaces/share/ament_index/resource_index/parent_prefix_path/interfaces
[6.027s] -- Up-to-date: /home/moad/VigiWheels/jetsonNano/ros2_ws/install/interfaces/share/interfaces/environment/ament_prefix_path.sh
[6.027s] -- Installing: /home/moad/VigiWheels/jetsonNano/ros2_ws/install/interfaces/share/interfaces/environment/ament_prefix_path.dsv
[6.027s] -- Up-to-date: /home/moad/VigiWheels/jetsonNano/ros2_ws/install/interfaces/share/interfaces/environment/path.sh
[6.027s] -- Installing: /home/moad/VigiWheels/jetsonNano/ros2_ws/install/interfaces/share/interfaces/environment/path.dsv
[6.027s] -- Up-to-date: /home/moad/VigiWheels/jetsonNano/ros2_ws/install/interfaces/share/interfaces/local_setup.bash
[6.027s] -- Up-to-date: /home/moad/VigiWheels/jetsonNano/ros2_ws/install/interfaces/share/interfaces/local_setup.sh
[6.028s] -- Up-to-date: /home/moad/VigiWheels/jetsonNano/ros2_ws/install/interfaces/share/interfaces/local_setup.zsh
[6.028s] -- Installing: /home/moad/VigiWheels/jetsonNano/ros2_ws/install/interfaces/share/interfaces/local_setup.dsv
[6.028s] -- Installing: /home/moad/VigiWheels/jetsonNano/ros2_ws/install/interfaces/share/interfaces/package.dsv
[6.028s] -- Up-to-date: /home/moad/VigiWheels/jetsonNano/ros2_ws/install/interfaces/share/ament_index/resource_index/packages/interfaces
[6.028s] -- Up-to-date: /home/moad/VigiWheels/jetsonNano/ros2_ws/install/interfaces/share/interfaces/cmake/export_interfaces__rosidl_generator_cExport.cmake
[6.028s] -- Up-to-date: /home/moad/VigiWheels/jetsonNano/ros2_ws/install/interfaces/share/interfaces/cmake/export_interfaces__rosidl_generator_cExport-noconfig.cmake
[6.028s] -- Up-to-date: /home/moad/VigiWheels/jetsonNano/ros2_ws/install/interfaces/share/interfaces/cmake/export_interfaces__rosidl_typesupport_fastrtps_cExport.cmake
[6.028s] -- Up-to-date: /home/moad/VigiWheels/jetsonNano/ros2_ws/install/interfaces/share/interfaces/cmake/export_interfaces__rosidl_typesupport_fastrtps_cExport-noconfig.cmake
[6.028s] -- Up-to-date: /home/moad/VigiWheels/jetsonNano/ros2_ws/install/interfaces/share/interfaces/cmake/export_interfaces__rosidl_generator_cppExport.cmake
[6.028s] -- Up-to-date: /home/moad/VigiWheels/jetsonNano/ros2_ws/install/interfaces/share/interfaces/cmake/export_interfaces__rosidl_typesupport_fastrtps_cppExport.cmake
[6.028s] -- Up-to-date: /home/moad/VigiWheels/jetsonNano/ros2_ws/install/interfaces/share/interfaces/cmake/export_interfaces__rosidl_typesupport_fastrtps_cppExport-noconfig.cmake
[6.028s] -- Up-to-date: /home/moad/VigiWheels/jetsonNano/ros2_ws/install/interfaces/share/interfaces/cmake/interfaces__rosidl_typesupport_introspection_cExport.cmake
[6.028s] -- Up-to-date: /home/moad/VigiWheels/jetsonNano/ros2_ws/install/interfaces/share/interfaces/cmake/interfaces__rosidl_typesupport_introspection_cExport-noconfig.cmake
[6.028s] -- Up-to-date: /home/moad/VigiWheels/jetsonNano/ros2_ws/install/interfaces/share/interfaces/cmake/interfaces__rosidl_typesupport_cExport.cmake
[6.028s] -- Up-to-date: /home/moad/VigiWheels/jetsonNano/ros2_ws/install/interfaces/share/interfaces/cmake/interfaces__rosidl_typesupport_cExport-noconfig.cmake
[6.029s] -- Up-to-date: /home/moad/VigiWheels/jetsonNano/ros2_ws/install/interfaces/share/interfaces/cmake/interfaces__rosidl_typesupport_introspection_cppExport.cmake
[6.029s] -- Up-to-date: /home/moad/VigiWheels/jetsonNano/ros2_ws/install/interfaces/share/interfaces/cmake/interfaces__rosidl_typesupport_introspection_cppExport-noconfig.cmake
[6.029s] -- Up-to-date: /home/moad/VigiWheels/jetsonNano/ros2_ws/install/interfaces/share/interfaces/cmake/interfaces__rosidl_typesupport_cppExport.cmake
[6.029s] -- Up-to-date: /home/moad/VigiWheels/jetsonNano/ros2_ws/install/interfaces/share/interfaces/cmake/interfaces__rosidl_typesupport_cppExport-noconfig.cmake
[6.029s] -- Up-to-date: /home/moad/VigiWheels/jetsonNano/ros2_ws/install/interfaces/share/interfaces/cmake/export_interfaces__rosidl_generator_pyExport.cmake
[6.029s] -- Up-to-date: /home/moad/VigiWheels/jetsonNano/ros2_ws/install/interfaces/share/interfaces/cmake/export_interfaces__rosidl_generator_pyExport-noconfig.cmake
[6.029s] -- Installing: /home/moad/VigiWheels/jetsonNano/ros2_ws/install/interfaces/share/interfaces/cmake/rosidl_cmake-extras.cmake
[6.029s] -- Up-to-date: /home/moad/VigiWheels/jetsonNano/ros2_ws/install/interfaces/share/interfaces/cmake/ament_cmake_export_include_directories-extras.cmake
[6.029s] -- Up-to-date: /home/moad/VigiWheels/jetsonNano/ros2_ws/install/interfaces/share/interfaces/cmake/ament_cmake_export_libraries-extras.cmake
[6.029s] -- Up-to-date: /home/moad/VigiWheels/jetsonNano/ros2_ws/install/interfaces/share/interfaces/cmake/ament_cmake_export_targets-extras.cmake
[6.029s] -- Up-to-date: /home/moad/VigiWheels/jetsonNano/ros2_ws/install/interfaces/share/interfaces/cmake/rosidl_cmake_export_typesupport_targets-extras.cmake
[6.029s] -- Up-to-date: /home/moad/VigiWheels/jetsonNano/ros2_ws/install/interfaces/share/interfaces/cmake/ament_cmake_export_dependencies-extras.cmake
[6.029s] -- Up-to-date: /home/moad/VigiWheels/jetsonNano/ros2_ws/install/interfaces/share/interfaces/cmake/rosidl_cmake_export_typesupport_libraries-extras.cmake
[6.029s] -- Up-to-date: /home/moad/VigiWheels/jetsonNano/ros2_ws/install/interfaces/share/interfaces/cmake/interfacesConfig.cmake
[6.029s] -- Up-to-date: /home/moad/VigiWheels/jetsonNano/ros2_ws/install/interfaces/share/interfaces/cmake/interfacesConfig-version.cmake
[6.029s] -- Up-to-date: /home/moad/VigiWheels/jetsonNano/ros2_ws/install/interfaces/share/interfaces/package.xml
[6.031s] Invoked command in '/home/moad/VigiWheels/jetsonNano/ros2_ws/build/interfaces' returned '0': CMAKE_PREFIX_PATH=${CMAKE_PREFIX_PATH}:/home/moad/VigiWheels/jetsonNano/ros2_ws/src/install/manometer_detection:/home/moad/VigiWheels/jetsonNano/ros2_ws/install/manometer_detection:/home/moad/ros2_ws/install/my_robot_controller:/home/moad/ros2_ws/install/manometer_detection:/opt/ros/humble /usr/bin/cmake --install /home/moad/VigiWheels/jetsonNano/ros2_ws/build/interfaces
