[0.096s] Invoking command in '/home/moad/VigiWheels/jetsonNano/ros2_ws/build/usb_cam': CMAKE_PREFIX_PATH=/home/moad/ros2_ws/install/my_robot_controller:/home/moad/ros2_ws/install/manometer_detection:/opt/ros/humble /usr/bin/cmake --build /home/moad/VigiWheels/jetsonNano/ros2_ws/build/usb_cam -- -j12 -l12
[0.370s] [35m[1mConsolidate compiler generated dependencies of target usb_cam[0m
[0.370s] [35m[1mConsolidate compiler generated dependencies of target usb_cam_node_exe[0m
[0.371s] [ 33%] Built target usb_cam
[0.371s] [ 66%] Built target usb_cam_node_exe
[0.372s] [35m[1mConsolidate compiler generated dependencies of target usb_cam_node[0m
[0.372s] [100%] Built target usb_cam_node
[0.374s] Invoked command in '/home/moad/VigiWheels/jetsonNano/ros2_ws/build/usb_cam' returned '0': CMAKE_PREFIX_PATH=/home/moad/ros2_ws/install/my_robot_controller:/home/moad/ros2_ws/install/manometer_detection:/opt/ros/humble /usr/bin/cmake --build /home/moad/VigiWheels/jetsonNano/ros2_ws/build/usb_cam -- -j12 -l12
[0.407s] Invoking command in '/home/moad/VigiWheels/jetsonNano/ros2_ws/build/usb_cam': CMAKE_PREFIX_PATH=/home/moad/ros2_ws/install/my_robot_controller:/home/moad/ros2_ws/install/manometer_detection:/opt/ros/humble /usr/bin/cmake --install /home/moad/VigiWheels/jetsonNano/ros2_ws/build/usb_cam
[0.419s] -- Install configuration: ""
[0.419s] -- Up-to-date: /home/moad/VigiWheels/jetsonNano/ros2_ws/install/usb_cam/lib/usb_cam/usb_cam_node_exe
[0.419s] -- Up-to-date: /home/moad/VigiWheels/jetsonNano/ros2_ws/install/usb_cam/lib/usb_cam/show_image.py
[0.419s] -- Up-to-date: /home/moad/VigiWheels/jetsonNano/ros2_ws/install/usb_cam/include
[0.419s] -- Up-to-date: /home/moad/VigiWheels/jetsonNano/ros2_ws/install/usb_cam/include/usb_cam
[0.419s] -- Up-to-date: /home/moad/VigiWheels/jetsonNano/ros2_ws/install/usb_cam/include/usb_cam/usb_cam.hpp
[0.419s] -- Up-to-date: /home/moad/VigiWheels/jetsonNano/ros2_ws/install/usb_cam/include/usb_cam/usb_cam_node.hpp
[0.419s] -- Up-to-date: /home/moad/VigiWheels/jetsonNano/ros2_ws/install/usb_cam/include/usb_cam/usb_cam_utils.hpp
[0.419s] -- Up-to-date: /home/moad/VigiWheels/jetsonNano/ros2_ws/install/usb_cam/share/usb_cam/environment/library_path.sh
[0.419s] -- Up-to-date: /home/moad/VigiWheels/jetsonNano/ros2_ws/install/usb_cam/share/usb_cam/environment/library_path.dsv
[0.420s] -- Up-to-date: /home/moad/VigiWheels/jetsonNano/ros2_ws/install/usb_cam/lib/libusb_cam.so
[0.420s] -- Up-to-date: /home/moad/VigiWheels/jetsonNano/ros2_ws/install/usb_cam/lib/libusb_cam_node.so
[0.420s] -- Up-to-date: /home/moad/VigiWheels/jetsonNano/ros2_ws/install/usb_cam/share/usb_cam/launch
[0.421s] -- Up-to-date: /home/moad/VigiWheels/jetsonNano/ros2_ws/install/usb_cam/share/usb_cam/launch/demo_launch.py
[0.421s] -- Up-to-date: /home/moad/VigiWheels/jetsonNano/ros2_ws/install/usb_cam/share/usb_cam/config
[0.421s] -- Up-to-date: /home/moad/VigiWheels/jetsonNano/ros2_ws/install/usb_cam/share/usb_cam/config/camera_info.yaml
[0.421s] -- Up-to-date: /home/moad/VigiWheels/jetsonNano/ros2_ws/install/usb_cam/share/usb_cam/config/params.yaml
[0.421s] -- Up-to-date: /home/moad/VigiWheels/jetsonNano/ros2_ws/install/usb_cam/share/ament_index/resource_index/package_run_dependencies/usb_cam
[0.421s] -- Up-to-date: /home/moad/VigiWheels/jetsonNano/ros2_ws/install/usb_cam/share/ament_index/resource_index/parent_prefix_path/usb_cam
[0.421s] -- Up-to-date: /home/moad/VigiWheels/jetsonNano/ros2_ws/install/usb_cam/share/usb_cam/environment/ament_prefix_path.sh
[0.421s] -- Up-to-date: /home/moad/VigiWheels/jetsonNano/ros2_ws/install/usb_cam/share/usb_cam/environment/ament_prefix_path.dsv
[0.421s] -- Up-to-date: /home/moad/VigiWheels/jetsonNano/ros2_ws/install/usb_cam/share/usb_cam/environment/path.sh
[0.421s] -- Up-to-date: /home/moad/VigiWheels/jetsonNano/ros2_ws/install/usb_cam/share/usb_cam/environment/path.dsv
[0.422s] -- Up-to-date: /home/moad/VigiWheels/jetsonNano/ros2_ws/install/usb_cam/share/usb_cam/local_setup.bash
[0.422s] -- Up-to-date: /home/moad/VigiWheels/jetsonNano/ros2_ws/install/usb_cam/share/usb_cam/local_setup.sh
[0.422s] -- Up-to-date: /home/moad/VigiWheels/jetsonNano/ros2_ws/install/usb_cam/share/usb_cam/local_setup.zsh
[0.422s] -- Up-to-date: /home/moad/VigiWheels/jetsonNano/ros2_ws/install/usb_cam/share/usb_cam/local_setup.dsv
[0.422s] -- Installing: /home/moad/VigiWheels/jetsonNano/ros2_ws/install/usb_cam/share/usb_cam/package.dsv
[0.422s] -- Up-to-date: /home/moad/VigiWheels/jetsonNano/ros2_ws/install/usb_cam/share/ament_index/resource_index/packages/usb_cam
[0.422s] -- Up-to-date: /home/moad/VigiWheels/jetsonNano/ros2_ws/install/usb_cam/share/ament_index/resource_index/rclcpp_components/usb_cam
[0.422s] -- Up-to-date: /home/moad/VigiWheels/jetsonNano/ros2_ws/install/usb_cam/share/usb_cam/cmake/ament_cmake_export_dependencies-extras.cmake
[0.422s] -- Up-to-date: /home/moad/VigiWheels/jetsonNano/ros2_ws/install/usb_cam/share/usb_cam/cmake/ament_cmake_export_include_directories-extras.cmake
[0.422s] -- Up-to-date: /home/moad/VigiWheels/jetsonNano/ros2_ws/install/usb_cam/share/usb_cam/cmake/ament_cmake_export_libraries-extras.cmake
[0.423s] -- Up-to-date: /home/moad/VigiWheels/jetsonNano/ros2_ws/install/usb_cam/share/usb_cam/cmake/usb_camConfig.cmake
[0.423s] -- Up-to-date: /home/moad/VigiWheels/jetsonNano/ros2_ws/install/usb_cam/share/usb_cam/cmake/usb_camConfig-version.cmake
[0.423s] -- Up-to-date: /home/moad/VigiWheels/jetsonNano/ros2_ws/install/usb_cam/share/usb_cam/package.xml
[0.471s] Invoked command in '/home/moad/VigiWheels/jetsonNano/ros2_ws/build/usb_cam' returned '0': CMAKE_PREFIX_PATH=/home/moad/ros2_ws/install/my_robot_controller:/home/moad/ros2_ws/install/manometer_detection:/opt/ros/humble /usr/bin/cmake --install /home/moad/VigiWheels/jetsonNano/ros2_ws/build/usb_cam
