-- Install configuration: ""
-- Up-to-date: /home/insa/Desktop/VigiWheels2.0/raspberryPI3/ros2_ws/install/geicar_start/share/geicar_start/launch
-- Up-to-date: /home/insa/Desktop/VigiWheels2.0/raspberryPI3/ros2_ws/install/geicar_start/share/geicar_start/launch/__pycache__
-- Up-to-date: /home/insa/Desktop/VigiWheels2.0/raspberryPI3/ros2_ws/install/geicar_start/share/geicar_start/launch/__pycache__/geicar1.launch.cpython-310.pyc
-- Up-to-date: /home/insa/Desktop/VigiWheels2.0/raspberryPI3/ros2_ws/install/geicar_start/share/geicar_start/launch/__pycache__/geicar.launch.cpython-310.pyc
-- Up-to-date: /home/insa/Desktop/VigiWheels2.0/raspberryPI3/ros2_ws/install/geicar_start/share/geicar_start/launch/geicar.launch.py
-- Up-to-date: /home/insa/Desktop/VigiWheels2.0/raspberryPI3/ros2_ws/install/geicar_start/share/ament_index/resource_index/package_run_dependencies/geicar_start
-- Up-to-date: /home/insa/Desktop/VigiWheels2.0/raspberryPI3/ros2_ws/install/geicar_start/share/ament_index/resource_index/parent_prefix_path/geicar_start
-- Up-to-date: /home/insa/Desktop/VigiWheels2.0/raspberryPI3/ros2_ws/install/geicar_start/share/geicar_start/environment/ament_prefix_path.sh
-- Up-to-date: /home/insa/Desktop/VigiWheels2.0/raspberryPI3/ros2_ws/install/geicar_start/share/geicar_start/environment/ament_prefix_path.dsv
-- Up-to-date: /home/insa/Desktop/VigiWheels2.0/raspberryPI3/ros2_ws/install/geicar_start/share/geicar_start/environment/path.sh
-- Up-to-date: /home/insa/Desktop/VigiWheels2.0/raspberryPI3/ros2_ws/install/geicar_start/share/geicar_start/environment/path.dsv
-- Up-to-date: /home/insa/Desktop/VigiWheels2.0/raspberryPI3/ros2_ws/install/geicar_start/share/geicar_start/local_setup.bash
-- Up-to-date: /home/insa/Desktop/VigiWheels2.0/raspberryPI3/ros2_ws/install/geicar_start/share/geicar_start/local_setup.sh
-- Up-to-date: /home/insa/Desktop/VigiWheels2.0/raspberryPI3/ros2_ws/install/geicar_start/share/geicar_start/local_setup.zsh
-- Up-to-date: /home/insa/Desktop/VigiWheels2.0/raspberryPI3/ros2_ws/install/geicar_start/share/geicar_start/local_setup.dsv
-- Installing: /home/insa/Desktop/VigiWheels2.0/raspberryPI3/ros2_ws/install/geicar_start/share/geicar_start/package.dsv
-- Up-to-date: /home/insa/Desktop/VigiWheels2.0/raspberryPI3/ros2_ws/install/geicar_start/share/ament_index/resource_index/packages/geicar_start
-- Up-to-date: /home/insa/Desktop/VigiWheels2.0/raspberryPI3/ros2_ws/install/geicar_start/share/geicar_start/cmake/geicar_startConfig.cmake
-- Up-to-date: /home/insa/Desktop/VigiWheels2.0/raspberryPI3/ros2_ws/install/geicar_start/share/geicar_start/cmake/geicar_startConfig-version.cmake
-- Up-to-date: /home/insa/Desktop/VigiWheels2.0/raspberryPI3/ros2_ws/install/geicar_start/share/geicar_start/package.xml
