[0.049s] Invoking command in '/home/insa/Desktop/VigiWheels/raspberryPI3/ros2_ws/build/fire_detection': CMAKE_PREFIX_PATH=/home/insa/Desktop/VigiWheels/raspberryPI3/ros2_ws/install/interfaces:/home/insa/Desktop/VigiWheels/raspberryPI3/ros2_ws/install/fire_detection:/home/insa/ros2_ws/install/my_fire_pkg:/home/insa/ros2_ws/install/demo_sensor_pkg:/home/insa/ros2_ws/install/my_robot_interfaces:/home/insa/ros2_ws/install/my_cpp_pkg:/home/insa/ros2_ws/install/johann_cpp_pkg:/opt/ros/humble /usr/bin/cmake --build /home/insa/Desktop/VigiWheels/raspberryPI3/ros2_ws/build/fire_detection -- -j8 -l8
[0.077s] [35m[1mConsolidate compiler generated dependencies of target processing_data_fire_node[0m
[0.085s] [ 25%] [32mBuilding CXX object CMakeFiles/serial_reading_node.dir/src/serial_reading.cpp.o[0m
[0.088s] [ 50%] [32mBuilding CXX object CMakeFiles/processing_data_fire_node.dir/src/processing_data_fire.cpp.o[0m
[1.593s] [01m[K/home/insa/Desktop/VigiWheels/raspberryPI3/ros2_ws/src/fire_detection/src/processing_data_fire.cpp:97:68:[m[K [01;31m[Kerror: [m[Ktemplate argument 1 is invalid
[1.593s]    97 |     std::shared_ptr<rclcpp::Publisher<interfaces::msg::FireSensor> [01;31m[Kpublisher_processing_data[m[K;
[1.593s]       |                                                                    [01;31m[K^~~~~~~~~~~~~~~~~~~~~~~~~[m[K
[1.596s] [01m[K/home/insa/Desktop/VigiWheels/raspberryPI3/ros2_ws/src/fire_detection/src/serial_reading.cpp:161:68:[m[K [01;31m[Kerror: [m[Ktemplate argument 1 is invalid
[1.596s]   161 |     std::shared_ptr<rclcpp::Publisher<interfaces::msg::FireSensor> [01;31m[Kpublisher_serial_reading[m[K;
[1.596s]       |                                                                    [01;31m[K^~~~~~~~~~~~~~~~~~~~~~~~[m[K
[1.603s] [01m[K/home/insa/Desktop/VigiWheels/raspberryPI3/ros2_ws/src/fire_detection/src/serial_reading.cpp:[m[K In constructor ‘[01m[KSerialReadingNode::SerialReadingNode()[m[K’:
[1.603s] [01m[K/home/insa/Desktop/VigiWheels/raspberryPI3/ros2_ws/src/fire_detection/src/serial_reading.cpp:24:9:[m[K [01;31m[Kerror: [m[K‘[01m[Kpublisher_serial_reading[m[K’ was not declared in this scope; did you mean ‘[01m[Ktimer_serial_reading[m[K’?
[1.604s]    24 |         [01;31m[Kpublisher_serial_reading[m[K = this->create_publisher<interfaces::msg::FireSensor>("data_fire", 10);
[1.604s]       |         [01;31m[K^~~~~~~~~~~~~~~~~~~~~~~~[m[K
[1.604s]       |         [32m[Ktimer_serial_reading[m[K
[1.621s] [01m[K/home/insa/Desktop/VigiWheels/raspberryPI3/ros2_ws/src/fire_detection/src/serial_reading.cpp:[m[K In member function ‘[01m[Kint SerialReadingNode::serialCommunication()[m[K’:
[1.621s] [01m[K/home/insa/Desktop/VigiWheels/raspberryPI3/ros2_ws/src/fire_detection/src/serial_reading.cpp:149:17:[m[K [01;31m[Kerror: [m[K‘[01m[Kpublisher_serial_reading[m[K’ was not declared in this scope; did you mean ‘[01m[Ktimer_serial_reading[m[K’?
[1.621s]   149 |                 [01;31m[Kpublisher_serial_reading[m[K->publish(msg);
[1.621s]       |                 [01;31m[K^~~~~~~~~~~~~~~~~~~~~~~~[m[K
[1.621s]       |                 [32m[Ktimer_serial_reading[m[K
[1.633s] [01m[K/home/insa/Desktop/VigiWheels/raspberryPI3/ros2_ws/src/fire_detection/src/processing_data_fire.cpp:[m[K In constructor ‘[01m[KProcessingDataFireNode::ProcessingDataFireNode()[m[K’:
[1.633s] [01m[K/home/insa/Desktop/VigiWheels/raspberryPI3/ros2_ws/src/fire_detection/src/processing_data_fire.cpp:16:9:[m[K [01;31m[Kerror: [m[K‘[01m[Kpublisher_processing_data[m[K’ was not declared in this scope; did you mean ‘[01m[Ktimer_proccesing_data[m[K’?
[1.633s]    16 |         [01;31m[Kpublisher_processing_data[m[K = this->create_publisher<interfaces::msg::FireSensor>("data_fire", 10);
[1.633s]       |         [01;31m[K^~~~~~~~~~~~~~~~~~~~~~~~~[m[K
[1.634s]       |         [32m[Ktimer_proccesing_data[m[K
[1.636s] [01m[K/home/insa/Desktop/VigiWheels/raspberryPI3/ros2_ws/src/fire_detection/src/processing_data_fire.cpp:17:95:[m[K [01;31m[Kerror: [m[K‘[01m[KSerialReadingNode[m[K’ has not been declared
[1.636s]    17 |         timer_proccesing_data = this->create_wall_timer(std::chrono::milliseconds(250), bind(&[01;31m[KSerialReadingNode[m[K::serialCommunication, this));
[1.636s]       |                                                                                               [01;31m[K^~~~~~~~~~~~~~~~~[m[K
[2.088s] gmake[2]: *** [CMakeFiles/serial_reading_node.dir/build.make:76: CMakeFiles/serial_reading_node.dir/src/serial_reading.cpp.o] Error 1
[2.088s] gmake[1]: *** [CMakeFiles/Makefile2:139: CMakeFiles/serial_reading_node.dir/all] Error 2
[2.088s] gmake[1]: *** Waiting for unfinished jobs....
[3.232s] gmake[2]: *** [CMakeFiles/processing_data_fire_node.dir/build.make:76: CMakeFiles/processing_data_fire_node.dir/src/processing_data_fire.cpp.o] Error 1
[3.233s] gmake[1]: *** [CMakeFiles/Makefile2:165: CMakeFiles/processing_data_fire_node.dir/all] Error 2
[3.233s] gmake: *** [Makefile:146: all] Error 2
[3.234s] Invoked command in '/home/insa/Desktop/VigiWheels/raspberryPI3/ros2_ws/build/fire_detection' returned '2': CMAKE_PREFIX_PATH=/home/insa/Desktop/VigiWheels/raspberryPI3/ros2_ws/install/interfaces:/home/insa/Desktop/VigiWheels/raspberryPI3/ros2_ws/install/fire_detection:/home/insa/ros2_ws/install/my_fire_pkg:/home/insa/ros2_ws/install/demo_sensor_pkg:/home/insa/ros2_ws/install/my_robot_interfaces:/home/insa/ros2_ws/install/my_cpp_pkg:/home/insa/ros2_ws/install/johann_cpp_pkg:/opt/ros/humble /usr/bin/cmake --build /home/insa/Desktop/VigiWheels/raspberryPI3/ros2_ws/build/fire_detection -- -j8 -l8
