[35m[1mConsolidate compiler generated dependencies of target serial_writing_node[0m
[35m[1mConsolidate compiler generated dependencies of target serial_reading_node[0m
[ 50%] Built target serial_reading_node
[ 75%] [32mBuilding CXX object CMakeFiles/serial_writing_node.dir/src/serial_writing.cpp.o[0m
[100%] [32m[1mLinking CXX executable serial_writing_node[0m
[100%] Built target serial_writing_node
-- Install configuration: ""
-- Up-to-date: /home/insa/Desktop/VigiWheels2.0/raspberryPI3/ros2_ws/install/uart/lib/uart/serial_reading_node
-- Installing: /home/insa/Desktop/VigiWheels2.0/raspberryPI3/ros2_ws/install/uart/lib/uart/serial_writing_node
-- Set runtime path of "/home/insa/Desktop/VigiWheels2.0/raspberryPI3/ros2_ws/install/uart/lib/uart/serial_writing_node" to ""
-- Up-to-date: /home/insa/Desktop/VigiWheels2.0/raspberryPI3/ros2_ws/install/uart/share/ament_index/resource_index/package_run_dependencies/uart
-- Up-to-date: /home/insa/Desktop/VigiWheels2.0/raspberryPI3/ros2_ws/install/uart/share/ament_index/resource_index/parent_prefix_path/uart
-- Up-to-date: /home/insa/Desktop/VigiWheels2.0/raspberryPI3/ros2_ws/install/uart/share/uart/environment/ament_prefix_path.sh
-- Up-to-date: /home/insa/Desktop/VigiWheels2.0/raspberryPI3/ros2_ws/install/uart/share/uart/environment/ament_prefix_path.dsv
-- Up-to-date: /home/insa/Desktop/VigiWheels2.0/raspberryPI3/ros2_ws/install/uart/share/uart/environment/path.sh
-- Up-to-date: /home/insa/Desktop/VigiWheels2.0/raspberryPI3/ros2_ws/install/uart/share/uart/environment/path.dsv
-- Up-to-date: /home/insa/Desktop/VigiWheels2.0/raspberryPI3/ros2_ws/install/uart/share/uart/local_setup.bash
-- Up-to-date: /home/insa/Desktop/VigiWheels2.0/raspberryPI3/ros2_ws/install/uart/share/uart/local_setup.sh
-- Up-to-date: /home/insa/Desktop/VigiWheels2.0/raspberryPI3/ros2_ws/install/uart/share/uart/local_setup.zsh
-- Up-to-date: /home/insa/Desktop/VigiWheels2.0/raspberryPI3/ros2_ws/install/uart/share/uart/local_setup.dsv
-- Installing: /home/insa/Desktop/VigiWheels2.0/raspberryPI3/ros2_ws/install/uart/share/uart/package.dsv
-- Up-to-date: /home/insa/Desktop/VigiWheels2.0/raspberryPI3/ros2_ws/install/uart/share/ament_index/resource_index/packages/uart
-- Up-to-date: /home/insa/Desktop/VigiWheels2.0/raspberryPI3/ros2_ws/install/uart/share/uart/cmake/uartConfig.cmake
-- Up-to-date: /home/insa/Desktop/VigiWheels2.0/raspberryPI3/ros2_ws/install/uart/share/uart/cmake/uartConfig-version.cmake
-- Up-to-date: /home/insa/Desktop/VigiWheels2.0/raspberryPI3/ros2_ws/install/uart/share/uart/package.xml
